<?xml version="1.0" encoding="UTF-8"?>
<testsuite xmlns:xsi="http://www.w3.org/2001/XMLSchema-instance" xsi:noNamespaceSchemaLocation="https://maven.apache.org/surefire/maven-failsafe-plugin/xsd/failsafe-test-report-3.0.xsd" version="3.0" name="Run.PracticaRunTest" time="47.678" tests="4" errors="0" skipped="0" failures="1">
  <properties>
    <property name="java.specification.version" value="19"/>
    <property name="webdriver.chrome.driver" value="C:\Users\doprsama\.cache\selenium\chromedriver\win32\108.0.5359.71\chromedriver.exe"/>
    <property name="sun.cpu.isalist" value="amd64"/>
    <property name="sun.jnu.encoding" value="Cp1252"/>
    <property name="java.class.path" value="C:\Users\doprsama\eclipse-workspace\PracticaCompleta\target\test-classes;C:\Users\doprsama\.m2\repository\net\serenity-bdd\serenity-core\3.3.4\serenity-core-3.3.4.jar;C:\Users\doprsama\.m2\repository\net\serenity-bdd\serenity-model\3.3.4\serenity-model-3.3.4.jar;C:\Users\doprsama\.m2\repository\org\apache\commons\commons-text\1.9\commons-text-1.9.jar;C:\Users\doprsama\.m2\repository\commons-net\commons-net\3.8.0\commons-net-3.8.0.jar;C:\Users\doprsama\.m2\repository\com\google\guava\guava\31.1-jre\guava-31.1-jre.jar;C:\Users\doprsama\.m2\repository\com\google\guava\failureaccess\1.0.1\failureaccess-1.0.1.jar;C:\Users\doprsama\.m2\repository\com\google\guava\listenablefuture\9999.0-empty-to-avoid-conflict-with-guava\listenablefuture-9999.0-empty-to-avoid-conflict-with-guava.jar;C:\Users\doprsama\.m2\repository\com\google\code\findbugs\jsr305\3.0.2\jsr305-3.0.2.jar;C:\Users\doprsama\.m2\repository\org\checkerframework\checker-qual\3.12.0\checker-qual-3.12.0.jar;C:\Users\doprsama\.m2\repository\com\google\errorprone\error_prone_annotations\2.11.0\error_prone_annotations-2.11.0.jar;C:\Users\doprsama\.m2\repository\com\google\j2objc\j2objc-annotations\1.3\j2objc-annotations-1.3.jar;C:\Users\doprsama\.m2\repository\com\google\inject\guice\5.1.0\guice-5.1.0.jar;C:\Users\doprsama\.m2\repository\javax\inject\javax.inject\1\javax.inject-1.jar;C:\Users\doprsama\.m2\repository\aopalliance\aopalliance\1.0\aopalliance-1.0.jar;C:\Users\doprsama\.m2\repository\org\jsoup\jsoup\1.14.3\jsoup-1.14.3.jar;C:\Users\doprsama\.m2\repository\com\thoughtworks\xstream\xstream\1.4.19\xstream-1.4.19.jar;C:\Users\doprsama\.m2\repository\io\github\x-stream\mxparser\1.2.2\mxparser-1.2.2.jar;C:\Users\doprsama\.m2\repository\xmlpull\xmlpull\1.1.3.1\xmlpull-1.1.3.1.jar;C:\Users\doprsama\.m2\repository\com\typesafe\config\1.4.2\config-1.4.2.jar;C:\Users\doprsama\.m2\repository\org\imgscalr\imgscalr-lib\4.2\imgscalr-lib-4.2.jar;C:\Users\doprsama\.m2\repository\org\awaitility\awaitility\4.2.0\awaitility-4.2.0.jar;C:\Users\doprsama\.m2\repository\org\freemarker\freemarker\2.3.31\freemarker-2.3.31.jar;C:\Users\doprsama\.m2\repository\io\github\classgraph\classgraph\4.8.138\classgraph-4.8.138.jar;C:\Users\doprsama\.m2\repository\net\sourceforge\jexcelapi\jxl\2.6.12\jxl-2.6.12.jar;C:\Users\doprsama\.m2\repository\net\bytebuddy\byte-buddy-agent\1.12.12\byte-buddy-agent-1.12.12.jar;C:\Users\doprsama\.m2\repository\org\objenesis\objenesis\3.1\objenesis-3.1.jar;C:\Users\doprsama\.m2\repository\net\serenity-bdd\serenity-reports\3.3.4\serenity-reports-3.3.4.jar;C:\Users\doprsama\.m2\repository\net\serenity-bdd\serenity-stats\3.3.4\serenity-stats-3.3.4.jar;C:\Users\doprsama\.m2\repository\net\serenity-bdd\serenity-reports-configuration\3.3.4\serenity-reports-configuration-3.3.4.jar;C:\Users\doprsama\.m2\repository\com\vladsch\flexmark\flexmark-all\0.34.30\flexmark-all-0.34.30.jar;C:\Users\doprsama\.m2\repository\com\vladsch\flexmark\flexmark\0.34.30\flexmark-0.34.30.jar;C:\Users\doprsama\.m2\repository\com\vladsch\flexmark\flexmark-ext-abbreviation\0.34.30\flexmark-ext-abbreviation-0.34.30.jar;C:\Users\doprsama\.m2\repository\com\vladsch\flexmark\flexmark-ext-admonition\0.34.30\flexmark-ext-admonition-0.34.30.jar;C:\Users\doprsama\.m2\repository\com\vladsch\flexmark\flexmark-ext-anchorlink\0.34.30\flexmark-ext-anchorlink-0.34.30.jar;C:\Users\doprsama\.m2\repository\com\vladsch\flexmark\flexmark-ext-aside\0.34.30\flexmark-ext-aside-0.34.30.jar;C:\Users\doprsama\.m2\repository\com\vladsch\flexmark\flexmark-ext-attributes\0.34.30\flexmark-ext-attributes-0.34.30.jar;C:\Users\doprsama\.m2\repository\com\vladsch\flexmark\flexmark-ext-autolink\0.34.30\flexmark-ext-autolink-0.34.30.jar;C:\Users\doprsama\.m2\repository\org\nibor\autolink\autolink\0.6.0\autolink-0.6.0.jar;C:\Users\doprsama\.m2\repository\com\vladsch\flexmark\flexmark-ext-definition\0.34.30\flexmark-ext-definition-0.34.30.jar;C:\Users\doprsama\.m2\repository\com\vladsch\flexmark\flexmark-ext-emoji\0.34.30\flexmark-ext-emoji-0.34.30.jar;C:\Users\doprsama\.m2\repository\com\vladsch\flexmark\flexmark-ext-enumerated-reference\0.34.30\flexmark-ext-enumerated-reference-0.34.30.jar;C:\Users\doprsama\.m2\repository\com\vladsch\flexmark\flexmark-ext-escaped-character\0.34.30\flexmark-ext-escaped-character-0.34.30.jar;C:\Users\doprsama\.m2\repository\com\vladsch\flexmark\flexmark-ext-footnotes\0.34.30\flexmark-ext-footnotes-0.34.30.jar;C:\Users\doprsama\.m2\repository\com\vladsch\flexmark\flexmark-ext-gfm-issues\0.34.30\flexmark-ext-gfm-issues-0.34.30.jar;C:\Users\doprsama\.m2\repository\com\vladsch\flexmark\flexmark-ext-gfm-strikethrough\0.34.30\flexmark-ext-gfm-strikethrough-0.34.30.jar;C:\Users\doprsama\.m2\repository\com\vladsch\flexmark\flexmark-ext-gfm-tables\0.34.30\flexmark-ext-gfm-tables-0.34.30.jar;C:\Users\doprsama\.m2\repository\com\vladsch\flexmark\flexmark-ext-gfm-tasklist\0.34.30\flexmark-ext-gfm-tasklist-0.34.30.jar;C:\Users\doprsama\.m2\repository\com\vladsch\flexmark\flexmark-ext-gfm-users\0.34.30\flexmark-ext-gfm-users-0.34.30.jar;C:\Users\doprsama\.m2\repository\com\vladsch\flexmark\flexmark-ext-gitlab\0.34.30\flexmark-ext-gitlab-0.34.30.jar;C:\Users\doprsama\.m2\repository\com\vladsch\flexmark\flexmark-ext-jekyll-front-matter\0.34.30\flexmark-ext-jekyll-front-matter-0.34.30.jar;C:\Users\doprsama\.m2\repository\com\vladsch\flexmark\flexmark-ext-jekyll-tag\0.34.30\flexmark-ext-jekyll-tag-0.34.30.jar;C:\Users\doprsama\.m2\repository\com\vladsch\flexmark\flexmark-ext-media-tags\0.34.30\flexmark-ext-media-tags-0.34.30.jar;C:\Users\doprsama\.m2\repository\com\vladsch\flexmark\flexmark-test-util\0.34.30\flexmark-test-util-0.34.30.jar;C:\Users\doprsama\.m2\repository\com\vladsch\flexmark\flexmark-ext-ins\0.34.30\flexmark-ext-ins-0.34.30.jar;C:\Users\doprsama\.m2\repository\com\vladsch\flexmark\flexmark-ext-xwiki-macros\0.34.30\flexmark-ext-xwiki-macros-0.34.30.jar;C:\Users\doprsama\.m2\repository\com\vladsch\flexmark\flexmark-ext-superscript\0.34.30\flexmark-ext-superscript-0.34.30.jar;C:\Users\doprsama\.m2\repository\com\vladsch\flexmark\flexmark-ext-tables\0.34.30\flexmark-ext-tables-0.34.30.jar;C:\Users\doprsama\.m2\repository\com\vladsch\flexmark\flexmark-ext-toc\0.34.30\flexmark-ext-toc-0.34.30.jar;C:\Users\doprsama\.m2\repository\com\vladsch\flexmark\flexmark-ext-typographic\0.34.30\flexmark-ext-typographic-0.34.30.jar;C:\Users\doprsama\.m2\repository\com\vladsch\flexmark\flexmark-ext-wikilink\0.34.30\flexmark-ext-wikilink-0.34.30.jar;C:\Users\doprsama\.m2\repository\com\vladsch\flexmark\flexmark-ext-yaml-front-matter\0.34.30\flexmark-ext-yaml-front-matter-0.34.30.jar;C:\Users\doprsama\.m2\repository\com\vladsch\flexmark\flexmark-ext-youtube-embedded\0.34.30\flexmark-ext-youtube-embedded-0.34.30.jar;C:\Users\doprsama\.m2\repository\com\vladsch\flexmark\flexmark-formatter\0.34.30\flexmark-formatter-0.34.30.jar;C:\Users\doprsama\.m2\repository\com\vladsch\flexmark\flexmark-html-parser\0.34.30\flexmark-html-parser-0.34.30.jar;C:\Users\doprsama\.m2\repository\com\vladsch\flexmark\flexmark-jira-converter\0.34.30\flexmark-jira-converter-0.34.30.jar;C:\Users\doprsama\.m2\repository\com\vladsch\flexmark\flexmark-pdf-converter\0.34.30\flexmark-pdf-converter-0.34.30.jar;C:\Users\doprsama\.m2\repository\com\openhtmltopdf\openhtmltopdf-core\0.0.1-RC13\openhtmltopdf-core-0.0.1-RC13.jar;C:\Users\doprsama\.m2\repository\com\openhtmltopdf\openhtmltopdf-pdfbox\0.0.1-RC13\openhtmltopdf-pdfbox-0.0.1-RC13.jar;C:\Users\doprsama\.m2\repository\org\apache\pdfbox\pdfbox\2.0.8\pdfbox-2.0.8.jar;C:\Users\doprsama\.m2\repository\org\apache\pdfbox\fontbox\2.0.8\fontbox-2.0.8.jar;C:\Users\doprsama\.m2\repository\org\apache\pdfbox\xmpbox\2.0.8\xmpbox-2.0.8.jar;C:\Users\doprsama\.m2\repository\de\rototor\pdfbox\graphics2d\0.12\graphics2d-0.12.jar;C:\Users\doprsama\.m2\repository\com\openhtmltopdf\openhtmltopdf-rtl-support\0.0.1-RC13\openhtmltopdf-rtl-support-0.0.1-RC13.jar;C:\Users\doprsama\.m2\repository\com\ibm\icu\icu4j\59.1\icu4j-59.1.jar;C:\Users\doprsama\.m2\repository\com\openhtmltopdf\openhtmltopdf-jsoup-dom-converter\0.0.1-RC13\openhtmltopdf-jsoup-dom-converter-0.0.1-RC13.jar;C:\Users\doprsama\.m2\repository\com\vladsch\flexmark\flexmark-profile-pegdown\0.34.30\flexmark-profile-pegdown-0.34.30.jar;C:\Users\doprsama\.m2\repository\com\vladsch\flexmark\flexmark-util\0.34.30\flexmark-util-0.34.30.jar;C:\Users\doprsama\.m2\repository\com\vladsch\flexmark\flexmark-youtrack-converter\0.34.30\flexmark-youtrack-converter-0.34.30.jar;C:\Users\doprsama\.m2\repository\es\nitaur\markdown\txtmark\0.16\txtmark-0.16.jar;C:\Users\doprsama\.m2\repository\net\serenity-bdd\serenity-report-resources\3.3.4\serenity-report-resources-3.3.4.jar;C:\Users\doprsama\.m2\repository\com\google\code\gson\gson\2.9.0\gson-2.9.0.jar;C:\Users\doprsama\.m2\repository\com\fasterxml\jackson\core\jackson-core\2.13.3\jackson-core-2.13.3.jar;C:\Users\doprsama\.m2\repository\com\fasterxml\jackson\core\jackson-databind\2.13.3\jackson-databind-2.13.3.jar;C:\Users\doprsama\.m2\repository\com\fasterxml\jackson\core\jackson-annotations\2.13.3\jackson-annotations-2.13.3.jar;C:\Users\doprsama\.m2\repository\commons-codec\commons-codec\1.15\commons-codec-1.15.jar;C:\Users\doprsama\.m2\repository\commons-io\commons-io\2.11.0\commons-io-2.11.0.jar;C:\Users\doprsama\.m2\repository\org\apache\httpcomponents\httpclient\4.5.13\httpclient-4.5.13.jar;C:\Users\doprsama\.m2\repository\org\apache\httpcomponents\httpcore\4.4.13\httpcore-4.4.13.jar;C:\Users\doprsama\.m2\repository\commons-logging\commons-logging\1.2\commons-logging-1.2.jar;C:\Users\doprsama\.m2\repository\org\seleniumhq\selenium\selenium-java\4.4.0\selenium-java-4.4.0.jar;C:\Users\doprsama\.m2\repository\org\seleniumhq\selenium\selenium-devtools-v102\4.4.0\selenium-devtools-v102-4.4.0.jar;C:\Users\doprsama\.m2\repository\org\seleniumhq\selenium\selenium-devtools-v103\4.4.0\selenium-devtools-v103-4.4.0.jar;C:\Users\doprsama\.m2\repository\org\seleniumhq\selenium\selenium-devtools-v104\4.4.0\selenium-devtools-v104-4.4.0.jar;C:\Users\doprsama\.m2\repository\org\seleniumhq\selenium\selenium-devtools-v85\4.4.0\selenium-devtools-v85-4.4.0.jar;C:\Users\doprsama\.m2\repository\org\seleniumhq\selenium\selenium-opera-driver\4.4.0\selenium-opera-driver-4.4.0.jar;C:\Users\doprsama\.m2\repository\org\seleniumhq\selenium\selenium-remote-driver\4.4.0\selenium-remote-driver-4.4.0.jar;C:\Users\doprsama\.m2\repository\com\beust\jcommander\1.82\jcommander-1.82.jar;C:\Users\doprsama\.m2\repository\io\netty\netty-buffer\4.1.78.Final\netty-buffer-4.1.78.Final.jar;C:\Users\doprsama\.m2\repository\io\netty\netty-codec-http\4.1.78.Final\netty-codec-http-4.1.78.Final.jar;C:\Users\doprsama\.m2\repository\io\netty\netty-codec\4.1.78.Final\netty-codec-4.1.78.Final.jar;C:\Users\doprsama\.m2\repository\io\netty\netty-handler\4.1.78.Final\netty-handler-4.1.78.Final.jar;C:\Users\doprsama\.m2\repository\io\netty\netty-common\4.1.78.Final\netty-common-4.1.78.Final.jar;C:\Users\doprsama\.m2\repository\io\netty\netty-transport-classes-epoll\4.1.78.Final\netty-transport-classes-epoll-4.1.78.Final.jar;C:\Users\doprsama\.m2\repository\io\netty\netty-transport-classes-kqueue\4.1.78.Final\netty-transport-classes-kqueue-4.1.78.Final.jar;C:\Users\doprsama\.m2\repository\io\netty\netty-transport-native-epoll\4.1.78.Final\netty-transport-native-epoll-4.1.78.Final.jar;C:\Users\doprsama\.m2\repository\io\netty\netty-transport-native-kqueue\4.1.78.Final\netty-transport-native-kqueue-4.1.78.Final.jar;C:\Users\doprsama\.m2\repository\io\netty\netty-transport-native-unix-common\4.1.78.Final\netty-transport-native-unix-common-4.1.78.Final.jar;C:\Users\doprsama\.m2\repository\io\netty\netty-transport\4.1.78.Final\netty-transport-4.1.78.Final.jar;C:\Users\doprsama\.m2\repository\io\netty\netty-resolver\4.1.78.Final\netty-resolver-4.1.78.Final.jar;C:\Users\doprsama\.m2\repository\io\opentelemetry\opentelemetry-api\1.16.0\opentelemetry-api-1.16.0.jar;C:\Users\doprsama\.m2\repository\io\opentelemetry\opentelemetry-context\1.16.0\opentelemetry-context-1.16.0.jar;C:\Users\doprsama\.m2\repository\io\opentelemetry\opentelemetry-exporter-logging\1.16.0\opentelemetry-exporter-logging-1.16.0.jar;C:\Users\doprsama\.m2\repository\io\opentelemetry\opentelemetry-sdk-metrics\1.16.0\opentelemetry-sdk-metrics-1.16.0.jar;C:\Users\doprsama\.m2\repository\io\opentelemetry\opentelemetry-sdk-logs\1.16.0-alpha\opentelemetry-sdk-logs-1.16.0-alpha.jar;C:\Users\doprsama\.m2\repository\io\opentelemetry\opentelemetry-sdk-common\1.16.0\opentelemetry-sdk-common-1.16.0.jar;C:\Users\doprsama\.m2\repository\io\opentelemetry\opentelemetry-sdk-extension-autoconfigure-spi\1.16.0\opentelemetry-sdk-extension-autoconfigure-spi-1.16.0.jar;C:\Users\doprsama\.m2\repository\io\opentelemetry\opentelemetry-sdk-extension-autoconfigure\1.16.0-alpha\opentelemetry-sdk-extension-autoconfigure-1.16.0-alpha.jar;C:\Users\doprsama\.m2\repository\io\opentelemetry\opentelemetry-sdk-trace\1.16.0\opentelemetry-sdk-trace-1.16.0.jar;C:\Users\doprsama\.m2\repository\io\opentelemetry\opentelemetry-sdk\1.16.0\opentelemetry-sdk-1.16.0.jar;C:\Users\doprsama\.m2\repository\io\opentelemetry\opentelemetry-semconv\1.16.0-alpha\opentelemetry-semconv-1.16.0-alpha.jar;C:\Users\doprsama\.m2\repository\io\ous\jtoml\2.0.0\jtoml-2.0.0.jar;C:\Users\doprsama\.m2\repository\org\apache\commons\commons-exec\1.3\commons-exec-1.3.jar;C:\Users\doprsama\.m2\repository\org\asynchttpclient\async-http-client\2.12.3\async-http-client-2.12.3.jar;C:\Users\doprsama\.m2\repository\org\asynchttpclient\async-http-client-netty-utils\2.12.3\async-http-client-netty-utils-2.12.3.jar;C:\Users\doprsama\.m2\repository\io\netty\netty-codec-socks\4.1.60.Final\netty-codec-socks-4.1.60.Final.jar;C:\Users\doprsama\.m2\repository\io\netty\netty-handler-proxy\4.1.60.Final\netty-handler-proxy-4.1.60.Final.jar;C:\Users\doprsama\.m2\repository\io\netty\netty-transport-native-epoll\4.1.60.Final\netty-transport-native-epoll-4.1.60.Final-linux-x86_64.jar;C:\Users\doprsama\.m2\repository\io\netty\netty-transport-native-kqueue\4.1.60.Final\netty-transport-native-kqueue-4.1.60.Final-osx-x86_64.jar;C:\Users\doprsama\.m2\repository\org\reactivestreams\reactive-streams\1.0.3\reactive-streams-1.0.3.jar;C:\Users\doprsama\.m2\repository\com\typesafe\netty\netty-reactive-streams\2.0.4\netty-reactive-streams-2.0.4.jar;C:\Users\doprsama\.m2\repository\org\seleniumhq\selenium\selenium-http\4.4.0\selenium-http-4.4.0.jar;C:\Users\doprsama\.m2\repository\dev\failsafe\failsafe\3.2.4\failsafe-3.2.4.jar;C:\Users\doprsama\.m2\repository\org\seleniumhq\selenium\selenium-safari-driver\4.4.0\selenium-safari-driver-4.4.0.jar;C:\Users\doprsama\.m2\repository\org\seleniumhq\selenium\selenium-api\4.4.0\selenium-api-4.4.0.jar;C:\Users\doprsama\.m2\repository\org\seleniumhq\selenium\selenium-support\4.4.0\selenium-support-4.4.0.jar;C:\Users\doprsama\.m2\repository\com\google\auto\service\auto-service-annotations\1.0.1\auto-service-annotations-1.0.1.jar;C:\Users\doprsama\.m2\repository\com\google\auto\service\auto-service\1.0.1\auto-service-1.0.1.jar;C:\Users\doprsama\.m2\repository\com\google\auto\auto-common\1.2\auto-common-1.2.jar;C:\Users\doprsama\.m2\repository\org\seleniumhq\selenium\selenium-json\4.4.0\selenium-json-4.4.0.jar;C:\Users\doprsama\.m2\repository\org\seleniumhq\selenium\selenium-chrome-driver\4.4.0\selenium-chrome-driver-4.4.0.jar;C:\Users\doprsama\.m2\repository\org\seleniumhq\selenium\selenium-chromium-driver\4.4.0\selenium-chromium-driver-4.4.0.jar;C:\Users\doprsama\.m2\repository\org\seleniumhq\selenium\selenium-firefox-driver\4.4.0\selenium-firefox-driver-4.4.0.jar;C:\Users\doprsama\.m2\repository\org\seleniumhq\selenium\selenium-edge-driver\4.4.0\selenium-edge-driver-4.4.0.jar;C:\Users\doprsama\.m2\repository\org\seleniumhq\selenium\selenium-ie-driver\4.4.0\selenium-ie-driver-4.4.0.jar;C:\Users\doprsama\.m2\repository\org\projectlombok\lombok\1.18.20\lombok-1.18.20.jar;C:\Users\doprsama\.m2\repository\io\appium\java-client\8.1.1\java-client-8.1.1.jar;C:\Users\doprsama\.m2\repository\commons-validator\commons-validator\1.7\commons-validator-1.7.jar;C:\Users\doprsama\.m2\repository\commons-digester\commons-digester\2.1\commons-digester-2.1.jar;C:\Users\doprsama\.m2\repository\org\apache\groovy\groovy\4.0.1\groovy-4.0.1.jar;C:\Users\doprsama\.m2\repository\net\sf\opencsv\opencsv\2.0\opencsv-2.0.jar;C:\Users\doprsama\.m2\repository\commons-beanutils\commons-beanutils\1.9.4\commons-beanutils-1.9.4.jar;C:\Users\doprsama\.m2\repository\org\apache\commons\commons-lang3\3.12.0\commons-lang3-3.12.0.jar;C:\Users\doprsama\.m2\repository\commons-collections\commons-collections\3.2.2\commons-collections-3.2.2.jar;C:\Users\doprsama\.m2\repository\org\fluentlenium\fluentlenium-core\0.10.2\fluentlenium-core-0.10.2.jar;C:\Users\doprsama\.m2\repository\io\github\bonigarcia\webdrivermanager\5.2.1\webdrivermanager-5.2.1.jar;C:\Users\doprsama\.m2\repository\com\github\docker-java\docker-java\3.2.13\docker-java-3.2.13.jar;C:\Users\doprsama\.m2\repository\com\github\docker-java\docker-java-core\3.2.13\docker-java-core-3.2.13.jar;C:\Users\doprsama\.m2\repository\com\github\docker-java\docker-java-api\3.2.13\docker-java-api-3.2.13.jar;C:\Users\doprsama\.m2\repository\org\apache\commons\commons-compress\1.21\commons-compress-1.21.jar;C:\Users\doprsama\.m2\repository\org\bouncycastle\bcpkix-jdk15on\1.64\bcpkix-jdk15on-1.64.jar;C:\Users\doprsama\.m2\repository\org\bouncycastle\bcprov-jdk15on\1.64\bcprov-jdk15on-1.64.jar;C:\Users\doprsama\.m2\repository\org\slf4j\jcl-over-slf4j\1.7.30\jcl-over-slf4j-1.7.30.jar;C:\Users\doprsama\.m2\repository\com\github\docker-java\docker-java-transport-httpclient5\3.2.13\docker-java-transport-httpclient5-3.2.13.jar;C:\Users\doprsama\.m2\repository\com\github\docker-java\docker-java-transport\3.2.13\docker-java-transport-3.2.13.jar;C:\Users\doprsama\.m2\repository\net\java\dev\jna\jna\5.8.0\jna-5.8.0.jar;C:\Users\doprsama\.m2\repository\org\brotli\dec\0.1.2\dec-0.1.2.jar;C:\Users\doprsama\.m2\repository\org\apache\httpcomponents\client5\httpclient5\5.1.3\httpclient5-5.1.3.jar;C:\Users\doprsama\.m2\repository\org\apache\httpcomponents\core5\httpcore5\5.1.3\httpcore5-5.1.3.jar;C:\Users\doprsama\.m2\repository\org\apache\httpcomponents\core5\httpcore5-h2\5.1.3\httpcore5-h2-5.1.3.jar;C:\Users\doprsama\.m2\repository\com\jhlabs\filters\2.0.235\filters-2.0.235.jar;C:\Users\doprsama\.m2\repository\com\paulhammant\ngwebdriver\1.1.6\ngwebdriver-1.1.6.jar;C:\Users\doprsama\.m2\repository\joda-time\joda-time\2.8.2\joda-time-2.8.2.jar;C:\Users\doprsama\.m2\repository\org\hamcrest\hamcrest\2.2\hamcrest-2.2.jar;C:\Users\doprsama\.m2\repository\com\google\jimfs\jimfs\1.2\jimfs-1.2.jar;C:\Users\doprsama\.m2\repository\org\mockito\mockito-core\3.3.3\mockito-core-3.3.3.jar;C:\Users\doprsama\.m2\repository\javax\xml\bind\jaxb-api\2.3.1\jaxb-api-2.3.1.jar;C:\Users\doprsama\.m2\repository\javax\activation\javax.activation-api\1.2.0\javax.activation-api-1.2.0.jar;C:\Users\doprsama\.m2\repository\com\sun\xml\bind\jaxb-core\2.3.0.1\jaxb-core-2.3.0.1.jar;C:\Users\doprsama\.m2\repository\com\sun\xml\bind\jaxb-impl\2.3.3\jaxb-impl-2.3.3.jar;C:\Users\doprsama\.m2\repository\jakarta\xml\bind\jakarta.xml.bind-api\2.3.3\jakarta.xml.bind-api-2.3.3.jar;C:\Users\doprsama\.m2\repository\com\sun\activation\jakarta.activation\1.2.2\jakarta.activation-1.2.2.jar;C:\Users\doprsama\.m2\repository\javax\activation\activation\1.1.1\activation-1.1.1.jar;C:\Users\doprsama\.m2\repository\net\serenity-bdd\serenity-cucumber\3.3.4\serenity-cucumber-3.3.4.jar;C:\Users\doprsama\.m2\repository\io\cucumber\cucumber-core\7.4.1\cucumber-core-7.4.1.jar;C:\Users\doprsama\.m2\repository\io\cucumber\cucumber-gherkin\7.4.1\cucumber-gherkin-7.4.1.jar;C:\Users\doprsama\.m2\repository\io\cucumber\cucumber-gherkin-messages\7.4.1\cucumber-gherkin-messages-7.4.1.jar;C:\Users\doprsama\.m2\repository\io\cucumber\gherkin\23.0.1\gherkin-23.0.1.jar;C:\Users\doprsama\.m2\repository\io\cucumber\messages\18.0.0\messages-18.0.0.jar;C:\Users\doprsama\.m2\repository\io\cucumber\tag-expressions\4.1.0\tag-expressions-4.1.0.jar;C:\Users\doprsama\.m2\repository\io\cucumber\cucumber-expressions\16.0.0\cucumber-expressions-16.0.0.jar;C:\Users\doprsama\.m2\repository\io\cucumber\datatable\7.4.1\datatable-7.4.1.jar;C:\Users\doprsama\.m2\repository\io\cucumber\cucumber-plugin\7.4.1\cucumber-plugin-7.4.1.jar;C:\Users\doprsama\.m2\repository\io\cucumber\docstring\7.4.1\docstring-7.4.1.jar;C:\Users\doprsama\.m2\repository\io\cucumber\html-formatter\19.2.0\html-formatter-19.2.0.jar;C:\Users\doprsama\.m2\repository\io\cucumber\ci-environment\9.0.4\ci-environment-9.0.4.jar;C:\Users\doprsama\.m2\repository\io\cucumber\cucumber-java\7.4.1\cucumber-java-7.4.1.jar;C:\Users\doprsama\.m2\repository\io\cucumber\cucumber-junit\7.4.1\cucumber-junit-7.4.1.jar;C:\Users\doprsama\.m2\repository\org\apache\commons\commons-csv\1.5\commons-csv-1.5.jar;C:\Users\doprsama\.m2\repository\net\serenity-bdd\serenity-screenplay\3.3.4\serenity-screenplay-3.3.4.jar;C:\Users\doprsama\.m2\repository\net\serenity-bdd\serenity-screenplay-webdriver\3.3.4\serenity-screenplay-webdriver-3.3.4.jar;C:\Users\doprsama\.m2\repository\net\serenity-bdd\serenity-ensure\3.3.4\serenity-ensure-3.3.4.jar;C:\Users\doprsama\.m2\repository\net\serenity-bdd\serenity-junit\3.3.4\serenity-junit-3.3.4.jar;C:\Users\doprsama\.m2\repository\org\jetbrains\kotlin\kotlin-stdlib\1.7.10\kotlin-stdlib-1.7.10.jar;C:\Users\doprsama\.m2\repository\org\jetbrains\kotlin\kotlin-stdlib-common\1.7.10\kotlin-stdlib-common-1.7.10.jar;C:\Users\doprsama\.m2\repository\org\jetbrains\annotations\13.0\annotations-13.0.jar;C:\Users\doprsama\.m2\repository\org\junit\platform\junit-platform-launcher\1.8.2\junit-platform-launcher-1.8.2.jar;C:\Users\doprsama\.m2\repository\org\junit\platform\junit-platform-engine\1.8.2\junit-platform-engine-1.8.2.jar;C:\Users\doprsama\.m2\repository\org\opentest4j\opentest4j\1.2.0\opentest4j-1.2.0.jar;C:\Users\doprsama\.m2\repository\org\junit\platform\junit-platform-commons\1.8.2\junit-platform-commons-1.8.2.jar;C:\Users\doprsama\.m2\repository\org\apiguardian\apiguardian-api\1.1.2\apiguardian-api-1.1.2.jar;C:\Users\doprsama\.m2\repository\org\junit\jupiter\junit-jupiter-engine\5.8.2\junit-jupiter-engine-5.8.2.jar;C:\Users\doprsama\.m2\repository\org\junit\jupiter\junit-jupiter-api\5.8.2\junit-jupiter-api-5.8.2.jar;C:\Users\doprsama\.m2\repository\org\junit\vintage\junit-vintage-engine\5.8.2\junit-vintage-engine-5.8.2.jar;C:\Users\doprsama\.m2\repository\junit\junit\4.13.2\junit-4.13.2.jar;C:\Users\doprsama\.m2\repository\org\hamcrest\hamcrest-core\1.3\hamcrest-core-1.3.jar;C:\Users\doprsama\.m2\repository\ch\qos\logback\logback-classic\1.2.10\logback-classic-1.2.10.jar;C:\Users\doprsama\.m2\repository\ch\qos\logback\logback-core\1.2.10\logback-core-1.2.10.jar;C:\Users\doprsama\.m2\repository\org\slf4j\slf4j-api\1.7.32\slf4j-api-1.7.32.jar;C:\Users\doprsama\.m2\repository\org\assertj\assertj-core\3.23.1\assertj-core-3.23.1.jar;C:\Users\doprsama\.m2\repository\net\bytebuddy\byte-buddy\1.12.10\byte-buddy-1.12.10.jar;C:\Users\doprsama\.m2\repository\com\itextpdf\io\7.0.2\io-7.0.2.jar;C:\Users\doprsama\.m2\repository\com\itextpdf\layout\7.0.2\layout-7.0.2.jar;C:\Users\doprsama\.m2\repository\com\itextpdf\kernel\7.0.2\kernel-7.0.2.jar;C:\Users\doprsama\.m2\repository\com\itextpdf\forms\7.0.2\forms-7.0.2.jar;C:\Users\doprsama\.m2\repository\com\itextpdf\pdfa\7.0.2\pdfa-7.0.2.jar;C:\Users\doprsama\.m2\repository\com\itextpdf\sign\7.0.2\sign-7.0.2.jar;C:\Users\doprsama\.m2\repository\com\itextpdf\barcodes\7.0.2\barcodes-7.0.2.jar;C:\Users\doprsama\.m2\repository\com\itextpdf\font-asian\7.0.2\font-asian-7.0.2.jar;C:\Users\doprsama\.m2\repository\com\itextpdf\hyph\7.0.2\hyph-7.0.2.jar;"/>
    <property name="java.vm.vendor" value="Oracle Corporation"/>
    <property name="sun.arch.data.model" value="64"/>
    <property name="user.variant" value=""/>
    <property name="java.vendor.url" value="https://java.oracle.com/"/>
    <property name="user.timezone" value="Europe/Madrid"/>
    <property name="log4j2.formatMsgNoLookups" value="true"/>
    <property name="os.name" value="Windows 10"/>
    <property name="java.vm.specification.version" value="19"/>
    <property name="sun.java.launcher" value="SUN_STANDARD"/>
    <property name="user.country" value="ES"/>
    <property name="sun.boot.library.path" value="C:\Program Files\Java\jdk-19\bin"/>
    <property name="sun.java.command" value="org.apache.maven.surefire.booter.ForkedBooter C:\Users\doprsama\AppData\Local\Temp\surefire2049051013293129537 2023-01-10T18-00-36_433-jvmRun1 surefire6159990393897243636tmp surefire_011064070596349894222tmp"/>
    <property name="jdk.debug" value="release"/>
    <property name="surefire.test.class.path" value="C:\Users\doprsama\eclipse-workspace\PracticaCompleta\target\test-classes;C:\Users\doprsama\.m2\repository\net\serenity-bdd\serenity-core\3.3.4\serenity-core-3.3.4.jar;C:\Users\doprsama\.m2\repository\net\serenity-bdd\serenity-model\3.3.4\serenity-model-3.3.4.jar;C:\Users\doprsama\.m2\repository\org\apache\commons\commons-text\1.9\commons-text-1.9.jar;C:\Users\doprsama\.m2\repository\commons-net\commons-net\3.8.0\commons-net-3.8.0.jar;C:\Users\doprsama\.m2\repository\com\google\guava\guava\31.1-jre\guava-31.1-jre.jar;C:\Users\doprsama\.m2\repository\com\google\guava\failureaccess\1.0.1\failureaccess-1.0.1.jar;C:\Users\doprsama\.m2\repository\com\google\guava\listenablefuture\9999.0-empty-to-avoid-conflict-with-guava\listenablefuture-9999.0-empty-to-avoid-conflict-with-guava.jar;C:\Users\doprsama\.m2\repository\com\google\code\findbugs\jsr305\3.0.2\jsr305-3.0.2.jar;C:\Users\doprsama\.m2\repository\org\checkerframework\checker-qual\3.12.0\checker-qual-3.12.0.jar;C:\Users\doprsama\.m2\repository\com\google\errorprone\error_prone_annotations\2.11.0\error_prone_annotations-2.11.0.jar;C:\Users\doprsama\.m2\repository\com\google\j2objc\j2objc-annotations\1.3\j2objc-annotations-1.3.jar;C:\Users\doprsama\.m2\repository\com\google\inject\guice\5.1.0\guice-5.1.0.jar;C:\Users\doprsama\.m2\repository\javax\inject\javax.inject\1\javax.inject-1.jar;C:\Users\doprsama\.m2\repository\aopalliance\aopalliance\1.0\aopalliance-1.0.jar;C:\Users\doprsama\.m2\repository\org\jsoup\jsoup\1.14.3\jsoup-1.14.3.jar;C:\Users\doprsama\.m2\repository\com\thoughtworks\xstream\xstream\1.4.19\xstream-1.4.19.jar;C:\Users\doprsama\.m2\repository\io\github\x-stream\mxparser\1.2.2\mxparser-1.2.2.jar;C:\Users\doprsama\.m2\repository\xmlpull\xmlpull\1.1.3.1\xmlpull-1.1.3.1.jar;C:\Users\doprsama\.m2\repository\com\typesafe\config\1.4.2\config-1.4.2.jar;C:\Users\doprsama\.m2\repository\org\imgscalr\imgscalr-lib\4.2\imgscalr-lib-4.2.jar;C:\Users\doprsama\.m2\repository\org\awaitility\awaitility\4.2.0\awaitility-4.2.0.jar;C:\Users\doprsama\.m2\repository\org\freemarker\freemarker\2.3.31\freemarker-2.3.31.jar;C:\Users\doprsama\.m2\repository\io\github\classgraph\classgraph\4.8.138\classgraph-4.8.138.jar;C:\Users\doprsama\.m2\repository\net\sourceforge\jexcelapi\jxl\2.6.12\jxl-2.6.12.jar;C:\Users\doprsama\.m2\repository\net\bytebuddy\byte-buddy-agent\1.12.12\byte-buddy-agent-1.12.12.jar;C:\Users\doprsama\.m2\repository\org\objenesis\objenesis\3.1\objenesis-3.1.jar;C:\Users\doprsama\.m2\repository\net\serenity-bdd\serenity-reports\3.3.4\serenity-reports-3.3.4.jar;C:\Users\doprsama\.m2\repository\net\serenity-bdd\serenity-stats\3.3.4\serenity-stats-3.3.4.jar;C:\Users\doprsama\.m2\repository\net\serenity-bdd\serenity-reports-configuration\3.3.4\serenity-reports-configuration-3.3.4.jar;C:\Users\doprsama\.m2\repository\com\vladsch\flexmark\flexmark-all\0.34.30\flexmark-all-0.34.30.jar;C:\Users\doprsama\.m2\repository\com\vladsch\flexmark\flexmark\0.34.30\flexmark-0.34.30.jar;C:\Users\doprsama\.m2\repository\com\vladsch\flexmark\flexmark-ext-abbreviation\0.34.30\flexmark-ext-abbreviation-0.34.30.jar;C:\Users\doprsama\.m2\repository\com\vladsch\flexmark\flexmark-ext-admonition\0.34.30\flexmark-ext-admonition-0.34.30.jar;C:\Users\doprsama\.m2\repository\com\vladsch\flexmark\flexmark-ext-anchorlink\0.34.30\flexmark-ext-anchorlink-0.34.30.jar;C:\Users\doprsama\.m2\repository\com\vladsch\flexmark\flexmark-ext-aside\0.34.30\flexmark-ext-aside-0.34.30.jar;C:\Users\doprsama\.m2\repository\com\vladsch\flexmark\flexmark-ext-attributes\0.34.30\flexmark-ext-attributes-0.34.30.jar;C:\Users\doprsama\.m2\repository\com\vladsch\flexmark\flexmark-ext-autolink\0.34.30\flexmark-ext-autolink-0.34.30.jar;C:\Users\doprsama\.m2\repository\org\nibor\autolink\autolink\0.6.0\autolink-0.6.0.jar;C:\Users\doprsama\.m2\repository\com\vladsch\flexmark\flexmark-ext-definition\0.34.30\flexmark-ext-definition-0.34.30.jar;C:\Users\doprsama\.m2\repository\com\vladsch\flexmark\flexmark-ext-emoji\0.34.30\flexmark-ext-emoji-0.34.30.jar;C:\Users\doprsama\.m2\repository\com\vladsch\flexmark\flexmark-ext-enumerated-reference\0.34.30\flexmark-ext-enumerated-reference-0.34.30.jar;C:\Users\doprsama\.m2\repository\com\vladsch\flexmark\flexmark-ext-escaped-character\0.34.30\flexmark-ext-escaped-character-0.34.30.jar;C:\Users\doprsama\.m2\repository\com\vladsch\flexmark\flexmark-ext-footnotes\0.34.30\flexmark-ext-footnotes-0.34.30.jar;C:\Users\doprsama\.m2\repository\com\vladsch\flexmark\flexmark-ext-gfm-issues\0.34.30\flexmark-ext-gfm-issues-0.34.30.jar;C:\Users\doprsama\.m2\repository\com\vladsch\flexmark\flexmark-ext-gfm-strikethrough\0.34.30\flexmark-ext-gfm-strikethrough-0.34.30.jar;C:\Users\doprsama\.m2\repository\com\vladsch\flexmark\flexmark-ext-gfm-tables\0.34.30\flexmark-ext-gfm-tables-0.34.30.jar;C:\Users\doprsama\.m2\repository\com\vladsch\flexmark\flexmark-ext-gfm-tasklist\0.34.30\flexmark-ext-gfm-tasklist-0.34.30.jar;C:\Users\doprsama\.m2\repository\com\vladsch\flexmark\flexmark-ext-gfm-users\0.34.30\flexmark-ext-gfm-users-0.34.30.jar;C:\Users\doprsama\.m2\repository\com\vladsch\flexmark\flexmark-ext-gitlab\0.34.30\flexmark-ext-gitlab-0.34.30.jar;C:\Users\doprsama\.m2\repository\com\vladsch\flexmark\flexmark-ext-jekyll-front-matter\0.34.30\flexmark-ext-jekyll-front-matter-0.34.30.jar;C:\Users\doprsama\.m2\repository\com\vladsch\flexmark\flexmark-ext-jekyll-tag\0.34.30\flexmark-ext-jekyll-tag-0.34.30.jar;C:\Users\doprsama\.m2\repository\com\vladsch\flexmark\flexmark-ext-media-tags\0.34.30\flexmark-ext-media-tags-0.34.30.jar;C:\Users\doprsama\.m2\repository\com\vladsch\flexmark\flexmark-test-util\0.34.30\flexmark-test-util-0.34.30.jar;C:\Users\doprsama\.m2\repository\com\vladsch\flexmark\flexmark-ext-ins\0.34.30\flexmark-ext-ins-0.34.30.jar;C:\Users\doprsama\.m2\repository\com\vladsch\flexmark\flexmark-ext-xwiki-macros\0.34.30\flexmark-ext-xwiki-macros-0.34.30.jar;C:\Users\doprsama\.m2\repository\com\vladsch\flexmark\flexmark-ext-superscript\0.34.30\flexmark-ext-superscript-0.34.30.jar;C:\Users\doprsama\.m2\repository\com\vladsch\flexmark\flexmark-ext-tables\0.34.30\flexmark-ext-tables-0.34.30.jar;C:\Users\doprsama\.m2\repository\com\vladsch\flexmark\flexmark-ext-toc\0.34.30\flexmark-ext-toc-0.34.30.jar;C:\Users\doprsama\.m2\repository\com\vladsch\flexmark\flexmark-ext-typographic\0.34.30\flexmark-ext-typographic-0.34.30.jar;C:\Users\doprsama\.m2\repository\com\vladsch\flexmark\flexmark-ext-wikilink\0.34.30\flexmark-ext-wikilink-0.34.30.jar;C:\Users\doprsama\.m2\repository\com\vladsch\flexmark\flexmark-ext-yaml-front-matter\0.34.30\flexmark-ext-yaml-front-matter-0.34.30.jar;C:\Users\doprsama\.m2\repository\com\vladsch\flexmark\flexmark-ext-youtube-embedded\0.34.30\flexmark-ext-youtube-embedded-0.34.30.jar;C:\Users\doprsama\.m2\repository\com\vladsch\flexmark\flexmark-formatter\0.34.30\flexmark-formatter-0.34.30.jar;C:\Users\doprsama\.m2\repository\com\vladsch\flexmark\flexmark-html-parser\0.34.30\flexmark-html-parser-0.34.30.jar;C:\Users\doprsama\.m2\repository\com\vladsch\flexmark\flexmark-jira-converter\0.34.30\flexmark-jira-converter-0.34.30.jar;C:\Users\doprsama\.m2\repository\com\vladsch\flexmark\flexmark-pdf-converter\0.34.30\flexmark-pdf-converter-0.34.30.jar;C:\Users\doprsama\.m2\repository\com\openhtmltopdf\openhtmltopdf-core\0.0.1-RC13\openhtmltopdf-core-0.0.1-RC13.jar;C:\Users\doprsama\.m2\repository\com\openhtmltopdf\openhtmltopdf-pdfbox\0.0.1-RC13\openhtmltopdf-pdfbox-0.0.1-RC13.jar;C:\Users\doprsama\.m2\repository\org\apache\pdfbox\pdfbox\2.0.8\pdfbox-2.0.8.jar;C:\Users\doprsama\.m2\repository\org\apache\pdfbox\fontbox\2.0.8\fontbox-2.0.8.jar;C:\Users\doprsama\.m2\repository\org\apache\pdfbox\xmpbox\2.0.8\xmpbox-2.0.8.jar;C:\Users\doprsama\.m2\repository\de\rototor\pdfbox\graphics2d\0.12\graphics2d-0.12.jar;C:\Users\doprsama\.m2\repository\com\openhtmltopdf\openhtmltopdf-rtl-support\0.0.1-RC13\openhtmltopdf-rtl-support-0.0.1-RC13.jar;C:\Users\doprsama\.m2\repository\com\ibm\icu\icu4j\59.1\icu4j-59.1.jar;C:\Users\doprsama\.m2\repository\com\openhtmltopdf\openhtmltopdf-jsoup-dom-converter\0.0.1-RC13\openhtmltopdf-jsoup-dom-converter-0.0.1-RC13.jar;C:\Users\doprsama\.m2\repository\com\vladsch\flexmark\flexmark-profile-pegdown\0.34.30\flexmark-profile-pegdown-0.34.30.jar;C:\Users\doprsama\.m2\repository\com\vladsch\flexmark\flexmark-util\0.34.30\flexmark-util-0.34.30.jar;C:\Users\doprsama\.m2\repository\com\vladsch\flexmark\flexmark-youtrack-converter\0.34.30\flexmark-youtrack-converter-0.34.30.jar;C:\Users\doprsama\.m2\repository\es\nitaur\markdown\txtmark\0.16\txtmark-0.16.jar;C:\Users\doprsama\.m2\repository\net\serenity-bdd\serenity-report-resources\3.3.4\serenity-report-resources-3.3.4.jar;C:\Users\doprsama\.m2\repository\com\google\code\gson\gson\2.9.0\gson-2.9.0.jar;C:\Users\doprsama\.m2\repository\com\fasterxml\jackson\core\jackson-core\2.13.3\jackson-core-2.13.3.jar;C:\Users\doprsama\.m2\repository\com\fasterxml\jackson\core\jackson-databind\2.13.3\jackson-databind-2.13.3.jar;C:\Users\doprsama\.m2\repository\com\fasterxml\jackson\core\jackson-annotations\2.13.3\jackson-annotations-2.13.3.jar;C:\Users\doprsama\.m2\repository\commons-codec\commons-codec\1.15\commons-codec-1.15.jar;C:\Users\doprsama\.m2\repository\commons-io\commons-io\2.11.0\commons-io-2.11.0.jar;C:\Users\doprsama\.m2\repository\org\apache\httpcomponents\httpclient\4.5.13\httpclient-4.5.13.jar;C:\Users\doprsama\.m2\repository\org\apache\httpcomponents\httpcore\4.4.13\httpcore-4.4.13.jar;C:\Users\doprsama\.m2\repository\commons-logging\commons-logging\1.2\commons-logging-1.2.jar;C:\Users\doprsama\.m2\repository\org\seleniumhq\selenium\selenium-java\4.4.0\selenium-java-4.4.0.jar;C:\Users\doprsama\.m2\repository\org\seleniumhq\selenium\selenium-devtools-v102\4.4.0\selenium-devtools-v102-4.4.0.jar;C:\Users\doprsama\.m2\repository\org\seleniumhq\selenium\selenium-devtools-v103\4.4.0\selenium-devtools-v103-4.4.0.jar;C:\Users\doprsama\.m2\repository\org\seleniumhq\selenium\selenium-devtools-v104\4.4.0\selenium-devtools-v104-4.4.0.jar;C:\Users\doprsama\.m2\repository\org\seleniumhq\selenium\selenium-devtools-v85\4.4.0\selenium-devtools-v85-4.4.0.jar;C:\Users\doprsama\.m2\repository\org\seleniumhq\selenium\selenium-opera-driver\4.4.0\selenium-opera-driver-4.4.0.jar;C:\Users\doprsama\.m2\repository\org\seleniumhq\selenium\selenium-remote-driver\4.4.0\selenium-remote-driver-4.4.0.jar;C:\Users\doprsama\.m2\repository\com\beust\jcommander\1.82\jcommander-1.82.jar;C:\Users\doprsama\.m2\repository\io\netty\netty-buffer\4.1.78.Final\netty-buffer-4.1.78.Final.jar;C:\Users\doprsama\.m2\repository\io\netty\netty-codec-http\4.1.78.Final\netty-codec-http-4.1.78.Final.jar;C:\Users\doprsama\.m2\repository\io\netty\netty-codec\4.1.78.Final\netty-codec-4.1.78.Final.jar;C:\Users\doprsama\.m2\repository\io\netty\netty-handler\4.1.78.Final\netty-handler-4.1.78.Final.jar;C:\Users\doprsama\.m2\repository\io\netty\netty-common\4.1.78.Final\netty-common-4.1.78.Final.jar;C:\Users\doprsama\.m2\repository\io\netty\netty-transport-classes-epoll\4.1.78.Final\netty-transport-classes-epoll-4.1.78.Final.jar;C:\Users\doprsama\.m2\repository\io\netty\netty-transport-classes-kqueue\4.1.78.Final\netty-transport-classes-kqueue-4.1.78.Final.jar;C:\Users\doprsama\.m2\repository\io\netty\netty-transport-native-epoll\4.1.78.Final\netty-transport-native-epoll-4.1.78.Final.jar;C:\Users\doprsama\.m2\repository\io\netty\netty-transport-native-kqueue\4.1.78.Final\netty-transport-native-kqueue-4.1.78.Final.jar;C:\Users\doprsama\.m2\repository\io\netty\netty-transport-native-unix-common\4.1.78.Final\netty-transport-native-unix-common-4.1.78.Final.jar;C:\Users\doprsama\.m2\repository\io\netty\netty-transport\4.1.78.Final\netty-transport-4.1.78.Final.jar;C:\Users\doprsama\.m2\repository\io\netty\netty-resolver\4.1.78.Final\netty-resolver-4.1.78.Final.jar;C:\Users\doprsama\.m2\repository\io\opentelemetry\opentelemetry-api\1.16.0\opentelemetry-api-1.16.0.jar;C:\Users\doprsama\.m2\repository\io\opentelemetry\opentelemetry-context\1.16.0\opentelemetry-context-1.16.0.jar;C:\Users\doprsama\.m2\repository\io\opentelemetry\opentelemetry-exporter-logging\1.16.0\opentelemetry-exporter-logging-1.16.0.jar;C:\Users\doprsama\.m2\repository\io\opentelemetry\opentelemetry-sdk-metrics\1.16.0\opentelemetry-sdk-metrics-1.16.0.jar;C:\Users\doprsama\.m2\repository\io\opentelemetry\opentelemetry-sdk-logs\1.16.0-alpha\opentelemetry-sdk-logs-1.16.0-alpha.jar;C:\Users\doprsama\.m2\repository\io\opentelemetry\opentelemetry-sdk-common\1.16.0\opentelemetry-sdk-common-1.16.0.jar;C:\Users\doprsama\.m2\repository\io\opentelemetry\opentelemetry-sdk-extension-autoconfigure-spi\1.16.0\opentelemetry-sdk-extension-autoconfigure-spi-1.16.0.jar;C:\Users\doprsama\.m2\repository\io\opentelemetry\opentelemetry-sdk-extension-autoconfigure\1.16.0-alpha\opentelemetry-sdk-extension-autoconfigure-1.16.0-alpha.jar;C:\Users\doprsama\.m2\repository\io\opentelemetry\opentelemetry-sdk-trace\1.16.0\opentelemetry-sdk-trace-1.16.0.jar;C:\Users\doprsama\.m2\repository\io\opentelemetry\opentelemetry-sdk\1.16.0\opentelemetry-sdk-1.16.0.jar;C:\Users\doprsama\.m2\repository\io\opentelemetry\opentelemetry-semconv\1.16.0-alpha\opentelemetry-semconv-1.16.0-alpha.jar;C:\Users\doprsama\.m2\repository\io\ous\jtoml\2.0.0\jtoml-2.0.0.jar;C:\Users\doprsama\.m2\repository\org\apache\commons\commons-exec\1.3\commons-exec-1.3.jar;C:\Users\doprsama\.m2\repository\org\asynchttpclient\async-http-client\2.12.3\async-http-client-2.12.3.jar;C:\Users\doprsama\.m2\repository\org\asynchttpclient\async-http-client-netty-utils\2.12.3\async-http-client-netty-utils-2.12.3.jar;C:\Users\doprsama\.m2\repository\io\netty\netty-codec-socks\4.1.60.Final\netty-codec-socks-4.1.60.Final.jar;C:\Users\doprsama\.m2\repository\io\netty\netty-handler-proxy\4.1.60.Final\netty-handler-proxy-4.1.60.Final.jar;C:\Users\doprsama\.m2\repository\io\netty\netty-transport-native-epoll\4.1.60.Final\netty-transport-native-epoll-4.1.60.Final-linux-x86_64.jar;C:\Users\doprsama\.m2\repository\io\netty\netty-transport-native-kqueue\4.1.60.Final\netty-transport-native-kqueue-4.1.60.Final-osx-x86_64.jar;C:\Users\doprsama\.m2\repository\org\reactivestreams\reactive-streams\1.0.3\reactive-streams-1.0.3.jar;C:\Users\doprsama\.m2\repository\com\typesafe\netty\netty-reactive-streams\2.0.4\netty-reactive-streams-2.0.4.jar;C:\Users\doprsama\.m2\repository\org\seleniumhq\selenium\selenium-http\4.4.0\selenium-http-4.4.0.jar;C:\Users\doprsama\.m2\repository\dev\failsafe\failsafe\3.2.4\failsafe-3.2.4.jar;C:\Users\doprsama\.m2\repository\org\seleniumhq\selenium\selenium-safari-driver\4.4.0\selenium-safari-driver-4.4.0.jar;C:\Users\doprsama\.m2\repository\org\seleniumhq\selenium\selenium-api\4.4.0\selenium-api-4.4.0.jar;C:\Users\doprsama\.m2\repository\org\seleniumhq\selenium\selenium-support\4.4.0\selenium-support-4.4.0.jar;C:\Users\doprsama\.m2\repository\com\google\auto\service\auto-service-annotations\1.0.1\auto-service-annotations-1.0.1.jar;C:\Users\doprsama\.m2\repository\com\google\auto\service\auto-service\1.0.1\auto-service-1.0.1.jar;C:\Users\doprsama\.m2\repository\com\google\auto\auto-common\1.2\auto-common-1.2.jar;C:\Users\doprsama\.m2\repository\org\seleniumhq\selenium\selenium-json\4.4.0\selenium-json-4.4.0.jar;C:\Users\doprsama\.m2\repository\org\seleniumhq\selenium\selenium-chrome-driver\4.4.0\selenium-chrome-driver-4.4.0.jar;C:\Users\doprsama\.m2\repository\org\seleniumhq\selenium\selenium-chromium-driver\4.4.0\selenium-chromium-driver-4.4.0.jar;C:\Users\doprsama\.m2\repository\org\seleniumhq\selenium\selenium-firefox-driver\4.4.0\selenium-firefox-driver-4.4.0.jar;C:\Users\doprsama\.m2\repository\org\seleniumhq\selenium\selenium-edge-driver\4.4.0\selenium-edge-driver-4.4.0.jar;C:\Users\doprsama\.m2\repository\org\seleniumhq\selenium\selenium-ie-driver\4.4.0\selenium-ie-driver-4.4.0.jar;C:\Users\doprsama\.m2\repository\org\projectlombok\lombok\1.18.20\lombok-1.18.20.jar;C:\Users\doprsama\.m2\repository\io\appium\java-client\8.1.1\java-client-8.1.1.jar;C:\Users\doprsama\.m2\repository\commons-validator\commons-validator\1.7\commons-validator-1.7.jar;C:\Users\doprsama\.m2\repository\commons-digester\commons-digester\2.1\commons-digester-2.1.jar;C:\Users\doprsama\.m2\repository\org\apache\groovy\groovy\4.0.1\groovy-4.0.1.jar;C:\Users\doprsama\.m2\repository\net\sf\opencsv\opencsv\2.0\opencsv-2.0.jar;C:\Users\doprsama\.m2\repository\commons-beanutils\commons-beanutils\1.9.4\commons-beanutils-1.9.4.jar;C:\Users\doprsama\.m2\repository\org\apache\commons\commons-lang3\3.12.0\commons-lang3-3.12.0.jar;C:\Users\doprsama\.m2\repository\commons-collections\commons-collections\3.2.2\commons-collections-3.2.2.jar;C:\Users\doprsama\.m2\repository\org\fluentlenium\fluentlenium-core\0.10.2\fluentlenium-core-0.10.2.jar;C:\Users\doprsama\.m2\repository\io\github\bonigarcia\webdrivermanager\5.2.1\webdrivermanager-5.2.1.jar;C:\Users\doprsama\.m2\repository\com\github\docker-java\docker-java\3.2.13\docker-java-3.2.13.jar;C:\Users\doprsama\.m2\repository\com\github\docker-java\docker-java-core\3.2.13\docker-java-core-3.2.13.jar;C:\Users\doprsama\.m2\repository\com\github\docker-java\docker-java-api\3.2.13\docker-java-api-3.2.13.jar;C:\Users\doprsama\.m2\repository\org\apache\commons\commons-compress\1.21\commons-compress-1.21.jar;C:\Users\doprsama\.m2\repository\org\bouncycastle\bcpkix-jdk15on\1.64\bcpkix-jdk15on-1.64.jar;C:\Users\doprsama\.m2\repository\org\bouncycastle\bcprov-jdk15on\1.64\bcprov-jdk15on-1.64.jar;C:\Users\doprsama\.m2\repository\org\slf4j\jcl-over-slf4j\1.7.30\jcl-over-slf4j-1.7.30.jar;C:\Users\doprsama\.m2\repository\com\github\docker-java\docker-java-transport-httpclient5\3.2.13\docker-java-transport-httpclient5-3.2.13.jar;C:\Users\doprsama\.m2\repository\com\github\docker-java\docker-java-transport\3.2.13\docker-java-transport-3.2.13.jar;C:\Users\doprsama\.m2\repository\net\java\dev\jna\jna\5.8.0\jna-5.8.0.jar;C:\Users\doprsama\.m2\repository\org\brotli\dec\0.1.2\dec-0.1.2.jar;C:\Users\doprsama\.m2\repository\org\apache\httpcomponents\client5\httpclient5\5.1.3\httpclient5-5.1.3.jar;C:\Users\doprsama\.m2\repository\org\apache\httpcomponents\core5\httpcore5\5.1.3\httpcore5-5.1.3.jar;C:\Users\doprsama\.m2\repository\org\apache\httpcomponents\core5\httpcore5-h2\5.1.3\httpcore5-h2-5.1.3.jar;C:\Users\doprsama\.m2\repository\com\jhlabs\filters\2.0.235\filters-2.0.235.jar;C:\Users\doprsama\.m2\repository\com\paulhammant\ngwebdriver\1.1.6\ngwebdriver-1.1.6.jar;C:\Users\doprsama\.m2\repository\joda-time\joda-time\2.8.2\joda-time-2.8.2.jar;C:\Users\doprsama\.m2\repository\org\hamcrest\hamcrest\2.2\hamcrest-2.2.jar;C:\Users\doprsama\.m2\repository\com\google\jimfs\jimfs\1.2\jimfs-1.2.jar;C:\Users\doprsama\.m2\repository\org\mockito\mockito-core\3.3.3\mockito-core-3.3.3.jar;C:\Users\doprsama\.m2\repository\javax\xml\bind\jaxb-api\2.3.1\jaxb-api-2.3.1.jar;C:\Users\doprsama\.m2\repository\javax\activation\javax.activation-api\1.2.0\javax.activation-api-1.2.0.jar;C:\Users\doprsama\.m2\repository\com\sun\xml\bind\jaxb-core\2.3.0.1\jaxb-core-2.3.0.1.jar;C:\Users\doprsama\.m2\repository\com\sun\xml\bind\jaxb-impl\2.3.3\jaxb-impl-2.3.3.jar;C:\Users\doprsama\.m2\repository\jakarta\xml\bind\jakarta.xml.bind-api\2.3.3\jakarta.xml.bind-api-2.3.3.jar;C:\Users\doprsama\.m2\repository\com\sun\activation\jakarta.activation\1.2.2\jakarta.activation-1.2.2.jar;C:\Users\doprsama\.m2\repository\javax\activation\activation\1.1.1\activation-1.1.1.jar;C:\Users\doprsama\.m2\repository\net\serenity-bdd\serenity-cucumber\3.3.4\serenity-cucumber-3.3.4.jar;C:\Users\doprsama\.m2\repository\io\cucumber\cucumber-core\7.4.1\cucumber-core-7.4.1.jar;C:\Users\doprsama\.m2\repository\io\cucumber\cucumber-gherkin\7.4.1\cucumber-gherkin-7.4.1.jar;C:\Users\doprsama\.m2\repository\io\cucumber\cucumber-gherkin-messages\7.4.1\cucumber-gherkin-messages-7.4.1.jar;C:\Users\doprsama\.m2\repository\io\cucumber\gherkin\23.0.1\gherkin-23.0.1.jar;C:\Users\doprsama\.m2\repository\io\cucumber\messages\18.0.0\messages-18.0.0.jar;C:\Users\doprsama\.m2\repository\io\cucumber\tag-expressions\4.1.0\tag-expressions-4.1.0.jar;C:\Users\doprsama\.m2\repository\io\cucumber\cucumber-expressions\16.0.0\cucumber-expressions-16.0.0.jar;C:\Users\doprsama\.m2\repository\io\cucumber\datatable\7.4.1\datatable-7.4.1.jar;C:\Users\doprsama\.m2\repository\io\cucumber\cucumber-plugin\7.4.1\cucumber-plugin-7.4.1.jar;C:\Users\doprsama\.m2\repository\io\cucumber\docstring\7.4.1\docstring-7.4.1.jar;C:\Users\doprsama\.m2\repository\io\cucumber\html-formatter\19.2.0\html-formatter-19.2.0.jar;C:\Users\doprsama\.m2\repository\io\cucumber\ci-environment\9.0.4\ci-environment-9.0.4.jar;C:\Users\doprsama\.m2\repository\io\cucumber\cucumber-java\7.4.1\cucumber-java-7.4.1.jar;C:\Users\doprsama\.m2\repository\io\cucumber\cucumber-junit\7.4.1\cucumber-junit-7.4.1.jar;C:\Users\doprsama\.m2\repository\org\apache\commons\commons-csv\1.5\commons-csv-1.5.jar;C:\Users\doprsama\.m2\repository\net\serenity-bdd\serenity-screenplay\3.3.4\serenity-screenplay-3.3.4.jar;C:\Users\doprsama\.m2\repository\net\serenity-bdd\serenity-screenplay-webdriver\3.3.4\serenity-screenplay-webdriver-3.3.4.jar;C:\Users\doprsama\.m2\repository\net\serenity-bdd\serenity-ensure\3.3.4\serenity-ensure-3.3.4.jar;C:\Users\doprsama\.m2\repository\net\serenity-bdd\serenity-junit\3.3.4\serenity-junit-3.3.4.jar;C:\Users\doprsama\.m2\repository\org\jetbrains\kotlin\kotlin-stdlib\1.7.10\kotlin-stdlib-1.7.10.jar;C:\Users\doprsama\.m2\repository\org\jetbrains\kotlin\kotlin-stdlib-common\1.7.10\kotlin-stdlib-common-1.7.10.jar;C:\Users\doprsama\.m2\repository\org\jetbrains\annotations\13.0\annotations-13.0.jar;C:\Users\doprsama\.m2\repository\org\junit\platform\junit-platform-launcher\1.8.2\junit-platform-launcher-1.8.2.jar;C:\Users\doprsama\.m2\repository\org\junit\platform\junit-platform-engine\1.8.2\junit-platform-engine-1.8.2.jar;C:\Users\doprsama\.m2\repository\org\opentest4j\opentest4j\1.2.0\opentest4j-1.2.0.jar;C:\Users\doprsama\.m2\repository\org\junit\platform\junit-platform-commons\1.8.2\junit-platform-commons-1.8.2.jar;C:\Users\doprsama\.m2\repository\org\apiguardian\apiguardian-api\1.1.2\apiguardian-api-1.1.2.jar;C:\Users\doprsama\.m2\repository\org\junit\jupiter\junit-jupiter-engine\5.8.2\junit-jupiter-engine-5.8.2.jar;C:\Users\doprsama\.m2\repository\org\junit\jupiter\junit-jupiter-api\5.8.2\junit-jupiter-api-5.8.2.jar;C:\Users\doprsama\.m2\repository\org\junit\vintage\junit-vintage-engine\5.8.2\junit-vintage-engine-5.8.2.jar;C:\Users\doprsama\.m2\repository\junit\junit\4.13.2\junit-4.13.2.jar;C:\Users\doprsama\.m2\repository\org\hamcrest\hamcrest-core\1.3\hamcrest-core-1.3.jar;C:\Users\doprsama\.m2\repository\ch\qos\logback\logback-classic\1.2.10\logback-classic-1.2.10.jar;C:\Users\doprsama\.m2\repository\ch\qos\logback\logback-core\1.2.10\logback-core-1.2.10.jar;C:\Users\doprsama\.m2\repository\org\slf4j\slf4j-api\1.7.32\slf4j-api-1.7.32.jar;C:\Users\doprsama\.m2\repository\org\assertj\assertj-core\3.23.1\assertj-core-3.23.1.jar;C:\Users\doprsama\.m2\repository\net\bytebuddy\byte-buddy\1.12.10\byte-buddy-1.12.10.jar;C:\Users\doprsama\.m2\repository\com\itextpdf\io\7.0.2\io-7.0.2.jar;C:\Users\doprsama\.m2\repository\com\itextpdf\layout\7.0.2\layout-7.0.2.jar;C:\Users\doprsama\.m2\repository\com\itextpdf\kernel\7.0.2\kernel-7.0.2.jar;C:\Users\doprsama\.m2\repository\com\itextpdf\forms\7.0.2\forms-7.0.2.jar;C:\Users\doprsama\.m2\repository\com\itextpdf\pdfa\7.0.2\pdfa-7.0.2.jar;C:\Users\doprsama\.m2\repository\com\itextpdf\sign\7.0.2\sign-7.0.2.jar;C:\Users\doprsama\.m2\repository\com\itextpdf\barcodes\7.0.2\barcodes-7.0.2.jar;C:\Users\doprsama\.m2\repository\com\itextpdf\font-asian\7.0.2\font-asian-7.0.2.jar;C:\Users\doprsama\.m2\repository\com\itextpdf\hyph\7.0.2\hyph-7.0.2.jar;"/>
    <property name="sun.cpu.endian" value="little"/>
    <property name="user.home" value="C:\Users\doprsama"/>
    <property name="user.language" value="es"/>
    <property name="java.specification.vendor" value="Oracle Corporation"/>
    <property name="jdk.module.path" value="C:\Users\doprsama\eclipse-workspace\PracticaCompleta\target\cucumber-starter-1.0.0-SNAPSHOT.jar"/>
    <property name="java.version.date" value="2022-09-20"/>
    <property name="java.home" value="C:\Program Files\Java\jdk-19"/>
    <property name="file.separator" value="\"/>
    <property name="basedir" value="C:\Users\doprsama\eclipse-workspace\PracticaCompleta"/>
    <property name="java.vm.compressedOopsMode" value="Zero based"/>
    <property name="line.separator" value="&#10;"/>
    <property name="java.vm.specification.vendor" value="Oracle Corporation"/>
    <property name="java.specification.name" value="Java Platform API Specification"/>
    <property name="surefire.real.class.path" value="C:\Users\doprsama\.m2\repository\org\apache\maven\surefire\surefire-booter\3.0.0-M5\surefire-booter-3.0.0-M5.jar;C:\Users\doprsama\.m2\repository\org\apache\maven\surefire\surefire-api\3.0.0-M5\surefire-api-3.0.0-M5.jar;C:\Users\doprsama\.m2\repository\org\apache\maven\surefire\surefire-logger-api\3.0.0-M5\surefire-logger-api-3.0.0-M5.jar;C:\Users\doprsama\.m2\repository\org\apache\maven\surefire\surefire-shared-utils\3.0.0-M4\surefire-shared-utils-3.0.0-M4.jar;C:\Users\doprsama\.m2\repository\org\apache\maven\surefire\surefire-extensions-spi\3.0.0-M5\surefire-extensions-spi-3.0.0-M5.jar;C:\Users\doprsama\eclipse-workspace\PracticaCompleta\target\test-classes;C:\Users\doprsama\.m2\repository\net\serenity-bdd\serenity-core\3.3.4\serenity-core-3.3.4.jar;C:\Users\doprsama\.m2\repository\net\serenity-bdd\serenity-model\3.3.4\serenity-model-3.3.4.jar;C:\Users\doprsama\.m2\repository\org\apache\commons\commons-text\1.9\commons-text-1.9.jar;C:\Users\doprsama\.m2\repository\commons-net\commons-net\3.8.0\commons-net-3.8.0.jar;C:\Users\doprsama\.m2\repository\com\google\guava\guava\31.1-jre\guava-31.1-jre.jar;C:\Users\doprsama\.m2\repository\com\google\guava\failureaccess\1.0.1\failureaccess-1.0.1.jar;C:\Users\doprsama\.m2\repository\com\google\guava\listenablefuture\9999.0-empty-to-avoid-conflict-with-guava\listenablefuture-9999.0-empty-to-avoid-conflict-with-guava.jar;C:\Users\doprsama\.m2\repository\com\google\code\findbugs\jsr305\3.0.2\jsr305-3.0.2.jar;C:\Users\doprsama\.m2\repository\org\checkerframework\checker-qual\3.12.0\checker-qual-3.12.0.jar;C:\Users\doprsama\.m2\repository\com\google\errorprone\error_prone_annotations\2.11.0\error_prone_annotations-2.11.0.jar;C:\Users\doprsama\.m2\repository\com\google\j2objc\j2objc-annotations\1.3\j2objc-annotations-1.3.jar;C:\Users\doprsama\.m2\repository\com\google\inject\guice\5.1.0\guice-5.1.0.jar;C:\Users\doprsama\.m2\repository\javax\inject\javax.inject\1\javax.inject-1.jar;C:\Users\doprsama\.m2\repository\aopalliance\aopalliance\1.0\aopalliance-1.0.jar;C:\Users\doprsama\.m2\repository\org\jsoup\jsoup\1.14.3\jsoup-1.14.3.jar;C:\Users\doprsama\.m2\repository\com\thoughtworks\xstream\xstream\1.4.19\xstream-1.4.19.jar;C:\Users\doprsama\.m2\repository\io\github\x-stream\mxparser\1.2.2\mxparser-1.2.2.jar;C:\Users\doprsama\.m2\repository\xmlpull\xmlpull\1.1.3.1\xmlpull-1.1.3.1.jar;C:\Users\doprsama\.m2\repository\com\typesafe\config\1.4.2\config-1.4.2.jar;C:\Users\doprsama\.m2\repository\org\imgscalr\imgscalr-lib\4.2\imgscalr-lib-4.2.jar;C:\Users\doprsama\.m2\repository\org\awaitility\awaitility\4.2.0\awaitility-4.2.0.jar;C:\Users\doprsama\.m2\repository\org\freemarker\freemarker\2.3.31\freemarker-2.3.31.jar;C:\Users\doprsama\.m2\repository\io\github\classgraph\classgraph\4.8.138\classgraph-4.8.138.jar;C:\Users\doprsama\.m2\repository\net\sourceforge\jexcelapi\jxl\2.6.12\jxl-2.6.12.jar;C:\Users\doprsama\.m2\repository\net\bytebuddy\byte-buddy-agent\1.12.12\byte-buddy-agent-1.12.12.jar;C:\Users\doprsama\.m2\repository\org\objenesis\objenesis\3.1\objenesis-3.1.jar;C:\Users\doprsama\.m2\repository\net\serenity-bdd\serenity-reports\3.3.4\serenity-reports-3.3.4.jar;C:\Users\doprsama\.m2\repository\net\serenity-bdd\serenity-stats\3.3.4\serenity-stats-3.3.4.jar;C:\Users\doprsama\.m2\repository\net\serenity-bdd\serenity-reports-configuration\3.3.4\serenity-reports-configuration-3.3.4.jar;C:\Users\doprsama\.m2\repository\com\vladsch\flexmark\flexmark-all\0.34.30\flexmark-all-0.34.30.jar;C:\Users\doprsama\.m2\repository\com\vladsch\flexmark\flexmark\0.34.30\flexmark-0.34.30.jar;C:\Users\doprsama\.m2\repository\com\vladsch\flexmark\flexmark-ext-abbreviation\0.34.30\flexmark-ext-abbreviation-0.34.30.jar;C:\Users\doprsama\.m2\repository\com\vladsch\flexmark\flexmark-ext-admonition\0.34.30\flexmark-ext-admonition-0.34.30.jar;C:\Users\doprsama\.m2\repository\com\vladsch\flexmark\flexmark-ext-anchorlink\0.34.30\flexmark-ext-anchorlink-0.34.30.jar;C:\Users\doprsama\.m2\repository\com\vladsch\flexmark\flexmark-ext-aside\0.34.30\flexmark-ext-aside-0.34.30.jar;C:\Users\doprsama\.m2\repository\com\vladsch\flexmark\flexmark-ext-attributes\0.34.30\flexmark-ext-attributes-0.34.30.jar;C:\Users\doprsama\.m2\repository\com\vladsch\flexmark\flexmark-ext-autolink\0.34.30\flexmark-ext-autolink-0.34.30.jar;C:\Users\doprsama\.m2\repository\org\nibor\autolink\autolink\0.6.0\autolink-0.6.0.jar;C:\Users\doprsama\.m2\repository\com\vladsch\flexmark\flexmark-ext-definition\0.34.30\flexmark-ext-definition-0.34.30.jar;C:\Users\doprsama\.m2\repository\com\vladsch\flexmark\flexmark-ext-emoji\0.34.30\flexmark-ext-emoji-0.34.30.jar;C:\Users\doprsama\.m2\repository\com\vladsch\flexmark\flexmark-ext-enumerated-reference\0.34.30\flexmark-ext-enumerated-reference-0.34.30.jar;C:\Users\doprsama\.m2\repository\com\vladsch\flexmark\flexmark-ext-escaped-character\0.34.30\flexmark-ext-escaped-character-0.34.30.jar;C:\Users\doprsama\.m2\repository\com\vladsch\flexmark\flexmark-ext-footnotes\0.34.30\flexmark-ext-footnotes-0.34.30.jar;C:\Users\doprsama\.m2\repository\com\vladsch\flexmark\flexmark-ext-gfm-issues\0.34.30\flexmark-ext-gfm-issues-0.34.30.jar;C:\Users\doprsama\.m2\repository\com\vladsch\flexmark\flexmark-ext-gfm-strikethrough\0.34.30\flexmark-ext-gfm-strikethrough-0.34.30.jar;C:\Users\doprsama\.m2\repository\com\vladsch\flexmark\flexmark-ext-gfm-tables\0.34.30\flexmark-ext-gfm-tables-0.34.30.jar;C:\Users\doprsama\.m2\repository\com\vladsch\flexmark\flexmark-ext-gfm-tasklist\0.34.30\flexmark-ext-gfm-tasklist-0.34.30.jar;C:\Users\doprsama\.m2\repository\com\vladsch\flexmark\flexmark-ext-gfm-users\0.34.30\flexmark-ext-gfm-users-0.34.30.jar;C:\Users\doprsama\.m2\repository\com\vladsch\flexmark\flexmark-ext-gitlab\0.34.30\flexmark-ext-gitlab-0.34.30.jar;C:\Users\doprsama\.m2\repository\com\vladsch\flexmark\flexmark-ext-jekyll-front-matter\0.34.30\flexmark-ext-jekyll-front-matter-0.34.30.jar;C:\Users\doprsama\.m2\repository\com\vladsch\flexmark\flexmark-ext-jekyll-tag\0.34.30\flexmark-ext-jekyll-tag-0.34.30.jar;C:\Users\doprsama\.m2\repository\com\vladsch\flexmark\flexmark-ext-media-tags\0.34.30\flexmark-ext-media-tags-0.34.30.jar;C:\Users\doprsama\.m2\repository\com\vladsch\flexmark\flexmark-test-util\0.34.30\flexmark-test-util-0.34.30.jar;C:\Users\doprsama\.m2\repository\com\vladsch\flexmark\flexmark-ext-ins\0.34.30\flexmark-ext-ins-0.34.30.jar;C:\Users\doprsama\.m2\repository\com\vladsch\flexmark\flexmark-ext-xwiki-macros\0.34.30\flexmark-ext-xwiki-macros-0.34.30.jar;C:\Users\doprsama\.m2\repository\com\vladsch\flexmark\flexmark-ext-superscript\0.34.30\flexmark-ext-superscript-0.34.30.jar;C:\Users\doprsama\.m2\repository\com\vladsch\flexmark\flexmark-ext-tables\0.34.30\flexmark-ext-tables-0.34.30.jar;C:\Users\doprsama\.m2\repository\com\vladsch\flexmark\flexmark-ext-toc\0.34.30\flexmark-ext-toc-0.34.30.jar;C:\Users\doprsama\.m2\repository\com\vladsch\flexmark\flexmark-ext-typographic\0.34.30\flexmark-ext-typographic-0.34.30.jar;C:\Users\doprsama\.m2\repository\com\vladsch\flexmark\flexmark-ext-wikilink\0.34.30\flexmark-ext-wikilink-0.34.30.jar;C:\Users\doprsama\.m2\repository\com\vladsch\flexmark\flexmark-ext-yaml-front-matter\0.34.30\flexmark-ext-yaml-front-matter-0.34.30.jar;C:\Users\doprsama\.m2\repository\com\vladsch\flexmark\flexmark-ext-youtube-embedded\0.34.30\flexmark-ext-youtube-embedded-0.34.30.jar;C:\Users\doprsama\.m2\repository\com\vladsch\flexmark\flexmark-formatter\0.34.30\flexmark-formatter-0.34.30.jar;C:\Users\doprsama\.m2\repository\com\vladsch\flexmark\flexmark-html-parser\0.34.30\flexmark-html-parser-0.34.30.jar;C:\Users\doprsama\.m2\repository\com\vladsch\flexmark\flexmark-jira-converter\0.34.30\flexmark-jira-converter-0.34.30.jar;C:\Users\doprsama\.m2\repository\com\vladsch\flexmark\flexmark-pdf-converter\0.34.30\flexmark-pdf-converter-0.34.30.jar;C:\Users\doprsama\.m2\repository\com\openhtmltopdf\openhtmltopdf-core\0.0.1-RC13\openhtmltopdf-core-0.0.1-RC13.jar;C:\Users\doprsama\.m2\repository\com\openhtmltopdf\openhtmltopdf-pdfbox\0.0.1-RC13\openhtmltopdf-pdfbox-0.0.1-RC13.jar;C:\Users\doprsama\.m2\repository\org\apache\pdfbox\pdfbox\2.0.8\pdfbox-2.0.8.jar;C:\Users\doprsama\.m2\repository\org\apache\pdfbox\fontbox\2.0.8\fontbox-2.0.8.jar;C:\Users\doprsama\.m2\repository\org\apache\pdfbox\xmpbox\2.0.8\xmpbox-2.0.8.jar;C:\Users\doprsama\.m2\repository\de\rototor\pdfbox\graphics2d\0.12\graphics2d-0.12.jar;C:\Users\doprsama\.m2\repository\com\openhtmltopdf\openhtmltopdf-rtl-support\0.0.1-RC13\openhtmltopdf-rtl-support-0.0.1-RC13.jar;C:\Users\doprsama\.m2\repository\com\ibm\icu\icu4j\59.1\icu4j-59.1.jar;C:\Users\doprsama\.m2\repository\com\openhtmltopdf\openhtmltopdf-jsoup-dom-converter\0.0.1-RC13\openhtmltopdf-jsoup-dom-converter-0.0.1-RC13.jar;C:\Users\doprsama\.m2\repository\com\vladsch\flexmark\flexmark-profile-pegdown\0.34.30\flexmark-profile-pegdown-0.34.30.jar;C:\Users\doprsama\.m2\repository\com\vladsch\flexmark\flexmark-util\0.34.30\flexmark-util-0.34.30.jar;C:\Users\doprsama\.m2\repository\com\vladsch\flexmark\flexmark-youtrack-converter\0.34.30\flexmark-youtrack-converter-0.34.30.jar;C:\Users\doprsama\.m2\repository\es\nitaur\markdown\txtmark\0.16\txtmark-0.16.jar;C:\Users\doprsama\.m2\repository\net\serenity-bdd\serenity-report-resources\3.3.4\serenity-report-resources-3.3.4.jar;C:\Users\doprsama\.m2\repository\com\google\code\gson\gson\2.9.0\gson-2.9.0.jar;C:\Users\doprsama\.m2\repository\com\fasterxml\jackson\core\jackson-core\2.13.3\jackson-core-2.13.3.jar;C:\Users\doprsama\.m2\repository\com\fasterxml\jackson\core\jackson-databind\2.13.3\jackson-databind-2.13.3.jar;C:\Users\doprsama\.m2\repository\com\fasterxml\jackson\core\jackson-annotations\2.13.3\jackson-annotations-2.13.3.jar;C:\Users\doprsama\.m2\repository\commons-codec\commons-codec\1.15\commons-codec-1.15.jar;C:\Users\doprsama\.m2\repository\commons-io\commons-io\2.11.0\commons-io-2.11.0.jar;C:\Users\doprsama\.m2\repository\org\apache\httpcomponents\httpclient\4.5.13\httpclient-4.5.13.jar;C:\Users\doprsama\.m2\repository\org\apache\httpcomponents\httpcore\4.4.13\httpcore-4.4.13.jar;C:\Users\doprsama\.m2\repository\commons-logging\commons-logging\1.2\commons-logging-1.2.jar;C:\Users\doprsama\.m2\repository\org\seleniumhq\selenium\selenium-java\4.4.0\selenium-java-4.4.0.jar;C:\Users\doprsama\.m2\repository\org\seleniumhq\selenium\selenium-devtools-v102\4.4.0\selenium-devtools-v102-4.4.0.jar;C:\Users\doprsama\.m2\repository\org\seleniumhq\selenium\selenium-devtools-v103\4.4.0\selenium-devtools-v103-4.4.0.jar;C:\Users\doprsama\.m2\repository\org\seleniumhq\selenium\selenium-devtools-v104\4.4.0\selenium-devtools-v104-4.4.0.jar;C:\Users\doprsama\.m2\repository\org\seleniumhq\selenium\selenium-devtools-v85\4.4.0\selenium-devtools-v85-4.4.0.jar;C:\Users\doprsama\.m2\repository\org\seleniumhq\selenium\selenium-opera-driver\4.4.0\selenium-opera-driver-4.4.0.jar;C:\Users\doprsama\.m2\repository\org\seleniumhq\selenium\selenium-remote-driver\4.4.0\selenium-remote-driver-4.4.0.jar;C:\Users\doprsama\.m2\repository\com\beust\jcommander\1.82\jcommander-1.82.jar;C:\Users\doprsama\.m2\repository\io\netty\netty-buffer\4.1.78.Final\netty-buffer-4.1.78.Final.jar;C:\Users\doprsama\.m2\repository\io\netty\netty-codec-http\4.1.78.Final\netty-codec-http-4.1.78.Final.jar;C:\Users\doprsama\.m2\repository\io\netty\netty-codec\4.1.78.Final\netty-codec-4.1.78.Final.jar;C:\Users\doprsama\.m2\repository\io\netty\netty-handler\4.1.78.Final\netty-handler-4.1.78.Final.jar;C:\Users\doprsama\.m2\repository\io\netty\netty-common\4.1.78.Final\netty-common-4.1.78.Final.jar;C:\Users\doprsama\.m2\repository\io\netty\netty-transport-classes-epoll\4.1.78.Final\netty-transport-classes-epoll-4.1.78.Final.jar;C:\Users\doprsama\.m2\repository\io\netty\netty-transport-classes-kqueue\4.1.78.Final\netty-transport-classes-kqueue-4.1.78.Final.jar;C:\Users\doprsama\.m2\repository\io\netty\netty-transport-native-epoll\4.1.78.Final\netty-transport-native-epoll-4.1.78.Final.jar;C:\Users\doprsama\.m2\repository\io\netty\netty-transport-native-kqueue\4.1.78.Final\netty-transport-native-kqueue-4.1.78.Final.jar;C:\Users\doprsama\.m2\repository\io\netty\netty-transport-native-unix-common\4.1.78.Final\netty-transport-native-unix-common-4.1.78.Final.jar;C:\Users\doprsama\.m2\repository\io\netty\netty-transport\4.1.78.Final\netty-transport-4.1.78.Final.jar;C:\Users\doprsama\.m2\repository\io\netty\netty-resolver\4.1.78.Final\netty-resolver-4.1.78.Final.jar;C:\Users\doprsama\.m2\repository\io\opentelemetry\opentelemetry-api\1.16.0\opentelemetry-api-1.16.0.jar;C:\Users\doprsama\.m2\repository\io\opentelemetry\opentelemetry-context\1.16.0\opentelemetry-context-1.16.0.jar;C:\Users\doprsama\.m2\repository\io\opentelemetry\opentelemetry-exporter-logging\1.16.0\opentelemetry-exporter-logging-1.16.0.jar;C:\Users\doprsama\.m2\repository\io\opentelemetry\opentelemetry-sdk-metrics\1.16.0\opentelemetry-sdk-metrics-1.16.0.jar;C:\Users\doprsama\.m2\repository\io\opentelemetry\opentelemetry-sdk-logs\1.16.0-alpha\opentelemetry-sdk-logs-1.16.0-alpha.jar;C:\Users\doprsama\.m2\repository\io\opentelemetry\opentelemetry-sdk-common\1.16.0\opentelemetry-sdk-common-1.16.0.jar;C:\Users\doprsama\.m2\repository\io\opentelemetry\opentelemetry-sdk-extension-autoconfigure-spi\1.16.0\opentelemetry-sdk-extension-autoconfigure-spi-1.16.0.jar;C:\Users\doprsama\.m2\repository\io\opentelemetry\opentelemetry-sdk-extension-autoconfigure\1.16.0-alpha\opentelemetry-sdk-extension-autoconfigure-1.16.0-alpha.jar;C:\Users\doprsama\.m2\repository\io\opentelemetry\opentelemetry-sdk-trace\1.16.0\opentelemetry-sdk-trace-1.16.0.jar;C:\Users\doprsama\.m2\repository\io\opentelemetry\opentelemetry-sdk\1.16.0\opentelemetry-sdk-1.16.0.jar;C:\Users\doprsama\.m2\repository\io\opentelemetry\opentelemetry-semconv\1.16.0-alpha\opentelemetry-semconv-1.16.0-alpha.jar;C:\Users\doprsama\.m2\repository\io\ous\jtoml\2.0.0\jtoml-2.0.0.jar;C:\Users\doprsama\.m2\repository\org\apache\commons\commons-exec\1.3\commons-exec-1.3.jar;C:\Users\doprsama\.m2\repository\org\asynchttpclient\async-http-client\2.12.3\async-http-client-2.12.3.jar;C:\Users\doprsama\.m2\repository\org\asynchttpclient\async-http-client-netty-utils\2.12.3\async-http-client-netty-utils-2.12.3.jar;C:\Users\doprsama\.m2\repository\io\netty\netty-codec-socks\4.1.60.Final\netty-codec-socks-4.1.60.Final.jar;C:\Users\doprsama\.m2\repository\io\netty\netty-handler-proxy\4.1.60.Final\netty-handler-proxy-4.1.60.Final.jar;C:\Users\doprsama\.m2\repository\io\netty\netty-transport-native-epoll\4.1.60.Final\netty-transport-native-epoll-4.1.60.Final-linux-x86_64.jar;C:\Users\doprsama\.m2\repository\io\netty\netty-transport-native-kqueue\4.1.60.Final\netty-transport-native-kqueue-4.1.60.Final-osx-x86_64.jar;C:\Users\doprsama\.m2\repository\org\reactivestreams\reactive-streams\1.0.3\reactive-streams-1.0.3.jar;C:\Users\doprsama\.m2\repository\com\typesafe\netty\netty-reactive-streams\2.0.4\netty-reactive-streams-2.0.4.jar;C:\Users\doprsama\.m2\repository\org\seleniumhq\selenium\selenium-http\4.4.0\selenium-http-4.4.0.jar;C:\Users\doprsama\.m2\repository\dev\failsafe\failsafe\3.2.4\failsafe-3.2.4.jar;C:\Users\doprsama\.m2\repository\org\seleniumhq\selenium\selenium-safari-driver\4.4.0\selenium-safari-driver-4.4.0.jar;C:\Users\doprsama\.m2\repository\org\seleniumhq\selenium\selenium-api\4.4.0\selenium-api-4.4.0.jar;C:\Users\doprsama\.m2\repository\org\seleniumhq\selenium\selenium-support\4.4.0\selenium-support-4.4.0.jar;C:\Users\doprsama\.m2\repository\com\google\auto\service\auto-service-annotations\1.0.1\auto-service-annotations-1.0.1.jar;C:\Users\doprsama\.m2\repository\com\google\auto\service\auto-service\1.0.1\auto-service-1.0.1.jar;C:\Users\doprsama\.m2\repository\com\google\auto\auto-common\1.2\auto-common-1.2.jar;C:\Users\doprsama\.m2\repository\org\seleniumhq\selenium\selenium-json\4.4.0\selenium-json-4.4.0.jar;C:\Users\doprsama\.m2\repository\org\seleniumhq\selenium\selenium-chrome-driver\4.4.0\selenium-chrome-driver-4.4.0.jar;C:\Users\doprsama\.m2\repository\org\seleniumhq\selenium\selenium-chromium-driver\4.4.0\selenium-chromium-driver-4.4.0.jar;C:\Users\doprsama\.m2\repository\org\seleniumhq\selenium\selenium-firefox-driver\4.4.0\selenium-firefox-driver-4.4.0.jar;C:\Users\doprsama\.m2\repository\org\seleniumhq\selenium\selenium-edge-driver\4.4.0\selenium-edge-driver-4.4.0.jar;C:\Users\doprsama\.m2\repository\org\seleniumhq\selenium\selenium-ie-driver\4.4.0\selenium-ie-driver-4.4.0.jar;C:\Users\doprsama\.m2\repository\org\projectlombok\lombok\1.18.20\lombok-1.18.20.jar;C:\Users\doprsama\.m2\repository\io\appium\java-client\8.1.1\java-client-8.1.1.jar;C:\Users\doprsama\.m2\repository\commons-validator\commons-validator\1.7\commons-validator-1.7.jar;C:\Users\doprsama\.m2\repository\commons-digester\commons-digester\2.1\commons-digester-2.1.jar;C:\Users\doprsama\.m2\repository\org\apache\groovy\groovy\4.0.1\groovy-4.0.1.jar;C:\Users\doprsama\.m2\repository\net\sf\opencsv\opencsv\2.0\opencsv-2.0.jar;C:\Users\doprsama\.m2\repository\commons-beanutils\commons-beanutils\1.9.4\commons-beanutils-1.9.4.jar;C:\Users\doprsama\.m2\repository\org\apache\commons\commons-lang3\3.12.0\commons-lang3-3.12.0.jar;C:\Users\doprsama\.m2\repository\commons-collections\commons-collections\3.2.2\commons-collections-3.2.2.jar;C:\Users\doprsama\.m2\repository\org\fluentlenium\fluentlenium-core\0.10.2\fluentlenium-core-0.10.2.jar;C:\Users\doprsama\.m2\repository\io\github\bonigarcia\webdrivermanager\5.2.1\webdrivermanager-5.2.1.jar;C:\Users\doprsama\.m2\repository\com\github\docker-java\docker-java\3.2.13\docker-java-3.2.13.jar;C:\Users\doprsama\.m2\repository\com\github\docker-java\docker-java-core\3.2.13\docker-java-core-3.2.13.jar;C:\Users\doprsama\.m2\repository\com\github\docker-java\docker-java-api\3.2.13\docker-java-api-3.2.13.jar;C:\Users\doprsama\.m2\repository\org\apache\commons\commons-compress\1.21\commons-compress-1.21.jar;C:\Users\doprsama\.m2\repository\org\bouncycastle\bcpkix-jdk15on\1.64\bcpkix-jdk15on-1.64.jar;C:\Users\doprsama\.m2\repository\org\bouncycastle\bcprov-jdk15on\1.64\bcprov-jdk15on-1.64.jar;C:\Users\doprsama\.m2\repository\org\slf4j\jcl-over-slf4j\1.7.30\jcl-over-slf4j-1.7.30.jar;C:\Users\doprsama\.m2\repository\com\github\docker-java\docker-java-transport-httpclient5\3.2.13\docker-java-transport-httpclient5-3.2.13.jar;C:\Users\doprsama\.m2\repository\com\github\docker-java\docker-java-transport\3.2.13\docker-java-transport-3.2.13.jar;C:\Users\doprsama\.m2\repository\net\java\dev\jna\jna\5.8.0\jna-5.8.0.jar;C:\Users\doprsama\.m2\repository\org\brotli\dec\0.1.2\dec-0.1.2.jar;C:\Users\doprsama\.m2\repository\org\apache\httpcomponents\client5\httpclient5\5.1.3\httpclient5-5.1.3.jar;C:\Users\doprsama\.m2\repository\org\apache\httpcomponents\core5\httpcore5\5.1.3\httpcore5-5.1.3.jar;C:\Users\doprsama\.m2\repository\org\apache\httpcomponents\core5\httpcore5-h2\5.1.3\httpcore5-h2-5.1.3.jar;C:\Users\doprsama\.m2\repository\com\jhlabs\filters\2.0.235\filters-2.0.235.jar;C:\Users\doprsama\.m2\repository\com\paulhammant\ngwebdriver\1.1.6\ngwebdriver-1.1.6.jar;C:\Users\doprsama\.m2\repository\joda-time\joda-time\2.8.2\joda-time-2.8.2.jar;C:\Users\doprsama\.m2\repository\org\hamcrest\hamcrest\2.2\hamcrest-2.2.jar;C:\Users\doprsama\.m2\repository\com\google\jimfs\jimfs\1.2\jimfs-1.2.jar;C:\Users\doprsama\.m2\repository\org\mockito\mockito-core\3.3.3\mockito-core-3.3.3.jar;C:\Users\doprsama\.m2\repository\javax\xml\bind\jaxb-api\2.3.1\jaxb-api-2.3.1.jar;C:\Users\doprsama\.m2\repository\javax\activation\javax.activation-api\1.2.0\javax.activation-api-1.2.0.jar;C:\Users\doprsama\.m2\repository\com\sun\xml\bind\jaxb-core\2.3.0.1\jaxb-core-2.3.0.1.jar;C:\Users\doprsama\.m2\repository\com\sun\xml\bind\jaxb-impl\2.3.3\jaxb-impl-2.3.3.jar;C:\Users\doprsama\.m2\repository\jakarta\xml\bind\jakarta.xml.bind-api\2.3.3\jakarta.xml.bind-api-2.3.3.jar;C:\Users\doprsama\.m2\repository\com\sun\activation\jakarta.activation\1.2.2\jakarta.activation-1.2.2.jar;C:\Users\doprsama\.m2\repository\javax\activation\activation\1.1.1\activation-1.1.1.jar;C:\Users\doprsama\.m2\repository\net\serenity-bdd\serenity-cucumber\3.3.4\serenity-cucumber-3.3.4.jar;C:\Users\doprsama\.m2\repository\io\cucumber\cucumber-core\7.4.1\cucumber-core-7.4.1.jar;C:\Users\doprsama\.m2\repository\io\cucumber\cucumber-gherkin\7.4.1\cucumber-gherkin-7.4.1.jar;C:\Users\doprsama\.m2\repository\io\cucumber\cucumber-gherkin-messages\7.4.1\cucumber-gherkin-messages-7.4.1.jar;C:\Users\doprsama\.m2\repository\io\cucumber\gherkin\23.0.1\gherkin-23.0.1.jar;C:\Users\doprsama\.m2\repository\io\cucumber\messages\18.0.0\messages-18.0.0.jar;C:\Users\doprsama\.m2\repository\io\cucumber\tag-expressions\4.1.0\tag-expressions-4.1.0.jar;C:\Users\doprsama\.m2\repository\io\cucumber\cucumber-expressions\16.0.0\cucumber-expressions-16.0.0.jar;C:\Users\doprsama\.m2\repository\io\cucumber\datatable\7.4.1\datatable-7.4.1.jar;C:\Users\doprsama\.m2\repository\io\cucumber\cucumber-plugin\7.4.1\cucumber-plugin-7.4.1.jar;C:\Users\doprsama\.m2\repository\io\cucumber\docstring\7.4.1\docstring-7.4.1.jar;C:\Users\doprsama\.m2\repository\io\cucumber\html-formatter\19.2.0\html-formatter-19.2.0.jar;C:\Users\doprsama\.m2\repository\io\cucumber\ci-environment\9.0.4\ci-environment-9.0.4.jar;C:\Users\doprsama\.m2\repository\io\cucumber\cucumber-java\7.4.1\cucumber-java-7.4.1.jar;C:\Users\doprsama\.m2\repository\io\cucumber\cucumber-junit\7.4.1\cucumber-junit-7.4.1.jar;C:\Users\doprsama\.m2\repository\org\apache\commons\commons-csv\1.5\commons-csv-1.5.jar;C:\Users\doprsama\.m2\repository\net\serenity-bdd\serenity-screenplay\3.3.4\serenity-screenplay-3.3.4.jar;C:\Users\doprsama\.m2\repository\net\serenity-bdd\serenity-screenplay-webdriver\3.3.4\serenity-screenplay-webdriver-3.3.4.jar;C:\Users\doprsama\.m2\repository\net\serenity-bdd\serenity-ensure\3.3.4\serenity-ensure-3.3.4.jar;C:\Users\doprsama\.m2\repository\net\serenity-bdd\serenity-junit\3.3.4\serenity-junit-3.3.4.jar;C:\Users\doprsama\.m2\repository\org\jetbrains\kotlin\kotlin-stdlib\1.7.10\kotlin-stdlib-1.7.10.jar;C:\Users\doprsama\.m2\repository\org\jetbrains\kotlin\kotlin-stdlib-common\1.7.10\kotlin-stdlib-common-1.7.10.jar;C:\Users\doprsama\.m2\repository\org\jetbrains\annotations\13.0\annotations-13.0.jar;C:\Users\doprsama\.m2\repository\org\junit\platform\junit-platform-launcher\1.8.2\junit-platform-launcher-1.8.2.jar;C:\Users\doprsama\.m2\repository\org\junit\platform\junit-platform-engine\1.8.2\junit-platform-engine-1.8.2.jar;C:\Users\doprsama\.m2\repository\org\opentest4j\opentest4j\1.2.0\opentest4j-1.2.0.jar;C:\Users\doprsama\.m2\repository\org\junit\platform\junit-platform-commons\1.8.2\junit-platform-commons-1.8.2.jar;C:\Users\doprsama\.m2\repository\org\apiguardian\apiguardian-api\1.1.2\apiguardian-api-1.1.2.jar;C:\Users\doprsama\.m2\repository\org\junit\jupiter\junit-jupiter-engine\5.8.2\junit-jupiter-engine-5.8.2.jar;C:\Users\doprsama\.m2\repository\org\junit\jupiter\junit-jupiter-api\5.8.2\junit-jupiter-api-5.8.2.jar;C:\Users\doprsama\.m2\repository\org\junit\vintage\junit-vintage-engine\5.8.2\junit-vintage-engine-5.8.2.jar;C:\Users\doprsama\.m2\repository\junit\junit\4.13.2\junit-4.13.2.jar;C:\Users\doprsama\.m2\repository\org\hamcrest\hamcrest-core\1.3\hamcrest-core-1.3.jar;C:\Users\doprsama\.m2\repository\ch\qos\logback\logback-classic\1.2.10\logback-classic-1.2.10.jar;C:\Users\doprsama\.m2\repository\ch\qos\logback\logback-core\1.2.10\logback-core-1.2.10.jar;C:\Users\doprsama\.m2\repository\org\slf4j\slf4j-api\1.7.32\slf4j-api-1.7.32.jar;C:\Users\doprsama\.m2\repository\org\assertj\assertj-core\3.23.1\assertj-core-3.23.1.jar;C:\Users\doprsama\.m2\repository\net\bytebuddy\byte-buddy\1.12.10\byte-buddy-1.12.10.jar;C:\Users\doprsama\.m2\repository\com\itextpdf\io\7.0.2\io-7.0.2.jar;C:\Users\doprsama\.m2\repository\com\itextpdf\layout\7.0.2\layout-7.0.2.jar;C:\Users\doprsama\.m2\repository\com\itextpdf\kernel\7.0.2\kernel-7.0.2.jar;C:\Users\doprsama\.m2\repository\com\itextpdf\forms\7.0.2\forms-7.0.2.jar;C:\Users\doprsama\.m2\repository\com\itextpdf\pdfa\7.0.2\pdfa-7.0.2.jar;C:\Users\doprsama\.m2\repository\com\itextpdf\sign\7.0.2\sign-7.0.2.jar;C:\Users\doprsama\.m2\repository\com\itextpdf\barcodes\7.0.2\barcodes-7.0.2.jar;C:\Users\doprsama\.m2\repository\com\itextpdf\font-asian\7.0.2\font-asian-7.0.2.jar;C:\Users\doprsama\.m2\repository\com\itextpdf\hyph\7.0.2\hyph-7.0.2.jar;C:\Users\doprsama\.m2\repository\org\apache\maven\surefire\surefire-junit-platform\3.0.0-M5\surefire-junit-platform-3.0.0-M5.jar;C:\Users\doprsama\.m2\repository\org\apache\maven\surefire\common-java5\3.0.0-M5\common-java5-3.0.0-M5.jar"/>
    <property name="user.script" value=""/>
    <property name="java.protocol.handler.pkgs" value="com.google.common"/>
    <property name="sun.management.compiler" value="HotSpot 64-Bit Tiered Compilers"/>
    <property name="java.runtime.version" value="19+36-2238"/>
    <property name="user.name" value="DOPRSAMA"/>
    <property name="stdout.encoding" value="Cp1252"/>
    <property name="path.separator" value=";"/>
    <property name="os.version" value="10.0"/>
    <property name="java.runtime.name" value="Java(TM) SE Runtime Environment"/>
    <property name="file.encoding" value="UTF-8"/>
    <property name="webdriver.base.url" value=""/>
    <property name="java.vm.name" value="Java HotSpot(TM) 64-Bit Server VM"/>
    <property name="localRepository" value="C:\Users\doprsama\.m2\repository"/>
    <property name="java.vendor.url.bug" value="https://bugreport.java.com/bugreport/"/>
    <property name="java.io.tmpdir" value="C:\Users\doprsama\AppData\Local\Temp\"/>
    <property name="java.version" value="19"/>
    <property name="user.dir" value="C:\Users\doprsama\eclipse-workspace\PracticaCompleta"/>
    <property name="os.arch" value="amd64"/>
    <property name="java.vm.specification.name" value="Java Virtual Machine Specification"/>
    <property name="sun.os.patch.level" value=""/>
    <property name="native.encoding" value="Cp1252"/>
    <property name="java.library.path" value="C:\Program Files\Java\jdk-19\bin;C:\windows\Sun\Java\bin;C:\windows\system32;C:\windows;C:\Program Files\Common Files\Oracle\Java\javapath;C:\windows\system32;C:\windows;C:\windows\System32\Wbem;C:\windows\System32\WindowsPowerShell\v1.0\;C:\windows\System32\OpenSSH\;C:\Program Files\Git\cmd;C:\Program Files\nodejs\;C:\Program Files (x86)\Pulse Secure\VC142.CRT\X64\;C:\Program Files (x86)\Pulse Secure\VC142.CRT\X86\;C:\Program Files (x86)\Common Files\Pulse Secure\TNC Client Plugin\;C:\Program Files\MySQL\MySQL Shell 8.0\bin\;C:\Users\doprsama\AppData\Local\Microsoft\WindowsApps;C:\Users\doprsama\AppData\Local\Programs\Microsoft VS Code\bin;C:\Program Files\apache-maven-3.8.6\bin;C:\Users\doprsama\AppData\Roaming\npm;."/>
    <property name="java.vm.info" value="mixed mode"/>
    <property name="stderr.encoding" value="Cp1252"/>
    <property name="java.vendor" value="Oracle Corporation"/>
    <property name="java.vm.version" value="19+36-2238"/>
    <property name="sun.io.unicode.encoding" value="UnicodeLittle"/>
    <property name="java.class.version" value="63.0"/>
  </properties>
  <testcase name="Cesta #1" classname="Cesta" time="15.095">
    <system-out><![CDATA[18:00:38.908 [main] DEBUG net.thucydides.core.guice.Injectors - Created injector for module net.thucydides.core.guice.ThucydidesModule
18:00:39.076 [main] INFO io.cucumber.core.plugin.SerenityReporter - Running feature from file:///C:/Users/doprsama/eclipse-workspace/PracticaCompleta/src/test/resources/features/cesta.feature
18:00:39.185 [main] DEBUG net.thucydides.core.guice.Injectors - Created injector for module net.thucydides.core.guice.webdriver.WebDriverModule
18:00:39.195 [main] INFO  - 

-------------------------------------------------------------------------------------
     _______. _______ .______       _______ .__   __.  __  .___________.____    ____ 
    /       ||   ____||   _  \     |   ____||  \ |  | |  | |           |\   \  /   / 
   |   (----`|  |__   |  |_)  |    |  |__   |   \|  | |  | `---|  |----` \   \/   /  
    \   \    |   __|  |      /     |   __|  |  . `  | |  |     |  |       \_    _/   
.----)   |   |  |____ |  |\  \----.|  |____ |  |\   | |  |     |  |         |  |     
|_______/    |_______|| _| `._____||_______||__| \__| |__|     |__|         |__|    
                                                                                     
 News and tutorials at http://www.serenity-bdd.info                                  
 Documentation at https://wakaleo.gitbooks.io/the-serenity-book/content/             
 Join the Serenity Community on Gitter: https://gitter.im/serenity-bdd/serenity-core 
 Serenity BDD Support and Training at http://serenity-bdd.info/#/trainingandsupport  
-------------------------------------------------------------------------------------

18:00:39.197 [main] DEBUG net.thucydides.core.steps.StepEventBus - Test suite started for story net.thucydides.core.model.Story@2680fcc8
18:00:39.199 [main] INFO  - Test Suite Started: Cesta
18:00:39.207 [main] INFO io.cucumber.core.plugin.SerenityReporter - Running feature from file:///C:/Users/doprsama/eclipse-workspace/PracticaCompleta/src/test/resources/features/cesta.feature
18:00:39.210 [main] DEBUG net.thucydides.core.steps.StepEventBus - Test suite started for story net.thucydides.core.model.Story@2680fcc8
18:00:39.210 [main] INFO  - Test Suite Started: Cesta

@Cesta
Scenario Outline: Cesta                                            &amp#27;[90m# src/test/resources/features/cesta.feature:36&amp#27;[0m
18:00:39.271 [main] INFO io.cucumber.core.plugin.SerenityReporter - Running feature from file:///C:/Users/doprsama/eclipse-workspace/PracticaCompleta/src/test/resources/features/cesta.feature
18:00:39.344 [main] INFO  - 
  _____   ___   ___   _____     ___   _____     _     ___   _____   ___   ___  
 |_   _| | __| / __| |_   _|   / __| |_   _|   /_\   | _ \ |_   _| | __| |   \ 
   | |   | _|  \__ \   | |     \__ \   | |    / _ \  |   /   | |   | _|  | |) |
   |_|   |___| |___/   |_|     |___/   |_|   /_/ \_\ |_|_\   |_|   |___| |___/ 

Cesta(cesta;cesta)
--------------------------------------------------------------------------------
18:00:40.047 [main] DEBUG net.thucydides.core.steps.StepInterceptor - STARTING STEP: ComprobarCestaStep.estoy_logeado_con_el_usuario_de_contraseña - abro la pagina
18:00:40.068 [main] INFO net.serenitybdd.core.webdriver.driverproviders.DriverProvider - Using WebDriverManager configuration for chrome
18:00:40.318 [main] DEBUG io.github.bonigarcia.wdm.cache.ResolutionCache - Resolution chrome=108 in cache (valid until 18:48:01 10/01/2023 CET)
18:00:40.319 [main] DEBUG io.github.bonigarcia.wdm.cache.ResolutionCache - Resolution chrome108=108.0.5359.71 in cache (valid until 15:25:22 11/01/2023 CET)
18:00:40.319 [main] INFO io.github.bonigarcia.wdm.WebDriverManager - Using chromedriver 108.0.5359.71 (resolved driver for Chrome 108)
18:00:40.328 [main] DEBUG io.github.bonigarcia.wdm.WebDriverManager - Driver chromedriver 108.0.5359.71 found in cache
18:00:40.328 [main] INFO io.github.bonigarcia.wdm.WebDriverManager - Exporting webdriver.chrome.driver as C:\Users\doprsama\.cache\selenium\chromedriver\win32\108.0.5359.71\chromedriver.exe
18:00:40.392 [main] INFO net.serenitybdd.core.webdriver.driverproviders.ChromeDriverProvider - Starting Chrome driver instance with capabilities:
18:00:40.393 [main] INFO net.serenitybdd.core.webdriver.driverproviders.ChromeDriverProvider - Capabilities {acceptInsecureCerts: false, browserName: chrome, goog:chromeOptions: {args: [], extensions: []}}
18:00:40.433 [main] DEBUG io.netty.util.internal.logging.InternalLoggerFactory - Using SLF4J as the default logging framework
18:00:40.435 [main] DEBUG io.netty.util.ResourceLeakDetector - -Dio.netty.leakDetection.level: simple
18:00:40.435 [main] DEBUG io.netty.util.ResourceLeakDetector - -Dio.netty.leakDetection.targetRecords: 4
18:00:40.437 [main] DEBUG io.netty.util.ResourceLeakDetectorFactory - Loaded default ResourceLeakDetector: io.netty.util.ResourceLeakDetector@1d8dbf10
18:00:40.446 [main] DEBUG io.netty.util.internal.PlatformDependent0 - -Dio.netty.noUnsafe: false
18:00:40.446 [main] DEBUG io.netty.util.internal.PlatformDependent0 - Java version: 19
18:00:40.447 [main] DEBUG io.netty.util.internal.PlatformDependent0 - sun.misc.Unsafe.theUnsafe: available
18:00:40.447 [main] DEBUG io.netty.util.internal.PlatformDependent0 - sun.misc.Unsafe.copyMemory: available
18:00:40.447 [main] DEBUG io.netty.util.internal.PlatformDependent0 - sun.misc.Unsafe.storeFence: available
18:00:40.448 [main] DEBUG io.netty.util.internal.PlatformDependent0 - java.nio.Buffer.address: available
18:00:40.448 [main] DEBUG io.netty.util.internal.PlatformDependent0 - direct buffer constructor: unavailable: Reflective setAccessible(true) disabled
18:00:40.448 [main] DEBUG io.netty.util.internal.PlatformDependent0 - java.nio.Bits.unaligned: available, true
18:00:40.449 [main] DEBUG io.netty.util.internal.PlatformDependent0 - jdk.internal.misc.Unsafe.allocateUninitializedArray(int): unavailable: class io.netty.util.internal.PlatformDependent0$7 cannot access class jdk.internal.misc.Unsafe (in module java.base) because module java.base does not export jdk.internal.misc to unnamed module @c333c60
18:00:40.450 [main] DEBUG io.netty.util.internal.PlatformDependent0 - java.nio.DirectByteBuffer.<init>(long, int): unavailable
18:00:40.450 [main] DEBUG io.netty.util.internal.PlatformDependent - sun.misc.Unsafe: available
18:00:40.451 [main] DEBUG io.netty.util.internal.PlatformDependent - maxDirectMemory: 4213178368 bytes (maybe)
18:00:40.451 [main] DEBUG io.netty.util.internal.PlatformDependent - -Dio.netty.tmpdir: C:\Users\doprsama\AppData\Local\Temp (java.io.tmpdir)
18:00:40.451 [main] DEBUG io.netty.util.internal.PlatformDependent - -Dio.netty.bitMode: 64 (sun.arch.data.model)
18:00:40.451 [main] DEBUG io.netty.util.internal.PlatformDependent - Platform: Windows
18:00:40.451 [main] DEBUG io.netty.util.internal.PlatformDependent - -Dio.netty.maxDirectMemory: -1 bytes
18:00:40.452 [main] DEBUG io.netty.util.internal.PlatformDependent - -Dio.netty.uninitializedArrayAllocationThreshold: -1
18:00:40.452 [main] DEBUG io.netty.util.internal.CleanerJava9 - java.nio.ByteBuffer.cleaner(): available
18:00:40.452 [main] DEBUG io.netty.util.internal.PlatformDependent - -Dio.netty.noPreferDirect: false
18:00:40.457 [main] DEBUG io.netty.util.internal.PlatformDependent - org.jctools-core.MpscChunkedArrayQueue: available
18:00:40.467 [main] DEBUG io.netty.util.internal.InternalThreadLocalMap - -Dio.netty.threadLocalMap.stringBuilder.initialSize: 1024
18:00:40.467 [main] DEBUG io.netty.util.internal.InternalThreadLocalMap - -Dio.netty.threadLocalMap.stringBuilder.maxSize: 4096
18:00:40.503 [main] DEBUG io.netty.handler.ssl.JdkSslContext - Default protocols (JDK): [TLSv1.3, TLSv1.2] 
18:00:40.503 [main] DEBUG io.netty.handler.ssl.JdkSslContext - Default cipher suites (JDK): [TLS_ECDHE_ECDSA_WITH_AES_256_GCM_SHA384, TLS_ECDHE_ECDSA_WITH_AES_128_GCM_SHA256, TLS_ECDHE_RSA_WITH_AES_128_GCM_SHA256, TLS_ECDHE_RSA_WITH_AES_256_GCM_SHA384, TLS_ECDHE_RSA_WITH_AES_128_CBC_SHA, TLS_ECDHE_RSA_WITH_AES_256_CBC_SHA, TLS_RSA_WITH_AES_128_GCM_SHA256, TLS_RSA_WITH_AES_128_CBC_SHA, TLS_RSA_WITH_AES_256_CBC_SHA, TLS_AES_128_GCM_SHA256, TLS_AES_256_GCM_SHA384]
18:00:40.518 [main] DEBUG io.netty.channel.MultithreadEventLoopGroup - -Dio.netty.eventLoopThreads: 16
18:00:40.523 [main] DEBUG io.netty.channel.nio.NioEventLoop - -Dio.netty.noKeySetOptimization: false
18:00:40.523 [main] DEBUG io.netty.channel.nio.NioEventLoop - -Dio.netty.selectorAutoRebuildThreshold: 512
18:00:40.572 [main] DEBUG io.netty.buffer.PooledByteBufAllocator - -Dio.netty.allocator.numHeapArenas: 16
18:00:40.573 [main] DEBUG io.netty.buffer.PooledByteBufAllocator - -Dio.netty.allocator.numDirectArenas: 16
18:00:40.573 [main] DEBUG io.netty.buffer.PooledByteBufAllocator - -Dio.netty.allocator.pageSize: 8192
18:00:40.573 [main] DEBUG io.netty.buffer.PooledByteBufAllocator - -Dio.netty.allocator.maxOrder: 9
18:00:40.573 [main] DEBUG io.netty.buffer.PooledByteBufAllocator - -Dio.netty.allocator.chunkSize: 4194304
18:00:40.573 [main] DEBUG io.netty.buffer.PooledByteBufAllocator - -Dio.netty.allocator.smallCacheSize: 256
18:00:40.573 [main] DEBUG io.netty.buffer.PooledByteBufAllocator - -Dio.netty.allocator.normalCacheSize: 64
18:00:40.573 [main] DEBUG io.netty.buffer.PooledByteBufAllocator - -Dio.netty.allocator.maxCachedBufferCapacity: 32768
18:00:40.573 [main] DEBUG io.netty.buffer.PooledByteBufAllocator - -Dio.netty.allocator.cacheTrimInterval: 8192
18:00:40.573 [main] DEBUG io.netty.buffer.PooledByteBufAllocator - -Dio.netty.allocator.cacheTrimIntervalMillis: 0
18:00:40.573 [main] DEBUG io.netty.buffer.PooledByteBufAllocator - -Dio.netty.allocator.useCacheForAllThreads: false
18:00:40.573 [main] DEBUG io.netty.buffer.PooledByteBufAllocator - -Dio.netty.allocator.maxCachedByteBuffersPerChunk: 1023
18:00:40.579 [main] DEBUG io.netty.buffer.ByteBufUtil - -Dio.netty.allocator.type: pooled
18:00:40.579 [main] DEBUG io.netty.buffer.ByteBufUtil - -Dio.netty.threadLocalDirectBufferSize: 0
18:00:40.580 [main] DEBUG io.netty.buffer.ByteBufUtil - -Dio.netty.maxThreadLocalCharBufferSize: 16384
18:00:40.760 [Forwarding newSession on session null to remote] DEBUG io.netty.channel.DefaultChannelId - -Dio.netty.processId: 19000 (auto-detected)
18:00:40.761 [Forwarding newSession on session null to remote] DEBUG io.netty.util.NetUtil - -Djava.net.preferIPv4Stack: false
18:00:40.761 [Forwarding newSession on session null to remote] DEBUG io.netty.util.NetUtil - -Djava.net.preferIPv6Addresses: false
18:00:40.767 [Forwarding newSession on session null to remote] DEBUG io.netty.util.NetUtilInitializations - Loopback interface: lo (Software Loopback Interface 1, 127.0.0.1)
18:00:40.767 [Forwarding newSession on session null to remote] DEBUG io.netty.util.NetUtil - Failed to get SOMAXCONN from sysctl and file \proc\sys\net\core\somaxconn. Default: 200
18:00:40.786 [Forwarding newSession on session null to remote] DEBUG io.netty.channel.DefaultChannelId - -Dio.netty.machineId: 50:c2:e8:ff:fe:61:20:37 (auto-detected)
18:00:40.812 [AsyncHttpClient-1-2] DEBUG io.netty.buffer.AbstractByteBuf - -Dio.netty.buffer.checkAccessible: true
18:00:40.812 [AsyncHttpClient-1-2] DEBUG io.netty.buffer.AbstractByteBuf - -Dio.netty.buffer.checkBounds: true
18:00:40.812 [AsyncHttpClient-1-2] DEBUG io.netty.util.ResourceLeakDetectorFactory - Loaded default ResourceLeakDetector: io.netty.util.ResourceLeakDetector@41a6859
18:00:40.818 [AsyncHttpClient-1-2] DEBUG org.asynchttpclient.netty.channel.NettyConnectListener - Using new Channel '[id: 0x51f1f9e8, L:/127.0.0.1:59215 - R:localhost/127.0.0.1:65249]' for 'POST' to '/session'
18:00:40.827 [AsyncHttpClient-1-2] DEBUG io.netty.util.Recycler - -Dio.netty.recycler.maxCapacityPerThread: 4096
18:00:40.827 [AsyncHttpClient-1-2] DEBUG io.netty.util.Recycler - -Dio.netty.recycler.ratio: 8
18:00:40.827 [AsyncHttpClient-1-2] DEBUG io.netty.util.Recycler - -Dio.netty.recycler.chunkSize: 32
18:00:40.827 [AsyncHttpClient-1-2] DEBUG io.netty.util.Recycler - -Dio.netty.recycler.blocking: false
18:00:41.423 [AsyncHttpClient-1-2] DEBUG io.netty.handler.codec.compression.Brotli - brotli4j not in the classpath; Brotli support will be unavailable.
18:00:41.423 [AsyncHttpClient-1-2] DEBUG org.asynchttpclient.netty.handler.HttpHandler - 

Request DefaultHttpRequest(decodeResult: success, version: HTTP/1.1)
POST /session HTTP/1.1
User-Agent: selenium/4.4.0 (java windows)
Content-Length: 437
Content-Type: application/json; charset=utf-8
host: localhost:65249
accept: */*

Response DefaultHttpResponse(decodeResult: success, version: HTTP/1.1)
HTTP/1.1 200 OK
Content-Type: application/json; charset=utf-8
cache-control: no-cache
content-length: 794

18:00:41.428 [AsyncHttpClient-1-2] DEBUG org.asynchttpclient.netty.channel.ChannelManager - Adding key: http://localhost:65249 for channel [id: 0x51f1f9e8, L:/127.0.0.1:59215 - R:localhost/127.0.0.1:65249]
18:00:41.468 [AsyncHttpClient-1-3] DEBUG org.asynchttpclient.netty.channel.NettyConnectListener - Using new Channel '[id: 0x6f506c2c, L:/127.0.0.1:59222 - R:localhost/127.0.0.1:59216]' for 'GET' to '/json/version'
18:00:41.470 [AsyncHttpClient-1-3] DEBUG org.asynchttpclient.netty.handler.HttpHandler - 

Request DefaultFullHttpRequest(decodeResult: success, version: HTTP/1.1, content: EmptyByteBufBE)
GET /json/version HTTP/1.1
User-Agent: selenium/4.4.0 (java windows)
host: localhost:59216
accept: */*

Response DefaultHttpResponse(decodeResult: success, version: HTTP/1.1)
HTTP/1.1 200 OK
Content-Type: application/json; charset=UTF-8
content-length: 424

18:00:41.470 [AsyncHttpClient-1-3] DEBUG org.asynchttpclient.netty.channel.ChannelManager - Adding key: http://localhost:59216 for channel [id: 0x6f506c2c, L:/127.0.0.1:59222 - R:localhost/127.0.0.1:59216]
18:00:41.475 [main] DEBUG io.netty.util.internal.ThreadLocalRandom - -Dio.netty.initialSeedUniquifier: 0x94b63238819ba089
18:00:41.477 [AsyncHttpClient-1-4] DEBUG org.asynchttpclient.netty.channel.NettyConnectListener - Using new Channel '[id: 0x1606bad2, L:/127.0.0.1:59223 - R:localhost/127.0.0.1:59216]' for 'GET' to '/devtools/browser/39ac1cb9-a7fb-41c5-980e-bce0d3d7d796'
18:00:41.479 [AsyncHttpClient-1-4] DEBUG org.asynchttpclient.netty.handler.WebSocketHandler - 

Request DefaultFullHttpRequest(decodeResult: success, version: HTTP/1.1, content: EmptyByteBufBE)
GET /devtools/browser/39ac1cb9-a7fb-41c5-980e-bce0d3d7d796 HTTP/1.1
upgrade: websocket
connection: upgrade
sec-websocket-key: WgNABKR7o+64B00t5DbA6Q==
sec-websocket-version: 13
origin: http://localhost:59216
host: localhost:59216
accept: */*
user-agent: AHC/2.1

Response DefaultHttpResponse(decodeResult: success, version: HTTP/1.1)
HTTP/1.1 101 WebSocket Protocol Handshake
Upgrade: WebSocket
Connection: Upgrade
Sec-WebSocket-Accept: SQ6xi6iDRa9v0r5AXdC2actkM1M=

18:00:41.564 [AsyncHttpClient-1-1] DEBUG org.asynchttpclient.netty.channel.DefaultChannelPool - Entry count for : http://localhost:59216 : 1
18:00:41.564 [AsyncHttpClient-1-1] DEBUG org.asynchttpclient.netty.channel.DefaultChannelPool - Entry count for : http://localhost:65249 : 1
18:00:41.951 [main] DEBUG net.thucydides.core.reflection.ClassFinder - Could not load class .Run.PracticaRunTest
18:00:41.951 [main] DEBUG net.thucydides.core.reflection.ClassFinder - Could not load class .Step.CompararPreciosStep
18:00:41.951 [main] DEBUG net.thucydides.core.reflection.ClassFinder - Could not load class .Step.ComprobarCestaStep
18:00:41.951 [main] DEBUG net.thucydides.core.reflection.ClassFinder - Could not load class .Step.RealizarRegistrarStep
18:00:41.951 [main] DEBUG net.thucydides.core.reflection.ClassFinder - Could not load class .Step.RelalizarLoginStep
18:00:41.951 [main] DEBUG net.thucydides.core.reflection.ClassFinder - Could not load class .com.AlmacenCapturas.AlmacenRutasDeCapturaPantalla
18:00:41.951 [main] DEBUG net.thucydides.core.reflection.ClassFinder - Could not load class .com.AlmacenCapturas.CapturaPantalla
18:00:41.951 [main] DEBUG net.thucydides.core.reflection.ClassFinder - Could not load class .com.Cesta.CestaPage
18:00:41.951 [main] DEBUG net.thucydides.core.reflection.ClassFinder - Could not load class .com.Cesta.CrearTabla
18:00:41.952 [main] DEBUG net.thucydides.core.reflection.ClassFinder - Could not load class .com.Cesta.DevolverNombreTelefono
18:00:41.952 [main] DEBUG net.thucydides.core.reflection.ClassFinder - Could not load class .com.Home.AbrirHome
18:00:41.952 [main] DEBUG net.thucydides.core.reflection.ClassFinder - Could not load class .com.Home.DevolverMensaje
18:00:41.952 [main] DEBUG net.thucydides.core.reflection.ClassFinder - Could not load class .com.Home.HomePage
18:00:41.952 [main] DEBUG net.thucydides.core.reflection.ClassFinder - Could not load class .com.Home.NavegacionHome
18:00:41.952 [main] DEBUG net.thucydides.core.reflection.ClassFinder - Could not load class .com.Logearse.AccionLogearse
18:00:41.952 [main] DEBUG net.thucydides.core.reflection.ClassFinder - Could not load class .com.Logearse.LoginPage
18:00:41.952 [main] DEBUG net.thucydides.core.reflection.ClassFinder - Could not load class .com.Registrarse.AccionRegistrarse
18:00:41.952 [main] DEBUG net.thucydides.core.reflection.ClassFinder - Could not load class .com.Registrarse.DevolverAlert
18:00:41.952 [main] DEBUG net.thucydides.core.reflection.ClassFinder - Could not load class .com.Registrarse.RegistrarPage
18:00:41.952 [main] DEBUG net.thucydides.core.reflection.ClassFinder - Could not load class .com.Telefono.AccionAnadir
18:00:41.952 [main] DEBUG net.thucydides.core.reflection.ClassFinder - Could not load class .com.Telefono.NavegacionTelefono
18:00:41.952 [main] DEBUG net.thucydides.core.reflection.ClassFinder - Could not load class .com.Telefono.TelefonoPage
18:00:41.952 [main] DEBUG net.thucydides.core.reflection.ClassFinder - Could not load class .com.project.pom.Espera
18:00:41.952 [main] DEBUG net.thucydides.core.reflection.ClassFinder - Could not load class .com.project.pom.Telefono
18:00:41.952 [main] DEBUG net.thucydides.core.reflection.ClassFinder - Could not load class .com.project.pom.Usuarios
18:00:41.952 [main] DEBUG net.thucydides.core.reflection.ClassFinder - Could not load class .utiles.componentesDelPdf.CreadorPdf
18:00:41.952 [main] DEBUG net.thucydides.core.reflection.ClassFinder - Could not load class .utiles.componentesDelPdf.Descripcion
18:00:41.952 [main] DEBUG net.thucydides.core.reflection.ClassFinder - Could not load class .utiles.componentesDelPdf.RutasPdf
18:00:41.952 [main] DEBUG net.thucydides.core.reflection.ClassFinder - Could not load class .utiles.componentesDelPdf.Sprint
18:00:41.952 [main] DEBUG net.thucydides.core.reflection.ClassFinder - Could not load class .utiles.componentesDelPdf.Telefonos
18:00:41.952 [main] DEBUG net.thucydides.core.reflection.ClassFinder - Could not load class .utiles.componentesDelPdf.TituloPortada
18:00:41.952 [main] DEBUG net.thucydides.core.reflection.ClassFinder - Could not load class .utiles.componentesDelPdf.Usuario
18:00:41.952 [main] DEBUG net.thucydides.core.reflection.ClassFinder - Could not load class .utiles.crearPDF.FactoriaPDF
18:00:41.952 [main] DEBUG net.thucydides.core.reflection.ClassFinder - Could not load class .utiles.crearPDF.PdfLogin
18:00:41.953 [main] DEBUG net.thucydides.core.reflection.ClassFinder - Could not load class META-INF.versions.9.com.sun.istack.logging.StackHelper
18:00:41.953 [main] DEBUG net.thucydides.core.reflection.ClassFinder - Could not load class META-INF.versions.9.com.sun.xml.bind.v2.runtime.reflect.opt.AccessorInjector
18:00:41.954 [main] DEBUG net.thucydides.core.reflection.ClassFinder - Could not load class META-INF.versions.9.com.sun.xml.bind.v2.runtime.reflect.opt.Injector
18:00:41.954 [main] DEBUG net.thucydides.core.reflection.ClassFinder - Could not load class META-INF.versions.9.com.sun.xml.bind.v2.runtime.reflect.opt.OptimizedAccessorFactory
18:00:41.954 [main] DEBUG net.thucydides.core.reflection.ClassFinder - Could not load class META-INF.versions.9.com.sun.xml.bind.v2.runtime.reflect.opt.OptimizedTransducedAccessorFactory
18:00:41.955 [main] DEBUG net.thucydides.core.reflection.ClassFinder - Could not load class META-INF.versions.9.io.opentelemetry.sdk.internal.CurrentJavaVersionSpecific
18:00:41.955 [main] DEBUG net.thucydides.core.reflection.ClassFinder - Could not load class META-INF.versions.9.io.opentelemetry.sdk.internal.Java9VersionSpecific
18:00:41.955 [main] DEBUG net.thucydides.core.reflection.ClassFinder - Could not load class META-INF.versions.9.javax.xml.bind.ModuleUtil
18:00:41.956 [main] DEBUG net.thucydides.core.reflection.ClassFinder - Could not load class META-INF.versions.9.module-info
18:00:41.956 [main] DEBUG net.thucydides.core.reflection.ClassFinder - Could not load class META-INF.versions.9.org.junit.platform.commons.util.ModuleUtils
18:00:42.166 [main] DEBUG net.thucydides.core.reflection.ClassFinder - Could not load class com.google.gson.internal.
18:00:42.272 [main] DEBUG net.thucydides.core.reflection.ClassFinder - Could not load class com.sun.xml.bind.v2.runtime.output.FastInfosetStreamWriterOutput
18:00:42.510 [main] DEBUG net.thucydides.core.reflection.ClassFinder - Could not load class module-info
18:00:42.663 [AsyncHttpClient-1-1] DEBUG org.asynchttpclient.netty.channel.DefaultChannelPool - Entry count for : http://localhost:59216 : 1
18:00:42.663 [AsyncHttpClient-1-1] DEBUG org.asynchttpclient.netty.channel.DefaultChannelPool - Entry count for : http://localhost:65249 : 1
18:00:43.776 [AsyncHttpClient-1-1] DEBUG org.asynchttpclient.netty.channel.DefaultChannelPool - Entry count for : http://localhost:59216 : 1
18:00:43.776 [AsyncHttpClient-1-1] DEBUG org.asynchttpclient.netty.channel.DefaultChannelPool - Entry count for : http://localhost:65249 : 1
18:00:44.378 [Forwarding get on session 37a632245f6107036c08731d76a52a21 to remote] DEBUG org.asynchttpclient.netty.request.NettyRequestSender - Using pooled Channel '[id: 0x51f1f9e8, L:/127.0.0.1:59215 - R:localhost/127.0.0.1:65249]' for 'POST' to 'http://localhost:65249/session/37a632245f6107036c08731d76a52a21/url'
18:00:44.378 [Forwarding get on session 37a632245f6107036c08731d76a52a21 to remote] DEBUG org.asynchttpclient.netty.request.NettyRequestSender - Using open Channel [id: 0x51f1f9e8, L:/127.0.0.1:59215 - R:localhost/127.0.0.1:65249] for POST '/session/37a632245f6107036c08731d76a52a21/url'
18:00:44.868 [AsyncHttpClient-1-1] DEBUG org.asynchttpclient.netty.channel.DefaultChannelPool - Entry count for : http://localhost:59216 : 1
18:00:45.430 [AsyncHttpClient-1-2] DEBUG org.asynchttpclient.netty.handler.HttpHandler - 

Request DefaultHttpRequest(decodeResult: success, version: HTTP/1.1)
POST /session/37a632245f6107036c08731d76a52a21/url HTTP/1.1
User-Agent: selenium/4.4.0 (java windows)
Content-Length: 66
Content-Type: application/json; charset=utf-8
host: localhost:65249
accept: */*

Response DefaultHttpResponse(decodeResult: success, version: HTTP/1.1)
HTTP/1.1 200 OK
Content-Type: application/json; charset=utf-8
cache-control: no-cache
content-length: 14

18:00:45.431 [AsyncHttpClient-1-2] DEBUG org.asynchttpclient.netty.channel.ChannelManager - Adding key: http://localhost:65249 for channel [id: 0x51f1f9e8, L:/127.0.0.1:59215 - R:localhost/127.0.0.1:65249]
18:00:45.434 [Forwarding setTimeout on session 37a632245f6107036c08731d76a52a21 to remote] DEBUG org.asynchttpclient.netty.request.NettyRequestSender - Using pooled Channel '[id: 0x51f1f9e8, L:/127.0.0.1:59215 - R:localhost/127.0.0.1:65249]' for 'POST' to 'http://localhost:65249/session/37a632245f6107036c08731d76a52a21/timeouts'
18:00:45.434 [Forwarding setTimeout on session 37a632245f6107036c08731d76a52a21 to remote] DEBUG org.asynchttpclient.netty.request.NettyRequestSender - Using open Channel [id: 0x51f1f9e8, L:/127.0.0.1:59215 - R:localhost/127.0.0.1:65249] for POST '/session/37a632245f6107036c08731d76a52a21/timeouts'
18:00:45.435 [AsyncHttpClient-1-2] DEBUG org.asynchttpclient.netty.handler.HttpHandler - 

Request DefaultHttpRequest(decodeResult: success, version: HTTP/1.1)
POST /session/37a632245f6107036c08731d76a52a21/timeouts HTTP/1.1
User-Agent: selenium/4.4.0 (java windows)
Content-Length: 22
Content-Type: application/json; charset=utf-8
host: localhost:65249
accept: */*

Response DefaultHttpResponse(decodeResult: success, version: HTTP/1.1)
HTTP/1.1 200 OK
Content-Type: application/json; charset=utf-8
cache-control: no-cache
content-length: 14

18:00:45.435 [AsyncHttpClient-1-2] DEBUG org.asynchttpclient.netty.channel.ChannelManager - Adding key: http://localhost:65249 for channel [id: 0x51f1f9e8, L:/127.0.0.1:59215 - R:localhost/127.0.0.1:65249]
18:00:45.438 [Forwarding getCurrentUrl on session 37a632245f6107036c08731d76a52a21 to remote] DEBUG org.asynchttpclient.netty.request.NettyRequestSender - Using pooled Channel '[id: 0x51f1f9e8, L:/127.0.0.1:59215 - R:localhost/127.0.0.1:65249]' for 'GET' to 'http://localhost:65249/session/37a632245f6107036c08731d76a52a21/url'
18:00:45.439 [Forwarding getCurrentUrl on session 37a632245f6107036c08731d76a52a21 to remote] DEBUG org.asynchttpclient.netty.request.NettyRequestSender - Using open Channel [id: 0x51f1f9e8, L:/127.0.0.1:59215 - R:localhost/127.0.0.1:65249] for GET '/session/37a632245f6107036c08731d76a52a21/url'
18:00:45.444 [AsyncHttpClient-1-2] DEBUG org.asynchttpclient.netty.handler.HttpHandler - 

Request DefaultFullHttpRequest(decodeResult: success, version: HTTP/1.1, content: EmptyByteBufBE)
GET /session/37a632245f6107036c08731d76a52a21/url HTTP/1.1
User-Agent: selenium/4.4.0 (java windows)
Cache-Control: no-cache
Content-Type: application/json; charset=utf-8
host: localhost:65249
accept: */*

Response DefaultHttpResponse(decodeResult: success, version: HTTP/1.1)
HTTP/1.1 200 OK
Content-Type: application/json; charset=utf-8
cache-control: no-cache
content-length: 48

18:00:45.445 [AsyncHttpClient-1-2] DEBUG org.asynchttpclient.netty.channel.ChannelManager - Adding key: http://localhost:65249 for channel [id: 0x51f1f9e8, L:/127.0.0.1:59215 - R:localhost/127.0.0.1:65249]
18:00:45.447 [Forwarding getCurrentUrl on session 37a632245f6107036c08731d76a52a21 to remote] DEBUG org.asynchttpclient.netty.request.NettyRequestSender - Using pooled Channel '[id: 0x51f1f9e8, L:/127.0.0.1:59215 - R:localhost/127.0.0.1:65249]' for 'GET' to 'http://localhost:65249/session/37a632245f6107036c08731d76a52a21/url'
18:00:45.447 [Forwarding getCurrentUrl on session 37a632245f6107036c08731d76a52a21 to remote] DEBUG org.asynchttpclient.netty.request.NettyRequestSender - Using open Channel [id: 0x51f1f9e8, L:/127.0.0.1:59215 - R:localhost/127.0.0.1:65249] for GET '/session/37a632245f6107036c08731d76a52a21/url'
18:00:45.450 [AsyncHttpClient-1-2] DEBUG org.asynchttpclient.netty.handler.HttpHandler - 

Request DefaultFullHttpRequest(decodeResult: success, version: HTTP/1.1, content: EmptyByteBufBE)
GET /session/37a632245f6107036c08731d76a52a21/url HTTP/1.1
User-Agent: selenium/4.4.0 (java windows)
Cache-Control: no-cache
Content-Type: application/json; charset=utf-8
host: localhost:65249
accept: */*

Response DefaultHttpResponse(decodeResult: success, version: HTTP/1.1)
HTTP/1.1 200 OK
Content-Type: application/json; charset=utf-8
cache-control: no-cache
content-length: 48

18:00:45.450 [AsyncHttpClient-1-2] DEBUG org.asynchttpclient.netty.channel.ChannelManager - Adding key: http://localhost:65249 for channel [id: 0x51f1f9e8, L:/127.0.0.1:59215 - R:localhost/127.0.0.1:65249]
18:00:45.466 [main] DEBUG net.serenitybdd.core.photography.Darkroom - Opening darkroom
18:00:45.467 [Darkroom Processing Line] DEBUG net.serenitybdd.core.photography.DarkroomProcessingLine - Darkroom processing line starting up
18:00:45.470 [Forwarding getCurrentWindowHandle on session 37a632245f6107036c08731d76a52a21 to remote] DEBUG org.asynchttpclient.netty.request.NettyRequestSender - Using pooled Channel '[id: 0x51f1f9e8, L:/127.0.0.1:59215 - R:localhost/127.0.0.1:65249]' for 'GET' to 'http://localhost:65249/session/37a632245f6107036c08731d76a52a21/window'
18:00:45.470 [Forwarding getCurrentWindowHandle on session 37a632245f6107036c08731d76a52a21 to remote] DEBUG org.asynchttpclient.netty.request.NettyRequestSender - Using open Channel [id: 0x51f1f9e8, L:/127.0.0.1:59215 - R:localhost/127.0.0.1:65249] for GET '/session/37a632245f6107036c08731d76a52a21/window'
18:00:45.471 [AsyncHttpClient-1-2] DEBUG org.asynchttpclient.netty.handler.HttpHandler - 

Request DefaultFullHttpRequest(decodeResult: success, version: HTTP/1.1, content: EmptyByteBufBE)
GET /session/37a632245f6107036c08731d76a52a21/window HTTP/1.1
User-Agent: selenium/4.4.0 (java windows)
Cache-Control: no-cache
Content-Type: application/json; charset=utf-8
host: localhost:65249
accept: */*

Response DefaultHttpResponse(decodeResult: success, version: HTTP/1.1)
HTTP/1.1 200 OK
Content-Type: application/json; charset=utf-8
cache-control: no-cache
content-length: 53

18:00:45.471 [AsyncHttpClient-1-2] DEBUG org.asynchttpclient.netty.channel.ChannelManager - Adding key: http://localhost:65249 for channel [id: 0x51f1f9e8, L:/127.0.0.1:59215 - R:localhost/127.0.0.1:65249]
18:00:45.473 [Forwarding getAlertText on session 37a632245f6107036c08731d76a52a21 to remote] DEBUG org.asynchttpclient.netty.request.NettyRequestSender - Using pooled Channel '[id: 0x51f1f9e8, L:/127.0.0.1:59215 - R:localhost/127.0.0.1:65249]' for 'GET' to 'http://localhost:65249/session/37a632245f6107036c08731d76a52a21/alert/text'
18:00:45.473 [Forwarding getAlertText on session 37a632245f6107036c08731d76a52a21 to remote] DEBUG org.asynchttpclient.netty.request.NettyRequestSender - Using open Channel [id: 0x51f1f9e8, L:/127.0.0.1:59215 - R:localhost/127.0.0.1:65249] for GET '/session/37a632245f6107036c08731d76a52a21/alert/text'
18:00:45.476 [AsyncHttpClient-1-2] DEBUG org.asynchttpclient.netty.handler.HttpHandler - 

Request DefaultFullHttpRequest(decodeResult: success, version: HTTP/1.1, content: EmptyByteBufBE)
GET /session/37a632245f6107036c08731d76a52a21/alert/text HTTP/1.1
User-Agent: selenium/4.4.0 (java windows)
Cache-Control: no-cache
Content-Type: application/json; charset=utf-8
host: localhost:65249
accept: */*

Response DefaultHttpResponse(decodeResult: success, version: HTTP/1.1)
HTTP/1.1 404 Not Found
Content-Type: application/json; charset=utf-8
cache-control: no-cache
content-length: 835

18:00:45.477 [AsyncHttpClient-1-2] DEBUG org.asynchttpclient.netty.channel.ChannelManager - Adding key: http://localhost:65249 for channel [id: 0x51f1f9e8, L:/127.0.0.1:59215 - R:localhost/127.0.0.1:65249]
18:00:45.487 [Forwarding switchToWindow on session 37a632245f6107036c08731d76a52a21 to remote] DEBUG org.asynchttpclient.netty.request.NettyRequestSender - Using pooled Channel '[id: 0x51f1f9e8, L:/127.0.0.1:59215 - R:localhost/127.0.0.1:65249]' for 'POST' to 'http://localhost:65249/session/37a632245f6107036c08731d76a52a21/window'
18:00:45.487 [Forwarding switchToWindow on session 37a632245f6107036c08731d76a52a21 to remote] DEBUG org.asynchttpclient.netty.request.NettyRequestSender - Using open Channel [id: 0x51f1f9e8, L:/127.0.0.1:59215 - R:localhost/127.0.0.1:65249] for POST '/session/37a632245f6107036c08731d76a52a21/window'
18:00:45.491 [AsyncHttpClient-1-2] DEBUG org.asynchttpclient.netty.handler.HttpHandler - 

Request DefaultHttpRequest(decodeResult: success, version: HTTP/1.1)
POST /session/37a632245f6107036c08731d76a52a21/window HTTP/1.1
User-Agent: selenium/4.4.0 (java windows)
Content-Length: 59
Content-Type: application/json; charset=utf-8
host: localhost:65249
accept: */*

Response DefaultHttpResponse(decodeResult: success, version: HTTP/1.1)
HTTP/1.1 200 OK
Content-Type: application/json; charset=utf-8
cache-control: no-cache
content-length: 14

18:00:45.491 [AsyncHttpClient-1-2] DEBUG org.asynchttpclient.netty.channel.ChannelManager - Adding key: http://localhost:65249 for channel [id: 0x51f1f9e8, L:/127.0.0.1:59215 - R:localhost/127.0.0.1:65249]
18:00:45.493 [Forwarding getCurrentUrl on session 37a632245f6107036c08731d76a52a21 to remote] DEBUG org.asynchttpclient.netty.request.NettyRequestSender - Using pooled Channel '[id: 0x51f1f9e8, L:/127.0.0.1:59215 - R:localhost/127.0.0.1:65249]' for 'GET' to 'http://localhost:65249/session/37a632245f6107036c08731d76a52a21/url'
18:00:45.493 [Forwarding getCurrentUrl on session 37a632245f6107036c08731d76a52a21 to remote] DEBUG org.asynchttpclient.netty.request.NettyRequestSender - Using open Channel [id: 0x51f1f9e8, L:/127.0.0.1:59215 - R:localhost/127.0.0.1:65249] for GET '/session/37a632245f6107036c08731d76a52a21/url'
18:00:45.496 [AsyncHttpClient-1-2] DEBUG org.asynchttpclient.netty.handler.HttpHandler - 

Request DefaultFullHttpRequest(decodeResult: success, version: HTTP/1.1, content: EmptyByteBufBE)
GET /session/37a632245f6107036c08731d76a52a21/url HTTP/1.1
User-Agent: selenium/4.4.0 (java windows)
Cache-Control: no-cache
Content-Type: application/json; charset=utf-8
host: localhost:65249
accept: */*

Response DefaultHttpResponse(decodeResult: success, version: HTTP/1.1)
HTTP/1.1 200 OK
Content-Type: application/json; charset=utf-8
cache-control: no-cache
content-length: 48

18:00:45.497 [AsyncHttpClient-1-2] DEBUG org.asynchttpclient.netty.channel.ChannelManager - Adding key: http://localhost:65249 for channel [id: 0x51f1f9e8, L:/127.0.0.1:59215 - R:localhost/127.0.0.1:65249]
18:00:45.499 [Forwarding screenshot on session 37a632245f6107036c08731d76a52a21 to remote] DEBUG org.asynchttpclient.netty.request.NettyRequestSender - Using pooled Channel '[id: 0x51f1f9e8, L:/127.0.0.1:59215 - R:localhost/127.0.0.1:65249]' for 'GET' to 'http://localhost:65249/session/37a632245f6107036c08731d76a52a21/screenshot'
18:00:45.499 [Forwarding screenshot on session 37a632245f6107036c08731d76a52a21 to remote] DEBUG org.asynchttpclient.netty.request.NettyRequestSender - Using open Channel [id: 0x51f1f9e8, L:/127.0.0.1:59215 - R:localhost/127.0.0.1:65249] for GET '/session/37a632245f6107036c08731d76a52a21/screenshot'
18:00:45.623 [AsyncHttpClient-1-2] DEBUG org.asynchttpclient.netty.handler.HttpHandler - 

Request DefaultFullHttpRequest(decodeResult: success, version: HTTP/1.1, content: EmptyByteBufBE)
GET /session/37a632245f6107036c08731d76a52a21/screenshot HTTP/1.1
User-Agent: selenium/4.4.0 (java windows)
Cache-Control: no-cache
Content-Type: application/json; charset=utf-8
host: localhost:65249
accept: */*

Response DefaultHttpResponse(decodeResult: success, version: HTTP/1.1)
HTTP/1.1 200 OK
Content-Type: application/json; charset=utf-8
cache-control: no-cache
content-length: 239216

18:00:45.625 [AsyncHttpClient-1-2] DEBUG org.asynchttpclient.netty.channel.ChannelManager - Adding key: http://localhost:65249 for channel [id: 0x51f1f9e8, L:/127.0.0.1:59215 - R:localhost/127.0.0.1:65249]
18:00:45.680 [main] DEBUG net.serenitybdd.core.photography.Darkroom - Send negative for processing for target\site\serenity\d822fc9d4781e0578d3ed239da5bb866355c55b6019d4b01def97d6e03f16f23.png
18:00:45.680 [Darkroom Processing Line] DEBUG net.serenitybdd.core.photography.DarkroomProcessingLine - Processing screenshot image in /var/screenshots/screenshot-2440977167155569666
18:00:45.681 [Darkroom Processing Line] DEBUG net.serenitybdd.core.photography.DarkroomProcessingLine - Saving screenshot to target\site\serenity\d822fc9d4781e0578d3ed239da5bb866355c55b6019d4b01def97d6e03f16f23.png
18:00:45.683 [main] DEBUG net.thucydides.core.steps.StepInterceptor - STEP DONE: abro la pagina
18:00:45.694 [Forwarding getPageSource on session 37a632245f6107036c08731d76a52a21 to remote] DEBUG org.asynchttpclient.netty.request.NettyRequestSender - Using pooled Channel '[id: 0x51f1f9e8, L:/127.0.0.1:59215 - R:localhost/127.0.0.1:65249]' for 'POST' to 'http://localhost:65249/session/37a632245f6107036c08731d76a52a21/execute/sync'
18:00:45.694 [Forwarding getPageSource on session 37a632245f6107036c08731d76a52a21 to remote] DEBUG org.asynchttpclient.netty.request.NettyRequestSender - Using open Channel [id: 0x51f1f9e8, L:/127.0.0.1:59215 - R:localhost/127.0.0.1:65249] for POST '/session/37a632245f6107036c08731d76a52a21/execute/sync'
18:00:45.702 [AsyncHttpClient-1-2] DEBUG org.asynchttpclient.netty.handler.HttpHandler - 

Request DefaultHttpRequest(decodeResult: success, version: HTTP/1.1)
POST /session/37a632245f6107036c08731d76a52a21/execute/sync HTTP/1.1
User-Agent: selenium/4.4.0 (java windows)
Content-Length: 176
Content-Type: application/json; charset=utf-8
host: localhost:65249
accept: */*

Response DefaultHttpResponse(decodeResult: success, version: HTTP/1.1)
HTTP/1.1 200 OK
Content-Type: application/json; charset=utf-8
cache-control: no-cache
content-length: 51323

18:00:45.702 [AsyncHttpClient-1-2] DEBUG org.asynchttpclient.netty.channel.ChannelManager - Adding key: http://localhost:65249 for channel [id: 0x51f1f9e8, L:/127.0.0.1:59215 - R:localhost/127.0.0.1:65249]
18:00:45.773 [Forwarding getCurrentUrl on session 37a632245f6107036c08731d76a52a21 to remote] DEBUG org.asynchttpclient.netty.request.NettyRequestSender - Using pooled Channel '[id: 0x51f1f9e8, L:/127.0.0.1:59215 - R:localhost/127.0.0.1:65249]' for 'GET' to 'http://localhost:65249/session/37a632245f6107036c08731d76a52a21/url'
18:00:45.774 [Forwarding getCurrentUrl on session 37a632245f6107036c08731d76a52a21 to remote] DEBUG org.asynchttpclient.netty.request.NettyRequestSender - Using open Channel [id: 0x51f1f9e8, L:/127.0.0.1:59215 - R:localhost/127.0.0.1:65249] for GET '/session/37a632245f6107036c08731d76a52a21/url'
18:00:45.778 [AsyncHttpClient-1-2] DEBUG org.asynchttpclient.netty.handler.HttpHandler - 

Request DefaultFullHttpRequest(decodeResult: success, version: HTTP/1.1, content: EmptyByteBufBE)
GET /session/37a632245f6107036c08731d76a52a21/url HTTP/1.1
User-Agent: selenium/4.4.0 (java windows)
Cache-Control: no-cache
Content-Type: application/json; charset=utf-8
host: localhost:65249
accept: */*

Response DefaultHttpResponse(decodeResult: success, version: HTTP/1.1)
HTTP/1.1 200 OK
Content-Type: application/json; charset=utf-8
cache-control: no-cache
content-length: 48

18:00:45.778 [AsyncHttpClient-1-2] DEBUG org.asynchttpclient.netty.channel.ChannelManager - Adding key: http://localhost:65249 for channel [id: 0x51f1f9e8, L:/127.0.0.1:59215 - R:localhost/127.0.0.1:65249]
18:00:45.782 [main] DEBUG net.thucydides.core.steps.StepInterceptor - STARTING STEP: ComprobarCestaStep.estoy_logeado_con_el_usuario_de_contraseña - voy a login
18:00:45.814 [Forwarding setTimeout on session 37a632245f6107036c08731d76a52a21 to remote] DEBUG org.asynchttpclient.netty.request.NettyRequestSender - Using pooled Channel '[id: 0x51f1f9e8, L:/127.0.0.1:59215 - R:localhost/127.0.0.1:65249]' for 'POST' to 'http://localhost:65249/session/37a632245f6107036c08731d76a52a21/timeouts'
18:00:45.814 [Forwarding setTimeout on session 37a632245f6107036c08731d76a52a21 to remote] DEBUG org.asynchttpclient.netty.request.NettyRequestSender - Using open Channel [id: 0x51f1f9e8, L:/127.0.0.1:59215 - R:localhost/127.0.0.1:65249] for POST '/session/37a632245f6107036c08731d76a52a21/timeouts'
18:00:45.815 [AsyncHttpClient-1-2] DEBUG org.asynchttpclient.netty.handler.HttpHandler - 

Request DefaultHttpRequest(decodeResult: success, version: HTTP/1.1)
POST /session/37a632245f6107036c08731d76a52a21/timeouts HTTP/1.1
User-Agent: selenium/4.4.0 (java windows)
Content-Length: 19
Content-Type: application/json; charset=utf-8
host: localhost:65249
accept: */*

Response DefaultHttpResponse(decodeResult: success, version: HTTP/1.1)
HTTP/1.1 200 OK
Content-Type: application/json; charset=utf-8
cache-control: no-cache
content-length: 14

18:00:45.815 [AsyncHttpClient-1-2] DEBUG org.asynchttpclient.netty.channel.ChannelManager - Adding key: http://localhost:65249 for channel [id: 0x51f1f9e8, L:/127.0.0.1:59215 - R:localhost/127.0.0.1:65249]
18:00:45.818 [Forwarding findElement on session 37a632245f6107036c08731d76a52a21 to remote] DEBUG org.asynchttpclient.netty.request.NettyRequestSender - Using pooled Channel '[id: 0x51f1f9e8, L:/127.0.0.1:59215 - R:localhost/127.0.0.1:65249]' for 'POST' to 'http://localhost:65249/session/37a632245f6107036c08731d76a52a21/element'
18:00:45.818 [Forwarding findElement on session 37a632245f6107036c08731d76a52a21 to remote] DEBUG org.asynchttpclient.netty.request.NettyRequestSender - Using open Channel [id: 0x51f1f9e8, L:/127.0.0.1:59215 - R:localhost/127.0.0.1:65249] for POST '/session/37a632245f6107036c08731d76a52a21/element'
18:00:45.827 [AsyncHttpClient-1-2] DEBUG org.asynchttpclient.netty.handler.HttpHandler - 

Request DefaultHttpRequest(decodeResult: success, version: HTTP/1.1)
POST /session/37a632245f6107036c08731d76a52a21/element HTTP/1.1
User-Agent: selenium/4.4.0 (java windows)
Content-Length: 83
Content-Type: application/json; charset=utf-8
host: localhost:65249
accept: */*

Response DefaultHttpResponse(decodeResult: success, version: HTTP/1.1)
HTTP/1.1 200 OK
Content-Type: application/json; charset=utf-8
cache-control: no-cache
content-length: 88

18:00:45.828 [AsyncHttpClient-1-2] DEBUG org.asynchttpclient.netty.channel.ChannelManager - Adding key: http://localhost:65249 for channel [id: 0x51f1f9e8, L:/127.0.0.1:59215 - R:localhost/127.0.0.1:65249]
18:00:45.829 [Forwarding setTimeout on session 37a632245f6107036c08731d76a52a21 to remote] DEBUG org.asynchttpclient.netty.request.NettyRequestSender - Using pooled Channel '[id: 0x51f1f9e8, L:/127.0.0.1:59215 - R:localhost/127.0.0.1:65249]' for 'POST' to 'http://localhost:65249/session/37a632245f6107036c08731d76a52a21/timeouts'
18:00:45.829 [Forwarding setTimeout on session 37a632245f6107036c08731d76a52a21 to remote] DEBUG org.asynchttpclient.netty.request.NettyRequestSender - Using open Channel [id: 0x51f1f9e8, L:/127.0.0.1:59215 - R:localhost/127.0.0.1:65249] for POST '/session/37a632245f6107036c08731d76a52a21/timeouts'
18:00:45.830 [AsyncHttpClient-1-2] DEBUG org.asynchttpclient.netty.handler.HttpHandler - 

Request DefaultHttpRequest(decodeResult: success, version: HTTP/1.1)
POST /session/37a632245f6107036c08731d76a52a21/timeouts HTTP/1.1
User-Agent: selenium/4.4.0 (java windows)
Content-Length: 22
Content-Type: application/json; charset=utf-8
host: localhost:65249
accept: */*

Response DefaultHttpResponse(decodeResult: success, version: HTTP/1.1)
HTTP/1.1 200 OK
Content-Type: application/json; charset=utf-8
cache-control: no-cache
content-length: 14

18:00:45.830 [AsyncHttpClient-1-2] DEBUG org.asynchttpclient.netty.channel.ChannelManager - Adding key: http://localhost:65249 for channel [id: 0x51f1f9e8, L:/127.0.0.1:59215 - R:localhost/127.0.0.1:65249]
18:00:45.840 [Forwarding findElement on session 37a632245f6107036c08731d76a52a21 to remote] DEBUG org.asynchttpclient.netty.request.NettyRequestSender - Using pooled Channel '[id: 0x51f1f9e8, L:/127.0.0.1:59215 - R:localhost/127.0.0.1:65249]' for 'POST' to 'http://localhost:65249/session/37a632245f6107036c08731d76a52a21/element'
18:00:45.841 [Forwarding findElement on session 37a632245f6107036c08731d76a52a21 to remote] DEBUG org.asynchttpclient.netty.request.NettyRequestSender - Using open Channel [id: 0x51f1f9e8, L:/127.0.0.1:59215 - R:localhost/127.0.0.1:65249] for POST '/session/37a632245f6107036c08731d76a52a21/element'
18:00:45.845 [AsyncHttpClient-1-2] DEBUG org.asynchttpclient.netty.handler.HttpHandler - 

Request DefaultHttpRequest(decodeResult: success, version: HTTP/1.1)
POST /session/37a632245f6107036c08731d76a52a21/element HTTP/1.1
User-Agent: selenium/4.4.0 (java windows)
Content-Length: 83
Content-Type: application/json; charset=utf-8
host: localhost:65249
accept: */*

Response DefaultHttpResponse(decodeResult: success, version: HTTP/1.1)
HTTP/1.1 200 OK
Content-Type: application/json; charset=utf-8
cache-control: no-cache
content-length: 88

18:00:45.845 [AsyncHttpClient-1-2] DEBUG org.asynchttpclient.netty.channel.ChannelManager - Adding key: http://localhost:65249 for channel [id: 0x51f1f9e8, L:/127.0.0.1:59215 - R:localhost/127.0.0.1:65249]
18:00:45.851 [Forwarding isElementDisplayed on session 37a632245f6107036c08731d76a52a21 to remote] DEBUG org.asynchttpclient.netty.request.NettyRequestSender - Using pooled Channel '[id: 0x51f1f9e8, L:/127.0.0.1:59215 - R:localhost/127.0.0.1:65249]' for 'POST' to 'http://localhost:65249/session/37a632245f6107036c08731d76a52a21/execute/sync'
18:00:45.851 [Forwarding isElementDisplayed on session 37a632245f6107036c08731d76a52a21 to remote] DEBUG org.asynchttpclient.netty.request.NettyRequestSender - Using open Channel [id: 0x51f1f9e8, L:/127.0.0.1:59215 - R:localhost/127.0.0.1:65249] for POST '/session/37a632245f6107036c08731d76a52a21/execute/sync'
18:00:45.860 [AsyncHttpClient-1-2] DEBUG org.asynchttpclient.netty.handler.HttpHandler - 

Request DefaultHttpRequest(decodeResult: success, version: HTTP/1.1)
POST /session/37a632245f6107036c08731d76a52a21/execute/sync HTTP/1.1
User-Agent: selenium/4.4.0 (java windows)
Content-Length: 48780
Content-Type: application/json; charset=utf-8
host: localhost:65249
accept: */*

Response DefaultHttpResponse(decodeResult: success, version: HTTP/1.1)
HTTP/1.1 200 OK
Content-Type: application/json; charset=utf-8
cache-control: no-cache
content-length: 14

18:00:45.860 [AsyncHttpClient-1-2] DEBUG org.asynchttpclient.netty.channel.ChannelManager - Adding key: http://localhost:65249 for channel [id: 0x51f1f9e8, L:/127.0.0.1:59215 - R:localhost/127.0.0.1:65249]
18:00:45.861 [Forwarding getElementTagName on session 37a632245f6107036c08731d76a52a21 to remote] DEBUG org.asynchttpclient.netty.request.NettyRequestSender - Using pooled Channel '[id: 0x51f1f9e8, L:/127.0.0.1:59215 - R:localhost/127.0.0.1:65249]' for 'GET' to 'http://localhost:65249/session/37a632245f6107036c08731d76a52a21/element/29e3034e-97c7-404d-b455-a28dd4c5a968/name'
18:00:45.861 [Forwarding getElementTagName on session 37a632245f6107036c08731d76a52a21 to remote] DEBUG org.asynchttpclient.netty.request.NettyRequestSender - Using open Channel [id: 0x51f1f9e8, L:/127.0.0.1:59215 - R:localhost/127.0.0.1:65249] for GET '/session/37a632245f6107036c08731d76a52a21/element/29e3034e-97c7-404d-b455-a28dd4c5a968/name'
18:00:45.864 [AsyncHttpClient-1-2] DEBUG org.asynchttpclient.netty.handler.HttpHandler - 

Request DefaultFullHttpRequest(decodeResult: success, version: HTTP/1.1, content: EmptyByteBufBE)
GET /session/37a632245f6107036c08731d76a52a21/element/29e3034e-97c7-404d-b455-a28dd4c5a968/name HTTP/1.1
User-Agent: selenium/4.4.0 (java windows)
Cache-Control: no-cache
Content-Type: application/json; charset=utf-8
host: localhost:65249
accept: */*

Response DefaultHttpResponse(decodeResult: success, version: HTTP/1.1)
HTTP/1.1 200 OK
Content-Type: application/json; charset=utf-8
cache-control: no-cache
content-length: 13

18:00:45.864 [AsyncHttpClient-1-2] DEBUG org.asynchttpclient.netty.channel.ChannelManager - Adding key: http://localhost:65249 for channel [id: 0x51f1f9e8, L:/127.0.0.1:59215 - R:localhost/127.0.0.1:65249]
18:00:45.867 [Forwarding findElement on session 37a632245f6107036c08731d76a52a21 to remote] DEBUG org.asynchttpclient.netty.request.NettyRequestSender - Using pooled Channel '[id: 0x51f1f9e8, L:/127.0.0.1:59215 - R:localhost/127.0.0.1:65249]' for 'POST' to 'http://localhost:65249/session/37a632245f6107036c08731d76a52a21/element'
18:00:45.867 [Forwarding findElement on session 37a632245f6107036c08731d76a52a21 to remote] DEBUG org.asynchttpclient.netty.request.NettyRequestSender - Using open Channel [id: 0x51f1f9e8, L:/127.0.0.1:59215 - R:localhost/127.0.0.1:65249] for POST '/session/37a632245f6107036c08731d76a52a21/element'
18:00:45.872 [AsyncHttpClient-1-2] DEBUG org.asynchttpclient.netty.handler.HttpHandler - 

Request DefaultHttpRequest(decodeResult: success, version: HTTP/1.1)
POST /session/37a632245f6107036c08731d76a52a21/element HTTP/1.1
User-Agent: selenium/4.4.0 (java windows)
Content-Length: 83
Content-Type: application/json; charset=utf-8
host: localhost:65249
accept: */*

Response DefaultHttpResponse(decodeResult: success, version: HTTP/1.1)
HTTP/1.1 200 OK
Content-Type: application/json; charset=utf-8
cache-control: no-cache
content-length: 88

18:00:45.872 [AsyncHttpClient-1-2] DEBUG org.asynchttpclient.netty.channel.ChannelManager - Adding key: http://localhost:65249 for channel [id: 0x51f1f9e8, L:/127.0.0.1:59215 - R:localhost/127.0.0.1:65249]
18:00:45.882 [Forwarding isElementDisplayed on session 37a632245f6107036c08731d76a52a21 to remote] DEBUG org.asynchttpclient.netty.request.NettyRequestSender - Using pooled Channel '[id: 0x51f1f9e8, L:/127.0.0.1:59215 - R:localhost/127.0.0.1:65249]' for 'POST' to 'http://localhost:65249/session/37a632245f6107036c08731d76a52a21/execute/sync'
18:00:45.882 [Forwarding isElementDisplayed on session 37a632245f6107036c08731d76a52a21 to remote] DEBUG org.asynchttpclient.netty.request.NettyRequestSender - Using open Channel [id: 0x51f1f9e8, L:/127.0.0.1:59215 - R:localhost/127.0.0.1:65249] for POST '/session/37a632245f6107036c08731d76a52a21/execute/sync'
18:00:45.890 [AsyncHttpClient-1-2] DEBUG org.asynchttpclient.netty.handler.HttpHandler - 

Request DefaultHttpRequest(decodeResult: success, version: HTTP/1.1)
POST /session/37a632245f6107036c08731d76a52a21/execute/sync HTTP/1.1
User-Agent: selenium/4.4.0 (java windows)
Content-Length: 48780
Content-Type: application/json; charset=utf-8
host: localhost:65249
accept: */*

Response DefaultHttpResponse(decodeResult: success, version: HTTP/1.1)
HTTP/1.1 200 OK
Content-Type: application/json; charset=utf-8
cache-control: no-cache
content-length: 14

18:00:45.890 [AsyncHttpClient-1-2] DEBUG org.asynchttpclient.netty.channel.ChannelManager - Adding key: http://localhost:65249 for channel [id: 0x51f1f9e8, L:/127.0.0.1:59215 - R:localhost/127.0.0.1:65249]
18:00:45.891 [Forwarding getElementTagName on session 37a632245f6107036c08731d76a52a21 to remote] DEBUG org.asynchttpclient.netty.request.NettyRequestSender - Using pooled Channel '[id: 0x51f1f9e8, L:/127.0.0.1:59215 - R:localhost/127.0.0.1:65249]' for 'GET' to 'http://localhost:65249/session/37a632245f6107036c08731d76a52a21/element/29e3034e-97c7-404d-b455-a28dd4c5a968/name'
18:00:45.891 [Forwarding getElementTagName on session 37a632245f6107036c08731d76a52a21 to remote] DEBUG org.asynchttpclient.netty.request.NettyRequestSender - Using open Channel [id: 0x51f1f9e8, L:/127.0.0.1:59215 - R:localhost/127.0.0.1:65249] for GET '/session/37a632245f6107036c08731d76a52a21/element/29e3034e-97c7-404d-b455-a28dd4c5a968/name'
18:00:45.893 [AsyncHttpClient-1-2] DEBUG org.asynchttpclient.netty.handler.HttpHandler - 

Request DefaultFullHttpRequest(decodeResult: success, version: HTTP/1.1, content: EmptyByteBufBE)
GET /session/37a632245f6107036c08731d76a52a21/element/29e3034e-97c7-404d-b455-a28dd4c5a968/name HTTP/1.1
User-Agent: selenium/4.4.0 (java windows)
Cache-Control: no-cache
Content-Type: application/json; charset=utf-8
host: localhost:65249
accept: */*

Response DefaultHttpResponse(decodeResult: success, version: HTTP/1.1)
HTTP/1.1 200 OK
Content-Type: application/json; charset=utf-8
cache-control: no-cache
content-length: 13

18:00:45.893 [AsyncHttpClient-1-2] DEBUG org.asynchttpclient.netty.channel.ChannelManager - Adding key: http://localhost:65249 for channel [id: 0x51f1f9e8, L:/127.0.0.1:59215 - R:localhost/127.0.0.1:65249]
18:00:45.895 [Forwarding findElement on session 37a632245f6107036c08731d76a52a21 to remote] DEBUG org.asynchttpclient.netty.request.NettyRequestSender - Using pooled Channel '[id: 0x51f1f9e8, L:/127.0.0.1:59215 - R:localhost/127.0.0.1:65249]' for 'POST' to 'http://localhost:65249/session/37a632245f6107036c08731d76a52a21/element'
18:00:45.896 [Forwarding findElement on session 37a632245f6107036c08731d76a52a21 to remote] DEBUG org.asynchttpclient.netty.request.NettyRequestSender - Using open Channel [id: 0x51f1f9e8, L:/127.0.0.1:59215 - R:localhost/127.0.0.1:65249] for POST '/session/37a632245f6107036c08731d76a52a21/element'
18:00:45.900 [AsyncHttpClient-1-2] DEBUG org.asynchttpclient.netty.handler.HttpHandler - 

Request DefaultHttpRequest(decodeResult: success, version: HTTP/1.1)
POST /session/37a632245f6107036c08731d76a52a21/element HTTP/1.1
User-Agent: selenium/4.4.0 (java windows)
Content-Length: 83
Content-Type: application/json; charset=utf-8
host: localhost:65249
accept: */*

Response DefaultHttpResponse(decodeResult: success, version: HTTP/1.1)
HTTP/1.1 200 OK
Content-Type: application/json; charset=utf-8
cache-control: no-cache
content-length: 88

18:00:45.900 [AsyncHttpClient-1-2] DEBUG org.asynchttpclient.netty.channel.ChannelManager - Adding key: http://localhost:65249 for channel [id: 0x51f1f9e8, L:/127.0.0.1:59215 - R:localhost/127.0.0.1:65249]
18:00:45.902 [Forwarding isElementDisplayed on session 37a632245f6107036c08731d76a52a21 to remote] DEBUG org.asynchttpclient.netty.request.NettyRequestSender - Using pooled Channel '[id: 0x51f1f9e8, L:/127.0.0.1:59215 - R:localhost/127.0.0.1:65249]' for 'POST' to 'http://localhost:65249/session/37a632245f6107036c08731d76a52a21/execute/sync'
18:00:45.903 [Forwarding isElementDisplayed on session 37a632245f6107036c08731d76a52a21 to remote] DEBUG org.asynchttpclient.netty.request.NettyRequestSender - Using open Channel [id: 0x51f1f9e8, L:/127.0.0.1:59215 - R:localhost/127.0.0.1:65249] for POST '/session/37a632245f6107036c08731d76a52a21/execute/sync'
18:00:45.909 [AsyncHttpClient-1-2] DEBUG org.asynchttpclient.netty.handler.HttpHandler - 

Request DefaultHttpRequest(decodeResult: success, version: HTTP/1.1)
POST /session/37a632245f6107036c08731d76a52a21/execute/sync HTTP/1.1
User-Agent: selenium/4.4.0 (java windows)
Content-Length: 48780
Content-Type: application/json; charset=utf-8
host: localhost:65249
accept: */*

Response DefaultHttpResponse(decodeResult: success, version: HTTP/1.1)
HTTP/1.1 200 OK
Content-Type: application/json; charset=utf-8
cache-control: no-cache
content-length: 14

18:00:45.909 [AsyncHttpClient-1-2] DEBUG org.asynchttpclient.netty.channel.ChannelManager - Adding key: http://localhost:65249 for channel [id: 0x51f1f9e8, L:/127.0.0.1:59215 - R:localhost/127.0.0.1:65249]
18:00:45.910 [Forwarding clickElement on session 37a632245f6107036c08731d76a52a21 to remote] DEBUG org.asynchttpclient.netty.request.NettyRequestSender - Using pooled Channel '[id: 0x51f1f9e8, L:/127.0.0.1:59215 - R:localhost/127.0.0.1:65249]' for 'POST' to 'http://localhost:65249/session/37a632245f6107036c08731d76a52a21/element/29e3034e-97c7-404d-b455-a28dd4c5a968/click'
18:00:45.910 [Forwarding clickElement on session 37a632245f6107036c08731d76a52a21 to remote] DEBUG org.asynchttpclient.netty.request.NettyRequestSender - Using open Channel [id: 0x51f1f9e8, L:/127.0.0.1:59215 - R:localhost/127.0.0.1:65249] for POST '/session/37a632245f6107036c08731d76a52a21/element/29e3034e-97c7-404d-b455-a28dd4c5a968/click'
18:00:45.948 [AsyncHttpClient-1-2] DEBUG org.asynchttpclient.netty.handler.HttpHandler - 

Request DefaultHttpRequest(decodeResult: success, version: HTTP/1.1)
POST /session/37a632245f6107036c08731d76a52a21/element/29e3034e-97c7-404d-b455-a28dd4c5a968/click HTTP/1.1
User-Agent: selenium/4.4.0 (java windows)
Content-Length: 50
Content-Type: application/json; charset=utf-8
host: localhost:65249
accept: */*

Response DefaultHttpResponse(decodeResult: success, version: HTTP/1.1)
HTTP/1.1 200 OK
Content-Type: application/json; charset=utf-8
cache-control: no-cache
content-length: 14

18:00:45.949 [AsyncHttpClient-1-2] DEBUG org.asynchttpclient.netty.channel.ChannelManager - Adding key: http://localhost:65249 for channel [id: 0x51f1f9e8, L:/127.0.0.1:59215 - R:localhost/127.0.0.1:65249]
18:00:45.958 [Forwarding getCurrentWindowHandle on session 37a632245f6107036c08731d76a52a21 to remote] DEBUG org.asynchttpclient.netty.request.NettyRequestSender - Using pooled Channel '[id: 0x51f1f9e8, L:/127.0.0.1:59215 - R:localhost/127.0.0.1:65249]' for 'GET' to 'http://localhost:65249/session/37a632245f6107036c08731d76a52a21/window'
18:00:45.958 [Forwarding getCurrentWindowHandle on session 37a632245f6107036c08731d76a52a21 to remote] DEBUG org.asynchttpclient.netty.request.NettyRequestSender - Using open Channel [id: 0x51f1f9e8, L:/127.0.0.1:59215 - R:localhost/127.0.0.1:65249] for GET '/session/37a632245f6107036c08731d76a52a21/window'
18:00:45.959 [AsyncHttpClient-1-2] DEBUG org.asynchttpclient.netty.handler.HttpHandler - 

Request DefaultFullHttpRequest(decodeResult: success, version: HTTP/1.1, content: EmptyByteBufBE)
GET /session/37a632245f6107036c08731d76a52a21/window HTTP/1.1
User-Agent: selenium/4.4.0 (java windows)
Cache-Control: no-cache
Content-Type: application/json; charset=utf-8
host: localhost:65249
accept: */*

Response DefaultHttpResponse(decodeResult: success, version: HTTP/1.1)
HTTP/1.1 200 OK
Content-Type: application/json; charset=utf-8
cache-control: no-cache
content-length: 53

18:00:45.959 [AsyncHttpClient-1-2] DEBUG org.asynchttpclient.netty.channel.ChannelManager - Adding key: http://localhost:65249 for channel [id: 0x51f1f9e8, L:/127.0.0.1:59215 - R:localhost/127.0.0.1:65249]
18:00:45.961 [Forwarding getAlertText on session 37a632245f6107036c08731d76a52a21 to remote] DEBUG org.asynchttpclient.netty.request.NettyRequestSender - Using pooled Channel '[id: 0x51f1f9e8, L:/127.0.0.1:59215 - R:localhost/127.0.0.1:65249]' for 'GET' to 'http://localhost:65249/session/37a632245f6107036c08731d76a52a21/alert/text'
18:00:45.961 [Forwarding getAlertText on session 37a632245f6107036c08731d76a52a21 to remote] DEBUG org.asynchttpclient.netty.request.NettyRequestSender - Using open Channel [id: 0x51f1f9e8, L:/127.0.0.1:59215 - R:localhost/127.0.0.1:65249] for GET '/session/37a632245f6107036c08731d76a52a21/alert/text'
18:00:45.962 [AsyncHttpClient-1-2] DEBUG org.asynchttpclient.netty.handler.HttpHandler - 

Request DefaultFullHttpRequest(decodeResult: success, version: HTTP/1.1, content: EmptyByteBufBE)
GET /session/37a632245f6107036c08731d76a52a21/alert/text HTTP/1.1
User-Agent: selenium/4.4.0 (java windows)
Cache-Control: no-cache
Content-Type: application/json; charset=utf-8
host: localhost:65249
accept: */*

Response DefaultHttpResponse(decodeResult: success, version: HTTP/1.1)
HTTP/1.1 404 Not Found
Content-Type: application/json; charset=utf-8
cache-control: no-cache
content-length: 835

18:00:45.962 [AsyncHttpClient-1-2] DEBUG org.asynchttpclient.netty.channel.ChannelManager - Adding key: http://localhost:65249 for channel [id: 0x51f1f9e8, L:/127.0.0.1:59215 - R:localhost/127.0.0.1:65249]
18:00:45.964 [AsyncHttpClient-1-1] DEBUG org.asynchttpclient.netty.channel.DefaultChannelPool - Entry count for : http://localhost:59216 : 1
18:00:45.964 [AsyncHttpClient-1-1] DEBUG org.asynchttpclient.netty.channel.DefaultChannelPool - Entry count for : http://localhost:65249 : 1
18:00:45.964 [Forwarding switchToWindow on session 37a632245f6107036c08731d76a52a21 to remote] DEBUG org.asynchttpclient.netty.request.NettyRequestSender - Using pooled Channel '[id: 0x51f1f9e8, L:/127.0.0.1:59215 - R:localhost/127.0.0.1:65249]' for 'POST' to 'http://localhost:65249/session/37a632245f6107036c08731d76a52a21/window'
18:00:45.964 [Forwarding switchToWindow on session 37a632245f6107036c08731d76a52a21 to remote] DEBUG org.asynchttpclient.netty.request.NettyRequestSender - Using open Channel [id: 0x51f1f9e8, L:/127.0.0.1:59215 - R:localhost/127.0.0.1:65249] for POST '/session/37a632245f6107036c08731d76a52a21/window'
18:00:45.966 [AsyncHttpClient-1-2] DEBUG org.asynchttpclient.netty.handler.HttpHandler - 

Request DefaultHttpRequest(decodeResult: success, version: HTTP/1.1)
POST /session/37a632245f6107036c08731d76a52a21/window HTTP/1.1
User-Agent: selenium/4.4.0 (java windows)
Content-Length: 59
Content-Type: application/json; charset=utf-8
host: localhost:65249
accept: */*

Response DefaultHttpResponse(decodeResult: success, version: HTTP/1.1)
HTTP/1.1 200 OK
Content-Type: application/json; charset=utf-8
cache-control: no-cache
content-length: 14

18:00:45.966 [AsyncHttpClient-1-2] DEBUG org.asynchttpclient.netty.channel.ChannelManager - Adding key: http://localhost:65249 for channel [id: 0x51f1f9e8, L:/127.0.0.1:59215 - R:localhost/127.0.0.1:65249]
18:00:45.967 [Forwarding getCurrentUrl on session 37a632245f6107036c08731d76a52a21 to remote] DEBUG org.asynchttpclient.netty.request.NettyRequestSender - Using pooled Channel '[id: 0x51f1f9e8, L:/127.0.0.1:59215 - R:localhost/127.0.0.1:65249]' for 'GET' to 'http://localhost:65249/session/37a632245f6107036c08731d76a52a21/url'
18:00:45.967 [Forwarding getCurrentUrl on session 37a632245f6107036c08731d76a52a21 to remote] DEBUG org.asynchttpclient.netty.request.NettyRequestSender - Using open Channel [id: 0x51f1f9e8, L:/127.0.0.1:59215 - R:localhost/127.0.0.1:65249] for GET '/session/37a632245f6107036c08731d76a52a21/url'
18:00:45.971 [AsyncHttpClient-1-2] DEBUG org.asynchttpclient.netty.handler.HttpHandler - 

Request DefaultFullHttpRequest(decodeResult: success, version: HTTP/1.1, content: EmptyByteBufBE)
GET /session/37a632245f6107036c08731d76a52a21/url HTTP/1.1
User-Agent: selenium/4.4.0 (java windows)
Cache-Control: no-cache
Content-Type: application/json; charset=utf-8
host: localhost:65249
accept: */*

Response DefaultHttpResponse(decodeResult: success, version: HTTP/1.1)
HTTP/1.1 200 OK
Content-Type: application/json; charset=utf-8
cache-control: no-cache
content-length: 48

18:00:45.972 [AsyncHttpClient-1-2] DEBUG org.asynchttpclient.netty.channel.ChannelManager - Adding key: http://localhost:65249 for channel [id: 0x51f1f9e8, L:/127.0.0.1:59215 - R:localhost/127.0.0.1:65249]
18:00:45.972 [Forwarding screenshot on session 37a632245f6107036c08731d76a52a21 to remote] DEBUG org.asynchttpclient.netty.request.NettyRequestSender - Using pooled Channel '[id: 0x51f1f9e8, L:/127.0.0.1:59215 - R:localhost/127.0.0.1:65249]' for 'GET' to 'http://localhost:65249/session/37a632245f6107036c08731d76a52a21/screenshot'
18:00:45.972 [Forwarding screenshot on session 37a632245f6107036c08731d76a52a21 to remote] DEBUG org.asynchttpclient.netty.request.NettyRequestSender - Using open Channel [id: 0x51f1f9e8, L:/127.0.0.1:59215 - R:localhost/127.0.0.1:65249] for GET '/session/37a632245f6107036c08731d76a52a21/screenshot'
18:00:46.096 [AsyncHttpClient-1-2] DEBUG org.asynchttpclient.netty.handler.HttpHandler - 

Request DefaultFullHttpRequest(decodeResult: success, version: HTTP/1.1, content: EmptyByteBufBE)
GET /session/37a632245f6107036c08731d76a52a21/screenshot HTTP/1.1
User-Agent: selenium/4.4.0 (java windows)
Cache-Control: no-cache
Content-Type: application/json; charset=utf-8
host: localhost:65249
accept: */*

Response DefaultHttpResponse(decodeResult: success, version: HTTP/1.1)
HTTP/1.1 200 OK
Content-Type: application/json; charset=utf-8
cache-control: no-cache
content-length: 252568

18:00:46.097 [AsyncHttpClient-1-2] DEBUG org.asynchttpclient.netty.channel.ChannelManager - Adding key: http://localhost:65249 for channel [id: 0x51f1f9e8, L:/127.0.0.1:59215 - R:localhost/127.0.0.1:65249]
18:00:46.101 [main] DEBUG net.serenitybdd.core.photography.Darkroom - Send negative for processing for target\site\serenity\eb5a908e84aed06b89c9bf3632731f4e4f63d0f8b417e950bd9180e75f509d7d.png
18:00:46.101 [main] DEBUG net.thucydides.core.steps.StepInterceptor - STEP DONE: voy a login
18:00:46.101 [Darkroom Processing Line] DEBUG net.serenitybdd.core.photography.DarkroomProcessingLine - Processing screenshot image in /var/screenshots/screenshot-7204559935442970395
18:00:46.101 [Darkroom Processing Line] DEBUG net.serenitybdd.core.photography.DarkroomProcessingLine - Saving screenshot to target\site\serenity\eb5a908e84aed06b89c9bf3632731f4e4f63d0f8b417e950bd9180e75f509d7d.png
18:00:46.109 [Forwarding getPageSource on session 37a632245f6107036c08731d76a52a21 to remote] DEBUG org.asynchttpclient.netty.request.NettyRequestSender - Using pooled Channel '[id: 0x51f1f9e8, L:/127.0.0.1:59215 - R:localhost/127.0.0.1:65249]' for 'POST' to 'http://localhost:65249/session/37a632245f6107036c08731d76a52a21/execute/sync'
18:00:46.109 [Forwarding getPageSource on session 37a632245f6107036c08731d76a52a21 to remote] DEBUG org.asynchttpclient.netty.request.NettyRequestSender - Using open Channel [id: 0x51f1f9e8, L:/127.0.0.1:59215 - R:localhost/127.0.0.1:65249] for POST '/session/37a632245f6107036c08731d76a52a21/execute/sync'
18:00:46.115 [AsyncHttpClient-1-2] DEBUG org.asynchttpclient.netty.handler.HttpHandler - 

Request DefaultHttpRequest(decodeResult: success, version: HTTP/1.1)
POST /session/37a632245f6107036c08731d76a52a21/execute/sync HTTP/1.1
User-Agent: selenium/4.4.0 (java windows)
Content-Length: 176
Content-Type: application/json; charset=utf-8
host: localhost:65249
accept: */*

Response DefaultHttpResponse(decodeResult: success, version: HTTP/1.1)
HTTP/1.1 200 OK
Content-Type: application/json; charset=utf-8
cache-control: no-cache
content-length: 57699

18:00:46.115 [AsyncHttpClient-1-2] DEBUG org.asynchttpclient.netty.channel.ChannelManager - Adding key: http://localhost:65249 for channel [id: 0x51f1f9e8, L:/127.0.0.1:59215 - R:localhost/127.0.0.1:65249]
18:00:46.130 [Forwarding getCurrentUrl on session 37a632245f6107036c08731d76a52a21 to remote] DEBUG org.asynchttpclient.netty.request.NettyRequestSender - Using pooled Channel '[id: 0x51f1f9e8, L:/127.0.0.1:59215 - R:localhost/127.0.0.1:65249]' for 'GET' to 'http://localhost:65249/session/37a632245f6107036c08731d76a52a21/url'
18:00:46.130 [Forwarding getCurrentUrl on session 37a632245f6107036c08731d76a52a21 to remote] DEBUG org.asynchttpclient.netty.request.NettyRequestSender - Using open Channel [id: 0x51f1f9e8, L:/127.0.0.1:59215 - R:localhost/127.0.0.1:65249] for GET '/session/37a632245f6107036c08731d76a52a21/url'
18:00:46.136 [AsyncHttpClient-1-2] DEBUG org.asynchttpclient.netty.handler.HttpHandler - 

Request DefaultFullHttpRequest(decodeResult: success, version: HTTP/1.1, content: EmptyByteBufBE)
GET /session/37a632245f6107036c08731d76a52a21/url HTTP/1.1
User-Agent: selenium/4.4.0 (java windows)
Cache-Control: no-cache
Content-Type: application/json; charset=utf-8
host: localhost:65249
accept: */*

Response DefaultHttpResponse(decodeResult: success, version: HTTP/1.1)
HTTP/1.1 200 OK
Content-Type: application/json; charset=utf-8
cache-control: no-cache
content-length: 48

18:00:46.137 [AsyncHttpClient-1-2] DEBUG org.asynchttpclient.netty.channel.ChannelManager - Adding key: http://localhost:65249 for channel [id: 0x51f1f9e8, L:/127.0.0.1:59215 - R:localhost/127.0.0.1:65249]
18:00:46.140 [main] DEBUG net.thucydides.core.steps.StepInterceptor - STARTING STEP: ComprobarCestaStep.estoy_logeado_con_el_usuario_de_contraseña - inserto usuario{usuario} y contraseña{password}
18:00:46.145 [Forwarding setTimeout on session 37a632245f6107036c08731d76a52a21 to remote] DEBUG org.asynchttpclient.netty.request.NettyRequestSender - Using pooled Channel '[id: 0x51f1f9e8, L:/127.0.0.1:59215 - R:localhost/127.0.0.1:65249]' for 'POST' to 'http://localhost:65249/session/37a632245f6107036c08731d76a52a21/timeouts'
18:00:46.145 [Forwarding setTimeout on session 37a632245f6107036c08731d76a52a21 to remote] DEBUG org.asynchttpclient.netty.request.NettyRequestSender - Using open Channel [id: 0x51f1f9e8, L:/127.0.0.1:59215 - R:localhost/127.0.0.1:65249] for POST '/session/37a632245f6107036c08731d76a52a21/timeouts'
18:00:46.146 [AsyncHttpClient-1-2] DEBUG org.asynchttpclient.netty.handler.HttpHandler - 

Request DefaultHttpRequest(decodeResult: success, version: HTTP/1.1)
POST /session/37a632245f6107036c08731d76a52a21/timeouts HTTP/1.1
User-Agent: selenium/4.4.0 (java windows)
Content-Length: 19
Content-Type: application/json; charset=utf-8
host: localhost:65249
accept: */*

Response DefaultHttpResponse(decodeResult: success, version: HTTP/1.1)
HTTP/1.1 200 OK
Content-Type: application/json; charset=utf-8
cache-control: no-cache
content-length: 14

18:00:46.146 [AsyncHttpClient-1-2] DEBUG org.asynchttpclient.netty.channel.ChannelManager - Adding key: http://localhost:65249 for channel [id: 0x51f1f9e8, L:/127.0.0.1:59215 - R:localhost/127.0.0.1:65249]
18:00:46.148 [Forwarding findElement on session 37a632245f6107036c08731d76a52a21 to remote] DEBUG org.asynchttpclient.netty.request.NettyRequestSender - Using pooled Channel '[id: 0x51f1f9e8, L:/127.0.0.1:59215 - R:localhost/127.0.0.1:65249]' for 'POST' to 'http://localhost:65249/session/37a632245f6107036c08731d76a52a21/element'
18:00:46.148 [Forwarding findElement on session 37a632245f6107036c08731d76a52a21 to remote] DEBUG org.asynchttpclient.netty.request.NettyRequestSender - Using open Channel [id: 0x51f1f9e8, L:/127.0.0.1:59215 - R:localhost/127.0.0.1:65249] for POST '/session/37a632245f6107036c08731d76a52a21/element'
18:00:46.157 [AsyncHttpClient-1-2] DEBUG org.asynchttpclient.netty.handler.HttpHandler - 

Request DefaultHttpRequest(decodeResult: success, version: HTTP/1.1)
POST /session/37a632245f6107036c08731d76a52a21/element HTTP/1.1
User-Agent: selenium/4.4.0 (java windows)
Content-Length: 75
Content-Type: application/json; charset=utf-8
host: localhost:65249
accept: */*

Response DefaultHttpResponse(decodeResult: success, version: HTTP/1.1)
HTTP/1.1 200 OK
Content-Type: application/json; charset=utf-8
cache-control: no-cache
content-length: 88

18:00:46.158 [AsyncHttpClient-1-2] DEBUG org.asynchttpclient.netty.channel.ChannelManager - Adding key: http://localhost:65249 for channel [id: 0x51f1f9e8, L:/127.0.0.1:59215 - R:localhost/127.0.0.1:65249]
18:00:46.159 [Forwarding setTimeout on session 37a632245f6107036c08731d76a52a21 to remote] DEBUG org.asynchttpclient.netty.request.NettyRequestSender - Using pooled Channel '[id: 0x51f1f9e8, L:/127.0.0.1:59215 - R:localhost/127.0.0.1:65249]' for 'POST' to 'http://localhost:65249/session/37a632245f6107036c08731d76a52a21/timeouts'
18:00:46.160 [Forwarding setTimeout on session 37a632245f6107036c08731d76a52a21 to remote] DEBUG org.asynchttpclient.netty.request.NettyRequestSender - Using open Channel [id: 0x51f1f9e8, L:/127.0.0.1:59215 - R:localhost/127.0.0.1:65249] for POST '/session/37a632245f6107036c08731d76a52a21/timeouts'
18:00:46.161 [AsyncHttpClient-1-2] DEBUG org.asynchttpclient.netty.handler.HttpHandler - 

Request DefaultHttpRequest(decodeResult: success, version: HTTP/1.1)
POST /session/37a632245f6107036c08731d76a52a21/timeouts HTTP/1.1
User-Agent: selenium/4.4.0 (java windows)
Content-Length: 22
Content-Type: application/json; charset=utf-8
host: localhost:65249
accept: */*

Response DefaultHttpResponse(decodeResult: success, version: HTTP/1.1)
HTTP/1.1 200 OK
Content-Type: application/json; charset=utf-8
cache-control: no-cache
content-length: 14

18:00:46.161 [AsyncHttpClient-1-2] DEBUG org.asynchttpclient.netty.channel.ChannelManager - Adding key: http://localhost:65249 for channel [id: 0x51f1f9e8, L:/127.0.0.1:59215 - R:localhost/127.0.0.1:65249]
18:00:46.170 [Forwarding setTimeout on session 37a632245f6107036c08731d76a52a21 to remote] DEBUG org.asynchttpclient.netty.request.NettyRequestSender - Using pooled Channel '[id: 0x51f1f9e8, L:/127.0.0.1:59215 - R:localhost/127.0.0.1:65249]' for 'POST' to 'http://localhost:65249/session/37a632245f6107036c08731d76a52a21/timeouts'
18:00:46.170 [Forwarding setTimeout on session 37a632245f6107036c08731d76a52a21 to remote] DEBUG org.asynchttpclient.netty.request.NettyRequestSender - Using open Channel [id: 0x51f1f9e8, L:/127.0.0.1:59215 - R:localhost/127.0.0.1:65249] for POST '/session/37a632245f6107036c08731d76a52a21/timeouts'
18:00:46.171 [AsyncHttpClient-1-2] DEBUG org.asynchttpclient.netty.handler.HttpHandler - 

Request DefaultHttpRequest(decodeResult: success, version: HTTP/1.1)
POST /session/37a632245f6107036c08731d76a52a21/timeouts HTTP/1.1
User-Agent: selenium/4.4.0 (java windows)
Content-Length: 19
Content-Type: application/json; charset=utf-8
host: localhost:65249
accept: */*

Response DefaultHttpResponse(decodeResult: success, version: HTTP/1.1)
HTTP/1.1 200 OK
Content-Type: application/json; charset=utf-8
cache-control: no-cache
content-length: 14

18:00:46.172 [AsyncHttpClient-1-2] DEBUG org.asynchttpclient.netty.channel.ChannelManager - Adding key: http://localhost:65249 for channel [id: 0x51f1f9e8, L:/127.0.0.1:59215 - R:localhost/127.0.0.1:65249]
18:00:46.175 [Forwarding findElement on session 37a632245f6107036c08731d76a52a21 to remote] DEBUG org.asynchttpclient.netty.request.NettyRequestSender - Using pooled Channel '[id: 0x51f1f9e8, L:/127.0.0.1:59215 - R:localhost/127.0.0.1:65249]' for 'POST' to 'http://localhost:65249/session/37a632245f6107036c08731d76a52a21/element'
18:00:46.175 [Forwarding findElement on session 37a632245f6107036c08731d76a52a21 to remote] DEBUG org.asynchttpclient.netty.request.NettyRequestSender - Using open Channel [id: 0x51f1f9e8, L:/127.0.0.1:59215 - R:localhost/127.0.0.1:65249] for POST '/session/37a632245f6107036c08731d76a52a21/element'
18:00:46.193 [AsyncHttpClient-1-2] DEBUG org.asynchttpclient.netty.handler.HttpHandler - 

Request DefaultHttpRequest(decodeResult: success, version: HTTP/1.1)
POST /session/37a632245f6107036c08731d76a52a21/element HTTP/1.1
User-Agent: selenium/4.4.0 (java windows)
Content-Length: 75
Content-Type: application/json; charset=utf-8
host: localhost:65249
accept: */*

Response DefaultHttpResponse(decodeResult: success, version: HTTP/1.1)
HTTP/1.1 200 OK
Content-Type: application/json; charset=utf-8
cache-control: no-cache
content-length: 88

18:00:46.194 [AsyncHttpClient-1-2] DEBUG org.asynchttpclient.netty.channel.ChannelManager - Adding key: http://localhost:65249 for channel [id: 0x51f1f9e8, L:/127.0.0.1:59215 - R:localhost/127.0.0.1:65249]
18:00:46.197 [Forwarding setTimeout on session 37a632245f6107036c08731d76a52a21 to remote] DEBUG org.asynchttpclient.netty.request.NettyRequestSender - Using pooled Channel '[id: 0x51f1f9e8, L:/127.0.0.1:59215 - R:localhost/127.0.0.1:65249]' for 'POST' to 'http://localhost:65249/session/37a632245f6107036c08731d76a52a21/timeouts'
18:00:46.197 [Forwarding setTimeout on session 37a632245f6107036c08731d76a52a21 to remote] DEBUG org.asynchttpclient.netty.request.NettyRequestSender - Using open Channel [id: 0x51f1f9e8, L:/127.0.0.1:59215 - R:localhost/127.0.0.1:65249] for POST '/session/37a632245f6107036c08731d76a52a21/timeouts'
18:00:46.198 [AsyncHttpClient-1-2] DEBUG org.asynchttpclient.netty.handler.HttpHandler - 

Request DefaultHttpRequest(decodeResult: success, version: HTTP/1.1)
POST /session/37a632245f6107036c08731d76a52a21/timeouts HTTP/1.1
User-Agent: selenium/4.4.0 (java windows)
Content-Length: 22
Content-Type: application/json; charset=utf-8
host: localhost:65249
accept: */*

Response DefaultHttpResponse(decodeResult: success, version: HTTP/1.1)
HTTP/1.1 200 OK
Content-Type: application/json; charset=utf-8
cache-control: no-cache
content-length: 14

18:00:46.198 [AsyncHttpClient-1-2] DEBUG org.asynchttpclient.netty.channel.ChannelManager - Adding key: http://localhost:65249 for channel [id: 0x51f1f9e8, L:/127.0.0.1:59215 - R:localhost/127.0.0.1:65249]
18:00:46.205 [Forwarding isElementDisplayed on session 37a632245f6107036c08731d76a52a21 to remote] DEBUG org.asynchttpclient.netty.request.NettyRequestSender - Using pooled Channel '[id: 0x51f1f9e8, L:/127.0.0.1:59215 - R:localhost/127.0.0.1:65249]' for 'POST' to 'http://localhost:65249/session/37a632245f6107036c08731d76a52a21/execute/sync'
18:00:46.205 [Forwarding isElementDisplayed on session 37a632245f6107036c08731d76a52a21 to remote] DEBUG org.asynchttpclient.netty.request.NettyRequestSender - Using open Channel [id: 0x51f1f9e8, L:/127.0.0.1:59215 - R:localhost/127.0.0.1:65249] for POST '/session/37a632245f6107036c08731d76a52a21/execute/sync'
18:00:46.231 [AsyncHttpClient-1-2] DEBUG org.asynchttpclient.netty.handler.HttpHandler - 

Request DefaultHttpRequest(decodeResult: success, version: HTTP/1.1)
POST /session/37a632245f6107036c08731d76a52a21/execute/sync HTTP/1.1
User-Agent: selenium/4.4.0 (java windows)
Content-Length: 48780
Content-Type: application/json; charset=utf-8
host: localhost:65249
accept: */*

Response DefaultHttpResponse(decodeResult: success, version: HTTP/1.1)
HTTP/1.1 200 OK
Content-Type: application/json; charset=utf-8
cache-control: no-cache
content-length: 14

18:00:46.231 [AsyncHttpClient-1-2] DEBUG org.asynchttpclient.netty.channel.ChannelManager - Adding key: http://localhost:65249 for channel [id: 0x51f1f9e8, L:/127.0.0.1:59215 - R:localhost/127.0.0.1:65249]
18:00:46.236 [Forwarding findElement on session 37a632245f6107036c08731d76a52a21 to remote] DEBUG org.asynchttpclient.netty.request.NettyRequestSender - Using pooled Channel '[id: 0x51f1f9e8, L:/127.0.0.1:59215 - R:localhost/127.0.0.1:65249]' for 'POST' to 'http://localhost:65249/session/37a632245f6107036c08731d76a52a21/element'
18:00:46.237 [Forwarding findElement on session 37a632245f6107036c08731d76a52a21 to remote] DEBUG org.asynchttpclient.netty.request.NettyRequestSender - Using open Channel [id: 0x51f1f9e8, L:/127.0.0.1:59215 - R:localhost/127.0.0.1:65249] for POST '/session/37a632245f6107036c08731d76a52a21/element'
18:00:46.245 [AsyncHttpClient-1-2] DEBUG org.asynchttpclient.netty.handler.HttpHandler - 

Request DefaultHttpRequest(decodeResult: success, version: HTTP/1.1)
POST /session/37a632245f6107036c08731d76a52a21/element HTTP/1.1
User-Agent: selenium/4.4.0 (java windows)
Content-Length: 75
Content-Type: application/json; charset=utf-8
host: localhost:65249
accept: */*

Response DefaultHttpResponse(decodeResult: success, version: HTTP/1.1)
HTTP/1.1 200 OK
Content-Type: application/json; charset=utf-8
cache-control: no-cache
content-length: 88

18:00:46.246 [AsyncHttpClient-1-2] DEBUG org.asynchttpclient.netty.channel.ChannelManager - Adding key: http://localhost:65249 for channel [id: 0x51f1f9e8, L:/127.0.0.1:59215 - R:localhost/127.0.0.1:65249]
18:00:46.250 [Forwarding isElementDisplayed on session 37a632245f6107036c08731d76a52a21 to remote] DEBUG org.asynchttpclient.netty.request.NettyRequestSender - Using pooled Channel '[id: 0x51f1f9e8, L:/127.0.0.1:59215 - R:localhost/127.0.0.1:65249]' for 'POST' to 'http://localhost:65249/session/37a632245f6107036c08731d76a52a21/execute/sync'
18:00:46.250 [Forwarding isElementDisplayed on session 37a632245f6107036c08731d76a52a21 to remote] DEBUG org.asynchttpclient.netty.request.NettyRequestSender - Using open Channel [id: 0x51f1f9e8, L:/127.0.0.1:59215 - R:localhost/127.0.0.1:65249] for POST '/session/37a632245f6107036c08731d76a52a21/execute/sync'
18:00:46.268 [AsyncHttpClient-1-2] DEBUG org.asynchttpclient.netty.handler.HttpHandler - 

Request DefaultHttpRequest(decodeResult: success, version: HTTP/1.1)
POST /session/37a632245f6107036c08731d76a52a21/execute/sync HTTP/1.1
User-Agent: selenium/4.4.0 (java windows)
Content-Length: 48780
Content-Type: application/json; charset=utf-8
host: localhost:65249
accept: */*

Response DefaultHttpResponse(decodeResult: success, version: HTTP/1.1)
HTTP/1.1 200 OK
Content-Type: application/json; charset=utf-8
cache-control: no-cache
content-length: 14

18:00:46.269 [AsyncHttpClient-1-2] DEBUG org.asynchttpclient.netty.channel.ChannelManager - Adding key: http://localhost:65249 for channel [id: 0x51f1f9e8, L:/127.0.0.1:59215 - R:localhost/127.0.0.1:65249]
18:00:46.274 [Forwarding sendKeysToElement on session 37a632245f6107036c08731d76a52a21 to remote] DEBUG org.asynchttpclient.netty.request.NettyRequestSender - Using pooled Channel '[id: 0x51f1f9e8, L:/127.0.0.1:59215 - R:localhost/127.0.0.1:65249]' for 'POST' to 'http://localhost:65249/session/37a632245f6107036c08731d76a52a21/element/ea27b1f6-507d-4fab-82f2-7e2f58bdf23c/value'
18:00:46.274 [Forwarding sendKeysToElement on session 37a632245f6107036c08731d76a52a21 to remote] DEBUG org.asynchttpclient.netty.request.NettyRequestSender - Using open Channel [id: 0x51f1f9e8, L:/127.0.0.1:59215 - R:localhost/127.0.0.1:65249] for POST '/session/37a632245f6107036c08731d76a52a21/element/ea27b1f6-507d-4fab-82f2-7e2f58bdf23c/value'
18:00:46.342 [AsyncHttpClient-1-2] DEBUG org.asynchttpclient.netty.handler.HttpHandler - 

Request DefaultHttpRequest(decodeResult: success, version: HTTP/1.1)
POST /session/37a632245f6107036c08731d76a52a21/element/ea27b1f6-507d-4fab-82f2-7e2f58bdf23c/value HTTP/1.1
User-Agent: selenium/4.4.0 (java windows)
Content-Length: 151
Content-Type: application/json; charset=utf-8
host: localhost:65249
accept: */*

Response DefaultHttpResponse(decodeResult: success, version: HTTP/1.1)
HTTP/1.1 200 OK
Content-Type: application/json; charset=utf-8
cache-control: no-cache
content-length: 14

18:00:46.342 [AsyncHttpClient-1-2] DEBUG org.asynchttpclient.netty.channel.ChannelManager - Adding key: http://localhost:65249 for channel [id: 0x51f1f9e8, L:/127.0.0.1:59215 - R:localhost/127.0.0.1:65249]
18:00:46.344 [Forwarding screenshot on session 37a632245f6107036c08731d76a52a21 to remote] DEBUG org.asynchttpclient.netty.request.NettyRequestSender - Using pooled Channel '[id: 0x51f1f9e8, L:/127.0.0.1:59215 - R:localhost/127.0.0.1:65249]' for 'GET' to 'http://localhost:65249/session/37a632245f6107036c08731d76a52a21/screenshot'
18:00:46.344 [Forwarding screenshot on session 37a632245f6107036c08731d76a52a21 to remote] DEBUG org.asynchttpclient.netty.request.NettyRequestSender - Using open Channel [id: 0x51f1f9e8, L:/127.0.0.1:59215 - R:localhost/127.0.0.1:65249] for GET '/session/37a632245f6107036c08731d76a52a21/screenshot'
18:00:46.496 [AsyncHttpClient-1-2] DEBUG org.asynchttpclient.netty.handler.HttpHandler - 

Request DefaultFullHttpRequest(decodeResult: success, version: HTTP/1.1, content: EmptyByteBufBE)
GET /session/37a632245f6107036c08731d76a52a21/screenshot HTTP/1.1
User-Agent: selenium/4.4.0 (java windows)
Cache-Control: no-cache
Content-Type: application/json; charset=utf-8
host: localhost:65249
accept: */*

Response DefaultHttpResponse(decodeResult: success, version: HTTP/1.1)
HTTP/1.1 200 OK
Content-Type: application/json; charset=utf-8
cache-control: no-cache
content-length: 185032

18:00:46.497 [AsyncHttpClient-1-2] DEBUG org.asynchttpclient.netty.channel.ChannelManager - Adding key: http://localhost:65249 for channel [id: 0x51f1f9e8, L:/127.0.0.1:59215 - R:localhost/127.0.0.1:65249]
18:00:46.513 [Forwarding findElement on session 37a632245f6107036c08731d76a52a21 to remote] DEBUG org.asynchttpclient.netty.request.NettyRequestSender - Using pooled Channel '[id: 0x51f1f9e8, L:/127.0.0.1:59215 - R:localhost/127.0.0.1:65249]' for 'POST' to 'http://localhost:65249/session/37a632245f6107036c08731d76a52a21/element'
18:00:46.513 [Forwarding findElement on session 37a632245f6107036c08731d76a52a21 to remote] DEBUG org.asynchttpclient.netty.request.NettyRequestSender - Using open Channel [id: 0x51f1f9e8, L:/127.0.0.1:59215 - R:localhost/127.0.0.1:65249] for POST '/session/37a632245f6107036c08731d76a52a21/element'
18:00:46.522 [AsyncHttpClient-1-2] DEBUG org.asynchttpclient.netty.handler.HttpHandler - 

Request DefaultHttpRequest(decodeResult: success, version: HTTP/1.1)
POST /session/37a632245f6107036c08731d76a52a21/element HTTP/1.1
User-Agent: selenium/4.4.0 (java windows)
Content-Length: 75
Content-Type: application/json; charset=utf-8
host: localhost:65249
accept: */*

Response DefaultHttpResponse(decodeResult: success, version: HTTP/1.1)
HTTP/1.1 200 OK
Content-Type: application/json; charset=utf-8
cache-control: no-cache
content-length: 88

18:00:46.522 [AsyncHttpClient-1-2] DEBUG org.asynchttpclient.netty.channel.ChannelManager - Adding key: http://localhost:65249 for channel [id: 0x51f1f9e8, L:/127.0.0.1:59215 - R:localhost/127.0.0.1:65249]
18:00:46.524 [Forwarding isElementDisplayed on session 37a632245f6107036c08731d76a52a21 to remote] DEBUG org.asynchttpclient.netty.request.NettyRequestSender - Using pooled Channel '[id: 0x51f1f9e8, L:/127.0.0.1:59215 - R:localhost/127.0.0.1:65249]' for 'POST' to 'http://localhost:65249/session/37a632245f6107036c08731d76a52a21/execute/sync'
18:00:46.524 [Forwarding isElementDisplayed on session 37a632245f6107036c08731d76a52a21 to remote] DEBUG org.asynchttpclient.netty.request.NettyRequestSender - Using open Channel [id: 0x51f1f9e8, L:/127.0.0.1:59215 - R:localhost/127.0.0.1:65249] for POST '/session/37a632245f6107036c08731d76a52a21/execute/sync'
18:00:46.532 [AsyncHttpClient-1-2] DEBUG org.asynchttpclient.netty.handler.HttpHandler - 

Request DefaultHttpRequest(decodeResult: success, version: HTTP/1.1)
POST /session/37a632245f6107036c08731d76a52a21/execute/sync HTTP/1.1
User-Agent: selenium/4.4.0 (java windows)
Content-Length: 48780
Content-Type: application/json; charset=utf-8
host: localhost:65249
accept: */*

Response DefaultHttpResponse(decodeResult: success, version: HTTP/1.1)
HTTP/1.1 200 OK
Content-Type: application/json; charset=utf-8
cache-control: no-cache
content-length: 14

18:00:46.532 [AsyncHttpClient-1-2] DEBUG org.asynchttpclient.netty.channel.ChannelManager - Adding key: http://localhost:65249 for channel [id: 0x51f1f9e8, L:/127.0.0.1:59215 - R:localhost/127.0.0.1:65249]
18:00:46.534 [Forwarding isElementDisplayed on session 37a632245f6107036c08731d76a52a21 to remote] DEBUG org.asynchttpclient.netty.request.NettyRequestSender - Using pooled Channel '[id: 0x51f1f9e8, L:/127.0.0.1:59215 - R:localhost/127.0.0.1:65249]' for 'POST' to 'http://localhost:65249/session/37a632245f6107036c08731d76a52a21/execute/sync'
18:00:46.534 [Forwarding isElementDisplayed on session 37a632245f6107036c08731d76a52a21 to remote] DEBUG org.asynchttpclient.netty.request.NettyRequestSender - Using open Channel [id: 0x51f1f9e8, L:/127.0.0.1:59215 - R:localhost/127.0.0.1:65249] for POST '/session/37a632245f6107036c08731d76a52a21/execute/sync'
18:00:46.540 [AsyncHttpClient-1-2] DEBUG org.asynchttpclient.netty.handler.HttpHandler - 

Request DefaultHttpRequest(decodeResult: success, version: HTTP/1.1)
POST /session/37a632245f6107036c08731d76a52a21/execute/sync HTTP/1.1
User-Agent: selenium/4.4.0 (java windows)
Content-Length: 48780
Content-Type: application/json; charset=utf-8
host: localhost:65249
accept: */*

Response DefaultHttpResponse(decodeResult: success, version: HTTP/1.1)
HTTP/1.1 200 OK
Content-Type: application/json; charset=utf-8
cache-control: no-cache
content-length: 14

18:00:46.541 [AsyncHttpClient-1-2] DEBUG org.asynchttpclient.netty.channel.ChannelManager - Adding key: http://localhost:65249 for channel [id: 0x51f1f9e8, L:/127.0.0.1:59215 - R:localhost/127.0.0.1:65249]
18:00:46.542 [Forwarding findElement on session 37a632245f6107036c08731d76a52a21 to remote] DEBUG org.asynchttpclient.netty.request.NettyRequestSender - Using pooled Channel '[id: 0x51f1f9e8, L:/127.0.0.1:59215 - R:localhost/127.0.0.1:65249]' for 'POST' to 'http://localhost:65249/session/37a632245f6107036c08731d76a52a21/element'
18:00:46.542 [Forwarding findElement on session 37a632245f6107036c08731d76a52a21 to remote] DEBUG org.asynchttpclient.netty.request.NettyRequestSender - Using open Channel [id: 0x51f1f9e8, L:/127.0.0.1:59215 - R:localhost/127.0.0.1:65249] for POST '/session/37a632245f6107036c08731d76a52a21/element'
18:00:46.547 [AsyncHttpClient-1-2] DEBUG org.asynchttpclient.netty.handler.HttpHandler - 

Request DefaultHttpRequest(decodeResult: success, version: HTTP/1.1)
POST /session/37a632245f6107036c08731d76a52a21/element HTTP/1.1
User-Agent: selenium/4.4.0 (java windows)
Content-Length: 75
Content-Type: application/json; charset=utf-8
host: localhost:65249
accept: */*

Response DefaultHttpResponse(decodeResult: success, version: HTTP/1.1)
HTTP/1.1 200 OK
Content-Type: application/json; charset=utf-8
cache-control: no-cache
content-length: 88

18:00:46.547 [AsyncHttpClient-1-2] DEBUG org.asynchttpclient.netty.channel.ChannelManager - Adding key: http://localhost:65249 for channel [id: 0x51f1f9e8, L:/127.0.0.1:59215 - R:localhost/127.0.0.1:65249]
18:00:46.549 [Forwarding isElementDisplayed on session 37a632245f6107036c08731d76a52a21 to remote] DEBUG org.asynchttpclient.netty.request.NettyRequestSender - Using pooled Channel '[id: 0x51f1f9e8, L:/127.0.0.1:59215 - R:localhost/127.0.0.1:65249]' for 'POST' to 'http://localhost:65249/session/37a632245f6107036c08731d76a52a21/execute/sync'
18:00:46.549 [Forwarding isElementDisplayed on session 37a632245f6107036c08731d76a52a21 to remote] DEBUG org.asynchttpclient.netty.request.NettyRequestSender - Using open Channel [id: 0x51f1f9e8, L:/127.0.0.1:59215 - R:localhost/127.0.0.1:65249] for POST '/session/37a632245f6107036c08731d76a52a21/execute/sync'
18:00:46.556 [AsyncHttpClient-1-2] DEBUG org.asynchttpclient.netty.handler.HttpHandler - 

Request DefaultHttpRequest(decodeResult: success, version: HTTP/1.1)
POST /session/37a632245f6107036c08731d76a52a21/execute/sync HTTP/1.1
User-Agent: selenium/4.4.0 (java windows)
Content-Length: 48780
Content-Type: application/json; charset=utf-8
host: localhost:65249
accept: */*

Response DefaultHttpResponse(decodeResult: success, version: HTTP/1.1)
HTTP/1.1 200 OK
Content-Type: application/json; charset=utf-8
cache-control: no-cache
content-length: 14

18:00:46.556 [AsyncHttpClient-1-2] DEBUG org.asynchttpclient.netty.channel.ChannelManager - Adding key: http://localhost:65249 for channel [id: 0x51f1f9e8, L:/127.0.0.1:59215 - R:localhost/127.0.0.1:65249]
18:00:46.557 [Forwarding isElementEnabled on session 37a632245f6107036c08731d76a52a21 to remote] DEBUG org.asynchttpclient.netty.request.NettyRequestSender - Using pooled Channel '[id: 0x51f1f9e8, L:/127.0.0.1:59215 - R:localhost/127.0.0.1:65249]' for 'GET' to 'http://localhost:65249/session/37a632245f6107036c08731d76a52a21/element/fe7845ae-6858-448f-8aa8-ddd11d8f9a41/enabled'
18:00:46.557 [Forwarding isElementEnabled on session 37a632245f6107036c08731d76a52a21 to remote] DEBUG org.asynchttpclient.netty.request.NettyRequestSender - Using open Channel [id: 0x51f1f9e8, L:/127.0.0.1:59215 - R:localhost/127.0.0.1:65249] for GET '/session/37a632245f6107036c08731d76a52a21/element/fe7845ae-6858-448f-8aa8-ddd11d8f9a41/enabled'
18:00:46.562 [AsyncHttpClient-1-2] DEBUG org.asynchttpclient.netty.handler.HttpHandler - 

Request DefaultFullHttpRequest(decodeResult: success, version: HTTP/1.1, content: EmptyByteBufBE)
GET /session/37a632245f6107036c08731d76a52a21/element/fe7845ae-6858-448f-8aa8-ddd11d8f9a41/enabled HTTP/1.1
User-Agent: selenium/4.4.0 (java windows)
Cache-Control: no-cache
Content-Type: application/json; charset=utf-8
host: localhost:65249
accept: */*

Response DefaultHttpResponse(decodeResult: success, version: HTTP/1.1)
HTTP/1.1 200 OK
Content-Type: application/json; charset=utf-8
cache-control: no-cache
content-length: 14

18:00:46.562 [AsyncHttpClient-1-2] DEBUG org.asynchttpclient.netty.channel.ChannelManager - Adding key: http://localhost:65249 for channel [id: 0x51f1f9e8, L:/127.0.0.1:59215 - R:localhost/127.0.0.1:65249]
18:00:46.564 [Forwarding findElement on session 37a632245f6107036c08731d76a52a21 to remote] DEBUG org.asynchttpclient.netty.request.NettyRequestSender - Using pooled Channel '[id: 0x51f1f9e8, L:/127.0.0.1:59215 - R:localhost/127.0.0.1:65249]' for 'POST' to 'http://localhost:65249/session/37a632245f6107036c08731d76a52a21/element'
18:00:46.564 [Forwarding findElement on session 37a632245f6107036c08731d76a52a21 to remote] DEBUG org.asynchttpclient.netty.request.NettyRequestSender - Using open Channel [id: 0x51f1f9e8, L:/127.0.0.1:59215 - R:localhost/127.0.0.1:65249] for POST '/session/37a632245f6107036c08731d76a52a21/element'
18:00:46.569 [AsyncHttpClient-1-2] DEBUG org.asynchttpclient.netty.handler.HttpHandler - 

Request DefaultHttpRequest(decodeResult: success, version: HTTP/1.1)
POST /session/37a632245f6107036c08731d76a52a21/element HTTP/1.1
User-Agent: selenium/4.4.0 (java windows)
Content-Length: 75
Content-Type: application/json; charset=utf-8
host: localhost:65249
accept: */*

Response DefaultHttpResponse(decodeResult: success, version: HTTP/1.1)
HTTP/1.1 200 OK
Content-Type: application/json; charset=utf-8
cache-control: no-cache
content-length: 88

18:00:46.569 [AsyncHttpClient-1-2] DEBUG org.asynchttpclient.netty.channel.ChannelManager - Adding key: http://localhost:65249 for channel [id: 0x51f1f9e8, L:/127.0.0.1:59215 - R:localhost/127.0.0.1:65249]
18:00:46.571 [Forwarding isElementDisplayed on session 37a632245f6107036c08731d76a52a21 to remote] DEBUG org.asynchttpclient.netty.request.NettyRequestSender - Using pooled Channel '[id: 0x51f1f9e8, L:/127.0.0.1:59215 - R:localhost/127.0.0.1:65249]' for 'POST' to 'http://localhost:65249/session/37a632245f6107036c08731d76a52a21/execute/sync'
18:00:46.571 [Forwarding isElementDisplayed on session 37a632245f6107036c08731d76a52a21 to remote] DEBUG org.asynchttpclient.netty.request.NettyRequestSender - Using open Channel [id: 0x51f1f9e8, L:/127.0.0.1:59215 - R:localhost/127.0.0.1:65249] for POST '/session/37a632245f6107036c08731d76a52a21/execute/sync'
18:00:46.577 [AsyncHttpClient-1-2] DEBUG org.asynchttpclient.netty.handler.HttpHandler - 

Request DefaultHttpRequest(decodeResult: success, version: HTTP/1.1)
POST /session/37a632245f6107036c08731d76a52a21/execute/sync HTTP/1.1
User-Agent: selenium/4.4.0 (java windows)
Content-Length: 48780
Content-Type: application/json; charset=utf-8
host: localhost:65249
accept: */*

Response DefaultHttpResponse(decodeResult: success, version: HTTP/1.1)
HTTP/1.1 200 OK
Content-Type: application/json; charset=utf-8
cache-control: no-cache
content-length: 14

18:00:46.577 [AsyncHttpClient-1-2] DEBUG org.asynchttpclient.netty.channel.ChannelManager - Adding key: http://localhost:65249 for channel [id: 0x51f1f9e8, L:/127.0.0.1:59215 - R:localhost/127.0.0.1:65249]
18:00:46.578 [Forwarding sendKeysToElement on session 37a632245f6107036c08731d76a52a21 to remote] DEBUG org.asynchttpclient.netty.request.NettyRequestSender - Using pooled Channel '[id: 0x51f1f9e8, L:/127.0.0.1:59215 - R:localhost/127.0.0.1:65249]' for 'POST' to 'http://localhost:65249/session/37a632245f6107036c08731d76a52a21/element/fe7845ae-6858-448f-8aa8-ddd11d8f9a41/value'
18:00:46.578 [Forwarding sendKeysToElement on session 37a632245f6107036c08731d76a52a21 to remote] DEBUG org.asynchttpclient.netty.request.NettyRequestSender - Using open Channel [id: 0x51f1f9e8, L:/127.0.0.1:59215 - R:localhost/127.0.0.1:65249] for POST '/session/37a632245f6107036c08731d76a52a21/element/fe7845ae-6858-448f-8aa8-ddd11d8f9a41/value'
18:00:46.609 [AsyncHttpClient-1-2] DEBUG org.asynchttpclient.netty.handler.HttpHandler - 

Request DefaultHttpRequest(decodeResult: success, version: HTTP/1.1)
POST /session/37a632245f6107036c08731d76a52a21/element/fe7845ae-6858-448f-8aa8-ddd11d8f9a41/value HTTP/1.1
User-Agent: selenium/4.4.0 (java windows)
Content-Length: 111
Content-Type: application/json; charset=utf-8
host: localhost:65249
accept: */*

Response DefaultHttpResponse(decodeResult: success, version: HTTP/1.1)
HTTP/1.1 200 OK
Content-Type: application/json; charset=utf-8
cache-control: no-cache
content-length: 14

18:00:46.610 [AsyncHttpClient-1-2] DEBUG org.asynchttpclient.netty.channel.ChannelManager - Adding key: http://localhost:65249 for channel [id: 0x51f1f9e8, L:/127.0.0.1:59215 - R:localhost/127.0.0.1:65249]
18:00:46.610 [Forwarding screenshot on session 37a632245f6107036c08731d76a52a21 to remote] DEBUG org.asynchttpclient.netty.request.NettyRequestSender - Using pooled Channel '[id: 0x51f1f9e8, L:/127.0.0.1:59215 - R:localhost/127.0.0.1:65249]' for 'GET' to 'http://localhost:65249/session/37a632245f6107036c08731d76a52a21/screenshot'
18:00:46.610 [Forwarding screenshot on session 37a632245f6107036c08731d76a52a21 to remote] DEBUG org.asynchttpclient.netty.request.NettyRequestSender - Using open Channel [id: 0x51f1f9e8, L:/127.0.0.1:59215 - R:localhost/127.0.0.1:65249] for GET '/session/37a632245f6107036c08731d76a52a21/screenshot'
18:00:46.712 [AsyncHttpClient-1-2] DEBUG org.asynchttpclient.netty.handler.HttpHandler - 

Request DefaultFullHttpRequest(decodeResult: success, version: HTTP/1.1, content: EmptyByteBufBE)
GET /session/37a632245f6107036c08731d76a52a21/screenshot HTTP/1.1
User-Agent: selenium/4.4.0 (java windows)
Cache-Control: no-cache
Content-Type: application/json; charset=utf-8
host: localhost:65249
accept: */*

Response DefaultHttpResponse(decodeResult: success, version: HTTP/1.1)
HTTP/1.1 200 OK
Content-Type: application/json; charset=utf-8
cache-control: no-cache
content-length: 182376

18:00:46.713 [AsyncHttpClient-1-2] DEBUG org.asynchttpclient.netty.channel.ChannelManager - Adding key: http://localhost:65249 for channel [id: 0x51f1f9e8, L:/127.0.0.1:59215 - R:localhost/127.0.0.1:65249]
18:00:46.724 [Forwarding getCurrentWindowHandle on session 37a632245f6107036c08731d76a52a21 to remote] DEBUG org.asynchttpclient.netty.request.NettyRequestSender - Using pooled Channel '[id: 0x51f1f9e8, L:/127.0.0.1:59215 - R:localhost/127.0.0.1:65249]' for 'GET' to 'http://localhost:65249/session/37a632245f6107036c08731d76a52a21/window'
18:00:46.724 [Forwarding getCurrentWindowHandle on session 37a632245f6107036c08731d76a52a21 to remote] DEBUG org.asynchttpclient.netty.request.NettyRequestSender - Using open Channel [id: 0x51f1f9e8, L:/127.0.0.1:59215 - R:localhost/127.0.0.1:65249] for GET '/session/37a632245f6107036c08731d76a52a21/window'
18:00:46.725 [AsyncHttpClient-1-2] DEBUG org.asynchttpclient.netty.handler.HttpHandler - 

Request DefaultFullHttpRequest(decodeResult: success, version: HTTP/1.1, content: EmptyByteBufBE)
GET /session/37a632245f6107036c08731d76a52a21/window HTTP/1.1
User-Agent: selenium/4.4.0 (java windows)
Cache-Control: no-cache
Content-Type: application/json; charset=utf-8
host: localhost:65249
accept: */*

Response DefaultHttpResponse(decodeResult: success, version: HTTP/1.1)
HTTP/1.1 200 OK
Content-Type: application/json; charset=utf-8
cache-control: no-cache
content-length: 53

18:00:46.725 [AsyncHttpClient-1-2] DEBUG org.asynchttpclient.netty.channel.ChannelManager - Adding key: http://localhost:65249 for channel [id: 0x51f1f9e8, L:/127.0.0.1:59215 - R:localhost/127.0.0.1:65249]
18:00:46.726 [Forwarding getAlertText on session 37a632245f6107036c08731d76a52a21 to remote] DEBUG org.asynchttpclient.netty.request.NettyRequestSender - Using pooled Channel '[id: 0x51f1f9e8, L:/127.0.0.1:59215 - R:localhost/127.0.0.1:65249]' for 'GET' to 'http://localhost:65249/session/37a632245f6107036c08731d76a52a21/alert/text'
18:00:46.726 [Forwarding getAlertText on session 37a632245f6107036c08731d76a52a21 to remote] DEBUG org.asynchttpclient.netty.request.NettyRequestSender - Using open Channel [id: 0x51f1f9e8, L:/127.0.0.1:59215 - R:localhost/127.0.0.1:65249] for GET '/session/37a632245f6107036c08731d76a52a21/alert/text'
18:00:46.728 [AsyncHttpClient-1-2] DEBUG org.asynchttpclient.netty.handler.HttpHandler - 

Request DefaultFullHttpRequest(decodeResult: success, version: HTTP/1.1, content: EmptyByteBufBE)
GET /session/37a632245f6107036c08731d76a52a21/alert/text HTTP/1.1
User-Agent: selenium/4.4.0 (java windows)
Cache-Control: no-cache
Content-Type: application/json; charset=utf-8
host: localhost:65249
accept: */*

Response DefaultHttpResponse(decodeResult: success, version: HTTP/1.1)
HTTP/1.1 404 Not Found
Content-Type: application/json; charset=utf-8
cache-control: no-cache
content-length: 835

18:00:46.728 [AsyncHttpClient-1-2] DEBUG org.asynchttpclient.netty.channel.ChannelManager - Adding key: http://localhost:65249 for channel [id: 0x51f1f9e8, L:/127.0.0.1:59215 - R:localhost/127.0.0.1:65249]
18:00:46.730 [Forwarding switchToWindow on session 37a632245f6107036c08731d76a52a21 to remote] DEBUG org.asynchttpclient.netty.request.NettyRequestSender - Using pooled Channel '[id: 0x51f1f9e8, L:/127.0.0.1:59215 - R:localhost/127.0.0.1:65249]' for 'POST' to 'http://localhost:65249/session/37a632245f6107036c08731d76a52a21/window'
18:00:46.730 [Forwarding switchToWindow on session 37a632245f6107036c08731d76a52a21 to remote] DEBUG org.asynchttpclient.netty.request.NettyRequestSender - Using open Channel [id: 0x51f1f9e8, L:/127.0.0.1:59215 - R:localhost/127.0.0.1:65249] for POST '/session/37a632245f6107036c08731d76a52a21/window'
18:00:46.733 [AsyncHttpClient-1-2] DEBUG org.asynchttpclient.netty.handler.HttpHandler - 

Request DefaultHttpRequest(decodeResult: success, version: HTTP/1.1)
POST /session/37a632245f6107036c08731d76a52a21/window HTTP/1.1
User-Agent: selenium/4.4.0 (java windows)
Content-Length: 59
Content-Type: application/json; charset=utf-8
host: localhost:65249
accept: */*

Response DefaultHttpResponse(decodeResult: success, version: HTTP/1.1)
HTTP/1.1 200 OK
Content-Type: application/json; charset=utf-8
cache-control: no-cache
content-length: 14

18:00:46.733 [AsyncHttpClient-1-2] DEBUG org.asynchttpclient.netty.channel.ChannelManager - Adding key: http://localhost:65249 for channel [id: 0x51f1f9e8, L:/127.0.0.1:59215 - R:localhost/127.0.0.1:65249]
18:00:46.734 [Forwarding getCurrentUrl on session 37a632245f6107036c08731d76a52a21 to remote] DEBUG org.asynchttpclient.netty.request.NettyRequestSender - Using pooled Channel '[id: 0x51f1f9e8, L:/127.0.0.1:59215 - R:localhost/127.0.0.1:65249]' for 'GET' to 'http://localhost:65249/session/37a632245f6107036c08731d76a52a21/url'
18:00:46.734 [Forwarding getCurrentUrl on session 37a632245f6107036c08731d76a52a21 to remote] DEBUG org.asynchttpclient.netty.request.NettyRequestSender - Using open Channel [id: 0x51f1f9e8, L:/127.0.0.1:59215 - R:localhost/127.0.0.1:65249] for GET '/session/37a632245f6107036c08731d76a52a21/url'
18:00:46.738 [AsyncHttpClient-1-2] DEBUG org.asynchttpclient.netty.handler.HttpHandler - 

Request DefaultFullHttpRequest(decodeResult: success, version: HTTP/1.1, content: EmptyByteBufBE)
GET /session/37a632245f6107036c08731d76a52a21/url HTTP/1.1
User-Agent: selenium/4.4.0 (java windows)
Cache-Control: no-cache
Content-Type: application/json; charset=utf-8
host: localhost:65249
accept: */*

Response DefaultHttpResponse(decodeResult: success, version: HTTP/1.1)
HTTP/1.1 200 OK
Content-Type: application/json; charset=utf-8
cache-control: no-cache
content-length: 48

18:00:46.738 [AsyncHttpClient-1-2] DEBUG org.asynchttpclient.netty.channel.ChannelManager - Adding key: http://localhost:65249 for channel [id: 0x51f1f9e8, L:/127.0.0.1:59215 - R:localhost/127.0.0.1:65249]
18:00:46.739 [Forwarding screenshot on session 37a632245f6107036c08731d76a52a21 to remote] DEBUG org.asynchttpclient.netty.request.NettyRequestSender - Using pooled Channel '[id: 0x51f1f9e8, L:/127.0.0.1:59215 - R:localhost/127.0.0.1:65249]' for 'GET' to 'http://localhost:65249/session/37a632245f6107036c08731d76a52a21/screenshot'
18:00:46.739 [Forwarding screenshot on session 37a632245f6107036c08731d76a52a21 to remote] DEBUG org.asynchttpclient.netty.request.NettyRequestSender - Using open Channel [id: 0x51f1f9e8, L:/127.0.0.1:59215 - R:localhost/127.0.0.1:65249] for GET '/session/37a632245f6107036c08731d76a52a21/screenshot'
18:00:46.840 [AsyncHttpClient-1-2] DEBUG org.asynchttpclient.netty.handler.HttpHandler - 

Request DefaultFullHttpRequest(decodeResult: success, version: HTTP/1.1, content: EmptyByteBufBE)
GET /session/37a632245f6107036c08731d76a52a21/screenshot HTTP/1.1
User-Agent: selenium/4.4.0 (java windows)
Cache-Control: no-cache
Content-Type: application/json; charset=utf-8
host: localhost:65249
accept: */*

Response DefaultHttpResponse(decodeResult: success, version: HTTP/1.1)
HTTP/1.1 200 OK
Content-Type: application/json; charset=utf-8
cache-control: no-cache
content-length: 182352

18:00:46.841 [AsyncHttpClient-1-2] DEBUG org.asynchttpclient.netty.channel.ChannelManager - Adding key: http://localhost:65249 for channel [id: 0x51f1f9e8, L:/127.0.0.1:59215 - R:localhost/127.0.0.1:65249]
18:00:46.845 [main] DEBUG net.serenitybdd.core.photography.Darkroom - Send negative for processing for target\site\serenity\ac50736ebb842abd6b788250c1ad43a89059f16ac55d78a3353746b98e2b173c.png
18:00:46.845 [Darkroom Processing Line] DEBUG net.serenitybdd.core.photography.DarkroomProcessingLine - Processing screenshot image in /var/screenshots/screenshot-13074195351996008234
18:00:46.845 [Darkroom Processing Line] DEBUG net.serenitybdd.core.photography.DarkroomProcessingLine - Saving screenshot to target\site\serenity\ac50736ebb842abd6b788250c1ad43a89059f16ac55d78a3353746b98e2b173c.png
18:00:46.845 [main] DEBUG net.thucydides.core.steps.StepInterceptor - STEP DONE: inserto usuario{usuario} y contraseña{password}
18:00:46.852 [Forwarding getPageSource on session 37a632245f6107036c08731d76a52a21 to remote] DEBUG org.asynchttpclient.netty.request.NettyRequestSender - Using pooled Channel '[id: 0x51f1f9e8, L:/127.0.0.1:59215 - R:localhost/127.0.0.1:65249]' for 'POST' to 'http://localhost:65249/session/37a632245f6107036c08731d76a52a21/execute/sync'
18:00:46.852 [Forwarding getPageSource on session 37a632245f6107036c08731d76a52a21 to remote] DEBUG org.asynchttpclient.netty.request.NettyRequestSender - Using open Channel [id: 0x51f1f9e8, L:/127.0.0.1:59215 - R:localhost/127.0.0.1:65249] for POST '/session/37a632245f6107036c08731d76a52a21/execute/sync'
18:00:46.860 [AsyncHttpClient-1-2] DEBUG org.asynchttpclient.netty.handler.HttpHandler - 

Request DefaultHttpRequest(decodeResult: success, version: HTTP/1.1)
POST /session/37a632245f6107036c08731d76a52a21/execute/sync HTTP/1.1
User-Agent: selenium/4.4.0 (java windows)
Content-Length: 176
Content-Type: application/json; charset=utf-8
host: localhost:65249
accept: */*

Response DefaultHttpResponse(decodeResult: success, version: HTTP/1.1)
HTTP/1.1 200 OK
Content-Type: application/json; charset=utf-8
cache-control: no-cache
content-length: 57699

18:00:46.860 [AsyncHttpClient-1-2] DEBUG org.asynchttpclient.netty.channel.ChannelManager - Adding key: http://localhost:65249 for channel [id: 0x51f1f9e8, L:/127.0.0.1:59215 - R:localhost/127.0.0.1:65249]
18:00:46.866 [Forwarding getCurrentUrl on session 37a632245f6107036c08731d76a52a21 to remote] DEBUG org.asynchttpclient.netty.request.NettyRequestSender - Using pooled Channel '[id: 0x51f1f9e8, L:/127.0.0.1:59215 - R:localhost/127.0.0.1:65249]' for 'GET' to 'http://localhost:65249/session/37a632245f6107036c08731d76a52a21/url'
18:00:46.866 [Forwarding getCurrentUrl on session 37a632245f6107036c08731d76a52a21 to remote] DEBUG org.asynchttpclient.netty.request.NettyRequestSender - Using open Channel [id: 0x51f1f9e8, L:/127.0.0.1:59215 - R:localhost/127.0.0.1:65249] for GET '/session/37a632245f6107036c08731d76a52a21/url'
18:00:46.869 [AsyncHttpClient-1-2] DEBUG org.asynchttpclient.netty.handler.HttpHandler - 

Request DefaultFullHttpRequest(decodeResult: success, version: HTTP/1.1, content: EmptyByteBufBE)
GET /session/37a632245f6107036c08731d76a52a21/url HTTP/1.1
User-Agent: selenium/4.4.0 (java windows)
Cache-Control: no-cache
Content-Type: application/json; charset=utf-8
host: localhost:65249
accept: */*

Response DefaultHttpResponse(decodeResult: success, version: HTTP/1.1)
HTTP/1.1 200 OK
Content-Type: application/json; charset=utf-8
cache-control: no-cache
content-length: 48

18:00:46.870 [AsyncHttpClient-1-2] DEBUG org.asynchttpclient.netty.channel.ChannelManager - Adding key: http://localhost:65249 for channel [id: 0x51f1f9e8, L:/127.0.0.1:59215 - R:localhost/127.0.0.1:65249]
18:00:46.872 [main] DEBUG net.thucydides.core.steps.StepInterceptor - STARTING STEP: ComprobarCestaStep.estoy_logeado_con_el_usuario_de_contraseña - clikar login
18:00:46.873 [Forwarding findElement on session 37a632245f6107036c08731d76a52a21 to remote] DEBUG org.asynchttpclient.netty.request.NettyRequestSender - Using pooled Channel '[id: 0x51f1f9e8, L:/127.0.0.1:59215 - R:localhost/127.0.0.1:65249]' for 'POST' to 'http://localhost:65249/session/37a632245f6107036c08731d76a52a21/element'
18:00:46.873 [Forwarding findElement on session 37a632245f6107036c08731d76a52a21 to remote] DEBUG org.asynchttpclient.netty.request.NettyRequestSender - Using open Channel [id: 0x51f1f9e8, L:/127.0.0.1:59215 - R:localhost/127.0.0.1:65249] for POST '/session/37a632245f6107036c08731d76a52a21/element'
18:00:46.882 [AsyncHttpClient-1-2] DEBUG org.asynchttpclient.netty.handler.HttpHandler - 

Request DefaultHttpRequest(decodeResult: success, version: HTTP/1.1)
POST /session/37a632245f6107036c08731d76a52a21/element HTTP/1.1
User-Agent: selenium/4.4.0 (java windows)
Content-Length: 83
Content-Type: application/json; charset=utf-8
host: localhost:65249
accept: */*

Response DefaultHttpResponse(decodeResult: success, version: HTTP/1.1)
HTTP/1.1 200 OK
Content-Type: application/json; charset=utf-8
cache-control: no-cache
content-length: 88

18:00:46.882 [AsyncHttpClient-1-2] DEBUG org.asynchttpclient.netty.channel.ChannelManager - Adding key: http://localhost:65249 for channel [id: 0x51f1f9e8, L:/127.0.0.1:59215 - R:localhost/127.0.0.1:65249]
18:00:46.884 [Forwarding isElementDisplayed on session 37a632245f6107036c08731d76a52a21 to remote] DEBUG org.asynchttpclient.netty.request.NettyRequestSender - Using pooled Channel '[id: 0x51f1f9e8, L:/127.0.0.1:59215 - R:localhost/127.0.0.1:65249]' for 'POST' to 'http://localhost:65249/session/37a632245f6107036c08731d76a52a21/execute/sync'
18:00:46.885 [Forwarding isElementDisplayed on session 37a632245f6107036c08731d76a52a21 to remote] DEBUG org.asynchttpclient.netty.request.NettyRequestSender - Using open Channel [id: 0x51f1f9e8, L:/127.0.0.1:59215 - R:localhost/127.0.0.1:65249] for POST '/session/37a632245f6107036c08731d76a52a21/execute/sync'
18:00:46.893 [AsyncHttpClient-1-2] DEBUG org.asynchttpclient.netty.handler.HttpHandler - 

Request DefaultHttpRequest(decodeResult: success, version: HTTP/1.1)
POST /session/37a632245f6107036c08731d76a52a21/execute/sync HTTP/1.1
User-Agent: selenium/4.4.0 (java windows)
Content-Length: 48780
Content-Type: application/json; charset=utf-8
host: localhost:65249
accept: */*

Response DefaultHttpResponse(decodeResult: success, version: HTTP/1.1)
HTTP/1.1 200 OK
Content-Type: application/json; charset=utf-8
cache-control: no-cache
content-length: 14

18:00:46.893 [AsyncHttpClient-1-2] DEBUG org.asynchttpclient.netty.channel.ChannelManager - Adding key: http://localhost:65249 for channel [id: 0x51f1f9e8, L:/127.0.0.1:59215 - R:localhost/127.0.0.1:65249]
18:00:46.894 [Forwarding clickElement on session 37a632245f6107036c08731d76a52a21 to remote] DEBUG org.asynchttpclient.netty.request.NettyRequestSender - Using pooled Channel '[id: 0x51f1f9e8, L:/127.0.0.1:59215 - R:localhost/127.0.0.1:65249]' for 'POST' to 'http://localhost:65249/session/37a632245f6107036c08731d76a52a21/element/3abd13e8-884f-4d27-86db-332ebbb42649/click'
18:00:46.894 [Forwarding clickElement on session 37a632245f6107036c08731d76a52a21 to remote] DEBUG org.asynchttpclient.netty.request.NettyRequestSender - Using open Channel [id: 0x51f1f9e8, L:/127.0.0.1:59215 - R:localhost/127.0.0.1:65249] for POST '/session/37a632245f6107036c08731d76a52a21/element/3abd13e8-884f-4d27-86db-332ebbb42649/click'
18:00:46.919 [AsyncHttpClient-1-2] DEBUG org.asynchttpclient.netty.handler.HttpHandler - 

Request DefaultHttpRequest(decodeResult: success, version: HTTP/1.1)
POST /session/37a632245f6107036c08731d76a52a21/element/3abd13e8-884f-4d27-86db-332ebbb42649/click HTTP/1.1
User-Agent: selenium/4.4.0 (java windows)
Content-Length: 50
Content-Type: application/json; charset=utf-8
host: localhost:65249
accept: */*

Response DefaultHttpResponse(decodeResult: success, version: HTTP/1.1)
HTTP/1.1 200 OK
Content-Type: application/json; charset=utf-8
cache-control: no-cache
content-length: 14

18:00:46.920 [AsyncHttpClient-1-2] DEBUG org.asynchttpclient.netty.channel.ChannelManager - Adding key: http://localhost:65249 for channel [id: 0x51f1f9e8, L:/127.0.0.1:59215 - R:localhost/127.0.0.1:65249]
18:00:46.923 [Forwarding getCurrentWindowHandle on session 37a632245f6107036c08731d76a52a21 to remote] DEBUG org.asynchttpclient.netty.request.NettyRequestSender - Using pooled Channel '[id: 0x51f1f9e8, L:/127.0.0.1:59215 - R:localhost/127.0.0.1:65249]' for 'GET' to 'http://localhost:65249/session/37a632245f6107036c08731d76a52a21/window'
18:00:46.924 [Forwarding getCurrentWindowHandle on session 37a632245f6107036c08731d76a52a21 to remote] DEBUG org.asynchttpclient.netty.request.NettyRequestSender - Using open Channel [id: 0x51f1f9e8, L:/127.0.0.1:59215 - R:localhost/127.0.0.1:65249] for GET '/session/37a632245f6107036c08731d76a52a21/window'
18:00:46.924 [AsyncHttpClient-1-2] DEBUG org.asynchttpclient.netty.handler.HttpHandler - 

Request DefaultFullHttpRequest(decodeResult: success, version: HTTP/1.1, content: EmptyByteBufBE)
GET /session/37a632245f6107036c08731d76a52a21/window HTTP/1.1
User-Agent: selenium/4.4.0 (java windows)
Cache-Control: no-cache
Content-Type: application/json; charset=utf-8
host: localhost:65249
accept: */*

Response DefaultHttpResponse(decodeResult: success, version: HTTP/1.1)
HTTP/1.1 200 OK
Content-Type: application/json; charset=utf-8
cache-control: no-cache
content-length: 53

18:00:46.924 [AsyncHttpClient-1-2] DEBUG org.asynchttpclient.netty.channel.ChannelManager - Adding key: http://localhost:65249 for channel [id: 0x51f1f9e8, L:/127.0.0.1:59215 - R:localhost/127.0.0.1:65249]
18:00:46.925 [Forwarding getAlertText on session 37a632245f6107036c08731d76a52a21 to remote] DEBUG org.asynchttpclient.netty.request.NettyRequestSender - Using pooled Channel '[id: 0x51f1f9e8, L:/127.0.0.1:59215 - R:localhost/127.0.0.1:65249]' for 'GET' to 'http://localhost:65249/session/37a632245f6107036c08731d76a52a21/alert/text'
18:00:46.926 [Forwarding getAlertText on session 37a632245f6107036c08731d76a52a21 to remote] DEBUG org.asynchttpclient.netty.request.NettyRequestSender - Using open Channel [id: 0x51f1f9e8, L:/127.0.0.1:59215 - R:localhost/127.0.0.1:65249] for GET '/session/37a632245f6107036c08731d76a52a21/alert/text'
18:00:46.928 [AsyncHttpClient-1-2] DEBUG org.asynchttpclient.netty.handler.HttpHandler - 

Request DefaultFullHttpRequest(decodeResult: success, version: HTTP/1.1, content: EmptyByteBufBE)
GET /session/37a632245f6107036c08731d76a52a21/alert/text HTTP/1.1
User-Agent: selenium/4.4.0 (java windows)
Cache-Control: no-cache
Content-Type: application/json; charset=utf-8
host: localhost:65249
accept: */*

Response DefaultHttpResponse(decodeResult: success, version: HTTP/1.1)
HTTP/1.1 404 Not Found
Content-Type: application/json; charset=utf-8
cache-control: no-cache
content-length: 835

18:00:46.928 [AsyncHttpClient-1-2] DEBUG org.asynchttpclient.netty.channel.ChannelManager - Adding key: http://localhost:65249 for channel [id: 0x51f1f9e8, L:/127.0.0.1:59215 - R:localhost/127.0.0.1:65249]
18:00:46.929 [Forwarding switchToWindow on session 37a632245f6107036c08731d76a52a21 to remote] DEBUG org.asynchttpclient.netty.request.NettyRequestSender - Using pooled Channel '[id: 0x51f1f9e8, L:/127.0.0.1:59215 - R:localhost/127.0.0.1:65249]' for 'POST' to 'http://localhost:65249/session/37a632245f6107036c08731d76a52a21/window'
18:00:46.929 [Forwarding switchToWindow on session 37a632245f6107036c08731d76a52a21 to remote] DEBUG org.asynchttpclient.netty.request.NettyRequestSender - Using open Channel [id: 0x51f1f9e8, L:/127.0.0.1:59215 - R:localhost/127.0.0.1:65249] for POST '/session/37a632245f6107036c08731d76a52a21/window'
18:00:46.931 [AsyncHttpClient-1-2] DEBUG org.asynchttpclient.netty.handler.HttpHandler - 

Request DefaultHttpRequest(decodeResult: success, version: HTTP/1.1)
POST /session/37a632245f6107036c08731d76a52a21/window HTTP/1.1
User-Agent: selenium/4.4.0 (java windows)
Content-Length: 59
Content-Type: application/json; charset=utf-8
host: localhost:65249
accept: */*

Response DefaultHttpResponse(decodeResult: success, version: HTTP/1.1)
HTTP/1.1 200 OK
Content-Type: application/json; charset=utf-8
cache-control: no-cache
content-length: 14

18:00:46.931 [AsyncHttpClient-1-2] DEBUG org.asynchttpclient.netty.channel.ChannelManager - Adding key: http://localhost:65249 for channel [id: 0x51f1f9e8, L:/127.0.0.1:59215 - R:localhost/127.0.0.1:65249]
18:00:46.932 [Forwarding getCurrentUrl on session 37a632245f6107036c08731d76a52a21 to remote] DEBUG org.asynchttpclient.netty.request.NettyRequestSender - Using pooled Channel '[id: 0x51f1f9e8, L:/127.0.0.1:59215 - R:localhost/127.0.0.1:65249]' for 'GET' to 'http://localhost:65249/session/37a632245f6107036c08731d76a52a21/url'
18:00:46.932 [Forwarding getCurrentUrl on session 37a632245f6107036c08731d76a52a21 to remote] DEBUG org.asynchttpclient.netty.request.NettyRequestSender - Using open Channel [id: 0x51f1f9e8, L:/127.0.0.1:59215 - R:localhost/127.0.0.1:65249] for GET '/session/37a632245f6107036c08731d76a52a21/url'
18:00:46.935 [AsyncHttpClient-1-2] DEBUG org.asynchttpclient.netty.handler.HttpHandler - 

Request DefaultFullHttpRequest(decodeResult: success, version: HTTP/1.1, content: EmptyByteBufBE)
GET /session/37a632245f6107036c08731d76a52a21/url HTTP/1.1
User-Agent: selenium/4.4.0 (java windows)
Cache-Control: no-cache
Content-Type: application/json; charset=utf-8
host: localhost:65249
accept: */*

Response DefaultHttpResponse(decodeResult: success, version: HTTP/1.1)
HTTP/1.1 200 OK
Content-Type: application/json; charset=utf-8
cache-control: no-cache
content-length: 48

18:00:46.935 [AsyncHttpClient-1-2] DEBUG org.asynchttpclient.netty.channel.ChannelManager - Adding key: http://localhost:65249 for channel [id: 0x51f1f9e8, L:/127.0.0.1:59215 - R:localhost/127.0.0.1:65249]
18:00:46.936 [Forwarding screenshot on session 37a632245f6107036c08731d76a52a21 to remote] DEBUG org.asynchttpclient.netty.request.NettyRequestSender - Using pooled Channel '[id: 0x51f1f9e8, L:/127.0.0.1:59215 - R:localhost/127.0.0.1:65249]' for 'GET' to 'http://localhost:65249/session/37a632245f6107036c08731d76a52a21/screenshot'
18:00:46.937 [Forwarding screenshot on session 37a632245f6107036c08731d76a52a21 to remote] DEBUG org.asynchttpclient.netty.request.NettyRequestSender - Using open Channel [id: 0x51f1f9e8, L:/127.0.0.1:59215 - R:localhost/127.0.0.1:65249] for GET '/session/37a632245f6107036c08731d76a52a21/screenshot'
18:00:47.049 [AsyncHttpClient-1-2] DEBUG org.asynchttpclient.netty.handler.HttpHandler - 

Request DefaultFullHttpRequest(decodeResult: success, version: HTTP/1.1, content: EmptyByteBufBE)
GET /session/37a632245f6107036c08731d76a52a21/screenshot HTTP/1.1
User-Agent: selenium/4.4.0 (java windows)
Cache-Control: no-cache
Content-Type: application/json; charset=utf-8
host: localhost:65249
accept: */*

Response DefaultHttpResponse(decodeResult: success, version: HTTP/1.1)
HTTP/1.1 200 OK
Content-Type: application/json; charset=utf-8
cache-control: no-cache
content-length: 182476

18:00:47.050 [AsyncHttpClient-1-2] DEBUG org.asynchttpclient.netty.channel.ChannelManager - Adding key: http://localhost:65249 for channel [id: 0x51f1f9e8, L:/127.0.0.1:59215 - R:localhost/127.0.0.1:65249]
18:00:47.053 [main] DEBUG net.serenitybdd.core.photography.Darkroom - Send negative for processing for target\site\serenity\db7b3aeeb6385edb3e02ba53a7431a4eaad43694a031d5f7e7e95d6f44cabff2.png
18:00:47.053 [main] DEBUG net.thucydides.core.steps.StepInterceptor - STEP DONE: clikar login
18:00:47.053 [Darkroom Processing Line] DEBUG net.serenitybdd.core.photography.DarkroomProcessingLine - Processing screenshot image in /var/screenshots/screenshot-3769649545464613386
18:00:47.053 [Darkroom Processing Line] DEBUG net.serenitybdd.core.photography.DarkroomProcessingLine - Saving screenshot to target\site\serenity\db7b3aeeb6385edb3e02ba53a7431a4eaad43694a031d5f7e7e95d6f44cabff2.png
  &amp#27;[32mGiven &amp#27;[0m&amp#27;[32mestoy logeado con el usuario &amp#27;[0m&amp#27;[32m&amp#27;[1m"MarkOS1"&amp#27;[0m&amp#27;[32m de contraseña &amp#27;[0m&amp#27;[32m&amp#27;[1m"123"&amp#27;[0m &amp#27;[90m# Step.ComprobarCestaStep.estoy_logeado_con_el_usuario_de_contraseña(java.lang.String,java.lang.String)&amp#27;[0m
18:00:47.060 [Forwarding getPageSource on session 37a632245f6107036c08731d76a52a21 to remote] DEBUG org.asynchttpclient.netty.request.NettyRequestSender - Using pooled Channel '[id: 0x51f1f9e8, L:/127.0.0.1:59215 - R:localhost/127.0.0.1:65249]' for 'POST' to 'http://localhost:65249/session/37a632245f6107036c08731d76a52a21/execute/sync'
18:00:47.060 [Forwarding getPageSource on session 37a632245f6107036c08731d76a52a21 to remote] DEBUG org.asynchttpclient.netty.request.NettyRequestSender - Using open Channel [id: 0x51f1f9e8, L:/127.0.0.1:59215 - R:localhost/127.0.0.1:65249] for POST '/session/37a632245f6107036c08731d76a52a21/execute/sync'
18:00:47.061 [AsyncHttpClient-1-1] DEBUG org.asynchttpclient.netty.channel.DefaultChannelPool - Entry count for : http://localhost:59216 : 1
18:00:47.067 [AsyncHttpClient-1-2] DEBUG org.asynchttpclient.netty.handler.HttpHandler - 

Request DefaultHttpRequest(decodeResult: success, version: HTTP/1.1)
POST /session/37a632245f6107036c08731d76a52a21/execute/sync HTTP/1.1
User-Agent: selenium/4.4.0 (java windows)
Content-Length: 176
Content-Type: application/json; charset=utf-8
host: localhost:65249
accept: */*

Response DefaultHttpResponse(decodeResult: success, version: HTTP/1.1)
HTTP/1.1 200 OK
Content-Type: application/json; charset=utf-8
cache-control: no-cache
content-length: 57699

18:00:47.067 [AsyncHttpClient-1-2] DEBUG org.asynchttpclient.netty.channel.ChannelManager - Adding key: http://localhost:65249 for channel [id: 0x51f1f9e8, L:/127.0.0.1:59215 - R:localhost/127.0.0.1:65249]
18:00:47.073 [Forwarding getCurrentUrl on session 37a632245f6107036c08731d76a52a21 to remote] DEBUG org.asynchttpclient.netty.request.NettyRequestSender - Using pooled Channel '[id: 0x51f1f9e8, L:/127.0.0.1:59215 - R:localhost/127.0.0.1:65249]' for 'GET' to 'http://localhost:65249/session/37a632245f6107036c08731d76a52a21/url'
18:00:47.073 [Forwarding getCurrentUrl on session 37a632245f6107036c08731d76a52a21 to remote] DEBUG org.asynchttpclient.netty.request.NettyRequestSender - Using open Channel [id: 0x51f1f9e8, L:/127.0.0.1:59215 - R:localhost/127.0.0.1:65249] for GET '/session/37a632245f6107036c08731d76a52a21/url'
18:00:47.076 [AsyncHttpClient-1-2] DEBUG org.asynchttpclient.netty.handler.HttpHandler - 

Request DefaultFullHttpRequest(decodeResult: success, version: HTTP/1.1, content: EmptyByteBufBE)
GET /session/37a632245f6107036c08731d76a52a21/url HTTP/1.1
User-Agent: selenium/4.4.0 (java windows)
Cache-Control: no-cache
Content-Type: application/json; charset=utf-8
host: localhost:65249
accept: */*

Response DefaultHttpResponse(decodeResult: success, version: HTTP/1.1)
HTTP/1.1 200 OK
Content-Type: application/json; charset=utf-8
cache-control: no-cache
content-length: 48

18:00:47.076 [AsyncHttpClient-1-2] DEBUG org.asynchttpclient.netty.channel.ChannelManager - Adding key: http://localhost:65249 for channel [id: 0x51f1f9e8, L:/127.0.0.1:59215 - R:localhost/127.0.0.1:65249]
18:00:48.163 [AsyncHttpClient-1-1] DEBUG org.asynchttpclient.netty.channel.DefaultChannelPool - Entry count for : http://localhost:59216 : 1
18:00:48.163 [AsyncHttpClient-1-1] DEBUG org.asynchttpclient.netty.channel.DefaultChannelPool - Entry count for : http://localhost:65249 : 1
18:00:49.266 [AsyncHttpClient-1-1] DEBUG org.asynchttpclient.netty.channel.DefaultChannelPool - Entry count for : http://localhost:59216 : 1
18:00:49.266 [AsyncHttpClient-1-1] DEBUG org.asynchttpclient.netty.channel.DefaultChannelPool - Entry count for : http://localhost:65249 : 1
18:00:50.095 [Forwarding getCurrentWindowHandle on session 37a632245f6107036c08731d76a52a21 to remote] DEBUG org.asynchttpclient.netty.request.NettyRequestSender - Using pooled Channel '[id: 0x51f1f9e8, L:/127.0.0.1:59215 - R:localhost/127.0.0.1:65249]' for 'GET' to 'http://localhost:65249/session/37a632245f6107036c08731d76a52a21/window'
18:00:50.096 [Forwarding getCurrentWindowHandle on session 37a632245f6107036c08731d76a52a21 to remote] DEBUG org.asynchttpclient.netty.request.NettyRequestSender - Using open Channel [id: 0x51f1f9e8, L:/127.0.0.1:59215 - R:localhost/127.0.0.1:65249] for GET '/session/37a632245f6107036c08731d76a52a21/window'
18:00:50.097 [AsyncHttpClient-1-2] DEBUG org.asynchttpclient.netty.handler.HttpHandler - 

Request DefaultFullHttpRequest(decodeResult: success, version: HTTP/1.1, content: EmptyByteBufBE)
GET /session/37a632245f6107036c08731d76a52a21/window HTTP/1.1
User-Agent: selenium/4.4.0 (java windows)
Cache-Control: no-cache
Content-Type: application/json; charset=utf-8
host: localhost:65249
accept: */*

Response DefaultHttpResponse(decodeResult: success, version: HTTP/1.1)
HTTP/1.1 200 OK
Content-Type: application/json; charset=utf-8
cache-control: no-cache
content-length: 53

18:00:50.097 [AsyncHttpClient-1-2] DEBUG org.asynchttpclient.netty.channel.ChannelManager - Adding key: http://localhost:65249 for channel [id: 0x51f1f9e8, L:/127.0.0.1:59215 - R:localhost/127.0.0.1:65249]
18:00:50.098 [Forwarding getAlertText on session 37a632245f6107036c08731d76a52a21 to remote] DEBUG org.asynchttpclient.netty.request.NettyRequestSender - Using pooled Channel '[id: 0x51f1f9e8, L:/127.0.0.1:59215 - R:localhost/127.0.0.1:65249]' for 'GET' to 'http://localhost:65249/session/37a632245f6107036c08731d76a52a21/alert/text'
18:00:50.098 [Forwarding getAlertText on session 37a632245f6107036c08731d76a52a21 to remote] DEBUG org.asynchttpclient.netty.request.NettyRequestSender - Using open Channel [id: 0x51f1f9e8, L:/127.0.0.1:59215 - R:localhost/127.0.0.1:65249] for GET '/session/37a632245f6107036c08731d76a52a21/alert/text'
18:00:50.100 [AsyncHttpClient-1-2] DEBUG org.asynchttpclient.netty.handler.HttpHandler - 

Request DefaultFullHttpRequest(decodeResult: success, version: HTTP/1.1, content: EmptyByteBufBE)
GET /session/37a632245f6107036c08731d76a52a21/alert/text HTTP/1.1
User-Agent: selenium/4.4.0 (java windows)
Cache-Control: no-cache
Content-Type: application/json; charset=utf-8
host: localhost:65249
accept: */*

Response DefaultHttpResponse(decodeResult: success, version: HTTP/1.1)
HTTP/1.1 404 Not Found
Content-Type: application/json; charset=utf-8
cache-control: no-cache
content-length: 835

18:00:50.100 [AsyncHttpClient-1-2] DEBUG org.asynchttpclient.netty.channel.ChannelManager - Adding key: http://localhost:65249 for channel [id: 0x51f1f9e8, L:/127.0.0.1:59215 - R:localhost/127.0.0.1:65249]
18:00:50.101 [Forwarding switchToWindow on session 37a632245f6107036c08731d76a52a21 to remote] DEBUG org.asynchttpclient.netty.request.NettyRequestSender - Using pooled Channel '[id: 0x51f1f9e8, L:/127.0.0.1:59215 - R:localhost/127.0.0.1:65249]' for 'POST' to 'http://localhost:65249/session/37a632245f6107036c08731d76a52a21/window'
18:00:50.101 [Forwarding switchToWindow on session 37a632245f6107036c08731d76a52a21 to remote] DEBUG org.asynchttpclient.netty.request.NettyRequestSender - Using open Channel [id: 0x51f1f9e8, L:/127.0.0.1:59215 - R:localhost/127.0.0.1:65249] for POST '/session/37a632245f6107036c08731d76a52a21/window'
18:00:50.103 [AsyncHttpClient-1-2] DEBUG org.asynchttpclient.netty.handler.HttpHandler - 

Request DefaultHttpRequest(decodeResult: success, version: HTTP/1.1)
POST /session/37a632245f6107036c08731d76a52a21/window HTTP/1.1
User-Agent: selenium/4.4.0 (java windows)
Content-Length: 59
Content-Type: application/json; charset=utf-8
host: localhost:65249
accept: */*

Response DefaultHttpResponse(decodeResult: success, version: HTTP/1.1)
HTTP/1.1 200 OK
Content-Type: application/json; charset=utf-8
cache-control: no-cache
content-length: 14

18:00:50.103 [AsyncHttpClient-1-2] DEBUG org.asynchttpclient.netty.channel.ChannelManager - Adding key: http://localhost:65249 for channel [id: 0x51f1f9e8, L:/127.0.0.1:59215 - R:localhost/127.0.0.1:65249]
18:00:50.104 [Forwarding getCurrentUrl on session 37a632245f6107036c08731d76a52a21 to remote] DEBUG org.asynchttpclient.netty.request.NettyRequestSender - Using pooled Channel '[id: 0x51f1f9e8, L:/127.0.0.1:59215 - R:localhost/127.0.0.1:65249]' for 'GET' to 'http://localhost:65249/session/37a632245f6107036c08731d76a52a21/url'
18:00:50.104 [Forwarding getCurrentUrl on session 37a632245f6107036c08731d76a52a21 to remote] DEBUG org.asynchttpclient.netty.request.NettyRequestSender - Using open Channel [id: 0x51f1f9e8, L:/127.0.0.1:59215 - R:localhost/127.0.0.1:65249] for GET '/session/37a632245f6107036c08731d76a52a21/url'
18:00:50.108 [AsyncHttpClient-1-2] DEBUG org.asynchttpclient.netty.handler.HttpHandler - 

Request DefaultFullHttpRequest(decodeResult: success, version: HTTP/1.1, content: EmptyByteBufBE)
GET /session/37a632245f6107036c08731d76a52a21/url HTTP/1.1
User-Agent: selenium/4.4.0 (java windows)
Cache-Control: no-cache
Content-Type: application/json; charset=utf-8
host: localhost:65249
accept: */*

Response DefaultHttpResponse(decodeResult: success, version: HTTP/1.1)
HTTP/1.1 200 OK
Content-Type: application/json; charset=utf-8
cache-control: no-cache
content-length: 48

18:00:50.108 [AsyncHttpClient-1-2] DEBUG org.asynchttpclient.netty.channel.ChannelManager - Adding key: http://localhost:65249 for channel [id: 0x51f1f9e8, L:/127.0.0.1:59215 - R:localhost/127.0.0.1:65249]
18:00:50.109 [Forwarding screenshot on session 37a632245f6107036c08731d76a52a21 to remote] DEBUG org.asynchttpclient.netty.request.NettyRequestSender - Using pooled Channel '[id: 0x51f1f9e8, L:/127.0.0.1:59215 - R:localhost/127.0.0.1:65249]' for 'GET' to 'http://localhost:65249/session/37a632245f6107036c08731d76a52a21/screenshot'
18:00:50.109 [Forwarding screenshot on session 37a632245f6107036c08731d76a52a21 to remote] DEBUG org.asynchttpclient.netty.request.NettyRequestSender - Using open Channel [id: 0x51f1f9e8, L:/127.0.0.1:59215 - R:localhost/127.0.0.1:65249] for GET '/session/37a632245f6107036c08731d76a52a21/screenshot'
18:00:50.218 [AsyncHttpClient-1-2] DEBUG org.asynchttpclient.netty.handler.HttpHandler - 

Request DefaultFullHttpRequest(decodeResult: success, version: HTTP/1.1, content: EmptyByteBufBE)
GET /session/37a632245f6107036c08731d76a52a21/screenshot HTTP/1.1
User-Agent: selenium/4.4.0 (java windows)
Cache-Control: no-cache
Content-Type: application/json; charset=utf-8
host: localhost:65249
accept: */*

Response DefaultHttpResponse(decodeResult: success, version: HTTP/1.1)
HTTP/1.1 200 OK
Content-Type: application/json; charset=utf-8
cache-control: no-cache
content-length: 359460

18:00:50.219 [AsyncHttpClient-1-2] DEBUG org.asynchttpclient.netty.channel.ChannelManager - Adding key: http://localhost:65249 for channel [id: 0x51f1f9e8, L:/127.0.0.1:59215 - R:localhost/127.0.0.1:65249]
18:00:50.230 [main] DEBUG net.serenitybdd.core.photography.Darkroom - Send negative for processing for target\site\serenity\fb98724b1cdfc9f5d2e16668d980844bef7f9ed7ebd2414627a49620a57af8fb.png
18:00:50.231 [Darkroom Processing Line] DEBUG net.serenitybdd.core.photography.DarkroomProcessingLine - Processing screenshot image in /var/screenshots/screenshot-8120036154715018706
18:00:50.231 [Darkroom Processing Line] DEBUG net.serenitybdd.core.photography.DarkroomProcessingLine - Saving screenshot to target\site\serenity\fb98724b1cdfc9f5d2e16668d980844bef7f9ed7ebd2414627a49620a57af8fb.png
18:00:50.232 [Forwarding getPageSource on session 37a632245f6107036c08731d76a52a21 to remote] DEBUG org.asynchttpclient.netty.request.NettyRequestSender - Using pooled Channel '[id: 0x51f1f9e8, L:/127.0.0.1:59215 - R:localhost/127.0.0.1:65249]' for 'POST' to 'http://localhost:65249/session/37a632245f6107036c08731d76a52a21/execute/sync'
18:00:50.232 [Forwarding getPageSource on session 37a632245f6107036c08731d76a52a21 to remote] DEBUG org.asynchttpclient.netty.request.NettyRequestSender - Using open Channel [id: 0x51f1f9e8, L:/127.0.0.1:59215 - R:localhost/127.0.0.1:65249] for POST '/session/37a632245f6107036c08731d76a52a21/execute/sync'
18:00:50.240 [AsyncHttpClient-1-2] DEBUG org.asynchttpclient.netty.handler.HttpHandler - 

Request DefaultHttpRequest(decodeResult: success, version: HTTP/1.1)
POST /session/37a632245f6107036c08731d76a52a21/execute/sync HTTP/1.1
User-Agent: selenium/4.4.0 (java windows)
Content-Length: 176
Content-Type: application/json; charset=utf-8
host: localhost:65249
accept: */*

Response DefaultHttpResponse(decodeResult: success, version: HTTP/1.1)
HTTP/1.1 200 OK
Content-Type: application/json; charset=utf-8
cache-control: no-cache
content-length: 57599

18:00:50.240 [AsyncHttpClient-1-2] DEBUG org.asynchttpclient.netty.channel.ChannelManager - Adding key: http://localhost:65249 for channel [id: 0x51f1f9e8, L:/127.0.0.1:59215 - R:localhost/127.0.0.1:65249]
18:00:50.244 [Forwarding getCurrentUrl on session 37a632245f6107036c08731d76a52a21 to remote] DEBUG org.asynchttpclient.netty.request.NettyRequestSender - Using pooled Channel '[id: 0x51f1f9e8, L:/127.0.0.1:59215 - R:localhost/127.0.0.1:65249]' for 'GET' to 'http://localhost:65249/session/37a632245f6107036c08731d76a52a21/url'
18:00:50.245 [Forwarding getCurrentUrl on session 37a632245f6107036c08731d76a52a21 to remote] DEBUG org.asynchttpclient.netty.request.NettyRequestSender - Using open Channel [id: 0x51f1f9e8, L:/127.0.0.1:59215 - R:localhost/127.0.0.1:65249] for GET '/session/37a632245f6107036c08731d76a52a21/url'
18:00:50.249 [AsyncHttpClient-1-2] DEBUG org.asynchttpclient.netty.handler.HttpHandler - 

Request DefaultFullHttpRequest(decodeResult: success, version: HTTP/1.1, content: EmptyByteBufBE)
GET /session/37a632245f6107036c08731d76a52a21/url HTTP/1.1
User-Agent: selenium/4.4.0 (java windows)
Cache-Control: no-cache
Content-Type: application/json; charset=utf-8
host: localhost:65249
accept: */*

Response DefaultHttpResponse(decodeResult: success, version: HTTP/1.1)
HTTP/1.1 200 OK
Content-Type: application/json; charset=utf-8
cache-control: no-cache
content-length: 48

18:00:50.249 [AsyncHttpClient-1-2] DEBUG org.asynchttpclient.netty.channel.ChannelManager - Adding key: http://localhost:65249 for channel [id: 0x51f1f9e8, L:/127.0.0.1:59215 - R:localhost/127.0.0.1:65249]
18:00:50.251 [main] DEBUG net.thucydides.core.steps.StepInterceptor - STARTING STEP: ComprobarCestaStep.cliko_en_el_telefono - clicko en el telefono
18:00:50.252 [Forwarding findElement on session 37a632245f6107036c08731d76a52a21 to remote] DEBUG org.asynchttpclient.netty.request.NettyRequestSender - Using pooled Channel '[id: 0x51f1f9e8, L:/127.0.0.1:59215 - R:localhost/127.0.0.1:65249]' for 'POST' to 'http://localhost:65249/session/37a632245f6107036c08731d76a52a21/element'
18:00:50.252 [Forwarding findElement on session 37a632245f6107036c08731d76a52a21 to remote] DEBUG org.asynchttpclient.netty.request.NettyRequestSender - Using open Channel [id: 0x51f1f9e8, L:/127.0.0.1:59215 - R:localhost/127.0.0.1:65249] for POST '/session/37a632245f6107036c08731d76a52a21/element'
18:00:50.261 [AsyncHttpClient-1-2] DEBUG org.asynchttpclient.netty.handler.HttpHandler - 

Request DefaultHttpRequest(decodeResult: success, version: HTTP/1.1)
POST /session/37a632245f6107036c08731d76a52a21/element HTTP/1.1
User-Agent: selenium/4.4.0 (java windows)
Content-Length: 89
Content-Type: application/json; charset=utf-8
host: localhost:65249
accept: */*

Response DefaultHttpResponse(decodeResult: success, version: HTTP/1.1)
HTTP/1.1 200 OK
Content-Type: application/json; charset=utf-8
cache-control: no-cache
content-length: 88

18:00:50.261 [AsyncHttpClient-1-2] DEBUG org.asynchttpclient.netty.channel.ChannelManager - Adding key: http://localhost:65249 for channel [id: 0x51f1f9e8, L:/127.0.0.1:59215 - R:localhost/127.0.0.1:65249]
18:00:50.262 [Forwarding screenshot on session 37a632245f6107036c08731d76a52a21 to remote] DEBUG org.asynchttpclient.netty.request.NettyRequestSender - Using pooled Channel '[id: 0x51f1f9e8, L:/127.0.0.1:59215 - R:localhost/127.0.0.1:65249]' for 'GET' to 'http://localhost:65249/session/37a632245f6107036c08731d76a52a21/screenshot'
18:00:50.262 [Forwarding screenshot on session 37a632245f6107036c08731d76a52a21 to remote] DEBUG org.asynchttpclient.netty.request.NettyRequestSender - Using open Channel [id: 0x51f1f9e8, L:/127.0.0.1:59215 - R:localhost/127.0.0.1:65249] for GET '/session/37a632245f6107036c08731d76a52a21/screenshot'
18:00:50.362 [AsyncHttpClient-1-1] DEBUG org.asynchttpclient.netty.channel.DefaultChannelPool - Entry count for : http://localhost:59216 : 1
18:00:50.370 [AsyncHttpClient-1-2] DEBUG org.asynchttpclient.netty.handler.HttpHandler - 

Request DefaultFullHttpRequest(decodeResult: success, version: HTTP/1.1, content: EmptyByteBufBE)
GET /session/37a632245f6107036c08731d76a52a21/screenshot HTTP/1.1
User-Agent: selenium/4.4.0 (java windows)
Cache-Control: no-cache
Content-Type: application/json; charset=utf-8
host: localhost:65249
accept: */*

Response DefaultHttpResponse(decodeResult: success, version: HTTP/1.1)
HTTP/1.1 200 OK
Content-Type: application/json; charset=utf-8
cache-control: no-cache
content-length: 359460

18:00:50.371 [AsyncHttpClient-1-2] DEBUG org.asynchttpclient.netty.channel.ChannelManager - Adding key: http://localhost:65249 for channel [id: 0x51f1f9e8, L:/127.0.0.1:59215 - R:localhost/127.0.0.1:65249]
18:00:50.382 [Forwarding isElementDisplayed on session 37a632245f6107036c08731d76a52a21 to remote] DEBUG org.asynchttpclient.netty.request.NettyRequestSender - Using pooled Channel '[id: 0x51f1f9e8, L:/127.0.0.1:59215 - R:localhost/127.0.0.1:65249]' for 'POST' to 'http://localhost:65249/session/37a632245f6107036c08731d76a52a21/execute/sync'
18:00:50.382 [Forwarding isElementDisplayed on session 37a632245f6107036c08731d76a52a21 to remote] DEBUG org.asynchttpclient.netty.request.NettyRequestSender - Using open Channel [id: 0x51f1f9e8, L:/127.0.0.1:59215 - R:localhost/127.0.0.1:65249] for POST '/session/37a632245f6107036c08731d76a52a21/execute/sync'
18:00:50.391 [AsyncHttpClient-1-2] DEBUG org.asynchttpclient.netty.handler.HttpHandler - 

Request DefaultHttpRequest(decodeResult: success, version: HTTP/1.1)
POST /session/37a632245f6107036c08731d76a52a21/execute/sync HTTP/1.1
User-Agent: selenium/4.4.0 (java windows)
Content-Length: 48780
Content-Type: application/json; charset=utf-8
host: localhost:65249
accept: */*

Response DefaultHttpResponse(decodeResult: success, version: HTTP/1.1)
HTTP/1.1 200 OK
Content-Type: application/json; charset=utf-8
cache-control: no-cache
content-length: 14

18:00:50.391 [AsyncHttpClient-1-2] DEBUG org.asynchttpclient.netty.channel.ChannelManager - Adding key: http://localhost:65249 for channel [id: 0x51f1f9e8, L:/127.0.0.1:59215 - R:localhost/127.0.0.1:65249]
18:00:50.392 [Forwarding isElementEnabled on session 37a632245f6107036c08731d76a52a21 to remote] DEBUG org.asynchttpclient.netty.request.NettyRequestSender - Using pooled Channel '[id: 0x51f1f9e8, L:/127.0.0.1:59215 - R:localhost/127.0.0.1:65249]' for 'GET' to 'http://localhost:65249/session/37a632245f6107036c08731d76a52a21/element/65402f9c-4b2e-474e-a6f6-5a125fa4937d/enabled'
18:00:50.392 [Forwarding isElementEnabled on session 37a632245f6107036c08731d76a52a21 to remote] DEBUG org.asynchttpclient.netty.request.NettyRequestSender - Using open Channel [id: 0x51f1f9e8, L:/127.0.0.1:59215 - R:localhost/127.0.0.1:65249] for GET '/session/37a632245f6107036c08731d76a52a21/element/65402f9c-4b2e-474e-a6f6-5a125fa4937d/enabled'
18:00:50.399 [AsyncHttpClient-1-2] DEBUG org.asynchttpclient.netty.handler.HttpHandler - 

Request DefaultFullHttpRequest(decodeResult: success, version: HTTP/1.1, content: EmptyByteBufBE)
GET /session/37a632245f6107036c08731d76a52a21/element/65402f9c-4b2e-474e-a6f6-5a125fa4937d/enabled HTTP/1.1
User-Agent: selenium/4.4.0 (java windows)
Cache-Control: no-cache
Content-Type: application/json; charset=utf-8
host: localhost:65249
accept: */*

Response DefaultHttpResponse(decodeResult: success, version: HTTP/1.1)
HTTP/1.1 200 OK
Content-Type: application/json; charset=utf-8
cache-control: no-cache
content-length: 14

18:00:50.399 [AsyncHttpClient-1-2] DEBUG org.asynchttpclient.netty.channel.ChannelManager - Adding key: http://localhost:65249 for channel [id: 0x51f1f9e8, L:/127.0.0.1:59215 - R:localhost/127.0.0.1:65249]
18:00:50.401 [Forwarding getElementTagName on session 37a632245f6107036c08731d76a52a21 to remote] DEBUG org.asynchttpclient.netty.request.NettyRequestSender - Using pooled Channel '[id: 0x51f1f9e8, L:/127.0.0.1:59215 - R:localhost/127.0.0.1:65249]' for 'GET' to 'http://localhost:65249/session/37a632245f6107036c08731d76a52a21/element/65402f9c-4b2e-474e-a6f6-5a125fa4937d/name'
18:00:50.401 [Forwarding getElementTagName on session 37a632245f6107036c08731d76a52a21 to remote] DEBUG org.asynchttpclient.netty.request.NettyRequestSender - Using open Channel [id: 0x51f1f9e8, L:/127.0.0.1:59215 - R:localhost/127.0.0.1:65249] for GET '/session/37a632245f6107036c08731d76a52a21/element/65402f9c-4b2e-474e-a6f6-5a125fa4937d/name'
18:00:50.405 [AsyncHttpClient-1-2] DEBUG org.asynchttpclient.netty.handler.HttpHandler - 

Request DefaultFullHttpRequest(decodeResult: success, version: HTTP/1.1, content: EmptyByteBufBE)
GET /session/37a632245f6107036c08731d76a52a21/element/65402f9c-4b2e-474e-a6f6-5a125fa4937d/name HTTP/1.1
User-Agent: selenium/4.4.0 (java windows)
Cache-Control: no-cache
Content-Type: application/json; charset=utf-8
host: localhost:65249
accept: */*

Response DefaultHttpResponse(decodeResult: success, version: HTTP/1.1)
HTTP/1.1 200 OK
Content-Type: application/json; charset=utf-8
cache-control: no-cache
content-length: 13

18:00:50.405 [AsyncHttpClient-1-2] DEBUG org.asynchttpclient.netty.channel.ChannelManager - Adding key: http://localhost:65249 for channel [id: 0x51f1f9e8, L:/127.0.0.1:59215 - R:localhost/127.0.0.1:65249]
18:00:50.406 [Forwarding getElementTagName on session 37a632245f6107036c08731d76a52a21 to remote] DEBUG org.asynchttpclient.netty.request.NettyRequestSender - Using pooled Channel '[id: 0x51f1f9e8, L:/127.0.0.1:59215 - R:localhost/127.0.0.1:65249]' for 'GET' to 'http://localhost:65249/session/37a632245f6107036c08731d76a52a21/element/65402f9c-4b2e-474e-a6f6-5a125fa4937d/name'
18:00:50.406 [Forwarding getElementTagName on session 37a632245f6107036c08731d76a52a21 to remote] DEBUG org.asynchttpclient.netty.request.NettyRequestSender - Using open Channel [id: 0x51f1f9e8, L:/127.0.0.1:59215 - R:localhost/127.0.0.1:65249] for GET '/session/37a632245f6107036c08731d76a52a21/element/65402f9c-4b2e-474e-a6f6-5a125fa4937d/name'
18:00:50.409 [AsyncHttpClient-1-2] DEBUG org.asynchttpclient.netty.handler.HttpHandler - 

Request DefaultFullHttpRequest(decodeResult: success, version: HTTP/1.1, content: EmptyByteBufBE)
GET /session/37a632245f6107036c08731d76a52a21/element/65402f9c-4b2e-474e-a6f6-5a125fa4937d/name HTTP/1.1
User-Agent: selenium/4.4.0 (java windows)
Cache-Control: no-cache
Content-Type: application/json; charset=utf-8
host: localhost:65249
accept: */*

Response DefaultHttpResponse(decodeResult: success, version: HTTP/1.1)
HTTP/1.1 200 OK
Content-Type: application/json; charset=utf-8
cache-control: no-cache
content-length: 13

18:00:50.409 [AsyncHttpClient-1-2] DEBUG org.asynchttpclient.netty.channel.ChannelManager - Adding key: http://localhost:65249 for channel [id: 0x51f1f9e8, L:/127.0.0.1:59215 - R:localhost/127.0.0.1:65249]
18:00:50.410 [Forwarding clickElement on session 37a632245f6107036c08731d76a52a21 to remote] DEBUG org.asynchttpclient.netty.request.NettyRequestSender - Using pooled Channel '[id: 0x51f1f9e8, L:/127.0.0.1:59215 - R:localhost/127.0.0.1:65249]' for 'POST' to 'http://localhost:65249/session/37a632245f6107036c08731d76a52a21/element/65402f9c-4b2e-474e-a6f6-5a125fa4937d/click'
18:00:50.410 [Forwarding clickElement on session 37a632245f6107036c08731d76a52a21 to remote] DEBUG org.asynchttpclient.netty.request.NettyRequestSender - Using open Channel [id: 0x51f1f9e8, L:/127.0.0.1:59215 - R:localhost/127.0.0.1:65249] for POST '/session/37a632245f6107036c08731d76a52a21/element/65402f9c-4b2e-474e-a6f6-5a125fa4937d/click'
18:00:50.806 [AsyncHttpClient-1-2] DEBUG org.asynchttpclient.netty.handler.HttpHandler - 

Request DefaultHttpRequest(decodeResult: success, version: HTTP/1.1)
POST /session/37a632245f6107036c08731d76a52a21/element/65402f9c-4b2e-474e-a6f6-5a125fa4937d/click HTTP/1.1
User-Agent: selenium/4.4.0 (java windows)
Content-Length: 50
Content-Type: application/json; charset=utf-8
host: localhost:65249
accept: */*

Response DefaultHttpResponse(decodeResult: success, version: HTTP/1.1)
HTTP/1.1 200 OK
Content-Type: application/json; charset=utf-8
cache-control: no-cache
content-length: 14

18:00:50.806 [AsyncHttpClient-1-2] DEBUG org.asynchttpclient.netty.channel.ChannelManager - Adding key: http://localhost:65249 for channel [id: 0x51f1f9e8, L:/127.0.0.1:59215 - R:localhost/127.0.0.1:65249]
18:00:50.811 [Forwarding getCurrentWindowHandle on session 37a632245f6107036c08731d76a52a21 to remote] DEBUG org.asynchttpclient.netty.request.NettyRequestSender - Using pooled Channel '[id: 0x51f1f9e8, L:/127.0.0.1:59215 - R:localhost/127.0.0.1:65249]' for 'GET' to 'http://localhost:65249/session/37a632245f6107036c08731d76a52a21/window'
18:00:50.811 [Forwarding getCurrentWindowHandle on session 37a632245f6107036c08731d76a52a21 to remote] DEBUG org.asynchttpclient.netty.request.NettyRequestSender - Using open Channel [id: 0x51f1f9e8, L:/127.0.0.1:59215 - R:localhost/127.0.0.1:65249] for GET '/session/37a632245f6107036c08731d76a52a21/window'
18:00:50.812 [AsyncHttpClient-1-2] DEBUG org.asynchttpclient.netty.handler.HttpHandler - 

Request DefaultFullHttpRequest(decodeResult: success, version: HTTP/1.1, content: EmptyByteBufBE)
GET /session/37a632245f6107036c08731d76a52a21/window HTTP/1.1
User-Agent: selenium/4.4.0 (java windows)
Cache-Control: no-cache
Content-Type: application/json; charset=utf-8
host: localhost:65249
accept: */*

Response DefaultHttpResponse(decodeResult: success, version: HTTP/1.1)
HTTP/1.1 200 OK
Content-Type: application/json; charset=utf-8
cache-control: no-cache
content-length: 53

18:00:50.812 [AsyncHttpClient-1-2] DEBUG org.asynchttpclient.netty.channel.ChannelManager - Adding key: http://localhost:65249 for channel [id: 0x51f1f9e8, L:/127.0.0.1:59215 - R:localhost/127.0.0.1:65249]
18:00:50.813 [Forwarding getAlertText on session 37a632245f6107036c08731d76a52a21 to remote] DEBUG org.asynchttpclient.netty.request.NettyRequestSender - Using pooled Channel '[id: 0x51f1f9e8, L:/127.0.0.1:59215 - R:localhost/127.0.0.1:65249]' for 'GET' to 'http://localhost:65249/session/37a632245f6107036c08731d76a52a21/alert/text'
18:00:50.813 [Forwarding getAlertText on session 37a632245f6107036c08731d76a52a21 to remote] DEBUG org.asynchttpclient.netty.request.NettyRequestSender - Using open Channel [id: 0x51f1f9e8, L:/127.0.0.1:59215 - R:localhost/127.0.0.1:65249] for GET '/session/37a632245f6107036c08731d76a52a21/alert/text'
18:00:50.815 [AsyncHttpClient-1-2] DEBUG org.asynchttpclient.netty.handler.HttpHandler - 

Request DefaultFullHttpRequest(decodeResult: success, version: HTTP/1.1, content: EmptyByteBufBE)
GET /session/37a632245f6107036c08731d76a52a21/alert/text HTTP/1.1
User-Agent: selenium/4.4.0 (java windows)
Cache-Control: no-cache
Content-Type: application/json; charset=utf-8
host: localhost:65249
accept: */*

Response DefaultHttpResponse(decodeResult: success, version: HTTP/1.1)
HTTP/1.1 404 Not Found
Content-Type: application/json; charset=utf-8
cache-control: no-cache
content-length: 835

18:00:50.815 [AsyncHttpClient-1-2] DEBUG org.asynchttpclient.netty.channel.ChannelManager - Adding key: http://localhost:65249 for channel [id: 0x51f1f9e8, L:/127.0.0.1:59215 - R:localhost/127.0.0.1:65249]
18:00:50.817 [Forwarding switchToWindow on session 37a632245f6107036c08731d76a52a21 to remote] DEBUG org.asynchttpclient.netty.request.NettyRequestSender - Using pooled Channel '[id: 0x51f1f9e8, L:/127.0.0.1:59215 - R:localhost/127.0.0.1:65249]' for 'POST' to 'http://localhost:65249/session/37a632245f6107036c08731d76a52a21/window'
18:00:50.817 [Forwarding switchToWindow on session 37a632245f6107036c08731d76a52a21 to remote] DEBUG org.asynchttpclient.netty.request.NettyRequestSender - Using open Channel [id: 0x51f1f9e8, L:/127.0.0.1:59215 - R:localhost/127.0.0.1:65249] for POST '/session/37a632245f6107036c08731d76a52a21/window'
18:00:50.819 [AsyncHttpClient-1-2] DEBUG org.asynchttpclient.netty.handler.HttpHandler - 

Request DefaultHttpRequest(decodeResult: success, version: HTTP/1.1)
POST /session/37a632245f6107036c08731d76a52a21/window HTTP/1.1
User-Agent: selenium/4.4.0 (java windows)
Content-Length: 59
Content-Type: application/json; charset=utf-8
host: localhost:65249
accept: */*

Response DefaultHttpResponse(decodeResult: success, version: HTTP/1.1)
HTTP/1.1 200 OK
Content-Type: application/json; charset=utf-8
cache-control: no-cache
content-length: 14

18:00:50.819 [AsyncHttpClient-1-2] DEBUG org.asynchttpclient.netty.channel.ChannelManager - Adding key: http://localhost:65249 for channel [id: 0x51f1f9e8, L:/127.0.0.1:59215 - R:localhost/127.0.0.1:65249]
18:00:50.820 [Forwarding getCurrentUrl on session 37a632245f6107036c08731d76a52a21 to remote] DEBUG org.asynchttpclient.netty.request.NettyRequestSender - Using pooled Channel '[id: 0x51f1f9e8, L:/127.0.0.1:59215 - R:localhost/127.0.0.1:65249]' for 'GET' to 'http://localhost:65249/session/37a632245f6107036c08731d76a52a21/url'
18:00:50.820 [Forwarding getCurrentUrl on session 37a632245f6107036c08731d76a52a21 to remote] DEBUG org.asynchttpclient.netty.request.NettyRequestSender - Using open Channel [id: 0x51f1f9e8, L:/127.0.0.1:59215 - R:localhost/127.0.0.1:65249] for GET '/session/37a632245f6107036c08731d76a52a21/url'
18:00:50.830 [AsyncHttpClient-1-2] DEBUG org.asynchttpclient.netty.handler.HttpHandler - 

Request DefaultFullHttpRequest(decodeResult: success, version: HTTP/1.1, content: EmptyByteBufBE)
GET /session/37a632245f6107036c08731d76a52a21/url HTTP/1.1
User-Agent: selenium/4.4.0 (java windows)
Cache-Control: no-cache
Content-Type: application/json; charset=utf-8
host: localhost:65249
accept: */*

Response DefaultHttpResponse(decodeResult: success, version: HTTP/1.1)
HTTP/1.1 200 OK
Content-Type: application/json; charset=utf-8
cache-control: no-cache
content-length: 54

18:00:50.830 [AsyncHttpClient-1-2] DEBUG org.asynchttpclient.netty.channel.ChannelManager - Adding key: http://localhost:65249 for channel [id: 0x51f1f9e8, L:/127.0.0.1:59215 - R:localhost/127.0.0.1:65249]
18:00:50.831 [Forwarding screenshot on session 37a632245f6107036c08731d76a52a21 to remote] DEBUG org.asynchttpclient.netty.request.NettyRequestSender - Using pooled Channel '[id: 0x51f1f9e8, L:/127.0.0.1:59215 - R:localhost/127.0.0.1:65249]' for 'GET' to 'http://localhost:65249/session/37a632245f6107036c08731d76a52a21/screenshot'
18:00:50.831 [Forwarding screenshot on session 37a632245f6107036c08731d76a52a21 to remote] DEBUG org.asynchttpclient.netty.request.NettyRequestSender - Using open Channel [id: 0x51f1f9e8, L:/127.0.0.1:59215 - R:localhost/127.0.0.1:65249] for GET '/session/37a632245f6107036c08731d76a52a21/screenshot'
18:00:50.959 [AsyncHttpClient-1-2] DEBUG org.asynchttpclient.netty.handler.HttpHandler - 

Request DefaultFullHttpRequest(decodeResult: success, version: HTTP/1.1, content: EmptyByteBufBE)
GET /session/37a632245f6107036c08731d76a52a21/screenshot HTTP/1.1
User-Agent: selenium/4.4.0 (java windows)
Cache-Control: no-cache
Content-Type: application/json; charset=utf-8
host: localhost:65249
accept: */*

Response DefaultHttpResponse(decodeResult: success, version: HTTP/1.1)
HTTP/1.1 200 OK
Content-Type: application/json; charset=utf-8
cache-control: no-cache
content-length: 189740

18:00:50.960 [AsyncHttpClient-1-2] DEBUG org.asynchttpclient.netty.channel.ChannelManager - Adding key: http://localhost:65249 for channel [id: 0x51f1f9e8, L:/127.0.0.1:59215 - R:localhost/127.0.0.1:65249]
18:00:50.963 [main] DEBUG net.serenitybdd.core.photography.Darkroom - Send negative for processing for target\site\serenity\fd6fef30c2fb4894779af9f197d5610f78038067199e5b8c0bbc4c4e033f1e2c.png
18:00:50.963 [main] DEBUG net.thucydides.core.steps.StepInterceptor - STEP DONE: clicko en el telefono
18:00:50.963 [Darkroom Processing Line] DEBUG net.serenitybdd.core.photography.DarkroomProcessingLine - Processing screenshot image in /var/screenshots/screenshot-17607803609830064334
18:00:50.963 [Darkroom Processing Line] DEBUG net.serenitybdd.core.photography.DarkroomProcessingLine - Saving screenshot to target\site\serenity\fd6fef30c2fb4894779af9f197d5610f78038067199e5b8c0bbc4c4e033f1e2c.png
  &amp#27;[32mAnd &amp#27;[0m&amp#27;[32mcliko en el telefono&amp#27;[0m                                         &amp#27;[90m# Step.ComprobarCestaStep.cliko_en_el_telefono(io.cucumber.datatable.DataTable)&amp#27;[0m
    | telefono          |
    | Samsung galaxy s6 |
    | Nokia lumia 1520  |
    | Nexus 6           |
18:00:50.970 [Forwarding getPageSource on session 37a632245f6107036c08731d76a52a21 to remote] DEBUG org.asynchttpclient.netty.request.NettyRequestSender - Using pooled Channel '[id: 0x51f1f9e8, L:/127.0.0.1:59215 - R:localhost/127.0.0.1:65249]' for 'POST' to 'http://localhost:65249/session/37a632245f6107036c08731d76a52a21/execute/sync'
18:00:50.970 [Forwarding getPageSource on session 37a632245f6107036c08731d76a52a21 to remote] DEBUG org.asynchttpclient.netty.request.NettyRequestSender - Using open Channel [id: 0x51f1f9e8, L:/127.0.0.1:59215 - R:localhost/127.0.0.1:65249] for POST '/session/37a632245f6107036c08731d76a52a21/execute/sync'
18:00:50.977 [AsyncHttpClient-1-2] DEBUG org.asynchttpclient.netty.handler.HttpHandler - 

Request DefaultHttpRequest(decodeResult: success, version: HTTP/1.1)
POST /session/37a632245f6107036c08731d76a52a21/execute/sync HTTP/1.1
User-Agent: selenium/4.4.0 (java windows)
Content-Length: 176
Content-Type: application/json; charset=utf-8
host: localhost:65249
accept: */*

Response DefaultHttpResponse(decodeResult: success, version: HTTP/1.1)
HTTP/1.1 200 OK
Content-Type: application/json; charset=utf-8
cache-control: no-cache
content-length: 53683

18:00:50.977 [AsyncHttpClient-1-2] DEBUG org.asynchttpclient.netty.channel.ChannelManager - Adding key: http://localhost:65249 for channel [id: 0x51f1f9e8, L:/127.0.0.1:59215 - R:localhost/127.0.0.1:65249]
18:00:50.980 [Forwarding getCurrentUrl on session 37a632245f6107036c08731d76a52a21 to remote] DEBUG org.asynchttpclient.netty.request.NettyRequestSender - Using pooled Channel '[id: 0x51f1f9e8, L:/127.0.0.1:59215 - R:localhost/127.0.0.1:65249]' for 'GET' to 'http://localhost:65249/session/37a632245f6107036c08731d76a52a21/url'
18:00:50.980 [Forwarding getCurrentUrl on session 37a632245f6107036c08731d76a52a21 to remote] DEBUG org.asynchttpclient.netty.request.NettyRequestSender - Using open Channel [id: 0x51f1f9e8, L:/127.0.0.1:59215 - R:localhost/127.0.0.1:65249] for GET '/session/37a632245f6107036c08731d76a52a21/url'
18:00:50.985 [AsyncHttpClient-1-2] DEBUG org.asynchttpclient.netty.handler.HttpHandler - 

Request DefaultFullHttpRequest(decodeResult: success, version: HTTP/1.1, content: EmptyByteBufBE)
GET /session/37a632245f6107036c08731d76a52a21/url HTTP/1.1
User-Agent: selenium/4.4.0 (java windows)
Cache-Control: no-cache
Content-Type: application/json; charset=utf-8
host: localhost:65249
accept: */*

Response DefaultHttpResponse(decodeResult: success, version: HTTP/1.1)
HTTP/1.1 200 OK
Content-Type: application/json; charset=utf-8
cache-control: no-cache
content-length: 54

18:00:50.985 [AsyncHttpClient-1-2] DEBUG org.asynchttpclient.netty.channel.ChannelManager - Adding key: http://localhost:65249 for channel [id: 0x51f1f9e8, L:/127.0.0.1:59215 - R:localhost/127.0.0.1:65249]
18:00:50.989 [Forwarding findElement on session 37a632245f6107036c08731d76a52a21 to remote] DEBUG org.asynchttpclient.netty.request.NettyRequestSender - Using pooled Channel '[id: 0x51f1f9e8, L:/127.0.0.1:59215 - R:localhost/127.0.0.1:65249]' for 'POST' to 'http://localhost:65249/session/37a632245f6107036c08731d76a52a21/element'
18:00:50.989 [Forwarding findElement on session 37a632245f6107036c08731d76a52a21 to remote] DEBUG org.asynchttpclient.netty.request.NettyRequestSender - Using open Channel [id: 0x51f1f9e8, L:/127.0.0.1:59215 - R:localhost/127.0.0.1:65249] for POST '/session/37a632245f6107036c08731d76a52a21/element'
18:00:51.187 [AsyncHttpClient-1-2] DEBUG org.asynchttpclient.netty.handler.HttpHandler - 

Request DefaultHttpRequest(decodeResult: success, version: HTTP/1.1)
POST /session/37a632245f6107036c08731d76a52a21/element HTTP/1.1
User-Agent: selenium/4.4.0 (java windows)
Content-Length: 83
Content-Type: application/json; charset=utf-8
host: localhost:65249
accept: */*

Response DefaultHttpResponse(decodeResult: success, version: HTTP/1.1)
HTTP/1.1 200 OK
Content-Type: application/json; charset=utf-8
cache-control: no-cache
content-length: 88

18:00:51.187 [AsyncHttpClient-1-2] DEBUG org.asynchttpclient.netty.channel.ChannelManager - Adding key: http://localhost:65249 for channel [id: 0x51f1f9e8, L:/127.0.0.1:59215 - R:localhost/127.0.0.1:65249]
18:00:51.189 [Forwarding isElementDisplayed on session 37a632245f6107036c08731d76a52a21 to remote] DEBUG org.asynchttpclient.netty.request.NettyRequestSender - Using pooled Channel '[id: 0x51f1f9e8, L:/127.0.0.1:59215 - R:localhost/127.0.0.1:65249]' for 'POST' to 'http://localhost:65249/session/37a632245f6107036c08731d76a52a21/execute/sync'
18:00:51.189 [Forwarding isElementDisplayed on session 37a632245f6107036c08731d76a52a21 to remote] DEBUG org.asynchttpclient.netty.request.NettyRequestSender - Using open Channel [id: 0x51f1f9e8, L:/127.0.0.1:59215 - R:localhost/127.0.0.1:65249] for POST '/session/37a632245f6107036c08731d76a52a21/execute/sync'
18:00:51.196 [AsyncHttpClient-1-2] DEBUG org.asynchttpclient.netty.handler.HttpHandler - 

Request DefaultHttpRequest(decodeResult: success, version: HTTP/1.1)
POST /session/37a632245f6107036c08731d76a52a21/execute/sync HTTP/1.1
User-Agent: selenium/4.4.0 (java windows)
Content-Length: 48780
Content-Type: application/json; charset=utf-8
host: localhost:65249
accept: */*

Response DefaultHttpResponse(decodeResult: success, version: HTTP/1.1)
HTTP/1.1 200 OK
Content-Type: application/json; charset=utf-8
cache-control: no-cache
content-length: 14

18:00:51.196 [AsyncHttpClient-1-2] DEBUG org.asynchttpclient.netty.channel.ChannelManager - Adding key: http://localhost:65249 for channel [id: 0x51f1f9e8, L:/127.0.0.1:59215 - R:localhost/127.0.0.1:65249]
18:00:51.197 [Forwarding clickElement on session 37a632245f6107036c08731d76a52a21 to remote] DEBUG org.asynchttpclient.netty.request.NettyRequestSender - Using pooled Channel '[id: 0x51f1f9e8, L:/127.0.0.1:59215 - R:localhost/127.0.0.1:65249]' for 'POST' to 'http://localhost:65249/session/37a632245f6107036c08731d76a52a21/element/295fb897-662c-41a6-af34-fa2ac1c4b8ea/click'
18:00:51.197 [Forwarding clickElement on session 37a632245f6107036c08731d76a52a21 to remote] DEBUG org.asynchttpclient.netty.request.NettyRequestSender - Using open Channel [id: 0x51f1f9e8, L:/127.0.0.1:59215 - R:localhost/127.0.0.1:65249] for POST '/session/37a632245f6107036c08731d76a52a21/element/295fb897-662c-41a6-af34-fa2ac1c4b8ea/click'
18:00:51.251 [AsyncHttpClient-1-2] DEBUG org.asynchttpclient.netty.handler.HttpHandler - 

Request DefaultHttpRequest(decodeResult: success, version: HTTP/1.1)
POST /session/37a632245f6107036c08731d76a52a21/element/295fb897-662c-41a6-af34-fa2ac1c4b8ea/click HTTP/1.1
User-Agent: selenium/4.4.0 (java windows)
Content-Length: 50
Content-Type: application/json; charset=utf-8
host: localhost:65249
accept: */*

Response DefaultHttpResponse(decodeResult: success, version: HTTP/1.1)
HTTP/1.1 200 OK
Content-Type: application/json; charset=utf-8
cache-control: no-cache
content-length: 14

18:00:51.251 [AsyncHttpClient-1-2] DEBUG org.asynchttpclient.netty.channel.ChannelManager - Adding key: http://localhost:65249 for channel [id: 0x51f1f9e8, L:/127.0.0.1:59215 - R:localhost/127.0.0.1:65249]
18:00:51.254 [Forwarding getAlertText on session 37a632245f6107036c08731d76a52a21 to remote] DEBUG org.asynchttpclient.netty.request.NettyRequestSender - Using pooled Channel '[id: 0x51f1f9e8, L:/127.0.0.1:59215 - R:localhost/127.0.0.1:65249]' for 'GET' to 'http://localhost:65249/session/37a632245f6107036c08731d76a52a21/alert/text'
18:00:51.254 [Forwarding getAlertText on session 37a632245f6107036c08731d76a52a21 to remote] DEBUG org.asynchttpclient.netty.request.NettyRequestSender - Using open Channel [id: 0x51f1f9e8, L:/127.0.0.1:59215 - R:localhost/127.0.0.1:65249] for GET '/session/37a632245f6107036c08731d76a52a21/alert/text'
18:00:51.256 [AsyncHttpClient-1-2] DEBUG org.asynchttpclient.netty.handler.HttpHandler - 

Request DefaultFullHttpRequest(decodeResult: success, version: HTTP/1.1, content: EmptyByteBufBE)
GET /session/37a632245f6107036c08731d76a52a21/alert/text HTTP/1.1
User-Agent: selenium/4.4.0 (java windows)
Cache-Control: no-cache
Content-Type: application/json; charset=utf-8
host: localhost:65249
accept: */*

Response DefaultHttpResponse(decodeResult: success, version: HTTP/1.1)
HTTP/1.1 404 Not Found
Content-Type: application/json; charset=utf-8
cache-control: no-cache
content-length: 835

18:00:51.256 [AsyncHttpClient-1-2] DEBUG org.asynchttpclient.netty.channel.ChannelManager - Adding key: http://localhost:65249 for channel [id: 0x51f1f9e8, L:/127.0.0.1:59215 - R:localhost/127.0.0.1:65249]
18:00:51.464 [AsyncHttpClient-1-1] DEBUG org.asynchttpclient.netty.channel.DefaultChannelPool - Entry count for : http://localhost:59216 : 1
18:00:51.464 [AsyncHttpClient-1-1] DEBUG org.asynchttpclient.netty.channel.DefaultChannelPool - Entry count for : http://localhost:65249 : 1
18:00:51.759 [Forwarding getAlertText on session 37a632245f6107036c08731d76a52a21 to remote] DEBUG org.asynchttpclient.netty.request.NettyRequestSender - Using pooled Channel '[id: 0x51f1f9e8, L:/127.0.0.1:59215 - R:localhost/127.0.0.1:65249]' for 'GET' to 'http://localhost:65249/session/37a632245f6107036c08731d76a52a21/alert/text'
18:00:51.759 [Forwarding getAlertText on session 37a632245f6107036c08731d76a52a21 to remote] DEBUG org.asynchttpclient.netty.request.NettyRequestSender - Using open Channel [id: 0x51f1f9e8, L:/127.0.0.1:59215 - R:localhost/127.0.0.1:65249] for GET '/session/37a632245f6107036c08731d76a52a21/alert/text'
18:00:51.760 [AsyncHttpClient-1-2] DEBUG org.asynchttpclient.netty.handler.HttpHandler - 

Request DefaultFullHttpRequest(decodeResult: success, version: HTTP/1.1, content: EmptyByteBufBE)
GET /session/37a632245f6107036c08731d76a52a21/alert/text HTTP/1.1
User-Agent: selenium/4.4.0 (java windows)
Cache-Control: no-cache
Content-Type: application/json; charset=utf-8
host: localhost:65249
accept: */*

Response DefaultHttpResponse(decodeResult: success, version: HTTP/1.1)
HTTP/1.1 200 OK
Content-Type: application/json; charset=utf-8
cache-control: no-cache
content-length: 26

18:00:51.760 [AsyncHttpClient-1-2] DEBUG org.asynchttpclient.netty.channel.ChannelManager - Adding key: http://localhost:65249 for channel [id: 0x51f1f9e8, L:/127.0.0.1:59215 - R:localhost/127.0.0.1:65249]
18:00:51.762 [Forwarding getAlertText on session 37a632245f6107036c08731d76a52a21 to remote] DEBUG org.asynchttpclient.netty.request.NettyRequestSender - Using pooled Channel '[id: 0x51f1f9e8, L:/127.0.0.1:59215 - R:localhost/127.0.0.1:65249]' for 'GET' to 'http://localhost:65249/session/37a632245f6107036c08731d76a52a21/alert/text'
18:00:51.762 [Forwarding getAlertText on session 37a632245f6107036c08731d76a52a21 to remote] DEBUG org.asynchttpclient.netty.request.NettyRequestSender - Using open Channel [id: 0x51f1f9e8, L:/127.0.0.1:59215 - R:localhost/127.0.0.1:65249] for GET '/session/37a632245f6107036c08731d76a52a21/alert/text'
18:00:51.763 [AsyncHttpClient-1-2] DEBUG org.asynchttpclient.netty.handler.HttpHandler - 

Request DefaultFullHttpRequest(decodeResult: success, version: HTTP/1.1, content: EmptyByteBufBE)
GET /session/37a632245f6107036c08731d76a52a21/alert/text HTTP/1.1
User-Agent: selenium/4.4.0 (java windows)
Cache-Control: no-cache
Content-Type: application/json; charset=utf-8
host: localhost:65249
accept: */*

Response DefaultHttpResponse(decodeResult: success, version: HTTP/1.1)
HTTP/1.1 200 OK
Content-Type: application/json; charset=utf-8
cache-control: no-cache
content-length: 26

18:00:51.763 [AsyncHttpClient-1-2] DEBUG org.asynchttpclient.netty.channel.ChannelManager - Adding key: http://localhost:65249 for channel [id: 0x51f1f9e8, L:/127.0.0.1:59215 - R:localhost/127.0.0.1:65249]
18:00:51.764 [Forwarding acceptAlert on session 37a632245f6107036c08731d76a52a21 to remote] DEBUG org.asynchttpclient.netty.request.NettyRequestSender - Using pooled Channel '[id: 0x51f1f9e8, L:/127.0.0.1:59215 - R:localhost/127.0.0.1:65249]' for 'POST' to 'http://localhost:65249/session/37a632245f6107036c08731d76a52a21/alert/accept'
18:00:51.764 [Forwarding acceptAlert on session 37a632245f6107036c08731d76a52a21 to remote] DEBUG org.asynchttpclient.netty.request.NettyRequestSender - Using open Channel [id: 0x51f1f9e8, L:/127.0.0.1:59215 - R:localhost/127.0.0.1:65249] for POST '/session/37a632245f6107036c08731d76a52a21/alert/accept'
18:00:51.766 [AsyncHttpClient-1-2] DEBUG org.asynchttpclient.netty.handler.HttpHandler - 

Request DefaultHttpRequest(decodeResult: success, version: HTTP/1.1)
POST /session/37a632245f6107036c08731d76a52a21/alert/accept HTTP/1.1
User-Agent: selenium/4.4.0 (java windows)
Content-Length: 3
Content-Type: application/json; charset=utf-8
host: localhost:65249
accept: */*

Response DefaultHttpResponse(decodeResult: success, version: HTTP/1.1)
HTTP/1.1 200 OK
Content-Type: application/json; charset=utf-8
cache-control: no-cache
content-length: 14

18:00:51.766 [AsyncHttpClient-1-2] DEBUG org.asynchttpclient.netty.channel.ChannelManager - Adding key: http://localhost:65249 for channel [id: 0x51f1f9e8, L:/127.0.0.1:59215 - R:localhost/127.0.0.1:65249]
18:00:51.767 [Forwarding screenshot on session 37a632245f6107036c08731d76a52a21 to remote] DEBUG org.asynchttpclient.netty.request.NettyRequestSender - Using pooled Channel '[id: 0x51f1f9e8, L:/127.0.0.1:59215 - R:localhost/127.0.0.1:65249]' for 'GET' to 'http://localhost:65249/session/37a632245f6107036c08731d76a52a21/screenshot'
18:00:51.767 [Forwarding screenshot on session 37a632245f6107036c08731d76a52a21 to remote] DEBUG org.asynchttpclient.netty.request.NettyRequestSender - Using open Channel [id: 0x51f1f9e8, L:/127.0.0.1:59215 - R:localhost/127.0.0.1:65249] for GET '/session/37a632245f6107036c08731d76a52a21/screenshot'
18:00:51.907 [AsyncHttpClient-1-2] DEBUG org.asynchttpclient.netty.handler.HttpHandler - 

Request DefaultFullHttpRequest(decodeResult: success, version: HTTP/1.1, content: EmptyByteBufBE)
GET /session/37a632245f6107036c08731d76a52a21/screenshot HTTP/1.1
User-Agent: selenium/4.4.0 (java windows)
Cache-Control: no-cache
Content-Type: application/json; charset=utf-8
host: localhost:65249
accept: */*

Response DefaultHttpResponse(decodeResult: success, version: HTTP/1.1)
HTTP/1.1 200 OK
Content-Type: application/json; charset=utf-8
cache-control: no-cache
content-length: 281628

18:00:51.907 [AsyncHttpClient-1-2] DEBUG org.asynchttpclient.netty.channel.ChannelManager - Adding key: http://localhost:65249 for channel [id: 0x51f1f9e8, L:/127.0.0.1:59215 - R:localhost/127.0.0.1:65249]
  &amp#27;[32mAnd &amp#27;[0m&amp#27;[32mañado a la cesta&amp#27;[0m                                             &amp#27;[90m# Step.ComprobarCestaStep.añado_a_la_cesta()&amp#27;[0m
18:00:51.920 [Forwarding getCurrentWindowHandle on session 37a632245f6107036c08731d76a52a21 to remote] DEBUG org.asynchttpclient.netty.request.NettyRequestSender - Using pooled Channel '[id: 0x51f1f9e8, L:/127.0.0.1:59215 - R:localhost/127.0.0.1:65249]' for 'GET' to 'http://localhost:65249/session/37a632245f6107036c08731d76a52a21/window'
18:00:51.920 [Forwarding getCurrentWindowHandle on session 37a632245f6107036c08731d76a52a21 to remote] DEBUG org.asynchttpclient.netty.request.NettyRequestSender - Using open Channel [id: 0x51f1f9e8, L:/127.0.0.1:59215 - R:localhost/127.0.0.1:65249] for GET '/session/37a632245f6107036c08731d76a52a21/window'
18:00:51.921 [AsyncHttpClient-1-2] DEBUG org.asynchttpclient.netty.handler.HttpHandler - 

Request DefaultFullHttpRequest(decodeResult: success, version: HTTP/1.1, content: EmptyByteBufBE)
GET /session/37a632245f6107036c08731d76a52a21/window HTTP/1.1
User-Agent: selenium/4.4.0 (java windows)
Cache-Control: no-cache
Content-Type: application/json; charset=utf-8
host: localhost:65249
accept: */*

Response DefaultHttpResponse(decodeResult: success, version: HTTP/1.1)
HTTP/1.1 200 OK
Content-Type: application/json; charset=utf-8
cache-control: no-cache
content-length: 53

18:00:51.921 [AsyncHttpClient-1-2] DEBUG org.asynchttpclient.netty.channel.ChannelManager - Adding key: http://localhost:65249 for channel [id: 0x51f1f9e8, L:/127.0.0.1:59215 - R:localhost/127.0.0.1:65249]
18:00:51.922 [Forwarding getAlertText on session 37a632245f6107036c08731d76a52a21 to remote] DEBUG org.asynchttpclient.netty.request.NettyRequestSender - Using pooled Channel '[id: 0x51f1f9e8, L:/127.0.0.1:59215 - R:localhost/127.0.0.1:65249]' for 'GET' to 'http://localhost:65249/session/37a632245f6107036c08731d76a52a21/alert/text'
18:00:51.922 [Forwarding getAlertText on session 37a632245f6107036c08731d76a52a21 to remote] DEBUG org.asynchttpclient.netty.request.NettyRequestSender - Using open Channel [id: 0x51f1f9e8, L:/127.0.0.1:59215 - R:localhost/127.0.0.1:65249] for GET '/session/37a632245f6107036c08731d76a52a21/alert/text'
18:00:51.924 [AsyncHttpClient-1-2] DEBUG org.asynchttpclient.netty.handler.HttpHandler - 

Request DefaultFullHttpRequest(decodeResult: success, version: HTTP/1.1, content: EmptyByteBufBE)
GET /session/37a632245f6107036c08731d76a52a21/alert/text HTTP/1.1
User-Agent: selenium/4.4.0 (java windows)
Cache-Control: no-cache
Content-Type: application/json; charset=utf-8
host: localhost:65249
accept: */*

Response DefaultHttpResponse(decodeResult: success, version: HTTP/1.1)
HTTP/1.1 404 Not Found
Content-Type: application/json; charset=utf-8
cache-control: no-cache
content-length: 835

18:00:51.925 [AsyncHttpClient-1-2] DEBUG org.asynchttpclient.netty.channel.ChannelManager - Adding key: http://localhost:65249 for channel [id: 0x51f1f9e8, L:/127.0.0.1:59215 - R:localhost/127.0.0.1:65249]
18:00:51.926 [Forwarding switchToWindow on session 37a632245f6107036c08731d76a52a21 to remote] DEBUG org.asynchttpclient.netty.request.NettyRequestSender - Using pooled Channel '[id: 0x51f1f9e8, L:/127.0.0.1:59215 - R:localhost/127.0.0.1:65249]' for 'POST' to 'http://localhost:65249/session/37a632245f6107036c08731d76a52a21/window'
18:00:51.926 [Forwarding switchToWindow on session 37a632245f6107036c08731d76a52a21 to remote] DEBUG org.asynchttpclient.netty.request.NettyRequestSender - Using open Channel [id: 0x51f1f9e8, L:/127.0.0.1:59215 - R:localhost/127.0.0.1:65249] for POST '/session/37a632245f6107036c08731d76a52a21/window'
18:00:51.928 [AsyncHttpClient-1-2] DEBUG org.asynchttpclient.netty.handler.HttpHandler - 

Request DefaultHttpRequest(decodeResult: success, version: HTTP/1.1)
POST /session/37a632245f6107036c08731d76a52a21/window HTTP/1.1
User-Agent: selenium/4.4.0 (java windows)
Content-Length: 59
Content-Type: application/json; charset=utf-8
host: localhost:65249
accept: */*

Response DefaultHttpResponse(decodeResult: success, version: HTTP/1.1)
HTTP/1.1 200 OK
Content-Type: application/json; charset=utf-8
cache-control: no-cache
content-length: 14

18:00:51.928 [AsyncHttpClient-1-2] DEBUG org.asynchttpclient.netty.channel.ChannelManager - Adding key: http://localhost:65249 for channel [id: 0x51f1f9e8, L:/127.0.0.1:59215 - R:localhost/127.0.0.1:65249]
18:00:51.929 [Forwarding getCurrentUrl on session 37a632245f6107036c08731d76a52a21 to remote] DEBUG org.asynchttpclient.netty.request.NettyRequestSender - Using pooled Channel '[id: 0x51f1f9e8, L:/127.0.0.1:59215 - R:localhost/127.0.0.1:65249]' for 'GET' to 'http://localhost:65249/session/37a632245f6107036c08731d76a52a21/url'
18:00:51.929 [Forwarding getCurrentUrl on session 37a632245f6107036c08731d76a52a21 to remote] DEBUG org.asynchttpclient.netty.request.NettyRequestSender - Using open Channel [id: 0x51f1f9e8, L:/127.0.0.1:59215 - R:localhost/127.0.0.1:65249] for GET '/session/37a632245f6107036c08731d76a52a21/url'
18:00:51.932 [AsyncHttpClient-1-2] DEBUG org.asynchttpclient.netty.handler.HttpHandler - 

Request DefaultFullHttpRequest(decodeResult: success, version: HTTP/1.1, content: EmptyByteBufBE)
GET /session/37a632245f6107036c08731d76a52a21/url HTTP/1.1
User-Agent: selenium/4.4.0 (java windows)
Cache-Control: no-cache
Content-Type: application/json; charset=utf-8
host: localhost:65249
accept: */*

Response DefaultHttpResponse(decodeResult: success, version: HTTP/1.1)
HTTP/1.1 200 OK
Content-Type: application/json; charset=utf-8
cache-control: no-cache
content-length: 55

18:00:51.933 [AsyncHttpClient-1-2] DEBUG org.asynchttpclient.netty.channel.ChannelManager - Adding key: http://localhost:65249 for channel [id: 0x51f1f9e8, L:/127.0.0.1:59215 - R:localhost/127.0.0.1:65249]
18:00:51.934 [Forwarding screenshot on session 37a632245f6107036c08731d76a52a21 to remote] DEBUG org.asynchttpclient.netty.request.NettyRequestSender - Using pooled Channel '[id: 0x51f1f9e8, L:/127.0.0.1:59215 - R:localhost/127.0.0.1:65249]' for 'GET' to 'http://localhost:65249/session/37a632245f6107036c08731d76a52a21/screenshot'
18:00:51.934 [Forwarding screenshot on session 37a632245f6107036c08731d76a52a21 to remote] DEBUG org.asynchttpclient.netty.request.NettyRequestSender - Using open Channel [id: 0x51f1f9e8, L:/127.0.0.1:59215 - R:localhost/127.0.0.1:65249] for GET '/session/37a632245f6107036c08731d76a52a21/screenshot'
18:00:52.059 [AsyncHttpClient-1-2] DEBUG org.asynchttpclient.netty.handler.HttpHandler - 

Request DefaultFullHttpRequest(decodeResult: success, version: HTTP/1.1, content: EmptyByteBufBE)
GET /session/37a632245f6107036c08731d76a52a21/screenshot HTTP/1.1
User-Agent: selenium/4.4.0 (java windows)
Cache-Control: no-cache
Content-Type: application/json; charset=utf-8
host: localhost:65249
accept: */*

Response DefaultHttpResponse(decodeResult: success, version: HTTP/1.1)
HTTP/1.1 200 OK
Content-Type: application/json; charset=utf-8
cache-control: no-cache
content-length: 281548

18:00:52.060 [AsyncHttpClient-1-2] DEBUG org.asynchttpclient.netty.channel.ChannelManager - Adding key: http://localhost:65249 for channel [id: 0x51f1f9e8, L:/127.0.0.1:59215 - R:localhost/127.0.0.1:65249]
18:00:52.064 [main] DEBUG net.serenitybdd.core.photography.Darkroom - Send negative for processing for target\site\serenity\fd93e9c67e7c341c30eb59dfa4b2a7c2712e7366508186b73dcf8a9ffc49fdc6.png
18:00:52.064 [Darkroom Processing Line] DEBUG net.serenitybdd.core.photography.DarkroomProcessingLine - Processing screenshot image in /var/screenshots/screenshot-16188844238354999669
18:00:52.064 [Darkroom Processing Line] DEBUG net.serenitybdd.core.photography.DarkroomProcessingLine - Saving screenshot to target\site\serenity\fd93e9c67e7c341c30eb59dfa4b2a7c2712e7366508186b73dcf8a9ffc49fdc6.png
18:00:52.068 [Forwarding getPageSource on session 37a632245f6107036c08731d76a52a21 to remote] DEBUG org.asynchttpclient.netty.request.NettyRequestSender - Using pooled Channel '[id: 0x51f1f9e8, L:/127.0.0.1:59215 - R:localhost/127.0.0.1:65249]' for 'POST' to 'http://localhost:65249/session/37a632245f6107036c08731d76a52a21/execute/sync'
18:00:52.068 [Forwarding getPageSource on session 37a632245f6107036c08731d76a52a21 to remote] DEBUG org.asynchttpclient.netty.request.NettyRequestSender - Using open Channel [id: 0x51f1f9e8, L:/127.0.0.1:59215 - R:localhost/127.0.0.1:65249] for POST '/session/37a632245f6107036c08731d76a52a21/execute/sync'
18:00:52.076 [AsyncHttpClient-1-2] DEBUG org.asynchttpclient.netty.handler.HttpHandler - 

Request DefaultHttpRequest(decodeResult: success, version: HTTP/1.1)
POST /session/37a632245f6107036c08731d76a52a21/execute/sync HTTP/1.1
User-Agent: selenium/4.4.0 (java windows)
Content-Length: 176
Content-Type: application/json; charset=utf-8
host: localhost:65249
accept: */*

Response DefaultHttpResponse(decodeResult: success, version: HTTP/1.1)
HTTP/1.1 200 OK
Content-Type: application/json; charset=utf-8
cache-control: no-cache
content-length: 54773

18:00:52.076 [AsyncHttpClient-1-2] DEBUG org.asynchttpclient.netty.channel.ChannelManager - Adding key: http://localhost:65249 for channel [id: 0x51f1f9e8, L:/127.0.0.1:59215 - R:localhost/127.0.0.1:65249]
18:00:52.080 [Forwarding getCurrentUrl on session 37a632245f6107036c08731d76a52a21 to remote] DEBUG org.asynchttpclient.netty.request.NettyRequestSender - Using pooled Channel '[id: 0x51f1f9e8, L:/127.0.0.1:59215 - R:localhost/127.0.0.1:65249]' for 'GET' to 'http://localhost:65249/session/37a632245f6107036c08731d76a52a21/url'
18:00:52.080 [Forwarding getCurrentUrl on session 37a632245f6107036c08731d76a52a21 to remote] DEBUG org.asynchttpclient.netty.request.NettyRequestSender - Using open Channel [id: 0x51f1f9e8, L:/127.0.0.1:59215 - R:localhost/127.0.0.1:65249] for GET '/session/37a632245f6107036c08731d76a52a21/url'
18:00:52.084 [AsyncHttpClient-1-2] DEBUG org.asynchttpclient.netty.handler.HttpHandler - 

Request DefaultFullHttpRequest(decodeResult: success, version: HTTP/1.1, content: EmptyByteBufBE)
GET /session/37a632245f6107036c08731d76a52a21/url HTTP/1.1
User-Agent: selenium/4.4.0 (java windows)
Cache-Control: no-cache
Content-Type: application/json; charset=utf-8
host: localhost:65249
accept: */*

Response DefaultHttpResponse(decodeResult: success, version: HTTP/1.1)
HTTP/1.1 200 OK
Content-Type: application/json; charset=utf-8
cache-control: no-cache
content-length: 55

18:00:52.084 [AsyncHttpClient-1-2] DEBUG org.asynchttpclient.netty.channel.ChannelManager - Adding key: http://localhost:65249 for channel [id: 0x51f1f9e8, L:/127.0.0.1:59215 - R:localhost/127.0.0.1:65249]
18:00:52.091 [Forwarding getPageSource on session 37a632245f6107036c08731d76a52a21 to remote] DEBUG org.asynchttpclient.netty.request.NettyRequestSender - Using pooled Channel '[id: 0x51f1f9e8, L:/127.0.0.1:59215 - R:localhost/127.0.0.1:65249]' for 'POST' to 'http://localhost:65249/session/37a632245f6107036c08731d76a52a21/execute/sync'
18:00:52.091 [Forwarding getPageSource on session 37a632245f6107036c08731d76a52a21 to remote] DEBUG org.asynchttpclient.netty.request.NettyRequestSender - Using open Channel [id: 0x51f1f9e8, L:/127.0.0.1:59215 - R:localhost/127.0.0.1:65249] for POST '/session/37a632245f6107036c08731d76a52a21/execute/sync'
18:00:52.097 [AsyncHttpClient-1-2] DEBUG org.asynchttpclient.netty.handler.HttpHandler - 

Request DefaultHttpRequest(decodeResult: success, version: HTTP/1.1)
POST /session/37a632245f6107036c08731d76a52a21/execute/sync HTTP/1.1
User-Agent: selenium/4.4.0 (java windows)
Content-Length: 176
Content-Type: application/json; charset=utf-8
host: localhost:65249
accept: */*

Response DefaultHttpResponse(decodeResult: success, version: HTTP/1.1)
HTTP/1.1 200 OK
Content-Type: application/json; charset=utf-8
cache-control: no-cache
content-length: 54773

18:00:52.097 [AsyncHttpClient-1-2] DEBUG org.asynchttpclient.netty.channel.ChannelManager - Adding key: http://localhost:65249 for channel [id: 0x51f1f9e8, L:/127.0.0.1:59215 - R:localhost/127.0.0.1:65249]
18:00:52.101 [Forwarding getCurrentUrl on session 37a632245f6107036c08731d76a52a21 to remote] DEBUG org.asynchttpclient.netty.request.NettyRequestSender - Using pooled Channel '[id: 0x51f1f9e8, L:/127.0.0.1:59215 - R:localhost/127.0.0.1:65249]' for 'GET' to 'http://localhost:65249/session/37a632245f6107036c08731d76a52a21/url'
18:00:52.101 [Forwarding getCurrentUrl on session 37a632245f6107036c08731d76a52a21 to remote] DEBUG org.asynchttpclient.netty.request.NettyRequestSender - Using open Channel [id: 0x51f1f9e8, L:/127.0.0.1:59215 - R:localhost/127.0.0.1:65249] for GET '/session/37a632245f6107036c08731d76a52a21/url'
18:00:52.106 [AsyncHttpClient-1-2] DEBUG org.asynchttpclient.netty.handler.HttpHandler - 

Request DefaultFullHttpRequest(decodeResult: success, version: HTTP/1.1, content: EmptyByteBufBE)
GET /session/37a632245f6107036c08731d76a52a21/url HTTP/1.1
User-Agent: selenium/4.4.0 (java windows)
Cache-Control: no-cache
Content-Type: application/json; charset=utf-8
host: localhost:65249
accept: */*

Response DefaultHttpResponse(decodeResult: success, version: HTTP/1.1)
HTTP/1.1 200 OK
Content-Type: application/json; charset=utf-8
cache-control: no-cache
content-length: 55

18:00:52.106 [AsyncHttpClient-1-2] DEBUG org.asynchttpclient.netty.channel.ChannelManager - Adding key: http://localhost:65249 for channel [id: 0x51f1f9e8, L:/127.0.0.1:59215 - R:localhost/127.0.0.1:65249]
18:00:52.108 [main] DEBUG net.thucydides.core.steps.StepInterceptor - STARTING STEP: ComprobarCestaStep.voy_a_la_cesta - cliko en la cart
18:00:52.115 [Forwarding findElement on session 37a632245f6107036c08731d76a52a21 to remote] DEBUG org.asynchttpclient.netty.request.NettyRequestSender - Using pooled Channel '[id: 0x51f1f9e8, L:/127.0.0.1:59215 - R:localhost/127.0.0.1:65249]' for 'POST' to 'http://localhost:65249/session/37a632245f6107036c08731d76a52a21/element'
18:00:52.115 [Forwarding findElement on session 37a632245f6107036c08731d76a52a21 to remote] DEBUG org.asynchttpclient.netty.request.NettyRequestSender - Using open Channel [id: 0x51f1f9e8, L:/127.0.0.1:59215 - R:localhost/127.0.0.1:65249] for POST '/session/37a632245f6107036c08731d76a52a21/element'
18:00:52.124 [AsyncHttpClient-1-2] DEBUG org.asynchttpclient.netty.handler.HttpHandler - 

Request DefaultHttpRequest(decodeResult: success, version: HTTP/1.1)
POST /session/37a632245f6107036c08731d76a52a21/element HTTP/1.1
User-Agent: selenium/4.4.0 (java windows)
Content-Length: 64
Content-Type: application/json; charset=utf-8
host: localhost:65249
accept: */*

Response DefaultHttpResponse(decodeResult: success, version: HTTP/1.1)
HTTP/1.1 200 OK
Content-Type: application/json; charset=utf-8
cache-control: no-cache
content-length: 88

18:00:52.124 [AsyncHttpClient-1-2] DEBUG org.asynchttpclient.netty.channel.ChannelManager - Adding key: http://localhost:65249 for channel [id: 0x51f1f9e8, L:/127.0.0.1:59215 - R:localhost/127.0.0.1:65249]
18:00:52.126 [Forwarding isElementDisplayed on session 37a632245f6107036c08731d76a52a21 to remote] DEBUG org.asynchttpclient.netty.request.NettyRequestSender - Using pooled Channel '[id: 0x51f1f9e8, L:/127.0.0.1:59215 - R:localhost/127.0.0.1:65249]' for 'POST' to 'http://localhost:65249/session/37a632245f6107036c08731d76a52a21/execute/sync'
18:00:52.126 [Forwarding isElementDisplayed on session 37a632245f6107036c08731d76a52a21 to remote] DEBUG org.asynchttpclient.netty.request.NettyRequestSender - Using open Channel [id: 0x51f1f9e8, L:/127.0.0.1:59215 - R:localhost/127.0.0.1:65249] for POST '/session/37a632245f6107036c08731d76a52a21/execute/sync'
18:00:52.134 [AsyncHttpClient-1-2] DEBUG org.asynchttpclient.netty.handler.HttpHandler - 

Request DefaultHttpRequest(decodeResult: success, version: HTTP/1.1)
POST /session/37a632245f6107036c08731d76a52a21/execute/sync HTTP/1.1
User-Agent: selenium/4.4.0 (java windows)
Content-Length: 48780
Content-Type: application/json; charset=utf-8
host: localhost:65249
accept: */*

Response DefaultHttpResponse(decodeResult: success, version: HTTP/1.1)
HTTP/1.1 200 OK
Content-Type: application/json; charset=utf-8
cache-control: no-cache
content-length: 14

18:00:52.134 [AsyncHttpClient-1-2] DEBUG org.asynchttpclient.netty.channel.ChannelManager - Adding key: http://localhost:65249 for channel [id: 0x51f1f9e8, L:/127.0.0.1:59215 - R:localhost/127.0.0.1:65249]
18:00:52.135 [Forwarding clickElement on session 37a632245f6107036c08731d76a52a21 to remote] DEBUG org.asynchttpclient.netty.request.NettyRequestSender - Using pooled Channel '[id: 0x51f1f9e8, L:/127.0.0.1:59215 - R:localhost/127.0.0.1:65249]' for 'POST' to 'http://localhost:65249/session/37a632245f6107036c08731d76a52a21/element/f897ddc2-380f-48f9-b130-a74f88bf01bc/click'
18:00:52.135 [Forwarding clickElement on session 37a632245f6107036c08731d76a52a21 to remote] DEBUG org.asynchttpclient.netty.request.NettyRequestSender - Using open Channel [id: 0x51f1f9e8, L:/127.0.0.1:59215 - R:localhost/127.0.0.1:65249] for POST '/session/37a632245f6107036c08731d76a52a21/element/f897ddc2-380f-48f9-b130-a74f88bf01bc/click'
18:00:52.538 [AsyncHttpClient-1-2] DEBUG org.asynchttpclient.netty.handler.HttpHandler - 

Request DefaultHttpRequest(decodeResult: success, version: HTTP/1.1)
POST /session/37a632245f6107036c08731d76a52a21/element/f897ddc2-380f-48f9-b130-a74f88bf01bc/click HTTP/1.1
User-Agent: selenium/4.4.0 (java windows)
Content-Length: 50
Content-Type: application/json; charset=utf-8
host: localhost:65249
accept: */*

Response DefaultHttpResponse(decodeResult: success, version: HTTP/1.1)
HTTP/1.1 200 OK
Content-Type: application/json; charset=utf-8
cache-control: no-cache
content-length: 14

18:00:52.538 [AsyncHttpClient-1-2] DEBUG org.asynchttpclient.netty.channel.ChannelManager - Adding key: http://localhost:65249 for channel [id: 0x51f1f9e8, L:/127.0.0.1:59215 - R:localhost/127.0.0.1:65249]
18:00:52.541 [Forwarding getCurrentWindowHandle on session 37a632245f6107036c08731d76a52a21 to remote] DEBUG org.asynchttpclient.netty.request.NettyRequestSender - Using pooled Channel '[id: 0x51f1f9e8, L:/127.0.0.1:59215 - R:localhost/127.0.0.1:65249]' for 'GET' to 'http://localhost:65249/session/37a632245f6107036c08731d76a52a21/window'
18:00:52.541 [Forwarding getCurrentWindowHandle on session 37a632245f6107036c08731d76a52a21 to remote] DEBUG org.asynchttpclient.netty.request.NettyRequestSender - Using open Channel [id: 0x51f1f9e8, L:/127.0.0.1:59215 - R:localhost/127.0.0.1:65249] for GET '/session/37a632245f6107036c08731d76a52a21/window'
18:00:52.542 [AsyncHttpClient-1-2] DEBUG org.asynchttpclient.netty.handler.HttpHandler - 

Request DefaultFullHttpRequest(decodeResult: success, version: HTTP/1.1, content: EmptyByteBufBE)
GET /session/37a632245f6107036c08731d76a52a21/window HTTP/1.1
User-Agent: selenium/4.4.0 (java windows)
Cache-Control: no-cache
Content-Type: application/json; charset=utf-8
host: localhost:65249
accept: */*

Response DefaultHttpResponse(decodeResult: success, version: HTTP/1.1)
HTTP/1.1 200 OK
Content-Type: application/json; charset=utf-8
cache-control: no-cache
content-length: 53

18:00:52.542 [AsyncHttpClient-1-2] DEBUG org.asynchttpclient.netty.channel.ChannelManager - Adding key: http://localhost:65249 for channel [id: 0x51f1f9e8, L:/127.0.0.1:59215 - R:localhost/127.0.0.1:65249]
18:00:52.543 [Forwarding getAlertText on session 37a632245f6107036c08731d76a52a21 to remote] DEBUG org.asynchttpclient.netty.request.NettyRequestSender - Using pooled Channel '[id: 0x51f1f9e8, L:/127.0.0.1:59215 - R:localhost/127.0.0.1:65249]' for 'GET' to 'http://localhost:65249/session/37a632245f6107036c08731d76a52a21/alert/text'
18:00:52.543 [Forwarding getAlertText on session 37a632245f6107036c08731d76a52a21 to remote] DEBUG org.asynchttpclient.netty.request.NettyRequestSender - Using open Channel [id: 0x51f1f9e8, L:/127.0.0.1:59215 - R:localhost/127.0.0.1:65249] for GET '/session/37a632245f6107036c08731d76a52a21/alert/text'
18:00:52.549 [AsyncHttpClient-1-2] DEBUG org.asynchttpclient.netty.handler.HttpHandler - 

Request DefaultFullHttpRequest(decodeResult: success, version: HTTP/1.1, content: EmptyByteBufBE)
GET /session/37a632245f6107036c08731d76a52a21/alert/text HTTP/1.1
User-Agent: selenium/4.4.0 (java windows)
Cache-Control: no-cache
Content-Type: application/json; charset=utf-8
host: localhost:65249
accept: */*

Response DefaultHttpResponse(decodeResult: success, version: HTTP/1.1)
HTTP/1.1 404 Not Found
Content-Type: application/json; charset=utf-8
cache-control: no-cache
content-length: 835

18:00:52.549 [AsyncHttpClient-1-2] DEBUG org.asynchttpclient.netty.channel.ChannelManager - Adding key: http://localhost:65249 for channel [id: 0x51f1f9e8, L:/127.0.0.1:59215 - R:localhost/127.0.0.1:65249]
18:00:52.551 [Forwarding switchToWindow on session 37a632245f6107036c08731d76a52a21 to remote] DEBUG org.asynchttpclient.netty.request.NettyRequestSender - Using pooled Channel '[id: 0x51f1f9e8, L:/127.0.0.1:59215 - R:localhost/127.0.0.1:65249]' for 'POST' to 'http://localhost:65249/session/37a632245f6107036c08731d76a52a21/window'
18:00:52.551 [Forwarding switchToWindow on session 37a632245f6107036c08731d76a52a21 to remote] DEBUG org.asynchttpclient.netty.request.NettyRequestSender - Using open Channel [id: 0x51f1f9e8, L:/127.0.0.1:59215 - R:localhost/127.0.0.1:65249] for POST '/session/37a632245f6107036c08731d76a52a21/window'
18:00:52.553 [AsyncHttpClient-1-2] DEBUG org.asynchttpclient.netty.handler.HttpHandler - 

Request DefaultHttpRequest(decodeResult: success, version: HTTP/1.1)
POST /session/37a632245f6107036c08731d76a52a21/window HTTP/1.1
User-Agent: selenium/4.4.0 (java windows)
Content-Length: 59
Content-Type: application/json; charset=utf-8
host: localhost:65249
accept: */*

Response DefaultHttpResponse(decodeResult: success, version: HTTP/1.1)
HTTP/1.1 200 OK
Content-Type: application/json; charset=utf-8
cache-control: no-cache
content-length: 14

18:00:52.553 [AsyncHttpClient-1-2] DEBUG org.asynchttpclient.netty.channel.ChannelManager - Adding key: http://localhost:65249 for channel [id: 0x51f1f9e8, L:/127.0.0.1:59215 - R:localhost/127.0.0.1:65249]
18:00:52.553 [Forwarding getCurrentUrl on session 37a632245f6107036c08731d76a52a21 to remote] DEBUG org.asynchttpclient.netty.request.NettyRequestSender - Using pooled Channel '[id: 0x51f1f9e8, L:/127.0.0.1:59215 - R:localhost/127.0.0.1:65249]' for 'GET' to 'http://localhost:65249/session/37a632245f6107036c08731d76a52a21/url'
18:00:52.553 [Forwarding getCurrentUrl on session 37a632245f6107036c08731d76a52a21 to remote] DEBUG org.asynchttpclient.netty.request.NettyRequestSender - Using open Channel [id: 0x51f1f9e8, L:/127.0.0.1:59215 - R:localhost/127.0.0.1:65249] for GET '/session/37a632245f6107036c08731d76a52a21/url'
18:00:52.561 [AsyncHttpClient-1-2] DEBUG org.asynchttpclient.netty.handler.HttpHandler - 

Request DefaultFullHttpRequest(decodeResult: success, version: HTTP/1.1, content: EmptyByteBufBE)
GET /session/37a632245f6107036c08731d76a52a21/url HTTP/1.1
User-Agent: selenium/4.4.0 (java windows)
Cache-Control: no-cache
Content-Type: application/json; charset=utf-8
host: localhost:65249
accept: */*

Response DefaultHttpResponse(decodeResult: success, version: HTTP/1.1)
HTTP/1.1 200 OK
Content-Type: application/json; charset=utf-8
cache-control: no-cache
content-length: 47

18:00:52.561 [AsyncHttpClient-1-2] DEBUG org.asynchttpclient.netty.channel.ChannelManager - Adding key: http://localhost:65249 for channel [id: 0x51f1f9e8, L:/127.0.0.1:59215 - R:localhost/127.0.0.1:65249]
18:00:52.562 [Forwarding screenshot on session 37a632245f6107036c08731d76a52a21 to remote] DEBUG org.asynchttpclient.netty.request.NettyRequestSender - Using pooled Channel '[id: 0x51f1f9e8, L:/127.0.0.1:59215 - R:localhost/127.0.0.1:65249]' for 'GET' to 'http://localhost:65249/session/37a632245f6107036c08731d76a52a21/screenshot'
18:00:52.562 [Forwarding screenshot on session 37a632245f6107036c08731d76a52a21 to remote] DEBUG org.asynchttpclient.netty.request.NettyRequestSender - Using open Channel [id: 0x51f1f9e8, L:/127.0.0.1:59215 - R:localhost/127.0.0.1:65249] for GET '/session/37a632245f6107036c08731d76a52a21/screenshot'
18:00:52.566 [AsyncHttpClient-1-1] DEBUG org.asynchttpclient.netty.channel.DefaultChannelPool - Entry count for : http://localhost:59216 : 1
18:00:52.704 [AsyncHttpClient-1-2] DEBUG org.asynchttpclient.netty.handler.HttpHandler - 

Request DefaultFullHttpRequest(decodeResult: success, version: HTTP/1.1, content: EmptyByteBufBE)
GET /session/37a632245f6107036c08731d76a52a21/screenshot HTTP/1.1
User-Agent: selenium/4.4.0 (java windows)
Cache-Control: no-cache
Content-Type: application/json; charset=utf-8
host: localhost:65249
accept: */*

Response DefaultHttpResponse(decodeResult: success, version: HTTP/1.1)
HTTP/1.1 200 OK
Content-Type: application/json; charset=utf-8
cache-control: no-cache
content-length: 252264

18:00:52.705 [AsyncHttpClient-1-2] DEBUG org.asynchttpclient.netty.channel.ChannelManager - Adding key: http://localhost:65249 for channel [id: 0x51f1f9e8, L:/127.0.0.1:59215 - R:localhost/127.0.0.1:65249]
18:00:52.708 [main] DEBUG net.serenitybdd.core.photography.Darkroom - Send negative for processing for target\site\serenity\9764e588c45434737c9123f2124f2c529fc36d22c6b65f5f170e282bd077b511.png
18:00:52.708 [main] DEBUG net.thucydides.core.steps.StepInterceptor - STEP DONE: cliko en la cart
  &amp#27;[32mWhen &amp#27;[0m&amp#27;[32mvoy a la cesta&amp#27;[0m                                              &amp#27;[90m# Step.ComprobarCestaStep.voy_a_la_cesta()&amp#27;[0m
18:00:52.709 [Darkroom Processing Line] DEBUG net.serenitybdd.core.photography.DarkroomProcessingLine - Processing screenshot image in /var/screenshots/screenshot-1261290800657919013
18:00:52.709 [Darkroom Processing Line] DEBUG net.serenitybdd.core.photography.DarkroomProcessingLine - Saving screenshot to target\site\serenity\9764e588c45434737c9123f2124f2c529fc36d22c6b65f5f170e282bd077b511.png
18:00:52.714 [Forwarding getPageSource on session 37a632245f6107036c08731d76a52a21 to remote] DEBUG org.asynchttpclient.netty.request.NettyRequestSender - Using pooled Channel '[id: 0x51f1f9e8, L:/127.0.0.1:59215 - R:localhost/127.0.0.1:65249]' for 'POST' to 'http://localhost:65249/session/37a632245f6107036c08731d76a52a21/execute/sync'
18:00:52.714 [Forwarding getPageSource on session 37a632245f6107036c08731d76a52a21 to remote] DEBUG org.asynchttpclient.netty.request.NettyRequestSender - Using open Channel [id: 0x51f1f9e8, L:/127.0.0.1:59215 - R:localhost/127.0.0.1:65249] for POST '/session/37a632245f6107036c08731d76a52a21/execute/sync'
18:00:52.722 [AsyncHttpClient-1-2] DEBUG org.asynchttpclient.netty.handler.HttpHandler - 

Request DefaultHttpRequest(decodeResult: success, version: HTTP/1.1)
POST /session/37a632245f6107036c08731d76a52a21/execute/sync HTTP/1.1
User-Agent: selenium/4.4.0 (java windows)
Content-Length: 176
Content-Type: application/json; charset=utf-8
host: localhost:65249
accept: */*

Response DefaultHttpResponse(decodeResult: success, version: HTTP/1.1)
HTTP/1.1 200 OK
Content-Type: application/json; charset=utf-8
cache-control: no-cache
content-length: 56818

18:00:52.722 [AsyncHttpClient-1-2] DEBUG org.asynchttpclient.netty.channel.ChannelManager - Adding key: http://localhost:65249 for channel [id: 0x51f1f9e8, L:/127.0.0.1:59215 - R:localhost/127.0.0.1:65249]
18:00:52.726 [Forwarding getCurrentUrl on session 37a632245f6107036c08731d76a52a21 to remote] DEBUG org.asynchttpclient.netty.request.NettyRequestSender - Using pooled Channel '[id: 0x51f1f9e8, L:/127.0.0.1:59215 - R:localhost/127.0.0.1:65249]' for 'GET' to 'http://localhost:65249/session/37a632245f6107036c08731d76a52a21/url'
18:00:52.726 [Forwarding getCurrentUrl on session 37a632245f6107036c08731d76a52a21 to remote] DEBUG org.asynchttpclient.netty.request.NettyRequestSender - Using open Channel [id: 0x51f1f9e8, L:/127.0.0.1:59215 - R:localhost/127.0.0.1:65249] for GET '/session/37a632245f6107036c08731d76a52a21/url'
18:00:52.732 [AsyncHttpClient-1-2] DEBUG org.asynchttpclient.netty.handler.HttpHandler - 

Request DefaultFullHttpRequest(decodeResult: success, version: HTTP/1.1, content: EmptyByteBufBE)
GET /session/37a632245f6107036c08731d76a52a21/url HTTP/1.1
User-Agent: selenium/4.4.0 (java windows)
Cache-Control: no-cache
Content-Type: application/json; charset=utf-8
host: localhost:65249
accept: */*

Response DefaultHttpResponse(decodeResult: success, version: HTTP/1.1)
HTTP/1.1 200 OK
Content-Type: application/json; charset=utf-8
cache-control: no-cache
content-length: 47

18:00:52.732 [AsyncHttpClient-1-2] DEBUG org.asynchttpclient.netty.channel.ChannelManager - Adding key: http://localhost:65249 for channel [id: 0x51f1f9e8, L:/127.0.0.1:59215 - R:localhost/127.0.0.1:65249]
18:00:52.739 [Forwarding findElement on session 37a632245f6107036c08731d76a52a21 to remote] DEBUG org.asynchttpclient.netty.request.NettyRequestSender - Using pooled Channel '[id: 0x51f1f9e8, L:/127.0.0.1:59215 - R:localhost/127.0.0.1:65249]' for 'POST' to 'http://localhost:65249/session/37a632245f6107036c08731d76a52a21/element'
18:00:52.739 [Forwarding findElement on session 37a632245f6107036c08731d76a52a21 to remote] DEBUG org.asynchttpclient.netty.request.NettyRequestSender - Using open Channel [id: 0x51f1f9e8, L:/127.0.0.1:59215 - R:localhost/127.0.0.1:65249] for POST '/session/37a632245f6107036c08731d76a52a21/element'
18:00:52.747 [AsyncHttpClient-1-2] DEBUG org.asynchttpclient.netty.handler.HttpHandler - 

Request DefaultHttpRequest(decodeResult: success, version: HTTP/1.1)
POST /session/37a632245f6107036c08731d76a52a21/element HTTP/1.1
User-Agent: selenium/4.4.0 (java windows)
Content-Length: 54
Content-Type: application/json; charset=utf-8
host: localhost:65249
accept: */*

Response DefaultHttpResponse(decodeResult: success, version: HTTP/1.1)
HTTP/1.1 200 OK
Content-Type: application/json; charset=utf-8
cache-control: no-cache
content-length: 88

18:00:52.747 [AsyncHttpClient-1-2] DEBUG org.asynchttpclient.netty.channel.ChannelManager - Adding key: http://localhost:65249 for channel [id: 0x51f1f9e8, L:/127.0.0.1:59215 - R:localhost/127.0.0.1:65249]
18:00:52.749 [Forwarding isElementDisplayed on session 37a632245f6107036c08731d76a52a21 to remote] DEBUG org.asynchttpclient.netty.request.NettyRequestSender - Using pooled Channel '[id: 0x51f1f9e8, L:/127.0.0.1:59215 - R:localhost/127.0.0.1:65249]' for 'POST' to 'http://localhost:65249/session/37a632245f6107036c08731d76a52a21/execute/sync'
18:00:52.749 [Forwarding isElementDisplayed on session 37a632245f6107036c08731d76a52a21 to remote] DEBUG org.asynchttpclient.netty.request.NettyRequestSender - Using open Channel [id: 0x51f1f9e8, L:/127.0.0.1:59215 - R:localhost/127.0.0.1:65249] for POST '/session/37a632245f6107036c08731d76a52a21/execute/sync'
18:00:52.756 [AsyncHttpClient-1-2] DEBUG org.asynchttpclient.netty.handler.HttpHandler - 

Request DefaultHttpRequest(decodeResult: success, version: HTTP/1.1)
POST /session/37a632245f6107036c08731d76a52a21/execute/sync HTTP/1.1
User-Agent: selenium/4.4.0 (java windows)
Content-Length: 48780
Content-Type: application/json; charset=utf-8
host: localhost:65249
accept: */*

Response DefaultHttpResponse(decodeResult: success, version: HTTP/1.1)
HTTP/1.1 200 OK
Content-Type: application/json; charset=utf-8
cache-control: no-cache
content-length: 14

18:00:52.756 [AsyncHttpClient-1-2] DEBUG org.asynchttpclient.netty.channel.ChannelManager - Adding key: http://localhost:65249 for channel [id: 0x51f1f9e8, L:/127.0.0.1:59215 - R:localhost/127.0.0.1:65249]
18:00:52.758 [Forwarding isElementDisplayed on session 37a632245f6107036c08731d76a52a21 to remote] DEBUG org.asynchttpclient.netty.request.NettyRequestSender - Using pooled Channel '[id: 0x51f1f9e8, L:/127.0.0.1:59215 - R:localhost/127.0.0.1:65249]' for 'POST' to 'http://localhost:65249/session/37a632245f6107036c08731d76a52a21/execute/sync'
18:00:52.758 [Forwarding isElementDisplayed on session 37a632245f6107036c08731d76a52a21 to remote] DEBUG org.asynchttpclient.netty.request.NettyRequestSender - Using open Channel [id: 0x51f1f9e8, L:/127.0.0.1:59215 - R:localhost/127.0.0.1:65249] for POST '/session/37a632245f6107036c08731d76a52a21/execute/sync'
18:00:52.763 [AsyncHttpClient-1-2] DEBUG org.asynchttpclient.netty.handler.HttpHandler - 

Request DefaultHttpRequest(decodeResult: success, version: HTTP/1.1)
POST /session/37a632245f6107036c08731d76a52a21/execute/sync HTTP/1.1
User-Agent: selenium/4.4.0 (java windows)
Content-Length: 48780
Content-Type: application/json; charset=utf-8
host: localhost:65249
accept: */*

Response DefaultHttpResponse(decodeResult: success, version: HTTP/1.1)
HTTP/1.1 200 OK
Content-Type: application/json; charset=utf-8
cache-control: no-cache
content-length: 14

18:00:52.763 [AsyncHttpClient-1-2] DEBUG org.asynchttpclient.netty.channel.ChannelManager - Adding key: http://localhost:65249 for channel [id: 0x51f1f9e8, L:/127.0.0.1:59215 - R:localhost/127.0.0.1:65249]
18:00:52.765 [Forwarding findElements on session 37a632245f6107036c08731d76a52a21 to remote] DEBUG org.asynchttpclient.netty.request.NettyRequestSender - Using pooled Channel '[id: 0x51f1f9e8, L:/127.0.0.1:59215 - R:localhost/127.0.0.1:65249]' for 'POST' to 'http://localhost:65249/session/37a632245f6107036c08731d76a52a21/elements'
18:00:52.765 [Forwarding findElements on session 37a632245f6107036c08731d76a52a21 to remote] DEBUG org.asynchttpclient.netty.request.NettyRequestSender - Using open Channel [id: 0x51f1f9e8, L:/127.0.0.1:59215 - R:localhost/127.0.0.1:65249] for POST '/session/37a632245f6107036c08731d76a52a21/elements'
18:00:53.150 [AsyncHttpClient-1-2] DEBUG org.asynchttpclient.netty.handler.HttpHandler - 

Request DefaultHttpRequest(decodeResult: success, version: HTTP/1.1)
POST /session/37a632245f6107036c08731d76a52a21/elements HTTP/1.1
User-Agent: selenium/4.4.0 (java windows)
Content-Length: 73
Content-Type: application/json; charset=utf-8
host: localhost:65249
accept: */*

Response DefaultHttpResponse(decodeResult: success, version: HTTP/1.1)
HTTP/1.1 200 OK
Content-Type: application/json; charset=utf-8
cache-control: no-cache
content-length: 90

18:00:53.150 [AsyncHttpClient-1-2] DEBUG org.asynchttpclient.netty.channel.ChannelManager - Adding key: http://localhost:65249 for channel [id: 0x51f1f9e8, L:/127.0.0.1:59215 - R:localhost/127.0.0.1:65249]
18:00:53.151 [Forwarding getElementText on session 37a632245f6107036c08731d76a52a21 to remote] DEBUG org.asynchttpclient.netty.request.NettyRequestSender - Using pooled Channel '[id: 0x51f1f9e8, L:/127.0.0.1:59215 - R:localhost/127.0.0.1:65249]' for 'GET' to 'http://localhost:65249/session/37a632245f6107036c08731d76a52a21/element/8f20160d-325b-4ed9-9b79-2796d6b4c296/text'
18:00:53.151 [Forwarding getElementText on session 37a632245f6107036c08731d76a52a21 to remote] DEBUG org.asynchttpclient.netty.request.NettyRequestSender - Using open Channel [id: 0x51f1f9e8, L:/127.0.0.1:59215 - R:localhost/127.0.0.1:65249] for GET '/session/37a632245f6107036c08731d76a52a21/element/8f20160d-325b-4ed9-9b79-2796d6b4c296/text'
18:00:53.160 [AsyncHttpClient-1-2] DEBUG org.asynchttpclient.netty.handler.HttpHandler - 

Request DefaultFullHttpRequest(decodeResult: success, version: HTTP/1.1, content: EmptyByteBufBE)
GET /session/37a632245f6107036c08731d76a52a21/element/8f20160d-325b-4ed9-9b79-2796d6b4c296/text HTTP/1.1
User-Agent: selenium/4.4.0 (java windows)
Cache-Control: no-cache
Content-Type: application/json; charset=utf-8
host: localhost:65249
accept: */*

Response DefaultHttpResponse(decodeResult: success, version: HTTP/1.1)
HTTP/1.1 200 OK
Content-Type: application/json; charset=utf-8
cache-control: no-cache
content-length: 29

18:00:53.160 [AsyncHttpClient-1-2] DEBUG org.asynchttpclient.netty.channel.ChannelManager - Adding key: http://localhost:65249 for channel [id: 0x51f1f9e8, L:/127.0.0.1:59215 - R:localhost/127.0.0.1:65249]
18:00:53.162 [Forwarding screenshot on session 37a632245f6107036c08731d76a52a21 to remote] DEBUG org.asynchttpclient.netty.request.NettyRequestSender - Using pooled Channel '[id: 0x51f1f9e8, L:/127.0.0.1:59215 - R:localhost/127.0.0.1:65249]' for 'GET' to 'http://localhost:65249/session/37a632245f6107036c08731d76a52a21/screenshot'
18:00:53.162 [Forwarding screenshot on session 37a632245f6107036c08731d76a52a21 to remote] DEBUG org.asynchttpclient.netty.request.NettyRequestSender - Using open Channel [id: 0x51f1f9e8, L:/127.0.0.1:59215 - R:localhost/127.0.0.1:65249] for GET '/session/37a632245f6107036c08731d76a52a21/screenshot'
18:00:53.309 [AsyncHttpClient-1-2] DEBUG org.asynchttpclient.netty.handler.HttpHandler - 

Request DefaultFullHttpRequest(decodeResult: success, version: HTTP/1.1, content: EmptyByteBufBE)
GET /session/37a632245f6107036c08731d76a52a21/screenshot HTTP/1.1
User-Agent: selenium/4.4.0 (java windows)
Cache-Control: no-cache
Content-Type: application/json; charset=utf-8
host: localhost:65249
accept: */*

Response DefaultHttpResponse(decodeResult: success, version: HTTP/1.1)
HTTP/1.1 200 OK
Content-Type: application/json; charset=utf-8
cache-control: no-cache
content-length: 283908

18:00:53.310 [AsyncHttpClient-1-2] DEBUG org.asynchttpclient.netty.channel.ChannelManager - Adding key: http://localhost:65249 for channel [id: 0x51f1f9e8, L:/127.0.0.1:59215 - R:localhost/127.0.0.1:65249]
  &amp#27;[32mThen &amp#27;[0m&amp#27;[32mcombruebo que el telefono &amp#27;[0m&amp#27;[32m&amp#27;[1m"Samsung galaxy s6"&amp#27;[0m&amp#27;[32m se ha anadido&amp#27;[0m &amp#27;[90m# Step.ComprobarCestaStep.combruebo_que_el_telefono_se_ha_anadido(java.lang.String)&amp#27;[0m
18:00:53.321 [Forwarding getCurrentWindowHandle on session 37a632245f6107036c08731d76a52a21 to remote] DEBUG org.asynchttpclient.netty.request.NettyRequestSender - Using pooled Channel '[id: 0x51f1f9e8, L:/127.0.0.1:59215 - R:localhost/127.0.0.1:65249]' for 'GET' to 'http://localhost:65249/session/37a632245f6107036c08731d76a52a21/window'
18:00:53.321 [Forwarding getCurrentWindowHandle on session 37a632245f6107036c08731d76a52a21 to remote] DEBUG org.asynchttpclient.netty.request.NettyRequestSender - Using open Channel [id: 0x51f1f9e8, L:/127.0.0.1:59215 - R:localhost/127.0.0.1:65249] for GET '/session/37a632245f6107036c08731d76a52a21/window'
18:00:53.322 [AsyncHttpClient-1-2] DEBUG org.asynchttpclient.netty.handler.HttpHandler - 

Request DefaultFullHttpRequest(decodeResult: success, version: HTTP/1.1, content: EmptyByteBufBE)
GET /session/37a632245f6107036c08731d76a52a21/window HTTP/1.1
User-Agent: selenium/4.4.0 (java windows)
Cache-Control: no-cache
Content-Type: application/json; charset=utf-8
host: localhost:65249
accept: */*

Response DefaultHttpResponse(decodeResult: success, version: HTTP/1.1)
HTTP/1.1 200 OK
Content-Type: application/json; charset=utf-8
cache-control: no-cache
content-length: 53

18:00:53.322 [AsyncHttpClient-1-2] DEBUG org.asynchttpclient.netty.channel.ChannelManager - Adding key: http://localhost:65249 for channel [id: 0x51f1f9e8, L:/127.0.0.1:59215 - R:localhost/127.0.0.1:65249]
18:00:53.323 [Forwarding getAlertText on session 37a632245f6107036c08731d76a52a21 to remote] DEBUG org.asynchttpclient.netty.request.NettyRequestSender - Using pooled Channel '[id: 0x51f1f9e8, L:/127.0.0.1:59215 - R:localhost/127.0.0.1:65249]' for 'GET' to 'http://localhost:65249/session/37a632245f6107036c08731d76a52a21/alert/text'
18:00:53.323 [Forwarding getAlertText on session 37a632245f6107036c08731d76a52a21 to remote] DEBUG org.asynchttpclient.netty.request.NettyRequestSender - Using open Channel [id: 0x51f1f9e8, L:/127.0.0.1:59215 - R:localhost/127.0.0.1:65249] for GET '/session/37a632245f6107036c08731d76a52a21/alert/text'
18:00:53.325 [AsyncHttpClient-1-2] DEBUG org.asynchttpclient.netty.handler.HttpHandler - 

Request DefaultFullHttpRequest(decodeResult: success, version: HTTP/1.1, content: EmptyByteBufBE)
GET /session/37a632245f6107036c08731d76a52a21/alert/text HTTP/1.1
User-Agent: selenium/4.4.0 (java windows)
Cache-Control: no-cache
Content-Type: application/json; charset=utf-8
host: localhost:65249
accept: */*

Response DefaultHttpResponse(decodeResult: success, version: HTTP/1.1)
HTTP/1.1 404 Not Found
Content-Type: application/json; charset=utf-8
cache-control: no-cache
content-length: 835

18:00:53.325 [AsyncHttpClient-1-2] DEBUG org.asynchttpclient.netty.channel.ChannelManager - Adding key: http://localhost:65249 for channel [id: 0x51f1f9e8, L:/127.0.0.1:59215 - R:localhost/127.0.0.1:65249]
18:00:53.327 [Forwarding switchToWindow on session 37a632245f6107036c08731d76a52a21 to remote] DEBUG org.asynchttpclient.netty.request.NettyRequestSender - Using pooled Channel '[id: 0x51f1f9e8, L:/127.0.0.1:59215 - R:localhost/127.0.0.1:65249]' for 'POST' to 'http://localhost:65249/session/37a632245f6107036c08731d76a52a21/window'
18:00:53.327 [Forwarding switchToWindow on session 37a632245f6107036c08731d76a52a21 to remote] DEBUG org.asynchttpclient.netty.request.NettyRequestSender - Using open Channel [id: 0x51f1f9e8, L:/127.0.0.1:59215 - R:localhost/127.0.0.1:65249] for POST '/session/37a632245f6107036c08731d76a52a21/window'
18:00:53.329 [AsyncHttpClient-1-2] DEBUG org.asynchttpclient.netty.handler.HttpHandler - 

Request DefaultHttpRequest(decodeResult: success, version: HTTP/1.1)
POST /session/37a632245f6107036c08731d76a52a21/window HTTP/1.1
User-Agent: selenium/4.4.0 (java windows)
Content-Length: 59
Content-Type: application/json; charset=utf-8
host: localhost:65249
accept: */*

Response DefaultHttpResponse(decodeResult: success, version: HTTP/1.1)
HTTP/1.1 200 OK
Content-Type: application/json; charset=utf-8
cache-control: no-cache
content-length: 14

18:00:53.329 [AsyncHttpClient-1-2] DEBUG org.asynchttpclient.netty.channel.ChannelManager - Adding key: http://localhost:65249 for channel [id: 0x51f1f9e8, L:/127.0.0.1:59215 - R:localhost/127.0.0.1:65249]
18:00:53.331 [Forwarding getCurrentUrl on session 37a632245f6107036c08731d76a52a21 to remote] DEBUG org.asynchttpclient.netty.request.NettyRequestSender - Using pooled Channel '[id: 0x51f1f9e8, L:/127.0.0.1:59215 - R:localhost/127.0.0.1:65249]' for 'GET' to 'http://localhost:65249/session/37a632245f6107036c08731d76a52a21/url'
18:00:53.331 [Forwarding getCurrentUrl on session 37a632245f6107036c08731d76a52a21 to remote] DEBUG org.asynchttpclient.netty.request.NettyRequestSender - Using open Channel [id: 0x51f1f9e8, L:/127.0.0.1:59215 - R:localhost/127.0.0.1:65249] for GET '/session/37a632245f6107036c08731d76a52a21/url'
18:00:53.333 [AsyncHttpClient-1-2] DEBUG org.asynchttpclient.netty.handler.HttpHandler - 

Request DefaultFullHttpRequest(decodeResult: success, version: HTTP/1.1, content: EmptyByteBufBE)
GET /session/37a632245f6107036c08731d76a52a21/url HTTP/1.1
User-Agent: selenium/4.4.0 (java windows)
Cache-Control: no-cache
Content-Type: application/json; charset=utf-8
host: localhost:65249
accept: */*

Response DefaultHttpResponse(decodeResult: success, version: HTTP/1.1)
HTTP/1.1 200 OK
Content-Type: application/json; charset=utf-8
cache-control: no-cache
content-length: 47

18:00:53.333 [AsyncHttpClient-1-2] DEBUG org.asynchttpclient.netty.channel.ChannelManager - Adding key: http://localhost:65249 for channel [id: 0x51f1f9e8, L:/127.0.0.1:59215 - R:localhost/127.0.0.1:65249]
18:00:53.334 [Forwarding screenshot on session 37a632245f6107036c08731d76a52a21 to remote] DEBUG org.asynchttpclient.netty.request.NettyRequestSender - Using pooled Channel '[id: 0x51f1f9e8, L:/127.0.0.1:59215 - R:localhost/127.0.0.1:65249]' for 'GET' to 'http://localhost:65249/session/37a632245f6107036c08731d76a52a21/screenshot'
18:00:53.334 [Forwarding screenshot on session 37a632245f6107036c08731d76a52a21 to remote] DEBUG org.asynchttpclient.netty.request.NettyRequestSender - Using open Channel [id: 0x51f1f9e8, L:/127.0.0.1:59215 - R:localhost/127.0.0.1:65249] for GET '/session/37a632245f6107036c08731d76a52a21/screenshot'
18:00:53.461 [AsyncHttpClient-1-2] DEBUG org.asynchttpclient.netty.handler.HttpHandler - 

Request DefaultFullHttpRequest(decodeResult: success, version: HTTP/1.1, content: EmptyByteBufBE)
GET /session/37a632245f6107036c08731d76a52a21/screenshot HTTP/1.1
User-Agent: selenium/4.4.0 (java windows)
Cache-Control: no-cache
Content-Type: application/json; charset=utf-8
host: localhost:65249
accept: */*

Response DefaultHttpResponse(decodeResult: success, version: HTTP/1.1)
HTTP/1.1 200 OK
Content-Type: application/json; charset=utf-8
cache-control: no-cache
content-length: 283908

18:00:53.462 [AsyncHttpClient-1-2] DEBUG org.asynchttpclient.netty.channel.ChannelManager - Adding key: http://localhost:65249 for channel [id: 0x51f1f9e8, L:/127.0.0.1:59215 - R:localhost/127.0.0.1:65249]
18:00:53.466 [main] DEBUG net.serenitybdd.core.photography.Darkroom - Send negative for processing for target\site\serenity\0cdd393996464ea27c7f9bab638868ce48c983287cc2317c3e7d9caba3cb17ab.png
18:00:53.466 [Darkroom Processing Line] DEBUG net.serenitybdd.core.photography.DarkroomProcessingLine - Processing screenshot image in /var/screenshots/screenshot-11601218133108225979
18:00:53.466 [Darkroom Processing Line] DEBUG net.serenitybdd.core.photography.DarkroomProcessingLine - Saving screenshot to target\site\serenity\0cdd393996464ea27c7f9bab638868ce48c983287cc2317c3e7d9caba3cb17ab.png
crear ruta ./Docu/@Cesta/@Cesta1.pdf
HA SIDO CREADA? true
vuelta 1 ./Docu/@Cesta/@Cesta
18:00:53.662 [AsyncHttpClient-1-1] DEBUG org.asynchttpclient.netty.channel.DefaultChannelPool - Entry count for : http://localhost:59216 : 1
18:00:53.662 [AsyncHttpClient-1-1] DEBUG org.asynchttpclient.netty.channel.DefaultChannelPool - Entry count for : http://localhost:65249 : 1
18:00:53.669 [main] WARN com.itextpdf.layout.renderer.RootRenderer - Element does not fit current area. 
18:00:53.691 [main] WARN com.itextpdf.layout.renderer.RootRenderer - Element does not fit current area. 
18:00:53.709 [main] WARN com.itextpdf.layout.renderer.RootRenderer - Element does not fit current area. 
18:00:53.728 [main] WARN com.itextpdf.layout.renderer.RootRenderer - Element does not fit current area. 
18:00:53.743 [main] WARN com.itextpdf.layout.renderer.RootRenderer - Element does not fit current area. 
18:00:53.843 [Forwarding getCurrentWindowHandle on session 37a632245f6107036c08731d76a52a21 to remote] DEBUG org.asynchttpclient.netty.request.NettyRequestSender - Using pooled Channel '[id: 0x51f1f9e8, L:/127.0.0.1:59215 - R:localhost/127.0.0.1:65249]' for 'GET' to 'http://localhost:65249/session/37a632245f6107036c08731d76a52a21/window'
18:00:53.843 [Forwarding getCurrentWindowHandle on session 37a632245f6107036c08731d76a52a21 to remote] DEBUG org.asynchttpclient.netty.request.NettyRequestSender - Using open Channel [id: 0x51f1f9e8, L:/127.0.0.1:59215 - R:localhost/127.0.0.1:65249] for GET '/session/37a632245f6107036c08731d76a52a21/window'
18:00:53.844 [AsyncHttpClient-1-2] DEBUG org.asynchttpclient.netty.handler.HttpHandler - 

Request DefaultFullHttpRequest(decodeResult: success, version: HTTP/1.1, content: EmptyByteBufBE)
GET /session/37a632245f6107036c08731d76a52a21/window HTTP/1.1
User-Agent: selenium/4.4.0 (java windows)
Cache-Control: no-cache
Content-Type: application/json; charset=utf-8
host: localhost:65249
accept: */*

Response DefaultHttpResponse(decodeResult: success, version: HTTP/1.1)
HTTP/1.1 200 OK
Content-Type: application/json; charset=utf-8
cache-control: no-cache
content-length: 53

18:00:53.844 [AsyncHttpClient-1-2] DEBUG org.asynchttpclient.netty.channel.ChannelManager - Adding key: http://localhost:65249 for channel [id: 0x51f1f9e8, L:/127.0.0.1:59215 - R:localhost/127.0.0.1:65249]
18:00:53.845 [Forwarding getAlertText on session 37a632245f6107036c08731d76a52a21 to remote] DEBUG org.asynchttpclient.netty.request.NettyRequestSender - Using pooled Channel '[id: 0x51f1f9e8, L:/127.0.0.1:59215 - R:localhost/127.0.0.1:65249]' for 'GET' to 'http://localhost:65249/session/37a632245f6107036c08731d76a52a21/alert/text'
18:00:53.845 [Forwarding getAlertText on session 37a632245f6107036c08731d76a52a21 to remote] DEBUG org.asynchttpclient.netty.request.NettyRequestSender - Using open Channel [id: 0x51f1f9e8, L:/127.0.0.1:59215 - R:localhost/127.0.0.1:65249] for GET '/session/37a632245f6107036c08731d76a52a21/alert/text'
18:00:53.846 [AsyncHttpClient-1-2] DEBUG org.asynchttpclient.netty.handler.HttpHandler - 

Request DefaultFullHttpRequest(decodeResult: success, version: HTTP/1.1, content: EmptyByteBufBE)
GET /session/37a632245f6107036c08731d76a52a21/alert/text HTTP/1.1
User-Agent: selenium/4.4.0 (java windows)
Cache-Control: no-cache
Content-Type: application/json; charset=utf-8
host: localhost:65249
accept: */*

Response DefaultHttpResponse(decodeResult: success, version: HTTP/1.1)
HTTP/1.1 404 Not Found
Content-Type: application/json; charset=utf-8
cache-control: no-cache
content-length: 835

18:00:53.846 [AsyncHttpClient-1-2] DEBUG org.asynchttpclient.netty.channel.ChannelManager - Adding key: http://localhost:65249 for channel [id: 0x51f1f9e8, L:/127.0.0.1:59215 - R:localhost/127.0.0.1:65249]
18:00:53.848 [Forwarding switchToWindow on session 37a632245f6107036c08731d76a52a21 to remote] DEBUG org.asynchttpclient.netty.request.NettyRequestSender - Using pooled Channel '[id: 0x51f1f9e8, L:/127.0.0.1:59215 - R:localhost/127.0.0.1:65249]' for 'POST' to 'http://localhost:65249/session/37a632245f6107036c08731d76a52a21/window'
18:00:53.848 [Forwarding switchToWindow on session 37a632245f6107036c08731d76a52a21 to remote] DEBUG org.asynchttpclient.netty.request.NettyRequestSender - Using open Channel [id: 0x51f1f9e8, L:/127.0.0.1:59215 - R:localhost/127.0.0.1:65249] for POST '/session/37a632245f6107036c08731d76a52a21/window'
18:00:53.849 [AsyncHttpClient-1-2] DEBUG org.asynchttpclient.netty.handler.HttpHandler - 

Request DefaultHttpRequest(decodeResult: success, version: HTTP/1.1)
POST /session/37a632245f6107036c08731d76a52a21/window HTTP/1.1
User-Agent: selenium/4.4.0 (java windows)
Content-Length: 59
Content-Type: application/json; charset=utf-8
host: localhost:65249
accept: */*

Response DefaultHttpResponse(decodeResult: success, version: HTTP/1.1)
HTTP/1.1 200 OK
Content-Type: application/json; charset=utf-8
cache-control: no-cache
content-length: 14

18:00:53.850 [AsyncHttpClient-1-2] DEBUG org.asynchttpclient.netty.channel.ChannelManager - Adding key: http://localhost:65249 for channel [id: 0x51f1f9e8, L:/127.0.0.1:59215 - R:localhost/127.0.0.1:65249]
18:00:53.850 [Forwarding getCurrentUrl on session 37a632245f6107036c08731d76a52a21 to remote] DEBUG org.asynchttpclient.netty.request.NettyRequestSender - Using pooled Channel '[id: 0x51f1f9e8, L:/127.0.0.1:59215 - R:localhost/127.0.0.1:65249]' for 'GET' to 'http://localhost:65249/session/37a632245f6107036c08731d76a52a21/url'
18:00:53.850 [Forwarding getCurrentUrl on session 37a632245f6107036c08731d76a52a21 to remote] DEBUG org.asynchttpclient.netty.request.NettyRequestSender - Using open Channel [id: 0x51f1f9e8, L:/127.0.0.1:59215 - R:localhost/127.0.0.1:65249] for GET '/session/37a632245f6107036c08731d76a52a21/url'
18:00:53.852 [AsyncHttpClient-1-2] DEBUG org.asynchttpclient.netty.handler.HttpHandler - 

Request DefaultFullHttpRequest(decodeResult: success, version: HTTP/1.1, content: EmptyByteBufBE)
GET /session/37a632245f6107036c08731d76a52a21/url HTTP/1.1
User-Agent: selenium/4.4.0 (java windows)
Cache-Control: no-cache
Content-Type: application/json; charset=utf-8
host: localhost:65249
accept: */*

Response DefaultHttpResponse(decodeResult: success, version: HTTP/1.1)
HTTP/1.1 200 OK
Content-Type: application/json; charset=utf-8
cache-control: no-cache
content-length: 47

18:00:53.853 [AsyncHttpClient-1-2] DEBUG org.asynchttpclient.netty.channel.ChannelManager - Adding key: http://localhost:65249 for channel [id: 0x51f1f9e8, L:/127.0.0.1:59215 - R:localhost/127.0.0.1:65249]
18:00:53.853 [Forwarding screenshot on session 37a632245f6107036c08731d76a52a21 to remote] DEBUG org.asynchttpclient.netty.request.NettyRequestSender - Using pooled Channel '[id: 0x51f1f9e8, L:/127.0.0.1:59215 - R:localhost/127.0.0.1:65249]' for 'GET' to 'http://localhost:65249/session/37a632245f6107036c08731d76a52a21/screenshot'
18:00:53.853 [Forwarding screenshot on session 37a632245f6107036c08731d76a52a21 to remote] DEBUG org.asynchttpclient.netty.request.NettyRequestSender - Using open Channel [id: 0x51f1f9e8, L:/127.0.0.1:59215 - R:localhost/127.0.0.1:65249] for GET '/session/37a632245f6107036c08731d76a52a21/screenshot'
18:00:53.982 [AsyncHttpClient-1-2] DEBUG org.asynchttpclient.netty.handler.HttpHandler - 

Request DefaultFullHttpRequest(decodeResult: success, version: HTTP/1.1, content: EmptyByteBufBE)
GET /session/37a632245f6107036c08731d76a52a21/screenshot HTTP/1.1
User-Agent: selenium/4.4.0 (java windows)
Cache-Control: no-cache
Content-Type: application/json; charset=utf-8
host: localhost:65249
accept: */*

Response DefaultHttpResponse(decodeResult: success, version: HTTP/1.1)
HTTP/1.1 200 OK
Content-Type: application/json; charset=utf-8
cache-control: no-cache
content-length: 283908

18:00:53.983 [AsyncHttpClient-1-2] DEBUG org.asynchttpclient.netty.channel.ChannelManager - Adding key: http://localhost:65249 for channel [id: 0x51f1f9e8, L:/127.0.0.1:59215 - R:localhost/127.0.0.1:65249]
18:00:53.987 [main] DEBUG net.serenitybdd.core.photography.Darkroom - Send negative for processing for target\site\serenity\0cdd393996464ea27c7f9bab638868ce48c983287cc2317c3e7d9caba3cb17ab.png
18:00:54.031 [Driver Command Executor] DEBUG org.asynchttpclient.netty.request.NettyRequestSender - Using pooled Channel '[id: 0x51f1f9e8, L:/127.0.0.1:59215 - R:localhost/127.0.0.1:65249]' for 'DELETE' to 'http://localhost:65249/session/37a632245f6107036c08731d76a52a21'
18:00:54.031 [Driver Command Executor] DEBUG org.asynchttpclient.netty.request.NettyRequestSender - Using open Channel [id: 0x51f1f9e8, L:/127.0.0.1:59215 - R:localhost/127.0.0.1:65249] for DELETE '/session/37a632245f6107036c08731d76a52a21'
18:00:54.033 [AsyncHttpClient-1-4] DEBUG org.asynchttpclient.netty.handler.WebSocketHandler - Channel Closed: [id: 0x1606bad2, L:/127.0.0.1:59223 ! R:localhost/127.0.0.1:59216] with attribute NettyResponseFuture{currentRetry=0,
	isDone=1,
	isCancelled=0,
	asyncHandler=org.asynchttpclient.ws.WebSocketUpgradeHandler@26eee699,
	nettyRequest=org.asynchttpclient.netty.request.NettyRequest@a560bcc,
	future=java.util.concurrent.CompletableFuture@3ddd728f[Completed normally],
	uri=ws://localhost:59216/devtools/browser/39ac1cb9-a7fb-41c5-980e-bce0d3d7d796,
	keepAlive=true,
	redirectCount=0,
	timeoutsHolder=null,
	inAuth=0,
	touch=1673370041484}
18:00:54.034 [AsyncHttpClient-1-4] DEBUG org.asynchttpclient.netty.channel.ChannelManager - Closing Channel [id: 0x1606bad2, L:/127.0.0.1:59223 ! R:localhost/127.0.0.1:59216] 
18:00:54.127 [AsyncHttpClient-1-3] DEBUG org.asynchttpclient.netty.handler.HttpHandler - Unexpected I/O exception on channel [id: 0x6f506c2c, L:/127.0.0.1:59222 - R:localhost/127.0.0.1:59216]
java.net.SocketException: Connection reset
	at java.base/sun.nio.ch.SocketChannelImpl.throwConnectionReset(SocketChannelImpl.java:401)
	at java.base/sun.nio.ch.SocketChannelImpl.read(SocketChannelImpl.java:434)
	at io.netty.buffer.PooledByteBuf.setBytes(PooledByteBuf.java:258)
	at io.netty.buffer.AbstractByteBuf.writeBytes(AbstractByteBuf.java:1132)
	at io.netty.channel.socket.nio.NioSocketChannel.doReadBytes(NioSocketChannel.java:357)
	at io.netty.channel.nio.AbstractNioByteChannel$NioByteUnsafe.read(AbstractNioByteChannel.java:151)
	at io.netty.channel.nio.NioEventLoop.processSelectedKey(NioEventLoop.java:722)
	at io.netty.channel.nio.NioEventLoop.processSelectedKeysOptimized(NioEventLoop.java:658)
	at io.netty.channel.nio.NioEventLoop.processSelectedKeys(NioEventLoop.java:584)
	at io.netty.channel.nio.NioEventLoop.run(NioEventLoop.java:496)
	at io.netty.util.concurrent.SingleThreadEventExecutor$4.run(SingleThreadEventExecutor.java:997)
	at io.netty.util.internal.ThreadExecutorMap$2.run(ThreadExecutorMap.java:74)
	at io.netty.util.concurrent.FastThreadLocalRunnable.run(FastThreadLocalRunnable.java:30)
	at java.base/java.lang.Thread.run(Thread.java:1589)
18:00:54.127 [AsyncHttpClient-1-3] DEBUG org.asynchttpclient.netty.channel.ChannelManager - Closing Channel [id: 0x6f506c2c, L:/127.0.0.1:59222 - R:localhost/127.0.0.1:59216] 
18:00:54.128 [AsyncHttpClient-1-3] DEBUG org.asynchttpclient.netty.handler.HttpHandler - Channel Closed: [id: 0x6f506c2c, L:/127.0.0.1:59222 ! R:localhost/127.0.0.1:59216] with attribute DISCARD
18:00:54.176 [AsyncHttpClient-1-2] DEBUG org.asynchttpclient.netty.handler.HttpHandler - 

Request DefaultFullHttpRequest(decodeResult: success, version: HTTP/1.1, content: EmptyByteBufBE)
DELETE /session/37a632245f6107036c08731d76a52a21 HTTP/1.1
User-Agent: selenium/4.4.0 (java windows)
Content-Type: application/json; charset=utf-8
host: localhost:65249
accept: */*

Response DefaultHttpResponse(decodeResult: success, version: HTTP/1.1)
HTTP/1.1 200 OK
Content-Type: application/json; charset=utf-8
cache-control: no-cache
content-length: 14

18:00:54.176 [AsyncHttpClient-1-2] DEBUG org.asynchttpclient.netty.channel.ChannelManager - Adding key: http://localhost:65249 for channel [id: 0x51f1f9e8, L:/127.0.0.1:59215 - R:localhost/127.0.0.1:65249]
18:00:54.287 [AsyncHttpClient-1-2] DEBUG org.asynchttpclient.netty.handler.HttpHandler - Channel Closed: [id: 0x51f1f9e8, L:/127.0.0.1:59215 ! R:localhost/127.0.0.1:65249] with attribute DISCARD
18:00:54.305 [main] INFO  - 
  _____   ___   ___   _____     ___     _     ___   ___   ___   ___  
 |_   _| | __| / __| |_   _|   | _ \   /_\   / __| / __| | __| |   \ 
   | |   | _|  \__ \   | |     |  _/  / _ \  \__ \ \__ \ | _|  | |) |
   |_|   |___| |___/   |_|     |_|   /_/ \_\ |___/ |___/ |___| |___/ 

Cesta
----------------------------------------------------------------------
]]></system-out>
    <system-err><![CDATA[Starting ChromeDriver 108.0.5359.71 (1e0e3868ee06e91ad636a874420e3ca3ae3756ac-refs/branch-heads/5359@{#1016}) on port 65249
Only local connections are allowed.
Please see https://chromedriver.chromium.org/security-considerations for suggestions on keeping ChromeDriver safe.
ChromeDriver was started successfully.
ene 10, 2023 6:00:41 P. M. org.openqa.selenium.remote.ProtocolHandshake createSession
INFO: Detected upstream dialect: W3C
ene 10, 2023 6:00:41 P. M. org.openqa.selenium.devtools.CdpVersionFinder findNearestMatch
WARNING: Unable to find an exact match for CDP version 108, so returning the closest version found: 104
ene 10, 2023 6:00:41 P. M. org.openqa.selenium.devtools.CdpVersionFinder findNearestMatch
INFO: Found CDP implementation for version 108 of 104
]]></system-err>
  </testcase>
  <testcase name="Cesta #2" classname="Cesta" time="9.557">
    <failure type="java.lang.AssertionError"><![CDATA[java.lang.AssertionError
]]></failure>
    <system-out><![CDATA[
@Cesta
Scenario Outline: Cesta                                            &amp#27;[90m# src/test/resources/features/cesta.feature:37&amp#27;[0m
18:00:54.317 [main] INFO io.cucumber.core.plugin.SerenityReporter - Running feature from file:///C:/Users/doprsama/eclipse-workspace/PracticaCompleta/src/test/resources/features/cesta.feature
18:00:54.347 [main] DEBUG net.thucydides.core.steps.StepInterceptor - STARTING STEP: ComprobarCestaStep.estoy_logeado_con_el_usuario_de_contraseña - abro la pagina
18:00:54.380 [main] INFO net.serenitybdd.core.webdriver.driverproviders.ChromeDriverProvider - Starting Chrome driver instance with capabilities:
18:00:54.380 [main] INFO net.serenitybdd.core.webdriver.driverproviders.ChromeDriverProvider - Capabilities {acceptInsecureCerts: false, browserName: chrome, goog:chromeOptions: {args: [], extensions: []}}
18:00:54.481 [AsyncHttpClient-1-5] DEBUG org.asynchttpclient.netty.channel.NettyConnectListener - Using new Channel '[id: 0xf1e22be2, L:/127.0.0.1:59239 - R:localhost/127.0.0.1:53732]' for 'POST' to '/session'
18:00:54.761 [AsyncHttpClient-1-1] DEBUG org.asynchttpclient.netty.channel.DefaultChannelPool - Entry count for : http://localhost:59216 : 1
18:00:54.761 [AsyncHttpClient-1-1] DEBUG org.asynchttpclient.netty.channel.DefaultChannelPool - Entry count for : http://localhost:65249 : 1
18:00:54.761 [AsyncHttpClient-1-1] DEBUG org.asynchttpclient.netty.channel.DefaultChannelPool - Adding Candidate expired Channel [id: 0x6f506c2c, L:/127.0.0.1:59222 ! R:localhost/127.0.0.1:59216] isIdleTimeoutExpired=false isRemotelyClosed=true isTtlExpired=false
18:00:54.761 [AsyncHttpClient-1-1] DEBUG org.asynchttpclient.netty.channel.DefaultChannelPool - Closing Idle Channel [id: 0x6f506c2c, L:/127.0.0.1:59222 ! R:localhost/127.0.0.1:59216]
18:00:54.761 [AsyncHttpClient-1-1] DEBUG org.asynchttpclient.netty.channel.DefaultChannelPool - Adding Candidate expired Channel [id: 0x51f1f9e8, L:/127.0.0.1:59215 ! R:localhost/127.0.0.1:65249] isIdleTimeoutExpired=false isRemotelyClosed=true isTtlExpired=false
18:00:54.761 [AsyncHttpClient-1-1] DEBUG org.asynchttpclient.netty.channel.DefaultChannelPool - Closing Idle Channel [id: 0x51f1f9e8, L:/127.0.0.1:59215 ! R:localhost/127.0.0.1:65249]
18:00:54.761 [AsyncHttpClient-1-1] DEBUG org.asynchttpclient.netty.channel.DefaultChannelPool - Closed 2 connections out of 2 in 0 ms
18:00:55.080 [AsyncHttpClient-1-5] DEBUG org.asynchttpclient.netty.handler.HttpHandler - 

Request DefaultHttpRequest(decodeResult: success, version: HTTP/1.1)
POST /session HTTP/1.1
User-Agent: selenium/4.4.0 (java windows)
Content-Length: 437
Content-Type: application/json; charset=utf-8
host: localhost:53732
accept: */*

Response DefaultHttpResponse(decodeResult: success, version: HTTP/1.1)
HTTP/1.1 200 OK
Content-Type: application/json; charset=utf-8
cache-control: no-cache
content-length: 794

18:00:55.080 [AsyncHttpClient-1-5] DEBUG org.asynchttpclient.netty.channel.ChannelManager - Adding key: http://localhost:53732 for channel [id: 0xf1e22be2, L:/127.0.0.1:59239 - R:localhost/127.0.0.1:53732]
18:00:55.087 [AsyncHttpClient-1-6] DEBUG org.asynchttpclient.netty.channel.NettyConnectListener - Using new Channel '[id: 0x978ca756, L:/127.0.0.1:59246 - R:localhost/127.0.0.1:59240]' for 'GET' to '/json/version'
18:00:55.088 [AsyncHttpClient-1-6] DEBUG org.asynchttpclient.netty.handler.HttpHandler - 

Request DefaultFullHttpRequest(decodeResult: success, version: HTTP/1.1, content: EmptyByteBufBE)
GET /json/version HTTP/1.1
User-Agent: selenium/4.4.0 (java windows)
host: localhost:59240
accept: */*

Response DefaultHttpResponse(decodeResult: success, version: HTTP/1.1)
HTTP/1.1 200 OK
Content-Type: application/json; charset=UTF-8
content-length: 424

18:00:55.089 [AsyncHttpClient-1-6] DEBUG org.asynchttpclient.netty.channel.ChannelManager - Adding key: http://localhost:59240 for channel [id: 0x978ca756, L:/127.0.0.1:59246 - R:localhost/127.0.0.1:59240]
18:00:55.091 [AsyncHttpClient-1-7] DEBUG org.asynchttpclient.netty.channel.NettyConnectListener - Using new Channel '[id: 0x38ab09e1, L:/127.0.0.1:59247 - R:localhost/127.0.0.1:59240]' for 'GET' to '/devtools/browser/d0ecfb1d-f03a-4132-a82f-c5cd574f55d9'
18:00:55.092 [AsyncHttpClient-1-7] DEBUG org.asynchttpclient.netty.handler.WebSocketHandler - 

Request DefaultFullHttpRequest(decodeResult: success, version: HTTP/1.1, content: EmptyByteBufBE)
GET /devtools/browser/d0ecfb1d-f03a-4132-a82f-c5cd574f55d9 HTTP/1.1
upgrade: websocket
connection: upgrade
sec-websocket-key: u1SQHS6UZ94ys5IThKeExw==
sec-websocket-version: 13
origin: http://localhost:59240
host: localhost:59240
accept: */*
user-agent: AHC/2.1

Response DefaultHttpResponse(decodeResult: success, version: HTTP/1.1)
HTTP/1.1 101 WebSocket Protocol Handshake
Upgrade: WebSocket
Connection: Upgrade
Sec-WebSocket-Accept: Aw4r82MZSdzkOz6sm+EuD1np8OM=

18:00:55.095 [Forwarding get on session a97e03a7e7a79e9cb27fb330525c7d6c to remote] DEBUG org.asynchttpclient.netty.request.NettyRequestSender - Using pooled Channel '[id: 0xf1e22be2, L:/127.0.0.1:59239 - R:localhost/127.0.0.1:53732]' for 'POST' to 'http://localhost:53732/session/a97e03a7e7a79e9cb27fb330525c7d6c/url'
18:00:55.095 [Forwarding get on session a97e03a7e7a79e9cb27fb330525c7d6c to remote] DEBUG org.asynchttpclient.netty.request.NettyRequestSender - Using open Channel [id: 0xf1e22be2, L:/127.0.0.1:59239 - R:localhost/127.0.0.1:53732] for POST '/session/a97e03a7e7a79e9cb27fb330525c7d6c/url'
18:00:55.811 [AsyncHttpClient-1-5] DEBUG org.asynchttpclient.netty.handler.HttpHandler - 

Request DefaultHttpRequest(decodeResult: success, version: HTTP/1.1)
POST /session/a97e03a7e7a79e9cb27fb330525c7d6c/url HTTP/1.1
User-Agent: selenium/4.4.0 (java windows)
Content-Length: 66
Content-Type: application/json; charset=utf-8
host: localhost:53732
accept: */*

Response DefaultHttpResponse(decodeResult: success, version: HTTP/1.1)
HTTP/1.1 200 OK
Content-Type: application/json; charset=utf-8
cache-control: no-cache
content-length: 14

18:00:55.811 [AsyncHttpClient-1-5] DEBUG org.asynchttpclient.netty.channel.ChannelManager - Adding key: http://localhost:53732 for channel [id: 0xf1e22be2, L:/127.0.0.1:59239 - R:localhost/127.0.0.1:53732]
18:00:55.812 [Forwarding setTimeout on session a97e03a7e7a79e9cb27fb330525c7d6c to remote] DEBUG org.asynchttpclient.netty.request.NettyRequestSender - Using pooled Channel '[id: 0xf1e22be2, L:/127.0.0.1:59239 - R:localhost/127.0.0.1:53732]' for 'POST' to 'http://localhost:53732/session/a97e03a7e7a79e9cb27fb330525c7d6c/timeouts'
18:00:55.812 [Forwarding setTimeout on session a97e03a7e7a79e9cb27fb330525c7d6c to remote] DEBUG org.asynchttpclient.netty.request.NettyRequestSender - Using open Channel [id: 0xf1e22be2, L:/127.0.0.1:59239 - R:localhost/127.0.0.1:53732] for POST '/session/a97e03a7e7a79e9cb27fb330525c7d6c/timeouts'
18:00:55.813 [AsyncHttpClient-1-5] DEBUG org.asynchttpclient.netty.handler.HttpHandler - 

Request DefaultHttpRequest(decodeResult: success, version: HTTP/1.1)
POST /session/a97e03a7e7a79e9cb27fb330525c7d6c/timeouts HTTP/1.1
User-Agent: selenium/4.4.0 (java windows)
Content-Length: 22
Content-Type: application/json; charset=utf-8
host: localhost:53732
accept: */*

Response DefaultHttpResponse(decodeResult: success, version: HTTP/1.1)
HTTP/1.1 200 OK
Content-Type: application/json; charset=utf-8
cache-control: no-cache
content-length: 14

18:00:55.813 [AsyncHttpClient-1-5] DEBUG org.asynchttpclient.netty.channel.ChannelManager - Adding key: http://localhost:53732 for channel [id: 0xf1e22be2, L:/127.0.0.1:59239 - R:localhost/127.0.0.1:53732]
18:00:55.818 [Forwarding getCurrentUrl on session a97e03a7e7a79e9cb27fb330525c7d6c to remote] DEBUG org.asynchttpclient.netty.request.NettyRequestSender - Using pooled Channel '[id: 0xf1e22be2, L:/127.0.0.1:59239 - R:localhost/127.0.0.1:53732]' for 'GET' to 'http://localhost:53732/session/a97e03a7e7a79e9cb27fb330525c7d6c/url'
18:00:55.818 [Forwarding getCurrentUrl on session a97e03a7e7a79e9cb27fb330525c7d6c to remote] DEBUG org.asynchttpclient.netty.request.NettyRequestSender - Using open Channel [id: 0xf1e22be2, L:/127.0.0.1:59239 - R:localhost/127.0.0.1:53732] for GET '/session/a97e03a7e7a79e9cb27fb330525c7d6c/url'
18:00:55.823 [AsyncHttpClient-1-5] DEBUG org.asynchttpclient.netty.handler.HttpHandler - 

Request DefaultFullHttpRequest(decodeResult: success, version: HTTP/1.1, content: EmptyByteBufBE)
GET /session/a97e03a7e7a79e9cb27fb330525c7d6c/url HTTP/1.1
User-Agent: selenium/4.4.0 (java windows)
Cache-Control: no-cache
Content-Type: application/json; charset=utf-8
host: localhost:53732
accept: */*

Response DefaultHttpResponse(decodeResult: success, version: HTTP/1.1)
HTTP/1.1 200 OK
Content-Type: application/json; charset=utf-8
cache-control: no-cache
content-length: 48

18:00:55.823 [AsyncHttpClient-1-5] DEBUG org.asynchttpclient.netty.channel.ChannelManager - Adding key: http://localhost:53732 for channel [id: 0xf1e22be2, L:/127.0.0.1:59239 - R:localhost/127.0.0.1:53732]
18:00:55.825 [Forwarding getCurrentUrl on session a97e03a7e7a79e9cb27fb330525c7d6c to remote] DEBUG org.asynchttpclient.netty.request.NettyRequestSender - Using pooled Channel '[id: 0xf1e22be2, L:/127.0.0.1:59239 - R:localhost/127.0.0.1:53732]' for 'GET' to 'http://localhost:53732/session/a97e03a7e7a79e9cb27fb330525c7d6c/url'
18:00:55.825 [Forwarding getCurrentUrl on session a97e03a7e7a79e9cb27fb330525c7d6c to remote] DEBUG org.asynchttpclient.netty.request.NettyRequestSender - Using open Channel [id: 0xf1e22be2, L:/127.0.0.1:59239 - R:localhost/127.0.0.1:53732] for GET '/session/a97e03a7e7a79e9cb27fb330525c7d6c/url'
18:00:55.828 [AsyncHttpClient-1-5] DEBUG org.asynchttpclient.netty.handler.HttpHandler - 

Request DefaultFullHttpRequest(decodeResult: success, version: HTTP/1.1, content: EmptyByteBufBE)
GET /session/a97e03a7e7a79e9cb27fb330525c7d6c/url HTTP/1.1
User-Agent: selenium/4.4.0 (java windows)
Cache-Control: no-cache
Content-Type: application/json; charset=utf-8
host: localhost:53732
accept: */*

Response DefaultHttpResponse(decodeResult: success, version: HTTP/1.1)
HTTP/1.1 200 OK
Content-Type: application/json; charset=utf-8
cache-control: no-cache
content-length: 48

18:00:55.828 [AsyncHttpClient-1-5] DEBUG org.asynchttpclient.netty.channel.ChannelManager - Adding key: http://localhost:53732 for channel [id: 0xf1e22be2, L:/127.0.0.1:59239 - R:localhost/127.0.0.1:53732]
18:00:55.832 [Forwarding getCurrentWindowHandle on session a97e03a7e7a79e9cb27fb330525c7d6c to remote] DEBUG org.asynchttpclient.netty.request.NettyRequestSender - Using pooled Channel '[id: 0xf1e22be2, L:/127.0.0.1:59239 - R:localhost/127.0.0.1:53732]' for 'GET' to 'http://localhost:53732/session/a97e03a7e7a79e9cb27fb330525c7d6c/window'
18:00:55.832 [Forwarding getCurrentWindowHandle on session a97e03a7e7a79e9cb27fb330525c7d6c to remote] DEBUG org.asynchttpclient.netty.request.NettyRequestSender - Using open Channel [id: 0xf1e22be2, L:/127.0.0.1:59239 - R:localhost/127.0.0.1:53732] for GET '/session/a97e03a7e7a79e9cb27fb330525c7d6c/window'
18:00:55.832 [AsyncHttpClient-1-5] DEBUG org.asynchttpclient.netty.handler.HttpHandler - 

Request DefaultFullHttpRequest(decodeResult: success, version: HTTP/1.1, content: EmptyByteBufBE)
GET /session/a97e03a7e7a79e9cb27fb330525c7d6c/window HTTP/1.1
User-Agent: selenium/4.4.0 (java windows)
Cache-Control: no-cache
Content-Type: application/json; charset=utf-8
host: localhost:53732
accept: */*

Response DefaultHttpResponse(decodeResult: success, version: HTTP/1.1)
HTTP/1.1 200 OK
Content-Type: application/json; charset=utf-8
cache-control: no-cache
content-length: 53

18:00:55.832 [AsyncHttpClient-1-5] DEBUG org.asynchttpclient.netty.channel.ChannelManager - Adding key: http://localhost:53732 for channel [id: 0xf1e22be2, L:/127.0.0.1:59239 - R:localhost/127.0.0.1:53732]
18:00:55.833 [Forwarding getAlertText on session a97e03a7e7a79e9cb27fb330525c7d6c to remote] DEBUG org.asynchttpclient.netty.request.NettyRequestSender - Using pooled Channel '[id: 0xf1e22be2, L:/127.0.0.1:59239 - R:localhost/127.0.0.1:53732]' for 'GET' to 'http://localhost:53732/session/a97e03a7e7a79e9cb27fb330525c7d6c/alert/text'
18:00:55.833 [Forwarding getAlertText on session a97e03a7e7a79e9cb27fb330525c7d6c to remote] DEBUG org.asynchttpclient.netty.request.NettyRequestSender - Using open Channel [id: 0xf1e22be2, L:/127.0.0.1:59239 - R:localhost/127.0.0.1:53732] for GET '/session/a97e03a7e7a79e9cb27fb330525c7d6c/alert/text'
18:00:55.835 [AsyncHttpClient-1-5] DEBUG org.asynchttpclient.netty.handler.HttpHandler - 

Request DefaultFullHttpRequest(decodeResult: success, version: HTTP/1.1, content: EmptyByteBufBE)
GET /session/a97e03a7e7a79e9cb27fb330525c7d6c/alert/text HTTP/1.1
User-Agent: selenium/4.4.0 (java windows)
Cache-Control: no-cache
Content-Type: application/json; charset=utf-8
host: localhost:53732
accept: */*

Response DefaultHttpResponse(decodeResult: success, version: HTTP/1.1)
HTTP/1.1 404 Not Found
Content-Type: application/json; charset=utf-8
cache-control: no-cache
content-length: 835

18:00:55.835 [AsyncHttpClient-1-5] DEBUG org.asynchttpclient.netty.channel.ChannelManager - Adding key: http://localhost:53732 for channel [id: 0xf1e22be2, L:/127.0.0.1:59239 - R:localhost/127.0.0.1:53732]
18:00:55.836 [Forwarding switchToWindow on session a97e03a7e7a79e9cb27fb330525c7d6c to remote] DEBUG org.asynchttpclient.netty.request.NettyRequestSender - Using pooled Channel '[id: 0xf1e22be2, L:/127.0.0.1:59239 - R:localhost/127.0.0.1:53732]' for 'POST' to 'http://localhost:53732/session/a97e03a7e7a79e9cb27fb330525c7d6c/window'
18:00:55.836 [Forwarding switchToWindow on session a97e03a7e7a79e9cb27fb330525c7d6c to remote] DEBUG org.asynchttpclient.netty.request.NettyRequestSender - Using open Channel [id: 0xf1e22be2, L:/127.0.0.1:59239 - R:localhost/127.0.0.1:53732] for POST '/session/a97e03a7e7a79e9cb27fb330525c7d6c/window'
18:00:55.838 [AsyncHttpClient-1-5] DEBUG org.asynchttpclient.netty.handler.HttpHandler - 

Request DefaultHttpRequest(decodeResult: success, version: HTTP/1.1)
POST /session/a97e03a7e7a79e9cb27fb330525c7d6c/window HTTP/1.1
User-Agent: selenium/4.4.0 (java windows)
Content-Length: 59
Content-Type: application/json; charset=utf-8
host: localhost:53732
accept: */*

Response DefaultHttpResponse(decodeResult: success, version: HTTP/1.1)
HTTP/1.1 200 OK
Content-Type: application/json; charset=utf-8
cache-control: no-cache
content-length: 14

18:00:55.838 [AsyncHttpClient-1-5] DEBUG org.asynchttpclient.netty.channel.ChannelManager - Adding key: http://localhost:53732 for channel [id: 0xf1e22be2, L:/127.0.0.1:59239 - R:localhost/127.0.0.1:53732]
18:00:55.839 [Forwarding getCurrentUrl on session a97e03a7e7a79e9cb27fb330525c7d6c to remote] DEBUG org.asynchttpclient.netty.request.NettyRequestSender - Using pooled Channel '[id: 0xf1e22be2, L:/127.0.0.1:59239 - R:localhost/127.0.0.1:53732]' for 'GET' to 'http://localhost:53732/session/a97e03a7e7a79e9cb27fb330525c7d6c/url'
18:00:55.839 [Forwarding getCurrentUrl on session a97e03a7e7a79e9cb27fb330525c7d6c to remote] DEBUG org.asynchttpclient.netty.request.NettyRequestSender - Using open Channel [id: 0xf1e22be2, L:/127.0.0.1:59239 - R:localhost/127.0.0.1:53732] for GET '/session/a97e03a7e7a79e9cb27fb330525c7d6c/url'
18:00:55.841 [AsyncHttpClient-1-5] DEBUG org.asynchttpclient.netty.handler.HttpHandler - 

Request DefaultFullHttpRequest(decodeResult: success, version: HTTP/1.1, content: EmptyByteBufBE)
GET /session/a97e03a7e7a79e9cb27fb330525c7d6c/url HTTP/1.1
User-Agent: selenium/4.4.0 (java windows)
Cache-Control: no-cache
Content-Type: application/json; charset=utf-8
host: localhost:53732
accept: */*

Response DefaultHttpResponse(decodeResult: success, version: HTTP/1.1)
HTTP/1.1 200 OK
Content-Type: application/json; charset=utf-8
cache-control: no-cache
content-length: 48

18:00:55.841 [AsyncHttpClient-1-5] DEBUG org.asynchttpclient.netty.channel.ChannelManager - Adding key: http://localhost:53732 for channel [id: 0xf1e22be2, L:/127.0.0.1:59239 - R:localhost/127.0.0.1:53732]
18:00:55.841 [Forwarding screenshot on session a97e03a7e7a79e9cb27fb330525c7d6c to remote] DEBUG org.asynchttpclient.netty.request.NettyRequestSender - Using pooled Channel '[id: 0xf1e22be2, L:/127.0.0.1:59239 - R:localhost/127.0.0.1:53732]' for 'GET' to 'http://localhost:53732/session/a97e03a7e7a79e9cb27fb330525c7d6c/screenshot'
18:00:55.842 [Forwarding screenshot on session a97e03a7e7a79e9cb27fb330525c7d6c to remote] DEBUG org.asynchttpclient.netty.request.NettyRequestSender - Using open Channel [id: 0xf1e22be2, L:/127.0.0.1:59239 - R:localhost/127.0.0.1:53732] for GET '/session/a97e03a7e7a79e9cb27fb330525c7d6c/screenshot'
18:00:55.861 [AsyncHttpClient-1-1] DEBUG org.asynchttpclient.netty.channel.DefaultChannelPool - Entry count for : http://localhost:59240 : 1
18:00:55.945 [AsyncHttpClient-1-5] DEBUG org.asynchttpclient.netty.handler.HttpHandler - 

Request DefaultFullHttpRequest(decodeResult: success, version: HTTP/1.1, content: EmptyByteBufBE)
GET /session/a97e03a7e7a79e9cb27fb330525c7d6c/screenshot HTTP/1.1
User-Agent: selenium/4.4.0 (java windows)
Cache-Control: no-cache
Content-Type: application/json; charset=utf-8
host: localhost:53732
accept: */*

Response DefaultHttpResponse(decodeResult: success, version: HTTP/1.1)
HTTP/1.1 200 OK
Content-Type: application/json; charset=utf-8
cache-control: no-cache
content-length: 239216

18:00:55.945 [AsyncHttpClient-1-5] DEBUG org.asynchttpclient.netty.channel.ChannelManager - Adding key: http://localhost:53732 for channel [id: 0xf1e22be2, L:/127.0.0.1:59239 - R:localhost/127.0.0.1:53732]
18:00:55.952 [main] DEBUG net.serenitybdd.core.photography.Darkroom - Send negative for processing for target\site\serenity\d822fc9d4781e0578d3ed239da5bb866355c55b6019d4b01def97d6e03f16f23.png
18:00:55.952 [main] DEBUG net.thucydides.core.steps.StepInterceptor - STEP DONE: abro la pagina
18:00:55.957 [Forwarding getPageSource on session a97e03a7e7a79e9cb27fb330525c7d6c to remote] DEBUG org.asynchttpclient.netty.request.NettyRequestSender - Using pooled Channel '[id: 0xf1e22be2, L:/127.0.0.1:59239 - R:localhost/127.0.0.1:53732]' for 'POST' to 'http://localhost:53732/session/a97e03a7e7a79e9cb27fb330525c7d6c/execute/sync'
18:00:55.957 [Forwarding getPageSource on session a97e03a7e7a79e9cb27fb330525c7d6c to remote] DEBUG org.asynchttpclient.netty.request.NettyRequestSender - Using open Channel [id: 0xf1e22be2, L:/127.0.0.1:59239 - R:localhost/127.0.0.1:53732] for POST '/session/a97e03a7e7a79e9cb27fb330525c7d6c/execute/sync'
18:00:55.969 [AsyncHttpClient-1-5] DEBUG org.asynchttpclient.netty.handler.HttpHandler - 

Request DefaultHttpRequest(decodeResult: success, version: HTTP/1.1)
POST /session/a97e03a7e7a79e9cb27fb330525c7d6c/execute/sync HTTP/1.1
User-Agent: selenium/4.4.0 (java windows)
Content-Length: 176
Content-Type: application/json; charset=utf-8
host: localhost:53732
accept: */*

Response DefaultHttpResponse(decodeResult: success, version: HTTP/1.1)
HTTP/1.1 200 OK
Content-Type: application/json; charset=utf-8
cache-control: no-cache
content-length: 51323

18:00:55.969 [AsyncHttpClient-1-5] DEBUG org.asynchttpclient.netty.channel.ChannelManager - Adding key: http://localhost:53732 for channel [id: 0xf1e22be2, L:/127.0.0.1:59239 - R:localhost/127.0.0.1:53732]
18:00:55.973 [Forwarding getCurrentUrl on session a97e03a7e7a79e9cb27fb330525c7d6c to remote] DEBUG org.asynchttpclient.netty.request.NettyRequestSender - Using pooled Channel '[id: 0xf1e22be2, L:/127.0.0.1:59239 - R:localhost/127.0.0.1:53732]' for 'GET' to 'http://localhost:53732/session/a97e03a7e7a79e9cb27fb330525c7d6c/url'
18:00:55.973 [Forwarding getCurrentUrl on session a97e03a7e7a79e9cb27fb330525c7d6c to remote] DEBUG org.asynchttpclient.netty.request.NettyRequestSender - Using open Channel [id: 0xf1e22be2, L:/127.0.0.1:59239 - R:localhost/127.0.0.1:53732] for GET '/session/a97e03a7e7a79e9cb27fb330525c7d6c/url'
18:00:55.976 [AsyncHttpClient-1-5] DEBUG org.asynchttpclient.netty.handler.HttpHandler - 

Request DefaultFullHttpRequest(decodeResult: success, version: HTTP/1.1, content: EmptyByteBufBE)
GET /session/a97e03a7e7a79e9cb27fb330525c7d6c/url HTTP/1.1
User-Agent: selenium/4.4.0 (java windows)
Cache-Control: no-cache
Content-Type: application/json; charset=utf-8
host: localhost:53732
accept: */*

Response DefaultHttpResponse(decodeResult: success, version: HTTP/1.1)
HTTP/1.1 200 OK
Content-Type: application/json; charset=utf-8
cache-control: no-cache
content-length: 48

18:00:55.976 [AsyncHttpClient-1-5] DEBUG org.asynchttpclient.netty.channel.ChannelManager - Adding key: http://localhost:53732 for channel [id: 0xf1e22be2, L:/127.0.0.1:59239 - R:localhost/127.0.0.1:53732]
18:00:55.978 [main] DEBUG net.thucydides.core.steps.StepInterceptor - STARTING STEP: ComprobarCestaStep.estoy_logeado_con_el_usuario_de_contraseña - voy a login
18:00:55.979 [Forwarding setTimeout on session a97e03a7e7a79e9cb27fb330525c7d6c to remote] DEBUG org.asynchttpclient.netty.request.NettyRequestSender - Using pooled Channel '[id: 0xf1e22be2, L:/127.0.0.1:59239 - R:localhost/127.0.0.1:53732]' for 'POST' to 'http://localhost:53732/session/a97e03a7e7a79e9cb27fb330525c7d6c/timeouts'
18:00:55.980 [Forwarding setTimeout on session a97e03a7e7a79e9cb27fb330525c7d6c to remote] DEBUG org.asynchttpclient.netty.request.NettyRequestSender - Using open Channel [id: 0xf1e22be2, L:/127.0.0.1:59239 - R:localhost/127.0.0.1:53732] for POST '/session/a97e03a7e7a79e9cb27fb330525c7d6c/timeouts'
18:00:55.980 [AsyncHttpClient-1-5] DEBUG org.asynchttpclient.netty.handler.HttpHandler - 

Request DefaultHttpRequest(decodeResult: success, version: HTTP/1.1)
POST /session/a97e03a7e7a79e9cb27fb330525c7d6c/timeouts HTTP/1.1
User-Agent: selenium/4.4.0 (java windows)
Content-Length: 19
Content-Type: application/json; charset=utf-8
host: localhost:53732
accept: */*

Response DefaultHttpResponse(decodeResult: success, version: HTTP/1.1)
HTTP/1.1 200 OK
Content-Type: application/json; charset=utf-8
cache-control: no-cache
content-length: 14

18:00:55.980 [AsyncHttpClient-1-5] DEBUG org.asynchttpclient.netty.channel.ChannelManager - Adding key: http://localhost:53732 for channel [id: 0xf1e22be2, L:/127.0.0.1:59239 - R:localhost/127.0.0.1:53732]
18:00:55.982 [Forwarding findElement on session a97e03a7e7a79e9cb27fb330525c7d6c to remote] DEBUG org.asynchttpclient.netty.request.NettyRequestSender - Using pooled Channel '[id: 0xf1e22be2, L:/127.0.0.1:59239 - R:localhost/127.0.0.1:53732]' for 'POST' to 'http://localhost:53732/session/a97e03a7e7a79e9cb27fb330525c7d6c/element'
18:00:55.982 [Forwarding findElement on session a97e03a7e7a79e9cb27fb330525c7d6c to remote] DEBUG org.asynchttpclient.netty.request.NettyRequestSender - Using open Channel [id: 0xf1e22be2, L:/127.0.0.1:59239 - R:localhost/127.0.0.1:53732] for POST '/session/a97e03a7e7a79e9cb27fb330525c7d6c/element'
18:00:56.002 [AsyncHttpClient-1-5] DEBUG org.asynchttpclient.netty.handler.HttpHandler - 

Request DefaultHttpRequest(decodeResult: success, version: HTTP/1.1)
POST /session/a97e03a7e7a79e9cb27fb330525c7d6c/element HTTP/1.1
User-Agent: selenium/4.4.0 (java windows)
Content-Length: 83
Content-Type: application/json; charset=utf-8
host: localhost:53732
accept: */*

Response DefaultHttpResponse(decodeResult: success, version: HTTP/1.1)
HTTP/1.1 200 OK
Content-Type: application/json; charset=utf-8
cache-control: no-cache
content-length: 88

18:00:56.002 [AsyncHttpClient-1-5] DEBUG org.asynchttpclient.netty.channel.ChannelManager - Adding key: http://localhost:53732 for channel [id: 0xf1e22be2, L:/127.0.0.1:59239 - R:localhost/127.0.0.1:53732]
18:00:56.004 [Forwarding setTimeout on session a97e03a7e7a79e9cb27fb330525c7d6c to remote] DEBUG org.asynchttpclient.netty.request.NettyRequestSender - Using pooled Channel '[id: 0xf1e22be2, L:/127.0.0.1:59239 - R:localhost/127.0.0.1:53732]' for 'POST' to 'http://localhost:53732/session/a97e03a7e7a79e9cb27fb330525c7d6c/timeouts'
18:00:56.004 [Forwarding setTimeout on session a97e03a7e7a79e9cb27fb330525c7d6c to remote] DEBUG org.asynchttpclient.netty.request.NettyRequestSender - Using open Channel [id: 0xf1e22be2, L:/127.0.0.1:59239 - R:localhost/127.0.0.1:53732] for POST '/session/a97e03a7e7a79e9cb27fb330525c7d6c/timeouts'
18:00:56.004 [AsyncHttpClient-1-5] DEBUG org.asynchttpclient.netty.handler.HttpHandler - 

Request DefaultHttpRequest(decodeResult: success, version: HTTP/1.1)
POST /session/a97e03a7e7a79e9cb27fb330525c7d6c/timeouts HTTP/1.1
User-Agent: selenium/4.4.0 (java windows)
Content-Length: 22
Content-Type: application/json; charset=utf-8
host: localhost:53732
accept: */*

Response DefaultHttpResponse(decodeResult: success, version: HTTP/1.1)
HTTP/1.1 200 OK
Content-Type: application/json; charset=utf-8
cache-control: no-cache
content-length: 14

18:00:56.005 [AsyncHttpClient-1-5] DEBUG org.asynchttpclient.netty.channel.ChannelManager - Adding key: http://localhost:53732 for channel [id: 0xf1e22be2, L:/127.0.0.1:59239 - R:localhost/127.0.0.1:53732]
18:00:56.008 [Forwarding findElement on session a97e03a7e7a79e9cb27fb330525c7d6c to remote] DEBUG org.asynchttpclient.netty.request.NettyRequestSender - Using pooled Channel '[id: 0xf1e22be2, L:/127.0.0.1:59239 - R:localhost/127.0.0.1:53732]' for 'POST' to 'http://localhost:53732/session/a97e03a7e7a79e9cb27fb330525c7d6c/element'
18:00:56.009 [Forwarding findElement on session a97e03a7e7a79e9cb27fb330525c7d6c to remote] DEBUG org.asynchttpclient.netty.request.NettyRequestSender - Using open Channel [id: 0xf1e22be2, L:/127.0.0.1:59239 - R:localhost/127.0.0.1:53732] for POST '/session/a97e03a7e7a79e9cb27fb330525c7d6c/element'
18:00:56.014 [AsyncHttpClient-1-5] DEBUG org.asynchttpclient.netty.handler.HttpHandler - 

Request DefaultHttpRequest(decodeResult: success, version: HTTP/1.1)
POST /session/a97e03a7e7a79e9cb27fb330525c7d6c/element HTTP/1.1
User-Agent: selenium/4.4.0 (java windows)
Content-Length: 83
Content-Type: application/json; charset=utf-8
host: localhost:53732
accept: */*

Response DefaultHttpResponse(decodeResult: success, version: HTTP/1.1)
HTTP/1.1 200 OK
Content-Type: application/json; charset=utf-8
cache-control: no-cache
content-length: 88

18:00:56.015 [AsyncHttpClient-1-5] DEBUG org.asynchttpclient.netty.channel.ChannelManager - Adding key: http://localhost:53732 for channel [id: 0xf1e22be2, L:/127.0.0.1:59239 - R:localhost/127.0.0.1:53732]
18:00:56.017 [Forwarding isElementDisplayed on session a97e03a7e7a79e9cb27fb330525c7d6c to remote] DEBUG org.asynchttpclient.netty.request.NettyRequestSender - Using pooled Channel '[id: 0xf1e22be2, L:/127.0.0.1:59239 - R:localhost/127.0.0.1:53732]' for 'POST' to 'http://localhost:53732/session/a97e03a7e7a79e9cb27fb330525c7d6c/execute/sync'
18:00:56.017 [Forwarding isElementDisplayed on session a97e03a7e7a79e9cb27fb330525c7d6c to remote] DEBUG org.asynchttpclient.netty.request.NettyRequestSender - Using open Channel [id: 0xf1e22be2, L:/127.0.0.1:59239 - R:localhost/127.0.0.1:53732] for POST '/session/a97e03a7e7a79e9cb27fb330525c7d6c/execute/sync'
18:00:56.025 [AsyncHttpClient-1-5] DEBUG org.asynchttpclient.netty.handler.HttpHandler - 

Request DefaultHttpRequest(decodeResult: success, version: HTTP/1.1)
POST /session/a97e03a7e7a79e9cb27fb330525c7d6c/execute/sync HTTP/1.1
User-Agent: selenium/4.4.0 (java windows)
Content-Length: 48780
Content-Type: application/json; charset=utf-8
host: localhost:53732
accept: */*

Response DefaultHttpResponse(decodeResult: success, version: HTTP/1.1)
HTTP/1.1 200 OK
Content-Type: application/json; charset=utf-8
cache-control: no-cache
content-length: 14

18:00:56.026 [AsyncHttpClient-1-5] DEBUG org.asynchttpclient.netty.channel.ChannelManager - Adding key: http://localhost:53732 for channel [id: 0xf1e22be2, L:/127.0.0.1:59239 - R:localhost/127.0.0.1:53732]
18:00:56.026 [Forwarding getElementTagName on session a97e03a7e7a79e9cb27fb330525c7d6c to remote] DEBUG org.asynchttpclient.netty.request.NettyRequestSender - Using pooled Channel '[id: 0xf1e22be2, L:/127.0.0.1:59239 - R:localhost/127.0.0.1:53732]' for 'GET' to 'http://localhost:53732/session/a97e03a7e7a79e9cb27fb330525c7d6c/element/d15d435a-c27f-4551-bd2d-39d3e98ab9ca/name'
18:00:56.026 [Forwarding getElementTagName on session a97e03a7e7a79e9cb27fb330525c7d6c to remote] DEBUG org.asynchttpclient.netty.request.NettyRequestSender - Using open Channel [id: 0xf1e22be2, L:/127.0.0.1:59239 - R:localhost/127.0.0.1:53732] for GET '/session/a97e03a7e7a79e9cb27fb330525c7d6c/element/d15d435a-c27f-4551-bd2d-39d3e98ab9ca/name'
18:00:56.030 [AsyncHttpClient-1-5] DEBUG org.asynchttpclient.netty.handler.HttpHandler - 

Request DefaultFullHttpRequest(decodeResult: success, version: HTTP/1.1, content: EmptyByteBufBE)
GET /session/a97e03a7e7a79e9cb27fb330525c7d6c/element/d15d435a-c27f-4551-bd2d-39d3e98ab9ca/name HTTP/1.1
User-Agent: selenium/4.4.0 (java windows)
Cache-Control: no-cache
Content-Type: application/json; charset=utf-8
host: localhost:53732
accept: */*

Response DefaultHttpResponse(decodeResult: success, version: HTTP/1.1)
HTTP/1.1 200 OK
Content-Type: application/json; charset=utf-8
cache-control: no-cache
content-length: 13

18:00:56.030 [AsyncHttpClient-1-5] DEBUG org.asynchttpclient.netty.channel.ChannelManager - Adding key: http://localhost:53732 for channel [id: 0xf1e22be2, L:/127.0.0.1:59239 - R:localhost/127.0.0.1:53732]
18:00:56.032 [Forwarding findElement on session a97e03a7e7a79e9cb27fb330525c7d6c to remote] DEBUG org.asynchttpclient.netty.request.NettyRequestSender - Using pooled Channel '[id: 0xf1e22be2, L:/127.0.0.1:59239 - R:localhost/127.0.0.1:53732]' for 'POST' to 'http://localhost:53732/session/a97e03a7e7a79e9cb27fb330525c7d6c/element'
18:00:56.032 [Forwarding findElement on session a97e03a7e7a79e9cb27fb330525c7d6c to remote] DEBUG org.asynchttpclient.netty.request.NettyRequestSender - Using open Channel [id: 0xf1e22be2, L:/127.0.0.1:59239 - R:localhost/127.0.0.1:53732] for POST '/session/a97e03a7e7a79e9cb27fb330525c7d6c/element'
18:00:56.038 [AsyncHttpClient-1-5] DEBUG org.asynchttpclient.netty.handler.HttpHandler - 

Request DefaultHttpRequest(decodeResult: success, version: HTTP/1.1)
POST /session/a97e03a7e7a79e9cb27fb330525c7d6c/element HTTP/1.1
User-Agent: selenium/4.4.0 (java windows)
Content-Length: 83
Content-Type: application/json; charset=utf-8
host: localhost:53732
accept: */*

Response DefaultHttpResponse(decodeResult: success, version: HTTP/1.1)
HTTP/1.1 200 OK
Content-Type: application/json; charset=utf-8
cache-control: no-cache
content-length: 88

18:00:56.038 [AsyncHttpClient-1-5] DEBUG org.asynchttpclient.netty.channel.ChannelManager - Adding key: http://localhost:53732 for channel [id: 0xf1e22be2, L:/127.0.0.1:59239 - R:localhost/127.0.0.1:53732]
18:00:56.041 [Forwarding isElementDisplayed on session a97e03a7e7a79e9cb27fb330525c7d6c to remote] DEBUG org.asynchttpclient.netty.request.NettyRequestSender - Using pooled Channel '[id: 0xf1e22be2, L:/127.0.0.1:59239 - R:localhost/127.0.0.1:53732]' for 'POST' to 'http://localhost:53732/session/a97e03a7e7a79e9cb27fb330525c7d6c/execute/sync'
18:00:56.041 [Forwarding isElementDisplayed on session a97e03a7e7a79e9cb27fb330525c7d6c to remote] DEBUG org.asynchttpclient.netty.request.NettyRequestSender - Using open Channel [id: 0xf1e22be2, L:/127.0.0.1:59239 - R:localhost/127.0.0.1:53732] for POST '/session/a97e03a7e7a79e9cb27fb330525c7d6c/execute/sync'
18:00:56.053 [AsyncHttpClient-1-5] DEBUG org.asynchttpclient.netty.handler.HttpHandler - 

Request DefaultHttpRequest(decodeResult: success, version: HTTP/1.1)
POST /session/a97e03a7e7a79e9cb27fb330525c7d6c/execute/sync HTTP/1.1
User-Agent: selenium/4.4.0 (java windows)
Content-Length: 48780
Content-Type: application/json; charset=utf-8
host: localhost:53732
accept: */*

Response DefaultHttpResponse(decodeResult: success, version: HTTP/1.1)
HTTP/1.1 200 OK
Content-Type: application/json; charset=utf-8
cache-control: no-cache
content-length: 14

18:00:56.053 [AsyncHttpClient-1-5] DEBUG org.asynchttpclient.netty.channel.ChannelManager - Adding key: http://localhost:53732 for channel [id: 0xf1e22be2, L:/127.0.0.1:59239 - R:localhost/127.0.0.1:53732]
18:00:56.054 [Forwarding getElementTagName on session a97e03a7e7a79e9cb27fb330525c7d6c to remote] DEBUG org.asynchttpclient.netty.request.NettyRequestSender - Using pooled Channel '[id: 0xf1e22be2, L:/127.0.0.1:59239 - R:localhost/127.0.0.1:53732]' for 'GET' to 'http://localhost:53732/session/a97e03a7e7a79e9cb27fb330525c7d6c/element/d15d435a-c27f-4551-bd2d-39d3e98ab9ca/name'
18:00:56.054 [Forwarding getElementTagName on session a97e03a7e7a79e9cb27fb330525c7d6c to remote] DEBUG org.asynchttpclient.netty.request.NettyRequestSender - Using open Channel [id: 0xf1e22be2, L:/127.0.0.1:59239 - R:localhost/127.0.0.1:53732] for GET '/session/a97e03a7e7a79e9cb27fb330525c7d6c/element/d15d435a-c27f-4551-bd2d-39d3e98ab9ca/name'
18:00:56.057 [AsyncHttpClient-1-5] DEBUG org.asynchttpclient.netty.handler.HttpHandler - 

Request DefaultFullHttpRequest(decodeResult: success, version: HTTP/1.1, content: EmptyByteBufBE)
GET /session/a97e03a7e7a79e9cb27fb330525c7d6c/element/d15d435a-c27f-4551-bd2d-39d3e98ab9ca/name HTTP/1.1
User-Agent: selenium/4.4.0 (java windows)
Cache-Control: no-cache
Content-Type: application/json; charset=utf-8
host: localhost:53732
accept: */*

Response DefaultHttpResponse(decodeResult: success, version: HTTP/1.1)
HTTP/1.1 200 OK
Content-Type: application/json; charset=utf-8
cache-control: no-cache
content-length: 13

18:00:56.058 [AsyncHttpClient-1-5] DEBUG org.asynchttpclient.netty.channel.ChannelManager - Adding key: http://localhost:53732 for channel [id: 0xf1e22be2, L:/127.0.0.1:59239 - R:localhost/127.0.0.1:53732]
18:00:56.060 [Forwarding findElement on session a97e03a7e7a79e9cb27fb330525c7d6c to remote] DEBUG org.asynchttpclient.netty.request.NettyRequestSender - Using pooled Channel '[id: 0xf1e22be2, L:/127.0.0.1:59239 - R:localhost/127.0.0.1:53732]' for 'POST' to 'http://localhost:53732/session/a97e03a7e7a79e9cb27fb330525c7d6c/element'
18:00:56.061 [Forwarding findElement on session a97e03a7e7a79e9cb27fb330525c7d6c to remote] DEBUG org.asynchttpclient.netty.request.NettyRequestSender - Using open Channel [id: 0xf1e22be2, L:/127.0.0.1:59239 - R:localhost/127.0.0.1:53732] for POST '/session/a97e03a7e7a79e9cb27fb330525c7d6c/element'
18:00:56.067 [AsyncHttpClient-1-5] DEBUG org.asynchttpclient.netty.handler.HttpHandler - 

Request DefaultHttpRequest(decodeResult: success, version: HTTP/1.1)
POST /session/a97e03a7e7a79e9cb27fb330525c7d6c/element HTTP/1.1
User-Agent: selenium/4.4.0 (java windows)
Content-Length: 83
Content-Type: application/json; charset=utf-8
host: localhost:53732
accept: */*

Response DefaultHttpResponse(decodeResult: success, version: HTTP/1.1)
HTTP/1.1 200 OK
Content-Type: application/json; charset=utf-8
cache-control: no-cache
content-length: 88

18:00:56.067 [AsyncHttpClient-1-5] DEBUG org.asynchttpclient.netty.channel.ChannelManager - Adding key: http://localhost:53732 for channel [id: 0xf1e22be2, L:/127.0.0.1:59239 - R:localhost/127.0.0.1:53732]
18:00:56.070 [Forwarding isElementDisplayed on session a97e03a7e7a79e9cb27fb330525c7d6c to remote] DEBUG org.asynchttpclient.netty.request.NettyRequestSender - Using pooled Channel '[id: 0xf1e22be2, L:/127.0.0.1:59239 - R:localhost/127.0.0.1:53732]' for 'POST' to 'http://localhost:53732/session/a97e03a7e7a79e9cb27fb330525c7d6c/execute/sync'
18:00:56.070 [Forwarding isElementDisplayed on session a97e03a7e7a79e9cb27fb330525c7d6c to remote] DEBUG org.asynchttpclient.netty.request.NettyRequestSender - Using open Channel [id: 0xf1e22be2, L:/127.0.0.1:59239 - R:localhost/127.0.0.1:53732] for POST '/session/a97e03a7e7a79e9cb27fb330525c7d6c/execute/sync'
18:00:56.078 [AsyncHttpClient-1-5] DEBUG org.asynchttpclient.netty.handler.HttpHandler - 

Request DefaultHttpRequest(decodeResult: success, version: HTTP/1.1)
POST /session/a97e03a7e7a79e9cb27fb330525c7d6c/execute/sync HTTP/1.1
User-Agent: selenium/4.4.0 (java windows)
Content-Length: 48780
Content-Type: application/json; charset=utf-8
host: localhost:53732
accept: */*

Response DefaultHttpResponse(decodeResult: success, version: HTTP/1.1)
HTTP/1.1 200 OK
Content-Type: application/json; charset=utf-8
cache-control: no-cache
content-length: 14

18:00:56.078 [AsyncHttpClient-1-5] DEBUG org.asynchttpclient.netty.channel.ChannelManager - Adding key: http://localhost:53732 for channel [id: 0xf1e22be2, L:/127.0.0.1:59239 - R:localhost/127.0.0.1:53732]
18:00:56.079 [Forwarding clickElement on session a97e03a7e7a79e9cb27fb330525c7d6c to remote] DEBUG org.asynchttpclient.netty.request.NettyRequestSender - Using pooled Channel '[id: 0xf1e22be2, L:/127.0.0.1:59239 - R:localhost/127.0.0.1:53732]' for 'POST' to 'http://localhost:53732/session/a97e03a7e7a79e9cb27fb330525c7d6c/element/d15d435a-c27f-4551-bd2d-39d3e98ab9ca/click'
18:00:56.079 [Forwarding clickElement on session a97e03a7e7a79e9cb27fb330525c7d6c to remote] DEBUG org.asynchttpclient.netty.request.NettyRequestSender - Using open Channel [id: 0xf1e22be2, L:/127.0.0.1:59239 - R:localhost/127.0.0.1:53732] for POST '/session/a97e03a7e7a79e9cb27fb330525c7d6c/element/d15d435a-c27f-4551-bd2d-39d3e98ab9ca/click'
18:00:56.113 [AsyncHttpClient-1-5] DEBUG org.asynchttpclient.netty.handler.HttpHandler - 

Request DefaultHttpRequest(decodeResult: success, version: HTTP/1.1)
POST /session/a97e03a7e7a79e9cb27fb330525c7d6c/element/d15d435a-c27f-4551-bd2d-39d3e98ab9ca/click HTTP/1.1
User-Agent: selenium/4.4.0 (java windows)
Content-Length: 50
Content-Type: application/json; charset=utf-8
host: localhost:53732
accept: */*

Response DefaultHttpResponse(decodeResult: success, version: HTTP/1.1)
HTTP/1.1 200 OK
Content-Type: application/json; charset=utf-8
cache-control: no-cache
content-length: 14

18:00:56.113 [AsyncHttpClient-1-5] DEBUG org.asynchttpclient.netty.channel.ChannelManager - Adding key: http://localhost:53732 for channel [id: 0xf1e22be2, L:/127.0.0.1:59239 - R:localhost/127.0.0.1:53732]
18:00:56.120 [Forwarding getCurrentWindowHandle on session a97e03a7e7a79e9cb27fb330525c7d6c to remote] DEBUG org.asynchttpclient.netty.request.NettyRequestSender - Using pooled Channel '[id: 0xf1e22be2, L:/127.0.0.1:59239 - R:localhost/127.0.0.1:53732]' for 'GET' to 'http://localhost:53732/session/a97e03a7e7a79e9cb27fb330525c7d6c/window'
18:00:56.120 [Forwarding getCurrentWindowHandle on session a97e03a7e7a79e9cb27fb330525c7d6c to remote] DEBUG org.asynchttpclient.netty.request.NettyRequestSender - Using open Channel [id: 0xf1e22be2, L:/127.0.0.1:59239 - R:localhost/127.0.0.1:53732] for GET '/session/a97e03a7e7a79e9cb27fb330525c7d6c/window'
18:00:56.120 [AsyncHttpClient-1-5] DEBUG org.asynchttpclient.netty.handler.HttpHandler - 

Request DefaultFullHttpRequest(decodeResult: success, version: HTTP/1.1, content: EmptyByteBufBE)
GET /session/a97e03a7e7a79e9cb27fb330525c7d6c/window HTTP/1.1
User-Agent: selenium/4.4.0 (java windows)
Cache-Control: no-cache
Content-Type: application/json; charset=utf-8
host: localhost:53732
accept: */*

Response DefaultHttpResponse(decodeResult: success, version: HTTP/1.1)
HTTP/1.1 200 OK
Content-Type: application/json; charset=utf-8
cache-control: no-cache
content-length: 53

18:00:56.121 [AsyncHttpClient-1-5] DEBUG org.asynchttpclient.netty.channel.ChannelManager - Adding key: http://localhost:53732 for channel [id: 0xf1e22be2, L:/127.0.0.1:59239 - R:localhost/127.0.0.1:53732]
18:00:56.122 [Forwarding getAlertText on session a97e03a7e7a79e9cb27fb330525c7d6c to remote] DEBUG org.asynchttpclient.netty.request.NettyRequestSender - Using pooled Channel '[id: 0xf1e22be2, L:/127.0.0.1:59239 - R:localhost/127.0.0.1:53732]' for 'GET' to 'http://localhost:53732/session/a97e03a7e7a79e9cb27fb330525c7d6c/alert/text'
18:00:56.122 [Forwarding getAlertText on session a97e03a7e7a79e9cb27fb330525c7d6c to remote] DEBUG org.asynchttpclient.netty.request.NettyRequestSender - Using open Channel [id: 0xf1e22be2, L:/127.0.0.1:59239 - R:localhost/127.0.0.1:53732] for GET '/session/a97e03a7e7a79e9cb27fb330525c7d6c/alert/text'
18:00:56.123 [AsyncHttpClient-1-5] DEBUG org.asynchttpclient.netty.handler.HttpHandler - 

Request DefaultFullHttpRequest(decodeResult: success, version: HTTP/1.1, content: EmptyByteBufBE)
GET /session/a97e03a7e7a79e9cb27fb330525c7d6c/alert/text HTTP/1.1
User-Agent: selenium/4.4.0 (java windows)
Cache-Control: no-cache
Content-Type: application/json; charset=utf-8
host: localhost:53732
accept: */*

Response DefaultHttpResponse(decodeResult: success, version: HTTP/1.1)
HTTP/1.1 404 Not Found
Content-Type: application/json; charset=utf-8
cache-control: no-cache
content-length: 835

18:00:56.123 [AsyncHttpClient-1-5] DEBUG org.asynchttpclient.netty.channel.ChannelManager - Adding key: http://localhost:53732 for channel [id: 0xf1e22be2, L:/127.0.0.1:59239 - R:localhost/127.0.0.1:53732]
18:00:56.125 [Forwarding switchToWindow on session a97e03a7e7a79e9cb27fb330525c7d6c to remote] DEBUG org.asynchttpclient.netty.request.NettyRequestSender - Using pooled Channel '[id: 0xf1e22be2, L:/127.0.0.1:59239 - R:localhost/127.0.0.1:53732]' for 'POST' to 'http://localhost:53732/session/a97e03a7e7a79e9cb27fb330525c7d6c/window'
18:00:56.125 [Forwarding switchToWindow on session a97e03a7e7a79e9cb27fb330525c7d6c to remote] DEBUG org.asynchttpclient.netty.request.NettyRequestSender - Using open Channel [id: 0xf1e22be2, L:/127.0.0.1:59239 - R:localhost/127.0.0.1:53732] for POST '/session/a97e03a7e7a79e9cb27fb330525c7d6c/window'
18:00:56.126 [AsyncHttpClient-1-5] DEBUG org.asynchttpclient.netty.handler.HttpHandler - 

Request DefaultHttpRequest(decodeResult: success, version: HTTP/1.1)
POST /session/a97e03a7e7a79e9cb27fb330525c7d6c/window HTTP/1.1
User-Agent: selenium/4.4.0 (java windows)
Content-Length: 59
Content-Type: application/json; charset=utf-8
host: localhost:53732
accept: */*

Response DefaultHttpResponse(decodeResult: success, version: HTTP/1.1)
HTTP/1.1 200 OK
Content-Type: application/json; charset=utf-8
cache-control: no-cache
content-length: 14

18:00:56.126 [AsyncHttpClient-1-5] DEBUG org.asynchttpclient.netty.channel.ChannelManager - Adding key: http://localhost:53732 for channel [id: 0xf1e22be2, L:/127.0.0.1:59239 - R:localhost/127.0.0.1:53732]
18:00:56.127 [Forwarding getCurrentUrl on session a97e03a7e7a79e9cb27fb330525c7d6c to remote] DEBUG org.asynchttpclient.netty.request.NettyRequestSender - Using pooled Channel '[id: 0xf1e22be2, L:/127.0.0.1:59239 - R:localhost/127.0.0.1:53732]' for 'GET' to 'http://localhost:53732/session/a97e03a7e7a79e9cb27fb330525c7d6c/url'
18:00:56.127 [Forwarding getCurrentUrl on session a97e03a7e7a79e9cb27fb330525c7d6c to remote] DEBUG org.asynchttpclient.netty.request.NettyRequestSender - Using open Channel [id: 0xf1e22be2, L:/127.0.0.1:59239 - R:localhost/127.0.0.1:53732] for GET '/session/a97e03a7e7a79e9cb27fb330525c7d6c/url'
18:00:56.131 [AsyncHttpClient-1-5] DEBUG org.asynchttpclient.netty.handler.HttpHandler - 

Request DefaultFullHttpRequest(decodeResult: success, version: HTTP/1.1, content: EmptyByteBufBE)
GET /session/a97e03a7e7a79e9cb27fb330525c7d6c/url HTTP/1.1
User-Agent: selenium/4.4.0 (java windows)
Cache-Control: no-cache
Content-Type: application/json; charset=utf-8
host: localhost:53732
accept: */*

Response DefaultHttpResponse(decodeResult: success, version: HTTP/1.1)
HTTP/1.1 200 OK
Content-Type: application/json; charset=utf-8
cache-control: no-cache
content-length: 48

18:00:56.132 [AsyncHttpClient-1-5] DEBUG org.asynchttpclient.netty.channel.ChannelManager - Adding key: http://localhost:53732 for channel [id: 0xf1e22be2, L:/127.0.0.1:59239 - R:localhost/127.0.0.1:53732]
18:00:56.132 [Forwarding screenshot on session a97e03a7e7a79e9cb27fb330525c7d6c to remote] DEBUG org.asynchttpclient.netty.request.NettyRequestSender - Using pooled Channel '[id: 0xf1e22be2, L:/127.0.0.1:59239 - R:localhost/127.0.0.1:53732]' for 'GET' to 'http://localhost:53732/session/a97e03a7e7a79e9cb27fb330525c7d6c/screenshot'
18:00:56.132 [Forwarding screenshot on session a97e03a7e7a79e9cb27fb330525c7d6c to remote] DEBUG org.asynchttpclient.netty.request.NettyRequestSender - Using open Channel [id: 0xf1e22be2, L:/127.0.0.1:59239 - R:localhost/127.0.0.1:53732] for GET '/session/a97e03a7e7a79e9cb27fb330525c7d6c/screenshot'
18:00:56.253 [AsyncHttpClient-1-5] DEBUG org.asynchttpclient.netty.handler.HttpHandler - 

Request DefaultFullHttpRequest(decodeResult: success, version: HTTP/1.1, content: EmptyByteBufBE)
GET /session/a97e03a7e7a79e9cb27fb330525c7d6c/screenshot HTTP/1.1
User-Agent: selenium/4.4.0 (java windows)
Cache-Control: no-cache
Content-Type: application/json; charset=utf-8
host: localhost:53732
accept: */*

Response DefaultHttpResponse(decodeResult: success, version: HTTP/1.1)
HTTP/1.1 200 OK
Content-Type: application/json; charset=utf-8
cache-control: no-cache
content-length: 245292

18:00:56.254 [AsyncHttpClient-1-5] DEBUG org.asynchttpclient.netty.channel.ChannelManager - Adding key: http://localhost:53732 for channel [id: 0xf1e22be2, L:/127.0.0.1:59239 - R:localhost/127.0.0.1:53732]
18:00:56.257 [main] DEBUG net.serenitybdd.core.photography.Darkroom - Send negative for processing for target\site\serenity\a25a9bcc1fb5bd1919d0c73b69a23a368c5846a1c674e3b636888f24fbc953ae.png
18:00:56.258 [main] DEBUG net.thucydides.core.steps.StepInterceptor - STEP DONE: voy a login
18:00:56.258 [Darkroom Processing Line] DEBUG net.serenitybdd.core.photography.DarkroomProcessingLine - Processing screenshot image in /var/screenshots/screenshot-3641397956268994500
18:00:56.258 [Darkroom Processing Line] DEBUG net.serenitybdd.core.photography.DarkroomProcessingLine - Saving screenshot to target\site\serenity\a25a9bcc1fb5bd1919d0c73b69a23a368c5846a1c674e3b636888f24fbc953ae.png
18:00:56.263 [Forwarding getPageSource on session a97e03a7e7a79e9cb27fb330525c7d6c to remote] DEBUG org.asynchttpclient.netty.request.NettyRequestSender - Using pooled Channel '[id: 0xf1e22be2, L:/127.0.0.1:59239 - R:localhost/127.0.0.1:53732]' for 'POST' to 'http://localhost:53732/session/a97e03a7e7a79e9cb27fb330525c7d6c/execute/sync'
18:00:56.264 [Forwarding getPageSource on session a97e03a7e7a79e9cb27fb330525c7d6c to remote] DEBUG org.asynchttpclient.netty.request.NettyRequestSender - Using open Channel [id: 0xf1e22be2, L:/127.0.0.1:59239 - R:localhost/127.0.0.1:53732] for POST '/session/a97e03a7e7a79e9cb27fb330525c7d6c/execute/sync'
18:00:56.273 [AsyncHttpClient-1-5] DEBUG org.asynchttpclient.netty.handler.HttpHandler - 

Request DefaultHttpRequest(decodeResult: success, version: HTTP/1.1)
POST /session/a97e03a7e7a79e9cb27fb330525c7d6c/execute/sync HTTP/1.1
User-Agent: selenium/4.4.0 (java windows)
Content-Length: 176
Content-Type: application/json; charset=utf-8
host: localhost:53732
accept: */*

Response DefaultHttpResponse(decodeResult: success, version: HTTP/1.1)
HTTP/1.1 200 OK
Content-Type: application/json; charset=utf-8
cache-control: no-cache
content-length: 57699

18:00:56.273 [AsyncHttpClient-1-5] DEBUG org.asynchttpclient.netty.channel.ChannelManager - Adding key: http://localhost:53732 for channel [id: 0xf1e22be2, L:/127.0.0.1:59239 - R:localhost/127.0.0.1:53732]
18:00:56.278 [Forwarding getCurrentUrl on session a97e03a7e7a79e9cb27fb330525c7d6c to remote] DEBUG org.asynchttpclient.netty.request.NettyRequestSender - Using pooled Channel '[id: 0xf1e22be2, L:/127.0.0.1:59239 - R:localhost/127.0.0.1:53732]' for 'GET' to 'http://localhost:53732/session/a97e03a7e7a79e9cb27fb330525c7d6c/url'
18:00:56.278 [Forwarding getCurrentUrl on session a97e03a7e7a79e9cb27fb330525c7d6c to remote] DEBUG org.asynchttpclient.netty.request.NettyRequestSender - Using open Channel [id: 0xf1e22be2, L:/127.0.0.1:59239 - R:localhost/127.0.0.1:53732] for GET '/session/a97e03a7e7a79e9cb27fb330525c7d6c/url'
18:00:56.281 [AsyncHttpClient-1-5] DEBUG org.asynchttpclient.netty.handler.HttpHandler - 

Request DefaultFullHttpRequest(decodeResult: success, version: HTTP/1.1, content: EmptyByteBufBE)
GET /session/a97e03a7e7a79e9cb27fb330525c7d6c/url HTTP/1.1
User-Agent: selenium/4.4.0 (java windows)
Cache-Control: no-cache
Content-Type: application/json; charset=utf-8
host: localhost:53732
accept: */*

Response DefaultHttpResponse(decodeResult: success, version: HTTP/1.1)
HTTP/1.1 200 OK
Content-Type: application/json; charset=utf-8
cache-control: no-cache
content-length: 48

18:00:56.281 [AsyncHttpClient-1-5] DEBUG org.asynchttpclient.netty.channel.ChannelManager - Adding key: http://localhost:53732 for channel [id: 0xf1e22be2, L:/127.0.0.1:59239 - R:localhost/127.0.0.1:53732]
18:00:56.284 [main] DEBUG net.thucydides.core.steps.StepInterceptor - STARTING STEP: ComprobarCestaStep.estoy_logeado_con_el_usuario_de_contraseña - inserto usuario{usuario} y contraseña{password}
18:00:56.287 [Forwarding setTimeout on session a97e03a7e7a79e9cb27fb330525c7d6c to remote] DEBUG org.asynchttpclient.netty.request.NettyRequestSender - Using pooled Channel '[id: 0xf1e22be2, L:/127.0.0.1:59239 - R:localhost/127.0.0.1:53732]' for 'POST' to 'http://localhost:53732/session/a97e03a7e7a79e9cb27fb330525c7d6c/timeouts'
18:00:56.287 [Forwarding setTimeout on session a97e03a7e7a79e9cb27fb330525c7d6c to remote] DEBUG org.asynchttpclient.netty.request.NettyRequestSender - Using open Channel [id: 0xf1e22be2, L:/127.0.0.1:59239 - R:localhost/127.0.0.1:53732] for POST '/session/a97e03a7e7a79e9cb27fb330525c7d6c/timeouts'
18:00:56.288 [AsyncHttpClient-1-5] DEBUG org.asynchttpclient.netty.handler.HttpHandler - 

Request DefaultHttpRequest(decodeResult: success, version: HTTP/1.1)
POST /session/a97e03a7e7a79e9cb27fb330525c7d6c/timeouts HTTP/1.1
User-Agent: selenium/4.4.0 (java windows)
Content-Length: 19
Content-Type: application/json; charset=utf-8
host: localhost:53732
accept: */*

Response DefaultHttpResponse(decodeResult: success, version: HTTP/1.1)
HTTP/1.1 200 OK
Content-Type: application/json; charset=utf-8
cache-control: no-cache
content-length: 14

18:00:56.288 [AsyncHttpClient-1-5] DEBUG org.asynchttpclient.netty.channel.ChannelManager - Adding key: http://localhost:53732 for channel [id: 0xf1e22be2, L:/127.0.0.1:59239 - R:localhost/127.0.0.1:53732]
18:00:56.290 [Forwarding findElement on session a97e03a7e7a79e9cb27fb330525c7d6c to remote] DEBUG org.asynchttpclient.netty.request.NettyRequestSender - Using pooled Channel '[id: 0xf1e22be2, L:/127.0.0.1:59239 - R:localhost/127.0.0.1:53732]' for 'POST' to 'http://localhost:53732/session/a97e03a7e7a79e9cb27fb330525c7d6c/element'
18:00:56.290 [Forwarding findElement on session a97e03a7e7a79e9cb27fb330525c7d6c to remote] DEBUG org.asynchttpclient.netty.request.NettyRequestSender - Using open Channel [id: 0xf1e22be2, L:/127.0.0.1:59239 - R:localhost/127.0.0.1:53732] for POST '/session/a97e03a7e7a79e9cb27fb330525c7d6c/element'
18:00:56.302 [AsyncHttpClient-1-5] DEBUG org.asynchttpclient.netty.handler.HttpHandler - 

Request DefaultHttpRequest(decodeResult: success, version: HTTP/1.1)
POST /session/a97e03a7e7a79e9cb27fb330525c7d6c/element HTTP/1.1
User-Agent: selenium/4.4.0 (java windows)
Content-Length: 75
Content-Type: application/json; charset=utf-8
host: localhost:53732
accept: */*

Response DefaultHttpResponse(decodeResult: success, version: HTTP/1.1)
HTTP/1.1 200 OK
Content-Type: application/json; charset=utf-8
cache-control: no-cache
content-length: 88

18:00:56.302 [AsyncHttpClient-1-5] DEBUG org.asynchttpclient.netty.channel.ChannelManager - Adding key: http://localhost:53732 for channel [id: 0xf1e22be2, L:/127.0.0.1:59239 - R:localhost/127.0.0.1:53732]
18:00:56.304 [Forwarding setTimeout on session a97e03a7e7a79e9cb27fb330525c7d6c to remote] DEBUG org.asynchttpclient.netty.request.NettyRequestSender - Using pooled Channel '[id: 0xf1e22be2, L:/127.0.0.1:59239 - R:localhost/127.0.0.1:53732]' for 'POST' to 'http://localhost:53732/session/a97e03a7e7a79e9cb27fb330525c7d6c/timeouts'
18:00:56.304 [Forwarding setTimeout on session a97e03a7e7a79e9cb27fb330525c7d6c to remote] DEBUG org.asynchttpclient.netty.request.NettyRequestSender - Using open Channel [id: 0xf1e22be2, L:/127.0.0.1:59239 - R:localhost/127.0.0.1:53732] for POST '/session/a97e03a7e7a79e9cb27fb330525c7d6c/timeouts'
18:00:56.305 [AsyncHttpClient-1-5] DEBUG org.asynchttpclient.netty.handler.HttpHandler - 

Request DefaultHttpRequest(decodeResult: success, version: HTTP/1.1)
POST /session/a97e03a7e7a79e9cb27fb330525c7d6c/timeouts HTTP/1.1
User-Agent: selenium/4.4.0 (java windows)
Content-Length: 22
Content-Type: application/json; charset=utf-8
host: localhost:53732
accept: */*

Response DefaultHttpResponse(decodeResult: success, version: HTTP/1.1)
HTTP/1.1 200 OK
Content-Type: application/json; charset=utf-8
cache-control: no-cache
content-length: 14

18:00:56.305 [AsyncHttpClient-1-5] DEBUG org.asynchttpclient.netty.channel.ChannelManager - Adding key: http://localhost:53732 for channel [id: 0xf1e22be2, L:/127.0.0.1:59239 - R:localhost/127.0.0.1:53732]
18:00:56.309 [Forwarding setTimeout on session a97e03a7e7a79e9cb27fb330525c7d6c to remote] DEBUG org.asynchttpclient.netty.request.NettyRequestSender - Using pooled Channel '[id: 0xf1e22be2, L:/127.0.0.1:59239 - R:localhost/127.0.0.1:53732]' for 'POST' to 'http://localhost:53732/session/a97e03a7e7a79e9cb27fb330525c7d6c/timeouts'
18:00:56.309 [Forwarding setTimeout on session a97e03a7e7a79e9cb27fb330525c7d6c to remote] DEBUG org.asynchttpclient.netty.request.NettyRequestSender - Using open Channel [id: 0xf1e22be2, L:/127.0.0.1:59239 - R:localhost/127.0.0.1:53732] for POST '/session/a97e03a7e7a79e9cb27fb330525c7d6c/timeouts'
18:00:56.309 [AsyncHttpClient-1-5] DEBUG org.asynchttpclient.netty.handler.HttpHandler - 

Request DefaultHttpRequest(decodeResult: success, version: HTTP/1.1)
POST /session/a97e03a7e7a79e9cb27fb330525c7d6c/timeouts HTTP/1.1
User-Agent: selenium/4.4.0 (java windows)
Content-Length: 19
Content-Type: application/json; charset=utf-8
host: localhost:53732
accept: */*

Response DefaultHttpResponse(decodeResult: success, version: HTTP/1.1)
HTTP/1.1 200 OK
Content-Type: application/json; charset=utf-8
cache-control: no-cache
content-length: 14

18:00:56.310 [AsyncHttpClient-1-5] DEBUG org.asynchttpclient.netty.channel.ChannelManager - Adding key: http://localhost:53732 for channel [id: 0xf1e22be2, L:/127.0.0.1:59239 - R:localhost/127.0.0.1:53732]
18:00:56.312 [Forwarding findElement on session a97e03a7e7a79e9cb27fb330525c7d6c to remote] DEBUG org.asynchttpclient.netty.request.NettyRequestSender - Using pooled Channel '[id: 0xf1e22be2, L:/127.0.0.1:59239 - R:localhost/127.0.0.1:53732]' for 'POST' to 'http://localhost:53732/session/a97e03a7e7a79e9cb27fb330525c7d6c/element'
18:00:56.312 [Forwarding findElement on session a97e03a7e7a79e9cb27fb330525c7d6c to remote] DEBUG org.asynchttpclient.netty.request.NettyRequestSender - Using open Channel [id: 0xf1e22be2, L:/127.0.0.1:59239 - R:localhost/127.0.0.1:53732] for POST '/session/a97e03a7e7a79e9cb27fb330525c7d6c/element'
18:00:56.318 [AsyncHttpClient-1-5] DEBUG org.asynchttpclient.netty.handler.HttpHandler - 

Request DefaultHttpRequest(decodeResult: success, version: HTTP/1.1)
POST /session/a97e03a7e7a79e9cb27fb330525c7d6c/element HTTP/1.1
User-Agent: selenium/4.4.0 (java windows)
Content-Length: 75
Content-Type: application/json; charset=utf-8
host: localhost:53732
accept: */*

Response DefaultHttpResponse(decodeResult: success, version: HTTP/1.1)
HTTP/1.1 200 OK
Content-Type: application/json; charset=utf-8
cache-control: no-cache
content-length: 88

18:00:56.318 [AsyncHttpClient-1-5] DEBUG org.asynchttpclient.netty.channel.ChannelManager - Adding key: http://localhost:53732 for channel [id: 0xf1e22be2, L:/127.0.0.1:59239 - R:localhost/127.0.0.1:53732]
18:00:56.319 [Forwarding setTimeout on session a97e03a7e7a79e9cb27fb330525c7d6c to remote] DEBUG org.asynchttpclient.netty.request.NettyRequestSender - Using pooled Channel '[id: 0xf1e22be2, L:/127.0.0.1:59239 - R:localhost/127.0.0.1:53732]' for 'POST' to 'http://localhost:53732/session/a97e03a7e7a79e9cb27fb330525c7d6c/timeouts'
18:00:56.319 [Forwarding setTimeout on session a97e03a7e7a79e9cb27fb330525c7d6c to remote] DEBUG org.asynchttpclient.netty.request.NettyRequestSender - Using open Channel [id: 0xf1e22be2, L:/127.0.0.1:59239 - R:localhost/127.0.0.1:53732] for POST '/session/a97e03a7e7a79e9cb27fb330525c7d6c/timeouts'
18:00:56.320 [AsyncHttpClient-1-5] DEBUG org.asynchttpclient.netty.handler.HttpHandler - 

Request DefaultHttpRequest(decodeResult: success, version: HTTP/1.1)
POST /session/a97e03a7e7a79e9cb27fb330525c7d6c/timeouts HTTP/1.1
User-Agent: selenium/4.4.0 (java windows)
Content-Length: 22
Content-Type: application/json; charset=utf-8
host: localhost:53732
accept: */*

Response DefaultHttpResponse(decodeResult: success, version: HTTP/1.1)
HTTP/1.1 200 OK
Content-Type: application/json; charset=utf-8
cache-control: no-cache
content-length: 14

18:00:56.320 [AsyncHttpClient-1-5] DEBUG org.asynchttpclient.netty.channel.ChannelManager - Adding key: http://localhost:53732 for channel [id: 0xf1e22be2, L:/127.0.0.1:59239 - R:localhost/127.0.0.1:53732]
18:00:56.322 [Forwarding isElementDisplayed on session a97e03a7e7a79e9cb27fb330525c7d6c to remote] DEBUG org.asynchttpclient.netty.request.NettyRequestSender - Using pooled Channel '[id: 0xf1e22be2, L:/127.0.0.1:59239 - R:localhost/127.0.0.1:53732]' for 'POST' to 'http://localhost:53732/session/a97e03a7e7a79e9cb27fb330525c7d6c/execute/sync'
18:00:56.322 [Forwarding isElementDisplayed on session a97e03a7e7a79e9cb27fb330525c7d6c to remote] DEBUG org.asynchttpclient.netty.request.NettyRequestSender - Using open Channel [id: 0xf1e22be2, L:/127.0.0.1:59239 - R:localhost/127.0.0.1:53732] for POST '/session/a97e03a7e7a79e9cb27fb330525c7d6c/execute/sync'
18:00:56.331 [AsyncHttpClient-1-5] DEBUG org.asynchttpclient.netty.handler.HttpHandler - 

Request DefaultHttpRequest(decodeResult: success, version: HTTP/1.1)
POST /session/a97e03a7e7a79e9cb27fb330525c7d6c/execute/sync HTTP/1.1
User-Agent: selenium/4.4.0 (java windows)
Content-Length: 48780
Content-Type: application/json; charset=utf-8
host: localhost:53732
accept: */*

Response DefaultHttpResponse(decodeResult: success, version: HTTP/1.1)
HTTP/1.1 200 OK
Content-Type: application/json; charset=utf-8
cache-control: no-cache
content-length: 14

18:00:56.331 [AsyncHttpClient-1-5] DEBUG org.asynchttpclient.netty.channel.ChannelManager - Adding key: http://localhost:53732 for channel [id: 0xf1e22be2, L:/127.0.0.1:59239 - R:localhost/127.0.0.1:53732]
18:00:56.334 [Forwarding findElement on session a97e03a7e7a79e9cb27fb330525c7d6c to remote] DEBUG org.asynchttpclient.netty.request.NettyRequestSender - Using pooled Channel '[id: 0xf1e22be2, L:/127.0.0.1:59239 - R:localhost/127.0.0.1:53732]' for 'POST' to 'http://localhost:53732/session/a97e03a7e7a79e9cb27fb330525c7d6c/element'
18:00:56.334 [Forwarding findElement on session a97e03a7e7a79e9cb27fb330525c7d6c to remote] DEBUG org.asynchttpclient.netty.request.NettyRequestSender - Using open Channel [id: 0xf1e22be2, L:/127.0.0.1:59239 - R:localhost/127.0.0.1:53732] for POST '/session/a97e03a7e7a79e9cb27fb330525c7d6c/element'
18:00:56.340 [AsyncHttpClient-1-5] DEBUG org.asynchttpclient.netty.handler.HttpHandler - 

Request DefaultHttpRequest(decodeResult: success, version: HTTP/1.1)
POST /session/a97e03a7e7a79e9cb27fb330525c7d6c/element HTTP/1.1
User-Agent: selenium/4.4.0 (java windows)
Content-Length: 75
Content-Type: application/json; charset=utf-8
host: localhost:53732
accept: */*

Response DefaultHttpResponse(decodeResult: success, version: HTTP/1.1)
HTTP/1.1 200 OK
Content-Type: application/json; charset=utf-8
cache-control: no-cache
content-length: 88

18:00:56.341 [AsyncHttpClient-1-5] DEBUG org.asynchttpclient.netty.channel.ChannelManager - Adding key: http://localhost:53732 for channel [id: 0xf1e22be2, L:/127.0.0.1:59239 - R:localhost/127.0.0.1:53732]
18:00:56.344 [Forwarding isElementDisplayed on session a97e03a7e7a79e9cb27fb330525c7d6c to remote] DEBUG org.asynchttpclient.netty.request.NettyRequestSender - Using pooled Channel '[id: 0xf1e22be2, L:/127.0.0.1:59239 - R:localhost/127.0.0.1:53732]' for 'POST' to 'http://localhost:53732/session/a97e03a7e7a79e9cb27fb330525c7d6c/execute/sync'
18:00:56.344 [Forwarding isElementDisplayed on session a97e03a7e7a79e9cb27fb330525c7d6c to remote] DEBUG org.asynchttpclient.netty.request.NettyRequestSender - Using open Channel [id: 0xf1e22be2, L:/127.0.0.1:59239 - R:localhost/127.0.0.1:53732] for POST '/session/a97e03a7e7a79e9cb27fb330525c7d6c/execute/sync'
18:00:56.354 [AsyncHttpClient-1-5] DEBUG org.asynchttpclient.netty.handler.HttpHandler - 

Request DefaultHttpRequest(decodeResult: success, version: HTTP/1.1)
POST /session/a97e03a7e7a79e9cb27fb330525c7d6c/execute/sync HTTP/1.1
User-Agent: selenium/4.4.0 (java windows)
Content-Length: 48780
Content-Type: application/json; charset=utf-8
host: localhost:53732
accept: */*

Response DefaultHttpResponse(decodeResult: success, version: HTTP/1.1)
HTTP/1.1 200 OK
Content-Type: application/json; charset=utf-8
cache-control: no-cache
content-length: 14

18:00:56.355 [AsyncHttpClient-1-5] DEBUG org.asynchttpclient.netty.channel.ChannelManager - Adding key: http://localhost:53732 for channel [id: 0xf1e22be2, L:/127.0.0.1:59239 - R:localhost/127.0.0.1:53732]
18:00:56.356 [Forwarding sendKeysToElement on session a97e03a7e7a79e9cb27fb330525c7d6c to remote] DEBUG org.asynchttpclient.netty.request.NettyRequestSender - Using pooled Channel '[id: 0xf1e22be2, L:/127.0.0.1:59239 - R:localhost/127.0.0.1:53732]' for 'POST' to 'http://localhost:53732/session/a97e03a7e7a79e9cb27fb330525c7d6c/element/55cd4431-ae22-49f3-b521-1bec1f2d08b6/value'
18:00:56.356 [Forwarding sendKeysToElement on session a97e03a7e7a79e9cb27fb330525c7d6c to remote] DEBUG org.asynchttpclient.netty.request.NettyRequestSender - Using open Channel [id: 0xf1e22be2, L:/127.0.0.1:59239 - R:localhost/127.0.0.1:53732] for POST '/session/a97e03a7e7a79e9cb27fb330525c7d6c/element/55cd4431-ae22-49f3-b521-1bec1f2d08b6/value'
18:00:56.402 [AsyncHttpClient-1-5] DEBUG org.asynchttpclient.netty.handler.HttpHandler - 

Request DefaultHttpRequest(decodeResult: success, version: HTTP/1.1)
POST /session/a97e03a7e7a79e9cb27fb330525c7d6c/element/55cd4431-ae22-49f3-b521-1bec1f2d08b6/value HTTP/1.1
User-Agent: selenium/4.4.0 (java windows)
Content-Length: 151
Content-Type: application/json; charset=utf-8
host: localhost:53732
accept: */*

Response DefaultHttpResponse(decodeResult: success, version: HTTP/1.1)
HTTP/1.1 200 OK
Content-Type: application/json; charset=utf-8
cache-control: no-cache
content-length: 14

18:00:56.402 [AsyncHttpClient-1-5] DEBUG org.asynchttpclient.netty.channel.ChannelManager - Adding key: http://localhost:53732 for channel [id: 0xf1e22be2, L:/127.0.0.1:59239 - R:localhost/127.0.0.1:53732]
18:00:56.402 [Forwarding screenshot on session a97e03a7e7a79e9cb27fb330525c7d6c to remote] DEBUG org.asynchttpclient.netty.request.NettyRequestSender - Using pooled Channel '[id: 0xf1e22be2, L:/127.0.0.1:59239 - R:localhost/127.0.0.1:53732]' for 'GET' to 'http://localhost:53732/session/a97e03a7e7a79e9cb27fb330525c7d6c/screenshot'
18:00:56.402 [Forwarding screenshot on session a97e03a7e7a79e9cb27fb330525c7d6c to remote] DEBUG org.asynchttpclient.netty.request.NettyRequestSender - Using open Channel [id: 0xf1e22be2, L:/127.0.0.1:59239 - R:localhost/127.0.0.1:53732] for GET '/session/a97e03a7e7a79e9cb27fb330525c7d6c/screenshot'
18:00:56.544 [AsyncHttpClient-1-5] DEBUG org.asynchttpclient.netty.handler.HttpHandler - 

Request DefaultFullHttpRequest(decodeResult: success, version: HTTP/1.1, content: EmptyByteBufBE)
GET /session/a97e03a7e7a79e9cb27fb330525c7d6c/screenshot HTTP/1.1
User-Agent: selenium/4.4.0 (java windows)
Cache-Control: no-cache
Content-Type: application/json; charset=utf-8
host: localhost:53732
accept: */*

Response DefaultHttpResponse(decodeResult: success, version: HTTP/1.1)
HTTP/1.1 200 OK
Content-Type: application/json; charset=utf-8
cache-control: no-cache
content-length: 130796

18:00:56.545 [AsyncHttpClient-1-5] DEBUG org.asynchttpclient.netty.channel.ChannelManager - Adding key: http://localhost:53732 for channel [id: 0xf1e22be2, L:/127.0.0.1:59239 - R:localhost/127.0.0.1:53732]
18:00:56.555 [Forwarding findElement on session a97e03a7e7a79e9cb27fb330525c7d6c to remote] DEBUG org.asynchttpclient.netty.request.NettyRequestSender - Using pooled Channel '[id: 0xf1e22be2, L:/127.0.0.1:59239 - R:localhost/127.0.0.1:53732]' for 'POST' to 'http://localhost:53732/session/a97e03a7e7a79e9cb27fb330525c7d6c/element'
18:00:56.556 [Forwarding findElement on session a97e03a7e7a79e9cb27fb330525c7d6c to remote] DEBUG org.asynchttpclient.netty.request.NettyRequestSender - Using open Channel [id: 0xf1e22be2, L:/127.0.0.1:59239 - R:localhost/127.0.0.1:53732] for POST '/session/a97e03a7e7a79e9cb27fb330525c7d6c/element'
18:00:56.565 [AsyncHttpClient-1-5] DEBUG org.asynchttpclient.netty.handler.HttpHandler - 

Request DefaultHttpRequest(decodeResult: success, version: HTTP/1.1)
POST /session/a97e03a7e7a79e9cb27fb330525c7d6c/element HTTP/1.1
User-Agent: selenium/4.4.0 (java windows)
Content-Length: 75
Content-Type: application/json; charset=utf-8
host: localhost:53732
accept: */*

Response DefaultHttpResponse(decodeResult: success, version: HTTP/1.1)
HTTP/1.1 200 OK
Content-Type: application/json; charset=utf-8
cache-control: no-cache
content-length: 88

18:00:56.565 [AsyncHttpClient-1-5] DEBUG org.asynchttpclient.netty.channel.ChannelManager - Adding key: http://localhost:53732 for channel [id: 0xf1e22be2, L:/127.0.0.1:59239 - R:localhost/127.0.0.1:53732]
18:00:56.567 [Forwarding isElementDisplayed on session a97e03a7e7a79e9cb27fb330525c7d6c to remote] DEBUG org.asynchttpclient.netty.request.NettyRequestSender - Using pooled Channel '[id: 0xf1e22be2, L:/127.0.0.1:59239 - R:localhost/127.0.0.1:53732]' for 'POST' to 'http://localhost:53732/session/a97e03a7e7a79e9cb27fb330525c7d6c/execute/sync'
18:00:56.567 [Forwarding isElementDisplayed on session a97e03a7e7a79e9cb27fb330525c7d6c to remote] DEBUG org.asynchttpclient.netty.request.NettyRequestSender - Using open Channel [id: 0xf1e22be2, L:/127.0.0.1:59239 - R:localhost/127.0.0.1:53732] for POST '/session/a97e03a7e7a79e9cb27fb330525c7d6c/execute/sync'
18:00:56.577 [AsyncHttpClient-1-5] DEBUG org.asynchttpclient.netty.handler.HttpHandler - 

Request DefaultHttpRequest(decodeResult: success, version: HTTP/1.1)
POST /session/a97e03a7e7a79e9cb27fb330525c7d6c/execute/sync HTTP/1.1
User-Agent: selenium/4.4.0 (java windows)
Content-Length: 48780
Content-Type: application/json; charset=utf-8
host: localhost:53732
accept: */*

Response DefaultHttpResponse(decodeResult: success, version: HTTP/1.1)
HTTP/1.1 200 OK
Content-Type: application/json; charset=utf-8
cache-control: no-cache
content-length: 14

18:00:56.577 [AsyncHttpClient-1-5] DEBUG org.asynchttpclient.netty.channel.ChannelManager - Adding key: http://localhost:53732 for channel [id: 0xf1e22be2, L:/127.0.0.1:59239 - R:localhost/127.0.0.1:53732]
18:00:56.580 [Forwarding isElementDisplayed on session a97e03a7e7a79e9cb27fb330525c7d6c to remote] DEBUG org.asynchttpclient.netty.request.NettyRequestSender - Using pooled Channel '[id: 0xf1e22be2, L:/127.0.0.1:59239 - R:localhost/127.0.0.1:53732]' for 'POST' to 'http://localhost:53732/session/a97e03a7e7a79e9cb27fb330525c7d6c/execute/sync'
18:00:56.580 [Forwarding isElementDisplayed on session a97e03a7e7a79e9cb27fb330525c7d6c to remote] DEBUG org.asynchttpclient.netty.request.NettyRequestSender - Using open Channel [id: 0xf1e22be2, L:/127.0.0.1:59239 - R:localhost/127.0.0.1:53732] for POST '/session/a97e03a7e7a79e9cb27fb330525c7d6c/execute/sync'
18:00:56.588 [AsyncHttpClient-1-5] DEBUG org.asynchttpclient.netty.handler.HttpHandler - 

Request DefaultHttpRequest(decodeResult: success, version: HTTP/1.1)
POST /session/a97e03a7e7a79e9cb27fb330525c7d6c/execute/sync HTTP/1.1
User-Agent: selenium/4.4.0 (java windows)
Content-Length: 48780
Content-Type: application/json; charset=utf-8
host: localhost:53732
accept: */*

Response DefaultHttpResponse(decodeResult: success, version: HTTP/1.1)
HTTP/1.1 200 OK
Content-Type: application/json; charset=utf-8
cache-control: no-cache
content-length: 14

18:00:56.588 [AsyncHttpClient-1-5] DEBUG org.asynchttpclient.netty.channel.ChannelManager - Adding key: http://localhost:53732 for channel [id: 0xf1e22be2, L:/127.0.0.1:59239 - R:localhost/127.0.0.1:53732]
18:00:56.590 [Forwarding findElement on session a97e03a7e7a79e9cb27fb330525c7d6c to remote] DEBUG org.asynchttpclient.netty.request.NettyRequestSender - Using pooled Channel '[id: 0xf1e22be2, L:/127.0.0.1:59239 - R:localhost/127.0.0.1:53732]' for 'POST' to 'http://localhost:53732/session/a97e03a7e7a79e9cb27fb330525c7d6c/element'
18:00:56.590 [Forwarding findElement on session a97e03a7e7a79e9cb27fb330525c7d6c to remote] DEBUG org.asynchttpclient.netty.request.NettyRequestSender - Using open Channel [id: 0xf1e22be2, L:/127.0.0.1:59239 - R:localhost/127.0.0.1:53732] for POST '/session/a97e03a7e7a79e9cb27fb330525c7d6c/element'
18:00:56.596 [AsyncHttpClient-1-5] DEBUG org.asynchttpclient.netty.handler.HttpHandler - 

Request DefaultHttpRequest(decodeResult: success, version: HTTP/1.1)
POST /session/a97e03a7e7a79e9cb27fb330525c7d6c/element HTTP/1.1
User-Agent: selenium/4.4.0 (java windows)
Content-Length: 75
Content-Type: application/json; charset=utf-8
host: localhost:53732
accept: */*

Response DefaultHttpResponse(decodeResult: success, version: HTTP/1.1)
HTTP/1.1 200 OK
Content-Type: application/json; charset=utf-8
cache-control: no-cache
content-length: 88

18:00:56.596 [AsyncHttpClient-1-5] DEBUG org.asynchttpclient.netty.channel.ChannelManager - Adding key: http://localhost:53732 for channel [id: 0xf1e22be2, L:/127.0.0.1:59239 - R:localhost/127.0.0.1:53732]
18:00:56.598 [Forwarding isElementDisplayed on session a97e03a7e7a79e9cb27fb330525c7d6c to remote] DEBUG org.asynchttpclient.netty.request.NettyRequestSender - Using pooled Channel '[id: 0xf1e22be2, L:/127.0.0.1:59239 - R:localhost/127.0.0.1:53732]' for 'POST' to 'http://localhost:53732/session/a97e03a7e7a79e9cb27fb330525c7d6c/execute/sync'
18:00:56.598 [Forwarding isElementDisplayed on session a97e03a7e7a79e9cb27fb330525c7d6c to remote] DEBUG org.asynchttpclient.netty.request.NettyRequestSender - Using open Channel [id: 0xf1e22be2, L:/127.0.0.1:59239 - R:localhost/127.0.0.1:53732] for POST '/session/a97e03a7e7a79e9cb27fb330525c7d6c/execute/sync'
18:00:56.608 [AsyncHttpClient-1-5] DEBUG org.asynchttpclient.netty.handler.HttpHandler - 

Request DefaultHttpRequest(decodeResult: success, version: HTTP/1.1)
POST /session/a97e03a7e7a79e9cb27fb330525c7d6c/execute/sync HTTP/1.1
User-Agent: selenium/4.4.0 (java windows)
Content-Length: 48780
Content-Type: application/json; charset=utf-8
host: localhost:53732
accept: */*

Response DefaultHttpResponse(decodeResult: success, version: HTTP/1.1)
HTTP/1.1 200 OK
Content-Type: application/json; charset=utf-8
cache-control: no-cache
content-length: 14

18:00:56.609 [AsyncHttpClient-1-5] DEBUG org.asynchttpclient.netty.channel.ChannelManager - Adding key: http://localhost:53732 for channel [id: 0xf1e22be2, L:/127.0.0.1:59239 - R:localhost/127.0.0.1:53732]
18:00:56.609 [Forwarding isElementEnabled on session a97e03a7e7a79e9cb27fb330525c7d6c to remote] DEBUG org.asynchttpclient.netty.request.NettyRequestSender - Using pooled Channel '[id: 0xf1e22be2, L:/127.0.0.1:59239 - R:localhost/127.0.0.1:53732]' for 'GET' to 'http://localhost:53732/session/a97e03a7e7a79e9cb27fb330525c7d6c/element/2d415991-d977-4664-8605-05dd9320faa3/enabled'
18:00:56.609 [Forwarding isElementEnabled on session a97e03a7e7a79e9cb27fb330525c7d6c to remote] DEBUG org.asynchttpclient.netty.request.NettyRequestSender - Using open Channel [id: 0xf1e22be2, L:/127.0.0.1:59239 - R:localhost/127.0.0.1:53732] for GET '/session/a97e03a7e7a79e9cb27fb330525c7d6c/element/2d415991-d977-4664-8605-05dd9320faa3/enabled'
18:00:56.617 [AsyncHttpClient-1-5] DEBUG org.asynchttpclient.netty.handler.HttpHandler - 

Request DefaultFullHttpRequest(decodeResult: success, version: HTTP/1.1, content: EmptyByteBufBE)
GET /session/a97e03a7e7a79e9cb27fb330525c7d6c/element/2d415991-d977-4664-8605-05dd9320faa3/enabled HTTP/1.1
User-Agent: selenium/4.4.0 (java windows)
Cache-Control: no-cache
Content-Type: application/json; charset=utf-8
host: localhost:53732
accept: */*

Response DefaultHttpResponse(decodeResult: success, version: HTTP/1.1)
HTTP/1.1 200 OK
Content-Type: application/json; charset=utf-8
cache-control: no-cache
content-length: 14

18:00:56.617 [AsyncHttpClient-1-5] DEBUG org.asynchttpclient.netty.channel.ChannelManager - Adding key: http://localhost:53732 for channel [id: 0xf1e22be2, L:/127.0.0.1:59239 - R:localhost/127.0.0.1:53732]
18:00:56.618 [Forwarding findElement on session a97e03a7e7a79e9cb27fb330525c7d6c to remote] DEBUG org.asynchttpclient.netty.request.NettyRequestSender - Using pooled Channel '[id: 0xf1e22be2, L:/127.0.0.1:59239 - R:localhost/127.0.0.1:53732]' for 'POST' to 'http://localhost:53732/session/a97e03a7e7a79e9cb27fb330525c7d6c/element'
18:00:56.618 [Forwarding findElement on session a97e03a7e7a79e9cb27fb330525c7d6c to remote] DEBUG org.asynchttpclient.netty.request.NettyRequestSender - Using open Channel [id: 0xf1e22be2, L:/127.0.0.1:59239 - R:localhost/127.0.0.1:53732] for POST '/session/a97e03a7e7a79e9cb27fb330525c7d6c/element'
18:00:56.624 [AsyncHttpClient-1-5] DEBUG org.asynchttpclient.netty.handler.HttpHandler - 

Request DefaultHttpRequest(decodeResult: success, version: HTTP/1.1)
POST /session/a97e03a7e7a79e9cb27fb330525c7d6c/element HTTP/1.1
User-Agent: selenium/4.4.0 (java windows)
Content-Length: 75
Content-Type: application/json; charset=utf-8
host: localhost:53732
accept: */*

Response DefaultHttpResponse(decodeResult: success, version: HTTP/1.1)
HTTP/1.1 200 OK
Content-Type: application/json; charset=utf-8
cache-control: no-cache
content-length: 88

18:00:56.624 [AsyncHttpClient-1-5] DEBUG org.asynchttpclient.netty.channel.ChannelManager - Adding key: http://localhost:53732 for channel [id: 0xf1e22be2, L:/127.0.0.1:59239 - R:localhost/127.0.0.1:53732]
18:00:56.627 [Forwarding isElementDisplayed on session a97e03a7e7a79e9cb27fb330525c7d6c to remote] DEBUG org.asynchttpclient.netty.request.NettyRequestSender - Using pooled Channel '[id: 0xf1e22be2, L:/127.0.0.1:59239 - R:localhost/127.0.0.1:53732]' for 'POST' to 'http://localhost:53732/session/a97e03a7e7a79e9cb27fb330525c7d6c/execute/sync'
18:00:56.627 [Forwarding isElementDisplayed on session a97e03a7e7a79e9cb27fb330525c7d6c to remote] DEBUG org.asynchttpclient.netty.request.NettyRequestSender - Using open Channel [id: 0xf1e22be2, L:/127.0.0.1:59239 - R:localhost/127.0.0.1:53732] for POST '/session/a97e03a7e7a79e9cb27fb330525c7d6c/execute/sync'
18:00:56.635 [AsyncHttpClient-1-5] DEBUG org.asynchttpclient.netty.handler.HttpHandler - 

Request DefaultHttpRequest(decodeResult: success, version: HTTP/1.1)
POST /session/a97e03a7e7a79e9cb27fb330525c7d6c/execute/sync HTTP/1.1
User-Agent: selenium/4.4.0 (java windows)
Content-Length: 48780
Content-Type: application/json; charset=utf-8
host: localhost:53732
accept: */*

Response DefaultHttpResponse(decodeResult: success, version: HTTP/1.1)
HTTP/1.1 200 OK
Content-Type: application/json; charset=utf-8
cache-control: no-cache
content-length: 14

18:00:56.635 [AsyncHttpClient-1-5] DEBUG org.asynchttpclient.netty.channel.ChannelManager - Adding key: http://localhost:53732 for channel [id: 0xf1e22be2, L:/127.0.0.1:59239 - R:localhost/127.0.0.1:53732]
18:00:56.636 [Forwarding sendKeysToElement on session a97e03a7e7a79e9cb27fb330525c7d6c to remote] DEBUG org.asynchttpclient.netty.request.NettyRequestSender - Using pooled Channel '[id: 0xf1e22be2, L:/127.0.0.1:59239 - R:localhost/127.0.0.1:53732]' for 'POST' to 'http://localhost:53732/session/a97e03a7e7a79e9cb27fb330525c7d6c/element/2d415991-d977-4664-8605-05dd9320faa3/value'
18:00:56.637 [Forwarding sendKeysToElement on session a97e03a7e7a79e9cb27fb330525c7d6c to remote] DEBUG org.asynchttpclient.netty.request.NettyRequestSender - Using open Channel [id: 0xf1e22be2, L:/127.0.0.1:59239 - R:localhost/127.0.0.1:53732] for POST '/session/a97e03a7e7a79e9cb27fb330525c7d6c/element/2d415991-d977-4664-8605-05dd9320faa3/value'
18:00:56.668 [AsyncHttpClient-1-5] DEBUG org.asynchttpclient.netty.handler.HttpHandler - 

Request DefaultHttpRequest(decodeResult: success, version: HTTP/1.1)
POST /session/a97e03a7e7a79e9cb27fb330525c7d6c/element/2d415991-d977-4664-8605-05dd9320faa3/value HTTP/1.1
User-Agent: selenium/4.4.0 (java windows)
Content-Length: 111
Content-Type: application/json; charset=utf-8
host: localhost:53732
accept: */*

Response DefaultHttpResponse(decodeResult: success, version: HTTP/1.1)
HTTP/1.1 200 OK
Content-Type: application/json; charset=utf-8
cache-control: no-cache
content-length: 14

18:00:56.668 [AsyncHttpClient-1-5] DEBUG org.asynchttpclient.netty.channel.ChannelManager - Adding key: http://localhost:53732 for channel [id: 0xf1e22be2, L:/127.0.0.1:59239 - R:localhost/127.0.0.1:53732]
18:00:56.669 [Forwarding screenshot on session a97e03a7e7a79e9cb27fb330525c7d6c to remote] DEBUG org.asynchttpclient.netty.request.NettyRequestSender - Using pooled Channel '[id: 0xf1e22be2, L:/127.0.0.1:59239 - R:localhost/127.0.0.1:53732]' for 'GET' to 'http://localhost:53732/session/a97e03a7e7a79e9cb27fb330525c7d6c/screenshot'
18:00:56.669 [Forwarding screenshot on session a97e03a7e7a79e9cb27fb330525c7d6c to remote] DEBUG org.asynchttpclient.netty.request.NettyRequestSender - Using open Channel [id: 0xf1e22be2, L:/127.0.0.1:59239 - R:localhost/127.0.0.1:53732] for GET '/session/a97e03a7e7a79e9cb27fb330525c7d6c/screenshot'
18:00:56.818 [AsyncHttpClient-1-5] DEBUG org.asynchttpclient.netty.handler.HttpHandler - 

Request DefaultFullHttpRequest(decodeResult: success, version: HTTP/1.1, content: EmptyByteBufBE)
GET /session/a97e03a7e7a79e9cb27fb330525c7d6c/screenshot HTTP/1.1
User-Agent: selenium/4.4.0 (java windows)
Cache-Control: no-cache
Content-Type: application/json; charset=utf-8
host: localhost:53732
accept: */*

Response DefaultHttpResponse(decodeResult: success, version: HTTP/1.1)
HTTP/1.1 200 OK
Content-Type: application/json; charset=utf-8
cache-control: no-cache
content-length: 182424

18:00:56.818 [AsyncHttpClient-1-5] DEBUG org.asynchttpclient.netty.channel.ChannelManager - Adding key: http://localhost:53732 for channel [id: 0xf1e22be2, L:/127.0.0.1:59239 - R:localhost/127.0.0.1:53732]
18:00:56.827 [Forwarding getCurrentWindowHandle on session a97e03a7e7a79e9cb27fb330525c7d6c to remote] DEBUG org.asynchttpclient.netty.request.NettyRequestSender - Using pooled Channel '[id: 0xf1e22be2, L:/127.0.0.1:59239 - R:localhost/127.0.0.1:53732]' for 'GET' to 'http://localhost:53732/session/a97e03a7e7a79e9cb27fb330525c7d6c/window'
18:00:56.827 [Forwarding getCurrentWindowHandle on session a97e03a7e7a79e9cb27fb330525c7d6c to remote] DEBUG org.asynchttpclient.netty.request.NettyRequestSender - Using open Channel [id: 0xf1e22be2, L:/127.0.0.1:59239 - R:localhost/127.0.0.1:53732] for GET '/session/a97e03a7e7a79e9cb27fb330525c7d6c/window'
18:00:56.828 [AsyncHttpClient-1-5] DEBUG org.asynchttpclient.netty.handler.HttpHandler - 

Request DefaultFullHttpRequest(decodeResult: success, version: HTTP/1.1, content: EmptyByteBufBE)
GET /session/a97e03a7e7a79e9cb27fb330525c7d6c/window HTTP/1.1
User-Agent: selenium/4.4.0 (java windows)
Cache-Control: no-cache
Content-Type: application/json; charset=utf-8
host: localhost:53732
accept: */*

Response DefaultHttpResponse(decodeResult: success, version: HTTP/1.1)
HTTP/1.1 200 OK
Content-Type: application/json; charset=utf-8
cache-control: no-cache
content-length: 53

18:00:56.829 [AsyncHttpClient-1-5] DEBUG org.asynchttpclient.netty.channel.ChannelManager - Adding key: http://localhost:53732 for channel [id: 0xf1e22be2, L:/127.0.0.1:59239 - R:localhost/127.0.0.1:53732]
18:00:56.830 [Forwarding getAlertText on session a97e03a7e7a79e9cb27fb330525c7d6c to remote] DEBUG org.asynchttpclient.netty.request.NettyRequestSender - Using pooled Channel '[id: 0xf1e22be2, L:/127.0.0.1:59239 - R:localhost/127.0.0.1:53732]' for 'GET' to 'http://localhost:53732/session/a97e03a7e7a79e9cb27fb330525c7d6c/alert/text'
18:00:56.830 [Forwarding getAlertText on session a97e03a7e7a79e9cb27fb330525c7d6c to remote] DEBUG org.asynchttpclient.netty.request.NettyRequestSender - Using open Channel [id: 0xf1e22be2, L:/127.0.0.1:59239 - R:localhost/127.0.0.1:53732] for GET '/session/a97e03a7e7a79e9cb27fb330525c7d6c/alert/text'
18:00:56.832 [AsyncHttpClient-1-5] DEBUG org.asynchttpclient.netty.handler.HttpHandler - 

Request DefaultFullHttpRequest(decodeResult: success, version: HTTP/1.1, content: EmptyByteBufBE)
GET /session/a97e03a7e7a79e9cb27fb330525c7d6c/alert/text HTTP/1.1
User-Agent: selenium/4.4.0 (java windows)
Cache-Control: no-cache
Content-Type: application/json; charset=utf-8
host: localhost:53732
accept: */*

Response DefaultHttpResponse(decodeResult: success, version: HTTP/1.1)
HTTP/1.1 404 Not Found
Content-Type: application/json; charset=utf-8
cache-control: no-cache
content-length: 835

18:00:56.832 [AsyncHttpClient-1-5] DEBUG org.asynchttpclient.netty.channel.ChannelManager - Adding key: http://localhost:53732 for channel [id: 0xf1e22be2, L:/127.0.0.1:59239 - R:localhost/127.0.0.1:53732]
18:00:56.834 [Forwarding switchToWindow on session a97e03a7e7a79e9cb27fb330525c7d6c to remote] DEBUG org.asynchttpclient.netty.request.NettyRequestSender - Using pooled Channel '[id: 0xf1e22be2, L:/127.0.0.1:59239 - R:localhost/127.0.0.1:53732]' for 'POST' to 'http://localhost:53732/session/a97e03a7e7a79e9cb27fb330525c7d6c/window'
18:00:56.834 [Forwarding switchToWindow on session a97e03a7e7a79e9cb27fb330525c7d6c to remote] DEBUG org.asynchttpclient.netty.request.NettyRequestSender - Using open Channel [id: 0xf1e22be2, L:/127.0.0.1:59239 - R:localhost/127.0.0.1:53732] for POST '/session/a97e03a7e7a79e9cb27fb330525c7d6c/window'
18:00:56.836 [AsyncHttpClient-1-5] DEBUG org.asynchttpclient.netty.handler.HttpHandler - 

Request DefaultHttpRequest(decodeResult: success, version: HTTP/1.1)
POST /session/a97e03a7e7a79e9cb27fb330525c7d6c/window HTTP/1.1
User-Agent: selenium/4.4.0 (java windows)
Content-Length: 59
Content-Type: application/json; charset=utf-8
host: localhost:53732
accept: */*

Response DefaultHttpResponse(decodeResult: success, version: HTTP/1.1)
HTTP/1.1 200 OK
Content-Type: application/json; charset=utf-8
cache-control: no-cache
content-length: 14

18:00:56.836 [AsyncHttpClient-1-5] DEBUG org.asynchttpclient.netty.channel.ChannelManager - Adding key: http://localhost:53732 for channel [id: 0xf1e22be2, L:/127.0.0.1:59239 - R:localhost/127.0.0.1:53732]
18:00:56.836 [Forwarding getCurrentUrl on session a97e03a7e7a79e9cb27fb330525c7d6c to remote] DEBUG org.asynchttpclient.netty.request.NettyRequestSender - Using pooled Channel '[id: 0xf1e22be2, L:/127.0.0.1:59239 - R:localhost/127.0.0.1:53732]' for 'GET' to 'http://localhost:53732/session/a97e03a7e7a79e9cb27fb330525c7d6c/url'
18:00:56.836 [Forwarding getCurrentUrl on session a97e03a7e7a79e9cb27fb330525c7d6c to remote] DEBUG org.asynchttpclient.netty.request.NettyRequestSender - Using open Channel [id: 0xf1e22be2, L:/127.0.0.1:59239 - R:localhost/127.0.0.1:53732] for GET '/session/a97e03a7e7a79e9cb27fb330525c7d6c/url'
18:00:56.840 [AsyncHttpClient-1-5] DEBUG org.asynchttpclient.netty.handler.HttpHandler - 

Request DefaultFullHttpRequest(decodeResult: success, version: HTTP/1.1, content: EmptyByteBufBE)
GET /session/a97e03a7e7a79e9cb27fb330525c7d6c/url HTTP/1.1
User-Agent: selenium/4.4.0 (java windows)
Cache-Control: no-cache
Content-Type: application/json; charset=utf-8
host: localhost:53732
accept: */*

Response DefaultHttpResponse(decodeResult: success, version: HTTP/1.1)
HTTP/1.1 200 OK
Content-Type: application/json; charset=utf-8
cache-control: no-cache
content-length: 48

18:00:56.840 [AsyncHttpClient-1-5] DEBUG org.asynchttpclient.netty.channel.ChannelManager - Adding key: http://localhost:53732 for channel [id: 0xf1e22be2, L:/127.0.0.1:59239 - R:localhost/127.0.0.1:53732]
18:00:56.841 [Forwarding screenshot on session a97e03a7e7a79e9cb27fb330525c7d6c to remote] DEBUG org.asynchttpclient.netty.request.NettyRequestSender - Using pooled Channel '[id: 0xf1e22be2, L:/127.0.0.1:59239 - R:localhost/127.0.0.1:53732]' for 'GET' to 'http://localhost:53732/session/a97e03a7e7a79e9cb27fb330525c7d6c/screenshot'
18:00:56.841 [Forwarding screenshot on session a97e03a7e7a79e9cb27fb330525c7d6c to remote] DEBUG org.asynchttpclient.netty.request.NettyRequestSender - Using open Channel [id: 0xf1e22be2, L:/127.0.0.1:59239 - R:localhost/127.0.0.1:53732] for GET '/session/a97e03a7e7a79e9cb27fb330525c7d6c/screenshot'
18:00:56.964 [AsyncHttpClient-1-1] DEBUG org.asynchttpclient.netty.channel.DefaultChannelPool - Entry count for : http://localhost:59240 : 1
18:00:56.967 [AsyncHttpClient-1-5] DEBUG org.asynchttpclient.netty.handler.HttpHandler - 

Request DefaultFullHttpRequest(decodeResult: success, version: HTTP/1.1, content: EmptyByteBufBE)
GET /session/a97e03a7e7a79e9cb27fb330525c7d6c/screenshot HTTP/1.1
User-Agent: selenium/4.4.0 (java windows)
Cache-Control: no-cache
Content-Type: application/json; charset=utf-8
host: localhost:53732
accept: */*

Response DefaultHttpResponse(decodeResult: success, version: HTTP/1.1)
HTTP/1.1 200 OK
Content-Type: application/json; charset=utf-8
cache-control: no-cache
content-length: 182352

18:00:56.968 [AsyncHttpClient-1-5] DEBUG org.asynchttpclient.netty.channel.ChannelManager - Adding key: http://localhost:53732 for channel [id: 0xf1e22be2, L:/127.0.0.1:59239 - R:localhost/127.0.0.1:53732]
18:00:56.970 [main] DEBUG net.serenitybdd.core.photography.Darkroom - Send negative for processing for target\site\serenity\ac50736ebb842abd6b788250c1ad43a89059f16ac55d78a3353746b98e2b173c.png
18:00:56.971 [main] DEBUG net.thucydides.core.steps.StepInterceptor - STEP DONE: inserto usuario{usuario} y contraseña{password}
18:00:56.974 [Forwarding getPageSource on session a97e03a7e7a79e9cb27fb330525c7d6c to remote] DEBUG org.asynchttpclient.netty.request.NettyRequestSender - Using pooled Channel '[id: 0xf1e22be2, L:/127.0.0.1:59239 - R:localhost/127.0.0.1:53732]' for 'POST' to 'http://localhost:53732/session/a97e03a7e7a79e9cb27fb330525c7d6c/execute/sync'
18:00:56.974 [Forwarding getPageSource on session a97e03a7e7a79e9cb27fb330525c7d6c to remote] DEBUG org.asynchttpclient.netty.request.NettyRequestSender - Using open Channel [id: 0xf1e22be2, L:/127.0.0.1:59239 - R:localhost/127.0.0.1:53732] for POST '/session/a97e03a7e7a79e9cb27fb330525c7d6c/execute/sync'
18:00:56.981 [AsyncHttpClient-1-5] DEBUG org.asynchttpclient.netty.handler.HttpHandler - 

Request DefaultHttpRequest(decodeResult: success, version: HTTP/1.1)
POST /session/a97e03a7e7a79e9cb27fb330525c7d6c/execute/sync HTTP/1.1
User-Agent: selenium/4.4.0 (java windows)
Content-Length: 176
Content-Type: application/json; charset=utf-8
host: localhost:53732
accept: */*

Response DefaultHttpResponse(decodeResult: success, version: HTTP/1.1)
HTTP/1.1 200 OK
Content-Type: application/json; charset=utf-8
cache-control: no-cache
content-length: 57699

18:00:56.982 [AsyncHttpClient-1-5] DEBUG org.asynchttpclient.netty.channel.ChannelManager - Adding key: http://localhost:53732 for channel [id: 0xf1e22be2, L:/127.0.0.1:59239 - R:localhost/127.0.0.1:53732]
18:00:56.986 [Forwarding getCurrentUrl on session a97e03a7e7a79e9cb27fb330525c7d6c to remote] DEBUG org.asynchttpclient.netty.request.NettyRequestSender - Using pooled Channel '[id: 0xf1e22be2, L:/127.0.0.1:59239 - R:localhost/127.0.0.1:53732]' for 'GET' to 'http://localhost:53732/session/a97e03a7e7a79e9cb27fb330525c7d6c/url'
18:00:56.986 [Forwarding getCurrentUrl on session a97e03a7e7a79e9cb27fb330525c7d6c to remote] DEBUG org.asynchttpclient.netty.request.NettyRequestSender - Using open Channel [id: 0xf1e22be2, L:/127.0.0.1:59239 - R:localhost/127.0.0.1:53732] for GET '/session/a97e03a7e7a79e9cb27fb330525c7d6c/url'
18:00:56.989 [AsyncHttpClient-1-5] DEBUG org.asynchttpclient.netty.handler.HttpHandler - 

Request DefaultFullHttpRequest(decodeResult: success, version: HTTP/1.1, content: EmptyByteBufBE)
GET /session/a97e03a7e7a79e9cb27fb330525c7d6c/url HTTP/1.1
User-Agent: selenium/4.4.0 (java windows)
Cache-Control: no-cache
Content-Type: application/json; charset=utf-8
host: localhost:53732
accept: */*

Response DefaultHttpResponse(decodeResult: success, version: HTTP/1.1)
HTTP/1.1 200 OK
Content-Type: application/json; charset=utf-8
cache-control: no-cache
content-length: 48

18:00:56.989 [AsyncHttpClient-1-5] DEBUG org.asynchttpclient.netty.channel.ChannelManager - Adding key: http://localhost:53732 for channel [id: 0xf1e22be2, L:/127.0.0.1:59239 - R:localhost/127.0.0.1:53732]
18:00:56.991 [main] DEBUG net.thucydides.core.steps.StepInterceptor - STARTING STEP: ComprobarCestaStep.estoy_logeado_con_el_usuario_de_contraseña - clikar login
18:00:56.992 [Forwarding findElement on session a97e03a7e7a79e9cb27fb330525c7d6c to remote] DEBUG org.asynchttpclient.netty.request.NettyRequestSender - Using pooled Channel '[id: 0xf1e22be2, L:/127.0.0.1:59239 - R:localhost/127.0.0.1:53732]' for 'POST' to 'http://localhost:53732/session/a97e03a7e7a79e9cb27fb330525c7d6c/element'
18:00:56.992 [Forwarding findElement on session a97e03a7e7a79e9cb27fb330525c7d6c to remote] DEBUG org.asynchttpclient.netty.request.NettyRequestSender - Using open Channel [id: 0xf1e22be2, L:/127.0.0.1:59239 - R:localhost/127.0.0.1:53732] for POST '/session/a97e03a7e7a79e9cb27fb330525c7d6c/element'
18:00:57.001 [AsyncHttpClient-1-5] DEBUG org.asynchttpclient.netty.handler.HttpHandler - 

Request DefaultHttpRequest(decodeResult: success, version: HTTP/1.1)
POST /session/a97e03a7e7a79e9cb27fb330525c7d6c/element HTTP/1.1
User-Agent: selenium/4.4.0 (java windows)
Content-Length: 83
Content-Type: application/json; charset=utf-8
host: localhost:53732
accept: */*

Response DefaultHttpResponse(decodeResult: success, version: HTTP/1.1)
HTTP/1.1 200 OK
Content-Type: application/json; charset=utf-8
cache-control: no-cache
content-length: 88

18:00:57.001 [AsyncHttpClient-1-5] DEBUG org.asynchttpclient.netty.channel.ChannelManager - Adding key: http://localhost:53732 for channel [id: 0xf1e22be2, L:/127.0.0.1:59239 - R:localhost/127.0.0.1:53732]
18:00:57.002 [Forwarding isElementDisplayed on session a97e03a7e7a79e9cb27fb330525c7d6c to remote] DEBUG org.asynchttpclient.netty.request.NettyRequestSender - Using pooled Channel '[id: 0xf1e22be2, L:/127.0.0.1:59239 - R:localhost/127.0.0.1:53732]' for 'POST' to 'http://localhost:53732/session/a97e03a7e7a79e9cb27fb330525c7d6c/execute/sync'
18:00:57.003 [Forwarding isElementDisplayed on session a97e03a7e7a79e9cb27fb330525c7d6c to remote] DEBUG org.asynchttpclient.netty.request.NettyRequestSender - Using open Channel [id: 0xf1e22be2, L:/127.0.0.1:59239 - R:localhost/127.0.0.1:53732] for POST '/session/a97e03a7e7a79e9cb27fb330525c7d6c/execute/sync'
18:00:57.011 [AsyncHttpClient-1-5] DEBUG org.asynchttpclient.netty.handler.HttpHandler - 

Request DefaultHttpRequest(decodeResult: success, version: HTTP/1.1)
POST /session/a97e03a7e7a79e9cb27fb330525c7d6c/execute/sync HTTP/1.1
User-Agent: selenium/4.4.0 (java windows)
Content-Length: 48780
Content-Type: application/json; charset=utf-8
host: localhost:53732
accept: */*

Response DefaultHttpResponse(decodeResult: success, version: HTTP/1.1)
HTTP/1.1 200 OK
Content-Type: application/json; charset=utf-8
cache-control: no-cache
content-length: 14

18:00:57.011 [AsyncHttpClient-1-5] DEBUG org.asynchttpclient.netty.channel.ChannelManager - Adding key: http://localhost:53732 for channel [id: 0xf1e22be2, L:/127.0.0.1:59239 - R:localhost/127.0.0.1:53732]
18:00:57.012 [Forwarding clickElement on session a97e03a7e7a79e9cb27fb330525c7d6c to remote] DEBUG org.asynchttpclient.netty.request.NettyRequestSender - Using pooled Channel '[id: 0xf1e22be2, L:/127.0.0.1:59239 - R:localhost/127.0.0.1:53732]' for 'POST' to 'http://localhost:53732/session/a97e03a7e7a79e9cb27fb330525c7d6c/element/ba4d200d-dc58-4fd4-8e63-9489fa83a976/click'
18:00:57.012 [Forwarding clickElement on session a97e03a7e7a79e9cb27fb330525c7d6c to remote] DEBUG org.asynchttpclient.netty.request.NettyRequestSender - Using open Channel [id: 0xf1e22be2, L:/127.0.0.1:59239 - R:localhost/127.0.0.1:53732] for POST '/session/a97e03a7e7a79e9cb27fb330525c7d6c/element/ba4d200d-dc58-4fd4-8e63-9489fa83a976/click'
18:00:57.037 [AsyncHttpClient-1-5] DEBUG org.asynchttpclient.netty.handler.HttpHandler - 

Request DefaultHttpRequest(decodeResult: success, version: HTTP/1.1)
POST /session/a97e03a7e7a79e9cb27fb330525c7d6c/element/ba4d200d-dc58-4fd4-8e63-9489fa83a976/click HTTP/1.1
User-Agent: selenium/4.4.0 (java windows)
Content-Length: 50
Content-Type: application/json; charset=utf-8
host: localhost:53732
accept: */*

Response DefaultHttpResponse(decodeResult: success, version: HTTP/1.1)
HTTP/1.1 200 OK
Content-Type: application/json; charset=utf-8
cache-control: no-cache
content-length: 14

18:00:57.037 [AsyncHttpClient-1-5] DEBUG org.asynchttpclient.netty.channel.ChannelManager - Adding key: http://localhost:53732 for channel [id: 0xf1e22be2, L:/127.0.0.1:59239 - R:localhost/127.0.0.1:53732]
18:00:57.040 [Forwarding getCurrentWindowHandle on session a97e03a7e7a79e9cb27fb330525c7d6c to remote] DEBUG org.asynchttpclient.netty.request.NettyRequestSender - Using pooled Channel '[id: 0xf1e22be2, L:/127.0.0.1:59239 - R:localhost/127.0.0.1:53732]' for 'GET' to 'http://localhost:53732/session/a97e03a7e7a79e9cb27fb330525c7d6c/window'
18:00:57.041 [Forwarding getCurrentWindowHandle on session a97e03a7e7a79e9cb27fb330525c7d6c to remote] DEBUG org.asynchttpclient.netty.request.NettyRequestSender - Using open Channel [id: 0xf1e22be2, L:/127.0.0.1:59239 - R:localhost/127.0.0.1:53732] for GET '/session/a97e03a7e7a79e9cb27fb330525c7d6c/window'
18:00:57.041 [AsyncHttpClient-1-5] DEBUG org.asynchttpclient.netty.handler.HttpHandler - 

Request DefaultFullHttpRequest(decodeResult: success, version: HTTP/1.1, content: EmptyByteBufBE)
GET /session/a97e03a7e7a79e9cb27fb330525c7d6c/window HTTP/1.1
User-Agent: selenium/4.4.0 (java windows)
Cache-Control: no-cache
Content-Type: application/json; charset=utf-8
host: localhost:53732
accept: */*

Response DefaultHttpResponse(decodeResult: success, version: HTTP/1.1)
HTTP/1.1 200 OK
Content-Type: application/json; charset=utf-8
cache-control: no-cache
content-length: 53

18:00:57.041 [AsyncHttpClient-1-5] DEBUG org.asynchttpclient.netty.channel.ChannelManager - Adding key: http://localhost:53732 for channel [id: 0xf1e22be2, L:/127.0.0.1:59239 - R:localhost/127.0.0.1:53732]
18:00:57.042 [Forwarding getAlertText on session a97e03a7e7a79e9cb27fb330525c7d6c to remote] DEBUG org.asynchttpclient.netty.request.NettyRequestSender - Using pooled Channel '[id: 0xf1e22be2, L:/127.0.0.1:59239 - R:localhost/127.0.0.1:53732]' for 'GET' to 'http://localhost:53732/session/a97e03a7e7a79e9cb27fb330525c7d6c/alert/text'
18:00:57.042 [Forwarding getAlertText on session a97e03a7e7a79e9cb27fb330525c7d6c to remote] DEBUG org.asynchttpclient.netty.request.NettyRequestSender - Using open Channel [id: 0xf1e22be2, L:/127.0.0.1:59239 - R:localhost/127.0.0.1:53732] for GET '/session/a97e03a7e7a79e9cb27fb330525c7d6c/alert/text'
18:00:57.043 [AsyncHttpClient-1-5] DEBUG org.asynchttpclient.netty.handler.HttpHandler - 

Request DefaultFullHttpRequest(decodeResult: success, version: HTTP/1.1, content: EmptyByteBufBE)
GET /session/a97e03a7e7a79e9cb27fb330525c7d6c/alert/text HTTP/1.1
User-Agent: selenium/4.4.0 (java windows)
Cache-Control: no-cache
Content-Type: application/json; charset=utf-8
host: localhost:53732
accept: */*

Response DefaultHttpResponse(decodeResult: success, version: HTTP/1.1)
HTTP/1.1 404 Not Found
Content-Type: application/json; charset=utf-8
cache-control: no-cache
content-length: 835

18:00:57.043 [AsyncHttpClient-1-5] DEBUG org.asynchttpclient.netty.channel.ChannelManager - Adding key: http://localhost:53732 for channel [id: 0xf1e22be2, L:/127.0.0.1:59239 - R:localhost/127.0.0.1:53732]
18:00:57.044 [Forwarding switchToWindow on session a97e03a7e7a79e9cb27fb330525c7d6c to remote] DEBUG org.asynchttpclient.netty.request.NettyRequestSender - Using pooled Channel '[id: 0xf1e22be2, L:/127.0.0.1:59239 - R:localhost/127.0.0.1:53732]' for 'POST' to 'http://localhost:53732/session/a97e03a7e7a79e9cb27fb330525c7d6c/window'
18:00:57.044 [Forwarding switchToWindow on session a97e03a7e7a79e9cb27fb330525c7d6c to remote] DEBUG org.asynchttpclient.netty.request.NettyRequestSender - Using open Channel [id: 0xf1e22be2, L:/127.0.0.1:59239 - R:localhost/127.0.0.1:53732] for POST '/session/a97e03a7e7a79e9cb27fb330525c7d6c/window'
18:00:57.045 [AsyncHttpClient-1-5] DEBUG org.asynchttpclient.netty.handler.HttpHandler - 

Request DefaultHttpRequest(decodeResult: success, version: HTTP/1.1)
POST /session/a97e03a7e7a79e9cb27fb330525c7d6c/window HTTP/1.1
User-Agent: selenium/4.4.0 (java windows)
Content-Length: 59
Content-Type: application/json; charset=utf-8
host: localhost:53732
accept: */*

Response DefaultHttpResponse(decodeResult: success, version: HTTP/1.1)
HTTP/1.1 200 OK
Content-Type: application/json; charset=utf-8
cache-control: no-cache
content-length: 14

18:00:57.046 [AsyncHttpClient-1-5] DEBUG org.asynchttpclient.netty.channel.ChannelManager - Adding key: http://localhost:53732 for channel [id: 0xf1e22be2, L:/127.0.0.1:59239 - R:localhost/127.0.0.1:53732]
18:00:57.046 [Forwarding getCurrentUrl on session a97e03a7e7a79e9cb27fb330525c7d6c to remote] DEBUG org.asynchttpclient.netty.request.NettyRequestSender - Using pooled Channel '[id: 0xf1e22be2, L:/127.0.0.1:59239 - R:localhost/127.0.0.1:53732]' for 'GET' to 'http://localhost:53732/session/a97e03a7e7a79e9cb27fb330525c7d6c/url'
18:00:57.046 [Forwarding getCurrentUrl on session a97e03a7e7a79e9cb27fb330525c7d6c to remote] DEBUG org.asynchttpclient.netty.request.NettyRequestSender - Using open Channel [id: 0xf1e22be2, L:/127.0.0.1:59239 - R:localhost/127.0.0.1:53732] for GET '/session/a97e03a7e7a79e9cb27fb330525c7d6c/url'
18:00:57.048 [AsyncHttpClient-1-5] DEBUG org.asynchttpclient.netty.handler.HttpHandler - 

Request DefaultFullHttpRequest(decodeResult: success, version: HTTP/1.1, content: EmptyByteBufBE)
GET /session/a97e03a7e7a79e9cb27fb330525c7d6c/url HTTP/1.1
User-Agent: selenium/4.4.0 (java windows)
Cache-Control: no-cache
Content-Type: application/json; charset=utf-8
host: localhost:53732
accept: */*

Response DefaultHttpResponse(decodeResult: success, version: HTTP/1.1)
HTTP/1.1 200 OK
Content-Type: application/json; charset=utf-8
cache-control: no-cache
content-length: 48

18:00:57.048 [AsyncHttpClient-1-5] DEBUG org.asynchttpclient.netty.channel.ChannelManager - Adding key: http://localhost:53732 for channel [id: 0xf1e22be2, L:/127.0.0.1:59239 - R:localhost/127.0.0.1:53732]
18:00:57.049 [Forwarding screenshot on session a97e03a7e7a79e9cb27fb330525c7d6c to remote] DEBUG org.asynchttpclient.netty.request.NettyRequestSender - Using pooled Channel '[id: 0xf1e22be2, L:/127.0.0.1:59239 - R:localhost/127.0.0.1:53732]' for 'GET' to 'http://localhost:53732/session/a97e03a7e7a79e9cb27fb330525c7d6c/screenshot'
18:00:57.049 [Forwarding screenshot on session a97e03a7e7a79e9cb27fb330525c7d6c to remote] DEBUG org.asynchttpclient.netty.request.NettyRequestSender - Using open Channel [id: 0xf1e22be2, L:/127.0.0.1:59239 - R:localhost/127.0.0.1:53732] for GET '/session/a97e03a7e7a79e9cb27fb330525c7d6c/screenshot'
18:00:57.151 [AsyncHttpClient-1-5] DEBUG org.asynchttpclient.netty.handler.HttpHandler - 

Request DefaultFullHttpRequest(decodeResult: success, version: HTTP/1.1, content: EmptyByteBufBE)
GET /session/a97e03a7e7a79e9cb27fb330525c7d6c/screenshot HTTP/1.1
User-Agent: selenium/4.4.0 (java windows)
Cache-Control: no-cache
Content-Type: application/json; charset=utf-8
host: localhost:53732
accept: */*

Response DefaultHttpResponse(decodeResult: success, version: HTTP/1.1)
HTTP/1.1 200 OK
Content-Type: application/json; charset=utf-8
cache-control: no-cache
content-length: 182476

18:00:57.152 [AsyncHttpClient-1-5] DEBUG org.asynchttpclient.netty.channel.ChannelManager - Adding key: http://localhost:53732 for channel [id: 0xf1e22be2, L:/127.0.0.1:59239 - R:localhost/127.0.0.1:53732]
18:00:57.155 [main] DEBUG net.serenitybdd.core.photography.Darkroom - Send negative for processing for target\site\serenity\db7b3aeeb6385edb3e02ba53a7431a4eaad43694a031d5f7e7e95d6f44cabff2.png
18:00:57.155 [main] DEBUG net.thucydides.core.steps.StepInterceptor - STEP DONE: clikar login
  &amp#27;[32mGiven &amp#27;[0m&amp#27;[32mestoy logeado con el usuario &amp#27;[0m&amp#27;[32m&amp#27;[1m"MarkOS1"&amp#27;[0m&amp#27;[32m de contraseña &amp#27;[0m&amp#27;[32m&amp#27;[1m"123"&amp#27;[0m &amp#27;[90m# Step.ComprobarCestaStep.estoy_logeado_con_el_usuario_de_contraseña(java.lang.String,java.lang.String)&amp#27;[0m
18:00:57.159 [Forwarding getPageSource on session a97e03a7e7a79e9cb27fb330525c7d6c to remote] DEBUG org.asynchttpclient.netty.request.NettyRequestSender - Using pooled Channel '[id: 0xf1e22be2, L:/127.0.0.1:59239 - R:localhost/127.0.0.1:53732]' for 'POST' to 'http://localhost:53732/session/a97e03a7e7a79e9cb27fb330525c7d6c/execute/sync'
18:00:57.159 [Forwarding getPageSource on session a97e03a7e7a79e9cb27fb330525c7d6c to remote] DEBUG org.asynchttpclient.netty.request.NettyRequestSender - Using open Channel [id: 0xf1e22be2, L:/127.0.0.1:59239 - R:localhost/127.0.0.1:53732] for POST '/session/a97e03a7e7a79e9cb27fb330525c7d6c/execute/sync'
18:00:57.167 [AsyncHttpClient-1-5] DEBUG org.asynchttpclient.netty.handler.HttpHandler - 

Request DefaultHttpRequest(decodeResult: success, version: HTTP/1.1)
POST /session/a97e03a7e7a79e9cb27fb330525c7d6c/execute/sync HTTP/1.1
User-Agent: selenium/4.4.0 (java windows)
Content-Length: 176
Content-Type: application/json; charset=utf-8
host: localhost:53732
accept: */*

Response DefaultHttpResponse(decodeResult: success, version: HTTP/1.1)
HTTP/1.1 200 OK
Content-Type: application/json; charset=utf-8
cache-control: no-cache
content-length: 57699

18:00:57.167 [AsyncHttpClient-1-5] DEBUG org.asynchttpclient.netty.channel.ChannelManager - Adding key: http://localhost:53732 for channel [id: 0xf1e22be2, L:/127.0.0.1:59239 - R:localhost/127.0.0.1:53732]
18:00:57.171 [Forwarding getCurrentUrl on session a97e03a7e7a79e9cb27fb330525c7d6c to remote] DEBUG org.asynchttpclient.netty.request.NettyRequestSender - Using pooled Channel '[id: 0xf1e22be2, L:/127.0.0.1:59239 - R:localhost/127.0.0.1:53732]' for 'GET' to 'http://localhost:53732/session/a97e03a7e7a79e9cb27fb330525c7d6c/url'
18:00:57.171 [Forwarding getCurrentUrl on session a97e03a7e7a79e9cb27fb330525c7d6c to remote] DEBUG org.asynchttpclient.netty.request.NettyRequestSender - Using open Channel [id: 0xf1e22be2, L:/127.0.0.1:59239 - R:localhost/127.0.0.1:53732] for GET '/session/a97e03a7e7a79e9cb27fb330525c7d6c/url'
18:00:57.175 [AsyncHttpClient-1-5] DEBUG org.asynchttpclient.netty.handler.HttpHandler - 

Request DefaultFullHttpRequest(decodeResult: success, version: HTTP/1.1, content: EmptyByteBufBE)
GET /session/a97e03a7e7a79e9cb27fb330525c7d6c/url HTTP/1.1
User-Agent: selenium/4.4.0 (java windows)
Cache-Control: no-cache
Content-Type: application/json; charset=utf-8
host: localhost:53732
accept: */*

Response DefaultHttpResponse(decodeResult: success, version: HTTP/1.1)
HTTP/1.1 200 OK
Content-Type: application/json; charset=utf-8
cache-control: no-cache
content-length: 48

18:00:57.175 [AsyncHttpClient-1-5] DEBUG org.asynchttpclient.netty.channel.ChannelManager - Adding key: http://localhost:53732 for channel [id: 0xf1e22be2, L:/127.0.0.1:59239 - R:localhost/127.0.0.1:53732]
18:00:58.068 [AsyncHttpClient-1-1] DEBUG org.asynchttpclient.netty.channel.DefaultChannelPool - Entry count for : http://localhost:59240 : 1
18:00:58.068 [AsyncHttpClient-1-1] DEBUG org.asynchttpclient.netty.channel.DefaultChannelPool - Entry count for : http://localhost:53732 : 1
18:00:59.167 [AsyncHttpClient-1-1] DEBUG org.asynchttpclient.netty.channel.DefaultChannelPool - Entry count for : http://localhost:59240 : 1
18:00:59.167 [AsyncHttpClient-1-1] DEBUG org.asynchttpclient.netty.channel.DefaultChannelPool - Entry count for : http://localhost:53732 : 1
18:01:00.185 [Forwarding getCurrentWindowHandle on session a97e03a7e7a79e9cb27fb330525c7d6c to remote] DEBUG org.asynchttpclient.netty.request.NettyRequestSender - Using pooled Channel '[id: 0xf1e22be2, L:/127.0.0.1:59239 - R:localhost/127.0.0.1:53732]' for 'GET' to 'http://localhost:53732/session/a97e03a7e7a79e9cb27fb330525c7d6c/window'
18:01:00.185 [Forwarding getCurrentWindowHandle on session a97e03a7e7a79e9cb27fb330525c7d6c to remote] DEBUG org.asynchttpclient.netty.request.NettyRequestSender - Using open Channel [id: 0xf1e22be2, L:/127.0.0.1:59239 - R:localhost/127.0.0.1:53732] for GET '/session/a97e03a7e7a79e9cb27fb330525c7d6c/window'
18:01:00.186 [AsyncHttpClient-1-5] DEBUG org.asynchttpclient.netty.handler.HttpHandler - 

Request DefaultFullHttpRequest(decodeResult: success, version: HTTP/1.1, content: EmptyByteBufBE)
GET /session/a97e03a7e7a79e9cb27fb330525c7d6c/window HTTP/1.1
User-Agent: selenium/4.4.0 (java windows)
Cache-Control: no-cache
Content-Type: application/json; charset=utf-8
host: localhost:53732
accept: */*

Response DefaultHttpResponse(decodeResult: success, version: HTTP/1.1)
HTTP/1.1 200 OK
Content-Type: application/json; charset=utf-8
cache-control: no-cache
content-length: 53

18:01:00.186 [AsyncHttpClient-1-5] DEBUG org.asynchttpclient.netty.channel.ChannelManager - Adding key: http://localhost:53732 for channel [id: 0xf1e22be2, L:/127.0.0.1:59239 - R:localhost/127.0.0.1:53732]
18:01:00.187 [Forwarding getAlertText on session a97e03a7e7a79e9cb27fb330525c7d6c to remote] DEBUG org.asynchttpclient.netty.request.NettyRequestSender - Using pooled Channel '[id: 0xf1e22be2, L:/127.0.0.1:59239 - R:localhost/127.0.0.1:53732]' for 'GET' to 'http://localhost:53732/session/a97e03a7e7a79e9cb27fb330525c7d6c/alert/text'
18:01:00.187 [Forwarding getAlertText on session a97e03a7e7a79e9cb27fb330525c7d6c to remote] DEBUG org.asynchttpclient.netty.request.NettyRequestSender - Using open Channel [id: 0xf1e22be2, L:/127.0.0.1:59239 - R:localhost/127.0.0.1:53732] for GET '/session/a97e03a7e7a79e9cb27fb330525c7d6c/alert/text'
18:01:00.188 [AsyncHttpClient-1-5] DEBUG org.asynchttpclient.netty.handler.HttpHandler - 

Request DefaultFullHttpRequest(decodeResult: success, version: HTTP/1.1, content: EmptyByteBufBE)
GET /session/a97e03a7e7a79e9cb27fb330525c7d6c/alert/text HTTP/1.1
User-Agent: selenium/4.4.0 (java windows)
Cache-Control: no-cache
Content-Type: application/json; charset=utf-8
host: localhost:53732
accept: */*

Response DefaultHttpResponse(decodeResult: success, version: HTTP/1.1)
HTTP/1.1 404 Not Found
Content-Type: application/json; charset=utf-8
cache-control: no-cache
content-length: 835

18:01:00.188 [AsyncHttpClient-1-5] DEBUG org.asynchttpclient.netty.channel.ChannelManager - Adding key: http://localhost:53732 for channel [id: 0xf1e22be2, L:/127.0.0.1:59239 - R:localhost/127.0.0.1:53732]
18:01:00.189 [Forwarding switchToWindow on session a97e03a7e7a79e9cb27fb330525c7d6c to remote] DEBUG org.asynchttpclient.netty.request.NettyRequestSender - Using pooled Channel '[id: 0xf1e22be2, L:/127.0.0.1:59239 - R:localhost/127.0.0.1:53732]' for 'POST' to 'http://localhost:53732/session/a97e03a7e7a79e9cb27fb330525c7d6c/window'
18:01:00.189 [Forwarding switchToWindow on session a97e03a7e7a79e9cb27fb330525c7d6c to remote] DEBUG org.asynchttpclient.netty.request.NettyRequestSender - Using open Channel [id: 0xf1e22be2, L:/127.0.0.1:59239 - R:localhost/127.0.0.1:53732] for POST '/session/a97e03a7e7a79e9cb27fb330525c7d6c/window'
18:01:00.190 [AsyncHttpClient-1-5] DEBUG org.asynchttpclient.netty.handler.HttpHandler - 

Request DefaultHttpRequest(decodeResult: success, version: HTTP/1.1)
POST /session/a97e03a7e7a79e9cb27fb330525c7d6c/window HTTP/1.1
User-Agent: selenium/4.4.0 (java windows)
Content-Length: 59
Content-Type: application/json; charset=utf-8
host: localhost:53732
accept: */*

Response DefaultHttpResponse(decodeResult: success, version: HTTP/1.1)
HTTP/1.1 200 OK
Content-Type: application/json; charset=utf-8
cache-control: no-cache
content-length: 14

18:01:00.191 [AsyncHttpClient-1-5] DEBUG org.asynchttpclient.netty.channel.ChannelManager - Adding key: http://localhost:53732 for channel [id: 0xf1e22be2, L:/127.0.0.1:59239 - R:localhost/127.0.0.1:53732]
18:01:00.191 [Forwarding getCurrentUrl on session a97e03a7e7a79e9cb27fb330525c7d6c to remote] DEBUG org.asynchttpclient.netty.request.NettyRequestSender - Using pooled Channel '[id: 0xf1e22be2, L:/127.0.0.1:59239 - R:localhost/127.0.0.1:53732]' for 'GET' to 'http://localhost:53732/session/a97e03a7e7a79e9cb27fb330525c7d6c/url'
18:01:00.191 [Forwarding getCurrentUrl on session a97e03a7e7a79e9cb27fb330525c7d6c to remote] DEBUG org.asynchttpclient.netty.request.NettyRequestSender - Using open Channel [id: 0xf1e22be2, L:/127.0.0.1:59239 - R:localhost/127.0.0.1:53732] for GET '/session/a97e03a7e7a79e9cb27fb330525c7d6c/url'
18:01:00.194 [AsyncHttpClient-1-5] DEBUG org.asynchttpclient.netty.handler.HttpHandler - 

Request DefaultFullHttpRequest(decodeResult: success, version: HTTP/1.1, content: EmptyByteBufBE)
GET /session/a97e03a7e7a79e9cb27fb330525c7d6c/url HTTP/1.1
User-Agent: selenium/4.4.0 (java windows)
Cache-Control: no-cache
Content-Type: application/json; charset=utf-8
host: localhost:53732
accept: */*

Response DefaultHttpResponse(decodeResult: success, version: HTTP/1.1)
HTTP/1.1 200 OK
Content-Type: application/json; charset=utf-8
cache-control: no-cache
content-length: 48

18:01:00.194 [AsyncHttpClient-1-5] DEBUG org.asynchttpclient.netty.channel.ChannelManager - Adding key: http://localhost:53732 for channel [id: 0xf1e22be2, L:/127.0.0.1:59239 - R:localhost/127.0.0.1:53732]
18:01:00.194 [Forwarding screenshot on session a97e03a7e7a79e9cb27fb330525c7d6c to remote] DEBUG org.asynchttpclient.netty.request.NettyRequestSender - Using pooled Channel '[id: 0xf1e22be2, L:/127.0.0.1:59239 - R:localhost/127.0.0.1:53732]' for 'GET' to 'http://localhost:53732/session/a97e03a7e7a79e9cb27fb330525c7d6c/screenshot'
18:01:00.195 [Forwarding screenshot on session a97e03a7e7a79e9cb27fb330525c7d6c to remote] DEBUG org.asynchttpclient.netty.request.NettyRequestSender - Using open Channel [id: 0xf1e22be2, L:/127.0.0.1:59239 - R:localhost/127.0.0.1:53732] for GET '/session/a97e03a7e7a79e9cb27fb330525c7d6c/screenshot'
18:01:00.261 [AsyncHttpClient-1-1] DEBUG org.asynchttpclient.netty.channel.DefaultChannelPool - Entry count for : http://localhost:59240 : 1
18:01:00.320 [AsyncHttpClient-1-5] DEBUG org.asynchttpclient.netty.handler.HttpHandler - 

Request DefaultFullHttpRequest(decodeResult: success, version: HTTP/1.1, content: EmptyByteBufBE)
GET /session/a97e03a7e7a79e9cb27fb330525c7d6c/screenshot HTTP/1.1
User-Agent: selenium/4.4.0 (java windows)
Cache-Control: no-cache
Content-Type: application/json; charset=utf-8
host: localhost:53732
accept: */*

Response DefaultHttpResponse(decodeResult: success, version: HTTP/1.1)
HTTP/1.1 200 OK
Content-Type: application/json; charset=utf-8
cache-control: no-cache
content-length: 359460

18:01:00.320 [AsyncHttpClient-1-5] DEBUG org.asynchttpclient.netty.channel.ChannelManager - Adding key: http://localhost:53732 for channel [id: 0xf1e22be2, L:/127.0.0.1:59239 - R:localhost/127.0.0.1:53732]
18:01:00.327 [main] DEBUG net.serenitybdd.core.photography.Darkroom - Send negative for processing for target\site\serenity\fb98724b1cdfc9f5d2e16668d980844bef7f9ed7ebd2414627a49620a57af8fb.png
18:01:00.328 [Forwarding getPageSource on session a97e03a7e7a79e9cb27fb330525c7d6c to remote] DEBUG org.asynchttpclient.netty.request.NettyRequestSender - Using pooled Channel '[id: 0xf1e22be2, L:/127.0.0.1:59239 - R:localhost/127.0.0.1:53732]' for 'POST' to 'http://localhost:53732/session/a97e03a7e7a79e9cb27fb330525c7d6c/execute/sync'
18:01:00.328 [Forwarding getPageSource on session a97e03a7e7a79e9cb27fb330525c7d6c to remote] DEBUG org.asynchttpclient.netty.request.NettyRequestSender - Using open Channel [id: 0xf1e22be2, L:/127.0.0.1:59239 - R:localhost/127.0.0.1:53732] for POST '/session/a97e03a7e7a79e9cb27fb330525c7d6c/execute/sync'
18:01:00.334 [AsyncHttpClient-1-5] DEBUG org.asynchttpclient.netty.handler.HttpHandler - 

Request DefaultHttpRequest(decodeResult: success, version: HTTP/1.1)
POST /session/a97e03a7e7a79e9cb27fb330525c7d6c/execute/sync HTTP/1.1
User-Agent: selenium/4.4.0 (java windows)
Content-Length: 176
Content-Type: application/json; charset=utf-8
host: localhost:53732
accept: */*

Response DefaultHttpResponse(decodeResult: success, version: HTTP/1.1)
HTTP/1.1 200 OK
Content-Type: application/json; charset=utf-8
cache-control: no-cache
content-length: 57599

18:01:00.334 [AsyncHttpClient-1-5] DEBUG org.asynchttpclient.netty.channel.ChannelManager - Adding key: http://localhost:53732 for channel [id: 0xf1e22be2, L:/127.0.0.1:59239 - R:localhost/127.0.0.1:53732]
18:01:00.338 [Forwarding getCurrentUrl on session a97e03a7e7a79e9cb27fb330525c7d6c to remote] DEBUG org.asynchttpclient.netty.request.NettyRequestSender - Using pooled Channel '[id: 0xf1e22be2, L:/127.0.0.1:59239 - R:localhost/127.0.0.1:53732]' for 'GET' to 'http://localhost:53732/session/a97e03a7e7a79e9cb27fb330525c7d6c/url'
18:01:00.338 [Forwarding getCurrentUrl on session a97e03a7e7a79e9cb27fb330525c7d6c to remote] DEBUG org.asynchttpclient.netty.request.NettyRequestSender - Using open Channel [id: 0xf1e22be2, L:/127.0.0.1:59239 - R:localhost/127.0.0.1:53732] for GET '/session/a97e03a7e7a79e9cb27fb330525c7d6c/url'
18:01:00.341 [AsyncHttpClient-1-5] DEBUG org.asynchttpclient.netty.handler.HttpHandler - 

Request DefaultFullHttpRequest(decodeResult: success, version: HTTP/1.1, content: EmptyByteBufBE)
GET /session/a97e03a7e7a79e9cb27fb330525c7d6c/url HTTP/1.1
User-Agent: selenium/4.4.0 (java windows)
Cache-Control: no-cache
Content-Type: application/json; charset=utf-8
host: localhost:53732
accept: */*

Response DefaultHttpResponse(decodeResult: success, version: HTTP/1.1)
HTTP/1.1 200 OK
Content-Type: application/json; charset=utf-8
cache-control: no-cache
content-length: 48

18:01:00.341 [AsyncHttpClient-1-5] DEBUG org.asynchttpclient.netty.channel.ChannelManager - Adding key: http://localhost:53732 for channel [id: 0xf1e22be2, L:/127.0.0.1:59239 - R:localhost/127.0.0.1:53732]
18:01:00.343 [main] DEBUG net.thucydides.core.steps.StepInterceptor - STARTING STEP: ComprobarCestaStep.cliko_en_el_telefono - clicko en el telefono
18:01:00.344 [Forwarding findElement on session a97e03a7e7a79e9cb27fb330525c7d6c to remote] DEBUG org.asynchttpclient.netty.request.NettyRequestSender - Using pooled Channel '[id: 0xf1e22be2, L:/127.0.0.1:59239 - R:localhost/127.0.0.1:53732]' for 'POST' to 'http://localhost:53732/session/a97e03a7e7a79e9cb27fb330525c7d6c/element'
18:01:00.344 [Forwarding findElement on session a97e03a7e7a79e9cb27fb330525c7d6c to remote] DEBUG org.asynchttpclient.netty.request.NettyRequestSender - Using open Channel [id: 0xf1e22be2, L:/127.0.0.1:59239 - R:localhost/127.0.0.1:53732] for POST '/session/a97e03a7e7a79e9cb27fb330525c7d6c/element'
18:01:00.352 [AsyncHttpClient-1-5] DEBUG org.asynchttpclient.netty.handler.HttpHandler - 

Request DefaultHttpRequest(decodeResult: success, version: HTTP/1.1)
POST /session/a97e03a7e7a79e9cb27fb330525c7d6c/element HTTP/1.1
User-Agent: selenium/4.4.0 (java windows)
Content-Length: 88
Content-Type: application/json; charset=utf-8
host: localhost:53732
accept: */*

Response DefaultHttpResponse(decodeResult: success, version: HTTP/1.1)
HTTP/1.1 200 OK
Content-Type: application/json; charset=utf-8
cache-control: no-cache
content-length: 88

18:01:00.352 [AsyncHttpClient-1-5] DEBUG org.asynchttpclient.netty.channel.ChannelManager - Adding key: http://localhost:53732 for channel [id: 0xf1e22be2, L:/127.0.0.1:59239 - R:localhost/127.0.0.1:53732]
18:01:00.353 [Forwarding screenshot on session a97e03a7e7a79e9cb27fb330525c7d6c to remote] DEBUG org.asynchttpclient.netty.request.NettyRequestSender - Using pooled Channel '[id: 0xf1e22be2, L:/127.0.0.1:59239 - R:localhost/127.0.0.1:53732]' for 'GET' to 'http://localhost:53732/session/a97e03a7e7a79e9cb27fb330525c7d6c/screenshot'
18:01:00.353 [Forwarding screenshot on session a97e03a7e7a79e9cb27fb330525c7d6c to remote] DEBUG org.asynchttpclient.netty.request.NettyRequestSender - Using open Channel [id: 0xf1e22be2, L:/127.0.0.1:59239 - R:localhost/127.0.0.1:53732] for GET '/session/a97e03a7e7a79e9cb27fb330525c7d6c/screenshot'
18:01:00.468 [AsyncHttpClient-1-5] DEBUG org.asynchttpclient.netty.handler.HttpHandler - 

Request DefaultFullHttpRequest(decodeResult: success, version: HTTP/1.1, content: EmptyByteBufBE)
GET /session/a97e03a7e7a79e9cb27fb330525c7d6c/screenshot HTTP/1.1
User-Agent: selenium/4.4.0 (java windows)
Cache-Control: no-cache
Content-Type: application/json; charset=utf-8
host: localhost:53732
accept: */*

Response DefaultHttpResponse(decodeResult: success, version: HTTP/1.1)
HTTP/1.1 200 OK
Content-Type: application/json; charset=utf-8
cache-control: no-cache
content-length: 359460

18:01:00.469 [AsyncHttpClient-1-5] DEBUG org.asynchttpclient.netty.channel.ChannelManager - Adding key: http://localhost:53732 for channel [id: 0xf1e22be2, L:/127.0.0.1:59239 - R:localhost/127.0.0.1:53732]
18:01:00.481 [Forwarding isElementDisplayed on session a97e03a7e7a79e9cb27fb330525c7d6c to remote] DEBUG org.asynchttpclient.netty.request.NettyRequestSender - Using pooled Channel '[id: 0xf1e22be2, L:/127.0.0.1:59239 - R:localhost/127.0.0.1:53732]' for 'POST' to 'http://localhost:53732/session/a97e03a7e7a79e9cb27fb330525c7d6c/execute/sync'
18:01:00.482 [Forwarding isElementDisplayed on session a97e03a7e7a79e9cb27fb330525c7d6c to remote] DEBUG org.asynchttpclient.netty.request.NettyRequestSender - Using open Channel [id: 0xf1e22be2, L:/127.0.0.1:59239 - R:localhost/127.0.0.1:53732] for POST '/session/a97e03a7e7a79e9cb27fb330525c7d6c/execute/sync'
18:01:00.490 [AsyncHttpClient-1-5] DEBUG org.asynchttpclient.netty.handler.HttpHandler - 

Request DefaultHttpRequest(decodeResult: success, version: HTTP/1.1)
POST /session/a97e03a7e7a79e9cb27fb330525c7d6c/execute/sync HTTP/1.1
User-Agent: selenium/4.4.0 (java windows)
Content-Length: 48780
Content-Type: application/json; charset=utf-8
host: localhost:53732
accept: */*

Response DefaultHttpResponse(decodeResult: success, version: HTTP/1.1)
HTTP/1.1 200 OK
Content-Type: application/json; charset=utf-8
cache-control: no-cache
content-length: 14

18:01:00.490 [AsyncHttpClient-1-5] DEBUG org.asynchttpclient.netty.channel.ChannelManager - Adding key: http://localhost:53732 for channel [id: 0xf1e22be2, L:/127.0.0.1:59239 - R:localhost/127.0.0.1:53732]
18:01:00.490 [Forwarding isElementEnabled on session a97e03a7e7a79e9cb27fb330525c7d6c to remote] DEBUG org.asynchttpclient.netty.request.NettyRequestSender - Using pooled Channel '[id: 0xf1e22be2, L:/127.0.0.1:59239 - R:localhost/127.0.0.1:53732]' for 'GET' to 'http://localhost:53732/session/a97e03a7e7a79e9cb27fb330525c7d6c/element/17bd46fd-4e81-4ba4-8d3c-636b0ed7cdf5/enabled'
18:01:00.490 [Forwarding isElementEnabled on session a97e03a7e7a79e9cb27fb330525c7d6c to remote] DEBUG org.asynchttpclient.netty.request.NettyRequestSender - Using open Channel [id: 0xf1e22be2, L:/127.0.0.1:59239 - R:localhost/127.0.0.1:53732] for GET '/session/a97e03a7e7a79e9cb27fb330525c7d6c/element/17bd46fd-4e81-4ba4-8d3c-636b0ed7cdf5/enabled'
18:01:00.496 [AsyncHttpClient-1-5] DEBUG org.asynchttpclient.netty.handler.HttpHandler - 

Request DefaultFullHttpRequest(decodeResult: success, version: HTTP/1.1, content: EmptyByteBufBE)
GET /session/a97e03a7e7a79e9cb27fb330525c7d6c/element/17bd46fd-4e81-4ba4-8d3c-636b0ed7cdf5/enabled HTTP/1.1
User-Agent: selenium/4.4.0 (java windows)
Cache-Control: no-cache
Content-Type: application/json; charset=utf-8
host: localhost:53732
accept: */*

Response DefaultHttpResponse(decodeResult: success, version: HTTP/1.1)
HTTP/1.1 200 OK
Content-Type: application/json; charset=utf-8
cache-control: no-cache
content-length: 14

18:01:00.496 [AsyncHttpClient-1-5] DEBUG org.asynchttpclient.netty.channel.ChannelManager - Adding key: http://localhost:53732 for channel [id: 0xf1e22be2, L:/127.0.0.1:59239 - R:localhost/127.0.0.1:53732]
18:01:00.498 [Forwarding getElementTagName on session a97e03a7e7a79e9cb27fb330525c7d6c to remote] DEBUG org.asynchttpclient.netty.request.NettyRequestSender - Using pooled Channel '[id: 0xf1e22be2, L:/127.0.0.1:59239 - R:localhost/127.0.0.1:53732]' for 'GET' to 'http://localhost:53732/session/a97e03a7e7a79e9cb27fb330525c7d6c/element/17bd46fd-4e81-4ba4-8d3c-636b0ed7cdf5/name'
18:01:00.498 [Forwarding getElementTagName on session a97e03a7e7a79e9cb27fb330525c7d6c to remote] DEBUG org.asynchttpclient.netty.request.NettyRequestSender - Using open Channel [id: 0xf1e22be2, L:/127.0.0.1:59239 - R:localhost/127.0.0.1:53732] for GET '/session/a97e03a7e7a79e9cb27fb330525c7d6c/element/17bd46fd-4e81-4ba4-8d3c-636b0ed7cdf5/name'
18:01:00.501 [AsyncHttpClient-1-5] DEBUG org.asynchttpclient.netty.handler.HttpHandler - 

Request DefaultFullHttpRequest(decodeResult: success, version: HTTP/1.1, content: EmptyByteBufBE)
GET /session/a97e03a7e7a79e9cb27fb330525c7d6c/element/17bd46fd-4e81-4ba4-8d3c-636b0ed7cdf5/name HTTP/1.1
User-Agent: selenium/4.4.0 (java windows)
Cache-Control: no-cache
Content-Type: application/json; charset=utf-8
host: localhost:53732
accept: */*

Response DefaultHttpResponse(decodeResult: success, version: HTTP/1.1)
HTTP/1.1 200 OK
Content-Type: application/json; charset=utf-8
cache-control: no-cache
content-length: 13

18:01:00.501 [AsyncHttpClient-1-5] DEBUG org.asynchttpclient.netty.channel.ChannelManager - Adding key: http://localhost:53732 for channel [id: 0xf1e22be2, L:/127.0.0.1:59239 - R:localhost/127.0.0.1:53732]
18:01:00.502 [Forwarding getElementTagName on session a97e03a7e7a79e9cb27fb330525c7d6c to remote] DEBUG org.asynchttpclient.netty.request.NettyRequestSender - Using pooled Channel '[id: 0xf1e22be2, L:/127.0.0.1:59239 - R:localhost/127.0.0.1:53732]' for 'GET' to 'http://localhost:53732/session/a97e03a7e7a79e9cb27fb330525c7d6c/element/17bd46fd-4e81-4ba4-8d3c-636b0ed7cdf5/name'
18:01:00.502 [Forwarding getElementTagName on session a97e03a7e7a79e9cb27fb330525c7d6c to remote] DEBUG org.asynchttpclient.netty.request.NettyRequestSender - Using open Channel [id: 0xf1e22be2, L:/127.0.0.1:59239 - R:localhost/127.0.0.1:53732] for GET '/session/a97e03a7e7a79e9cb27fb330525c7d6c/element/17bd46fd-4e81-4ba4-8d3c-636b0ed7cdf5/name'
18:01:00.504 [AsyncHttpClient-1-5] DEBUG org.asynchttpclient.netty.handler.HttpHandler - 

Request DefaultFullHttpRequest(decodeResult: success, version: HTTP/1.1, content: EmptyByteBufBE)
GET /session/a97e03a7e7a79e9cb27fb330525c7d6c/element/17bd46fd-4e81-4ba4-8d3c-636b0ed7cdf5/name HTTP/1.1
User-Agent: selenium/4.4.0 (java windows)
Cache-Control: no-cache
Content-Type: application/json; charset=utf-8
host: localhost:53732
accept: */*

Response DefaultHttpResponse(decodeResult: success, version: HTTP/1.1)
HTTP/1.1 200 OK
Content-Type: application/json; charset=utf-8
cache-control: no-cache
content-length: 13

18:01:00.505 [AsyncHttpClient-1-5] DEBUG org.asynchttpclient.netty.channel.ChannelManager - Adding key: http://localhost:53732 for channel [id: 0xf1e22be2, L:/127.0.0.1:59239 - R:localhost/127.0.0.1:53732]
18:01:00.506 [Forwarding clickElement on session a97e03a7e7a79e9cb27fb330525c7d6c to remote] DEBUG org.asynchttpclient.netty.request.NettyRequestSender - Using pooled Channel '[id: 0xf1e22be2, L:/127.0.0.1:59239 - R:localhost/127.0.0.1:53732]' for 'POST' to 'http://localhost:53732/session/a97e03a7e7a79e9cb27fb330525c7d6c/element/17bd46fd-4e81-4ba4-8d3c-636b0ed7cdf5/click'
18:01:00.506 [Forwarding clickElement on session a97e03a7e7a79e9cb27fb330525c7d6c to remote] DEBUG org.asynchttpclient.netty.request.NettyRequestSender - Using open Channel [id: 0xf1e22be2, L:/127.0.0.1:59239 - R:localhost/127.0.0.1:53732] for POST '/session/a97e03a7e7a79e9cb27fb330525c7d6c/element/17bd46fd-4e81-4ba4-8d3c-636b0ed7cdf5/click'
18:01:00.884 [AsyncHttpClient-1-5] DEBUG org.asynchttpclient.netty.handler.HttpHandler - 

Request DefaultHttpRequest(decodeResult: success, version: HTTP/1.1)
POST /session/a97e03a7e7a79e9cb27fb330525c7d6c/element/17bd46fd-4e81-4ba4-8d3c-636b0ed7cdf5/click HTTP/1.1
User-Agent: selenium/4.4.0 (java windows)
Content-Length: 50
Content-Type: application/json; charset=utf-8
host: localhost:53732
accept: */*

Response DefaultHttpResponse(decodeResult: success, version: HTTP/1.1)
HTTP/1.1 200 OK
Content-Type: application/json; charset=utf-8
cache-control: no-cache
content-length: 14

18:01:00.884 [AsyncHttpClient-1-5] DEBUG org.asynchttpclient.netty.channel.ChannelManager - Adding key: http://localhost:53732 for channel [id: 0xf1e22be2, L:/127.0.0.1:59239 - R:localhost/127.0.0.1:53732]
18:01:00.890 [Forwarding getCurrentWindowHandle on session a97e03a7e7a79e9cb27fb330525c7d6c to remote] DEBUG org.asynchttpclient.netty.request.NettyRequestSender - Using pooled Channel '[id: 0xf1e22be2, L:/127.0.0.1:59239 - R:localhost/127.0.0.1:53732]' for 'GET' to 'http://localhost:53732/session/a97e03a7e7a79e9cb27fb330525c7d6c/window'
18:01:00.890 [Forwarding getCurrentWindowHandle on session a97e03a7e7a79e9cb27fb330525c7d6c to remote] DEBUG org.asynchttpclient.netty.request.NettyRequestSender - Using open Channel [id: 0xf1e22be2, L:/127.0.0.1:59239 - R:localhost/127.0.0.1:53732] for GET '/session/a97e03a7e7a79e9cb27fb330525c7d6c/window'
18:01:00.891 [AsyncHttpClient-1-5] DEBUG org.asynchttpclient.netty.handler.HttpHandler - 

Request DefaultFullHttpRequest(decodeResult: success, version: HTTP/1.1, content: EmptyByteBufBE)
GET /session/a97e03a7e7a79e9cb27fb330525c7d6c/window HTTP/1.1
User-Agent: selenium/4.4.0 (java windows)
Cache-Control: no-cache
Content-Type: application/json; charset=utf-8
host: localhost:53732
accept: */*

Response DefaultHttpResponse(decodeResult: success, version: HTTP/1.1)
HTTP/1.1 200 OK
Content-Type: application/json; charset=utf-8
cache-control: no-cache
content-length: 53

18:01:00.891 [AsyncHttpClient-1-5] DEBUG org.asynchttpclient.netty.channel.ChannelManager - Adding key: http://localhost:53732 for channel [id: 0xf1e22be2, L:/127.0.0.1:59239 - R:localhost/127.0.0.1:53732]
18:01:00.892 [Forwarding getAlertText on session a97e03a7e7a79e9cb27fb330525c7d6c to remote] DEBUG org.asynchttpclient.netty.request.NettyRequestSender - Using pooled Channel '[id: 0xf1e22be2, L:/127.0.0.1:59239 - R:localhost/127.0.0.1:53732]' for 'GET' to 'http://localhost:53732/session/a97e03a7e7a79e9cb27fb330525c7d6c/alert/text'
18:01:00.892 [Forwarding getAlertText on session a97e03a7e7a79e9cb27fb330525c7d6c to remote] DEBUG org.asynchttpclient.netty.request.NettyRequestSender - Using open Channel [id: 0xf1e22be2, L:/127.0.0.1:59239 - R:localhost/127.0.0.1:53732] for GET '/session/a97e03a7e7a79e9cb27fb330525c7d6c/alert/text'
18:01:00.896 [AsyncHttpClient-1-5] DEBUG org.asynchttpclient.netty.handler.HttpHandler - 

Request DefaultFullHttpRequest(decodeResult: success, version: HTTP/1.1, content: EmptyByteBufBE)
GET /session/a97e03a7e7a79e9cb27fb330525c7d6c/alert/text HTTP/1.1
User-Agent: selenium/4.4.0 (java windows)
Cache-Control: no-cache
Content-Type: application/json; charset=utf-8
host: localhost:53732
accept: */*

Response DefaultHttpResponse(decodeResult: success, version: HTTP/1.1)
HTTP/1.1 404 Not Found
Content-Type: application/json; charset=utf-8
cache-control: no-cache
content-length: 835

18:01:00.896 [AsyncHttpClient-1-5] DEBUG org.asynchttpclient.netty.channel.ChannelManager - Adding key: http://localhost:53732 for channel [id: 0xf1e22be2, L:/127.0.0.1:59239 - R:localhost/127.0.0.1:53732]
18:01:00.897 [Forwarding switchToWindow on session a97e03a7e7a79e9cb27fb330525c7d6c to remote] DEBUG org.asynchttpclient.netty.request.NettyRequestSender - Using pooled Channel '[id: 0xf1e22be2, L:/127.0.0.1:59239 - R:localhost/127.0.0.1:53732]' for 'POST' to 'http://localhost:53732/session/a97e03a7e7a79e9cb27fb330525c7d6c/window'
18:01:00.897 [Forwarding switchToWindow on session a97e03a7e7a79e9cb27fb330525c7d6c to remote] DEBUG org.asynchttpclient.netty.request.NettyRequestSender - Using open Channel [id: 0xf1e22be2, L:/127.0.0.1:59239 - R:localhost/127.0.0.1:53732] for POST '/session/a97e03a7e7a79e9cb27fb330525c7d6c/window'
18:01:00.899 [AsyncHttpClient-1-5] DEBUG org.asynchttpclient.netty.handler.HttpHandler - 

Request DefaultHttpRequest(decodeResult: success, version: HTTP/1.1)
POST /session/a97e03a7e7a79e9cb27fb330525c7d6c/window HTTP/1.1
User-Agent: selenium/4.4.0 (java windows)
Content-Length: 59
Content-Type: application/json; charset=utf-8
host: localhost:53732
accept: */*

Response DefaultHttpResponse(decodeResult: success, version: HTTP/1.1)
HTTP/1.1 200 OK
Content-Type: application/json; charset=utf-8
cache-control: no-cache
content-length: 14

18:01:00.899 [AsyncHttpClient-1-5] DEBUG org.asynchttpclient.netty.channel.ChannelManager - Adding key: http://localhost:53732 for channel [id: 0xf1e22be2, L:/127.0.0.1:59239 - R:localhost/127.0.0.1:53732]
18:01:00.900 [Forwarding getCurrentUrl on session a97e03a7e7a79e9cb27fb330525c7d6c to remote] DEBUG org.asynchttpclient.netty.request.NettyRequestSender - Using pooled Channel '[id: 0xf1e22be2, L:/127.0.0.1:59239 - R:localhost/127.0.0.1:53732]' for 'GET' to 'http://localhost:53732/session/a97e03a7e7a79e9cb27fb330525c7d6c/url'
18:01:00.900 [Forwarding getCurrentUrl on session a97e03a7e7a79e9cb27fb330525c7d6c to remote] DEBUG org.asynchttpclient.netty.request.NettyRequestSender - Using open Channel [id: 0xf1e22be2, L:/127.0.0.1:59239 - R:localhost/127.0.0.1:53732] for GET '/session/a97e03a7e7a79e9cb27fb330525c7d6c/url'
18:01:00.913 [AsyncHttpClient-1-5] DEBUG org.asynchttpclient.netty.handler.HttpHandler - 

Request DefaultFullHttpRequest(decodeResult: success, version: HTTP/1.1, content: EmptyByteBufBE)
GET /session/a97e03a7e7a79e9cb27fb330525c7d6c/url HTTP/1.1
User-Agent: selenium/4.4.0 (java windows)
Cache-Control: no-cache
Content-Type: application/json; charset=utf-8
host: localhost:53732
accept: */*

Response DefaultHttpResponse(decodeResult: success, version: HTTP/1.1)
HTTP/1.1 200 OK
Content-Type: application/json; charset=utf-8
cache-control: no-cache
content-length: 54

18:01:00.913 [AsyncHttpClient-1-5] DEBUG org.asynchttpclient.netty.channel.ChannelManager - Adding key: http://localhost:53732 for channel [id: 0xf1e22be2, L:/127.0.0.1:59239 - R:localhost/127.0.0.1:53732]
18:01:00.914 [Forwarding screenshot on session a97e03a7e7a79e9cb27fb330525c7d6c to remote] DEBUG org.asynchttpclient.netty.request.NettyRequestSender - Using pooled Channel '[id: 0xf1e22be2, L:/127.0.0.1:59239 - R:localhost/127.0.0.1:53732]' for 'GET' to 'http://localhost:53732/session/a97e03a7e7a79e9cb27fb330525c7d6c/screenshot'
18:01:00.914 [Forwarding screenshot on session a97e03a7e7a79e9cb27fb330525c7d6c to remote] DEBUG org.asynchttpclient.netty.request.NettyRequestSender - Using open Channel [id: 0xf1e22be2, L:/127.0.0.1:59239 - R:localhost/127.0.0.1:53732] for GET '/session/a97e03a7e7a79e9cb27fb330525c7d6c/screenshot'
18:01:01.041 [AsyncHttpClient-1-5] DEBUG org.asynchttpclient.netty.handler.HttpHandler - 

Request DefaultFullHttpRequest(decodeResult: success, version: HTTP/1.1, content: EmptyByteBufBE)
GET /session/a97e03a7e7a79e9cb27fb330525c7d6c/screenshot HTTP/1.1
User-Agent: selenium/4.4.0 (java windows)
Cache-Control: no-cache
Content-Type: application/json; charset=utf-8
host: localhost:53732
accept: */*

Response DefaultHttpResponse(decodeResult: success, version: HTTP/1.1)
HTTP/1.1 200 OK
Content-Type: application/json; charset=utf-8
cache-control: no-cache
content-length: 189740

18:01:01.042 [AsyncHttpClient-1-5] DEBUG org.asynchttpclient.netty.channel.ChannelManager - Adding key: http://localhost:53732 for channel [id: 0xf1e22be2, L:/127.0.0.1:59239 - R:localhost/127.0.0.1:53732]
18:01:01.045 [main] DEBUG net.serenitybdd.core.photography.Darkroom - Send negative for processing for target\site\serenity\fd6fef30c2fb4894779af9f197d5610f78038067199e5b8c0bbc4c4e033f1e2c.png
18:01:01.045 [main] DEBUG net.thucydides.core.steps.StepInterceptor - STEP DONE: clicko en el telefono
  &amp#27;[32mAnd &amp#27;[0m&amp#27;[32mcliko en el telefono&amp#27;[0m                                         &amp#27;[90m# Step.ComprobarCestaStep.cliko_en_el_telefono(io.cucumber.datatable.DataTable)&amp#27;[0m
    | telefono          |
    | Samsung galaxy s6 |
    | Nokia lumia 1520  |
    | Nexus 6           |
18:01:01.052 [Forwarding getPageSource on session a97e03a7e7a79e9cb27fb330525c7d6c to remote] DEBUG org.asynchttpclient.netty.request.NettyRequestSender - Using pooled Channel '[id: 0xf1e22be2, L:/127.0.0.1:59239 - R:localhost/127.0.0.1:53732]' for 'POST' to 'http://localhost:53732/session/a97e03a7e7a79e9cb27fb330525c7d6c/execute/sync'
18:01:01.052 [Forwarding getPageSource on session a97e03a7e7a79e9cb27fb330525c7d6c to remote] DEBUG org.asynchttpclient.netty.request.NettyRequestSender - Using open Channel [id: 0xf1e22be2, L:/127.0.0.1:59239 - R:localhost/127.0.0.1:53732] for POST '/session/a97e03a7e7a79e9cb27fb330525c7d6c/execute/sync'
18:01:01.059 [AsyncHttpClient-1-5] DEBUG org.asynchttpclient.netty.handler.HttpHandler - 

Request DefaultHttpRequest(decodeResult: success, version: HTTP/1.1)
POST /session/a97e03a7e7a79e9cb27fb330525c7d6c/execute/sync HTTP/1.1
User-Agent: selenium/4.4.0 (java windows)
Content-Length: 176
Content-Type: application/json; charset=utf-8
host: localhost:53732
accept: */*

Response DefaultHttpResponse(decodeResult: success, version: HTTP/1.1)
HTTP/1.1 200 OK
Content-Type: application/json; charset=utf-8
cache-control: no-cache
content-length: 53683

18:01:01.059 [AsyncHttpClient-1-5] DEBUG org.asynchttpclient.netty.channel.ChannelManager - Adding key: http://localhost:53732 for channel [id: 0xf1e22be2, L:/127.0.0.1:59239 - R:localhost/127.0.0.1:53732]
18:01:01.062 [Forwarding getCurrentUrl on session a97e03a7e7a79e9cb27fb330525c7d6c to remote] DEBUG org.asynchttpclient.netty.request.NettyRequestSender - Using pooled Channel '[id: 0xf1e22be2, L:/127.0.0.1:59239 - R:localhost/127.0.0.1:53732]' for 'GET' to 'http://localhost:53732/session/a97e03a7e7a79e9cb27fb330525c7d6c/url'
18:01:01.062 [Forwarding getCurrentUrl on session a97e03a7e7a79e9cb27fb330525c7d6c to remote] DEBUG org.asynchttpclient.netty.request.NettyRequestSender - Using open Channel [id: 0xf1e22be2, L:/127.0.0.1:59239 - R:localhost/127.0.0.1:53732] for GET '/session/a97e03a7e7a79e9cb27fb330525c7d6c/url'
18:01:01.066 [AsyncHttpClient-1-5] DEBUG org.asynchttpclient.netty.handler.HttpHandler - 

Request DefaultFullHttpRequest(decodeResult: success, version: HTTP/1.1, content: EmptyByteBufBE)
GET /session/a97e03a7e7a79e9cb27fb330525c7d6c/url HTTP/1.1
User-Agent: selenium/4.4.0 (java windows)
Cache-Control: no-cache
Content-Type: application/json; charset=utf-8
host: localhost:53732
accept: */*

Response DefaultHttpResponse(decodeResult: success, version: HTTP/1.1)
HTTP/1.1 200 OK
Content-Type: application/json; charset=utf-8
cache-control: no-cache
content-length: 54

18:01:01.066 [AsyncHttpClient-1-5] DEBUG org.asynchttpclient.netty.channel.ChannelManager - Adding key: http://localhost:53732 for channel [id: 0xf1e22be2, L:/127.0.0.1:59239 - R:localhost/127.0.0.1:53732]
18:01:01.069 [Forwarding findElement on session a97e03a7e7a79e9cb27fb330525c7d6c to remote] DEBUG org.asynchttpclient.netty.request.NettyRequestSender - Using pooled Channel '[id: 0xf1e22be2, L:/127.0.0.1:59239 - R:localhost/127.0.0.1:53732]' for 'POST' to 'http://localhost:53732/session/a97e03a7e7a79e9cb27fb330525c7d6c/element'
18:01:01.069 [Forwarding findElement on session a97e03a7e7a79e9cb27fb330525c7d6c to remote] DEBUG org.asynchttpclient.netty.request.NettyRequestSender - Using open Channel [id: 0xf1e22be2, L:/127.0.0.1:59239 - R:localhost/127.0.0.1:53732] for POST '/session/a97e03a7e7a79e9cb27fb330525c7d6c/element'
18:01:01.264 [AsyncHttpClient-1-5] DEBUG org.asynchttpclient.netty.handler.HttpHandler - 

Request DefaultHttpRequest(decodeResult: success, version: HTTP/1.1)
POST /session/a97e03a7e7a79e9cb27fb330525c7d6c/element HTTP/1.1
User-Agent: selenium/4.4.0 (java windows)
Content-Length: 83
Content-Type: application/json; charset=utf-8
host: localhost:53732
accept: */*

Response DefaultHttpResponse(decodeResult: success, version: HTTP/1.1)
HTTP/1.1 200 OK
Content-Type: application/json; charset=utf-8
cache-control: no-cache
content-length: 88

18:01:01.264 [AsyncHttpClient-1-5] DEBUG org.asynchttpclient.netty.channel.ChannelManager - Adding key: http://localhost:53732 for channel [id: 0xf1e22be2, L:/127.0.0.1:59239 - R:localhost/127.0.0.1:53732]
18:01:01.266 [Forwarding isElementDisplayed on session a97e03a7e7a79e9cb27fb330525c7d6c to remote] DEBUG org.asynchttpclient.netty.request.NettyRequestSender - Using pooled Channel '[id: 0xf1e22be2, L:/127.0.0.1:59239 - R:localhost/127.0.0.1:53732]' for 'POST' to 'http://localhost:53732/session/a97e03a7e7a79e9cb27fb330525c7d6c/execute/sync'
18:01:01.266 [Forwarding isElementDisplayed on session a97e03a7e7a79e9cb27fb330525c7d6c to remote] DEBUG org.asynchttpclient.netty.request.NettyRequestSender - Using open Channel [id: 0xf1e22be2, L:/127.0.0.1:59239 - R:localhost/127.0.0.1:53732] for POST '/session/a97e03a7e7a79e9cb27fb330525c7d6c/execute/sync'
18:01:01.273 [AsyncHttpClient-1-5] DEBUG org.asynchttpclient.netty.handler.HttpHandler - 

Request DefaultHttpRequest(decodeResult: success, version: HTTP/1.1)
POST /session/a97e03a7e7a79e9cb27fb330525c7d6c/execute/sync HTTP/1.1
User-Agent: selenium/4.4.0 (java windows)
Content-Length: 48780
Content-Type: application/json; charset=utf-8
host: localhost:53732
accept: */*

Response DefaultHttpResponse(decodeResult: success, version: HTTP/1.1)
HTTP/1.1 200 OK
Content-Type: application/json; charset=utf-8
cache-control: no-cache
content-length: 14

18:01:01.273 [AsyncHttpClient-1-5] DEBUG org.asynchttpclient.netty.channel.ChannelManager - Adding key: http://localhost:53732 for channel [id: 0xf1e22be2, L:/127.0.0.1:59239 - R:localhost/127.0.0.1:53732]
18:01:01.273 [Forwarding clickElement on session a97e03a7e7a79e9cb27fb330525c7d6c to remote] DEBUG org.asynchttpclient.netty.request.NettyRequestSender - Using pooled Channel '[id: 0xf1e22be2, L:/127.0.0.1:59239 - R:localhost/127.0.0.1:53732]' for 'POST' to 'http://localhost:53732/session/a97e03a7e7a79e9cb27fb330525c7d6c/element/81a7b9b4-8ad2-48e8-a6bc-fa435b4ed357/click'
18:01:01.273 [Forwarding clickElement on session a97e03a7e7a79e9cb27fb330525c7d6c to remote] DEBUG org.asynchttpclient.netty.request.NettyRequestSender - Using open Channel [id: 0xf1e22be2, L:/127.0.0.1:59239 - R:localhost/127.0.0.1:53732] for POST '/session/a97e03a7e7a79e9cb27fb330525c7d6c/element/81a7b9b4-8ad2-48e8-a6bc-fa435b4ed357/click'
18:01:01.328 [AsyncHttpClient-1-5] DEBUG org.asynchttpclient.netty.handler.HttpHandler - 

Request DefaultHttpRequest(decodeResult: success, version: HTTP/1.1)
POST /session/a97e03a7e7a79e9cb27fb330525c7d6c/element/81a7b9b4-8ad2-48e8-a6bc-fa435b4ed357/click HTTP/1.1
User-Agent: selenium/4.4.0 (java windows)
Content-Length: 50
Content-Type: application/json; charset=utf-8
host: localhost:53732
accept: */*

Response DefaultHttpResponse(decodeResult: success, version: HTTP/1.1)
HTTP/1.1 200 OK
Content-Type: application/json; charset=utf-8
cache-control: no-cache
content-length: 14

18:01:01.328 [AsyncHttpClient-1-5] DEBUG org.asynchttpclient.netty.channel.ChannelManager - Adding key: http://localhost:53732 for channel [id: 0xf1e22be2, L:/127.0.0.1:59239 - R:localhost/127.0.0.1:53732]
18:01:01.329 [Forwarding getAlertText on session a97e03a7e7a79e9cb27fb330525c7d6c to remote] DEBUG org.asynchttpclient.netty.request.NettyRequestSender - Using pooled Channel '[id: 0xf1e22be2, L:/127.0.0.1:59239 - R:localhost/127.0.0.1:53732]' for 'GET' to 'http://localhost:53732/session/a97e03a7e7a79e9cb27fb330525c7d6c/alert/text'
18:01:01.329 [Forwarding getAlertText on session a97e03a7e7a79e9cb27fb330525c7d6c to remote] DEBUG org.asynchttpclient.netty.request.NettyRequestSender - Using open Channel [id: 0xf1e22be2, L:/127.0.0.1:59239 - R:localhost/127.0.0.1:53732] for GET '/session/a97e03a7e7a79e9cb27fb330525c7d6c/alert/text'
18:01:01.332 [AsyncHttpClient-1-5] DEBUG org.asynchttpclient.netty.handler.HttpHandler - 

Request DefaultFullHttpRequest(decodeResult: success, version: HTTP/1.1, content: EmptyByteBufBE)
GET /session/a97e03a7e7a79e9cb27fb330525c7d6c/alert/text HTTP/1.1
User-Agent: selenium/4.4.0 (java windows)
Cache-Control: no-cache
Content-Type: application/json; charset=utf-8
host: localhost:53732
accept: */*

Response DefaultHttpResponse(decodeResult: success, version: HTTP/1.1)
HTTP/1.1 404 Not Found
Content-Type: application/json; charset=utf-8
cache-control: no-cache
content-length: 835

18:01:01.332 [AsyncHttpClient-1-5] DEBUG org.asynchttpclient.netty.channel.ChannelManager - Adding key: http://localhost:53732 for channel [id: 0xf1e22be2, L:/127.0.0.1:59239 - R:localhost/127.0.0.1:53732]
18:01:01.370 [AsyncHttpClient-1-1] DEBUG org.asynchttpclient.netty.channel.DefaultChannelPool - Entry count for : http://localhost:59240 : 1
18:01:01.370 [AsyncHttpClient-1-1] DEBUG org.asynchttpclient.netty.channel.DefaultChannelPool - Entry count for : http://localhost:53732 : 1
18:01:01.836 [Forwarding getAlertText on session a97e03a7e7a79e9cb27fb330525c7d6c to remote] DEBUG org.asynchttpclient.netty.request.NettyRequestSender - Using pooled Channel '[id: 0xf1e22be2, L:/127.0.0.1:59239 - R:localhost/127.0.0.1:53732]' for 'GET' to 'http://localhost:53732/session/a97e03a7e7a79e9cb27fb330525c7d6c/alert/text'
18:01:01.836 [Forwarding getAlertText on session a97e03a7e7a79e9cb27fb330525c7d6c to remote] DEBUG org.asynchttpclient.netty.request.NettyRequestSender - Using open Channel [id: 0xf1e22be2, L:/127.0.0.1:59239 - R:localhost/127.0.0.1:53732] for GET '/session/a97e03a7e7a79e9cb27fb330525c7d6c/alert/text'
18:01:01.837 [AsyncHttpClient-1-5] DEBUG org.asynchttpclient.netty.handler.HttpHandler - 

Request DefaultFullHttpRequest(decodeResult: success, version: HTTP/1.1, content: EmptyByteBufBE)
GET /session/a97e03a7e7a79e9cb27fb330525c7d6c/alert/text HTTP/1.1
User-Agent: selenium/4.4.0 (java windows)
Cache-Control: no-cache
Content-Type: application/json; charset=utf-8
host: localhost:53732
accept: */*

Response DefaultHttpResponse(decodeResult: success, version: HTTP/1.1)
HTTP/1.1 200 OK
Content-Type: application/json; charset=utf-8
cache-control: no-cache
content-length: 26

18:01:01.837 [AsyncHttpClient-1-5] DEBUG org.asynchttpclient.netty.channel.ChannelManager - Adding key: http://localhost:53732 for channel [id: 0xf1e22be2, L:/127.0.0.1:59239 - R:localhost/127.0.0.1:53732]
18:01:01.838 [Forwarding getAlertText on session a97e03a7e7a79e9cb27fb330525c7d6c to remote] DEBUG org.asynchttpclient.netty.request.NettyRequestSender - Using pooled Channel '[id: 0xf1e22be2, L:/127.0.0.1:59239 - R:localhost/127.0.0.1:53732]' for 'GET' to 'http://localhost:53732/session/a97e03a7e7a79e9cb27fb330525c7d6c/alert/text'
18:01:01.838 [Forwarding getAlertText on session a97e03a7e7a79e9cb27fb330525c7d6c to remote] DEBUG org.asynchttpclient.netty.request.NettyRequestSender - Using open Channel [id: 0xf1e22be2, L:/127.0.0.1:59239 - R:localhost/127.0.0.1:53732] for GET '/session/a97e03a7e7a79e9cb27fb330525c7d6c/alert/text'
18:01:01.839 [AsyncHttpClient-1-5] DEBUG org.asynchttpclient.netty.handler.HttpHandler - 

Request DefaultFullHttpRequest(decodeResult: success, version: HTTP/1.1, content: EmptyByteBufBE)
GET /session/a97e03a7e7a79e9cb27fb330525c7d6c/alert/text HTTP/1.1
User-Agent: selenium/4.4.0 (java windows)
Cache-Control: no-cache
Content-Type: application/json; charset=utf-8
host: localhost:53732
accept: */*

Response DefaultHttpResponse(decodeResult: success, version: HTTP/1.1)
HTTP/1.1 200 OK
Content-Type: application/json; charset=utf-8
cache-control: no-cache
content-length: 26

18:01:01.839 [AsyncHttpClient-1-5] DEBUG org.asynchttpclient.netty.channel.ChannelManager - Adding key: http://localhost:53732 for channel [id: 0xf1e22be2, L:/127.0.0.1:59239 - R:localhost/127.0.0.1:53732]
18:01:01.840 [Forwarding acceptAlert on session a97e03a7e7a79e9cb27fb330525c7d6c to remote] DEBUG org.asynchttpclient.netty.request.NettyRequestSender - Using pooled Channel '[id: 0xf1e22be2, L:/127.0.0.1:59239 - R:localhost/127.0.0.1:53732]' for 'POST' to 'http://localhost:53732/session/a97e03a7e7a79e9cb27fb330525c7d6c/alert/accept'
18:01:01.840 [Forwarding acceptAlert on session a97e03a7e7a79e9cb27fb330525c7d6c to remote] DEBUG org.asynchttpclient.netty.request.NettyRequestSender - Using open Channel [id: 0xf1e22be2, L:/127.0.0.1:59239 - R:localhost/127.0.0.1:53732] for POST '/session/a97e03a7e7a79e9cb27fb330525c7d6c/alert/accept'
18:01:01.842 [AsyncHttpClient-1-5] DEBUG org.asynchttpclient.netty.handler.HttpHandler - 

Request DefaultHttpRequest(decodeResult: success, version: HTTP/1.1)
POST /session/a97e03a7e7a79e9cb27fb330525c7d6c/alert/accept HTTP/1.1
User-Agent: selenium/4.4.0 (java windows)
Content-Length: 3
Content-Type: application/json; charset=utf-8
host: localhost:53732
accept: */*

Response DefaultHttpResponse(decodeResult: success, version: HTTP/1.1)
HTTP/1.1 200 OK
Content-Type: application/json; charset=utf-8
cache-control: no-cache
content-length: 14

18:01:01.842 [AsyncHttpClient-1-5] DEBUG org.asynchttpclient.netty.channel.ChannelManager - Adding key: http://localhost:53732 for channel [id: 0xf1e22be2, L:/127.0.0.1:59239 - R:localhost/127.0.0.1:53732]
18:01:01.843 [Forwarding screenshot on session a97e03a7e7a79e9cb27fb330525c7d6c to remote] DEBUG org.asynchttpclient.netty.request.NettyRequestSender - Using pooled Channel '[id: 0xf1e22be2, L:/127.0.0.1:59239 - R:localhost/127.0.0.1:53732]' for 'GET' to 'http://localhost:53732/session/a97e03a7e7a79e9cb27fb330525c7d6c/screenshot'
18:01:01.843 [Forwarding screenshot on session a97e03a7e7a79e9cb27fb330525c7d6c to remote] DEBUG org.asynchttpclient.netty.request.NettyRequestSender - Using open Channel [id: 0xf1e22be2, L:/127.0.0.1:59239 - R:localhost/127.0.0.1:53732] for GET '/session/a97e03a7e7a79e9cb27fb330525c7d6c/screenshot'
18:01:01.970 [AsyncHttpClient-1-5] DEBUG org.asynchttpclient.netty.handler.HttpHandler - 

Request DefaultFullHttpRequest(decodeResult: success, version: HTTP/1.1, content: EmptyByteBufBE)
GET /session/a97e03a7e7a79e9cb27fb330525c7d6c/screenshot HTTP/1.1
User-Agent: selenium/4.4.0 (java windows)
Cache-Control: no-cache
Content-Type: application/json; charset=utf-8
host: localhost:53732
accept: */*

Response DefaultHttpResponse(decodeResult: success, version: HTTP/1.1)
HTTP/1.1 200 OK
Content-Type: application/json; charset=utf-8
cache-control: no-cache
content-length: 253580

18:01:01.970 [AsyncHttpClient-1-5] DEBUG org.asynchttpclient.netty.channel.ChannelManager - Adding key: http://localhost:53732 for channel [id: 0xf1e22be2, L:/127.0.0.1:59239 - R:localhost/127.0.0.1:53732]
  &amp#27;[32mAnd &amp#27;[0m&amp#27;[32mañado a la cesta&amp#27;[0m                                             &amp#27;[90m# Step.ComprobarCestaStep.añado_a_la_cesta()&amp#27;[0m
18:01:01.983 [Forwarding getCurrentWindowHandle on session a97e03a7e7a79e9cb27fb330525c7d6c to remote] DEBUG org.asynchttpclient.netty.request.NettyRequestSender - Using pooled Channel '[id: 0xf1e22be2, L:/127.0.0.1:59239 - R:localhost/127.0.0.1:53732]' for 'GET' to 'http://localhost:53732/session/a97e03a7e7a79e9cb27fb330525c7d6c/window'
18:01:01.983 [Forwarding getCurrentWindowHandle on session a97e03a7e7a79e9cb27fb330525c7d6c to remote] DEBUG org.asynchttpclient.netty.request.NettyRequestSender - Using open Channel [id: 0xf1e22be2, L:/127.0.0.1:59239 - R:localhost/127.0.0.1:53732] for GET '/session/a97e03a7e7a79e9cb27fb330525c7d6c/window'
18:01:01.984 [AsyncHttpClient-1-5] DEBUG org.asynchttpclient.netty.handler.HttpHandler - 

Request DefaultFullHttpRequest(decodeResult: success, version: HTTP/1.1, content: EmptyByteBufBE)
GET /session/a97e03a7e7a79e9cb27fb330525c7d6c/window HTTP/1.1
User-Agent: selenium/4.4.0 (java windows)
Cache-Control: no-cache
Content-Type: application/json; charset=utf-8
host: localhost:53732
accept: */*

Response DefaultHttpResponse(decodeResult: success, version: HTTP/1.1)
HTTP/1.1 200 OK
Content-Type: application/json; charset=utf-8
cache-control: no-cache
content-length: 53

18:01:01.984 [AsyncHttpClient-1-5] DEBUG org.asynchttpclient.netty.channel.ChannelManager - Adding key: http://localhost:53732 for channel [id: 0xf1e22be2, L:/127.0.0.1:59239 - R:localhost/127.0.0.1:53732]
18:01:01.984 [Forwarding getAlertText on session a97e03a7e7a79e9cb27fb330525c7d6c to remote] DEBUG org.asynchttpclient.netty.request.NettyRequestSender - Using pooled Channel '[id: 0xf1e22be2, L:/127.0.0.1:59239 - R:localhost/127.0.0.1:53732]' for 'GET' to 'http://localhost:53732/session/a97e03a7e7a79e9cb27fb330525c7d6c/alert/text'
18:01:01.984 [Forwarding getAlertText on session a97e03a7e7a79e9cb27fb330525c7d6c to remote] DEBUG org.asynchttpclient.netty.request.NettyRequestSender - Using open Channel [id: 0xf1e22be2, L:/127.0.0.1:59239 - R:localhost/127.0.0.1:53732] for GET '/session/a97e03a7e7a79e9cb27fb330525c7d6c/alert/text'
18:01:01.986 [AsyncHttpClient-1-5] DEBUG org.asynchttpclient.netty.handler.HttpHandler - 

Request DefaultFullHttpRequest(decodeResult: success, version: HTTP/1.1, content: EmptyByteBufBE)
GET /session/a97e03a7e7a79e9cb27fb330525c7d6c/alert/text HTTP/1.1
User-Agent: selenium/4.4.0 (java windows)
Cache-Control: no-cache
Content-Type: application/json; charset=utf-8
host: localhost:53732
accept: */*

Response DefaultHttpResponse(decodeResult: success, version: HTTP/1.1)
HTTP/1.1 404 Not Found
Content-Type: application/json; charset=utf-8
cache-control: no-cache
content-length: 835

18:01:01.986 [AsyncHttpClient-1-5] DEBUG org.asynchttpclient.netty.channel.ChannelManager - Adding key: http://localhost:53732 for channel [id: 0xf1e22be2, L:/127.0.0.1:59239 - R:localhost/127.0.0.1:53732]
18:01:01.987 [Forwarding switchToWindow on session a97e03a7e7a79e9cb27fb330525c7d6c to remote] DEBUG org.asynchttpclient.netty.request.NettyRequestSender - Using pooled Channel '[id: 0xf1e22be2, L:/127.0.0.1:59239 - R:localhost/127.0.0.1:53732]' for 'POST' to 'http://localhost:53732/session/a97e03a7e7a79e9cb27fb330525c7d6c/window'
18:01:01.987 [Forwarding switchToWindow on session a97e03a7e7a79e9cb27fb330525c7d6c to remote] DEBUG org.asynchttpclient.netty.request.NettyRequestSender - Using open Channel [id: 0xf1e22be2, L:/127.0.0.1:59239 - R:localhost/127.0.0.1:53732] for POST '/session/a97e03a7e7a79e9cb27fb330525c7d6c/window'
18:01:01.989 [AsyncHttpClient-1-5] DEBUG org.asynchttpclient.netty.handler.HttpHandler - 

Request DefaultHttpRequest(decodeResult: success, version: HTTP/1.1)
POST /session/a97e03a7e7a79e9cb27fb330525c7d6c/window HTTP/1.1
User-Agent: selenium/4.4.0 (java windows)
Content-Length: 59
Content-Type: application/json; charset=utf-8
host: localhost:53732
accept: */*

Response DefaultHttpResponse(decodeResult: success, version: HTTP/1.1)
HTTP/1.1 200 OK
Content-Type: application/json; charset=utf-8
cache-control: no-cache
content-length: 14

18:01:01.989 [AsyncHttpClient-1-5] DEBUG org.asynchttpclient.netty.channel.ChannelManager - Adding key: http://localhost:53732 for channel [id: 0xf1e22be2, L:/127.0.0.1:59239 - R:localhost/127.0.0.1:53732]
18:01:01.989 [Forwarding getCurrentUrl on session a97e03a7e7a79e9cb27fb330525c7d6c to remote] DEBUG org.asynchttpclient.netty.request.NettyRequestSender - Using pooled Channel '[id: 0xf1e22be2, L:/127.0.0.1:59239 - R:localhost/127.0.0.1:53732]' for 'GET' to 'http://localhost:53732/session/a97e03a7e7a79e9cb27fb330525c7d6c/url'
18:01:01.989 [Forwarding getCurrentUrl on session a97e03a7e7a79e9cb27fb330525c7d6c to remote] DEBUG org.asynchttpclient.netty.request.NettyRequestSender - Using open Channel [id: 0xf1e22be2, L:/127.0.0.1:59239 - R:localhost/127.0.0.1:53732] for GET '/session/a97e03a7e7a79e9cb27fb330525c7d6c/url'
18:01:01.994 [AsyncHttpClient-1-5] DEBUG org.asynchttpclient.netty.handler.HttpHandler - 

Request DefaultFullHttpRequest(decodeResult: success, version: HTTP/1.1, content: EmptyByteBufBE)
GET /session/a97e03a7e7a79e9cb27fb330525c7d6c/url HTTP/1.1
User-Agent: selenium/4.4.0 (java windows)
Cache-Control: no-cache
Content-Type: application/json; charset=utf-8
host: localhost:53732
accept: */*

Response DefaultHttpResponse(decodeResult: success, version: HTTP/1.1)
HTTP/1.1 200 OK
Content-Type: application/json; charset=utf-8
cache-control: no-cache
content-length: 55

18:01:01.994 [AsyncHttpClient-1-5] DEBUG org.asynchttpclient.netty.channel.ChannelManager - Adding key: http://localhost:53732 for channel [id: 0xf1e22be2, L:/127.0.0.1:59239 - R:localhost/127.0.0.1:53732]
18:01:01.994 [Forwarding screenshot on session a97e03a7e7a79e9cb27fb330525c7d6c to remote] DEBUG org.asynchttpclient.netty.request.NettyRequestSender - Using pooled Channel '[id: 0xf1e22be2, L:/127.0.0.1:59239 - R:localhost/127.0.0.1:53732]' for 'GET' to 'http://localhost:53732/session/a97e03a7e7a79e9cb27fb330525c7d6c/screenshot'
18:01:01.994 [Forwarding screenshot on session a97e03a7e7a79e9cb27fb330525c7d6c to remote] DEBUG org.asynchttpclient.netty.request.NettyRequestSender - Using open Channel [id: 0xf1e22be2, L:/127.0.0.1:59239 - R:localhost/127.0.0.1:53732] for GET '/session/a97e03a7e7a79e9cb27fb330525c7d6c/screenshot'
18:01:02.122 [AsyncHttpClient-1-5] DEBUG org.asynchttpclient.netty.handler.HttpHandler - 

Request DefaultFullHttpRequest(decodeResult: success, version: HTTP/1.1, content: EmptyByteBufBE)
GET /session/a97e03a7e7a79e9cb27fb330525c7d6c/screenshot HTTP/1.1
User-Agent: selenium/4.4.0 (java windows)
Cache-Control: no-cache
Content-Type: application/json; charset=utf-8
host: localhost:53732
accept: */*

Response DefaultHttpResponse(decodeResult: success, version: HTTP/1.1)
HTTP/1.1 200 OK
Content-Type: application/json; charset=utf-8
cache-control: no-cache
content-length: 253500

18:01:02.122 [AsyncHttpClient-1-5] DEBUG org.asynchttpclient.netty.channel.ChannelManager - Adding key: http://localhost:53732 for channel [id: 0xf1e22be2, L:/127.0.0.1:59239 - R:localhost/127.0.0.1:53732]
18:01:02.125 [main] DEBUG net.serenitybdd.core.photography.Darkroom - Send negative for processing for target\site\serenity\4b121f6a53ddedd5150b285f973d57605530f1a04781088158ab8629d47dff51.png
18:01:02.126 [Darkroom Processing Line] DEBUG net.serenitybdd.core.photography.DarkroomProcessingLine - Processing screenshot image in /var/screenshots/screenshot-274014739337954227
18:01:02.126 [Darkroom Processing Line] DEBUG net.serenitybdd.core.photography.DarkroomProcessingLine - Saving screenshot to target\site\serenity\4b121f6a53ddedd5150b285f973d57605530f1a04781088158ab8629d47dff51.png
18:01:02.130 [Forwarding getPageSource on session a97e03a7e7a79e9cb27fb330525c7d6c to remote] DEBUG org.asynchttpclient.netty.request.NettyRequestSender - Using pooled Channel '[id: 0xf1e22be2, L:/127.0.0.1:59239 - R:localhost/127.0.0.1:53732]' for 'POST' to 'http://localhost:53732/session/a97e03a7e7a79e9cb27fb330525c7d6c/execute/sync'
18:01:02.130 [Forwarding getPageSource on session a97e03a7e7a79e9cb27fb330525c7d6c to remote] DEBUG org.asynchttpclient.netty.request.NettyRequestSender - Using open Channel [id: 0xf1e22be2, L:/127.0.0.1:59239 - R:localhost/127.0.0.1:53732] for POST '/session/a97e03a7e7a79e9cb27fb330525c7d6c/execute/sync'
18:01:02.138 [AsyncHttpClient-1-5] DEBUG org.asynchttpclient.netty.handler.HttpHandler - 

Request DefaultHttpRequest(decodeResult: success, version: HTTP/1.1)
POST /session/a97e03a7e7a79e9cb27fb330525c7d6c/execute/sync HTTP/1.1
User-Agent: selenium/4.4.0 (java windows)
Content-Length: 176
Content-Type: application/json; charset=utf-8
host: localhost:53732
accept: */*

Response DefaultHttpResponse(decodeResult: success, version: HTTP/1.1)
HTTP/1.1 200 OK
Content-Type: application/json; charset=utf-8
cache-control: no-cache
content-length: 54711

18:01:02.138 [AsyncHttpClient-1-5] DEBUG org.asynchttpclient.netty.channel.ChannelManager - Adding key: http://localhost:53732 for channel [id: 0xf1e22be2, L:/127.0.0.1:59239 - R:localhost/127.0.0.1:53732]
18:01:02.141 [Forwarding getCurrentUrl on session a97e03a7e7a79e9cb27fb330525c7d6c to remote] DEBUG org.asynchttpclient.netty.request.NettyRequestSender - Using pooled Channel '[id: 0xf1e22be2, L:/127.0.0.1:59239 - R:localhost/127.0.0.1:53732]' for 'GET' to 'http://localhost:53732/session/a97e03a7e7a79e9cb27fb330525c7d6c/url'
18:01:02.141 [Forwarding getCurrentUrl on session a97e03a7e7a79e9cb27fb330525c7d6c to remote] DEBUG org.asynchttpclient.netty.request.NettyRequestSender - Using open Channel [id: 0xf1e22be2, L:/127.0.0.1:59239 - R:localhost/127.0.0.1:53732] for GET '/session/a97e03a7e7a79e9cb27fb330525c7d6c/url'
18:01:02.146 [AsyncHttpClient-1-5] DEBUG org.asynchttpclient.netty.handler.HttpHandler - 

Request DefaultFullHttpRequest(decodeResult: success, version: HTTP/1.1, content: EmptyByteBufBE)
GET /session/a97e03a7e7a79e9cb27fb330525c7d6c/url HTTP/1.1
User-Agent: selenium/4.4.0 (java windows)
Cache-Control: no-cache
Content-Type: application/json; charset=utf-8
host: localhost:53732
accept: */*

Response DefaultHttpResponse(decodeResult: success, version: HTTP/1.1)
HTTP/1.1 200 OK
Content-Type: application/json; charset=utf-8
cache-control: no-cache
content-length: 55

18:01:02.146 [AsyncHttpClient-1-5] DEBUG org.asynchttpclient.netty.channel.ChannelManager - Adding key: http://localhost:53732 for channel [id: 0xf1e22be2, L:/127.0.0.1:59239 - R:localhost/127.0.0.1:53732]
18:01:02.151 [Forwarding getPageSource on session a97e03a7e7a79e9cb27fb330525c7d6c to remote] DEBUG org.asynchttpclient.netty.request.NettyRequestSender - Using pooled Channel '[id: 0xf1e22be2, L:/127.0.0.1:59239 - R:localhost/127.0.0.1:53732]' for 'POST' to 'http://localhost:53732/session/a97e03a7e7a79e9cb27fb330525c7d6c/execute/sync'
18:01:02.151 [Forwarding getPageSource on session a97e03a7e7a79e9cb27fb330525c7d6c to remote] DEBUG org.asynchttpclient.netty.request.NettyRequestSender - Using open Channel [id: 0xf1e22be2, L:/127.0.0.1:59239 - R:localhost/127.0.0.1:53732] for POST '/session/a97e03a7e7a79e9cb27fb330525c7d6c/execute/sync'
18:01:02.158 [AsyncHttpClient-1-5] DEBUG org.asynchttpclient.netty.handler.HttpHandler - 

Request DefaultHttpRequest(decodeResult: success, version: HTTP/1.1)
POST /session/a97e03a7e7a79e9cb27fb330525c7d6c/execute/sync HTTP/1.1
User-Agent: selenium/4.4.0 (java windows)
Content-Length: 176
Content-Type: application/json; charset=utf-8
host: localhost:53732
accept: */*

Response DefaultHttpResponse(decodeResult: success, version: HTTP/1.1)
HTTP/1.1 200 OK
Content-Type: application/json; charset=utf-8
cache-control: no-cache
content-length: 54711

18:01:02.159 [AsyncHttpClient-1-5] DEBUG org.asynchttpclient.netty.channel.ChannelManager - Adding key: http://localhost:53732 for channel [id: 0xf1e22be2, L:/127.0.0.1:59239 - R:localhost/127.0.0.1:53732]
18:01:02.162 [Forwarding getCurrentUrl on session a97e03a7e7a79e9cb27fb330525c7d6c to remote] DEBUG org.asynchttpclient.netty.request.NettyRequestSender - Using pooled Channel '[id: 0xf1e22be2, L:/127.0.0.1:59239 - R:localhost/127.0.0.1:53732]' for 'GET' to 'http://localhost:53732/session/a97e03a7e7a79e9cb27fb330525c7d6c/url'
18:01:02.162 [Forwarding getCurrentUrl on session a97e03a7e7a79e9cb27fb330525c7d6c to remote] DEBUG org.asynchttpclient.netty.request.NettyRequestSender - Using open Channel [id: 0xf1e22be2, L:/127.0.0.1:59239 - R:localhost/127.0.0.1:53732] for GET '/session/a97e03a7e7a79e9cb27fb330525c7d6c/url'
18:01:02.166 [AsyncHttpClient-1-5] DEBUG org.asynchttpclient.netty.handler.HttpHandler - 

Request DefaultFullHttpRequest(decodeResult: success, version: HTTP/1.1, content: EmptyByteBufBE)
GET /session/a97e03a7e7a79e9cb27fb330525c7d6c/url HTTP/1.1
User-Agent: selenium/4.4.0 (java windows)
Cache-Control: no-cache
Content-Type: application/json; charset=utf-8
host: localhost:53732
accept: */*

Response DefaultHttpResponse(decodeResult: success, version: HTTP/1.1)
HTTP/1.1 200 OK
Content-Type: application/json; charset=utf-8
cache-control: no-cache
content-length: 55

18:01:02.166 [AsyncHttpClient-1-5] DEBUG org.asynchttpclient.netty.channel.ChannelManager - Adding key: http://localhost:53732 for channel [id: 0xf1e22be2, L:/127.0.0.1:59239 - R:localhost/127.0.0.1:53732]
18:01:02.168 [main] DEBUG net.thucydides.core.steps.StepInterceptor - STARTING STEP: ComprobarCestaStep.voy_a_la_cesta - cliko en la cart
18:01:02.169 [Forwarding findElement on session a97e03a7e7a79e9cb27fb330525c7d6c to remote] DEBUG org.asynchttpclient.netty.request.NettyRequestSender - Using pooled Channel '[id: 0xf1e22be2, L:/127.0.0.1:59239 - R:localhost/127.0.0.1:53732]' for 'POST' to 'http://localhost:53732/session/a97e03a7e7a79e9cb27fb330525c7d6c/element'
18:01:02.169 [Forwarding findElement on session a97e03a7e7a79e9cb27fb330525c7d6c to remote] DEBUG org.asynchttpclient.netty.request.NettyRequestSender - Using open Channel [id: 0xf1e22be2, L:/127.0.0.1:59239 - R:localhost/127.0.0.1:53732] for POST '/session/a97e03a7e7a79e9cb27fb330525c7d6c/element'
18:01:02.178 [AsyncHttpClient-1-5] DEBUG org.asynchttpclient.netty.handler.HttpHandler - 

Request DefaultHttpRequest(decodeResult: success, version: HTTP/1.1)
POST /session/a97e03a7e7a79e9cb27fb330525c7d6c/element HTTP/1.1
User-Agent: selenium/4.4.0 (java windows)
Content-Length: 64
Content-Type: application/json; charset=utf-8
host: localhost:53732
accept: */*

Response DefaultHttpResponse(decodeResult: success, version: HTTP/1.1)
HTTP/1.1 200 OK
Content-Type: application/json; charset=utf-8
cache-control: no-cache
content-length: 88

18:01:02.178 [AsyncHttpClient-1-5] DEBUG org.asynchttpclient.netty.channel.ChannelManager - Adding key: http://localhost:53732 for channel [id: 0xf1e22be2, L:/127.0.0.1:59239 - R:localhost/127.0.0.1:53732]
18:01:02.180 [Forwarding isElementDisplayed on session a97e03a7e7a79e9cb27fb330525c7d6c to remote] DEBUG org.asynchttpclient.netty.request.NettyRequestSender - Using pooled Channel '[id: 0xf1e22be2, L:/127.0.0.1:59239 - R:localhost/127.0.0.1:53732]' for 'POST' to 'http://localhost:53732/session/a97e03a7e7a79e9cb27fb330525c7d6c/execute/sync'
18:01:02.180 [Forwarding isElementDisplayed on session a97e03a7e7a79e9cb27fb330525c7d6c to remote] DEBUG org.asynchttpclient.netty.request.NettyRequestSender - Using open Channel [id: 0xf1e22be2, L:/127.0.0.1:59239 - R:localhost/127.0.0.1:53732] for POST '/session/a97e03a7e7a79e9cb27fb330525c7d6c/execute/sync'
18:01:02.187 [AsyncHttpClient-1-5] DEBUG org.asynchttpclient.netty.handler.HttpHandler - 

Request DefaultHttpRequest(decodeResult: success, version: HTTP/1.1)
POST /session/a97e03a7e7a79e9cb27fb330525c7d6c/execute/sync HTTP/1.1
User-Agent: selenium/4.4.0 (java windows)
Content-Length: 48780
Content-Type: application/json; charset=utf-8
host: localhost:53732
accept: */*

Response DefaultHttpResponse(decodeResult: success, version: HTTP/1.1)
HTTP/1.1 200 OK
Content-Type: application/json; charset=utf-8
cache-control: no-cache
content-length: 14

18:01:02.187 [AsyncHttpClient-1-5] DEBUG org.asynchttpclient.netty.channel.ChannelManager - Adding key: http://localhost:53732 for channel [id: 0xf1e22be2, L:/127.0.0.1:59239 - R:localhost/127.0.0.1:53732]
18:01:02.187 [Forwarding clickElement on session a97e03a7e7a79e9cb27fb330525c7d6c to remote] DEBUG org.asynchttpclient.netty.request.NettyRequestSender - Using pooled Channel '[id: 0xf1e22be2, L:/127.0.0.1:59239 - R:localhost/127.0.0.1:53732]' for 'POST' to 'http://localhost:53732/session/a97e03a7e7a79e9cb27fb330525c7d6c/element/d7e5e612-1c70-4633-bbed-1a9e3f736d34/click'
18:01:02.187 [Forwarding clickElement on session a97e03a7e7a79e9cb27fb330525c7d6c to remote] DEBUG org.asynchttpclient.netty.request.NettyRequestSender - Using open Channel [id: 0xf1e22be2, L:/127.0.0.1:59239 - R:localhost/127.0.0.1:53732] for POST '/session/a97e03a7e7a79e9cb27fb330525c7d6c/element/d7e5e612-1c70-4633-bbed-1a9e3f736d34/click'
18:01:02.462 [AsyncHttpClient-1-1] DEBUG org.asynchttpclient.netty.channel.DefaultChannelPool - Entry count for : http://localhost:59240 : 1
18:01:02.607 [AsyncHttpClient-1-5] DEBUG org.asynchttpclient.netty.handler.HttpHandler - 

Request DefaultHttpRequest(decodeResult: success, version: HTTP/1.1)
POST /session/a97e03a7e7a79e9cb27fb330525c7d6c/element/d7e5e612-1c70-4633-bbed-1a9e3f736d34/click HTTP/1.1
User-Agent: selenium/4.4.0 (java windows)
Content-Length: 50
Content-Type: application/json; charset=utf-8
host: localhost:53732
accept: */*

Response DefaultHttpResponse(decodeResult: success, version: HTTP/1.1)
HTTP/1.1 200 OK
Content-Type: application/json; charset=utf-8
cache-control: no-cache
content-length: 14

18:01:02.607 [AsyncHttpClient-1-5] DEBUG org.asynchttpclient.netty.channel.ChannelManager - Adding key: http://localhost:53732 for channel [id: 0xf1e22be2, L:/127.0.0.1:59239 - R:localhost/127.0.0.1:53732]
18:01:02.611 [Forwarding getCurrentWindowHandle on session a97e03a7e7a79e9cb27fb330525c7d6c to remote] DEBUG org.asynchttpclient.netty.request.NettyRequestSender - Using pooled Channel '[id: 0xf1e22be2, L:/127.0.0.1:59239 - R:localhost/127.0.0.1:53732]' for 'GET' to 'http://localhost:53732/session/a97e03a7e7a79e9cb27fb330525c7d6c/window'
18:01:02.611 [Forwarding getCurrentWindowHandle on session a97e03a7e7a79e9cb27fb330525c7d6c to remote] DEBUG org.asynchttpclient.netty.request.NettyRequestSender - Using open Channel [id: 0xf1e22be2, L:/127.0.0.1:59239 - R:localhost/127.0.0.1:53732] for GET '/session/a97e03a7e7a79e9cb27fb330525c7d6c/window'
18:01:02.611 [AsyncHttpClient-1-5] DEBUG org.asynchttpclient.netty.handler.HttpHandler - 

Request DefaultFullHttpRequest(decodeResult: success, version: HTTP/1.1, content: EmptyByteBufBE)
GET /session/a97e03a7e7a79e9cb27fb330525c7d6c/window HTTP/1.1
User-Agent: selenium/4.4.0 (java windows)
Cache-Control: no-cache
Content-Type: application/json; charset=utf-8
host: localhost:53732
accept: */*

Response DefaultHttpResponse(decodeResult: success, version: HTTP/1.1)
HTTP/1.1 200 OK
Content-Type: application/json; charset=utf-8
cache-control: no-cache
content-length: 53

18:01:02.611 [AsyncHttpClient-1-5] DEBUG org.asynchttpclient.netty.channel.ChannelManager - Adding key: http://localhost:53732 for channel [id: 0xf1e22be2, L:/127.0.0.1:59239 - R:localhost/127.0.0.1:53732]
18:01:02.612 [Forwarding getAlertText on session a97e03a7e7a79e9cb27fb330525c7d6c to remote] DEBUG org.asynchttpclient.netty.request.NettyRequestSender - Using pooled Channel '[id: 0xf1e22be2, L:/127.0.0.1:59239 - R:localhost/127.0.0.1:53732]' for 'GET' to 'http://localhost:53732/session/a97e03a7e7a79e9cb27fb330525c7d6c/alert/text'
18:01:02.612 [Forwarding getAlertText on session a97e03a7e7a79e9cb27fb330525c7d6c to remote] DEBUG org.asynchttpclient.netty.request.NettyRequestSender - Using open Channel [id: 0xf1e22be2, L:/127.0.0.1:59239 - R:localhost/127.0.0.1:53732] for GET '/session/a97e03a7e7a79e9cb27fb330525c7d6c/alert/text'
18:01:02.617 [AsyncHttpClient-1-5] DEBUG org.asynchttpclient.netty.handler.HttpHandler - 

Request DefaultFullHttpRequest(decodeResult: success, version: HTTP/1.1, content: EmptyByteBufBE)
GET /session/a97e03a7e7a79e9cb27fb330525c7d6c/alert/text HTTP/1.1
User-Agent: selenium/4.4.0 (java windows)
Cache-Control: no-cache
Content-Type: application/json; charset=utf-8
host: localhost:53732
accept: */*

Response DefaultHttpResponse(decodeResult: success, version: HTTP/1.1)
HTTP/1.1 404 Not Found
Content-Type: application/json; charset=utf-8
cache-control: no-cache
content-length: 835

18:01:02.618 [AsyncHttpClient-1-5] DEBUG org.asynchttpclient.netty.channel.ChannelManager - Adding key: http://localhost:53732 for channel [id: 0xf1e22be2, L:/127.0.0.1:59239 - R:localhost/127.0.0.1:53732]
18:01:02.619 [Forwarding switchToWindow on session a97e03a7e7a79e9cb27fb330525c7d6c to remote] DEBUG org.asynchttpclient.netty.request.NettyRequestSender - Using pooled Channel '[id: 0xf1e22be2, L:/127.0.0.1:59239 - R:localhost/127.0.0.1:53732]' for 'POST' to 'http://localhost:53732/session/a97e03a7e7a79e9cb27fb330525c7d6c/window'
18:01:02.619 [Forwarding switchToWindow on session a97e03a7e7a79e9cb27fb330525c7d6c to remote] DEBUG org.asynchttpclient.netty.request.NettyRequestSender - Using open Channel [id: 0xf1e22be2, L:/127.0.0.1:59239 - R:localhost/127.0.0.1:53732] for POST '/session/a97e03a7e7a79e9cb27fb330525c7d6c/window'
18:01:02.621 [AsyncHttpClient-1-5] DEBUG org.asynchttpclient.netty.handler.HttpHandler - 

Request DefaultHttpRequest(decodeResult: success, version: HTTP/1.1)
POST /session/a97e03a7e7a79e9cb27fb330525c7d6c/window HTTP/1.1
User-Agent: selenium/4.4.0 (java windows)
Content-Length: 59
Content-Type: application/json; charset=utf-8
host: localhost:53732
accept: */*

Response DefaultHttpResponse(decodeResult: success, version: HTTP/1.1)
HTTP/1.1 200 OK
Content-Type: application/json; charset=utf-8
cache-control: no-cache
content-length: 14

18:01:02.621 [AsyncHttpClient-1-5] DEBUG org.asynchttpclient.netty.channel.ChannelManager - Adding key: http://localhost:53732 for channel [id: 0xf1e22be2, L:/127.0.0.1:59239 - R:localhost/127.0.0.1:53732]
18:01:02.621 [Forwarding getCurrentUrl on session a97e03a7e7a79e9cb27fb330525c7d6c to remote] DEBUG org.asynchttpclient.netty.request.NettyRequestSender - Using pooled Channel '[id: 0xf1e22be2, L:/127.0.0.1:59239 - R:localhost/127.0.0.1:53732]' for 'GET' to 'http://localhost:53732/session/a97e03a7e7a79e9cb27fb330525c7d6c/url'
18:01:02.621 [Forwarding getCurrentUrl on session a97e03a7e7a79e9cb27fb330525c7d6c to remote] DEBUG org.asynchttpclient.netty.request.NettyRequestSender - Using open Channel [id: 0xf1e22be2, L:/127.0.0.1:59239 - R:localhost/127.0.0.1:53732] for GET '/session/a97e03a7e7a79e9cb27fb330525c7d6c/url'
18:01:02.629 [AsyncHttpClient-1-5] DEBUG org.asynchttpclient.netty.handler.HttpHandler - 

Request DefaultFullHttpRequest(decodeResult: success, version: HTTP/1.1, content: EmptyByteBufBE)
GET /session/a97e03a7e7a79e9cb27fb330525c7d6c/url HTTP/1.1
User-Agent: selenium/4.4.0 (java windows)
Cache-Control: no-cache
Content-Type: application/json; charset=utf-8
host: localhost:53732
accept: */*

Response DefaultHttpResponse(decodeResult: success, version: HTTP/1.1)
HTTP/1.1 200 OK
Content-Type: application/json; charset=utf-8
cache-control: no-cache
content-length: 47

18:01:02.629 [AsyncHttpClient-1-5] DEBUG org.asynchttpclient.netty.channel.ChannelManager - Adding key: http://localhost:53732 for channel [id: 0xf1e22be2, L:/127.0.0.1:59239 - R:localhost/127.0.0.1:53732]
18:01:02.630 [Forwarding screenshot on session a97e03a7e7a79e9cb27fb330525c7d6c to remote] DEBUG org.asynchttpclient.netty.request.NettyRequestSender - Using pooled Channel '[id: 0xf1e22be2, L:/127.0.0.1:59239 - R:localhost/127.0.0.1:53732]' for 'GET' to 'http://localhost:53732/session/a97e03a7e7a79e9cb27fb330525c7d6c/screenshot'
18:01:02.630 [Forwarding screenshot on session a97e03a7e7a79e9cb27fb330525c7d6c to remote] DEBUG org.asynchttpclient.netty.request.NettyRequestSender - Using open Channel [id: 0xf1e22be2, L:/127.0.0.1:59239 - R:localhost/127.0.0.1:53732] for GET '/session/a97e03a7e7a79e9cb27fb330525c7d6c/screenshot'
18:01:02.766 [AsyncHttpClient-1-5] DEBUG org.asynchttpclient.netty.handler.HttpHandler - 

Request DefaultFullHttpRequest(decodeResult: success, version: HTTP/1.1, content: EmptyByteBufBE)
GET /session/a97e03a7e7a79e9cb27fb330525c7d6c/screenshot HTTP/1.1
User-Agent: selenium/4.4.0 (java windows)
Cache-Control: no-cache
Content-Type: application/json; charset=utf-8
host: localhost:53732
accept: */*

Response DefaultHttpResponse(decodeResult: success, version: HTTP/1.1)
HTTP/1.1 200 OK
Content-Type: application/json; charset=utf-8
cache-control: no-cache
content-length: 252264

18:01:02.766 [AsyncHttpClient-1-5] DEBUG org.asynchttpclient.netty.channel.ChannelManager - Adding key: http://localhost:53732 for channel [id: 0xf1e22be2, L:/127.0.0.1:59239 - R:localhost/127.0.0.1:53732]
18:01:02.770 [main] DEBUG net.serenitybdd.core.photography.Darkroom - Send negative for processing for target\site\serenity\9764e588c45434737c9123f2124f2c529fc36d22c6b65f5f170e282bd077b511.png
18:01:02.770 [main] DEBUG net.thucydides.core.steps.StepInterceptor - STEP DONE: cliko en la cart
  &amp#27;[32mWhen &amp#27;[0m&amp#27;[32mvoy a la cesta&amp#27;[0m                                              &amp#27;[90m# Step.ComprobarCestaStep.voy_a_la_cesta()&amp#27;[0m
18:01:02.777 [Forwarding getPageSource on session a97e03a7e7a79e9cb27fb330525c7d6c to remote] DEBUG org.asynchttpclient.netty.request.NettyRequestSender - Using pooled Channel '[id: 0xf1e22be2, L:/127.0.0.1:59239 - R:localhost/127.0.0.1:53732]' for 'POST' to 'http://localhost:53732/session/a97e03a7e7a79e9cb27fb330525c7d6c/execute/sync'
18:01:02.777 [Forwarding getPageSource on session a97e03a7e7a79e9cb27fb330525c7d6c to remote] DEBUG org.asynchttpclient.netty.request.NettyRequestSender - Using open Channel [id: 0xf1e22be2, L:/127.0.0.1:59239 - R:localhost/127.0.0.1:53732] for POST '/session/a97e03a7e7a79e9cb27fb330525c7d6c/execute/sync'
18:01:02.784 [AsyncHttpClient-1-5] DEBUG org.asynchttpclient.netty.handler.HttpHandler - 

Request DefaultHttpRequest(decodeResult: success, version: HTTP/1.1)
POST /session/a97e03a7e7a79e9cb27fb330525c7d6c/execute/sync HTTP/1.1
User-Agent: selenium/4.4.0 (java windows)
Content-Length: 176
Content-Type: application/json; charset=utf-8
host: localhost:53732
accept: */*

Response DefaultHttpResponse(decodeResult: success, version: HTTP/1.1)
HTTP/1.1 200 OK
Content-Type: application/json; charset=utf-8
cache-control: no-cache
content-length: 56889

18:01:02.784 [AsyncHttpClient-1-5] DEBUG org.asynchttpclient.netty.channel.ChannelManager - Adding key: http://localhost:53732 for channel [id: 0xf1e22be2, L:/127.0.0.1:59239 - R:localhost/127.0.0.1:53732]
18:01:02.787 [Forwarding getCurrentUrl on session a97e03a7e7a79e9cb27fb330525c7d6c to remote] DEBUG org.asynchttpclient.netty.request.NettyRequestSender - Using pooled Channel '[id: 0xf1e22be2, L:/127.0.0.1:59239 - R:localhost/127.0.0.1:53732]' for 'GET' to 'http://localhost:53732/session/a97e03a7e7a79e9cb27fb330525c7d6c/url'
18:01:02.787 [Forwarding getCurrentUrl on session a97e03a7e7a79e9cb27fb330525c7d6c to remote] DEBUG org.asynchttpclient.netty.request.NettyRequestSender - Using open Channel [id: 0xf1e22be2, L:/127.0.0.1:59239 - R:localhost/127.0.0.1:53732] for GET '/session/a97e03a7e7a79e9cb27fb330525c7d6c/url'
18:01:02.791 [AsyncHttpClient-1-5] DEBUG org.asynchttpclient.netty.handler.HttpHandler - 

Request DefaultFullHttpRequest(decodeResult: success, version: HTTP/1.1, content: EmptyByteBufBE)
GET /session/a97e03a7e7a79e9cb27fb330525c7d6c/url HTTP/1.1
User-Agent: selenium/4.4.0 (java windows)
Cache-Control: no-cache
Content-Type: application/json; charset=utf-8
host: localhost:53732
accept: */*

Response DefaultHttpResponse(decodeResult: success, version: HTTP/1.1)
HTTP/1.1 200 OK
Content-Type: application/json; charset=utf-8
cache-control: no-cache
content-length: 47

18:01:02.791 [AsyncHttpClient-1-5] DEBUG org.asynchttpclient.netty.channel.ChannelManager - Adding key: http://localhost:53732 for channel [id: 0xf1e22be2, L:/127.0.0.1:59239 - R:localhost/127.0.0.1:53732]
18:01:02.794 [Forwarding findElement on session a97e03a7e7a79e9cb27fb330525c7d6c to remote] DEBUG org.asynchttpclient.netty.request.NettyRequestSender - Using pooled Channel '[id: 0xf1e22be2, L:/127.0.0.1:59239 - R:localhost/127.0.0.1:53732]' for 'POST' to 'http://localhost:53732/session/a97e03a7e7a79e9cb27fb330525c7d6c/element'
18:01:02.794 [Forwarding findElement on session a97e03a7e7a79e9cb27fb330525c7d6c to remote] DEBUG org.asynchttpclient.netty.request.NettyRequestSender - Using open Channel [id: 0xf1e22be2, L:/127.0.0.1:59239 - R:localhost/127.0.0.1:53732] for POST '/session/a97e03a7e7a79e9cb27fb330525c7d6c/element'
18:01:02.804 [AsyncHttpClient-1-5] DEBUG org.asynchttpclient.netty.handler.HttpHandler - 

Request DefaultHttpRequest(decodeResult: success, version: HTTP/1.1)
POST /session/a97e03a7e7a79e9cb27fb330525c7d6c/element HTTP/1.1
User-Agent: selenium/4.4.0 (java windows)
Content-Length: 54
Content-Type: application/json; charset=utf-8
host: localhost:53732
accept: */*

Response DefaultHttpResponse(decodeResult: success, version: HTTP/1.1)
HTTP/1.1 200 OK
Content-Type: application/json; charset=utf-8
cache-control: no-cache
content-length: 88

18:01:02.804 [AsyncHttpClient-1-5] DEBUG org.asynchttpclient.netty.channel.ChannelManager - Adding key: http://localhost:53732 for channel [id: 0xf1e22be2, L:/127.0.0.1:59239 - R:localhost/127.0.0.1:53732]
18:01:02.806 [Forwarding isElementDisplayed on session a97e03a7e7a79e9cb27fb330525c7d6c to remote] DEBUG org.asynchttpclient.netty.request.NettyRequestSender - Using pooled Channel '[id: 0xf1e22be2, L:/127.0.0.1:59239 - R:localhost/127.0.0.1:53732]' for 'POST' to 'http://localhost:53732/session/a97e03a7e7a79e9cb27fb330525c7d6c/execute/sync'
18:01:02.806 [Forwarding isElementDisplayed on session a97e03a7e7a79e9cb27fb330525c7d6c to remote] DEBUG org.asynchttpclient.netty.request.NettyRequestSender - Using open Channel [id: 0xf1e22be2, L:/127.0.0.1:59239 - R:localhost/127.0.0.1:53732] for POST '/session/a97e03a7e7a79e9cb27fb330525c7d6c/execute/sync'
18:01:02.814 [AsyncHttpClient-1-5] DEBUG org.asynchttpclient.netty.handler.HttpHandler - 

Request DefaultHttpRequest(decodeResult: success, version: HTTP/1.1)
POST /session/a97e03a7e7a79e9cb27fb330525c7d6c/execute/sync HTTP/1.1
User-Agent: selenium/4.4.0 (java windows)
Content-Length: 48780
Content-Type: application/json; charset=utf-8
host: localhost:53732
accept: */*

Response DefaultHttpResponse(decodeResult: success, version: HTTP/1.1)
HTTP/1.1 200 OK
Content-Type: application/json; charset=utf-8
cache-control: no-cache
content-length: 14

18:01:02.814 [AsyncHttpClient-1-5] DEBUG org.asynchttpclient.netty.channel.ChannelManager - Adding key: http://localhost:53732 for channel [id: 0xf1e22be2, L:/127.0.0.1:59239 - R:localhost/127.0.0.1:53732]
18:01:02.816 [Forwarding isElementDisplayed on session a97e03a7e7a79e9cb27fb330525c7d6c to remote] DEBUG org.asynchttpclient.netty.request.NettyRequestSender - Using pooled Channel '[id: 0xf1e22be2, L:/127.0.0.1:59239 - R:localhost/127.0.0.1:53732]' for 'POST' to 'http://localhost:53732/session/a97e03a7e7a79e9cb27fb330525c7d6c/execute/sync'
18:01:02.816 [Forwarding isElementDisplayed on session a97e03a7e7a79e9cb27fb330525c7d6c to remote] DEBUG org.asynchttpclient.netty.request.NettyRequestSender - Using open Channel [id: 0xf1e22be2, L:/127.0.0.1:59239 - R:localhost/127.0.0.1:53732] for POST '/session/a97e03a7e7a79e9cb27fb330525c7d6c/execute/sync'
18:01:02.823 [AsyncHttpClient-1-5] DEBUG org.asynchttpclient.netty.handler.HttpHandler - 

Request DefaultHttpRequest(decodeResult: success, version: HTTP/1.1)
POST /session/a97e03a7e7a79e9cb27fb330525c7d6c/execute/sync HTTP/1.1
User-Agent: selenium/4.4.0 (java windows)
Content-Length: 48780
Content-Type: application/json; charset=utf-8
host: localhost:53732
accept: */*

Response DefaultHttpResponse(decodeResult: success, version: HTTP/1.1)
HTTP/1.1 200 OK
Content-Type: application/json; charset=utf-8
cache-control: no-cache
content-length: 14

18:01:02.823 [AsyncHttpClient-1-5] DEBUG org.asynchttpclient.netty.channel.ChannelManager - Adding key: http://localhost:53732 for channel [id: 0xf1e22be2, L:/127.0.0.1:59239 - R:localhost/127.0.0.1:53732]
18:01:02.825 [Forwarding findElements on session a97e03a7e7a79e9cb27fb330525c7d6c to remote] DEBUG org.asynchttpclient.netty.request.NettyRequestSender - Using pooled Channel '[id: 0xf1e22be2, L:/127.0.0.1:59239 - R:localhost/127.0.0.1:53732]' for 'POST' to 'http://localhost:53732/session/a97e03a7e7a79e9cb27fb330525c7d6c/elements'
18:01:02.825 [Forwarding findElements on session a97e03a7e7a79e9cb27fb330525c7d6c to remote] DEBUG org.asynchttpclient.netty.request.NettyRequestSender - Using open Channel [id: 0xf1e22be2, L:/127.0.0.1:59239 - R:localhost/127.0.0.1:53732] for POST '/session/a97e03a7e7a79e9cb27fb330525c7d6c/elements'
18:01:03.207 [AsyncHttpClient-1-5] DEBUG org.asynchttpclient.netty.handler.HttpHandler - 

Request DefaultHttpRequest(decodeResult: success, version: HTTP/1.1)
POST /session/a97e03a7e7a79e9cb27fb330525c7d6c/elements HTTP/1.1
User-Agent: selenium/4.4.0 (java windows)
Content-Length: 73
Content-Type: application/json; charset=utf-8
host: localhost:53732
accept: */*

Response DefaultHttpResponse(decodeResult: success, version: HTTP/1.1)
HTTP/1.1 200 OK
Content-Type: application/json; charset=utf-8
cache-control: no-cache
content-length: 90

18:01:03.207 [AsyncHttpClient-1-5] DEBUG org.asynchttpclient.netty.channel.ChannelManager - Adding key: http://localhost:53732 for channel [id: 0xf1e22be2, L:/127.0.0.1:59239 - R:localhost/127.0.0.1:53732]
18:01:03.208 [Forwarding getElementText on session a97e03a7e7a79e9cb27fb330525c7d6c to remote] DEBUG org.asynchttpclient.netty.request.NettyRequestSender - Using pooled Channel '[id: 0xf1e22be2, L:/127.0.0.1:59239 - R:localhost/127.0.0.1:53732]' for 'GET' to 'http://localhost:53732/session/a97e03a7e7a79e9cb27fb330525c7d6c/element/716694bc-2f8d-4327-9ae7-8c19a36da269/text'
18:01:03.208 [Forwarding getElementText on session a97e03a7e7a79e9cb27fb330525c7d6c to remote] DEBUG org.asynchttpclient.netty.request.NettyRequestSender - Using open Channel [id: 0xf1e22be2, L:/127.0.0.1:59239 - R:localhost/127.0.0.1:53732] for GET '/session/a97e03a7e7a79e9cb27fb330525c7d6c/element/716694bc-2f8d-4327-9ae7-8c19a36da269/text'
18:01:03.216 [AsyncHttpClient-1-5] DEBUG org.asynchttpclient.netty.handler.HttpHandler - 

Request DefaultFullHttpRequest(decodeResult: success, version: HTTP/1.1, content: EmptyByteBufBE)
GET /session/a97e03a7e7a79e9cb27fb330525c7d6c/element/716694bc-2f8d-4327-9ae7-8c19a36da269/text HTTP/1.1
User-Agent: selenium/4.4.0 (java windows)
Cache-Control: no-cache
Content-Type: application/json; charset=utf-8
host: localhost:53732
accept: */*

Response DefaultHttpResponse(decodeResult: success, version: HTTP/1.1)
HTTP/1.1 200 OK
Content-Type: application/json; charset=utf-8
cache-control: no-cache
content-length: 29

18:01:03.216 [AsyncHttpClient-1-5] DEBUG org.asynchttpclient.netty.channel.ChannelManager - Adding key: http://localhost:53732 for channel [id: 0xf1e22be2, L:/127.0.0.1:59239 - R:localhost/127.0.0.1:53732]
  &amp#27;[31mThen &amp#27;[0m&amp#27;[31mcombruebo que el telefono &amp#27;[0m&amp#27;[31m&amp#27;[1m"Nokia lumia 1520"&amp#27;[0m&amp#27;[31m se ha anadido&amp#27;[0m  &amp#27;[90m# Step.ComprobarCestaStep.combruebo_que_el_telefono_se_ha_anadido(java.lang.String)&amp#27;[0m
      &amp#27;[31mjava.lang.AssertionError
	at org.junit.Assert.fail(Assert.java:87)
	at org.junit.Assert.assertTrue(Assert.java:42)
	at org.junit.Assert.assertTrue(Assert.java:53)
	at cucumber.starter@1.0.0-SNAPSHOT/Step.ComprobarCestaStep.combruebo_que_el_telefono_se_ha_anadido(ComprobarCestaStep.java:104)
	at ✽.combruebo que el telefono "Nokia lumia 1520" se ha anadido(file:///C:/Users/doprsama/eclipse-workspace/PracticaCompleta/src/test/resources/features/cesta.feature:32)
&amp#27;[0m
18:01:03.227 [Forwarding getCurrentWindowHandle on session a97e03a7e7a79e9cb27fb330525c7d6c to remote] DEBUG org.asynchttpclient.netty.request.NettyRequestSender - Using pooled Channel '[id: 0xf1e22be2, L:/127.0.0.1:59239 - R:localhost/127.0.0.1:53732]' for 'GET' to 'http://localhost:53732/session/a97e03a7e7a79e9cb27fb330525c7d6c/window'
18:01:03.227 [Forwarding getCurrentWindowHandle on session a97e03a7e7a79e9cb27fb330525c7d6c to remote] DEBUG org.asynchttpclient.netty.request.NettyRequestSender - Using open Channel [id: 0xf1e22be2, L:/127.0.0.1:59239 - R:localhost/127.0.0.1:53732] for GET '/session/a97e03a7e7a79e9cb27fb330525c7d6c/window'
18:01:03.227 [AsyncHttpClient-1-5] DEBUG org.asynchttpclient.netty.handler.HttpHandler - 

Request DefaultFullHttpRequest(decodeResult: success, version: HTTP/1.1, content: EmptyByteBufBE)
GET /session/a97e03a7e7a79e9cb27fb330525c7d6c/window HTTP/1.1
User-Agent: selenium/4.4.0 (java windows)
Cache-Control: no-cache
Content-Type: application/json; charset=utf-8
host: localhost:53732
accept: */*

Response DefaultHttpResponse(decodeResult: success, version: HTTP/1.1)
HTTP/1.1 200 OK
Content-Type: application/json; charset=utf-8
cache-control: no-cache
content-length: 53

18:01:03.228 [AsyncHttpClient-1-5] DEBUG org.asynchttpclient.netty.channel.ChannelManager - Adding key: http://localhost:53732 for channel [id: 0xf1e22be2, L:/127.0.0.1:59239 - R:localhost/127.0.0.1:53732]
18:01:03.229 [Forwarding getAlertText on session a97e03a7e7a79e9cb27fb330525c7d6c to remote] DEBUG org.asynchttpclient.netty.request.NettyRequestSender - Using pooled Channel '[id: 0xf1e22be2, L:/127.0.0.1:59239 - R:localhost/127.0.0.1:53732]' for 'GET' to 'http://localhost:53732/session/a97e03a7e7a79e9cb27fb330525c7d6c/alert/text'
18:01:03.229 [Forwarding getAlertText on session a97e03a7e7a79e9cb27fb330525c7d6c to remote] DEBUG org.asynchttpclient.netty.request.NettyRequestSender - Using open Channel [id: 0xf1e22be2, L:/127.0.0.1:59239 - R:localhost/127.0.0.1:53732] for GET '/session/a97e03a7e7a79e9cb27fb330525c7d6c/alert/text'
18:01:03.230 [AsyncHttpClient-1-5] DEBUG org.asynchttpclient.netty.handler.HttpHandler - 

Request DefaultFullHttpRequest(decodeResult: success, version: HTTP/1.1, content: EmptyByteBufBE)
GET /session/a97e03a7e7a79e9cb27fb330525c7d6c/alert/text HTTP/1.1
User-Agent: selenium/4.4.0 (java windows)
Cache-Control: no-cache
Content-Type: application/json; charset=utf-8
host: localhost:53732
accept: */*

Response DefaultHttpResponse(decodeResult: success, version: HTTP/1.1)
HTTP/1.1 404 Not Found
Content-Type: application/json; charset=utf-8
cache-control: no-cache
content-length: 835

18:01:03.230 [AsyncHttpClient-1-5] DEBUG org.asynchttpclient.netty.channel.ChannelManager - Adding key: http://localhost:53732 for channel [id: 0xf1e22be2, L:/127.0.0.1:59239 - R:localhost/127.0.0.1:53732]
18:01:03.231 [Forwarding switchToWindow on session a97e03a7e7a79e9cb27fb330525c7d6c to remote] DEBUG org.asynchttpclient.netty.request.NettyRequestSender - Using pooled Channel '[id: 0xf1e22be2, L:/127.0.0.1:59239 - R:localhost/127.0.0.1:53732]' for 'POST' to 'http://localhost:53732/session/a97e03a7e7a79e9cb27fb330525c7d6c/window'
18:01:03.231 [Forwarding switchToWindow on session a97e03a7e7a79e9cb27fb330525c7d6c to remote] DEBUG org.asynchttpclient.netty.request.NettyRequestSender - Using open Channel [id: 0xf1e22be2, L:/127.0.0.1:59239 - R:localhost/127.0.0.1:53732] for POST '/session/a97e03a7e7a79e9cb27fb330525c7d6c/window'
18:01:03.232 [AsyncHttpClient-1-5] DEBUG org.asynchttpclient.netty.handler.HttpHandler - 

Request DefaultHttpRequest(decodeResult: success, version: HTTP/1.1)
POST /session/a97e03a7e7a79e9cb27fb330525c7d6c/window HTTP/1.1
User-Agent: selenium/4.4.0 (java windows)
Content-Length: 59
Content-Type: application/json; charset=utf-8
host: localhost:53732
accept: */*

Response DefaultHttpResponse(decodeResult: success, version: HTTP/1.1)
HTTP/1.1 200 OK
Content-Type: application/json; charset=utf-8
cache-control: no-cache
content-length: 14

18:01:03.232 [AsyncHttpClient-1-5] DEBUG org.asynchttpclient.netty.channel.ChannelManager - Adding key: http://localhost:53732 for channel [id: 0xf1e22be2, L:/127.0.0.1:59239 - R:localhost/127.0.0.1:53732]
18:01:03.233 [Forwarding getCurrentUrl on session a97e03a7e7a79e9cb27fb330525c7d6c to remote] DEBUG org.asynchttpclient.netty.request.NettyRequestSender - Using pooled Channel '[id: 0xf1e22be2, L:/127.0.0.1:59239 - R:localhost/127.0.0.1:53732]' for 'GET' to 'http://localhost:53732/session/a97e03a7e7a79e9cb27fb330525c7d6c/url'
18:01:03.233 [Forwarding getCurrentUrl on session a97e03a7e7a79e9cb27fb330525c7d6c to remote] DEBUG org.asynchttpclient.netty.request.NettyRequestSender - Using open Channel [id: 0xf1e22be2, L:/127.0.0.1:59239 - R:localhost/127.0.0.1:53732] for GET '/session/a97e03a7e7a79e9cb27fb330525c7d6c/url'
18:01:03.236 [AsyncHttpClient-1-5] DEBUG org.asynchttpclient.netty.handler.HttpHandler - 

Request DefaultFullHttpRequest(decodeResult: success, version: HTTP/1.1, content: EmptyByteBufBE)
GET /session/a97e03a7e7a79e9cb27fb330525c7d6c/url HTTP/1.1
User-Agent: selenium/4.4.0 (java windows)
Cache-Control: no-cache
Content-Type: application/json; charset=utf-8
host: localhost:53732
accept: */*

Response DefaultHttpResponse(decodeResult: success, version: HTTP/1.1)
HTTP/1.1 200 OK
Content-Type: application/json; charset=utf-8
cache-control: no-cache
content-length: 47

18:01:03.236 [AsyncHttpClient-1-5] DEBUG org.asynchttpclient.netty.channel.ChannelManager - Adding key: http://localhost:53732 for channel [id: 0xf1e22be2, L:/127.0.0.1:59239 - R:localhost/127.0.0.1:53732]
18:01:03.236 [Forwarding screenshot on session a97e03a7e7a79e9cb27fb330525c7d6c to remote] DEBUG org.asynchttpclient.netty.request.NettyRequestSender - Using pooled Channel '[id: 0xf1e22be2, L:/127.0.0.1:59239 - R:localhost/127.0.0.1:53732]' for 'GET' to 'http://localhost:53732/session/a97e03a7e7a79e9cb27fb330525c7d6c/screenshot'
18:01:03.236 [Forwarding screenshot on session a97e03a7e7a79e9cb27fb330525c7d6c to remote] DEBUG org.asynchttpclient.netty.request.NettyRequestSender - Using open Channel [id: 0xf1e22be2, L:/127.0.0.1:59239 - R:localhost/127.0.0.1:53732] for GET '/session/a97e03a7e7a79e9cb27fb330525c7d6c/screenshot'
18:01:03.362 [AsyncHttpClient-1-5] DEBUG org.asynchttpclient.netty.handler.HttpHandler - 

Request DefaultFullHttpRequest(decodeResult: success, version: HTTP/1.1, content: EmptyByteBufBE)
GET /session/a97e03a7e7a79e9cb27fb330525c7d6c/screenshot HTTP/1.1
User-Agent: selenium/4.4.0 (java windows)
Cache-Control: no-cache
Content-Type: application/json; charset=utf-8
host: localhost:53732
accept: */*

Response DefaultHttpResponse(decodeResult: success, version: HTTP/1.1)
HTTP/1.1 200 OK
Content-Type: application/json; charset=utf-8
cache-control: no-cache
content-length: 248356

18:01:03.362 [AsyncHttpClient-1-5] DEBUG org.asynchttpclient.netty.channel.ChannelManager - Adding key: http://localhost:53732 for channel [id: 0xf1e22be2, L:/127.0.0.1:59239 - R:localhost/127.0.0.1:53732]
18:01:03.366 [main] DEBUG net.serenitybdd.core.photography.Darkroom - Send negative for processing for target\site\serenity\16b1acdd355f482f9afa1868aae554f451e3f3a1fb465499839aab9beea79955.png
18:01:03.367 [Darkroom Processing Line] DEBUG net.serenitybdd.core.photography.DarkroomProcessingLine - Processing screenshot image in /var/screenshots/screenshot-6576077462681140354
18:01:03.367 [Darkroom Processing Line] DEBUG net.serenitybdd.core.photography.DarkroomProcessingLine - Saving screenshot to target\site\serenity\16b1acdd355f482f9afa1868aae554f451e3f3a1fb465499839aab9beea79955.png
18:01:03.367 [Forwarding getPageSource on session a97e03a7e7a79e9cb27fb330525c7d6c to remote] DEBUG org.asynchttpclient.netty.request.NettyRequestSender - Using pooled Channel '[id: 0xf1e22be2, L:/127.0.0.1:59239 - R:localhost/127.0.0.1:53732]' for 'POST' to 'http://localhost:53732/session/a97e03a7e7a79e9cb27fb330525c7d6c/execute/sync'
18:01:03.367 [Forwarding getPageSource on session a97e03a7e7a79e9cb27fb330525c7d6c to remote] DEBUG org.asynchttpclient.netty.request.NettyRequestSender - Using open Channel [id: 0xf1e22be2, L:/127.0.0.1:59239 - R:localhost/127.0.0.1:53732] for POST '/session/a97e03a7e7a79e9cb27fb330525c7d6c/execute/sync'
18:01:03.374 [AsyncHttpClient-1-5] DEBUG org.asynchttpclient.netty.handler.HttpHandler - 

Request DefaultHttpRequest(decodeResult: success, version: HTTP/1.1)
POST /session/a97e03a7e7a79e9cb27fb330525c7d6c/execute/sync HTTP/1.1
User-Agent: selenium/4.4.0 (java windows)
Content-Length: 176
Content-Type: application/json; charset=utf-8
host: localhost:53732
accept: */*

Response DefaultHttpResponse(decodeResult: success, version: HTTP/1.1)
HTTP/1.1 200 OK
Content-Type: application/json; charset=utf-8
cache-control: no-cache
content-length: 57490

18:01:03.374 [AsyncHttpClient-1-5] DEBUG org.asynchttpclient.netty.channel.ChannelManager - Adding key: http://localhost:53732 for channel [id: 0xf1e22be2, L:/127.0.0.1:59239 - R:localhost/127.0.0.1:53732]
18:01:03.377 [Forwarding getCurrentUrl on session a97e03a7e7a79e9cb27fb330525c7d6c to remote] DEBUG org.asynchttpclient.netty.request.NettyRequestSender - Using pooled Channel '[id: 0xf1e22be2, L:/127.0.0.1:59239 - R:localhost/127.0.0.1:53732]' for 'GET' to 'http://localhost:53732/session/a97e03a7e7a79e9cb27fb330525c7d6c/url'
18:01:03.377 [Forwarding getCurrentUrl on session a97e03a7e7a79e9cb27fb330525c7d6c to remote] DEBUG org.asynchttpclient.netty.request.NettyRequestSender - Using open Channel [id: 0xf1e22be2, L:/127.0.0.1:59239 - R:localhost/127.0.0.1:53732] for GET '/session/a97e03a7e7a79e9cb27fb330525c7d6c/url'
18:01:03.380 [AsyncHttpClient-1-5] DEBUG org.asynchttpclient.netty.handler.HttpHandler - 

Request DefaultFullHttpRequest(decodeResult: success, version: HTTP/1.1, content: EmptyByteBufBE)
GET /session/a97e03a7e7a79e9cb27fb330525c7d6c/url HTTP/1.1
User-Agent: selenium/4.4.0 (java windows)
Cache-Control: no-cache
Content-Type: application/json; charset=utf-8
host: localhost:53732
accept: */*

Response DefaultHttpResponse(decodeResult: success, version: HTTP/1.1)
HTTP/1.1 200 OK
Content-Type: application/json; charset=utf-8
cache-control: no-cache
content-length: 47

18:01:03.380 [AsyncHttpClient-1-5] DEBUG org.asynchttpclient.netty.channel.ChannelManager - Adding key: http://localhost:53732 for channel [id: 0xf1e22be2, L:/127.0.0.1:59239 - R:localhost/127.0.0.1:53732]
vuelta 2./Docu/@Cesta/@Cesta
18:01:03.399 [main] WARN com.itextpdf.layout.renderer.RootRenderer - Element does not fit current area. 
18:01:03.415 [main] WARN com.itextpdf.layout.renderer.RootRenderer - Element does not fit current area. 
18:01:03.431 [main] WARN com.itextpdf.layout.renderer.RootRenderer - Element does not fit current area. 
18:01:03.449 [main] WARN com.itextpdf.layout.renderer.RootRenderer - Element does not fit current area. 
18:01:03.463 [main] WARN com.itextpdf.layout.renderer.RootRenderer - Element does not fit current area. 
18:01:03.556 [Driver Command Executor] DEBUG org.asynchttpclient.netty.request.NettyRequestSender - Using pooled Channel '[id: 0xf1e22be2, L:/127.0.0.1:59239 - R:localhost/127.0.0.1:53732]' for 'DELETE' to 'http://localhost:53732/session/a97e03a7e7a79e9cb27fb330525c7d6c'
18:01:03.556 [Driver Command Executor] DEBUG org.asynchttpclient.netty.request.NettyRequestSender - Using open Channel [id: 0xf1e22be2, L:/127.0.0.1:59239 - R:localhost/127.0.0.1:53732] for DELETE '/session/a97e03a7e7a79e9cb27fb330525c7d6c'
18:01:03.557 [AsyncHttpClient-1-7] DEBUG org.asynchttpclient.netty.handler.WebSocketHandler - Channel Closed: [id: 0x38ab09e1, L:/127.0.0.1:59247 ! R:localhost/127.0.0.1:59240] with attribute NettyResponseFuture{currentRetry=0,
	isDone=1,
	isCancelled=0,
	asyncHandler=org.asynchttpclient.ws.WebSocketUpgradeHandler@2baef126,
	nettyRequest=org.asynchttpclient.netty.request.NettyRequest@6eac6a37,
	future=java.util.concurrent.CompletableFuture@7bbdd99e[Completed normally],
	uri=ws://localhost:59240/devtools/browser/d0ecfb1d-f03a-4132-a82f-c5cd574f55d9,
	keepAlive=true,
	redirectCount=0,
	timeoutsHolder=null,
	inAuth=0,
	touch=1673370055092}
18:01:03.557 [AsyncHttpClient-1-7] DEBUG org.asynchttpclient.netty.channel.ChannelManager - Closing Channel [id: 0x38ab09e1, L:/127.0.0.1:59247 ! R:localhost/127.0.0.1:59240] 
18:01:03.564 [AsyncHttpClient-1-1] DEBUG org.asynchttpclient.netty.channel.DefaultChannelPool - Entry count for : http://localhost:59240 : 1
18:01:03.628 [AsyncHttpClient-1-6] DEBUG org.asynchttpclient.netty.handler.HttpHandler - Unexpected I/O exception on channel [id: 0x978ca756, L:/127.0.0.1:59246 - R:localhost/127.0.0.1:59240]
java.net.SocketException: Connection reset
	at java.base/sun.nio.ch.SocketChannelImpl.throwConnectionReset(SocketChannelImpl.java:401)
	at java.base/sun.nio.ch.SocketChannelImpl.read(SocketChannelImpl.java:434)
	at io.netty.buffer.PooledByteBuf.setBytes(PooledByteBuf.java:258)
	at io.netty.buffer.AbstractByteBuf.writeBytes(AbstractByteBuf.java:1132)
	at io.netty.channel.socket.nio.NioSocketChannel.doReadBytes(NioSocketChannel.java:357)
	at io.netty.channel.nio.AbstractNioByteChannel$NioByteUnsafe.read(AbstractNioByteChannel.java:151)
	at io.netty.channel.nio.NioEventLoop.processSelectedKey(NioEventLoop.java:722)
	at io.netty.channel.nio.NioEventLoop.processSelectedKeysOptimized(NioEventLoop.java:658)
	at io.netty.channel.nio.NioEventLoop.processSelectedKeys(NioEventLoop.java:584)
	at io.netty.channel.nio.NioEventLoop.run(NioEventLoop.java:496)
	at io.netty.util.concurrent.SingleThreadEventExecutor$4.run(SingleThreadEventExecutor.java:997)
	at io.netty.util.internal.ThreadExecutorMap$2.run(ThreadExecutorMap.java:74)
	at io.netty.util.concurrent.FastThreadLocalRunnable.run(FastThreadLocalRunnable.java:30)
	at java.base/java.lang.Thread.run(Thread.java:1589)
18:01:03.628 [AsyncHttpClient-1-6] DEBUG org.asynchttpclient.netty.channel.ChannelManager - Closing Channel [id: 0x978ca756, L:/127.0.0.1:59246 - R:localhost/127.0.0.1:59240] 
18:01:03.628 [AsyncHttpClient-1-6] DEBUG org.asynchttpclient.netty.handler.HttpHandler - Channel Closed: [id: 0x978ca756, L:/127.0.0.1:59246 ! R:localhost/127.0.0.1:59240] with attribute DISCARD
18:01:03.696 [AsyncHttpClient-1-5] DEBUG org.asynchttpclient.netty.handler.HttpHandler - 

Request DefaultFullHttpRequest(decodeResult: success, version: HTTP/1.1, content: EmptyByteBufBE)
DELETE /session/a97e03a7e7a79e9cb27fb330525c7d6c HTTP/1.1
User-Agent: selenium/4.4.0 (java windows)
Content-Type: application/json; charset=utf-8
host: localhost:53732
accept: */*

Response DefaultHttpResponse(decodeResult: success, version: HTTP/1.1)
HTTP/1.1 200 OK
Content-Type: application/json; charset=utf-8
cache-control: no-cache
content-length: 14

18:01:03.696 [AsyncHttpClient-1-5] DEBUG org.asynchttpclient.netty.channel.ChannelManager - Adding key: http://localhost:53732 for channel [id: 0xf1e22be2, L:/127.0.0.1:59239 - R:localhost/127.0.0.1:53732]
18:01:03.801 [AsyncHttpClient-1-5] DEBUG org.asynchttpclient.netty.handler.HttpHandler - Channel Closed: [id: 0xf1e22be2, L:/127.0.0.1:59239 ! R:localhost/127.0.0.1:53732] with attribute DISCARD
18:01:03.862 [main] ERROR  - 
  _____   ___   ___   _____     ___     _     ___   _      ___   ___  
 |_   _| | __| / __| |_   _|   | __|   /_\   |_ _| | |    | __| |   \ 
   | |   | _|  \__ \   | |     | _|   / _ \   | |  | |__  | _|  | |) |
   |_|   |___| |___/   |_|     |_|   /_/ \_\ |___| |____| |___| |___/ 

Cesta
-----------------------------------------------------------------------
18:01:03.863 [main] DEBUG  - RELATED ISSUES: 
18:01:03.864 [main] ERROR  -     Test failed at step: Then combruebo que el telefono "Nokia lumia 1520" se ha anadido
18:01:03.864 [main] ERROR  -     
]]></system-out>
    <system-err><![CDATA[Starting ChromeDriver 108.0.5359.71 (1e0e3868ee06e91ad636a874420e3ca3ae3756ac-refs/branch-heads/5359@{#1016}) on port 53732
Only local connections are allowed.
Please see https://chromedriver.chromium.org/security-considerations for suggestions on keeping ChromeDriver safe.
ChromeDriver was started successfully.
ene 10, 2023 6:00:55 P. M. org.openqa.selenium.remote.ProtocolHandshake createSession
INFO: Detected upstream dialect: W3C
ene 10, 2023 6:00:55 P. M. org.openqa.selenium.devtools.CdpVersionFinder findNearestMatch
WARNING: Unable to find an exact match for CDP version 108, so returning the closest version found: 104
ene 10, 2023 6:00:55 P. M. org.openqa.selenium.devtools.CdpVersionFinder findNearestMatch
INFO: Found CDP implementation for version 108 of 104
]]></system-err>
  </testcase>
  <testcase name="Cesta #3" classname="Cesta" time="9.76">
    <system-out><![CDATA[
@Cesta
Scenario Outline: Cesta                                            &amp#27;[90m# src/test/resources/features/cesta.feature:38&amp#27;[0m
18:01:03.872 [main] INFO io.cucumber.core.plugin.SerenityReporter - Running feature from file:///C:/Users/doprsama/eclipse-workspace/PracticaCompleta/src/test/resources/features/cesta.feature
18:01:03.900 [main] DEBUG net.thucydides.core.steps.StepInterceptor - STARTING STEP: ComprobarCestaStep.estoy_logeado_con_el_usuario_de_contraseña - abro la pagina
18:01:03.933 [main] INFO net.serenitybdd.core.webdriver.driverproviders.ChromeDriverProvider - Starting Chrome driver instance with capabilities:
18:01:03.933 [main] INFO net.serenitybdd.core.webdriver.driverproviders.ChromeDriverProvider - Capabilities {acceptInsecureCerts: false, browserName: chrome, goog:chromeOptions: {args: [], extensions: []}}
18:01:04.007 [AsyncHttpClient-1-8] DEBUG org.asynchttpclient.netty.channel.NettyConnectListener - Using new Channel '[id: 0xaf05ad24, L:/127.0.0.1:59262 - R:localhost/127.0.0.1:52224]' for 'POST' to '/session'
18:01:04.661 [AsyncHttpClient-1-1] DEBUG org.asynchttpclient.netty.channel.DefaultChannelPool - Entry count for : http://localhost:59240 : 1
18:01:04.661 [AsyncHttpClient-1-1] DEBUG org.asynchttpclient.netty.channel.DefaultChannelPool - Entry count for : http://localhost:53732 : 1
18:01:04.661 [AsyncHttpClient-1-1] DEBUG org.asynchttpclient.netty.channel.DefaultChannelPool - Adding Candidate expired Channel [id: 0x978ca756, L:/127.0.0.1:59246 ! R:localhost/127.0.0.1:59240] isIdleTimeoutExpired=false isRemotelyClosed=true isTtlExpired=false
18:01:04.661 [AsyncHttpClient-1-1] DEBUG org.asynchttpclient.netty.channel.DefaultChannelPool - Closing Idle Channel [id: 0x978ca756, L:/127.0.0.1:59246 ! R:localhost/127.0.0.1:59240]
18:01:04.661 [AsyncHttpClient-1-1] DEBUG org.asynchttpclient.netty.channel.DefaultChannelPool - Adding Candidate expired Channel [id: 0xf1e22be2, L:/127.0.0.1:59239 ! R:localhost/127.0.0.1:53732] isIdleTimeoutExpired=false isRemotelyClosed=true isTtlExpired=false
18:01:04.661 [AsyncHttpClient-1-1] DEBUG org.asynchttpclient.netty.channel.DefaultChannelPool - Closing Idle Channel [id: 0xf1e22be2, L:/127.0.0.1:59239 ! R:localhost/127.0.0.1:53732]
18:01:04.661 [AsyncHttpClient-1-1] DEBUG org.asynchttpclient.netty.channel.DefaultChannelPool - Closed 2 connections out of 2 in 0 ms
18:01:04.684 [AsyncHttpClient-1-8] DEBUG org.asynchttpclient.netty.handler.HttpHandler - 

Request DefaultHttpRequest(decodeResult: success, version: HTTP/1.1)
POST /session HTTP/1.1
User-Agent: selenium/4.4.0 (java windows)
Content-Length: 437
Content-Type: application/json; charset=utf-8
host: localhost:52224
accept: */*

Response DefaultHttpResponse(decodeResult: success, version: HTTP/1.1)
HTTP/1.1 200 OK
Content-Type: application/json; charset=utf-8
cache-control: no-cache
content-length: 794

18:01:04.685 [AsyncHttpClient-1-8] DEBUG org.asynchttpclient.netty.channel.ChannelManager - Adding key: http://localhost:52224 for channel [id: 0xaf05ad24, L:/127.0.0.1:59262 - R:localhost/127.0.0.1:52224]
18:01:04.689 [AsyncHttpClient-1-9] DEBUG org.asynchttpclient.netty.channel.NettyConnectListener - Using new Channel '[id: 0xf6edbc87, L:/127.0.0.1:59269 - R:localhost/127.0.0.1:59263]' for 'GET' to '/json/version'
18:01:04.690 [AsyncHttpClient-1-9] DEBUG org.asynchttpclient.netty.handler.HttpHandler - 

Request DefaultFullHttpRequest(decodeResult: success, version: HTTP/1.1, content: EmptyByteBufBE)
GET /json/version HTTP/1.1
User-Agent: selenium/4.4.0 (java windows)
host: localhost:59263
accept: */*

Response DefaultHttpResponse(decodeResult: success, version: HTTP/1.1)
HTTP/1.1 200 OK
Content-Type: application/json; charset=UTF-8
content-length: 424

18:01:04.690 [AsyncHttpClient-1-9] DEBUG org.asynchttpclient.netty.channel.ChannelManager - Adding key: http://localhost:59263 for channel [id: 0xf6edbc87, L:/127.0.0.1:59269 - R:localhost/127.0.0.1:59263]
18:01:04.692 [AsyncHttpClient-1-10] DEBUG org.asynchttpclient.netty.channel.NettyConnectListener - Using new Channel '[id: 0x522afcd0, L:/127.0.0.1:59270 - R:localhost/127.0.0.1:59263]' for 'GET' to '/devtools/browser/97bd3143-51f5-46df-8d46-9719ad1c5d94'
18:01:04.693 [AsyncHttpClient-1-10] DEBUG org.asynchttpclient.netty.handler.WebSocketHandler - 

Request DefaultFullHttpRequest(decodeResult: success, version: HTTP/1.1, content: EmptyByteBufBE)
GET /devtools/browser/97bd3143-51f5-46df-8d46-9719ad1c5d94 HTTP/1.1
upgrade: websocket
connection: upgrade
sec-websocket-key: vc/n1UG8PN3Q7+BLIZokSg==
sec-websocket-version: 13
origin: http://localhost:59263
host: localhost:59263
accept: */*
user-agent: AHC/2.1

Response DefaultHttpResponse(decodeResult: success, version: HTTP/1.1)
HTTP/1.1 101 WebSocket Protocol Handshake
Upgrade: WebSocket
Connection: Upgrade
Sec-WebSocket-Accept: kzqOMIIc9GzKPKPn2F2AbveSDoQ=

18:01:04.695 [Forwarding get on session de1a4aa91c8a5e1b9ea9de6e314de9c4 to remote] DEBUG org.asynchttpclient.netty.request.NettyRequestSender - Using pooled Channel '[id: 0xaf05ad24, L:/127.0.0.1:59262 - R:localhost/127.0.0.1:52224]' for 'POST' to 'http://localhost:52224/session/de1a4aa91c8a5e1b9ea9de6e314de9c4/url'
18:01:04.695 [Forwarding get on session de1a4aa91c8a5e1b9ea9de6e314de9c4 to remote] DEBUG org.asynchttpclient.netty.request.NettyRequestSender - Using open Channel [id: 0xaf05ad24, L:/127.0.0.1:59262 - R:localhost/127.0.0.1:52224] for POST '/session/de1a4aa91c8a5e1b9ea9de6e314de9c4/url'
18:01:05.395 [AsyncHttpClient-1-8] DEBUG org.asynchttpclient.netty.handler.HttpHandler - 

Request DefaultHttpRequest(decodeResult: success, version: HTTP/1.1)
POST /session/de1a4aa91c8a5e1b9ea9de6e314de9c4/url HTTP/1.1
User-Agent: selenium/4.4.0 (java windows)
Content-Length: 66
Content-Type: application/json; charset=utf-8
host: localhost:52224
accept: */*

Response DefaultHttpResponse(decodeResult: success, version: HTTP/1.1)
HTTP/1.1 200 OK
Content-Type: application/json; charset=utf-8
cache-control: no-cache
content-length: 14

18:01:05.395 [AsyncHttpClient-1-8] DEBUG org.asynchttpclient.netty.channel.ChannelManager - Adding key: http://localhost:52224 for channel [id: 0xaf05ad24, L:/127.0.0.1:59262 - R:localhost/127.0.0.1:52224]
18:01:05.396 [Forwarding setTimeout on session de1a4aa91c8a5e1b9ea9de6e314de9c4 to remote] DEBUG org.asynchttpclient.netty.request.NettyRequestSender - Using pooled Channel '[id: 0xaf05ad24, L:/127.0.0.1:59262 - R:localhost/127.0.0.1:52224]' for 'POST' to 'http://localhost:52224/session/de1a4aa91c8a5e1b9ea9de6e314de9c4/timeouts'
18:01:05.396 [Forwarding setTimeout on session de1a4aa91c8a5e1b9ea9de6e314de9c4 to remote] DEBUG org.asynchttpclient.netty.request.NettyRequestSender - Using open Channel [id: 0xaf05ad24, L:/127.0.0.1:59262 - R:localhost/127.0.0.1:52224] for POST '/session/de1a4aa91c8a5e1b9ea9de6e314de9c4/timeouts'
18:01:05.397 [AsyncHttpClient-1-8] DEBUG org.asynchttpclient.netty.handler.HttpHandler - 

Request DefaultHttpRequest(decodeResult: success, version: HTTP/1.1)
POST /session/de1a4aa91c8a5e1b9ea9de6e314de9c4/timeouts HTTP/1.1
User-Agent: selenium/4.4.0 (java windows)
Content-Length: 22
Content-Type: application/json; charset=utf-8
host: localhost:52224
accept: */*

Response DefaultHttpResponse(decodeResult: success, version: HTTP/1.1)
HTTP/1.1 200 OK
Content-Type: application/json; charset=utf-8
cache-control: no-cache
content-length: 14

18:01:05.397 [AsyncHttpClient-1-8] DEBUG org.asynchttpclient.netty.channel.ChannelManager - Adding key: http://localhost:52224 for channel [id: 0xaf05ad24, L:/127.0.0.1:59262 - R:localhost/127.0.0.1:52224]
18:01:05.398 [Forwarding getCurrentUrl on session de1a4aa91c8a5e1b9ea9de6e314de9c4 to remote] DEBUG org.asynchttpclient.netty.request.NettyRequestSender - Using pooled Channel '[id: 0xaf05ad24, L:/127.0.0.1:59262 - R:localhost/127.0.0.1:52224]' for 'GET' to 'http://localhost:52224/session/de1a4aa91c8a5e1b9ea9de6e314de9c4/url'
18:01:05.398 [Forwarding getCurrentUrl on session de1a4aa91c8a5e1b9ea9de6e314de9c4 to remote] DEBUG org.asynchttpclient.netty.request.NettyRequestSender - Using open Channel [id: 0xaf05ad24, L:/127.0.0.1:59262 - R:localhost/127.0.0.1:52224] for GET '/session/de1a4aa91c8a5e1b9ea9de6e314de9c4/url'
18:01:05.403 [AsyncHttpClient-1-8] DEBUG org.asynchttpclient.netty.handler.HttpHandler - 

Request DefaultFullHttpRequest(decodeResult: success, version: HTTP/1.1, content: EmptyByteBufBE)
GET /session/de1a4aa91c8a5e1b9ea9de6e314de9c4/url HTTP/1.1
User-Agent: selenium/4.4.0 (java windows)
Cache-Control: no-cache
Content-Type: application/json; charset=utf-8
host: localhost:52224
accept: */*

Response DefaultHttpResponse(decodeResult: success, version: HTTP/1.1)
HTTP/1.1 200 OK
Content-Type: application/json; charset=utf-8
cache-control: no-cache
content-length: 48

18:01:05.403 [AsyncHttpClient-1-8] DEBUG org.asynchttpclient.netty.channel.ChannelManager - Adding key: http://localhost:52224 for channel [id: 0xaf05ad24, L:/127.0.0.1:59262 - R:localhost/127.0.0.1:52224]
18:01:05.404 [Forwarding getCurrentUrl on session de1a4aa91c8a5e1b9ea9de6e314de9c4 to remote] DEBUG org.asynchttpclient.netty.request.NettyRequestSender - Using pooled Channel '[id: 0xaf05ad24, L:/127.0.0.1:59262 - R:localhost/127.0.0.1:52224]' for 'GET' to 'http://localhost:52224/session/de1a4aa91c8a5e1b9ea9de6e314de9c4/url'
18:01:05.405 [Forwarding getCurrentUrl on session de1a4aa91c8a5e1b9ea9de6e314de9c4 to remote] DEBUG org.asynchttpclient.netty.request.NettyRequestSender - Using open Channel [id: 0xaf05ad24, L:/127.0.0.1:59262 - R:localhost/127.0.0.1:52224] for GET '/session/de1a4aa91c8a5e1b9ea9de6e314de9c4/url'
18:01:05.408 [AsyncHttpClient-1-8] DEBUG org.asynchttpclient.netty.handler.HttpHandler - 

Request DefaultFullHttpRequest(decodeResult: success, version: HTTP/1.1, content: EmptyByteBufBE)
GET /session/de1a4aa91c8a5e1b9ea9de6e314de9c4/url HTTP/1.1
User-Agent: selenium/4.4.0 (java windows)
Cache-Control: no-cache
Content-Type: application/json; charset=utf-8
host: localhost:52224
accept: */*

Response DefaultHttpResponse(decodeResult: success, version: HTTP/1.1)
HTTP/1.1 200 OK
Content-Type: application/json; charset=utf-8
cache-control: no-cache
content-length: 48

18:01:05.408 [AsyncHttpClient-1-8] DEBUG org.asynchttpclient.netty.channel.ChannelManager - Adding key: http://localhost:52224 for channel [id: 0xaf05ad24, L:/127.0.0.1:59262 - R:localhost/127.0.0.1:52224]
18:01:05.412 [Forwarding getCurrentWindowHandle on session de1a4aa91c8a5e1b9ea9de6e314de9c4 to remote] DEBUG org.asynchttpclient.netty.request.NettyRequestSender - Using pooled Channel '[id: 0xaf05ad24, L:/127.0.0.1:59262 - R:localhost/127.0.0.1:52224]' for 'GET' to 'http://localhost:52224/session/de1a4aa91c8a5e1b9ea9de6e314de9c4/window'
18:01:05.412 [Forwarding getCurrentWindowHandle on session de1a4aa91c8a5e1b9ea9de6e314de9c4 to remote] DEBUG org.asynchttpclient.netty.request.NettyRequestSender - Using open Channel [id: 0xaf05ad24, L:/127.0.0.1:59262 - R:localhost/127.0.0.1:52224] for GET '/session/de1a4aa91c8a5e1b9ea9de6e314de9c4/window'
18:01:05.413 [AsyncHttpClient-1-8] DEBUG org.asynchttpclient.netty.handler.HttpHandler - 

Request DefaultFullHttpRequest(decodeResult: success, version: HTTP/1.1, content: EmptyByteBufBE)
GET /session/de1a4aa91c8a5e1b9ea9de6e314de9c4/window HTTP/1.1
User-Agent: selenium/4.4.0 (java windows)
Cache-Control: no-cache
Content-Type: application/json; charset=utf-8
host: localhost:52224
accept: */*

Response DefaultHttpResponse(decodeResult: success, version: HTTP/1.1)
HTTP/1.1 200 OK
Content-Type: application/json; charset=utf-8
cache-control: no-cache
content-length: 53

18:01:05.413 [AsyncHttpClient-1-8] DEBUG org.asynchttpclient.netty.channel.ChannelManager - Adding key: http://localhost:52224 for channel [id: 0xaf05ad24, L:/127.0.0.1:59262 - R:localhost/127.0.0.1:52224]
18:01:05.413 [Forwarding getAlertText on session de1a4aa91c8a5e1b9ea9de6e314de9c4 to remote] DEBUG org.asynchttpclient.netty.request.NettyRequestSender - Using pooled Channel '[id: 0xaf05ad24, L:/127.0.0.1:59262 - R:localhost/127.0.0.1:52224]' for 'GET' to 'http://localhost:52224/session/de1a4aa91c8a5e1b9ea9de6e314de9c4/alert/text'
18:01:05.413 [Forwarding getAlertText on session de1a4aa91c8a5e1b9ea9de6e314de9c4 to remote] DEBUG org.asynchttpclient.netty.request.NettyRequestSender - Using open Channel [id: 0xaf05ad24, L:/127.0.0.1:59262 - R:localhost/127.0.0.1:52224] for GET '/session/de1a4aa91c8a5e1b9ea9de6e314de9c4/alert/text'
18:01:05.415 [AsyncHttpClient-1-8] DEBUG org.asynchttpclient.netty.handler.HttpHandler - 

Request DefaultFullHttpRequest(decodeResult: success, version: HTTP/1.1, content: EmptyByteBufBE)
GET /session/de1a4aa91c8a5e1b9ea9de6e314de9c4/alert/text HTTP/1.1
User-Agent: selenium/4.4.0 (java windows)
Cache-Control: no-cache
Content-Type: application/json; charset=utf-8
host: localhost:52224
accept: */*

Response DefaultHttpResponse(decodeResult: success, version: HTTP/1.1)
HTTP/1.1 404 Not Found
Content-Type: application/json; charset=utf-8
cache-control: no-cache
content-length: 835

18:01:05.415 [AsyncHttpClient-1-8] DEBUG org.asynchttpclient.netty.channel.ChannelManager - Adding key: http://localhost:52224 for channel [id: 0xaf05ad24, L:/127.0.0.1:59262 - R:localhost/127.0.0.1:52224]
18:01:05.416 [Forwarding switchToWindow on session de1a4aa91c8a5e1b9ea9de6e314de9c4 to remote] DEBUG org.asynchttpclient.netty.request.NettyRequestSender - Using pooled Channel '[id: 0xaf05ad24, L:/127.0.0.1:59262 - R:localhost/127.0.0.1:52224]' for 'POST' to 'http://localhost:52224/session/de1a4aa91c8a5e1b9ea9de6e314de9c4/window'
18:01:05.416 [Forwarding switchToWindow on session de1a4aa91c8a5e1b9ea9de6e314de9c4 to remote] DEBUG org.asynchttpclient.netty.request.NettyRequestSender - Using open Channel [id: 0xaf05ad24, L:/127.0.0.1:59262 - R:localhost/127.0.0.1:52224] for POST '/session/de1a4aa91c8a5e1b9ea9de6e314de9c4/window'
18:01:05.418 [AsyncHttpClient-1-8] DEBUG org.asynchttpclient.netty.handler.HttpHandler - 

Request DefaultHttpRequest(decodeResult: success, version: HTTP/1.1)
POST /session/de1a4aa91c8a5e1b9ea9de6e314de9c4/window HTTP/1.1
User-Agent: selenium/4.4.0 (java windows)
Content-Length: 59
Content-Type: application/json; charset=utf-8
host: localhost:52224
accept: */*

Response DefaultHttpResponse(decodeResult: success, version: HTTP/1.1)
HTTP/1.1 200 OK
Content-Type: application/json; charset=utf-8
cache-control: no-cache
content-length: 14

18:01:05.418 [AsyncHttpClient-1-8] DEBUG org.asynchttpclient.netty.channel.ChannelManager - Adding key: http://localhost:52224 for channel [id: 0xaf05ad24, L:/127.0.0.1:59262 - R:localhost/127.0.0.1:52224]
18:01:05.418 [Forwarding getCurrentUrl on session de1a4aa91c8a5e1b9ea9de6e314de9c4 to remote] DEBUG org.asynchttpclient.netty.request.NettyRequestSender - Using pooled Channel '[id: 0xaf05ad24, L:/127.0.0.1:59262 - R:localhost/127.0.0.1:52224]' for 'GET' to 'http://localhost:52224/session/de1a4aa91c8a5e1b9ea9de6e314de9c4/url'
18:01:05.418 [Forwarding getCurrentUrl on session de1a4aa91c8a5e1b9ea9de6e314de9c4 to remote] DEBUG org.asynchttpclient.netty.request.NettyRequestSender - Using open Channel [id: 0xaf05ad24, L:/127.0.0.1:59262 - R:localhost/127.0.0.1:52224] for GET '/session/de1a4aa91c8a5e1b9ea9de6e314de9c4/url'
18:01:05.420 [AsyncHttpClient-1-8] DEBUG org.asynchttpclient.netty.handler.HttpHandler - 

Request DefaultFullHttpRequest(decodeResult: success, version: HTTP/1.1, content: EmptyByteBufBE)
GET /session/de1a4aa91c8a5e1b9ea9de6e314de9c4/url HTTP/1.1
User-Agent: selenium/4.4.0 (java windows)
Cache-Control: no-cache
Content-Type: application/json; charset=utf-8
host: localhost:52224
accept: */*

Response DefaultHttpResponse(decodeResult: success, version: HTTP/1.1)
HTTP/1.1 200 OK
Content-Type: application/json; charset=utf-8
cache-control: no-cache
content-length: 48

18:01:05.420 [AsyncHttpClient-1-8] DEBUG org.asynchttpclient.netty.channel.ChannelManager - Adding key: http://localhost:52224 for channel [id: 0xaf05ad24, L:/127.0.0.1:59262 - R:localhost/127.0.0.1:52224]
18:01:05.420 [Forwarding screenshot on session de1a4aa91c8a5e1b9ea9de6e314de9c4 to remote] DEBUG org.asynchttpclient.netty.request.NettyRequestSender - Using pooled Channel '[id: 0xaf05ad24, L:/127.0.0.1:59262 - R:localhost/127.0.0.1:52224]' for 'GET' to 'http://localhost:52224/session/de1a4aa91c8a5e1b9ea9de6e314de9c4/screenshot'
18:01:05.421 [Forwarding screenshot on session de1a4aa91c8a5e1b9ea9de6e314de9c4 to remote] DEBUG org.asynchttpclient.netty.request.NettyRequestSender - Using open Channel [id: 0xaf05ad24, L:/127.0.0.1:59262 - R:localhost/127.0.0.1:52224] for GET '/session/de1a4aa91c8a5e1b9ea9de6e314de9c4/screenshot'
18:01:05.537 [AsyncHttpClient-1-8] DEBUG org.asynchttpclient.netty.handler.HttpHandler - 

Request DefaultFullHttpRequest(decodeResult: success, version: HTTP/1.1, content: EmptyByteBufBE)
GET /session/de1a4aa91c8a5e1b9ea9de6e314de9c4/screenshot HTTP/1.1
User-Agent: selenium/4.4.0 (java windows)
Cache-Control: no-cache
Content-Type: application/json; charset=utf-8
host: localhost:52224
accept: */*

Response DefaultHttpResponse(decodeResult: success, version: HTTP/1.1)
HTTP/1.1 200 OK
Content-Type: application/json; charset=utf-8
cache-control: no-cache
content-length: 239216

18:01:05.537 [AsyncHttpClient-1-8] DEBUG org.asynchttpclient.netty.channel.ChannelManager - Adding key: http://localhost:52224 for channel [id: 0xaf05ad24, L:/127.0.0.1:59262 - R:localhost/127.0.0.1:52224]
18:01:05.541 [main] DEBUG net.serenitybdd.core.photography.Darkroom - Send negative for processing for target\site\serenity\d822fc9d4781e0578d3ed239da5bb866355c55b6019d4b01def97d6e03f16f23.png
18:01:05.541 [main] DEBUG net.thucydides.core.steps.StepInterceptor - STEP DONE: abro la pagina
18:01:05.547 [Forwarding getPageSource on session de1a4aa91c8a5e1b9ea9de6e314de9c4 to remote] DEBUG org.asynchttpclient.netty.request.NettyRequestSender - Using pooled Channel '[id: 0xaf05ad24, L:/127.0.0.1:59262 - R:localhost/127.0.0.1:52224]' for 'POST' to 'http://localhost:52224/session/de1a4aa91c8a5e1b9ea9de6e314de9c4/execute/sync'
18:01:05.547 [Forwarding getPageSource on session de1a4aa91c8a5e1b9ea9de6e314de9c4 to remote] DEBUG org.asynchttpclient.netty.request.NettyRequestSender - Using open Channel [id: 0xaf05ad24, L:/127.0.0.1:59262 - R:localhost/127.0.0.1:52224] for POST '/session/de1a4aa91c8a5e1b9ea9de6e314de9c4/execute/sync'
18:01:05.554 [AsyncHttpClient-1-8] DEBUG org.asynchttpclient.netty.handler.HttpHandler - 

Request DefaultHttpRequest(decodeResult: success, version: HTTP/1.1)
POST /session/de1a4aa91c8a5e1b9ea9de6e314de9c4/execute/sync HTTP/1.1
User-Agent: selenium/4.4.0 (java windows)
Content-Length: 176
Content-Type: application/json; charset=utf-8
host: localhost:52224
accept: */*

Response DefaultHttpResponse(decodeResult: success, version: HTTP/1.1)
HTTP/1.1 200 OK
Content-Type: application/json; charset=utf-8
cache-control: no-cache
content-length: 51323

18:01:05.554 [AsyncHttpClient-1-8] DEBUG org.asynchttpclient.netty.channel.ChannelManager - Adding key: http://localhost:52224 for channel [id: 0xaf05ad24, L:/127.0.0.1:59262 - R:localhost/127.0.0.1:52224]
18:01:05.558 [Forwarding getCurrentUrl on session de1a4aa91c8a5e1b9ea9de6e314de9c4 to remote] DEBUG org.asynchttpclient.netty.request.NettyRequestSender - Using pooled Channel '[id: 0xaf05ad24, L:/127.0.0.1:59262 - R:localhost/127.0.0.1:52224]' for 'GET' to 'http://localhost:52224/session/de1a4aa91c8a5e1b9ea9de6e314de9c4/url'
18:01:05.558 [Forwarding getCurrentUrl on session de1a4aa91c8a5e1b9ea9de6e314de9c4 to remote] DEBUG org.asynchttpclient.netty.request.NettyRequestSender - Using open Channel [id: 0xaf05ad24, L:/127.0.0.1:59262 - R:localhost/127.0.0.1:52224] for GET '/session/de1a4aa91c8a5e1b9ea9de6e314de9c4/url'
18:01:05.561 [AsyncHttpClient-1-8] DEBUG org.asynchttpclient.netty.handler.HttpHandler - 

Request DefaultFullHttpRequest(decodeResult: success, version: HTTP/1.1, content: EmptyByteBufBE)
GET /session/de1a4aa91c8a5e1b9ea9de6e314de9c4/url HTTP/1.1
User-Agent: selenium/4.4.0 (java windows)
Cache-Control: no-cache
Content-Type: application/json; charset=utf-8
host: localhost:52224
accept: */*

Response DefaultHttpResponse(decodeResult: success, version: HTTP/1.1)
HTTP/1.1 200 OK
Content-Type: application/json; charset=utf-8
cache-control: no-cache
content-length: 48

18:01:05.561 [AsyncHttpClient-1-8] DEBUG org.asynchttpclient.netty.channel.ChannelManager - Adding key: http://localhost:52224 for channel [id: 0xaf05ad24, L:/127.0.0.1:59262 - R:localhost/127.0.0.1:52224]
18:01:05.562 [main] DEBUG net.thucydides.core.steps.StepInterceptor - STARTING STEP: ComprobarCestaStep.estoy_logeado_con_el_usuario_de_contraseña - voy a login
18:01:05.563 [Forwarding setTimeout on session de1a4aa91c8a5e1b9ea9de6e314de9c4 to remote] DEBUG org.asynchttpclient.netty.request.NettyRequestSender - Using pooled Channel '[id: 0xaf05ad24, L:/127.0.0.1:59262 - R:localhost/127.0.0.1:52224]' for 'POST' to 'http://localhost:52224/session/de1a4aa91c8a5e1b9ea9de6e314de9c4/timeouts'
18:01:05.563 [Forwarding setTimeout on session de1a4aa91c8a5e1b9ea9de6e314de9c4 to remote] DEBUG org.asynchttpclient.netty.request.NettyRequestSender - Using open Channel [id: 0xaf05ad24, L:/127.0.0.1:59262 - R:localhost/127.0.0.1:52224] for POST '/session/de1a4aa91c8a5e1b9ea9de6e314de9c4/timeouts'
18:01:05.564 [AsyncHttpClient-1-8] DEBUG org.asynchttpclient.netty.handler.HttpHandler - 

Request DefaultHttpRequest(decodeResult: success, version: HTTP/1.1)
POST /session/de1a4aa91c8a5e1b9ea9de6e314de9c4/timeouts HTTP/1.1
User-Agent: selenium/4.4.0 (java windows)
Content-Length: 19
Content-Type: application/json; charset=utf-8
host: localhost:52224
accept: */*

Response DefaultHttpResponse(decodeResult: success, version: HTTP/1.1)
HTTP/1.1 200 OK
Content-Type: application/json; charset=utf-8
cache-control: no-cache
content-length: 14

18:01:05.564 [AsyncHttpClient-1-8] DEBUG org.asynchttpclient.netty.channel.ChannelManager - Adding key: http://localhost:52224 for channel [id: 0xaf05ad24, L:/127.0.0.1:59262 - R:localhost/127.0.0.1:52224]
18:01:05.565 [Forwarding findElement on session de1a4aa91c8a5e1b9ea9de6e314de9c4 to remote] DEBUG org.asynchttpclient.netty.request.NettyRequestSender - Using pooled Channel '[id: 0xaf05ad24, L:/127.0.0.1:59262 - R:localhost/127.0.0.1:52224]' for 'POST' to 'http://localhost:52224/session/de1a4aa91c8a5e1b9ea9de6e314de9c4/element'
18:01:05.565 [Forwarding findElement on session de1a4aa91c8a5e1b9ea9de6e314de9c4 to remote] DEBUG org.asynchttpclient.netty.request.NettyRequestSender - Using open Channel [id: 0xaf05ad24, L:/127.0.0.1:59262 - R:localhost/127.0.0.1:52224] for POST '/session/de1a4aa91c8a5e1b9ea9de6e314de9c4/element'
18:01:05.573 [AsyncHttpClient-1-8] DEBUG org.asynchttpclient.netty.handler.HttpHandler - 

Request DefaultHttpRequest(decodeResult: success, version: HTTP/1.1)
POST /session/de1a4aa91c8a5e1b9ea9de6e314de9c4/element HTTP/1.1
User-Agent: selenium/4.4.0 (java windows)
Content-Length: 83
Content-Type: application/json; charset=utf-8
host: localhost:52224
accept: */*

Response DefaultHttpResponse(decodeResult: success, version: HTTP/1.1)
HTTP/1.1 200 OK
Content-Type: application/json; charset=utf-8
cache-control: no-cache
content-length: 88

18:01:05.573 [AsyncHttpClient-1-8] DEBUG org.asynchttpclient.netty.channel.ChannelManager - Adding key: http://localhost:52224 for channel [id: 0xaf05ad24, L:/127.0.0.1:59262 - R:localhost/127.0.0.1:52224]
18:01:05.574 [Forwarding setTimeout on session de1a4aa91c8a5e1b9ea9de6e314de9c4 to remote] DEBUG org.asynchttpclient.netty.request.NettyRequestSender - Using pooled Channel '[id: 0xaf05ad24, L:/127.0.0.1:59262 - R:localhost/127.0.0.1:52224]' for 'POST' to 'http://localhost:52224/session/de1a4aa91c8a5e1b9ea9de6e314de9c4/timeouts'
18:01:05.574 [Forwarding setTimeout on session de1a4aa91c8a5e1b9ea9de6e314de9c4 to remote] DEBUG org.asynchttpclient.netty.request.NettyRequestSender - Using open Channel [id: 0xaf05ad24, L:/127.0.0.1:59262 - R:localhost/127.0.0.1:52224] for POST '/session/de1a4aa91c8a5e1b9ea9de6e314de9c4/timeouts'
18:01:05.575 [AsyncHttpClient-1-8] DEBUG org.asynchttpclient.netty.handler.HttpHandler - 

Request DefaultHttpRequest(decodeResult: success, version: HTTP/1.1)
POST /session/de1a4aa91c8a5e1b9ea9de6e314de9c4/timeouts HTTP/1.1
User-Agent: selenium/4.4.0 (java windows)
Content-Length: 22
Content-Type: application/json; charset=utf-8
host: localhost:52224
accept: */*

Response DefaultHttpResponse(decodeResult: success, version: HTTP/1.1)
HTTP/1.1 200 OK
Content-Type: application/json; charset=utf-8
cache-control: no-cache
content-length: 14

18:01:05.575 [AsyncHttpClient-1-8] DEBUG org.asynchttpclient.netty.channel.ChannelManager - Adding key: http://localhost:52224 for channel [id: 0xaf05ad24, L:/127.0.0.1:59262 - R:localhost/127.0.0.1:52224]
18:01:05.578 [Forwarding findElement on session de1a4aa91c8a5e1b9ea9de6e314de9c4 to remote] DEBUG org.asynchttpclient.netty.request.NettyRequestSender - Using pooled Channel '[id: 0xaf05ad24, L:/127.0.0.1:59262 - R:localhost/127.0.0.1:52224]' for 'POST' to 'http://localhost:52224/session/de1a4aa91c8a5e1b9ea9de6e314de9c4/element'
18:01:05.578 [Forwarding findElement on session de1a4aa91c8a5e1b9ea9de6e314de9c4 to remote] DEBUG org.asynchttpclient.netty.request.NettyRequestSender - Using open Channel [id: 0xaf05ad24, L:/127.0.0.1:59262 - R:localhost/127.0.0.1:52224] for POST '/session/de1a4aa91c8a5e1b9ea9de6e314de9c4/element'
18:01:05.583 [AsyncHttpClient-1-8] DEBUG org.asynchttpclient.netty.handler.HttpHandler - 

Request DefaultHttpRequest(decodeResult: success, version: HTTP/1.1)
POST /session/de1a4aa91c8a5e1b9ea9de6e314de9c4/element HTTP/1.1
User-Agent: selenium/4.4.0 (java windows)
Content-Length: 83
Content-Type: application/json; charset=utf-8
host: localhost:52224
accept: */*

Response DefaultHttpResponse(decodeResult: success, version: HTTP/1.1)
HTTP/1.1 200 OK
Content-Type: application/json; charset=utf-8
cache-control: no-cache
content-length: 88

18:01:05.583 [AsyncHttpClient-1-8] DEBUG org.asynchttpclient.netty.channel.ChannelManager - Adding key: http://localhost:52224 for channel [id: 0xaf05ad24, L:/127.0.0.1:59262 - R:localhost/127.0.0.1:52224]
18:01:05.585 [Forwarding isElementDisplayed on session de1a4aa91c8a5e1b9ea9de6e314de9c4 to remote] DEBUG org.asynchttpclient.netty.request.NettyRequestSender - Using pooled Channel '[id: 0xaf05ad24, L:/127.0.0.1:59262 - R:localhost/127.0.0.1:52224]' for 'POST' to 'http://localhost:52224/session/de1a4aa91c8a5e1b9ea9de6e314de9c4/execute/sync'
18:01:05.586 [Forwarding isElementDisplayed on session de1a4aa91c8a5e1b9ea9de6e314de9c4 to remote] DEBUG org.asynchttpclient.netty.request.NettyRequestSender - Using open Channel [id: 0xaf05ad24, L:/127.0.0.1:59262 - R:localhost/127.0.0.1:52224] for POST '/session/de1a4aa91c8a5e1b9ea9de6e314de9c4/execute/sync'
18:01:05.602 [AsyncHttpClient-1-8] DEBUG org.asynchttpclient.netty.handler.HttpHandler - 

Request DefaultHttpRequest(decodeResult: success, version: HTTP/1.1)
POST /session/de1a4aa91c8a5e1b9ea9de6e314de9c4/execute/sync HTTP/1.1
User-Agent: selenium/4.4.0 (java windows)
Content-Length: 48780
Content-Type: application/json; charset=utf-8
host: localhost:52224
accept: */*

Response DefaultHttpResponse(decodeResult: success, version: HTTP/1.1)
HTTP/1.1 200 OK
Content-Type: application/json; charset=utf-8
cache-control: no-cache
content-length: 14

18:01:05.602 [AsyncHttpClient-1-8] DEBUG org.asynchttpclient.netty.channel.ChannelManager - Adding key: http://localhost:52224 for channel [id: 0xaf05ad24, L:/127.0.0.1:59262 - R:localhost/127.0.0.1:52224]
18:01:05.603 [Forwarding getElementTagName on session de1a4aa91c8a5e1b9ea9de6e314de9c4 to remote] DEBUG org.asynchttpclient.netty.request.NettyRequestSender - Using pooled Channel '[id: 0xaf05ad24, L:/127.0.0.1:59262 - R:localhost/127.0.0.1:52224]' for 'GET' to 'http://localhost:52224/session/de1a4aa91c8a5e1b9ea9de6e314de9c4/element/8de1f82a-253f-49f1-afe1-d4d7b48bc543/name'
18:01:05.603 [Forwarding getElementTagName on session de1a4aa91c8a5e1b9ea9de6e314de9c4 to remote] DEBUG org.asynchttpclient.netty.request.NettyRequestSender - Using open Channel [id: 0xaf05ad24, L:/127.0.0.1:59262 - R:localhost/127.0.0.1:52224] for GET '/session/de1a4aa91c8a5e1b9ea9de6e314de9c4/element/8de1f82a-253f-49f1-afe1-d4d7b48bc543/name'
18:01:05.605 [AsyncHttpClient-1-8] DEBUG org.asynchttpclient.netty.handler.HttpHandler - 

Request DefaultFullHttpRequest(decodeResult: success, version: HTTP/1.1, content: EmptyByteBufBE)
GET /session/de1a4aa91c8a5e1b9ea9de6e314de9c4/element/8de1f82a-253f-49f1-afe1-d4d7b48bc543/name HTTP/1.1
User-Agent: selenium/4.4.0 (java windows)
Cache-Control: no-cache
Content-Type: application/json; charset=utf-8
host: localhost:52224
accept: */*

Response DefaultHttpResponse(decodeResult: success, version: HTTP/1.1)
HTTP/1.1 200 OK
Content-Type: application/json; charset=utf-8
cache-control: no-cache
content-length: 13

18:01:05.605 [AsyncHttpClient-1-8] DEBUG org.asynchttpclient.netty.channel.ChannelManager - Adding key: http://localhost:52224 for channel [id: 0xaf05ad24, L:/127.0.0.1:59262 - R:localhost/127.0.0.1:52224]
18:01:05.607 [Forwarding findElement on session de1a4aa91c8a5e1b9ea9de6e314de9c4 to remote] DEBUG org.asynchttpclient.netty.request.NettyRequestSender - Using pooled Channel '[id: 0xaf05ad24, L:/127.0.0.1:59262 - R:localhost/127.0.0.1:52224]' for 'POST' to 'http://localhost:52224/session/de1a4aa91c8a5e1b9ea9de6e314de9c4/element'
18:01:05.607 [Forwarding findElement on session de1a4aa91c8a5e1b9ea9de6e314de9c4 to remote] DEBUG org.asynchttpclient.netty.request.NettyRequestSender - Using open Channel [id: 0xaf05ad24, L:/127.0.0.1:59262 - R:localhost/127.0.0.1:52224] for POST '/session/de1a4aa91c8a5e1b9ea9de6e314de9c4/element'
18:01:05.612 [AsyncHttpClient-1-8] DEBUG org.asynchttpclient.netty.handler.HttpHandler - 

Request DefaultHttpRequest(decodeResult: success, version: HTTP/1.1)
POST /session/de1a4aa91c8a5e1b9ea9de6e314de9c4/element HTTP/1.1
User-Agent: selenium/4.4.0 (java windows)
Content-Length: 83
Content-Type: application/json; charset=utf-8
host: localhost:52224
accept: */*

Response DefaultHttpResponse(decodeResult: success, version: HTTP/1.1)
HTTP/1.1 200 OK
Content-Type: application/json; charset=utf-8
cache-control: no-cache
content-length: 88

18:01:05.612 [AsyncHttpClient-1-8] DEBUG org.asynchttpclient.netty.channel.ChannelManager - Adding key: http://localhost:52224 for channel [id: 0xaf05ad24, L:/127.0.0.1:59262 - R:localhost/127.0.0.1:52224]
18:01:05.615 [Forwarding isElementDisplayed on session de1a4aa91c8a5e1b9ea9de6e314de9c4 to remote] DEBUG org.asynchttpclient.netty.request.NettyRequestSender - Using pooled Channel '[id: 0xaf05ad24, L:/127.0.0.1:59262 - R:localhost/127.0.0.1:52224]' for 'POST' to 'http://localhost:52224/session/de1a4aa91c8a5e1b9ea9de6e314de9c4/execute/sync'
18:01:05.615 [Forwarding isElementDisplayed on session de1a4aa91c8a5e1b9ea9de6e314de9c4 to remote] DEBUG org.asynchttpclient.netty.request.NettyRequestSender - Using open Channel [id: 0xaf05ad24, L:/127.0.0.1:59262 - R:localhost/127.0.0.1:52224] for POST '/session/de1a4aa91c8a5e1b9ea9de6e314de9c4/execute/sync'
18:01:05.638 [AsyncHttpClient-1-8] DEBUG org.asynchttpclient.netty.handler.HttpHandler - 

Request DefaultHttpRequest(decodeResult: success, version: HTTP/1.1)
POST /session/de1a4aa91c8a5e1b9ea9de6e314de9c4/execute/sync HTTP/1.1
User-Agent: selenium/4.4.0 (java windows)
Content-Length: 48780
Content-Type: application/json; charset=utf-8
host: localhost:52224
accept: */*

Response DefaultHttpResponse(decodeResult: success, version: HTTP/1.1)
HTTP/1.1 200 OK
Content-Type: application/json; charset=utf-8
cache-control: no-cache
content-length: 14

18:01:05.638 [AsyncHttpClient-1-8] DEBUG org.asynchttpclient.netty.channel.ChannelManager - Adding key: http://localhost:52224 for channel [id: 0xaf05ad24, L:/127.0.0.1:59262 - R:localhost/127.0.0.1:52224]
18:01:05.639 [Forwarding getElementTagName on session de1a4aa91c8a5e1b9ea9de6e314de9c4 to remote] DEBUG org.asynchttpclient.netty.request.NettyRequestSender - Using pooled Channel '[id: 0xaf05ad24, L:/127.0.0.1:59262 - R:localhost/127.0.0.1:52224]' for 'GET' to 'http://localhost:52224/session/de1a4aa91c8a5e1b9ea9de6e314de9c4/element/8de1f82a-253f-49f1-afe1-d4d7b48bc543/name'
18:01:05.639 [Forwarding getElementTagName on session de1a4aa91c8a5e1b9ea9de6e314de9c4 to remote] DEBUG org.asynchttpclient.netty.request.NettyRequestSender - Using open Channel [id: 0xaf05ad24, L:/127.0.0.1:59262 - R:localhost/127.0.0.1:52224] for GET '/session/de1a4aa91c8a5e1b9ea9de6e314de9c4/element/8de1f82a-253f-49f1-afe1-d4d7b48bc543/name'
18:01:05.641 [AsyncHttpClient-1-8] DEBUG org.asynchttpclient.netty.handler.HttpHandler - 

Request DefaultFullHttpRequest(decodeResult: success, version: HTTP/1.1, content: EmptyByteBufBE)
GET /session/de1a4aa91c8a5e1b9ea9de6e314de9c4/element/8de1f82a-253f-49f1-afe1-d4d7b48bc543/name HTTP/1.1
User-Agent: selenium/4.4.0 (java windows)
Cache-Control: no-cache
Content-Type: application/json; charset=utf-8
host: localhost:52224
accept: */*

Response DefaultHttpResponse(decodeResult: success, version: HTTP/1.1)
HTTP/1.1 200 OK
Content-Type: application/json; charset=utf-8
cache-control: no-cache
content-length: 13

18:01:05.642 [AsyncHttpClient-1-8] DEBUG org.asynchttpclient.netty.channel.ChannelManager - Adding key: http://localhost:52224 for channel [id: 0xaf05ad24, L:/127.0.0.1:59262 - R:localhost/127.0.0.1:52224]
18:01:05.644 [Forwarding findElement on session de1a4aa91c8a5e1b9ea9de6e314de9c4 to remote] DEBUG org.asynchttpclient.netty.request.NettyRequestSender - Using pooled Channel '[id: 0xaf05ad24, L:/127.0.0.1:59262 - R:localhost/127.0.0.1:52224]' for 'POST' to 'http://localhost:52224/session/de1a4aa91c8a5e1b9ea9de6e314de9c4/element'
18:01:05.644 [Forwarding findElement on session de1a4aa91c8a5e1b9ea9de6e314de9c4 to remote] DEBUG org.asynchttpclient.netty.request.NettyRequestSender - Using open Channel [id: 0xaf05ad24, L:/127.0.0.1:59262 - R:localhost/127.0.0.1:52224] for POST '/session/de1a4aa91c8a5e1b9ea9de6e314de9c4/element'
18:01:05.650 [AsyncHttpClient-1-8] DEBUG org.asynchttpclient.netty.handler.HttpHandler - 

Request DefaultHttpRequest(decodeResult: success, version: HTTP/1.1)
POST /session/de1a4aa91c8a5e1b9ea9de6e314de9c4/element HTTP/1.1
User-Agent: selenium/4.4.0 (java windows)
Content-Length: 83
Content-Type: application/json; charset=utf-8
host: localhost:52224
accept: */*

Response DefaultHttpResponse(decodeResult: success, version: HTTP/1.1)
HTTP/1.1 200 OK
Content-Type: application/json; charset=utf-8
cache-control: no-cache
content-length: 88

18:01:05.650 [AsyncHttpClient-1-8] DEBUG org.asynchttpclient.netty.channel.ChannelManager - Adding key: http://localhost:52224 for channel [id: 0xaf05ad24, L:/127.0.0.1:59262 - R:localhost/127.0.0.1:52224]
18:01:05.652 [Forwarding isElementDisplayed on session de1a4aa91c8a5e1b9ea9de6e314de9c4 to remote] DEBUG org.asynchttpclient.netty.request.NettyRequestSender - Using pooled Channel '[id: 0xaf05ad24, L:/127.0.0.1:59262 - R:localhost/127.0.0.1:52224]' for 'POST' to 'http://localhost:52224/session/de1a4aa91c8a5e1b9ea9de6e314de9c4/execute/sync'
18:01:05.652 [Forwarding isElementDisplayed on session de1a4aa91c8a5e1b9ea9de6e314de9c4 to remote] DEBUG org.asynchttpclient.netty.request.NettyRequestSender - Using open Channel [id: 0xaf05ad24, L:/127.0.0.1:59262 - R:localhost/127.0.0.1:52224] for POST '/session/de1a4aa91c8a5e1b9ea9de6e314de9c4/execute/sync'
18:01:05.659 [AsyncHttpClient-1-8] DEBUG org.asynchttpclient.netty.handler.HttpHandler - 

Request DefaultHttpRequest(decodeResult: success, version: HTTP/1.1)
POST /session/de1a4aa91c8a5e1b9ea9de6e314de9c4/execute/sync HTTP/1.1
User-Agent: selenium/4.4.0 (java windows)
Content-Length: 48780
Content-Type: application/json; charset=utf-8
host: localhost:52224
accept: */*

Response DefaultHttpResponse(decodeResult: success, version: HTTP/1.1)
HTTP/1.1 200 OK
Content-Type: application/json; charset=utf-8
cache-control: no-cache
content-length: 14

18:01:05.659 [AsyncHttpClient-1-8] DEBUG org.asynchttpclient.netty.channel.ChannelManager - Adding key: http://localhost:52224 for channel [id: 0xaf05ad24, L:/127.0.0.1:59262 - R:localhost/127.0.0.1:52224]
18:01:05.660 [Forwarding clickElement on session de1a4aa91c8a5e1b9ea9de6e314de9c4 to remote] DEBUG org.asynchttpclient.netty.request.NettyRequestSender - Using pooled Channel '[id: 0xaf05ad24, L:/127.0.0.1:59262 - R:localhost/127.0.0.1:52224]' for 'POST' to 'http://localhost:52224/session/de1a4aa91c8a5e1b9ea9de6e314de9c4/element/8de1f82a-253f-49f1-afe1-d4d7b48bc543/click'
18:01:05.660 [Forwarding clickElement on session de1a4aa91c8a5e1b9ea9de6e314de9c4 to remote] DEBUG org.asynchttpclient.netty.request.NettyRequestSender - Using open Channel [id: 0xaf05ad24, L:/127.0.0.1:59262 - R:localhost/127.0.0.1:52224] for POST '/session/de1a4aa91c8a5e1b9ea9de6e314de9c4/element/8de1f82a-253f-49f1-afe1-d4d7b48bc543/click'
18:01:05.690 [AsyncHttpClient-1-8] DEBUG org.asynchttpclient.netty.handler.HttpHandler - 

Request DefaultHttpRequest(decodeResult: success, version: HTTP/1.1)
POST /session/de1a4aa91c8a5e1b9ea9de6e314de9c4/element/8de1f82a-253f-49f1-afe1-d4d7b48bc543/click HTTP/1.1
User-Agent: selenium/4.4.0 (java windows)
Content-Length: 50
Content-Type: application/json; charset=utf-8
host: localhost:52224
accept: */*

Response DefaultHttpResponse(decodeResult: success, version: HTTP/1.1)
HTTP/1.1 200 OK
Content-Type: application/json; charset=utf-8
cache-control: no-cache
content-length: 14

18:01:05.690 [AsyncHttpClient-1-8] DEBUG org.asynchttpclient.netty.channel.ChannelManager - Adding key: http://localhost:52224 for channel [id: 0xaf05ad24, L:/127.0.0.1:59262 - R:localhost/127.0.0.1:52224]
18:01:05.697 [Forwarding getCurrentWindowHandle on session de1a4aa91c8a5e1b9ea9de6e314de9c4 to remote] DEBUG org.asynchttpclient.netty.request.NettyRequestSender - Using pooled Channel '[id: 0xaf05ad24, L:/127.0.0.1:59262 - R:localhost/127.0.0.1:52224]' for 'GET' to 'http://localhost:52224/session/de1a4aa91c8a5e1b9ea9de6e314de9c4/window'
18:01:05.697 [Forwarding getCurrentWindowHandle on session de1a4aa91c8a5e1b9ea9de6e314de9c4 to remote] DEBUG org.asynchttpclient.netty.request.NettyRequestSender - Using open Channel [id: 0xaf05ad24, L:/127.0.0.1:59262 - R:localhost/127.0.0.1:52224] for GET '/session/de1a4aa91c8a5e1b9ea9de6e314de9c4/window'
18:01:05.697 [AsyncHttpClient-1-8] DEBUG org.asynchttpclient.netty.handler.HttpHandler - 

Request DefaultFullHttpRequest(decodeResult: success, version: HTTP/1.1, content: EmptyByteBufBE)
GET /session/de1a4aa91c8a5e1b9ea9de6e314de9c4/window HTTP/1.1
User-Agent: selenium/4.4.0 (java windows)
Cache-Control: no-cache
Content-Type: application/json; charset=utf-8
host: localhost:52224
accept: */*

Response DefaultHttpResponse(decodeResult: success, version: HTTP/1.1)
HTTP/1.1 200 OK
Content-Type: application/json; charset=utf-8
cache-control: no-cache
content-length: 53

18:01:05.697 [AsyncHttpClient-1-8] DEBUG org.asynchttpclient.netty.channel.ChannelManager - Adding key: http://localhost:52224 for channel [id: 0xaf05ad24, L:/127.0.0.1:59262 - R:localhost/127.0.0.1:52224]
18:01:05.699 [Forwarding getAlertText on session de1a4aa91c8a5e1b9ea9de6e314de9c4 to remote] DEBUG org.asynchttpclient.netty.request.NettyRequestSender - Using pooled Channel '[id: 0xaf05ad24, L:/127.0.0.1:59262 - R:localhost/127.0.0.1:52224]' for 'GET' to 'http://localhost:52224/session/de1a4aa91c8a5e1b9ea9de6e314de9c4/alert/text'
18:01:05.699 [Forwarding getAlertText on session de1a4aa91c8a5e1b9ea9de6e314de9c4 to remote] DEBUG org.asynchttpclient.netty.request.NettyRequestSender - Using open Channel [id: 0xaf05ad24, L:/127.0.0.1:59262 - R:localhost/127.0.0.1:52224] for GET '/session/de1a4aa91c8a5e1b9ea9de6e314de9c4/alert/text'
18:01:05.700 [AsyncHttpClient-1-8] DEBUG org.asynchttpclient.netty.handler.HttpHandler - 

Request DefaultFullHttpRequest(decodeResult: success, version: HTTP/1.1, content: EmptyByteBufBE)
GET /session/de1a4aa91c8a5e1b9ea9de6e314de9c4/alert/text HTTP/1.1
User-Agent: selenium/4.4.0 (java windows)
Cache-Control: no-cache
Content-Type: application/json; charset=utf-8
host: localhost:52224
accept: */*

Response DefaultHttpResponse(decodeResult: success, version: HTTP/1.1)
HTTP/1.1 404 Not Found
Content-Type: application/json; charset=utf-8
cache-control: no-cache
content-length: 835

18:01:05.700 [AsyncHttpClient-1-8] DEBUG org.asynchttpclient.netty.channel.ChannelManager - Adding key: http://localhost:52224 for channel [id: 0xaf05ad24, L:/127.0.0.1:59262 - R:localhost/127.0.0.1:52224]
18:01:05.701 [Forwarding switchToWindow on session de1a4aa91c8a5e1b9ea9de6e314de9c4 to remote] DEBUG org.asynchttpclient.netty.request.NettyRequestSender - Using pooled Channel '[id: 0xaf05ad24, L:/127.0.0.1:59262 - R:localhost/127.0.0.1:52224]' for 'POST' to 'http://localhost:52224/session/de1a4aa91c8a5e1b9ea9de6e314de9c4/window'
18:01:05.701 [Forwarding switchToWindow on session de1a4aa91c8a5e1b9ea9de6e314de9c4 to remote] DEBUG org.asynchttpclient.netty.request.NettyRequestSender - Using open Channel [id: 0xaf05ad24, L:/127.0.0.1:59262 - R:localhost/127.0.0.1:52224] for POST '/session/de1a4aa91c8a5e1b9ea9de6e314de9c4/window'
18:01:05.702 [AsyncHttpClient-1-8] DEBUG org.asynchttpclient.netty.handler.HttpHandler - 

Request DefaultHttpRequest(decodeResult: success, version: HTTP/1.1)
POST /session/de1a4aa91c8a5e1b9ea9de6e314de9c4/window HTTP/1.1
User-Agent: selenium/4.4.0 (java windows)
Content-Length: 59
Content-Type: application/json; charset=utf-8
host: localhost:52224
accept: */*

Response DefaultHttpResponse(decodeResult: success, version: HTTP/1.1)
HTTP/1.1 200 OK
Content-Type: application/json; charset=utf-8
cache-control: no-cache
content-length: 14

18:01:05.703 [AsyncHttpClient-1-8] DEBUG org.asynchttpclient.netty.channel.ChannelManager - Adding key: http://localhost:52224 for channel [id: 0xaf05ad24, L:/127.0.0.1:59262 - R:localhost/127.0.0.1:52224]
18:01:05.703 [Forwarding getCurrentUrl on session de1a4aa91c8a5e1b9ea9de6e314de9c4 to remote] DEBUG org.asynchttpclient.netty.request.NettyRequestSender - Using pooled Channel '[id: 0xaf05ad24, L:/127.0.0.1:59262 - R:localhost/127.0.0.1:52224]' for 'GET' to 'http://localhost:52224/session/de1a4aa91c8a5e1b9ea9de6e314de9c4/url'
18:01:05.703 [Forwarding getCurrentUrl on session de1a4aa91c8a5e1b9ea9de6e314de9c4 to remote] DEBUG org.asynchttpclient.netty.request.NettyRequestSender - Using open Channel [id: 0xaf05ad24, L:/127.0.0.1:59262 - R:localhost/127.0.0.1:52224] for GET '/session/de1a4aa91c8a5e1b9ea9de6e314de9c4/url'
18:01:05.705 [AsyncHttpClient-1-8] DEBUG org.asynchttpclient.netty.handler.HttpHandler - 

Request DefaultFullHttpRequest(decodeResult: success, version: HTTP/1.1, content: EmptyByteBufBE)
GET /session/de1a4aa91c8a5e1b9ea9de6e314de9c4/url HTTP/1.1
User-Agent: selenium/4.4.0 (java windows)
Cache-Control: no-cache
Content-Type: application/json; charset=utf-8
host: localhost:52224
accept: */*

Response DefaultHttpResponse(decodeResult: success, version: HTTP/1.1)
HTTP/1.1 200 OK
Content-Type: application/json; charset=utf-8
cache-control: no-cache
content-length: 48

18:01:05.705 [AsyncHttpClient-1-8] DEBUG org.asynchttpclient.netty.channel.ChannelManager - Adding key: http://localhost:52224 for channel [id: 0xaf05ad24, L:/127.0.0.1:59262 - R:localhost/127.0.0.1:52224]
18:01:05.705 [Forwarding screenshot on session de1a4aa91c8a5e1b9ea9de6e314de9c4 to remote] DEBUG org.asynchttpclient.netty.request.NettyRequestSender - Using pooled Channel '[id: 0xaf05ad24, L:/127.0.0.1:59262 - R:localhost/127.0.0.1:52224]' for 'GET' to 'http://localhost:52224/session/de1a4aa91c8a5e1b9ea9de6e314de9c4/screenshot'
18:01:05.705 [Forwarding screenshot on session de1a4aa91c8a5e1b9ea9de6e314de9c4 to remote] DEBUG org.asynchttpclient.netty.request.NettyRequestSender - Using open Channel [id: 0xaf05ad24, L:/127.0.0.1:59262 - R:localhost/127.0.0.1:52224] for GET '/session/de1a4aa91c8a5e1b9ea9de6e314de9c4/screenshot'
18:01:05.762 [AsyncHttpClient-1-1] DEBUG org.asynchttpclient.netty.channel.DefaultChannelPool - Entry count for : http://localhost:59263 : 1
18:01:05.829 [AsyncHttpClient-1-8] DEBUG org.asynchttpclient.netty.handler.HttpHandler - 

Request DefaultFullHttpRequest(decodeResult: success, version: HTTP/1.1, content: EmptyByteBufBE)
GET /session/de1a4aa91c8a5e1b9ea9de6e314de9c4/screenshot HTTP/1.1
User-Agent: selenium/4.4.0 (java windows)
Cache-Control: no-cache
Content-Type: application/json; charset=utf-8
host: localhost:52224
accept: */*

Response DefaultHttpResponse(decodeResult: success, version: HTTP/1.1)
HTTP/1.1 200 OK
Content-Type: application/json; charset=utf-8
cache-control: no-cache
content-length: 216908

18:01:05.830 [AsyncHttpClient-1-8] DEBUG org.asynchttpclient.netty.channel.ChannelManager - Adding key: http://localhost:52224 for channel [id: 0xaf05ad24, L:/127.0.0.1:59262 - R:localhost/127.0.0.1:52224]
18:01:05.833 [main] DEBUG net.serenitybdd.core.photography.Darkroom - Send negative for processing for target\site\serenity\abee9a05ea025c9164eadb07146097e9c30083e424312b42051bc5f248ee402a.png
18:01:05.833 [main] DEBUG net.thucydides.core.steps.StepInterceptor - STEP DONE: voy a login
18:01:05.834 [Darkroom Processing Line] DEBUG net.serenitybdd.core.photography.DarkroomProcessingLine - Processing screenshot image in /var/screenshots/screenshot-1408214771133485687
18:01:05.834 [Darkroom Processing Line] DEBUG net.serenitybdd.core.photography.DarkroomProcessingLine - Saving screenshot to target\site\serenity\abee9a05ea025c9164eadb07146097e9c30083e424312b42051bc5f248ee402a.png
18:01:05.838 [Forwarding getPageSource on session de1a4aa91c8a5e1b9ea9de6e314de9c4 to remote] DEBUG org.asynchttpclient.netty.request.NettyRequestSender - Using pooled Channel '[id: 0xaf05ad24, L:/127.0.0.1:59262 - R:localhost/127.0.0.1:52224]' for 'POST' to 'http://localhost:52224/session/de1a4aa91c8a5e1b9ea9de6e314de9c4/execute/sync'
18:01:05.838 [Forwarding getPageSource on session de1a4aa91c8a5e1b9ea9de6e314de9c4 to remote] DEBUG org.asynchttpclient.netty.request.NettyRequestSender - Using open Channel [id: 0xaf05ad24, L:/127.0.0.1:59262 - R:localhost/127.0.0.1:52224] for POST '/session/de1a4aa91c8a5e1b9ea9de6e314de9c4/execute/sync'
18:01:05.846 [AsyncHttpClient-1-8] DEBUG org.asynchttpclient.netty.handler.HttpHandler - 

Request DefaultHttpRequest(decodeResult: success, version: HTTP/1.1)
POST /session/de1a4aa91c8a5e1b9ea9de6e314de9c4/execute/sync HTTP/1.1
User-Agent: selenium/4.4.0 (java windows)
Content-Length: 176
Content-Type: application/json; charset=utf-8
host: localhost:52224
accept: */*

Response DefaultHttpResponse(decodeResult: success, version: HTTP/1.1)
HTTP/1.1 200 OK
Content-Type: application/json; charset=utf-8
cache-control: no-cache
content-length: 57680

18:01:05.846 [AsyncHttpClient-1-8] DEBUG org.asynchttpclient.netty.channel.ChannelManager - Adding key: http://localhost:52224 for channel [id: 0xaf05ad24, L:/127.0.0.1:59262 - R:localhost/127.0.0.1:52224]
18:01:05.850 [Forwarding getCurrentUrl on session de1a4aa91c8a5e1b9ea9de6e314de9c4 to remote] DEBUG org.asynchttpclient.netty.request.NettyRequestSender - Using pooled Channel '[id: 0xaf05ad24, L:/127.0.0.1:59262 - R:localhost/127.0.0.1:52224]' for 'GET' to 'http://localhost:52224/session/de1a4aa91c8a5e1b9ea9de6e314de9c4/url'
18:01:05.850 [Forwarding getCurrentUrl on session de1a4aa91c8a5e1b9ea9de6e314de9c4 to remote] DEBUG org.asynchttpclient.netty.request.NettyRequestSender - Using open Channel [id: 0xaf05ad24, L:/127.0.0.1:59262 - R:localhost/127.0.0.1:52224] for GET '/session/de1a4aa91c8a5e1b9ea9de6e314de9c4/url'
18:01:05.853 [AsyncHttpClient-1-8] DEBUG org.asynchttpclient.netty.handler.HttpHandler - 

Request DefaultFullHttpRequest(decodeResult: success, version: HTTP/1.1, content: EmptyByteBufBE)
GET /session/de1a4aa91c8a5e1b9ea9de6e314de9c4/url HTTP/1.1
User-Agent: selenium/4.4.0 (java windows)
Cache-Control: no-cache
Content-Type: application/json; charset=utf-8
host: localhost:52224
accept: */*

Response DefaultHttpResponse(decodeResult: success, version: HTTP/1.1)
HTTP/1.1 200 OK
Content-Type: application/json; charset=utf-8
cache-control: no-cache
content-length: 48

18:01:05.853 [AsyncHttpClient-1-8] DEBUG org.asynchttpclient.netty.channel.ChannelManager - Adding key: http://localhost:52224 for channel [id: 0xaf05ad24, L:/127.0.0.1:59262 - R:localhost/127.0.0.1:52224]
18:01:05.854 [main] DEBUG net.thucydides.core.steps.StepInterceptor - STARTING STEP: ComprobarCestaStep.estoy_logeado_con_el_usuario_de_contraseña - inserto usuario{usuario} y contraseña{password}
18:01:05.856 [Forwarding setTimeout on session de1a4aa91c8a5e1b9ea9de6e314de9c4 to remote] DEBUG org.asynchttpclient.netty.request.NettyRequestSender - Using pooled Channel '[id: 0xaf05ad24, L:/127.0.0.1:59262 - R:localhost/127.0.0.1:52224]' for 'POST' to 'http://localhost:52224/session/de1a4aa91c8a5e1b9ea9de6e314de9c4/timeouts'
18:01:05.856 [Forwarding setTimeout on session de1a4aa91c8a5e1b9ea9de6e314de9c4 to remote] DEBUG org.asynchttpclient.netty.request.NettyRequestSender - Using open Channel [id: 0xaf05ad24, L:/127.0.0.1:59262 - R:localhost/127.0.0.1:52224] for POST '/session/de1a4aa91c8a5e1b9ea9de6e314de9c4/timeouts'
18:01:05.857 [AsyncHttpClient-1-8] DEBUG org.asynchttpclient.netty.handler.HttpHandler - 

Request DefaultHttpRequest(decodeResult: success, version: HTTP/1.1)
POST /session/de1a4aa91c8a5e1b9ea9de6e314de9c4/timeouts HTTP/1.1
User-Agent: selenium/4.4.0 (java windows)
Content-Length: 19
Content-Type: application/json; charset=utf-8
host: localhost:52224
accept: */*

Response DefaultHttpResponse(decodeResult: success, version: HTTP/1.1)
HTTP/1.1 200 OK
Content-Type: application/json; charset=utf-8
cache-control: no-cache
content-length: 14

18:01:05.857 [AsyncHttpClient-1-8] DEBUG org.asynchttpclient.netty.channel.ChannelManager - Adding key: http://localhost:52224 for channel [id: 0xaf05ad24, L:/127.0.0.1:59262 - R:localhost/127.0.0.1:52224]
18:01:05.858 [Forwarding findElement on session de1a4aa91c8a5e1b9ea9de6e314de9c4 to remote] DEBUG org.asynchttpclient.netty.request.NettyRequestSender - Using pooled Channel '[id: 0xaf05ad24, L:/127.0.0.1:59262 - R:localhost/127.0.0.1:52224]' for 'POST' to 'http://localhost:52224/session/de1a4aa91c8a5e1b9ea9de6e314de9c4/element'
18:01:05.858 [Forwarding findElement on session de1a4aa91c8a5e1b9ea9de6e314de9c4 to remote] DEBUG org.asynchttpclient.netty.request.NettyRequestSender - Using open Channel [id: 0xaf05ad24, L:/127.0.0.1:59262 - R:localhost/127.0.0.1:52224] for POST '/session/de1a4aa91c8a5e1b9ea9de6e314de9c4/element'
18:01:05.866 [AsyncHttpClient-1-8] DEBUG org.asynchttpclient.netty.handler.HttpHandler - 

Request DefaultHttpRequest(decodeResult: success, version: HTTP/1.1)
POST /session/de1a4aa91c8a5e1b9ea9de6e314de9c4/element HTTP/1.1
User-Agent: selenium/4.4.0 (java windows)
Content-Length: 75
Content-Type: application/json; charset=utf-8
host: localhost:52224
accept: */*

Response DefaultHttpResponse(decodeResult: success, version: HTTP/1.1)
HTTP/1.1 200 OK
Content-Type: application/json; charset=utf-8
cache-control: no-cache
content-length: 88

18:01:05.866 [AsyncHttpClient-1-8] DEBUG org.asynchttpclient.netty.channel.ChannelManager - Adding key: http://localhost:52224 for channel [id: 0xaf05ad24, L:/127.0.0.1:59262 - R:localhost/127.0.0.1:52224]
18:01:05.867 [Forwarding setTimeout on session de1a4aa91c8a5e1b9ea9de6e314de9c4 to remote] DEBUG org.asynchttpclient.netty.request.NettyRequestSender - Using pooled Channel '[id: 0xaf05ad24, L:/127.0.0.1:59262 - R:localhost/127.0.0.1:52224]' for 'POST' to 'http://localhost:52224/session/de1a4aa91c8a5e1b9ea9de6e314de9c4/timeouts'
18:01:05.867 [Forwarding setTimeout on session de1a4aa91c8a5e1b9ea9de6e314de9c4 to remote] DEBUG org.asynchttpclient.netty.request.NettyRequestSender - Using open Channel [id: 0xaf05ad24, L:/127.0.0.1:59262 - R:localhost/127.0.0.1:52224] for POST '/session/de1a4aa91c8a5e1b9ea9de6e314de9c4/timeouts'
18:01:05.869 [AsyncHttpClient-1-8] DEBUG org.asynchttpclient.netty.handler.HttpHandler - 

Request DefaultHttpRequest(decodeResult: success, version: HTTP/1.1)
POST /session/de1a4aa91c8a5e1b9ea9de6e314de9c4/timeouts HTTP/1.1
User-Agent: selenium/4.4.0 (java windows)
Content-Length: 22
Content-Type: application/json; charset=utf-8
host: localhost:52224
accept: */*

Response DefaultHttpResponse(decodeResult: success, version: HTTP/1.1)
HTTP/1.1 200 OK
Content-Type: application/json; charset=utf-8
cache-control: no-cache
content-length: 14

18:01:05.869 [AsyncHttpClient-1-8] DEBUG org.asynchttpclient.netty.channel.ChannelManager - Adding key: http://localhost:52224 for channel [id: 0xaf05ad24, L:/127.0.0.1:59262 - R:localhost/127.0.0.1:52224]
18:01:05.872 [Forwarding setTimeout on session de1a4aa91c8a5e1b9ea9de6e314de9c4 to remote] DEBUG org.asynchttpclient.netty.request.NettyRequestSender - Using pooled Channel '[id: 0xaf05ad24, L:/127.0.0.1:59262 - R:localhost/127.0.0.1:52224]' for 'POST' to 'http://localhost:52224/session/de1a4aa91c8a5e1b9ea9de6e314de9c4/timeouts'
18:01:05.872 [Forwarding setTimeout on session de1a4aa91c8a5e1b9ea9de6e314de9c4 to remote] DEBUG org.asynchttpclient.netty.request.NettyRequestSender - Using open Channel [id: 0xaf05ad24, L:/127.0.0.1:59262 - R:localhost/127.0.0.1:52224] for POST '/session/de1a4aa91c8a5e1b9ea9de6e314de9c4/timeouts'
18:01:05.873 [AsyncHttpClient-1-8] DEBUG org.asynchttpclient.netty.handler.HttpHandler - 

Request DefaultHttpRequest(decodeResult: success, version: HTTP/1.1)
POST /session/de1a4aa91c8a5e1b9ea9de6e314de9c4/timeouts HTTP/1.1
User-Agent: selenium/4.4.0 (java windows)
Content-Length: 19
Content-Type: application/json; charset=utf-8
host: localhost:52224
accept: */*

Response DefaultHttpResponse(decodeResult: success, version: HTTP/1.1)
HTTP/1.1 200 OK
Content-Type: application/json; charset=utf-8
cache-control: no-cache
content-length: 14

18:01:05.873 [AsyncHttpClient-1-8] DEBUG org.asynchttpclient.netty.channel.ChannelManager - Adding key: http://localhost:52224 for channel [id: 0xaf05ad24, L:/127.0.0.1:59262 - R:localhost/127.0.0.1:52224]
18:01:05.875 [Forwarding findElement on session de1a4aa91c8a5e1b9ea9de6e314de9c4 to remote] DEBUG org.asynchttpclient.netty.request.NettyRequestSender - Using pooled Channel '[id: 0xaf05ad24, L:/127.0.0.1:59262 - R:localhost/127.0.0.1:52224]' for 'POST' to 'http://localhost:52224/session/de1a4aa91c8a5e1b9ea9de6e314de9c4/element'
18:01:05.875 [Forwarding findElement on session de1a4aa91c8a5e1b9ea9de6e314de9c4 to remote] DEBUG org.asynchttpclient.netty.request.NettyRequestSender - Using open Channel [id: 0xaf05ad24, L:/127.0.0.1:59262 - R:localhost/127.0.0.1:52224] for POST '/session/de1a4aa91c8a5e1b9ea9de6e314de9c4/element'
18:01:05.880 [AsyncHttpClient-1-8] DEBUG org.asynchttpclient.netty.handler.HttpHandler - 

Request DefaultHttpRequest(decodeResult: success, version: HTTP/1.1)
POST /session/de1a4aa91c8a5e1b9ea9de6e314de9c4/element HTTP/1.1
User-Agent: selenium/4.4.0 (java windows)
Content-Length: 75
Content-Type: application/json; charset=utf-8
host: localhost:52224
accept: */*

Response DefaultHttpResponse(decodeResult: success, version: HTTP/1.1)
HTTP/1.1 200 OK
Content-Type: application/json; charset=utf-8
cache-control: no-cache
content-length: 88

18:01:05.880 [AsyncHttpClient-1-8] DEBUG org.asynchttpclient.netty.channel.ChannelManager - Adding key: http://localhost:52224 for channel [id: 0xaf05ad24, L:/127.0.0.1:59262 - R:localhost/127.0.0.1:52224]
18:01:05.881 [Forwarding setTimeout on session de1a4aa91c8a5e1b9ea9de6e314de9c4 to remote] DEBUG org.asynchttpclient.netty.request.NettyRequestSender - Using pooled Channel '[id: 0xaf05ad24, L:/127.0.0.1:59262 - R:localhost/127.0.0.1:52224]' for 'POST' to 'http://localhost:52224/session/de1a4aa91c8a5e1b9ea9de6e314de9c4/timeouts'
18:01:05.881 [Forwarding setTimeout on session de1a4aa91c8a5e1b9ea9de6e314de9c4 to remote] DEBUG org.asynchttpclient.netty.request.NettyRequestSender - Using open Channel [id: 0xaf05ad24, L:/127.0.0.1:59262 - R:localhost/127.0.0.1:52224] for POST '/session/de1a4aa91c8a5e1b9ea9de6e314de9c4/timeouts'
18:01:05.882 [AsyncHttpClient-1-8] DEBUG org.asynchttpclient.netty.handler.HttpHandler - 

Request DefaultHttpRequest(decodeResult: success, version: HTTP/1.1)
POST /session/de1a4aa91c8a5e1b9ea9de6e314de9c4/timeouts HTTP/1.1
User-Agent: selenium/4.4.0 (java windows)
Content-Length: 22
Content-Type: application/json; charset=utf-8
host: localhost:52224
accept: */*

Response DefaultHttpResponse(decodeResult: success, version: HTTP/1.1)
HTTP/1.1 200 OK
Content-Type: application/json; charset=utf-8
cache-control: no-cache
content-length: 14

18:01:05.882 [AsyncHttpClient-1-8] DEBUG org.asynchttpclient.netty.channel.ChannelManager - Adding key: http://localhost:52224 for channel [id: 0xaf05ad24, L:/127.0.0.1:59262 - R:localhost/127.0.0.1:52224]
18:01:05.884 [Forwarding isElementDisplayed on session de1a4aa91c8a5e1b9ea9de6e314de9c4 to remote] DEBUG org.asynchttpclient.netty.request.NettyRequestSender - Using pooled Channel '[id: 0xaf05ad24, L:/127.0.0.1:59262 - R:localhost/127.0.0.1:52224]' for 'POST' to 'http://localhost:52224/session/de1a4aa91c8a5e1b9ea9de6e314de9c4/execute/sync'
18:01:05.884 [Forwarding isElementDisplayed on session de1a4aa91c8a5e1b9ea9de6e314de9c4 to remote] DEBUG org.asynchttpclient.netty.request.NettyRequestSender - Using open Channel [id: 0xaf05ad24, L:/127.0.0.1:59262 - R:localhost/127.0.0.1:52224] for POST '/session/de1a4aa91c8a5e1b9ea9de6e314de9c4/execute/sync'
18:01:05.893 [AsyncHttpClient-1-8] DEBUG org.asynchttpclient.netty.handler.HttpHandler - 

Request DefaultHttpRequest(decodeResult: success, version: HTTP/1.1)
POST /session/de1a4aa91c8a5e1b9ea9de6e314de9c4/execute/sync HTTP/1.1
User-Agent: selenium/4.4.0 (java windows)
Content-Length: 48780
Content-Type: application/json; charset=utf-8
host: localhost:52224
accept: */*

Response DefaultHttpResponse(decodeResult: success, version: HTTP/1.1)
HTTP/1.1 200 OK
Content-Type: application/json; charset=utf-8
cache-control: no-cache
content-length: 14

18:01:05.893 [AsyncHttpClient-1-8] DEBUG org.asynchttpclient.netty.channel.ChannelManager - Adding key: http://localhost:52224 for channel [id: 0xaf05ad24, L:/127.0.0.1:59262 - R:localhost/127.0.0.1:52224]
18:01:05.894 [Forwarding findElement on session de1a4aa91c8a5e1b9ea9de6e314de9c4 to remote] DEBUG org.asynchttpclient.netty.request.NettyRequestSender - Using pooled Channel '[id: 0xaf05ad24, L:/127.0.0.1:59262 - R:localhost/127.0.0.1:52224]' for 'POST' to 'http://localhost:52224/session/de1a4aa91c8a5e1b9ea9de6e314de9c4/element'
18:01:05.894 [Forwarding findElement on session de1a4aa91c8a5e1b9ea9de6e314de9c4 to remote] DEBUG org.asynchttpclient.netty.request.NettyRequestSender - Using open Channel [id: 0xaf05ad24, L:/127.0.0.1:59262 - R:localhost/127.0.0.1:52224] for POST '/session/de1a4aa91c8a5e1b9ea9de6e314de9c4/element'
18:01:05.901 [AsyncHttpClient-1-8] DEBUG org.asynchttpclient.netty.handler.HttpHandler - 

Request DefaultHttpRequest(decodeResult: success, version: HTTP/1.1)
POST /session/de1a4aa91c8a5e1b9ea9de6e314de9c4/element HTTP/1.1
User-Agent: selenium/4.4.0 (java windows)
Content-Length: 75
Content-Type: application/json; charset=utf-8
host: localhost:52224
accept: */*

Response DefaultHttpResponse(decodeResult: success, version: HTTP/1.1)
HTTP/1.1 200 OK
Content-Type: application/json; charset=utf-8
cache-control: no-cache
content-length: 88

18:01:05.901 [AsyncHttpClient-1-8] DEBUG org.asynchttpclient.netty.channel.ChannelManager - Adding key: http://localhost:52224 for channel [id: 0xaf05ad24, L:/127.0.0.1:59262 - R:localhost/127.0.0.1:52224]
18:01:05.903 [Forwarding isElementDisplayed on session de1a4aa91c8a5e1b9ea9de6e314de9c4 to remote] DEBUG org.asynchttpclient.netty.request.NettyRequestSender - Using pooled Channel '[id: 0xaf05ad24, L:/127.0.0.1:59262 - R:localhost/127.0.0.1:52224]' for 'POST' to 'http://localhost:52224/session/de1a4aa91c8a5e1b9ea9de6e314de9c4/execute/sync'
18:01:05.903 [Forwarding isElementDisplayed on session de1a4aa91c8a5e1b9ea9de6e314de9c4 to remote] DEBUG org.asynchttpclient.netty.request.NettyRequestSender - Using open Channel [id: 0xaf05ad24, L:/127.0.0.1:59262 - R:localhost/127.0.0.1:52224] for POST '/session/de1a4aa91c8a5e1b9ea9de6e314de9c4/execute/sync'
18:01:05.910 [AsyncHttpClient-1-8] DEBUG org.asynchttpclient.netty.handler.HttpHandler - 

Request DefaultHttpRequest(decodeResult: success, version: HTTP/1.1)
POST /session/de1a4aa91c8a5e1b9ea9de6e314de9c4/execute/sync HTTP/1.1
User-Agent: selenium/4.4.0 (java windows)
Content-Length: 48780
Content-Type: application/json; charset=utf-8
host: localhost:52224
accept: */*

Response DefaultHttpResponse(decodeResult: success, version: HTTP/1.1)
HTTP/1.1 200 OK
Content-Type: application/json; charset=utf-8
cache-control: no-cache
content-length: 14

18:01:05.910 [AsyncHttpClient-1-8] DEBUG org.asynchttpclient.netty.channel.ChannelManager - Adding key: http://localhost:52224 for channel [id: 0xaf05ad24, L:/127.0.0.1:59262 - R:localhost/127.0.0.1:52224]
18:01:05.911 [Forwarding sendKeysToElement on session de1a4aa91c8a5e1b9ea9de6e314de9c4 to remote] DEBUG org.asynchttpclient.netty.request.NettyRequestSender - Using pooled Channel '[id: 0xaf05ad24, L:/127.0.0.1:59262 - R:localhost/127.0.0.1:52224]' for 'POST' to 'http://localhost:52224/session/de1a4aa91c8a5e1b9ea9de6e314de9c4/element/a9d4f0ab-dd86-4773-a897-939d39cd0a98/value'
18:01:05.911 [Forwarding sendKeysToElement on session de1a4aa91c8a5e1b9ea9de6e314de9c4 to remote] DEBUG org.asynchttpclient.netty.request.NettyRequestSender - Using open Channel [id: 0xaf05ad24, L:/127.0.0.1:59262 - R:localhost/127.0.0.1:52224] for POST '/session/de1a4aa91c8a5e1b9ea9de6e314de9c4/element/a9d4f0ab-dd86-4773-a897-939d39cd0a98/value'
18:01:05.953 [AsyncHttpClient-1-8] DEBUG org.asynchttpclient.netty.handler.HttpHandler - 

Request DefaultHttpRequest(decodeResult: success, version: HTTP/1.1)
POST /session/de1a4aa91c8a5e1b9ea9de6e314de9c4/element/a9d4f0ab-dd86-4773-a897-939d39cd0a98/value HTTP/1.1
User-Agent: selenium/4.4.0 (java windows)
Content-Length: 151
Content-Type: application/json; charset=utf-8
host: localhost:52224
accept: */*

Response DefaultHttpResponse(decodeResult: success, version: HTTP/1.1)
HTTP/1.1 200 OK
Content-Type: application/json; charset=utf-8
cache-control: no-cache
content-length: 14

18:01:05.953 [AsyncHttpClient-1-8] DEBUG org.asynchttpclient.netty.channel.ChannelManager - Adding key: http://localhost:52224 for channel [id: 0xaf05ad24, L:/127.0.0.1:59262 - R:localhost/127.0.0.1:52224]
18:01:05.954 [Forwarding screenshot on session de1a4aa91c8a5e1b9ea9de6e314de9c4 to remote] DEBUG org.asynchttpclient.netty.request.NettyRequestSender - Using pooled Channel '[id: 0xaf05ad24, L:/127.0.0.1:59262 - R:localhost/127.0.0.1:52224]' for 'GET' to 'http://localhost:52224/session/de1a4aa91c8a5e1b9ea9de6e314de9c4/screenshot'
18:01:05.954 [Forwarding screenshot on session de1a4aa91c8a5e1b9ea9de6e314de9c4 to remote] DEBUG org.asynchttpclient.netty.request.NettyRequestSender - Using open Channel [id: 0xaf05ad24, L:/127.0.0.1:59262 - R:localhost/127.0.0.1:52224] for GET '/session/de1a4aa91c8a5e1b9ea9de6e314de9c4/screenshot'
18:01:06.063 [AsyncHttpClient-1-8] DEBUG org.asynchttpclient.netty.handler.HttpHandler - 

Request DefaultFullHttpRequest(decodeResult: success, version: HTTP/1.1, content: EmptyByteBufBE)
GET /session/de1a4aa91c8a5e1b9ea9de6e314de9c4/screenshot HTTP/1.1
User-Agent: selenium/4.4.0 (java windows)
Cache-Control: no-cache
Content-Type: application/json; charset=utf-8
host: localhost:52224
accept: */*

Response DefaultHttpResponse(decodeResult: success, version: HTTP/1.1)
HTTP/1.1 200 OK
Content-Type: application/json; charset=utf-8
cache-control: no-cache
content-length: 95976

18:01:06.064 [AsyncHttpClient-1-8] DEBUG org.asynchttpclient.netty.channel.ChannelManager - Adding key: http://localhost:52224 for channel [id: 0xaf05ad24, L:/127.0.0.1:59262 - R:localhost/127.0.0.1:52224]
18:01:06.077 [Forwarding findElement on session de1a4aa91c8a5e1b9ea9de6e314de9c4 to remote] DEBUG org.asynchttpclient.netty.request.NettyRequestSender - Using pooled Channel '[id: 0xaf05ad24, L:/127.0.0.1:59262 - R:localhost/127.0.0.1:52224]' for 'POST' to 'http://localhost:52224/session/de1a4aa91c8a5e1b9ea9de6e314de9c4/element'
18:01:06.077 [Forwarding findElement on session de1a4aa91c8a5e1b9ea9de6e314de9c4 to remote] DEBUG org.asynchttpclient.netty.request.NettyRequestSender - Using open Channel [id: 0xaf05ad24, L:/127.0.0.1:59262 - R:localhost/127.0.0.1:52224] for POST '/session/de1a4aa91c8a5e1b9ea9de6e314de9c4/element'
18:01:06.085 [AsyncHttpClient-1-8] DEBUG org.asynchttpclient.netty.handler.HttpHandler - 

Request DefaultHttpRequest(decodeResult: success, version: HTTP/1.1)
POST /session/de1a4aa91c8a5e1b9ea9de6e314de9c4/element HTTP/1.1
User-Agent: selenium/4.4.0 (java windows)
Content-Length: 75
Content-Type: application/json; charset=utf-8
host: localhost:52224
accept: */*

Response DefaultHttpResponse(decodeResult: success, version: HTTP/1.1)
HTTP/1.1 200 OK
Content-Type: application/json; charset=utf-8
cache-control: no-cache
content-length: 88

18:01:06.085 [AsyncHttpClient-1-8] DEBUG org.asynchttpclient.netty.channel.ChannelManager - Adding key: http://localhost:52224 for channel [id: 0xaf05ad24, L:/127.0.0.1:59262 - R:localhost/127.0.0.1:52224]
18:01:06.087 [Forwarding isElementDisplayed on session de1a4aa91c8a5e1b9ea9de6e314de9c4 to remote] DEBUG org.asynchttpclient.netty.request.NettyRequestSender - Using pooled Channel '[id: 0xaf05ad24, L:/127.0.0.1:59262 - R:localhost/127.0.0.1:52224]' for 'POST' to 'http://localhost:52224/session/de1a4aa91c8a5e1b9ea9de6e314de9c4/execute/sync'
18:01:06.087 [Forwarding isElementDisplayed on session de1a4aa91c8a5e1b9ea9de6e314de9c4 to remote] DEBUG org.asynchttpclient.netty.request.NettyRequestSender - Using open Channel [id: 0xaf05ad24, L:/127.0.0.1:59262 - R:localhost/127.0.0.1:52224] for POST '/session/de1a4aa91c8a5e1b9ea9de6e314de9c4/execute/sync'
18:01:06.095 [AsyncHttpClient-1-8] DEBUG org.asynchttpclient.netty.handler.HttpHandler - 

Request DefaultHttpRequest(decodeResult: success, version: HTTP/1.1)
POST /session/de1a4aa91c8a5e1b9ea9de6e314de9c4/execute/sync HTTP/1.1
User-Agent: selenium/4.4.0 (java windows)
Content-Length: 48780
Content-Type: application/json; charset=utf-8
host: localhost:52224
accept: */*

Response DefaultHttpResponse(decodeResult: success, version: HTTP/1.1)
HTTP/1.1 200 OK
Content-Type: application/json; charset=utf-8
cache-control: no-cache
content-length: 14

18:01:06.095 [AsyncHttpClient-1-8] DEBUG org.asynchttpclient.netty.channel.ChannelManager - Adding key: http://localhost:52224 for channel [id: 0xaf05ad24, L:/127.0.0.1:59262 - R:localhost/127.0.0.1:52224]
18:01:06.097 [Forwarding isElementDisplayed on session de1a4aa91c8a5e1b9ea9de6e314de9c4 to remote] DEBUG org.asynchttpclient.netty.request.NettyRequestSender - Using pooled Channel '[id: 0xaf05ad24, L:/127.0.0.1:59262 - R:localhost/127.0.0.1:52224]' for 'POST' to 'http://localhost:52224/session/de1a4aa91c8a5e1b9ea9de6e314de9c4/execute/sync'
18:01:06.098 [Forwarding isElementDisplayed on session de1a4aa91c8a5e1b9ea9de6e314de9c4 to remote] DEBUG org.asynchttpclient.netty.request.NettyRequestSender - Using open Channel [id: 0xaf05ad24, L:/127.0.0.1:59262 - R:localhost/127.0.0.1:52224] for POST '/session/de1a4aa91c8a5e1b9ea9de6e314de9c4/execute/sync'
18:01:06.103 [AsyncHttpClient-1-8] DEBUG org.asynchttpclient.netty.handler.HttpHandler - 

Request DefaultHttpRequest(decodeResult: success, version: HTTP/1.1)
POST /session/de1a4aa91c8a5e1b9ea9de6e314de9c4/execute/sync HTTP/1.1
User-Agent: selenium/4.4.0 (java windows)
Content-Length: 48780
Content-Type: application/json; charset=utf-8
host: localhost:52224
accept: */*

Response DefaultHttpResponse(decodeResult: success, version: HTTP/1.1)
HTTP/1.1 200 OK
Content-Type: application/json; charset=utf-8
cache-control: no-cache
content-length: 14

18:01:06.104 [AsyncHttpClient-1-8] DEBUG org.asynchttpclient.netty.channel.ChannelManager - Adding key: http://localhost:52224 for channel [id: 0xaf05ad24, L:/127.0.0.1:59262 - R:localhost/127.0.0.1:52224]
18:01:06.105 [Forwarding findElement on session de1a4aa91c8a5e1b9ea9de6e314de9c4 to remote] DEBUG org.asynchttpclient.netty.request.NettyRequestSender - Using pooled Channel '[id: 0xaf05ad24, L:/127.0.0.1:59262 - R:localhost/127.0.0.1:52224]' for 'POST' to 'http://localhost:52224/session/de1a4aa91c8a5e1b9ea9de6e314de9c4/element'
18:01:06.105 [Forwarding findElement on session de1a4aa91c8a5e1b9ea9de6e314de9c4 to remote] DEBUG org.asynchttpclient.netty.request.NettyRequestSender - Using open Channel [id: 0xaf05ad24, L:/127.0.0.1:59262 - R:localhost/127.0.0.1:52224] for POST '/session/de1a4aa91c8a5e1b9ea9de6e314de9c4/element'
18:01:06.112 [AsyncHttpClient-1-8] DEBUG org.asynchttpclient.netty.handler.HttpHandler - 

Request DefaultHttpRequest(decodeResult: success, version: HTTP/1.1)
POST /session/de1a4aa91c8a5e1b9ea9de6e314de9c4/element HTTP/1.1
User-Agent: selenium/4.4.0 (java windows)
Content-Length: 75
Content-Type: application/json; charset=utf-8
host: localhost:52224
accept: */*

Response DefaultHttpResponse(decodeResult: success, version: HTTP/1.1)
HTTP/1.1 200 OK
Content-Type: application/json; charset=utf-8
cache-control: no-cache
content-length: 88

18:01:06.113 [AsyncHttpClient-1-8] DEBUG org.asynchttpclient.netty.channel.ChannelManager - Adding key: http://localhost:52224 for channel [id: 0xaf05ad24, L:/127.0.0.1:59262 - R:localhost/127.0.0.1:52224]
18:01:06.115 [Forwarding isElementDisplayed on session de1a4aa91c8a5e1b9ea9de6e314de9c4 to remote] DEBUG org.asynchttpclient.netty.request.NettyRequestSender - Using pooled Channel '[id: 0xaf05ad24, L:/127.0.0.1:59262 - R:localhost/127.0.0.1:52224]' for 'POST' to 'http://localhost:52224/session/de1a4aa91c8a5e1b9ea9de6e314de9c4/execute/sync'
18:01:06.116 [Forwarding isElementDisplayed on session de1a4aa91c8a5e1b9ea9de6e314de9c4 to remote] DEBUG org.asynchttpclient.netty.request.NettyRequestSender - Using open Channel [id: 0xaf05ad24, L:/127.0.0.1:59262 - R:localhost/127.0.0.1:52224] for POST '/session/de1a4aa91c8a5e1b9ea9de6e314de9c4/execute/sync'
18:01:06.122 [AsyncHttpClient-1-8] DEBUG org.asynchttpclient.netty.handler.HttpHandler - 

Request DefaultHttpRequest(decodeResult: success, version: HTTP/1.1)
POST /session/de1a4aa91c8a5e1b9ea9de6e314de9c4/execute/sync HTTP/1.1
User-Agent: selenium/4.4.0 (java windows)
Content-Length: 48780
Content-Type: application/json; charset=utf-8
host: localhost:52224
accept: */*

Response DefaultHttpResponse(decodeResult: success, version: HTTP/1.1)
HTTP/1.1 200 OK
Content-Type: application/json; charset=utf-8
cache-control: no-cache
content-length: 14

18:01:06.123 [AsyncHttpClient-1-8] DEBUG org.asynchttpclient.netty.channel.ChannelManager - Adding key: http://localhost:52224 for channel [id: 0xaf05ad24, L:/127.0.0.1:59262 - R:localhost/127.0.0.1:52224]
18:01:06.123 [Forwarding isElementEnabled on session de1a4aa91c8a5e1b9ea9de6e314de9c4 to remote] DEBUG org.asynchttpclient.netty.request.NettyRequestSender - Using pooled Channel '[id: 0xaf05ad24, L:/127.0.0.1:59262 - R:localhost/127.0.0.1:52224]' for 'GET' to 'http://localhost:52224/session/de1a4aa91c8a5e1b9ea9de6e314de9c4/element/5085163b-a3c3-4538-a832-ea2e844e7008/enabled'
18:01:06.123 [Forwarding isElementEnabled on session de1a4aa91c8a5e1b9ea9de6e314de9c4 to remote] DEBUG org.asynchttpclient.netty.request.NettyRequestSender - Using open Channel [id: 0xaf05ad24, L:/127.0.0.1:59262 - R:localhost/127.0.0.1:52224] for GET '/session/de1a4aa91c8a5e1b9ea9de6e314de9c4/element/5085163b-a3c3-4538-a832-ea2e844e7008/enabled'
18:01:06.129 [AsyncHttpClient-1-8] DEBUG org.asynchttpclient.netty.handler.HttpHandler - 

Request DefaultFullHttpRequest(decodeResult: success, version: HTTP/1.1, content: EmptyByteBufBE)
GET /session/de1a4aa91c8a5e1b9ea9de6e314de9c4/element/5085163b-a3c3-4538-a832-ea2e844e7008/enabled HTTP/1.1
User-Agent: selenium/4.4.0 (java windows)
Cache-Control: no-cache
Content-Type: application/json; charset=utf-8
host: localhost:52224
accept: */*

Response DefaultHttpResponse(decodeResult: success, version: HTTP/1.1)
HTTP/1.1 200 OK
Content-Type: application/json; charset=utf-8
cache-control: no-cache
content-length: 14

18:01:06.130 [AsyncHttpClient-1-8] DEBUG org.asynchttpclient.netty.channel.ChannelManager - Adding key: http://localhost:52224 for channel [id: 0xaf05ad24, L:/127.0.0.1:59262 - R:localhost/127.0.0.1:52224]
18:01:06.131 [Forwarding findElement on session de1a4aa91c8a5e1b9ea9de6e314de9c4 to remote] DEBUG org.asynchttpclient.netty.request.NettyRequestSender - Using pooled Channel '[id: 0xaf05ad24, L:/127.0.0.1:59262 - R:localhost/127.0.0.1:52224]' for 'POST' to 'http://localhost:52224/session/de1a4aa91c8a5e1b9ea9de6e314de9c4/element'
18:01:06.131 [Forwarding findElement on session de1a4aa91c8a5e1b9ea9de6e314de9c4 to remote] DEBUG org.asynchttpclient.netty.request.NettyRequestSender - Using open Channel [id: 0xaf05ad24, L:/127.0.0.1:59262 - R:localhost/127.0.0.1:52224] for POST '/session/de1a4aa91c8a5e1b9ea9de6e314de9c4/element'
18:01:06.136 [AsyncHttpClient-1-8] DEBUG org.asynchttpclient.netty.handler.HttpHandler - 

Request DefaultHttpRequest(decodeResult: success, version: HTTP/1.1)
POST /session/de1a4aa91c8a5e1b9ea9de6e314de9c4/element HTTP/1.1
User-Agent: selenium/4.4.0 (java windows)
Content-Length: 75
Content-Type: application/json; charset=utf-8
host: localhost:52224
accept: */*

Response DefaultHttpResponse(decodeResult: success, version: HTTP/1.1)
HTTP/1.1 200 OK
Content-Type: application/json; charset=utf-8
cache-control: no-cache
content-length: 88

18:01:06.136 [AsyncHttpClient-1-8] DEBUG org.asynchttpclient.netty.channel.ChannelManager - Adding key: http://localhost:52224 for channel [id: 0xaf05ad24, L:/127.0.0.1:59262 - R:localhost/127.0.0.1:52224]
18:01:06.139 [Forwarding isElementDisplayed on session de1a4aa91c8a5e1b9ea9de6e314de9c4 to remote] DEBUG org.asynchttpclient.netty.request.NettyRequestSender - Using pooled Channel '[id: 0xaf05ad24, L:/127.0.0.1:59262 - R:localhost/127.0.0.1:52224]' for 'POST' to 'http://localhost:52224/session/de1a4aa91c8a5e1b9ea9de6e314de9c4/execute/sync'
18:01:06.139 [Forwarding isElementDisplayed on session de1a4aa91c8a5e1b9ea9de6e314de9c4 to remote] DEBUG org.asynchttpclient.netty.request.NettyRequestSender - Using open Channel [id: 0xaf05ad24, L:/127.0.0.1:59262 - R:localhost/127.0.0.1:52224] for POST '/session/de1a4aa91c8a5e1b9ea9de6e314de9c4/execute/sync'
18:01:06.147 [AsyncHttpClient-1-8] DEBUG org.asynchttpclient.netty.handler.HttpHandler - 

Request DefaultHttpRequest(decodeResult: success, version: HTTP/1.1)
POST /session/de1a4aa91c8a5e1b9ea9de6e314de9c4/execute/sync HTTP/1.1
User-Agent: selenium/4.4.0 (java windows)
Content-Length: 48780
Content-Type: application/json; charset=utf-8
host: localhost:52224
accept: */*

Response DefaultHttpResponse(decodeResult: success, version: HTTP/1.1)
HTTP/1.1 200 OK
Content-Type: application/json; charset=utf-8
cache-control: no-cache
content-length: 14

18:01:06.148 [AsyncHttpClient-1-8] DEBUG org.asynchttpclient.netty.channel.ChannelManager - Adding key: http://localhost:52224 for channel [id: 0xaf05ad24, L:/127.0.0.1:59262 - R:localhost/127.0.0.1:52224]
18:01:06.149 [Forwarding sendKeysToElement on session de1a4aa91c8a5e1b9ea9de6e314de9c4 to remote] DEBUG org.asynchttpclient.netty.request.NettyRequestSender - Using pooled Channel '[id: 0xaf05ad24, L:/127.0.0.1:59262 - R:localhost/127.0.0.1:52224]' for 'POST' to 'http://localhost:52224/session/de1a4aa91c8a5e1b9ea9de6e314de9c4/element/5085163b-a3c3-4538-a832-ea2e844e7008/value'
18:01:06.149 [Forwarding sendKeysToElement on session de1a4aa91c8a5e1b9ea9de6e314de9c4 to remote] DEBUG org.asynchttpclient.netty.request.NettyRequestSender - Using open Channel [id: 0xaf05ad24, L:/127.0.0.1:59262 - R:localhost/127.0.0.1:52224] for POST '/session/de1a4aa91c8a5e1b9ea9de6e314de9c4/element/5085163b-a3c3-4538-a832-ea2e844e7008/value'
18:01:06.185 [AsyncHttpClient-1-8] DEBUG org.asynchttpclient.netty.handler.HttpHandler - 

Request DefaultHttpRequest(decodeResult: success, version: HTTP/1.1)
POST /session/de1a4aa91c8a5e1b9ea9de6e314de9c4/element/5085163b-a3c3-4538-a832-ea2e844e7008/value HTTP/1.1
User-Agent: selenium/4.4.0 (java windows)
Content-Length: 111
Content-Type: application/json; charset=utf-8
host: localhost:52224
accept: */*

Response DefaultHttpResponse(decodeResult: success, version: HTTP/1.1)
HTTP/1.1 200 OK
Content-Type: application/json; charset=utf-8
cache-control: no-cache
content-length: 14

18:01:06.185 [AsyncHttpClient-1-8] DEBUG org.asynchttpclient.netty.channel.ChannelManager - Adding key: http://localhost:52224 for channel [id: 0xaf05ad24, L:/127.0.0.1:59262 - R:localhost/127.0.0.1:52224]
18:01:06.186 [Forwarding screenshot on session de1a4aa91c8a5e1b9ea9de6e314de9c4 to remote] DEBUG org.asynchttpclient.netty.request.NettyRequestSender - Using pooled Channel '[id: 0xaf05ad24, L:/127.0.0.1:59262 - R:localhost/127.0.0.1:52224]' for 'GET' to 'http://localhost:52224/session/de1a4aa91c8a5e1b9ea9de6e314de9c4/screenshot'
18:01:06.186 [Forwarding screenshot on session de1a4aa91c8a5e1b9ea9de6e314de9c4 to remote] DEBUG org.asynchttpclient.netty.request.NettyRequestSender - Using open Channel [id: 0xaf05ad24, L:/127.0.0.1:59262 - R:localhost/127.0.0.1:52224] for GET '/session/de1a4aa91c8a5e1b9ea9de6e314de9c4/screenshot'
18:01:06.300 [AsyncHttpClient-1-8] DEBUG org.asynchttpclient.netty.handler.HttpHandler - 

Request DefaultFullHttpRequest(decodeResult: success, version: HTTP/1.1, content: EmptyByteBufBE)
GET /session/de1a4aa91c8a5e1b9ea9de6e314de9c4/screenshot HTTP/1.1
User-Agent: selenium/4.4.0 (java windows)
Cache-Control: no-cache
Content-Type: application/json; charset=utf-8
host: localhost:52224
accept: */*

Response DefaultHttpResponse(decodeResult: success, version: HTTP/1.1)
HTTP/1.1 200 OK
Content-Type: application/json; charset=utf-8
cache-control: no-cache
content-length: 182348

18:01:06.300 [AsyncHttpClient-1-8] DEBUG org.asynchttpclient.netty.channel.ChannelManager - Adding key: http://localhost:52224 for channel [id: 0xaf05ad24, L:/127.0.0.1:59262 - R:localhost/127.0.0.1:52224]
18:01:06.311 [Forwarding getCurrentWindowHandle on session de1a4aa91c8a5e1b9ea9de6e314de9c4 to remote] DEBUG org.asynchttpclient.netty.request.NettyRequestSender - Using pooled Channel '[id: 0xaf05ad24, L:/127.0.0.1:59262 - R:localhost/127.0.0.1:52224]' for 'GET' to 'http://localhost:52224/session/de1a4aa91c8a5e1b9ea9de6e314de9c4/window'
18:01:06.311 [Forwarding getCurrentWindowHandle on session de1a4aa91c8a5e1b9ea9de6e314de9c4 to remote] DEBUG org.asynchttpclient.netty.request.NettyRequestSender - Using open Channel [id: 0xaf05ad24, L:/127.0.0.1:59262 - R:localhost/127.0.0.1:52224] for GET '/session/de1a4aa91c8a5e1b9ea9de6e314de9c4/window'
18:01:06.311 [AsyncHttpClient-1-8] DEBUG org.asynchttpclient.netty.handler.HttpHandler - 

Request DefaultFullHttpRequest(decodeResult: success, version: HTTP/1.1, content: EmptyByteBufBE)
GET /session/de1a4aa91c8a5e1b9ea9de6e314de9c4/window HTTP/1.1
User-Agent: selenium/4.4.0 (java windows)
Cache-Control: no-cache
Content-Type: application/json; charset=utf-8
host: localhost:52224
accept: */*

Response DefaultHttpResponse(decodeResult: success, version: HTTP/1.1)
HTTP/1.1 200 OK
Content-Type: application/json; charset=utf-8
cache-control: no-cache
content-length: 53

18:01:06.311 [AsyncHttpClient-1-8] DEBUG org.asynchttpclient.netty.channel.ChannelManager - Adding key: http://localhost:52224 for channel [id: 0xaf05ad24, L:/127.0.0.1:59262 - R:localhost/127.0.0.1:52224]
18:01:06.312 [Forwarding getAlertText on session de1a4aa91c8a5e1b9ea9de6e314de9c4 to remote] DEBUG org.asynchttpclient.netty.request.NettyRequestSender - Using pooled Channel '[id: 0xaf05ad24, L:/127.0.0.1:59262 - R:localhost/127.0.0.1:52224]' for 'GET' to 'http://localhost:52224/session/de1a4aa91c8a5e1b9ea9de6e314de9c4/alert/text'
18:01:06.312 [Forwarding getAlertText on session de1a4aa91c8a5e1b9ea9de6e314de9c4 to remote] DEBUG org.asynchttpclient.netty.request.NettyRequestSender - Using open Channel [id: 0xaf05ad24, L:/127.0.0.1:59262 - R:localhost/127.0.0.1:52224] for GET '/session/de1a4aa91c8a5e1b9ea9de6e314de9c4/alert/text'
18:01:06.313 [AsyncHttpClient-1-8] DEBUG org.asynchttpclient.netty.handler.HttpHandler - 

Request DefaultFullHttpRequest(decodeResult: success, version: HTTP/1.1, content: EmptyByteBufBE)
GET /session/de1a4aa91c8a5e1b9ea9de6e314de9c4/alert/text HTTP/1.1
User-Agent: selenium/4.4.0 (java windows)
Cache-Control: no-cache
Content-Type: application/json; charset=utf-8
host: localhost:52224
accept: */*

Response DefaultHttpResponse(decodeResult: success, version: HTTP/1.1)
HTTP/1.1 404 Not Found
Content-Type: application/json; charset=utf-8
cache-control: no-cache
content-length: 835

18:01:06.313 [AsyncHttpClient-1-8] DEBUG org.asynchttpclient.netty.channel.ChannelManager - Adding key: http://localhost:52224 for channel [id: 0xaf05ad24, L:/127.0.0.1:59262 - R:localhost/127.0.0.1:52224]
18:01:06.314 [Forwarding switchToWindow on session de1a4aa91c8a5e1b9ea9de6e314de9c4 to remote] DEBUG org.asynchttpclient.netty.request.NettyRequestSender - Using pooled Channel '[id: 0xaf05ad24, L:/127.0.0.1:59262 - R:localhost/127.0.0.1:52224]' for 'POST' to 'http://localhost:52224/session/de1a4aa91c8a5e1b9ea9de6e314de9c4/window'
18:01:06.314 [Forwarding switchToWindow on session de1a4aa91c8a5e1b9ea9de6e314de9c4 to remote] DEBUG org.asynchttpclient.netty.request.NettyRequestSender - Using open Channel [id: 0xaf05ad24, L:/127.0.0.1:59262 - R:localhost/127.0.0.1:52224] for POST '/session/de1a4aa91c8a5e1b9ea9de6e314de9c4/window'
18:01:06.315 [AsyncHttpClient-1-8] DEBUG org.asynchttpclient.netty.handler.HttpHandler - 

Request DefaultHttpRequest(decodeResult: success, version: HTTP/1.1)
POST /session/de1a4aa91c8a5e1b9ea9de6e314de9c4/window HTTP/1.1
User-Agent: selenium/4.4.0 (java windows)
Content-Length: 59
Content-Type: application/json; charset=utf-8
host: localhost:52224
accept: */*

Response DefaultHttpResponse(decodeResult: success, version: HTTP/1.1)
HTTP/1.1 200 OK
Content-Type: application/json; charset=utf-8
cache-control: no-cache
content-length: 14

18:01:06.315 [AsyncHttpClient-1-8] DEBUG org.asynchttpclient.netty.channel.ChannelManager - Adding key: http://localhost:52224 for channel [id: 0xaf05ad24, L:/127.0.0.1:59262 - R:localhost/127.0.0.1:52224]
18:01:06.316 [Forwarding getCurrentUrl on session de1a4aa91c8a5e1b9ea9de6e314de9c4 to remote] DEBUG org.asynchttpclient.netty.request.NettyRequestSender - Using pooled Channel '[id: 0xaf05ad24, L:/127.0.0.1:59262 - R:localhost/127.0.0.1:52224]' for 'GET' to 'http://localhost:52224/session/de1a4aa91c8a5e1b9ea9de6e314de9c4/url'
18:01:06.316 [Forwarding getCurrentUrl on session de1a4aa91c8a5e1b9ea9de6e314de9c4 to remote] DEBUG org.asynchttpclient.netty.request.NettyRequestSender - Using open Channel [id: 0xaf05ad24, L:/127.0.0.1:59262 - R:localhost/127.0.0.1:52224] for GET '/session/de1a4aa91c8a5e1b9ea9de6e314de9c4/url'
18:01:06.318 [AsyncHttpClient-1-8] DEBUG org.asynchttpclient.netty.handler.HttpHandler - 

Request DefaultFullHttpRequest(decodeResult: success, version: HTTP/1.1, content: EmptyByteBufBE)
GET /session/de1a4aa91c8a5e1b9ea9de6e314de9c4/url HTTP/1.1
User-Agent: selenium/4.4.0 (java windows)
Cache-Control: no-cache
Content-Type: application/json; charset=utf-8
host: localhost:52224
accept: */*

Response DefaultHttpResponse(decodeResult: success, version: HTTP/1.1)
HTTP/1.1 200 OK
Content-Type: application/json; charset=utf-8
cache-control: no-cache
content-length: 48

18:01:06.318 [AsyncHttpClient-1-8] DEBUG org.asynchttpclient.netty.channel.ChannelManager - Adding key: http://localhost:52224 for channel [id: 0xaf05ad24, L:/127.0.0.1:59262 - R:localhost/127.0.0.1:52224]
18:01:06.318 [Forwarding screenshot on session de1a4aa91c8a5e1b9ea9de6e314de9c4 to remote] DEBUG org.asynchttpclient.netty.request.NettyRequestSender - Using pooled Channel '[id: 0xaf05ad24, L:/127.0.0.1:59262 - R:localhost/127.0.0.1:52224]' for 'GET' to 'http://localhost:52224/session/de1a4aa91c8a5e1b9ea9de6e314de9c4/screenshot'
18:01:06.318 [Forwarding screenshot on session de1a4aa91c8a5e1b9ea9de6e314de9c4 to remote] DEBUG org.asynchttpclient.netty.request.NettyRequestSender - Using open Channel [id: 0xaf05ad24, L:/127.0.0.1:59262 - R:localhost/127.0.0.1:52224] for GET '/session/de1a4aa91c8a5e1b9ea9de6e314de9c4/screenshot'
18:01:06.434 [AsyncHttpClient-1-8] DEBUG org.asynchttpclient.netty.handler.HttpHandler - 

Request DefaultFullHttpRequest(decodeResult: success, version: HTTP/1.1, content: EmptyByteBufBE)
GET /session/de1a4aa91c8a5e1b9ea9de6e314de9c4/screenshot HTTP/1.1
User-Agent: selenium/4.4.0 (java windows)
Cache-Control: no-cache
Content-Type: application/json; charset=utf-8
host: localhost:52224
accept: */*

Response DefaultHttpResponse(decodeResult: success, version: HTTP/1.1)
HTTP/1.1 200 OK
Content-Type: application/json; charset=utf-8
cache-control: no-cache
content-length: 182352

18:01:06.434 [AsyncHttpClient-1-8] DEBUG org.asynchttpclient.netty.channel.ChannelManager - Adding key: http://localhost:52224 for channel [id: 0xaf05ad24, L:/127.0.0.1:59262 - R:localhost/127.0.0.1:52224]
18:01:06.437 [main] DEBUG net.serenitybdd.core.photography.Darkroom - Send negative for processing for target\site\serenity\ac50736ebb842abd6b788250c1ad43a89059f16ac55d78a3353746b98e2b173c.png
18:01:06.437 [main] DEBUG net.thucydides.core.steps.StepInterceptor - STEP DONE: inserto usuario{usuario} y contraseña{password}
18:01:06.440 [Forwarding getPageSource on session de1a4aa91c8a5e1b9ea9de6e314de9c4 to remote] DEBUG org.asynchttpclient.netty.request.NettyRequestSender - Using pooled Channel '[id: 0xaf05ad24, L:/127.0.0.1:59262 - R:localhost/127.0.0.1:52224]' for 'POST' to 'http://localhost:52224/session/de1a4aa91c8a5e1b9ea9de6e314de9c4/execute/sync'
18:01:06.440 [Forwarding getPageSource on session de1a4aa91c8a5e1b9ea9de6e314de9c4 to remote] DEBUG org.asynchttpclient.netty.request.NettyRequestSender - Using open Channel [id: 0xaf05ad24, L:/127.0.0.1:59262 - R:localhost/127.0.0.1:52224] for POST '/session/de1a4aa91c8a5e1b9ea9de6e314de9c4/execute/sync'
18:01:06.448 [AsyncHttpClient-1-8] DEBUG org.asynchttpclient.netty.handler.HttpHandler - 

Request DefaultHttpRequest(decodeResult: success, version: HTTP/1.1)
POST /session/de1a4aa91c8a5e1b9ea9de6e314de9c4/execute/sync HTTP/1.1
User-Agent: selenium/4.4.0 (java windows)
Content-Length: 176
Content-Type: application/json; charset=utf-8
host: localhost:52224
accept: */*

Response DefaultHttpResponse(decodeResult: success, version: HTTP/1.1)
HTTP/1.1 200 OK
Content-Type: application/json; charset=utf-8
cache-control: no-cache
content-length: 57699

18:01:06.448 [AsyncHttpClient-1-8] DEBUG org.asynchttpclient.netty.channel.ChannelManager - Adding key: http://localhost:52224 for channel [id: 0xaf05ad24, L:/127.0.0.1:59262 - R:localhost/127.0.0.1:52224]
18:01:06.451 [Forwarding getCurrentUrl on session de1a4aa91c8a5e1b9ea9de6e314de9c4 to remote] DEBUG org.asynchttpclient.netty.request.NettyRequestSender - Using pooled Channel '[id: 0xaf05ad24, L:/127.0.0.1:59262 - R:localhost/127.0.0.1:52224]' for 'GET' to 'http://localhost:52224/session/de1a4aa91c8a5e1b9ea9de6e314de9c4/url'
18:01:06.451 [Forwarding getCurrentUrl on session de1a4aa91c8a5e1b9ea9de6e314de9c4 to remote] DEBUG org.asynchttpclient.netty.request.NettyRequestSender - Using open Channel [id: 0xaf05ad24, L:/127.0.0.1:59262 - R:localhost/127.0.0.1:52224] for GET '/session/de1a4aa91c8a5e1b9ea9de6e314de9c4/url'
18:01:06.454 [AsyncHttpClient-1-8] DEBUG org.asynchttpclient.netty.handler.HttpHandler - 

Request DefaultFullHttpRequest(decodeResult: success, version: HTTP/1.1, content: EmptyByteBufBE)
GET /session/de1a4aa91c8a5e1b9ea9de6e314de9c4/url HTTP/1.1
User-Agent: selenium/4.4.0 (java windows)
Cache-Control: no-cache
Content-Type: application/json; charset=utf-8
host: localhost:52224
accept: */*

Response DefaultHttpResponse(decodeResult: success, version: HTTP/1.1)
HTTP/1.1 200 OK
Content-Type: application/json; charset=utf-8
cache-control: no-cache
content-length: 48

18:01:06.454 [AsyncHttpClient-1-8] DEBUG org.asynchttpclient.netty.channel.ChannelManager - Adding key: http://localhost:52224 for channel [id: 0xaf05ad24, L:/127.0.0.1:59262 - R:localhost/127.0.0.1:52224]
18:01:06.456 [main] DEBUG net.thucydides.core.steps.StepInterceptor - STARTING STEP: ComprobarCestaStep.estoy_logeado_con_el_usuario_de_contraseña - clikar login
18:01:06.457 [Forwarding findElement on session de1a4aa91c8a5e1b9ea9de6e314de9c4 to remote] DEBUG org.asynchttpclient.netty.request.NettyRequestSender - Using pooled Channel '[id: 0xaf05ad24, L:/127.0.0.1:59262 - R:localhost/127.0.0.1:52224]' for 'POST' to 'http://localhost:52224/session/de1a4aa91c8a5e1b9ea9de6e314de9c4/element'
18:01:06.457 [Forwarding findElement on session de1a4aa91c8a5e1b9ea9de6e314de9c4 to remote] DEBUG org.asynchttpclient.netty.request.NettyRequestSender - Using open Channel [id: 0xaf05ad24, L:/127.0.0.1:59262 - R:localhost/127.0.0.1:52224] for POST '/session/de1a4aa91c8a5e1b9ea9de6e314de9c4/element'
18:01:06.465 [AsyncHttpClient-1-8] DEBUG org.asynchttpclient.netty.handler.HttpHandler - 

Request DefaultHttpRequest(decodeResult: success, version: HTTP/1.1)
POST /session/de1a4aa91c8a5e1b9ea9de6e314de9c4/element HTTP/1.1
User-Agent: selenium/4.4.0 (java windows)
Content-Length: 83
Content-Type: application/json; charset=utf-8
host: localhost:52224
accept: */*

Response DefaultHttpResponse(decodeResult: success, version: HTTP/1.1)
HTTP/1.1 200 OK
Content-Type: application/json; charset=utf-8
cache-control: no-cache
content-length: 88

18:01:06.465 [AsyncHttpClient-1-8] DEBUG org.asynchttpclient.netty.channel.ChannelManager - Adding key: http://localhost:52224 for channel [id: 0xaf05ad24, L:/127.0.0.1:59262 - R:localhost/127.0.0.1:52224]
18:01:06.467 [Forwarding isElementDisplayed on session de1a4aa91c8a5e1b9ea9de6e314de9c4 to remote] DEBUG org.asynchttpclient.netty.request.NettyRequestSender - Using pooled Channel '[id: 0xaf05ad24, L:/127.0.0.1:59262 - R:localhost/127.0.0.1:52224]' for 'POST' to 'http://localhost:52224/session/de1a4aa91c8a5e1b9ea9de6e314de9c4/execute/sync'
18:01:06.467 [Forwarding isElementDisplayed on session de1a4aa91c8a5e1b9ea9de6e314de9c4 to remote] DEBUG org.asynchttpclient.netty.request.NettyRequestSender - Using open Channel [id: 0xaf05ad24, L:/127.0.0.1:59262 - R:localhost/127.0.0.1:52224] for POST '/session/de1a4aa91c8a5e1b9ea9de6e314de9c4/execute/sync'
18:01:06.474 [AsyncHttpClient-1-8] DEBUG org.asynchttpclient.netty.handler.HttpHandler - 

Request DefaultHttpRequest(decodeResult: success, version: HTTP/1.1)
POST /session/de1a4aa91c8a5e1b9ea9de6e314de9c4/execute/sync HTTP/1.1
User-Agent: selenium/4.4.0 (java windows)
Content-Length: 48780
Content-Type: application/json; charset=utf-8
host: localhost:52224
accept: */*

Response DefaultHttpResponse(decodeResult: success, version: HTTP/1.1)
HTTP/1.1 200 OK
Content-Type: application/json; charset=utf-8
cache-control: no-cache
content-length: 14

18:01:06.474 [AsyncHttpClient-1-8] DEBUG org.asynchttpclient.netty.channel.ChannelManager - Adding key: http://localhost:52224 for channel [id: 0xaf05ad24, L:/127.0.0.1:59262 - R:localhost/127.0.0.1:52224]
18:01:06.475 [Forwarding clickElement on session de1a4aa91c8a5e1b9ea9de6e314de9c4 to remote] DEBUG org.asynchttpclient.netty.request.NettyRequestSender - Using pooled Channel '[id: 0xaf05ad24, L:/127.0.0.1:59262 - R:localhost/127.0.0.1:52224]' for 'POST' to 'http://localhost:52224/session/de1a4aa91c8a5e1b9ea9de6e314de9c4/element/d225018c-8fae-498b-95cc-3352f97cc34f/click'
18:01:06.475 [Forwarding clickElement on session de1a4aa91c8a5e1b9ea9de6e314de9c4 to remote] DEBUG org.asynchttpclient.netty.request.NettyRequestSender - Using open Channel [id: 0xaf05ad24, L:/127.0.0.1:59262 - R:localhost/127.0.0.1:52224] for POST '/session/de1a4aa91c8a5e1b9ea9de6e314de9c4/element/d225018c-8fae-498b-95cc-3352f97cc34f/click'
18:01:06.498 [AsyncHttpClient-1-8] DEBUG org.asynchttpclient.netty.handler.HttpHandler - 

Request DefaultHttpRequest(decodeResult: success, version: HTTP/1.1)
POST /session/de1a4aa91c8a5e1b9ea9de6e314de9c4/element/d225018c-8fae-498b-95cc-3352f97cc34f/click HTTP/1.1
User-Agent: selenium/4.4.0 (java windows)
Content-Length: 50
Content-Type: application/json; charset=utf-8
host: localhost:52224
accept: */*

Response DefaultHttpResponse(decodeResult: success, version: HTTP/1.1)
HTTP/1.1 200 OK
Content-Type: application/json; charset=utf-8
cache-control: no-cache
content-length: 14

18:01:06.498 [AsyncHttpClient-1-8] DEBUG org.asynchttpclient.netty.channel.ChannelManager - Adding key: http://localhost:52224 for channel [id: 0xaf05ad24, L:/127.0.0.1:59262 - R:localhost/127.0.0.1:52224]
18:01:06.501 [Forwarding getCurrentWindowHandle on session de1a4aa91c8a5e1b9ea9de6e314de9c4 to remote] DEBUG org.asynchttpclient.netty.request.NettyRequestSender - Using pooled Channel '[id: 0xaf05ad24, L:/127.0.0.1:59262 - R:localhost/127.0.0.1:52224]' for 'GET' to 'http://localhost:52224/session/de1a4aa91c8a5e1b9ea9de6e314de9c4/window'
18:01:06.501 [Forwarding getCurrentWindowHandle on session de1a4aa91c8a5e1b9ea9de6e314de9c4 to remote] DEBUG org.asynchttpclient.netty.request.NettyRequestSender - Using open Channel [id: 0xaf05ad24, L:/127.0.0.1:59262 - R:localhost/127.0.0.1:52224] for GET '/session/de1a4aa91c8a5e1b9ea9de6e314de9c4/window'
18:01:06.502 [AsyncHttpClient-1-8] DEBUG org.asynchttpclient.netty.handler.HttpHandler - 

Request DefaultFullHttpRequest(decodeResult: success, version: HTTP/1.1, content: EmptyByteBufBE)
GET /session/de1a4aa91c8a5e1b9ea9de6e314de9c4/window HTTP/1.1
User-Agent: selenium/4.4.0 (java windows)
Cache-Control: no-cache
Content-Type: application/json; charset=utf-8
host: localhost:52224
accept: */*

Response DefaultHttpResponse(decodeResult: success, version: HTTP/1.1)
HTTP/1.1 200 OK
Content-Type: application/json; charset=utf-8
cache-control: no-cache
content-length: 53

18:01:06.502 [AsyncHttpClient-1-8] DEBUG org.asynchttpclient.netty.channel.ChannelManager - Adding key: http://localhost:52224 for channel [id: 0xaf05ad24, L:/127.0.0.1:59262 - R:localhost/127.0.0.1:52224]
18:01:06.502 [Forwarding getAlertText on session de1a4aa91c8a5e1b9ea9de6e314de9c4 to remote] DEBUG org.asynchttpclient.netty.request.NettyRequestSender - Using pooled Channel '[id: 0xaf05ad24, L:/127.0.0.1:59262 - R:localhost/127.0.0.1:52224]' for 'GET' to 'http://localhost:52224/session/de1a4aa91c8a5e1b9ea9de6e314de9c4/alert/text'
18:01:06.502 [Forwarding getAlertText on session de1a4aa91c8a5e1b9ea9de6e314de9c4 to remote] DEBUG org.asynchttpclient.netty.request.NettyRequestSender - Using open Channel [id: 0xaf05ad24, L:/127.0.0.1:59262 - R:localhost/127.0.0.1:52224] for GET '/session/de1a4aa91c8a5e1b9ea9de6e314de9c4/alert/text'
18:01:06.503 [AsyncHttpClient-1-8] DEBUG org.asynchttpclient.netty.handler.HttpHandler - 

Request DefaultFullHttpRequest(decodeResult: success, version: HTTP/1.1, content: EmptyByteBufBE)
GET /session/de1a4aa91c8a5e1b9ea9de6e314de9c4/alert/text HTTP/1.1
User-Agent: selenium/4.4.0 (java windows)
Cache-Control: no-cache
Content-Type: application/json; charset=utf-8
host: localhost:52224
accept: */*

Response DefaultHttpResponse(decodeResult: success, version: HTTP/1.1)
HTTP/1.1 404 Not Found
Content-Type: application/json; charset=utf-8
cache-control: no-cache
content-length: 835

18:01:06.504 [AsyncHttpClient-1-8] DEBUG org.asynchttpclient.netty.channel.ChannelManager - Adding key: http://localhost:52224 for channel [id: 0xaf05ad24, L:/127.0.0.1:59262 - R:localhost/127.0.0.1:52224]
18:01:06.505 [Forwarding switchToWindow on session de1a4aa91c8a5e1b9ea9de6e314de9c4 to remote] DEBUG org.asynchttpclient.netty.request.NettyRequestSender - Using pooled Channel '[id: 0xaf05ad24, L:/127.0.0.1:59262 - R:localhost/127.0.0.1:52224]' for 'POST' to 'http://localhost:52224/session/de1a4aa91c8a5e1b9ea9de6e314de9c4/window'
18:01:06.505 [Forwarding switchToWindow on session de1a4aa91c8a5e1b9ea9de6e314de9c4 to remote] DEBUG org.asynchttpclient.netty.request.NettyRequestSender - Using open Channel [id: 0xaf05ad24, L:/127.0.0.1:59262 - R:localhost/127.0.0.1:52224] for POST '/session/de1a4aa91c8a5e1b9ea9de6e314de9c4/window'
18:01:06.506 [AsyncHttpClient-1-8] DEBUG org.asynchttpclient.netty.handler.HttpHandler - 

Request DefaultHttpRequest(decodeResult: success, version: HTTP/1.1)
POST /session/de1a4aa91c8a5e1b9ea9de6e314de9c4/window HTTP/1.1
User-Agent: selenium/4.4.0 (java windows)
Content-Length: 59
Content-Type: application/json; charset=utf-8
host: localhost:52224
accept: */*

Response DefaultHttpResponse(decodeResult: success, version: HTTP/1.1)
HTTP/1.1 200 OK
Content-Type: application/json; charset=utf-8
cache-control: no-cache
content-length: 14

18:01:06.506 [AsyncHttpClient-1-8] DEBUG org.asynchttpclient.netty.channel.ChannelManager - Adding key: http://localhost:52224 for channel [id: 0xaf05ad24, L:/127.0.0.1:59262 - R:localhost/127.0.0.1:52224]
18:01:06.506 [Forwarding getCurrentUrl on session de1a4aa91c8a5e1b9ea9de6e314de9c4 to remote] DEBUG org.asynchttpclient.netty.request.NettyRequestSender - Using pooled Channel '[id: 0xaf05ad24, L:/127.0.0.1:59262 - R:localhost/127.0.0.1:52224]' for 'GET' to 'http://localhost:52224/session/de1a4aa91c8a5e1b9ea9de6e314de9c4/url'
18:01:06.506 [Forwarding getCurrentUrl on session de1a4aa91c8a5e1b9ea9de6e314de9c4 to remote] DEBUG org.asynchttpclient.netty.request.NettyRequestSender - Using open Channel [id: 0xaf05ad24, L:/127.0.0.1:59262 - R:localhost/127.0.0.1:52224] for GET '/session/de1a4aa91c8a5e1b9ea9de6e314de9c4/url'
18:01:06.508 [AsyncHttpClient-1-8] DEBUG org.asynchttpclient.netty.handler.HttpHandler - 

Request DefaultFullHttpRequest(decodeResult: success, version: HTTP/1.1, content: EmptyByteBufBE)
GET /session/de1a4aa91c8a5e1b9ea9de6e314de9c4/url HTTP/1.1
User-Agent: selenium/4.4.0 (java windows)
Cache-Control: no-cache
Content-Type: application/json; charset=utf-8
host: localhost:52224
accept: */*

Response DefaultHttpResponse(decodeResult: success, version: HTTP/1.1)
HTTP/1.1 200 OK
Content-Type: application/json; charset=utf-8
cache-control: no-cache
content-length: 48

18:01:06.508 [AsyncHttpClient-1-8] DEBUG org.asynchttpclient.netty.channel.ChannelManager - Adding key: http://localhost:52224 for channel [id: 0xaf05ad24, L:/127.0.0.1:59262 - R:localhost/127.0.0.1:52224]
18:01:06.509 [Forwarding screenshot on session de1a4aa91c8a5e1b9ea9de6e314de9c4 to remote] DEBUG org.asynchttpclient.netty.request.NettyRequestSender - Using pooled Channel '[id: 0xaf05ad24, L:/127.0.0.1:59262 - R:localhost/127.0.0.1:52224]' for 'GET' to 'http://localhost:52224/session/de1a4aa91c8a5e1b9ea9de6e314de9c4/screenshot'
18:01:06.509 [Forwarding screenshot on session de1a4aa91c8a5e1b9ea9de6e314de9c4 to remote] DEBUG org.asynchttpclient.netty.request.NettyRequestSender - Using open Channel [id: 0xaf05ad24, L:/127.0.0.1:59262 - R:localhost/127.0.0.1:52224] for GET '/session/de1a4aa91c8a5e1b9ea9de6e314de9c4/screenshot'
18:01:06.617 [AsyncHttpClient-1-8] DEBUG org.asynchttpclient.netty.handler.HttpHandler - 

Request DefaultFullHttpRequest(decodeResult: success, version: HTTP/1.1, content: EmptyByteBufBE)
GET /session/de1a4aa91c8a5e1b9ea9de6e314de9c4/screenshot HTTP/1.1
User-Agent: selenium/4.4.0 (java windows)
Cache-Control: no-cache
Content-Type: application/json; charset=utf-8
host: localhost:52224
accept: */*

Response DefaultHttpResponse(decodeResult: success, version: HTTP/1.1)
HTTP/1.1 200 OK
Content-Type: application/json; charset=utf-8
cache-control: no-cache
content-length: 182472

18:01:06.617 [AsyncHttpClient-1-8] DEBUG org.asynchttpclient.netty.channel.ChannelManager - Adding key: http://localhost:52224 for channel [id: 0xaf05ad24, L:/127.0.0.1:59262 - R:localhost/127.0.0.1:52224]
18:01:06.620 [main] DEBUG net.serenitybdd.core.photography.Darkroom - Send negative for processing for target\site\serenity\4bb393fee44cb4878b9028efa8f46dea0f7a2f56b5be6acc82eecfa3834cb1d3.png
18:01:06.620 [main] DEBUG net.thucydides.core.steps.StepInterceptor - STEP DONE: clikar login
  &amp#27;[32mGiven &amp#27;[0m&amp#27;[32mestoy logeado con el usuario &amp#27;[0m&amp#27;[32m&amp#27;[1m"MarkOS1"&amp#27;[0m&amp#27;[32m de contraseña &amp#27;[0m&amp#27;[32m&amp#27;[1m"123"&amp#27;[0m &amp#27;[90m# Step.ComprobarCestaStep.estoy_logeado_con_el_usuario_de_contraseña(java.lang.String,java.lang.String)&amp#27;[0m
18:01:06.620 [Darkroom Processing Line] DEBUG net.serenitybdd.core.photography.DarkroomProcessingLine - Processing screenshot image in /var/screenshots/screenshot-16592564394272250973
18:01:06.620 [Darkroom Processing Line] DEBUG net.serenitybdd.core.photography.DarkroomProcessingLine - Saving screenshot to target\site\serenity\4bb393fee44cb4878b9028efa8f46dea0f7a2f56b5be6acc82eecfa3834cb1d3.png
18:01:06.625 [Forwarding getPageSource on session de1a4aa91c8a5e1b9ea9de6e314de9c4 to remote] DEBUG org.asynchttpclient.netty.request.NettyRequestSender - Using pooled Channel '[id: 0xaf05ad24, L:/127.0.0.1:59262 - R:localhost/127.0.0.1:52224]' for 'POST' to 'http://localhost:52224/session/de1a4aa91c8a5e1b9ea9de6e314de9c4/execute/sync'
18:01:06.625 [Forwarding getPageSource on session de1a4aa91c8a5e1b9ea9de6e314de9c4 to remote] DEBUG org.asynchttpclient.netty.request.NettyRequestSender - Using open Channel [id: 0xaf05ad24, L:/127.0.0.1:59262 - R:localhost/127.0.0.1:52224] for POST '/session/de1a4aa91c8a5e1b9ea9de6e314de9c4/execute/sync'
18:01:06.632 [AsyncHttpClient-1-8] DEBUG org.asynchttpclient.netty.handler.HttpHandler - 

Request DefaultHttpRequest(decodeResult: success, version: HTTP/1.1)
POST /session/de1a4aa91c8a5e1b9ea9de6e314de9c4/execute/sync HTTP/1.1
User-Agent: selenium/4.4.0 (java windows)
Content-Length: 176
Content-Type: application/json; charset=utf-8
host: localhost:52224
accept: */*

Response DefaultHttpResponse(decodeResult: success, version: HTTP/1.1)
HTTP/1.1 200 OK
Content-Type: application/json; charset=utf-8
cache-control: no-cache
content-length: 57699

18:01:06.632 [AsyncHttpClient-1-8] DEBUG org.asynchttpclient.netty.channel.ChannelManager - Adding key: http://localhost:52224 for channel [id: 0xaf05ad24, L:/127.0.0.1:59262 - R:localhost/127.0.0.1:52224]
18:01:06.635 [Forwarding getCurrentUrl on session de1a4aa91c8a5e1b9ea9de6e314de9c4 to remote] DEBUG org.asynchttpclient.netty.request.NettyRequestSender - Using pooled Channel '[id: 0xaf05ad24, L:/127.0.0.1:59262 - R:localhost/127.0.0.1:52224]' for 'GET' to 'http://localhost:52224/session/de1a4aa91c8a5e1b9ea9de6e314de9c4/url'
18:01:06.635 [Forwarding getCurrentUrl on session de1a4aa91c8a5e1b9ea9de6e314de9c4 to remote] DEBUG org.asynchttpclient.netty.request.NettyRequestSender - Using open Channel [id: 0xaf05ad24, L:/127.0.0.1:59262 - R:localhost/127.0.0.1:52224] for GET '/session/de1a4aa91c8a5e1b9ea9de6e314de9c4/url'
18:01:06.638 [AsyncHttpClient-1-8] DEBUG org.asynchttpclient.netty.handler.HttpHandler - 

Request DefaultFullHttpRequest(decodeResult: success, version: HTTP/1.1, content: EmptyByteBufBE)
GET /session/de1a4aa91c8a5e1b9ea9de6e314de9c4/url HTTP/1.1
User-Agent: selenium/4.4.0 (java windows)
Cache-Control: no-cache
Content-Type: application/json; charset=utf-8
host: localhost:52224
accept: */*

Response DefaultHttpResponse(decodeResult: success, version: HTTP/1.1)
HTTP/1.1 200 OK
Content-Type: application/json; charset=utf-8
cache-control: no-cache
content-length: 48

18:01:06.638 [AsyncHttpClient-1-8] DEBUG org.asynchttpclient.netty.channel.ChannelManager - Adding key: http://localhost:52224 for channel [id: 0xaf05ad24, L:/127.0.0.1:59262 - R:localhost/127.0.0.1:52224]
18:01:06.861 [AsyncHttpClient-1-1] DEBUG org.asynchttpclient.netty.channel.DefaultChannelPool - Entry count for : http://localhost:59263 : 1
18:01:06.861 [AsyncHttpClient-1-1] DEBUG org.asynchttpclient.netty.channel.DefaultChannelPool - Entry count for : http://localhost:52224 : 1
18:01:07.962 [AsyncHttpClient-1-1] DEBUG org.asynchttpclient.netty.channel.DefaultChannelPool - Entry count for : http://localhost:59263 : 1
18:01:07.962 [AsyncHttpClient-1-1] DEBUG org.asynchttpclient.netty.channel.DefaultChannelPool - Entry count for : http://localhost:52224 : 1
18:01:09.062 [AsyncHttpClient-1-1] DEBUG org.asynchttpclient.netty.channel.DefaultChannelPool - Entry count for : http://localhost:59263 : 1
18:01:09.062 [AsyncHttpClient-1-1] DEBUG org.asynchttpclient.netty.channel.DefaultChannelPool - Entry count for : http://localhost:52224 : 1
18:01:09.646 [Forwarding getCurrentWindowHandle on session de1a4aa91c8a5e1b9ea9de6e314de9c4 to remote] DEBUG org.asynchttpclient.netty.request.NettyRequestSender - Using pooled Channel '[id: 0xaf05ad24, L:/127.0.0.1:59262 - R:localhost/127.0.0.1:52224]' for 'GET' to 'http://localhost:52224/session/de1a4aa91c8a5e1b9ea9de6e314de9c4/window'
18:01:09.646 [Forwarding getCurrentWindowHandle on session de1a4aa91c8a5e1b9ea9de6e314de9c4 to remote] DEBUG org.asynchttpclient.netty.request.NettyRequestSender - Using open Channel [id: 0xaf05ad24, L:/127.0.0.1:59262 - R:localhost/127.0.0.1:52224] for GET '/session/de1a4aa91c8a5e1b9ea9de6e314de9c4/window'
18:01:09.647 [AsyncHttpClient-1-8] DEBUG org.asynchttpclient.netty.handler.HttpHandler - 

Request DefaultFullHttpRequest(decodeResult: success, version: HTTP/1.1, content: EmptyByteBufBE)
GET /session/de1a4aa91c8a5e1b9ea9de6e314de9c4/window HTTP/1.1
User-Agent: selenium/4.4.0 (java windows)
Cache-Control: no-cache
Content-Type: application/json; charset=utf-8
host: localhost:52224
accept: */*

Response DefaultHttpResponse(decodeResult: success, version: HTTP/1.1)
HTTP/1.1 200 OK
Content-Type: application/json; charset=utf-8
cache-control: no-cache
content-length: 53

18:01:09.647 [AsyncHttpClient-1-8] DEBUG org.asynchttpclient.netty.channel.ChannelManager - Adding key: http://localhost:52224 for channel [id: 0xaf05ad24, L:/127.0.0.1:59262 - R:localhost/127.0.0.1:52224]
18:01:09.647 [Forwarding getAlertText on session de1a4aa91c8a5e1b9ea9de6e314de9c4 to remote] DEBUG org.asynchttpclient.netty.request.NettyRequestSender - Using pooled Channel '[id: 0xaf05ad24, L:/127.0.0.1:59262 - R:localhost/127.0.0.1:52224]' for 'GET' to 'http://localhost:52224/session/de1a4aa91c8a5e1b9ea9de6e314de9c4/alert/text'
18:01:09.647 [Forwarding getAlertText on session de1a4aa91c8a5e1b9ea9de6e314de9c4 to remote] DEBUG org.asynchttpclient.netty.request.NettyRequestSender - Using open Channel [id: 0xaf05ad24, L:/127.0.0.1:59262 - R:localhost/127.0.0.1:52224] for GET '/session/de1a4aa91c8a5e1b9ea9de6e314de9c4/alert/text'
18:01:09.649 [AsyncHttpClient-1-8] DEBUG org.asynchttpclient.netty.handler.HttpHandler - 

Request DefaultFullHttpRequest(decodeResult: success, version: HTTP/1.1, content: EmptyByteBufBE)
GET /session/de1a4aa91c8a5e1b9ea9de6e314de9c4/alert/text HTTP/1.1
User-Agent: selenium/4.4.0 (java windows)
Cache-Control: no-cache
Content-Type: application/json; charset=utf-8
host: localhost:52224
accept: */*

Response DefaultHttpResponse(decodeResult: success, version: HTTP/1.1)
HTTP/1.1 404 Not Found
Content-Type: application/json; charset=utf-8
cache-control: no-cache
content-length: 835

18:01:09.649 [AsyncHttpClient-1-8] DEBUG org.asynchttpclient.netty.channel.ChannelManager - Adding key: http://localhost:52224 for channel [id: 0xaf05ad24, L:/127.0.0.1:59262 - R:localhost/127.0.0.1:52224]
18:01:09.650 [Forwarding switchToWindow on session de1a4aa91c8a5e1b9ea9de6e314de9c4 to remote] DEBUG org.asynchttpclient.netty.request.NettyRequestSender - Using pooled Channel '[id: 0xaf05ad24, L:/127.0.0.1:59262 - R:localhost/127.0.0.1:52224]' for 'POST' to 'http://localhost:52224/session/de1a4aa91c8a5e1b9ea9de6e314de9c4/window'
18:01:09.650 [Forwarding switchToWindow on session de1a4aa91c8a5e1b9ea9de6e314de9c4 to remote] DEBUG org.asynchttpclient.netty.request.NettyRequestSender - Using open Channel [id: 0xaf05ad24, L:/127.0.0.1:59262 - R:localhost/127.0.0.1:52224] for POST '/session/de1a4aa91c8a5e1b9ea9de6e314de9c4/window'
18:01:09.652 [AsyncHttpClient-1-8] DEBUG org.asynchttpclient.netty.handler.HttpHandler - 

Request DefaultHttpRequest(decodeResult: success, version: HTTP/1.1)
POST /session/de1a4aa91c8a5e1b9ea9de6e314de9c4/window HTTP/1.1
User-Agent: selenium/4.4.0 (java windows)
Content-Length: 59
Content-Type: application/json; charset=utf-8
host: localhost:52224
accept: */*

Response DefaultHttpResponse(decodeResult: success, version: HTTP/1.1)
HTTP/1.1 200 OK
Content-Type: application/json; charset=utf-8
cache-control: no-cache
content-length: 14

18:01:09.652 [AsyncHttpClient-1-8] DEBUG org.asynchttpclient.netty.channel.ChannelManager - Adding key: http://localhost:52224 for channel [id: 0xaf05ad24, L:/127.0.0.1:59262 - R:localhost/127.0.0.1:52224]
18:01:09.652 [Forwarding getCurrentUrl on session de1a4aa91c8a5e1b9ea9de6e314de9c4 to remote] DEBUG org.asynchttpclient.netty.request.NettyRequestSender - Using pooled Channel '[id: 0xaf05ad24, L:/127.0.0.1:59262 - R:localhost/127.0.0.1:52224]' for 'GET' to 'http://localhost:52224/session/de1a4aa91c8a5e1b9ea9de6e314de9c4/url'
18:01:09.652 [Forwarding getCurrentUrl on session de1a4aa91c8a5e1b9ea9de6e314de9c4 to remote] DEBUG org.asynchttpclient.netty.request.NettyRequestSender - Using open Channel [id: 0xaf05ad24, L:/127.0.0.1:59262 - R:localhost/127.0.0.1:52224] for GET '/session/de1a4aa91c8a5e1b9ea9de6e314de9c4/url'
18:01:09.654 [AsyncHttpClient-1-8] DEBUG org.asynchttpclient.netty.handler.HttpHandler - 

Request DefaultFullHttpRequest(decodeResult: success, version: HTTP/1.1, content: EmptyByteBufBE)
GET /session/de1a4aa91c8a5e1b9ea9de6e314de9c4/url HTTP/1.1
User-Agent: selenium/4.4.0 (java windows)
Cache-Control: no-cache
Content-Type: application/json; charset=utf-8
host: localhost:52224
accept: */*

Response DefaultHttpResponse(decodeResult: success, version: HTTP/1.1)
HTTP/1.1 200 OK
Content-Type: application/json; charset=utf-8
cache-control: no-cache
content-length: 48

18:01:09.654 [AsyncHttpClient-1-8] DEBUG org.asynchttpclient.netty.channel.ChannelManager - Adding key: http://localhost:52224 for channel [id: 0xaf05ad24, L:/127.0.0.1:59262 - R:localhost/127.0.0.1:52224]
18:01:09.655 [Forwarding screenshot on session de1a4aa91c8a5e1b9ea9de6e314de9c4 to remote] DEBUG org.asynchttpclient.netty.request.NettyRequestSender - Using pooled Channel '[id: 0xaf05ad24, L:/127.0.0.1:59262 - R:localhost/127.0.0.1:52224]' for 'GET' to 'http://localhost:52224/session/de1a4aa91c8a5e1b9ea9de6e314de9c4/screenshot'
18:01:09.655 [Forwarding screenshot on session de1a4aa91c8a5e1b9ea9de6e314de9c4 to remote] DEBUG org.asynchttpclient.netty.request.NettyRequestSender - Using open Channel [id: 0xaf05ad24, L:/127.0.0.1:59262 - R:localhost/127.0.0.1:52224] for GET '/session/de1a4aa91c8a5e1b9ea9de6e314de9c4/screenshot'
18:01:09.775 [AsyncHttpClient-1-8] DEBUG org.asynchttpclient.netty.handler.HttpHandler - 

Request DefaultFullHttpRequest(decodeResult: success, version: HTTP/1.1, content: EmptyByteBufBE)
GET /session/de1a4aa91c8a5e1b9ea9de6e314de9c4/screenshot HTTP/1.1
User-Agent: selenium/4.4.0 (java windows)
Cache-Control: no-cache
Content-Type: application/json; charset=utf-8
host: localhost:52224
accept: */*

Response DefaultHttpResponse(decodeResult: success, version: HTTP/1.1)
HTTP/1.1 200 OK
Content-Type: application/json; charset=utf-8
cache-control: no-cache
content-length: 363112

18:01:09.776 [AsyncHttpClient-1-8] DEBUG org.asynchttpclient.netty.channel.ChannelManager - Adding key: http://localhost:52224 for channel [id: 0xaf05ad24, L:/127.0.0.1:59262 - R:localhost/127.0.0.1:52224]
18:01:09.781 [main] DEBUG net.serenitybdd.core.photography.Darkroom - Send negative for processing for target\site\serenity\2c99ae1519d7df7dd00fd93499b602436e0575c996633c1befda1825970510c5.png
18:01:09.781 [Darkroom Processing Line] DEBUG net.serenitybdd.core.photography.DarkroomProcessingLine - Processing screenshot image in /var/screenshots/screenshot-15557463733579825909
18:01:09.781 [Darkroom Processing Line] DEBUG net.serenitybdd.core.photography.DarkroomProcessingLine - Saving screenshot to target\site\serenity\2c99ae1519d7df7dd00fd93499b602436e0575c996633c1befda1825970510c5.png
18:01:09.782 [Forwarding getPageSource on session de1a4aa91c8a5e1b9ea9de6e314de9c4 to remote] DEBUG org.asynchttpclient.netty.request.NettyRequestSender - Using pooled Channel '[id: 0xaf05ad24, L:/127.0.0.1:59262 - R:localhost/127.0.0.1:52224]' for 'POST' to 'http://localhost:52224/session/de1a4aa91c8a5e1b9ea9de6e314de9c4/execute/sync'
18:01:09.782 [Forwarding getPageSource on session de1a4aa91c8a5e1b9ea9de6e314de9c4 to remote] DEBUG org.asynchttpclient.netty.request.NettyRequestSender - Using open Channel [id: 0xaf05ad24, L:/127.0.0.1:59262 - R:localhost/127.0.0.1:52224] for POST '/session/de1a4aa91c8a5e1b9ea9de6e314de9c4/execute/sync'
18:01:09.791 [AsyncHttpClient-1-8] DEBUG org.asynchttpclient.netty.handler.HttpHandler - 

Request DefaultHttpRequest(decodeResult: success, version: HTTP/1.1)
POST /session/de1a4aa91c8a5e1b9ea9de6e314de9c4/execute/sync HTTP/1.1
User-Agent: selenium/4.4.0 (java windows)
Content-Length: 176
Content-Type: application/json; charset=utf-8
host: localhost:52224
accept: */*

Response DefaultHttpResponse(decodeResult: success, version: HTTP/1.1)
HTTP/1.1 200 OK
Content-Type: application/json; charset=utf-8
cache-control: no-cache
content-length: 57599

18:01:09.791 [AsyncHttpClient-1-8] DEBUG org.asynchttpclient.netty.channel.ChannelManager - Adding key: http://localhost:52224 for channel [id: 0xaf05ad24, L:/127.0.0.1:59262 - R:localhost/127.0.0.1:52224]
18:01:09.795 [Forwarding getCurrentUrl on session de1a4aa91c8a5e1b9ea9de6e314de9c4 to remote] DEBUG org.asynchttpclient.netty.request.NettyRequestSender - Using pooled Channel '[id: 0xaf05ad24, L:/127.0.0.1:59262 - R:localhost/127.0.0.1:52224]' for 'GET' to 'http://localhost:52224/session/de1a4aa91c8a5e1b9ea9de6e314de9c4/url'
18:01:09.795 [Forwarding getCurrentUrl on session de1a4aa91c8a5e1b9ea9de6e314de9c4 to remote] DEBUG org.asynchttpclient.netty.request.NettyRequestSender - Using open Channel [id: 0xaf05ad24, L:/127.0.0.1:59262 - R:localhost/127.0.0.1:52224] for GET '/session/de1a4aa91c8a5e1b9ea9de6e314de9c4/url'
18:01:09.798 [AsyncHttpClient-1-8] DEBUG org.asynchttpclient.netty.handler.HttpHandler - 

Request DefaultFullHttpRequest(decodeResult: success, version: HTTP/1.1, content: EmptyByteBufBE)
GET /session/de1a4aa91c8a5e1b9ea9de6e314de9c4/url HTTP/1.1
User-Agent: selenium/4.4.0 (java windows)
Cache-Control: no-cache
Content-Type: application/json; charset=utf-8
host: localhost:52224
accept: */*

Response DefaultHttpResponse(decodeResult: success, version: HTTP/1.1)
HTTP/1.1 200 OK
Content-Type: application/json; charset=utf-8
cache-control: no-cache
content-length: 48

18:01:09.798 [AsyncHttpClient-1-8] DEBUG org.asynchttpclient.netty.channel.ChannelManager - Adding key: http://localhost:52224 for channel [id: 0xaf05ad24, L:/127.0.0.1:59262 - R:localhost/127.0.0.1:52224]
18:01:09.800 [main] DEBUG net.thucydides.core.steps.StepInterceptor - STARTING STEP: ComprobarCestaStep.cliko_en_el_telefono - clicko en el telefono
18:01:09.801 [Forwarding findElement on session de1a4aa91c8a5e1b9ea9de6e314de9c4 to remote] DEBUG org.asynchttpclient.netty.request.NettyRequestSender - Using pooled Channel '[id: 0xaf05ad24, L:/127.0.0.1:59262 - R:localhost/127.0.0.1:52224]' for 'POST' to 'http://localhost:52224/session/de1a4aa91c8a5e1b9ea9de6e314de9c4/element'
18:01:09.801 [Forwarding findElement on session de1a4aa91c8a5e1b9ea9de6e314de9c4 to remote] DEBUG org.asynchttpclient.netty.request.NettyRequestSender - Using open Channel [id: 0xaf05ad24, L:/127.0.0.1:59262 - R:localhost/127.0.0.1:52224] for POST '/session/de1a4aa91c8a5e1b9ea9de6e314de9c4/element'
18:01:09.810 [AsyncHttpClient-1-8] DEBUG org.asynchttpclient.netty.handler.HttpHandler - 

Request DefaultHttpRequest(decodeResult: success, version: HTTP/1.1)
POST /session/de1a4aa91c8a5e1b9ea9de6e314de9c4/element HTTP/1.1
User-Agent: selenium/4.4.0 (java windows)
Content-Length: 79
Content-Type: application/json; charset=utf-8
host: localhost:52224
accept: */*

Response DefaultHttpResponse(decodeResult: success, version: HTTP/1.1)
HTTP/1.1 200 OK
Content-Type: application/json; charset=utf-8
cache-control: no-cache
content-length: 88

18:01:09.810 [AsyncHttpClient-1-8] DEBUG org.asynchttpclient.netty.channel.ChannelManager - Adding key: http://localhost:52224 for channel [id: 0xaf05ad24, L:/127.0.0.1:59262 - R:localhost/127.0.0.1:52224]
18:01:09.811 [Forwarding screenshot on session de1a4aa91c8a5e1b9ea9de6e314de9c4 to remote] DEBUG org.asynchttpclient.netty.request.NettyRequestSender - Using pooled Channel '[id: 0xaf05ad24, L:/127.0.0.1:59262 - R:localhost/127.0.0.1:52224]' for 'GET' to 'http://localhost:52224/session/de1a4aa91c8a5e1b9ea9de6e314de9c4/screenshot'
18:01:09.811 [Forwarding screenshot on session de1a4aa91c8a5e1b9ea9de6e314de9c4 to remote] DEBUG org.asynchttpclient.netty.request.NettyRequestSender - Using open Channel [id: 0xaf05ad24, L:/127.0.0.1:59262 - R:localhost/127.0.0.1:52224] for GET '/session/de1a4aa91c8a5e1b9ea9de6e314de9c4/screenshot'
18:01:09.929 [AsyncHttpClient-1-8] DEBUG org.asynchttpclient.netty.handler.HttpHandler - 

Request DefaultFullHttpRequest(decodeResult: success, version: HTTP/1.1, content: EmptyByteBufBE)
GET /session/de1a4aa91c8a5e1b9ea9de6e314de9c4/screenshot HTTP/1.1
User-Agent: selenium/4.4.0 (java windows)
Cache-Control: no-cache
Content-Type: application/json; charset=utf-8
host: localhost:52224
accept: */*

Response DefaultHttpResponse(decodeResult: success, version: HTTP/1.1)
HTTP/1.1 200 OK
Content-Type: application/json; charset=utf-8
cache-control: no-cache
content-length: 363112

18:01:09.930 [AsyncHttpClient-1-8] DEBUG org.asynchttpclient.netty.channel.ChannelManager - Adding key: http://localhost:52224 for channel [id: 0xaf05ad24, L:/127.0.0.1:59262 - R:localhost/127.0.0.1:52224]
18:01:09.941 [Forwarding isElementDisplayed on session de1a4aa91c8a5e1b9ea9de6e314de9c4 to remote] DEBUG org.asynchttpclient.netty.request.NettyRequestSender - Using pooled Channel '[id: 0xaf05ad24, L:/127.0.0.1:59262 - R:localhost/127.0.0.1:52224]' for 'POST' to 'http://localhost:52224/session/de1a4aa91c8a5e1b9ea9de6e314de9c4/execute/sync'
18:01:09.941 [Forwarding isElementDisplayed on session de1a4aa91c8a5e1b9ea9de6e314de9c4 to remote] DEBUG org.asynchttpclient.netty.request.NettyRequestSender - Using open Channel [id: 0xaf05ad24, L:/127.0.0.1:59262 - R:localhost/127.0.0.1:52224] for POST '/session/de1a4aa91c8a5e1b9ea9de6e314de9c4/execute/sync'
18:01:09.949 [AsyncHttpClient-1-8] DEBUG org.asynchttpclient.netty.handler.HttpHandler - 

Request DefaultHttpRequest(decodeResult: success, version: HTTP/1.1)
POST /session/de1a4aa91c8a5e1b9ea9de6e314de9c4/execute/sync HTTP/1.1
User-Agent: selenium/4.4.0 (java windows)
Content-Length: 48780
Content-Type: application/json; charset=utf-8
host: localhost:52224
accept: */*

Response DefaultHttpResponse(decodeResult: success, version: HTTP/1.1)
HTTP/1.1 200 OK
Content-Type: application/json; charset=utf-8
cache-control: no-cache
content-length: 14

18:01:09.949 [AsyncHttpClient-1-8] DEBUG org.asynchttpclient.netty.channel.ChannelManager - Adding key: http://localhost:52224 for channel [id: 0xaf05ad24, L:/127.0.0.1:59262 - R:localhost/127.0.0.1:52224]
18:01:09.949 [Forwarding isElementEnabled on session de1a4aa91c8a5e1b9ea9de6e314de9c4 to remote] DEBUG org.asynchttpclient.netty.request.NettyRequestSender - Using pooled Channel '[id: 0xaf05ad24, L:/127.0.0.1:59262 - R:localhost/127.0.0.1:52224]' for 'GET' to 'http://localhost:52224/session/de1a4aa91c8a5e1b9ea9de6e314de9c4/element/17b9ac8b-1670-404e-b9d5-788cb7d13a23/enabled'
18:01:09.949 [Forwarding isElementEnabled on session de1a4aa91c8a5e1b9ea9de6e314de9c4 to remote] DEBUG org.asynchttpclient.netty.request.NettyRequestSender - Using open Channel [id: 0xaf05ad24, L:/127.0.0.1:59262 - R:localhost/127.0.0.1:52224] for GET '/session/de1a4aa91c8a5e1b9ea9de6e314de9c4/element/17b9ac8b-1670-404e-b9d5-788cb7d13a23/enabled'
18:01:09.957 [AsyncHttpClient-1-8] DEBUG org.asynchttpclient.netty.handler.HttpHandler - 

Request DefaultFullHttpRequest(decodeResult: success, version: HTTP/1.1, content: EmptyByteBufBE)
GET /session/de1a4aa91c8a5e1b9ea9de6e314de9c4/element/17b9ac8b-1670-404e-b9d5-788cb7d13a23/enabled HTTP/1.1
User-Agent: selenium/4.4.0 (java windows)
Cache-Control: no-cache
Content-Type: application/json; charset=utf-8
host: localhost:52224
accept: */*

Response DefaultHttpResponse(decodeResult: success, version: HTTP/1.1)
HTTP/1.1 200 OK
Content-Type: application/json; charset=utf-8
cache-control: no-cache
content-length: 14

18:01:09.957 [AsyncHttpClient-1-8] DEBUG org.asynchttpclient.netty.channel.ChannelManager - Adding key: http://localhost:52224 for channel [id: 0xaf05ad24, L:/127.0.0.1:59262 - R:localhost/127.0.0.1:52224]
18:01:09.958 [Forwarding getElementTagName on session de1a4aa91c8a5e1b9ea9de6e314de9c4 to remote] DEBUG org.asynchttpclient.netty.request.NettyRequestSender - Using pooled Channel '[id: 0xaf05ad24, L:/127.0.0.1:59262 - R:localhost/127.0.0.1:52224]' for 'GET' to 'http://localhost:52224/session/de1a4aa91c8a5e1b9ea9de6e314de9c4/element/17b9ac8b-1670-404e-b9d5-788cb7d13a23/name'
18:01:09.958 [Forwarding getElementTagName on session de1a4aa91c8a5e1b9ea9de6e314de9c4 to remote] DEBUG org.asynchttpclient.netty.request.NettyRequestSender - Using open Channel [id: 0xaf05ad24, L:/127.0.0.1:59262 - R:localhost/127.0.0.1:52224] for GET '/session/de1a4aa91c8a5e1b9ea9de6e314de9c4/element/17b9ac8b-1670-404e-b9d5-788cb7d13a23/name'
18:01:09.963 [AsyncHttpClient-1-8] DEBUG org.asynchttpclient.netty.handler.HttpHandler - 

Request DefaultFullHttpRequest(decodeResult: success, version: HTTP/1.1, content: EmptyByteBufBE)
GET /session/de1a4aa91c8a5e1b9ea9de6e314de9c4/element/17b9ac8b-1670-404e-b9d5-788cb7d13a23/name HTTP/1.1
User-Agent: selenium/4.4.0 (java windows)
Cache-Control: no-cache
Content-Type: application/json; charset=utf-8
host: localhost:52224
accept: */*

Response DefaultHttpResponse(decodeResult: success, version: HTTP/1.1)
HTTP/1.1 200 OK
Content-Type: application/json; charset=utf-8
cache-control: no-cache
content-length: 13

18:01:09.963 [AsyncHttpClient-1-8] DEBUG org.asynchttpclient.netty.channel.ChannelManager - Adding key: http://localhost:52224 for channel [id: 0xaf05ad24, L:/127.0.0.1:59262 - R:localhost/127.0.0.1:52224]
18:01:09.964 [Forwarding getElementTagName on session de1a4aa91c8a5e1b9ea9de6e314de9c4 to remote] DEBUG org.asynchttpclient.netty.request.NettyRequestSender - Using pooled Channel '[id: 0xaf05ad24, L:/127.0.0.1:59262 - R:localhost/127.0.0.1:52224]' for 'GET' to 'http://localhost:52224/session/de1a4aa91c8a5e1b9ea9de6e314de9c4/element/17b9ac8b-1670-404e-b9d5-788cb7d13a23/name'
18:01:09.964 [Forwarding getElementTagName on session de1a4aa91c8a5e1b9ea9de6e314de9c4 to remote] DEBUG org.asynchttpclient.netty.request.NettyRequestSender - Using open Channel [id: 0xaf05ad24, L:/127.0.0.1:59262 - R:localhost/127.0.0.1:52224] for GET '/session/de1a4aa91c8a5e1b9ea9de6e314de9c4/element/17b9ac8b-1670-404e-b9d5-788cb7d13a23/name'
18:01:09.966 [AsyncHttpClient-1-8] DEBUG org.asynchttpclient.netty.handler.HttpHandler - 

Request DefaultFullHttpRequest(decodeResult: success, version: HTTP/1.1, content: EmptyByteBufBE)
GET /session/de1a4aa91c8a5e1b9ea9de6e314de9c4/element/17b9ac8b-1670-404e-b9d5-788cb7d13a23/name HTTP/1.1
User-Agent: selenium/4.4.0 (java windows)
Cache-Control: no-cache
Content-Type: application/json; charset=utf-8
host: localhost:52224
accept: */*

Response DefaultHttpResponse(decodeResult: success, version: HTTP/1.1)
HTTP/1.1 200 OK
Content-Type: application/json; charset=utf-8
cache-control: no-cache
content-length: 13

18:01:09.966 [AsyncHttpClient-1-8] DEBUG org.asynchttpclient.netty.channel.ChannelManager - Adding key: http://localhost:52224 for channel [id: 0xaf05ad24, L:/127.0.0.1:59262 - R:localhost/127.0.0.1:52224]
18:01:09.967 [Forwarding clickElement on session de1a4aa91c8a5e1b9ea9de6e314de9c4 to remote] DEBUG org.asynchttpclient.netty.request.NettyRequestSender - Using pooled Channel '[id: 0xaf05ad24, L:/127.0.0.1:59262 - R:localhost/127.0.0.1:52224]' for 'POST' to 'http://localhost:52224/session/de1a4aa91c8a5e1b9ea9de6e314de9c4/element/17b9ac8b-1670-404e-b9d5-788cb7d13a23/click'
18:01:09.967 [Forwarding clickElement on session de1a4aa91c8a5e1b9ea9de6e314de9c4 to remote] DEBUG org.asynchttpclient.netty.request.NettyRequestSender - Using open Channel [id: 0xaf05ad24, L:/127.0.0.1:59262 - R:localhost/127.0.0.1:52224] for POST '/session/de1a4aa91c8a5e1b9ea9de6e314de9c4/element/17b9ac8b-1670-404e-b9d5-788cb7d13a23/click'
18:01:10.161 [AsyncHttpClient-1-1] DEBUG org.asynchttpclient.netty.channel.DefaultChannelPool - Entry count for : http://localhost:59263 : 1
18:01:10.372 [AsyncHttpClient-1-8] DEBUG org.asynchttpclient.netty.handler.HttpHandler - 

Request DefaultHttpRequest(decodeResult: success, version: HTTP/1.1)
POST /session/de1a4aa91c8a5e1b9ea9de6e314de9c4/element/17b9ac8b-1670-404e-b9d5-788cb7d13a23/click HTTP/1.1
User-Agent: selenium/4.4.0 (java windows)
Content-Length: 50
Content-Type: application/json; charset=utf-8
host: localhost:52224
accept: */*

Response DefaultHttpResponse(decodeResult: success, version: HTTP/1.1)
HTTP/1.1 200 OK
Content-Type: application/json; charset=utf-8
cache-control: no-cache
content-length: 14

18:01:10.372 [AsyncHttpClient-1-8] DEBUG org.asynchttpclient.netty.channel.ChannelManager - Adding key: http://localhost:52224 for channel [id: 0xaf05ad24, L:/127.0.0.1:59262 - R:localhost/127.0.0.1:52224]
18:01:10.376 [Forwarding getCurrentWindowHandle on session de1a4aa91c8a5e1b9ea9de6e314de9c4 to remote] DEBUG org.asynchttpclient.netty.request.NettyRequestSender - Using pooled Channel '[id: 0xaf05ad24, L:/127.0.0.1:59262 - R:localhost/127.0.0.1:52224]' for 'GET' to 'http://localhost:52224/session/de1a4aa91c8a5e1b9ea9de6e314de9c4/window'
18:01:10.376 [Forwarding getCurrentWindowHandle on session de1a4aa91c8a5e1b9ea9de6e314de9c4 to remote] DEBUG org.asynchttpclient.netty.request.NettyRequestSender - Using open Channel [id: 0xaf05ad24, L:/127.0.0.1:59262 - R:localhost/127.0.0.1:52224] for GET '/session/de1a4aa91c8a5e1b9ea9de6e314de9c4/window'
18:01:10.376 [AsyncHttpClient-1-8] DEBUG org.asynchttpclient.netty.handler.HttpHandler - 

Request DefaultFullHttpRequest(decodeResult: success, version: HTTP/1.1, content: EmptyByteBufBE)
GET /session/de1a4aa91c8a5e1b9ea9de6e314de9c4/window HTTP/1.1
User-Agent: selenium/4.4.0 (java windows)
Cache-Control: no-cache
Content-Type: application/json; charset=utf-8
host: localhost:52224
accept: */*

Response DefaultHttpResponse(decodeResult: success, version: HTTP/1.1)
HTTP/1.1 200 OK
Content-Type: application/json; charset=utf-8
cache-control: no-cache
content-length: 53

18:01:10.376 [AsyncHttpClient-1-8] DEBUG org.asynchttpclient.netty.channel.ChannelManager - Adding key: http://localhost:52224 for channel [id: 0xaf05ad24, L:/127.0.0.1:59262 - R:localhost/127.0.0.1:52224]
18:01:10.377 [Forwarding getAlertText on session de1a4aa91c8a5e1b9ea9de6e314de9c4 to remote] DEBUG org.asynchttpclient.netty.request.NettyRequestSender - Using pooled Channel '[id: 0xaf05ad24, L:/127.0.0.1:59262 - R:localhost/127.0.0.1:52224]' for 'GET' to 'http://localhost:52224/session/de1a4aa91c8a5e1b9ea9de6e314de9c4/alert/text'
18:01:10.377 [Forwarding getAlertText on session de1a4aa91c8a5e1b9ea9de6e314de9c4 to remote] DEBUG org.asynchttpclient.netty.request.NettyRequestSender - Using open Channel [id: 0xaf05ad24, L:/127.0.0.1:59262 - R:localhost/127.0.0.1:52224] for GET '/session/de1a4aa91c8a5e1b9ea9de6e314de9c4/alert/text'
18:01:10.382 [AsyncHttpClient-1-8] DEBUG org.asynchttpclient.netty.handler.HttpHandler - 

Request DefaultFullHttpRequest(decodeResult: success, version: HTTP/1.1, content: EmptyByteBufBE)
GET /session/de1a4aa91c8a5e1b9ea9de6e314de9c4/alert/text HTTP/1.1
User-Agent: selenium/4.4.0 (java windows)
Cache-Control: no-cache
Content-Type: application/json; charset=utf-8
host: localhost:52224
accept: */*

Response DefaultHttpResponse(decodeResult: success, version: HTTP/1.1)
HTTP/1.1 404 Not Found
Content-Type: application/json; charset=utf-8
cache-control: no-cache
content-length: 835

18:01:10.382 [AsyncHttpClient-1-8] DEBUG org.asynchttpclient.netty.channel.ChannelManager - Adding key: http://localhost:52224 for channel [id: 0xaf05ad24, L:/127.0.0.1:59262 - R:localhost/127.0.0.1:52224]
18:01:10.383 [Forwarding switchToWindow on session de1a4aa91c8a5e1b9ea9de6e314de9c4 to remote] DEBUG org.asynchttpclient.netty.request.NettyRequestSender - Using pooled Channel '[id: 0xaf05ad24, L:/127.0.0.1:59262 - R:localhost/127.0.0.1:52224]' for 'POST' to 'http://localhost:52224/session/de1a4aa91c8a5e1b9ea9de6e314de9c4/window'
18:01:10.383 [Forwarding switchToWindow on session de1a4aa91c8a5e1b9ea9de6e314de9c4 to remote] DEBUG org.asynchttpclient.netty.request.NettyRequestSender - Using open Channel [id: 0xaf05ad24, L:/127.0.0.1:59262 - R:localhost/127.0.0.1:52224] for POST '/session/de1a4aa91c8a5e1b9ea9de6e314de9c4/window'
18:01:10.384 [AsyncHttpClient-1-8] DEBUG org.asynchttpclient.netty.handler.HttpHandler - 

Request DefaultHttpRequest(decodeResult: success, version: HTTP/1.1)
POST /session/de1a4aa91c8a5e1b9ea9de6e314de9c4/window HTTP/1.1
User-Agent: selenium/4.4.0 (java windows)
Content-Length: 59
Content-Type: application/json; charset=utf-8
host: localhost:52224
accept: */*

Response DefaultHttpResponse(decodeResult: success, version: HTTP/1.1)
HTTP/1.1 200 OK
Content-Type: application/json; charset=utf-8
cache-control: no-cache
content-length: 14

18:01:10.384 [AsyncHttpClient-1-8] DEBUG org.asynchttpclient.netty.channel.ChannelManager - Adding key: http://localhost:52224 for channel [id: 0xaf05ad24, L:/127.0.0.1:59262 - R:localhost/127.0.0.1:52224]
18:01:10.385 [Forwarding getCurrentUrl on session de1a4aa91c8a5e1b9ea9de6e314de9c4 to remote] DEBUG org.asynchttpclient.netty.request.NettyRequestSender - Using pooled Channel '[id: 0xaf05ad24, L:/127.0.0.1:59262 - R:localhost/127.0.0.1:52224]' for 'GET' to 'http://localhost:52224/session/de1a4aa91c8a5e1b9ea9de6e314de9c4/url'
18:01:10.385 [Forwarding getCurrentUrl on session de1a4aa91c8a5e1b9ea9de6e314de9c4 to remote] DEBUG org.asynchttpclient.netty.request.NettyRequestSender - Using open Channel [id: 0xaf05ad24, L:/127.0.0.1:59262 - R:localhost/127.0.0.1:52224] for GET '/session/de1a4aa91c8a5e1b9ea9de6e314de9c4/url'
18:01:10.395 [AsyncHttpClient-1-8] DEBUG org.asynchttpclient.netty.handler.HttpHandler - 

Request DefaultFullHttpRequest(decodeResult: success, version: HTTP/1.1, content: EmptyByteBufBE)
GET /session/de1a4aa91c8a5e1b9ea9de6e314de9c4/url HTTP/1.1
User-Agent: selenium/4.4.0 (java windows)
Cache-Control: no-cache
Content-Type: application/json; charset=utf-8
host: localhost:52224
accept: */*

Response DefaultHttpResponse(decodeResult: success, version: HTTP/1.1)
HTTP/1.1 200 OK
Content-Type: application/json; charset=utf-8
cache-control: no-cache
content-length: 54

18:01:10.395 [AsyncHttpClient-1-8] DEBUG org.asynchttpclient.netty.channel.ChannelManager - Adding key: http://localhost:52224 for channel [id: 0xaf05ad24, L:/127.0.0.1:59262 - R:localhost/127.0.0.1:52224]
18:01:10.396 [Forwarding screenshot on session de1a4aa91c8a5e1b9ea9de6e314de9c4 to remote] DEBUG org.asynchttpclient.netty.request.NettyRequestSender - Using pooled Channel '[id: 0xaf05ad24, L:/127.0.0.1:59262 - R:localhost/127.0.0.1:52224]' for 'GET' to 'http://localhost:52224/session/de1a4aa91c8a5e1b9ea9de6e314de9c4/screenshot'
18:01:10.396 [Forwarding screenshot on session de1a4aa91c8a5e1b9ea9de6e314de9c4 to remote] DEBUG org.asynchttpclient.netty.request.NettyRequestSender - Using open Channel [id: 0xaf05ad24, L:/127.0.0.1:59262 - R:localhost/127.0.0.1:52224] for GET '/session/de1a4aa91c8a5e1b9ea9de6e314de9c4/screenshot'
18:01:10.526 [AsyncHttpClient-1-8] DEBUG org.asynchttpclient.netty.handler.HttpHandler - 

Request DefaultFullHttpRequest(decodeResult: success, version: HTTP/1.1, content: EmptyByteBufBE)
GET /session/de1a4aa91c8a5e1b9ea9de6e314de9c4/screenshot HTTP/1.1
User-Agent: selenium/4.4.0 (java windows)
Cache-Control: no-cache
Content-Type: application/json; charset=utf-8
host: localhost:52224
accept: */*

Response DefaultHttpResponse(decodeResult: success, version: HTTP/1.1)
HTTP/1.1 200 OK
Content-Type: application/json; charset=utf-8
cache-control: no-cache
content-length: 189740

18:01:10.527 [AsyncHttpClient-1-8] DEBUG org.asynchttpclient.netty.channel.ChannelManager - Adding key: http://localhost:52224 for channel [id: 0xaf05ad24, L:/127.0.0.1:59262 - R:localhost/127.0.0.1:52224]
18:01:10.530 [main] DEBUG net.serenitybdd.core.photography.Darkroom - Send negative for processing for target\site\serenity\fd6fef30c2fb4894779af9f197d5610f78038067199e5b8c0bbc4c4e033f1e2c.png
18:01:10.530 [main] DEBUG net.thucydides.core.steps.StepInterceptor - STEP DONE: clicko en el telefono
  &amp#27;[32mAnd &amp#27;[0m&amp#27;[32mcliko en el telefono&amp#27;[0m                                         &amp#27;[90m# Step.ComprobarCestaStep.cliko_en_el_telefono(io.cucumber.datatable.DataTable)&amp#27;[0m
    | telefono          |
    | Samsung galaxy s6 |
    | Nokia lumia 1520  |
    | Nexus 6           |
18:01:10.536 [Forwarding getPageSource on session de1a4aa91c8a5e1b9ea9de6e314de9c4 to remote] DEBUG org.asynchttpclient.netty.request.NettyRequestSender - Using pooled Channel '[id: 0xaf05ad24, L:/127.0.0.1:59262 - R:localhost/127.0.0.1:52224]' for 'POST' to 'http://localhost:52224/session/de1a4aa91c8a5e1b9ea9de6e314de9c4/execute/sync'
18:01:10.536 [Forwarding getPageSource on session de1a4aa91c8a5e1b9ea9de6e314de9c4 to remote] DEBUG org.asynchttpclient.netty.request.NettyRequestSender - Using open Channel [id: 0xaf05ad24, L:/127.0.0.1:59262 - R:localhost/127.0.0.1:52224] for POST '/session/de1a4aa91c8a5e1b9ea9de6e314de9c4/execute/sync'
18:01:10.543 [AsyncHttpClient-1-8] DEBUG org.asynchttpclient.netty.handler.HttpHandler - 

Request DefaultHttpRequest(decodeResult: success, version: HTTP/1.1)
POST /session/de1a4aa91c8a5e1b9ea9de6e314de9c4/execute/sync HTTP/1.1
User-Agent: selenium/4.4.0 (java windows)
Content-Length: 176
Content-Type: application/json; charset=utf-8
host: localhost:52224
accept: */*

Response DefaultHttpResponse(decodeResult: success, version: HTTP/1.1)
HTTP/1.1 200 OK
Content-Type: application/json; charset=utf-8
cache-control: no-cache
content-length: 53683

18:01:10.543 [AsyncHttpClient-1-8] DEBUG org.asynchttpclient.netty.channel.ChannelManager - Adding key: http://localhost:52224 for channel [id: 0xaf05ad24, L:/127.0.0.1:59262 - R:localhost/127.0.0.1:52224]
18:01:10.546 [Forwarding getCurrentUrl on session de1a4aa91c8a5e1b9ea9de6e314de9c4 to remote] DEBUG org.asynchttpclient.netty.request.NettyRequestSender - Using pooled Channel '[id: 0xaf05ad24, L:/127.0.0.1:59262 - R:localhost/127.0.0.1:52224]' for 'GET' to 'http://localhost:52224/session/de1a4aa91c8a5e1b9ea9de6e314de9c4/url'
18:01:10.546 [Forwarding getCurrentUrl on session de1a4aa91c8a5e1b9ea9de6e314de9c4 to remote] DEBUG org.asynchttpclient.netty.request.NettyRequestSender - Using open Channel [id: 0xaf05ad24, L:/127.0.0.1:59262 - R:localhost/127.0.0.1:52224] for GET '/session/de1a4aa91c8a5e1b9ea9de6e314de9c4/url'
18:01:10.549 [AsyncHttpClient-1-8] DEBUG org.asynchttpclient.netty.handler.HttpHandler - 

Request DefaultFullHttpRequest(decodeResult: success, version: HTTP/1.1, content: EmptyByteBufBE)
GET /session/de1a4aa91c8a5e1b9ea9de6e314de9c4/url HTTP/1.1
User-Agent: selenium/4.4.0 (java windows)
Cache-Control: no-cache
Content-Type: application/json; charset=utf-8
host: localhost:52224
accept: */*

Response DefaultHttpResponse(decodeResult: success, version: HTTP/1.1)
HTTP/1.1 200 OK
Content-Type: application/json; charset=utf-8
cache-control: no-cache
content-length: 54

18:01:10.549 [AsyncHttpClient-1-8] DEBUG org.asynchttpclient.netty.channel.ChannelManager - Adding key: http://localhost:52224 for channel [id: 0xaf05ad24, L:/127.0.0.1:59262 - R:localhost/127.0.0.1:52224]
18:01:10.553 [Forwarding findElement on session de1a4aa91c8a5e1b9ea9de6e314de9c4 to remote] DEBUG org.asynchttpclient.netty.request.NettyRequestSender - Using pooled Channel '[id: 0xaf05ad24, L:/127.0.0.1:59262 - R:localhost/127.0.0.1:52224]' for 'POST' to 'http://localhost:52224/session/de1a4aa91c8a5e1b9ea9de6e314de9c4/element'
18:01:10.553 [Forwarding findElement on session de1a4aa91c8a5e1b9ea9de6e314de9c4 to remote] DEBUG org.asynchttpclient.netty.request.NettyRequestSender - Using open Channel [id: 0xaf05ad24, L:/127.0.0.1:59262 - R:localhost/127.0.0.1:52224] for POST '/session/de1a4aa91c8a5e1b9ea9de6e314de9c4/element'
18:01:10.744 [AsyncHttpClient-1-8] DEBUG org.asynchttpclient.netty.handler.HttpHandler - 

Request DefaultHttpRequest(decodeResult: success, version: HTTP/1.1)
POST /session/de1a4aa91c8a5e1b9ea9de6e314de9c4/element HTTP/1.1
User-Agent: selenium/4.4.0 (java windows)
Content-Length: 83
Content-Type: application/json; charset=utf-8
host: localhost:52224
accept: */*

Response DefaultHttpResponse(decodeResult: success, version: HTTP/1.1)
HTTP/1.1 200 OK
Content-Type: application/json; charset=utf-8
cache-control: no-cache
content-length: 88

18:01:10.744 [AsyncHttpClient-1-8] DEBUG org.asynchttpclient.netty.channel.ChannelManager - Adding key: http://localhost:52224 for channel [id: 0xaf05ad24, L:/127.0.0.1:59262 - R:localhost/127.0.0.1:52224]
18:01:10.746 [Forwarding isElementDisplayed on session de1a4aa91c8a5e1b9ea9de6e314de9c4 to remote] DEBUG org.asynchttpclient.netty.request.NettyRequestSender - Using pooled Channel '[id: 0xaf05ad24, L:/127.0.0.1:59262 - R:localhost/127.0.0.1:52224]' for 'POST' to 'http://localhost:52224/session/de1a4aa91c8a5e1b9ea9de6e314de9c4/execute/sync'
18:01:10.746 [Forwarding isElementDisplayed on session de1a4aa91c8a5e1b9ea9de6e314de9c4 to remote] DEBUG org.asynchttpclient.netty.request.NettyRequestSender - Using open Channel [id: 0xaf05ad24, L:/127.0.0.1:59262 - R:localhost/127.0.0.1:52224] for POST '/session/de1a4aa91c8a5e1b9ea9de6e314de9c4/execute/sync'
18:01:10.752 [AsyncHttpClient-1-8] DEBUG org.asynchttpclient.netty.handler.HttpHandler - 

Request DefaultHttpRequest(decodeResult: success, version: HTTP/1.1)
POST /session/de1a4aa91c8a5e1b9ea9de6e314de9c4/execute/sync HTTP/1.1
User-Agent: selenium/4.4.0 (java windows)
Content-Length: 48780
Content-Type: application/json; charset=utf-8
host: localhost:52224
accept: */*

Response DefaultHttpResponse(decodeResult: success, version: HTTP/1.1)
HTTP/1.1 200 OK
Content-Type: application/json; charset=utf-8
cache-control: no-cache
content-length: 14

18:01:10.753 [AsyncHttpClient-1-8] DEBUG org.asynchttpclient.netty.channel.ChannelManager - Adding key: http://localhost:52224 for channel [id: 0xaf05ad24, L:/127.0.0.1:59262 - R:localhost/127.0.0.1:52224]
18:01:10.754 [Forwarding clickElement on session de1a4aa91c8a5e1b9ea9de6e314de9c4 to remote] DEBUG org.asynchttpclient.netty.request.NettyRequestSender - Using pooled Channel '[id: 0xaf05ad24, L:/127.0.0.1:59262 - R:localhost/127.0.0.1:52224]' for 'POST' to 'http://localhost:52224/session/de1a4aa91c8a5e1b9ea9de6e314de9c4/element/b6547eda-fec0-45b8-abe0-6d8fd783cad2/click'
18:01:10.754 [Forwarding clickElement on session de1a4aa91c8a5e1b9ea9de6e314de9c4 to remote] DEBUG org.asynchttpclient.netty.request.NettyRequestSender - Using open Channel [id: 0xaf05ad24, L:/127.0.0.1:59262 - R:localhost/127.0.0.1:52224] for POST '/session/de1a4aa91c8a5e1b9ea9de6e314de9c4/element/b6547eda-fec0-45b8-abe0-6d8fd783cad2/click'
18:01:10.805 [AsyncHttpClient-1-8] DEBUG org.asynchttpclient.netty.handler.HttpHandler - 

Request DefaultHttpRequest(decodeResult: success, version: HTTP/1.1)
POST /session/de1a4aa91c8a5e1b9ea9de6e314de9c4/element/b6547eda-fec0-45b8-abe0-6d8fd783cad2/click HTTP/1.1
User-Agent: selenium/4.4.0 (java windows)
Content-Length: 50
Content-Type: application/json; charset=utf-8
host: localhost:52224
accept: */*

Response DefaultHttpResponse(decodeResult: success, version: HTTP/1.1)
HTTP/1.1 200 OK
Content-Type: application/json; charset=utf-8
cache-control: no-cache
content-length: 14

18:01:10.805 [AsyncHttpClient-1-8] DEBUG org.asynchttpclient.netty.channel.ChannelManager - Adding key: http://localhost:52224 for channel [id: 0xaf05ad24, L:/127.0.0.1:59262 - R:localhost/127.0.0.1:52224]
18:01:10.806 [Forwarding getAlertText on session de1a4aa91c8a5e1b9ea9de6e314de9c4 to remote] DEBUG org.asynchttpclient.netty.request.NettyRequestSender - Using pooled Channel '[id: 0xaf05ad24, L:/127.0.0.1:59262 - R:localhost/127.0.0.1:52224]' for 'GET' to 'http://localhost:52224/session/de1a4aa91c8a5e1b9ea9de6e314de9c4/alert/text'
18:01:10.806 [Forwarding getAlertText on session de1a4aa91c8a5e1b9ea9de6e314de9c4 to remote] DEBUG org.asynchttpclient.netty.request.NettyRequestSender - Using open Channel [id: 0xaf05ad24, L:/127.0.0.1:59262 - R:localhost/127.0.0.1:52224] for GET '/session/de1a4aa91c8a5e1b9ea9de6e314de9c4/alert/text'
18:01:10.808 [AsyncHttpClient-1-8] DEBUG org.asynchttpclient.netty.handler.HttpHandler - 

Request DefaultFullHttpRequest(decodeResult: success, version: HTTP/1.1, content: EmptyByteBufBE)
GET /session/de1a4aa91c8a5e1b9ea9de6e314de9c4/alert/text HTTP/1.1
User-Agent: selenium/4.4.0 (java windows)
Cache-Control: no-cache
Content-Type: application/json; charset=utf-8
host: localhost:52224
accept: */*

Response DefaultHttpResponse(decodeResult: success, version: HTTP/1.1)
HTTP/1.1 404 Not Found
Content-Type: application/json; charset=utf-8
cache-control: no-cache
content-length: 835

18:01:10.809 [AsyncHttpClient-1-8] DEBUG org.asynchttpclient.netty.channel.ChannelManager - Adding key: http://localhost:52224 for channel [id: 0xaf05ad24, L:/127.0.0.1:59262 - R:localhost/127.0.0.1:52224]
18:01:11.261 [AsyncHttpClient-1-1] DEBUG org.asynchttpclient.netty.channel.DefaultChannelPool - Entry count for : http://localhost:59263 : 1
18:01:11.261 [AsyncHttpClient-1-1] DEBUG org.asynchttpclient.netty.channel.DefaultChannelPool - Entry count for : http://localhost:52224 : 1
18:01:11.313 [Forwarding getAlertText on session de1a4aa91c8a5e1b9ea9de6e314de9c4 to remote] DEBUG org.asynchttpclient.netty.request.NettyRequestSender - Using pooled Channel '[id: 0xaf05ad24, L:/127.0.0.1:59262 - R:localhost/127.0.0.1:52224]' for 'GET' to 'http://localhost:52224/session/de1a4aa91c8a5e1b9ea9de6e314de9c4/alert/text'
18:01:11.313 [Forwarding getAlertText on session de1a4aa91c8a5e1b9ea9de6e314de9c4 to remote] DEBUG org.asynchttpclient.netty.request.NettyRequestSender - Using open Channel [id: 0xaf05ad24, L:/127.0.0.1:59262 - R:localhost/127.0.0.1:52224] for GET '/session/de1a4aa91c8a5e1b9ea9de6e314de9c4/alert/text'
18:01:11.314 [AsyncHttpClient-1-8] DEBUG org.asynchttpclient.netty.handler.HttpHandler - 

Request DefaultFullHttpRequest(decodeResult: success, version: HTTP/1.1, content: EmptyByteBufBE)
GET /session/de1a4aa91c8a5e1b9ea9de6e314de9c4/alert/text HTTP/1.1
User-Agent: selenium/4.4.0 (java windows)
Cache-Control: no-cache
Content-Type: application/json; charset=utf-8
host: localhost:52224
accept: */*

Response DefaultHttpResponse(decodeResult: success, version: HTTP/1.1)
HTTP/1.1 200 OK
Content-Type: application/json; charset=utf-8
cache-control: no-cache
content-length: 26

18:01:11.314 [AsyncHttpClient-1-8] DEBUG org.asynchttpclient.netty.channel.ChannelManager - Adding key: http://localhost:52224 for channel [id: 0xaf05ad24, L:/127.0.0.1:59262 - R:localhost/127.0.0.1:52224]
18:01:11.315 [Forwarding getAlertText on session de1a4aa91c8a5e1b9ea9de6e314de9c4 to remote] DEBUG org.asynchttpclient.netty.request.NettyRequestSender - Using pooled Channel '[id: 0xaf05ad24, L:/127.0.0.1:59262 - R:localhost/127.0.0.1:52224]' for 'GET' to 'http://localhost:52224/session/de1a4aa91c8a5e1b9ea9de6e314de9c4/alert/text'
18:01:11.315 [Forwarding getAlertText on session de1a4aa91c8a5e1b9ea9de6e314de9c4 to remote] DEBUG org.asynchttpclient.netty.request.NettyRequestSender - Using open Channel [id: 0xaf05ad24, L:/127.0.0.1:59262 - R:localhost/127.0.0.1:52224] for GET '/session/de1a4aa91c8a5e1b9ea9de6e314de9c4/alert/text'
18:01:11.316 [AsyncHttpClient-1-8] DEBUG org.asynchttpclient.netty.handler.HttpHandler - 

Request DefaultFullHttpRequest(decodeResult: success, version: HTTP/1.1, content: EmptyByteBufBE)
GET /session/de1a4aa91c8a5e1b9ea9de6e314de9c4/alert/text HTTP/1.1
User-Agent: selenium/4.4.0 (java windows)
Cache-Control: no-cache
Content-Type: application/json; charset=utf-8
host: localhost:52224
accept: */*

Response DefaultHttpResponse(decodeResult: success, version: HTTP/1.1)
HTTP/1.1 200 OK
Content-Type: application/json; charset=utf-8
cache-control: no-cache
content-length: 26

18:01:11.316 [AsyncHttpClient-1-8] DEBUG org.asynchttpclient.netty.channel.ChannelManager - Adding key: http://localhost:52224 for channel [id: 0xaf05ad24, L:/127.0.0.1:59262 - R:localhost/127.0.0.1:52224]
18:01:11.316 [Forwarding acceptAlert on session de1a4aa91c8a5e1b9ea9de6e314de9c4 to remote] DEBUG org.asynchttpclient.netty.request.NettyRequestSender - Using pooled Channel '[id: 0xaf05ad24, L:/127.0.0.1:59262 - R:localhost/127.0.0.1:52224]' for 'POST' to 'http://localhost:52224/session/de1a4aa91c8a5e1b9ea9de6e314de9c4/alert/accept'
18:01:11.316 [Forwarding acceptAlert on session de1a4aa91c8a5e1b9ea9de6e314de9c4 to remote] DEBUG org.asynchttpclient.netty.request.NettyRequestSender - Using open Channel [id: 0xaf05ad24, L:/127.0.0.1:59262 - R:localhost/127.0.0.1:52224] for POST '/session/de1a4aa91c8a5e1b9ea9de6e314de9c4/alert/accept'
18:01:11.318 [AsyncHttpClient-1-8] DEBUG org.asynchttpclient.netty.handler.HttpHandler - 

Request DefaultHttpRequest(decodeResult: success, version: HTTP/1.1)
POST /session/de1a4aa91c8a5e1b9ea9de6e314de9c4/alert/accept HTTP/1.1
User-Agent: selenium/4.4.0 (java windows)
Content-Length: 3
Content-Type: application/json; charset=utf-8
host: localhost:52224
accept: */*

Response DefaultHttpResponse(decodeResult: success, version: HTTP/1.1)
HTTP/1.1 200 OK
Content-Type: application/json; charset=utf-8
cache-control: no-cache
content-length: 14

18:01:11.318 [AsyncHttpClient-1-8] DEBUG org.asynchttpclient.netty.channel.ChannelManager - Adding key: http://localhost:52224 for channel [id: 0xaf05ad24, L:/127.0.0.1:59262 - R:localhost/127.0.0.1:52224]
18:01:11.318 [Forwarding screenshot on session de1a4aa91c8a5e1b9ea9de6e314de9c4 to remote] DEBUG org.asynchttpclient.netty.request.NettyRequestSender - Using pooled Channel '[id: 0xaf05ad24, L:/127.0.0.1:59262 - R:localhost/127.0.0.1:52224]' for 'GET' to 'http://localhost:52224/session/de1a4aa91c8a5e1b9ea9de6e314de9c4/screenshot'
18:01:11.318 [Forwarding screenshot on session de1a4aa91c8a5e1b9ea9de6e314de9c4 to remote] DEBUG org.asynchttpclient.netty.request.NettyRequestSender - Using open Channel [id: 0xaf05ad24, L:/127.0.0.1:59262 - R:localhost/127.0.0.1:52224] for GET '/session/de1a4aa91c8a5e1b9ea9de6e314de9c4/screenshot'
18:01:11.518 [AsyncHttpClient-1-8] DEBUG org.asynchttpclient.netty.handler.HttpHandler - 

Request DefaultFullHttpRequest(decodeResult: success, version: HTTP/1.1, content: EmptyByteBufBE)
GET /session/de1a4aa91c8a5e1b9ea9de6e314de9c4/screenshot HTTP/1.1
User-Agent: selenium/4.4.0 (java windows)
Cache-Control: no-cache
Content-Type: application/json; charset=utf-8
host: localhost:52224
accept: */*

Response DefaultHttpResponse(decodeResult: success, version: HTTP/1.1)
HTTP/1.1 200 OK
Content-Type: application/json; charset=utf-8
cache-control: no-cache
content-length: 274940

18:01:11.519 [AsyncHttpClient-1-8] DEBUG org.asynchttpclient.netty.channel.ChannelManager - Adding key: http://localhost:52224 for channel [id: 0xaf05ad24, L:/127.0.0.1:59262 - R:localhost/127.0.0.1:52224]
  &amp#27;[32mAnd &amp#27;[0m&amp#27;[32mañado a la cesta&amp#27;[0m                                             &amp#27;[90m# Step.ComprobarCestaStep.añado_a_la_cesta()&amp#27;[0m
18:01:11.531 [Forwarding getCurrentWindowHandle on session de1a4aa91c8a5e1b9ea9de6e314de9c4 to remote] DEBUG org.asynchttpclient.netty.request.NettyRequestSender - Using pooled Channel '[id: 0xaf05ad24, L:/127.0.0.1:59262 - R:localhost/127.0.0.1:52224]' for 'GET' to 'http://localhost:52224/session/de1a4aa91c8a5e1b9ea9de6e314de9c4/window'
18:01:11.531 [Forwarding getCurrentWindowHandle on session de1a4aa91c8a5e1b9ea9de6e314de9c4 to remote] DEBUG org.asynchttpclient.netty.request.NettyRequestSender - Using open Channel [id: 0xaf05ad24, L:/127.0.0.1:59262 - R:localhost/127.0.0.1:52224] for GET '/session/de1a4aa91c8a5e1b9ea9de6e314de9c4/window'
18:01:11.532 [AsyncHttpClient-1-8] DEBUG org.asynchttpclient.netty.handler.HttpHandler - 

Request DefaultFullHttpRequest(decodeResult: success, version: HTTP/1.1, content: EmptyByteBufBE)
GET /session/de1a4aa91c8a5e1b9ea9de6e314de9c4/window HTTP/1.1
User-Agent: selenium/4.4.0 (java windows)
Cache-Control: no-cache
Content-Type: application/json; charset=utf-8
host: localhost:52224
accept: */*

Response DefaultHttpResponse(decodeResult: success, version: HTTP/1.1)
HTTP/1.1 200 OK
Content-Type: application/json; charset=utf-8
cache-control: no-cache
content-length: 53

18:01:11.532 [AsyncHttpClient-1-8] DEBUG org.asynchttpclient.netty.channel.ChannelManager - Adding key: http://localhost:52224 for channel [id: 0xaf05ad24, L:/127.0.0.1:59262 - R:localhost/127.0.0.1:52224]
18:01:11.532 [Forwarding getAlertText on session de1a4aa91c8a5e1b9ea9de6e314de9c4 to remote] DEBUG org.asynchttpclient.netty.request.NettyRequestSender - Using pooled Channel '[id: 0xaf05ad24, L:/127.0.0.1:59262 - R:localhost/127.0.0.1:52224]' for 'GET' to 'http://localhost:52224/session/de1a4aa91c8a5e1b9ea9de6e314de9c4/alert/text'
18:01:11.532 [Forwarding getAlertText on session de1a4aa91c8a5e1b9ea9de6e314de9c4 to remote] DEBUG org.asynchttpclient.netty.request.NettyRequestSender - Using open Channel [id: 0xaf05ad24, L:/127.0.0.1:59262 - R:localhost/127.0.0.1:52224] for GET '/session/de1a4aa91c8a5e1b9ea9de6e314de9c4/alert/text'
18:01:11.533 [AsyncHttpClient-1-8] DEBUG org.asynchttpclient.netty.handler.HttpHandler - 

Request DefaultFullHttpRequest(decodeResult: success, version: HTTP/1.1, content: EmptyByteBufBE)
GET /session/de1a4aa91c8a5e1b9ea9de6e314de9c4/alert/text HTTP/1.1
User-Agent: selenium/4.4.0 (java windows)
Cache-Control: no-cache
Content-Type: application/json; charset=utf-8
host: localhost:52224
accept: */*

Response DefaultHttpResponse(decodeResult: success, version: HTTP/1.1)
HTTP/1.1 404 Not Found
Content-Type: application/json; charset=utf-8
cache-control: no-cache
content-length: 835

18:01:11.534 [AsyncHttpClient-1-8] DEBUG org.asynchttpclient.netty.channel.ChannelManager - Adding key: http://localhost:52224 for channel [id: 0xaf05ad24, L:/127.0.0.1:59262 - R:localhost/127.0.0.1:52224]
18:01:11.535 [Forwarding switchToWindow on session de1a4aa91c8a5e1b9ea9de6e314de9c4 to remote] DEBUG org.asynchttpclient.netty.request.NettyRequestSender - Using pooled Channel '[id: 0xaf05ad24, L:/127.0.0.1:59262 - R:localhost/127.0.0.1:52224]' for 'POST' to 'http://localhost:52224/session/de1a4aa91c8a5e1b9ea9de6e314de9c4/window'
18:01:11.535 [Forwarding switchToWindow on session de1a4aa91c8a5e1b9ea9de6e314de9c4 to remote] DEBUG org.asynchttpclient.netty.request.NettyRequestSender - Using open Channel [id: 0xaf05ad24, L:/127.0.0.1:59262 - R:localhost/127.0.0.1:52224] for POST '/session/de1a4aa91c8a5e1b9ea9de6e314de9c4/window'
18:01:11.537 [AsyncHttpClient-1-8] DEBUG org.asynchttpclient.netty.handler.HttpHandler - 

Request DefaultHttpRequest(decodeResult: success, version: HTTP/1.1)
POST /session/de1a4aa91c8a5e1b9ea9de6e314de9c4/window HTTP/1.1
User-Agent: selenium/4.4.0 (java windows)
Content-Length: 59
Content-Type: application/json; charset=utf-8
host: localhost:52224
accept: */*

Response DefaultHttpResponse(decodeResult: success, version: HTTP/1.1)
HTTP/1.1 200 OK
Content-Type: application/json; charset=utf-8
cache-control: no-cache
content-length: 14

18:01:11.537 [AsyncHttpClient-1-8] DEBUG org.asynchttpclient.netty.channel.ChannelManager - Adding key: http://localhost:52224 for channel [id: 0xaf05ad24, L:/127.0.0.1:59262 - R:localhost/127.0.0.1:52224]
18:01:11.538 [Forwarding getCurrentUrl on session de1a4aa91c8a5e1b9ea9de6e314de9c4 to remote] DEBUG org.asynchttpclient.netty.request.NettyRequestSender - Using pooled Channel '[id: 0xaf05ad24, L:/127.0.0.1:59262 - R:localhost/127.0.0.1:52224]' for 'GET' to 'http://localhost:52224/session/de1a4aa91c8a5e1b9ea9de6e314de9c4/url'
18:01:11.538 [Forwarding getCurrentUrl on session de1a4aa91c8a5e1b9ea9de6e314de9c4 to remote] DEBUG org.asynchttpclient.netty.request.NettyRequestSender - Using open Channel [id: 0xaf05ad24, L:/127.0.0.1:59262 - R:localhost/127.0.0.1:52224] for GET '/session/de1a4aa91c8a5e1b9ea9de6e314de9c4/url'
18:01:11.541 [AsyncHttpClient-1-8] DEBUG org.asynchttpclient.netty.handler.HttpHandler - 

Request DefaultFullHttpRequest(decodeResult: success, version: HTTP/1.1, content: EmptyByteBufBE)
GET /session/de1a4aa91c8a5e1b9ea9de6e314de9c4/url HTTP/1.1
User-Agent: selenium/4.4.0 (java windows)
Cache-Control: no-cache
Content-Type: application/json; charset=utf-8
host: localhost:52224
accept: */*

Response DefaultHttpResponse(decodeResult: success, version: HTTP/1.1)
HTTP/1.1 200 OK
Content-Type: application/json; charset=utf-8
cache-control: no-cache
content-length: 55

18:01:11.541 [AsyncHttpClient-1-8] DEBUG org.asynchttpclient.netty.channel.ChannelManager - Adding key: http://localhost:52224 for channel [id: 0xaf05ad24, L:/127.0.0.1:59262 - R:localhost/127.0.0.1:52224]
18:01:11.542 [Forwarding screenshot on session de1a4aa91c8a5e1b9ea9de6e314de9c4 to remote] DEBUG org.asynchttpclient.netty.request.NettyRequestSender - Using pooled Channel '[id: 0xaf05ad24, L:/127.0.0.1:59262 - R:localhost/127.0.0.1:52224]' for 'GET' to 'http://localhost:52224/session/de1a4aa91c8a5e1b9ea9de6e314de9c4/screenshot'
18:01:11.542 [Forwarding screenshot on session de1a4aa91c8a5e1b9ea9de6e314de9c4 to remote] DEBUG org.asynchttpclient.netty.request.NettyRequestSender - Using open Channel [id: 0xaf05ad24, L:/127.0.0.1:59262 - R:localhost/127.0.0.1:52224] for GET '/session/de1a4aa91c8a5e1b9ea9de6e314de9c4/screenshot'
18:01:11.690 [AsyncHttpClient-1-8] DEBUG org.asynchttpclient.netty.handler.HttpHandler - 

Request DefaultFullHttpRequest(decodeResult: success, version: HTTP/1.1, content: EmptyByteBufBE)
GET /session/de1a4aa91c8a5e1b9ea9de6e314de9c4/screenshot HTTP/1.1
User-Agent: selenium/4.4.0 (java windows)
Cache-Control: no-cache
Content-Type: application/json; charset=utf-8
host: localhost:52224
accept: */*

Response DefaultHttpResponse(decodeResult: success, version: HTTP/1.1)
HTTP/1.1 200 OK
Content-Type: application/json; charset=utf-8
cache-control: no-cache
content-length: 274892

18:01:11.691 [AsyncHttpClient-1-8] DEBUG org.asynchttpclient.netty.channel.ChannelManager - Adding key: http://localhost:52224 for channel [id: 0xaf05ad24, L:/127.0.0.1:59262 - R:localhost/127.0.0.1:52224]
18:01:11.695 [main] DEBUG net.serenitybdd.core.photography.Darkroom - Send negative for processing for target\site\serenity\2e8bfa5a51248372a3231c6a5d980a3ac99707e4d5aedbfda6740fb75f2f74e5.png
18:01:11.695 [Darkroom Processing Line] DEBUG net.serenitybdd.core.photography.DarkroomProcessingLine - Processing screenshot image in /var/screenshots/screenshot-10577105797089715014
18:01:11.695 [Darkroom Processing Line] DEBUG net.serenitybdd.core.photography.DarkroomProcessingLine - Saving screenshot to target\site\serenity\2e8bfa5a51248372a3231c6a5d980a3ac99707e4d5aedbfda6740fb75f2f74e5.png
18:01:11.697 [Forwarding getPageSource on session de1a4aa91c8a5e1b9ea9de6e314de9c4 to remote] DEBUG org.asynchttpclient.netty.request.NettyRequestSender - Using pooled Channel '[id: 0xaf05ad24, L:/127.0.0.1:59262 - R:localhost/127.0.0.1:52224]' for 'POST' to 'http://localhost:52224/session/de1a4aa91c8a5e1b9ea9de6e314de9c4/execute/sync'
18:01:11.697 [Forwarding getPageSource on session de1a4aa91c8a5e1b9ea9de6e314de9c4 to remote] DEBUG org.asynchttpclient.netty.request.NettyRequestSender - Using open Channel [id: 0xaf05ad24, L:/127.0.0.1:59262 - R:localhost/127.0.0.1:52224] for POST '/session/de1a4aa91c8a5e1b9ea9de6e314de9c4/execute/sync'
18:01:11.703 [AsyncHttpClient-1-8] DEBUG org.asynchttpclient.netty.handler.HttpHandler - 

Request DefaultHttpRequest(decodeResult: success, version: HTTP/1.1)
POST /session/de1a4aa91c8a5e1b9ea9de6e314de9c4/execute/sync HTTP/1.1
User-Agent: selenium/4.4.0 (java windows)
Content-Length: 176
Content-Type: application/json; charset=utf-8
host: localhost:52224
accept: */*

Response DefaultHttpResponse(decodeResult: success, version: HTTP/1.1)
HTTP/1.1 200 OK
Content-Type: application/json; charset=utf-8
cache-control: no-cache
content-length: 54705

18:01:11.704 [AsyncHttpClient-1-8] DEBUG org.asynchttpclient.netty.channel.ChannelManager - Adding key: http://localhost:52224 for channel [id: 0xaf05ad24, L:/127.0.0.1:59262 - R:localhost/127.0.0.1:52224]
18:01:11.706 [Forwarding getCurrentUrl on session de1a4aa91c8a5e1b9ea9de6e314de9c4 to remote] DEBUG org.asynchttpclient.netty.request.NettyRequestSender - Using pooled Channel '[id: 0xaf05ad24, L:/127.0.0.1:59262 - R:localhost/127.0.0.1:52224]' for 'GET' to 'http://localhost:52224/session/de1a4aa91c8a5e1b9ea9de6e314de9c4/url'
18:01:11.706 [Forwarding getCurrentUrl on session de1a4aa91c8a5e1b9ea9de6e314de9c4 to remote] DEBUG org.asynchttpclient.netty.request.NettyRequestSender - Using open Channel [id: 0xaf05ad24, L:/127.0.0.1:59262 - R:localhost/127.0.0.1:52224] for GET '/session/de1a4aa91c8a5e1b9ea9de6e314de9c4/url'
18:01:11.709 [AsyncHttpClient-1-8] DEBUG org.asynchttpclient.netty.handler.HttpHandler - 

Request DefaultFullHttpRequest(decodeResult: success, version: HTTP/1.1, content: EmptyByteBufBE)
GET /session/de1a4aa91c8a5e1b9ea9de6e314de9c4/url HTTP/1.1
User-Agent: selenium/4.4.0 (java windows)
Cache-Control: no-cache
Content-Type: application/json; charset=utf-8
host: localhost:52224
accept: */*

Response DefaultHttpResponse(decodeResult: success, version: HTTP/1.1)
HTTP/1.1 200 OK
Content-Type: application/json; charset=utf-8
cache-control: no-cache
content-length: 55

18:01:11.709 [AsyncHttpClient-1-8] DEBUG org.asynchttpclient.netty.channel.ChannelManager - Adding key: http://localhost:52224 for channel [id: 0xaf05ad24, L:/127.0.0.1:59262 - R:localhost/127.0.0.1:52224]
18:01:11.715 [Forwarding getPageSource on session de1a4aa91c8a5e1b9ea9de6e314de9c4 to remote] DEBUG org.asynchttpclient.netty.request.NettyRequestSender - Using pooled Channel '[id: 0xaf05ad24, L:/127.0.0.1:59262 - R:localhost/127.0.0.1:52224]' for 'POST' to 'http://localhost:52224/session/de1a4aa91c8a5e1b9ea9de6e314de9c4/execute/sync'
18:01:11.715 [Forwarding getPageSource on session de1a4aa91c8a5e1b9ea9de6e314de9c4 to remote] DEBUG org.asynchttpclient.netty.request.NettyRequestSender - Using open Channel [id: 0xaf05ad24, L:/127.0.0.1:59262 - R:localhost/127.0.0.1:52224] for POST '/session/de1a4aa91c8a5e1b9ea9de6e314de9c4/execute/sync'
18:01:11.721 [AsyncHttpClient-1-8] DEBUG org.asynchttpclient.netty.handler.HttpHandler - 

Request DefaultHttpRequest(decodeResult: success, version: HTTP/1.1)
POST /session/de1a4aa91c8a5e1b9ea9de6e314de9c4/execute/sync HTTP/1.1
User-Agent: selenium/4.4.0 (java windows)
Content-Length: 176
Content-Type: application/json; charset=utf-8
host: localhost:52224
accept: */*

Response DefaultHttpResponse(decodeResult: success, version: HTTP/1.1)
HTTP/1.1 200 OK
Content-Type: application/json; charset=utf-8
cache-control: no-cache
content-length: 54705

18:01:11.721 [AsyncHttpClient-1-8] DEBUG org.asynchttpclient.netty.channel.ChannelManager - Adding key: http://localhost:52224 for channel [id: 0xaf05ad24, L:/127.0.0.1:59262 - R:localhost/127.0.0.1:52224]
18:01:11.725 [Forwarding getCurrentUrl on session de1a4aa91c8a5e1b9ea9de6e314de9c4 to remote] DEBUG org.asynchttpclient.netty.request.NettyRequestSender - Using pooled Channel '[id: 0xaf05ad24, L:/127.0.0.1:59262 - R:localhost/127.0.0.1:52224]' for 'GET' to 'http://localhost:52224/session/de1a4aa91c8a5e1b9ea9de6e314de9c4/url'
18:01:11.725 [Forwarding getCurrentUrl on session de1a4aa91c8a5e1b9ea9de6e314de9c4 to remote] DEBUG org.asynchttpclient.netty.request.NettyRequestSender - Using open Channel [id: 0xaf05ad24, L:/127.0.0.1:59262 - R:localhost/127.0.0.1:52224] for GET '/session/de1a4aa91c8a5e1b9ea9de6e314de9c4/url'
18:01:11.727 [AsyncHttpClient-1-8] DEBUG org.asynchttpclient.netty.handler.HttpHandler - 

Request DefaultFullHttpRequest(decodeResult: success, version: HTTP/1.1, content: EmptyByteBufBE)
GET /session/de1a4aa91c8a5e1b9ea9de6e314de9c4/url HTTP/1.1
User-Agent: selenium/4.4.0 (java windows)
Cache-Control: no-cache
Content-Type: application/json; charset=utf-8
host: localhost:52224
accept: */*

Response DefaultHttpResponse(decodeResult: success, version: HTTP/1.1)
HTTP/1.1 200 OK
Content-Type: application/json; charset=utf-8
cache-control: no-cache
content-length: 55

18:01:11.727 [AsyncHttpClient-1-8] DEBUG org.asynchttpclient.netty.channel.ChannelManager - Adding key: http://localhost:52224 for channel [id: 0xaf05ad24, L:/127.0.0.1:59262 - R:localhost/127.0.0.1:52224]
18:01:11.729 [main] DEBUG net.thucydides.core.steps.StepInterceptor - STARTING STEP: ComprobarCestaStep.voy_a_la_cesta - cliko en la cart
18:01:11.730 [Forwarding findElement on session de1a4aa91c8a5e1b9ea9de6e314de9c4 to remote] DEBUG org.asynchttpclient.netty.request.NettyRequestSender - Using pooled Channel '[id: 0xaf05ad24, L:/127.0.0.1:59262 - R:localhost/127.0.0.1:52224]' for 'POST' to 'http://localhost:52224/session/de1a4aa91c8a5e1b9ea9de6e314de9c4/element'
18:01:11.730 [Forwarding findElement on session de1a4aa91c8a5e1b9ea9de6e314de9c4 to remote] DEBUG org.asynchttpclient.netty.request.NettyRequestSender - Using open Channel [id: 0xaf05ad24, L:/127.0.0.1:59262 - R:localhost/127.0.0.1:52224] for POST '/session/de1a4aa91c8a5e1b9ea9de6e314de9c4/element'
18:01:11.738 [AsyncHttpClient-1-8] DEBUG org.asynchttpclient.netty.handler.HttpHandler - 

Request DefaultHttpRequest(decodeResult: success, version: HTTP/1.1)
POST /session/de1a4aa91c8a5e1b9ea9de6e314de9c4/element HTTP/1.1
User-Agent: selenium/4.4.0 (java windows)
Content-Length: 64
Content-Type: application/json; charset=utf-8
host: localhost:52224
accept: */*

Response DefaultHttpResponse(decodeResult: success, version: HTTP/1.1)
HTTP/1.1 200 OK
Content-Type: application/json; charset=utf-8
cache-control: no-cache
content-length: 88

18:01:11.738 [AsyncHttpClient-1-8] DEBUG org.asynchttpclient.netty.channel.ChannelManager - Adding key: http://localhost:52224 for channel [id: 0xaf05ad24, L:/127.0.0.1:59262 - R:localhost/127.0.0.1:52224]
18:01:11.740 [Forwarding isElementDisplayed on session de1a4aa91c8a5e1b9ea9de6e314de9c4 to remote] DEBUG org.asynchttpclient.netty.request.NettyRequestSender - Using pooled Channel '[id: 0xaf05ad24, L:/127.0.0.1:59262 - R:localhost/127.0.0.1:52224]' for 'POST' to 'http://localhost:52224/session/de1a4aa91c8a5e1b9ea9de6e314de9c4/execute/sync'
18:01:11.740 [Forwarding isElementDisplayed on session de1a4aa91c8a5e1b9ea9de6e314de9c4 to remote] DEBUG org.asynchttpclient.netty.request.NettyRequestSender - Using open Channel [id: 0xaf05ad24, L:/127.0.0.1:59262 - R:localhost/127.0.0.1:52224] for POST '/session/de1a4aa91c8a5e1b9ea9de6e314de9c4/execute/sync'
18:01:11.748 [AsyncHttpClient-1-8] DEBUG org.asynchttpclient.netty.handler.HttpHandler - 

Request DefaultHttpRequest(decodeResult: success, version: HTTP/1.1)
POST /session/de1a4aa91c8a5e1b9ea9de6e314de9c4/execute/sync HTTP/1.1
User-Agent: selenium/4.4.0 (java windows)
Content-Length: 48780
Content-Type: application/json; charset=utf-8
host: localhost:52224
accept: */*

Response DefaultHttpResponse(decodeResult: success, version: HTTP/1.1)
HTTP/1.1 200 OK
Content-Type: application/json; charset=utf-8
cache-control: no-cache
content-length: 14

18:01:11.748 [AsyncHttpClient-1-8] DEBUG org.asynchttpclient.netty.channel.ChannelManager - Adding key: http://localhost:52224 for channel [id: 0xaf05ad24, L:/127.0.0.1:59262 - R:localhost/127.0.0.1:52224]
18:01:11.749 [Forwarding clickElement on session de1a4aa91c8a5e1b9ea9de6e314de9c4 to remote] DEBUG org.asynchttpclient.netty.request.NettyRequestSender - Using pooled Channel '[id: 0xaf05ad24, L:/127.0.0.1:59262 - R:localhost/127.0.0.1:52224]' for 'POST' to 'http://localhost:52224/session/de1a4aa91c8a5e1b9ea9de6e314de9c4/element/60301177-a5e4-43bb-b911-a0aa03b6f2ff/click'
18:01:11.749 [Forwarding clickElement on session de1a4aa91c8a5e1b9ea9de6e314de9c4 to remote] DEBUG org.asynchttpclient.netty.request.NettyRequestSender - Using open Channel [id: 0xaf05ad24, L:/127.0.0.1:59262 - R:localhost/127.0.0.1:52224] for POST '/session/de1a4aa91c8a5e1b9ea9de6e314de9c4/element/60301177-a5e4-43bb-b911-a0aa03b6f2ff/click'
18:01:12.161 [AsyncHttpClient-1-8] DEBUG org.asynchttpclient.netty.handler.HttpHandler - 

Request DefaultHttpRequest(decodeResult: success, version: HTTP/1.1)
POST /session/de1a4aa91c8a5e1b9ea9de6e314de9c4/element/60301177-a5e4-43bb-b911-a0aa03b6f2ff/click HTTP/1.1
User-Agent: selenium/4.4.0 (java windows)
Content-Length: 50
Content-Type: application/json; charset=utf-8
host: localhost:52224
accept: */*

Response DefaultHttpResponse(decodeResult: success, version: HTTP/1.1)
HTTP/1.1 200 OK
Content-Type: application/json; charset=utf-8
cache-control: no-cache
content-length: 14

18:01:12.161 [AsyncHttpClient-1-8] DEBUG org.asynchttpclient.netty.channel.ChannelManager - Adding key: http://localhost:52224 for channel [id: 0xaf05ad24, L:/127.0.0.1:59262 - R:localhost/127.0.0.1:52224]
18:01:12.165 [Forwarding getCurrentWindowHandle on session de1a4aa91c8a5e1b9ea9de6e314de9c4 to remote] DEBUG org.asynchttpclient.netty.request.NettyRequestSender - Using pooled Channel '[id: 0xaf05ad24, L:/127.0.0.1:59262 - R:localhost/127.0.0.1:52224]' for 'GET' to 'http://localhost:52224/session/de1a4aa91c8a5e1b9ea9de6e314de9c4/window'
18:01:12.165 [Forwarding getCurrentWindowHandle on session de1a4aa91c8a5e1b9ea9de6e314de9c4 to remote] DEBUG org.asynchttpclient.netty.request.NettyRequestSender - Using open Channel [id: 0xaf05ad24, L:/127.0.0.1:59262 - R:localhost/127.0.0.1:52224] for GET '/session/de1a4aa91c8a5e1b9ea9de6e314de9c4/window'
18:01:12.165 [AsyncHttpClient-1-8] DEBUG org.asynchttpclient.netty.handler.HttpHandler - 

Request DefaultFullHttpRequest(decodeResult: success, version: HTTP/1.1, content: EmptyByteBufBE)
GET /session/de1a4aa91c8a5e1b9ea9de6e314de9c4/window HTTP/1.1
User-Agent: selenium/4.4.0 (java windows)
Cache-Control: no-cache
Content-Type: application/json; charset=utf-8
host: localhost:52224
accept: */*

Response DefaultHttpResponse(decodeResult: success, version: HTTP/1.1)
HTTP/1.1 200 OK
Content-Type: application/json; charset=utf-8
cache-control: no-cache
content-length: 53

18:01:12.165 [AsyncHttpClient-1-8] DEBUG org.asynchttpclient.netty.channel.ChannelManager - Adding key: http://localhost:52224 for channel [id: 0xaf05ad24, L:/127.0.0.1:59262 - R:localhost/127.0.0.1:52224]
18:01:12.166 [Forwarding getAlertText on session de1a4aa91c8a5e1b9ea9de6e314de9c4 to remote] DEBUG org.asynchttpclient.netty.request.NettyRequestSender - Using pooled Channel '[id: 0xaf05ad24, L:/127.0.0.1:59262 - R:localhost/127.0.0.1:52224]' for 'GET' to 'http://localhost:52224/session/de1a4aa91c8a5e1b9ea9de6e314de9c4/alert/text'
18:01:12.166 [Forwarding getAlertText on session de1a4aa91c8a5e1b9ea9de6e314de9c4 to remote] DEBUG org.asynchttpclient.netty.request.NettyRequestSender - Using open Channel [id: 0xaf05ad24, L:/127.0.0.1:59262 - R:localhost/127.0.0.1:52224] for GET '/session/de1a4aa91c8a5e1b9ea9de6e314de9c4/alert/text'
18:01:12.173 [AsyncHttpClient-1-8] DEBUG org.asynchttpclient.netty.handler.HttpHandler - 

Request DefaultFullHttpRequest(decodeResult: success, version: HTTP/1.1, content: EmptyByteBufBE)
GET /session/de1a4aa91c8a5e1b9ea9de6e314de9c4/alert/text HTTP/1.1
User-Agent: selenium/4.4.0 (java windows)
Cache-Control: no-cache
Content-Type: application/json; charset=utf-8
host: localhost:52224
accept: */*

Response DefaultHttpResponse(decodeResult: success, version: HTTP/1.1)
HTTP/1.1 404 Not Found
Content-Type: application/json; charset=utf-8
cache-control: no-cache
content-length: 835

18:01:12.175 [AsyncHttpClient-1-8] DEBUG org.asynchttpclient.netty.channel.ChannelManager - Adding key: http://localhost:52224 for channel [id: 0xaf05ad24, L:/127.0.0.1:59262 - R:localhost/127.0.0.1:52224]
18:01:12.176 [Forwarding switchToWindow on session de1a4aa91c8a5e1b9ea9de6e314de9c4 to remote] DEBUG org.asynchttpclient.netty.request.NettyRequestSender - Using pooled Channel '[id: 0xaf05ad24, L:/127.0.0.1:59262 - R:localhost/127.0.0.1:52224]' for 'POST' to 'http://localhost:52224/session/de1a4aa91c8a5e1b9ea9de6e314de9c4/window'
18:01:12.176 [Forwarding switchToWindow on session de1a4aa91c8a5e1b9ea9de6e314de9c4 to remote] DEBUG org.asynchttpclient.netty.request.NettyRequestSender - Using open Channel [id: 0xaf05ad24, L:/127.0.0.1:59262 - R:localhost/127.0.0.1:52224] for POST '/session/de1a4aa91c8a5e1b9ea9de6e314de9c4/window'
18:01:12.177 [AsyncHttpClient-1-8] DEBUG org.asynchttpclient.netty.handler.HttpHandler - 

Request DefaultHttpRequest(decodeResult: success, version: HTTP/1.1)
POST /session/de1a4aa91c8a5e1b9ea9de6e314de9c4/window HTTP/1.1
User-Agent: selenium/4.4.0 (java windows)
Content-Length: 59
Content-Type: application/json; charset=utf-8
host: localhost:52224
accept: */*

Response DefaultHttpResponse(decodeResult: success, version: HTTP/1.1)
HTTP/1.1 200 OK
Content-Type: application/json; charset=utf-8
cache-control: no-cache
content-length: 14

18:01:12.177 [AsyncHttpClient-1-8] DEBUG org.asynchttpclient.netty.channel.ChannelManager - Adding key: http://localhost:52224 for channel [id: 0xaf05ad24, L:/127.0.0.1:59262 - R:localhost/127.0.0.1:52224]
18:01:12.178 [Forwarding getCurrentUrl on session de1a4aa91c8a5e1b9ea9de6e314de9c4 to remote] DEBUG org.asynchttpclient.netty.request.NettyRequestSender - Using pooled Channel '[id: 0xaf05ad24, L:/127.0.0.1:59262 - R:localhost/127.0.0.1:52224]' for 'GET' to 'http://localhost:52224/session/de1a4aa91c8a5e1b9ea9de6e314de9c4/url'
18:01:12.178 [Forwarding getCurrentUrl on session de1a4aa91c8a5e1b9ea9de6e314de9c4 to remote] DEBUG org.asynchttpclient.netty.request.NettyRequestSender - Using open Channel [id: 0xaf05ad24, L:/127.0.0.1:59262 - R:localhost/127.0.0.1:52224] for GET '/session/de1a4aa91c8a5e1b9ea9de6e314de9c4/url'
18:01:12.187 [AsyncHttpClient-1-8] DEBUG org.asynchttpclient.netty.handler.HttpHandler - 

Request DefaultFullHttpRequest(decodeResult: success, version: HTTP/1.1, content: EmptyByteBufBE)
GET /session/de1a4aa91c8a5e1b9ea9de6e314de9c4/url HTTP/1.1
User-Agent: selenium/4.4.0 (java windows)
Cache-Control: no-cache
Content-Type: application/json; charset=utf-8
host: localhost:52224
accept: */*

Response DefaultHttpResponse(decodeResult: success, version: HTTP/1.1)
HTTP/1.1 200 OK
Content-Type: application/json; charset=utf-8
cache-control: no-cache
content-length: 47

18:01:12.187 [AsyncHttpClient-1-8] DEBUG org.asynchttpclient.netty.channel.ChannelManager - Adding key: http://localhost:52224 for channel [id: 0xaf05ad24, L:/127.0.0.1:59262 - R:localhost/127.0.0.1:52224]
18:01:12.188 [Forwarding screenshot on session de1a4aa91c8a5e1b9ea9de6e314de9c4 to remote] DEBUG org.asynchttpclient.netty.request.NettyRequestSender - Using pooled Channel '[id: 0xaf05ad24, L:/127.0.0.1:59262 - R:localhost/127.0.0.1:52224]' for 'GET' to 'http://localhost:52224/session/de1a4aa91c8a5e1b9ea9de6e314de9c4/screenshot'
18:01:12.188 [Forwarding screenshot on session de1a4aa91c8a5e1b9ea9de6e314de9c4 to remote] DEBUG org.asynchttpclient.netty.request.NettyRequestSender - Using open Channel [id: 0xaf05ad24, L:/127.0.0.1:59262 - R:localhost/127.0.0.1:52224] for GET '/session/de1a4aa91c8a5e1b9ea9de6e314de9c4/screenshot'
18:01:12.326 [AsyncHttpClient-1-8] DEBUG org.asynchttpclient.netty.handler.HttpHandler - 

Request DefaultFullHttpRequest(decodeResult: success, version: HTTP/1.1, content: EmptyByteBufBE)
GET /session/de1a4aa91c8a5e1b9ea9de6e314de9c4/screenshot HTTP/1.1
User-Agent: selenium/4.4.0 (java windows)
Cache-Control: no-cache
Content-Type: application/json; charset=utf-8
host: localhost:52224
accept: */*

Response DefaultHttpResponse(decodeResult: success, version: HTTP/1.1)
HTTP/1.1 200 OK
Content-Type: application/json; charset=utf-8
cache-control: no-cache
content-length: 252264

18:01:12.326 [AsyncHttpClient-1-8] DEBUG org.asynchttpclient.netty.channel.ChannelManager - Adding key: http://localhost:52224 for channel [id: 0xaf05ad24, L:/127.0.0.1:59262 - R:localhost/127.0.0.1:52224]
18:01:12.330 [main] DEBUG net.serenitybdd.core.photography.Darkroom - Send negative for processing for target\site\serenity\9764e588c45434737c9123f2124f2c529fc36d22c6b65f5f170e282bd077b511.png
18:01:12.330 [main] DEBUG net.thucydides.core.steps.StepInterceptor - STEP DONE: cliko en la cart
  &amp#27;[32mWhen &amp#27;[0m&amp#27;[32mvoy a la cesta&amp#27;[0m                                              &amp#27;[90m# Step.ComprobarCestaStep.voy_a_la_cesta()&amp#27;[0m
18:01:12.336 [Forwarding getPageSource on session de1a4aa91c8a5e1b9ea9de6e314de9c4 to remote] DEBUG org.asynchttpclient.netty.request.NettyRequestSender - Using pooled Channel '[id: 0xaf05ad24, L:/127.0.0.1:59262 - R:localhost/127.0.0.1:52224]' for 'POST' to 'http://localhost:52224/session/de1a4aa91c8a5e1b9ea9de6e314de9c4/execute/sync'
18:01:12.336 [Forwarding getPageSource on session de1a4aa91c8a5e1b9ea9de6e314de9c4 to remote] DEBUG org.asynchttpclient.netty.request.NettyRequestSender - Using open Channel [id: 0xaf05ad24, L:/127.0.0.1:59262 - R:localhost/127.0.0.1:52224] for POST '/session/de1a4aa91c8a5e1b9ea9de6e314de9c4/execute/sync'
18:01:12.343 [AsyncHttpClient-1-8] DEBUG org.asynchttpclient.netty.handler.HttpHandler - 

Request DefaultHttpRequest(decodeResult: success, version: HTTP/1.1)
POST /session/de1a4aa91c8a5e1b9ea9de6e314de9c4/execute/sync HTTP/1.1
User-Agent: selenium/4.4.0 (java windows)
Content-Length: 176
Content-Type: application/json; charset=utf-8
host: localhost:52224
accept: */*

Response DefaultHttpResponse(decodeResult: success, version: HTTP/1.1)
HTTP/1.1 200 OK
Content-Type: application/json; charset=utf-8
cache-control: no-cache
content-length: 56889

18:01:12.343 [AsyncHttpClient-1-8] DEBUG org.asynchttpclient.netty.channel.ChannelManager - Adding key: http://localhost:52224 for channel [id: 0xaf05ad24, L:/127.0.0.1:59262 - R:localhost/127.0.0.1:52224]
18:01:12.346 [Forwarding getCurrentUrl on session de1a4aa91c8a5e1b9ea9de6e314de9c4 to remote] DEBUG org.asynchttpclient.netty.request.NettyRequestSender - Using pooled Channel '[id: 0xaf05ad24, L:/127.0.0.1:59262 - R:localhost/127.0.0.1:52224]' for 'GET' to 'http://localhost:52224/session/de1a4aa91c8a5e1b9ea9de6e314de9c4/url'
18:01:12.346 [Forwarding getCurrentUrl on session de1a4aa91c8a5e1b9ea9de6e314de9c4 to remote] DEBUG org.asynchttpclient.netty.request.NettyRequestSender - Using open Channel [id: 0xaf05ad24, L:/127.0.0.1:59262 - R:localhost/127.0.0.1:52224] for GET '/session/de1a4aa91c8a5e1b9ea9de6e314de9c4/url'
18:01:12.349 [AsyncHttpClient-1-8] DEBUG org.asynchttpclient.netty.handler.HttpHandler - 

Request DefaultFullHttpRequest(decodeResult: success, version: HTTP/1.1, content: EmptyByteBufBE)
GET /session/de1a4aa91c8a5e1b9ea9de6e314de9c4/url HTTP/1.1
User-Agent: selenium/4.4.0 (java windows)
Cache-Control: no-cache
Content-Type: application/json; charset=utf-8
host: localhost:52224
accept: */*

Response DefaultHttpResponse(decodeResult: success, version: HTTP/1.1)
HTTP/1.1 200 OK
Content-Type: application/json; charset=utf-8
cache-control: no-cache
content-length: 47

18:01:12.349 [AsyncHttpClient-1-8] DEBUG org.asynchttpclient.netty.channel.ChannelManager - Adding key: http://localhost:52224 for channel [id: 0xaf05ad24, L:/127.0.0.1:59262 - R:localhost/127.0.0.1:52224]
18:01:12.353 [Forwarding findElement on session de1a4aa91c8a5e1b9ea9de6e314de9c4 to remote] DEBUG org.asynchttpclient.netty.request.NettyRequestSender - Using pooled Channel '[id: 0xaf05ad24, L:/127.0.0.1:59262 - R:localhost/127.0.0.1:52224]' for 'POST' to 'http://localhost:52224/session/de1a4aa91c8a5e1b9ea9de6e314de9c4/element'
18:01:12.353 [Forwarding findElement on session de1a4aa91c8a5e1b9ea9de6e314de9c4 to remote] DEBUG org.asynchttpclient.netty.request.NettyRequestSender - Using open Channel [id: 0xaf05ad24, L:/127.0.0.1:59262 - R:localhost/127.0.0.1:52224] for POST '/session/de1a4aa91c8a5e1b9ea9de6e314de9c4/element'
18:01:12.362 [AsyncHttpClient-1-1] DEBUG org.asynchttpclient.netty.channel.DefaultChannelPool - Entry count for : http://localhost:59263 : 1
18:01:12.362 [AsyncHttpClient-1-8] DEBUG org.asynchttpclient.netty.handler.HttpHandler - 

Request DefaultHttpRequest(decodeResult: success, version: HTTP/1.1)
POST /session/de1a4aa91c8a5e1b9ea9de6e314de9c4/element HTTP/1.1
User-Agent: selenium/4.4.0 (java windows)
Content-Length: 54
Content-Type: application/json; charset=utf-8
host: localhost:52224
accept: */*

Response DefaultHttpResponse(decodeResult: success, version: HTTP/1.1)
HTTP/1.1 200 OK
Content-Type: application/json; charset=utf-8
cache-control: no-cache
content-length: 88

18:01:12.362 [AsyncHttpClient-1-8] DEBUG org.asynchttpclient.netty.channel.ChannelManager - Adding key: http://localhost:52224 for channel [id: 0xaf05ad24, L:/127.0.0.1:59262 - R:localhost/127.0.0.1:52224]
18:01:12.364 [Forwarding isElementDisplayed on session de1a4aa91c8a5e1b9ea9de6e314de9c4 to remote] DEBUG org.asynchttpclient.netty.request.NettyRequestSender - Using pooled Channel '[id: 0xaf05ad24, L:/127.0.0.1:59262 - R:localhost/127.0.0.1:52224]' for 'POST' to 'http://localhost:52224/session/de1a4aa91c8a5e1b9ea9de6e314de9c4/execute/sync'
18:01:12.364 [Forwarding isElementDisplayed on session de1a4aa91c8a5e1b9ea9de6e314de9c4 to remote] DEBUG org.asynchttpclient.netty.request.NettyRequestSender - Using open Channel [id: 0xaf05ad24, L:/127.0.0.1:59262 - R:localhost/127.0.0.1:52224] for POST '/session/de1a4aa91c8a5e1b9ea9de6e314de9c4/execute/sync'
18:01:12.373 [AsyncHttpClient-1-8] DEBUG org.asynchttpclient.netty.handler.HttpHandler - 

Request DefaultHttpRequest(decodeResult: success, version: HTTP/1.1)
POST /session/de1a4aa91c8a5e1b9ea9de6e314de9c4/execute/sync HTTP/1.1
User-Agent: selenium/4.4.0 (java windows)
Content-Length: 48780
Content-Type: application/json; charset=utf-8
host: localhost:52224
accept: */*

Response DefaultHttpResponse(decodeResult: success, version: HTTP/1.1)
HTTP/1.1 200 OK
Content-Type: application/json; charset=utf-8
cache-control: no-cache
content-length: 14

18:01:12.373 [AsyncHttpClient-1-8] DEBUG org.asynchttpclient.netty.channel.ChannelManager - Adding key: http://localhost:52224 for channel [id: 0xaf05ad24, L:/127.0.0.1:59262 - R:localhost/127.0.0.1:52224]
18:01:12.374 [Forwarding isElementDisplayed on session de1a4aa91c8a5e1b9ea9de6e314de9c4 to remote] DEBUG org.asynchttpclient.netty.request.NettyRequestSender - Using pooled Channel '[id: 0xaf05ad24, L:/127.0.0.1:59262 - R:localhost/127.0.0.1:52224]' for 'POST' to 'http://localhost:52224/session/de1a4aa91c8a5e1b9ea9de6e314de9c4/execute/sync'
18:01:12.374 [Forwarding isElementDisplayed on session de1a4aa91c8a5e1b9ea9de6e314de9c4 to remote] DEBUG org.asynchttpclient.netty.request.NettyRequestSender - Using open Channel [id: 0xaf05ad24, L:/127.0.0.1:59262 - R:localhost/127.0.0.1:52224] for POST '/session/de1a4aa91c8a5e1b9ea9de6e314de9c4/execute/sync'
18:01:12.382 [AsyncHttpClient-1-8] DEBUG org.asynchttpclient.netty.handler.HttpHandler - 

Request DefaultHttpRequest(decodeResult: success, version: HTTP/1.1)
POST /session/de1a4aa91c8a5e1b9ea9de6e314de9c4/execute/sync HTTP/1.1
User-Agent: selenium/4.4.0 (java windows)
Content-Length: 48780
Content-Type: application/json; charset=utf-8
host: localhost:52224
accept: */*

Response DefaultHttpResponse(decodeResult: success, version: HTTP/1.1)
HTTP/1.1 200 OK
Content-Type: application/json; charset=utf-8
cache-control: no-cache
content-length: 14

18:01:12.382 [AsyncHttpClient-1-8] DEBUG org.asynchttpclient.netty.channel.ChannelManager - Adding key: http://localhost:52224 for channel [id: 0xaf05ad24, L:/127.0.0.1:59262 - R:localhost/127.0.0.1:52224]
18:01:12.383 [Forwarding findElements on session de1a4aa91c8a5e1b9ea9de6e314de9c4 to remote] DEBUG org.asynchttpclient.netty.request.NettyRequestSender - Using pooled Channel '[id: 0xaf05ad24, L:/127.0.0.1:59262 - R:localhost/127.0.0.1:52224]' for 'POST' to 'http://localhost:52224/session/de1a4aa91c8a5e1b9ea9de6e314de9c4/elements'
18:01:12.383 [Forwarding findElements on session de1a4aa91c8a5e1b9ea9de6e314de9c4 to remote] DEBUG org.asynchttpclient.netty.request.NettyRequestSender - Using open Channel [id: 0xaf05ad24, L:/127.0.0.1:59262 - R:localhost/127.0.0.1:52224] for POST '/session/de1a4aa91c8a5e1b9ea9de6e314de9c4/elements'
18:01:12.768 [AsyncHttpClient-1-8] DEBUG org.asynchttpclient.netty.handler.HttpHandler - 

Request DefaultHttpRequest(decodeResult: success, version: HTTP/1.1)
POST /session/de1a4aa91c8a5e1b9ea9de6e314de9c4/elements HTTP/1.1
User-Agent: selenium/4.4.0 (java windows)
Content-Length: 73
Content-Type: application/json; charset=utf-8
host: localhost:52224
accept: */*

Response DefaultHttpResponse(decodeResult: success, version: HTTP/1.1)
HTTP/1.1 200 OK
Content-Type: application/json; charset=utf-8
cache-control: no-cache
content-length: 248

18:01:12.768 [AsyncHttpClient-1-8] DEBUG org.asynchttpclient.netty.channel.ChannelManager - Adding key: http://localhost:52224 for channel [id: 0xaf05ad24, L:/127.0.0.1:59262 - R:localhost/127.0.0.1:52224]
18:01:12.769 [Forwarding getElementText on session de1a4aa91c8a5e1b9ea9de6e314de9c4 to remote] DEBUG org.asynchttpclient.netty.request.NettyRequestSender - Using pooled Channel '[id: 0xaf05ad24, L:/127.0.0.1:59262 - R:localhost/127.0.0.1:52224]' for 'GET' to 'http://localhost:52224/session/de1a4aa91c8a5e1b9ea9de6e314de9c4/element/b4f1e927-bb39-4c20-b726-74e09c9e58e6/text'
18:01:12.769 [Forwarding getElementText on session de1a4aa91c8a5e1b9ea9de6e314de9c4 to remote] DEBUG org.asynchttpclient.netty.request.NettyRequestSender - Using open Channel [id: 0xaf05ad24, L:/127.0.0.1:59262 - R:localhost/127.0.0.1:52224] for GET '/session/de1a4aa91c8a5e1b9ea9de6e314de9c4/element/b4f1e927-bb39-4c20-b726-74e09c9e58e6/text'
18:01:12.779 [AsyncHttpClient-1-8] DEBUG org.asynchttpclient.netty.handler.HttpHandler - 

Request DefaultFullHttpRequest(decodeResult: success, version: HTTP/1.1, content: EmptyByteBufBE)
GET /session/de1a4aa91c8a5e1b9ea9de6e314de9c4/element/b4f1e927-bb39-4c20-b726-74e09c9e58e6/text HTTP/1.1
User-Agent: selenium/4.4.0 (java windows)
Cache-Control: no-cache
Content-Type: application/json; charset=utf-8
host: localhost:52224
accept: */*

Response DefaultHttpResponse(decodeResult: success, version: HTTP/1.1)
HTTP/1.1 200 OK
Content-Type: application/json; charset=utf-8
cache-control: no-cache
content-length: 29

18:01:12.779 [AsyncHttpClient-1-8] DEBUG org.asynchttpclient.netty.channel.ChannelManager - Adding key: http://localhost:52224 for channel [id: 0xaf05ad24, L:/127.0.0.1:59262 - R:localhost/127.0.0.1:52224]
18:01:12.779 [Forwarding getElementText on session de1a4aa91c8a5e1b9ea9de6e314de9c4 to remote] DEBUG org.asynchttpclient.netty.request.NettyRequestSender - Using pooled Channel '[id: 0xaf05ad24, L:/127.0.0.1:59262 - R:localhost/127.0.0.1:52224]' for 'GET' to 'http://localhost:52224/session/de1a4aa91c8a5e1b9ea9de6e314de9c4/element/090a4975-1fc8-428f-aece-8be9d8fd350c/text'
18:01:12.779 [Forwarding getElementText on session de1a4aa91c8a5e1b9ea9de6e314de9c4 to remote] DEBUG org.asynchttpclient.netty.request.NettyRequestSender - Using open Channel [id: 0xaf05ad24, L:/127.0.0.1:59262 - R:localhost/127.0.0.1:52224] for GET '/session/de1a4aa91c8a5e1b9ea9de6e314de9c4/element/090a4975-1fc8-428f-aece-8be9d8fd350c/text'
18:01:12.789 [AsyncHttpClient-1-8] DEBUG org.asynchttpclient.netty.handler.HttpHandler - 

Request DefaultFullHttpRequest(decodeResult: success, version: HTTP/1.1, content: EmptyByteBufBE)
GET /session/de1a4aa91c8a5e1b9ea9de6e314de9c4/element/090a4975-1fc8-428f-aece-8be9d8fd350c/text HTTP/1.1
User-Agent: selenium/4.4.0 (java windows)
Cache-Control: no-cache
Content-Type: application/json; charset=utf-8
host: localhost:52224
accept: */*

Response DefaultHttpResponse(decodeResult: success, version: HTTP/1.1)
HTTP/1.1 200 OK
Content-Type: application/json; charset=utf-8
cache-control: no-cache
content-length: 28

18:01:12.789 [AsyncHttpClient-1-8] DEBUG org.asynchttpclient.netty.channel.ChannelManager - Adding key: http://localhost:52224 for channel [id: 0xaf05ad24, L:/127.0.0.1:59262 - R:localhost/127.0.0.1:52224]
18:01:12.789 [Forwarding getElementText on session de1a4aa91c8a5e1b9ea9de6e314de9c4 to remote] DEBUG org.asynchttpclient.netty.request.NettyRequestSender - Using pooled Channel '[id: 0xaf05ad24, L:/127.0.0.1:59262 - R:localhost/127.0.0.1:52224]' for 'GET' to 'http://localhost:52224/session/de1a4aa91c8a5e1b9ea9de6e314de9c4/element/8d526e68-628a-4e06-9f93-7ecc899f2461/text'
18:01:12.789 [Forwarding getElementText on session de1a4aa91c8a5e1b9ea9de6e314de9c4 to remote] DEBUG org.asynchttpclient.netty.request.NettyRequestSender - Using open Channel [id: 0xaf05ad24, L:/127.0.0.1:59262 - R:localhost/127.0.0.1:52224] for GET '/session/de1a4aa91c8a5e1b9ea9de6e314de9c4/element/8d526e68-628a-4e06-9f93-7ecc899f2461/text'
18:01:12.798 [AsyncHttpClient-1-8] DEBUG org.asynchttpclient.netty.handler.HttpHandler - 

Request DefaultFullHttpRequest(decodeResult: success, version: HTTP/1.1, content: EmptyByteBufBE)
GET /session/de1a4aa91c8a5e1b9ea9de6e314de9c4/element/8d526e68-628a-4e06-9f93-7ecc899f2461/text HTTP/1.1
User-Agent: selenium/4.4.0 (java windows)
Cache-Control: no-cache
Content-Type: application/json; charset=utf-8
host: localhost:52224
accept: */*

Response DefaultHttpResponse(decodeResult: success, version: HTTP/1.1)
HTTP/1.1 200 OK
Content-Type: application/json; charset=utf-8
cache-control: no-cache
content-length: 19

18:01:12.798 [AsyncHttpClient-1-8] DEBUG org.asynchttpclient.netty.channel.ChannelManager - Adding key: http://localhost:52224 for channel [id: 0xaf05ad24, L:/127.0.0.1:59262 - R:localhost/127.0.0.1:52224]
18:01:12.799 [Forwarding screenshot on session de1a4aa91c8a5e1b9ea9de6e314de9c4 to remote] DEBUG org.asynchttpclient.netty.request.NettyRequestSender - Using pooled Channel '[id: 0xaf05ad24, L:/127.0.0.1:59262 - R:localhost/127.0.0.1:52224]' for 'GET' to 'http://localhost:52224/session/de1a4aa91c8a5e1b9ea9de6e314de9c4/screenshot'
18:01:12.799 [Forwarding screenshot on session de1a4aa91c8a5e1b9ea9de6e314de9c4 to remote] DEBUG org.asynchttpclient.netty.request.NettyRequestSender - Using open Channel [id: 0xaf05ad24, L:/127.0.0.1:59262 - R:localhost/127.0.0.1:52224] for GET '/session/de1a4aa91c8a5e1b9ea9de6e314de9c4/screenshot'
18:01:12.895 [AsyncHttpClient-1-8] DEBUG org.asynchttpclient.netty.handler.HttpHandler - 

Request DefaultFullHttpRequest(decodeResult: success, version: HTTP/1.1, content: EmptyByteBufBE)
GET /session/de1a4aa91c8a5e1b9ea9de6e314de9c4/screenshot HTTP/1.1
User-Agent: selenium/4.4.0 (java windows)
Cache-Control: no-cache
Content-Type: application/json; charset=utf-8
host: localhost:52224
accept: */*

Response DefaultHttpResponse(decodeResult: success, version: HTTP/1.1)
HTTP/1.1 200 OK
Content-Type: application/json; charset=utf-8
cache-control: no-cache
content-length: 166640

18:01:12.895 [AsyncHttpClient-1-8] DEBUG org.asynchttpclient.netty.channel.ChannelManager - Adding key: http://localhost:52224 for channel [id: 0xaf05ad24, L:/127.0.0.1:59262 - R:localhost/127.0.0.1:52224]
  &amp#27;[32mThen &amp#27;[0m&amp#27;[32mcombruebo que el telefono &amp#27;[0m&amp#27;[32m&amp#27;[1m"Nexus 6"&amp#27;[0m&amp#27;[32m se ha anadido&amp#27;[0m           &amp#27;[90m# Step.ComprobarCestaStep.combruebo_que_el_telefono_se_ha_anadido(java.lang.String)&amp#27;[0m
18:01:12.905 [Forwarding getCurrentWindowHandle on session de1a4aa91c8a5e1b9ea9de6e314de9c4 to remote] DEBUG org.asynchttpclient.netty.request.NettyRequestSender - Using pooled Channel '[id: 0xaf05ad24, L:/127.0.0.1:59262 - R:localhost/127.0.0.1:52224]' for 'GET' to 'http://localhost:52224/session/de1a4aa91c8a5e1b9ea9de6e314de9c4/window'
18:01:12.905 [Forwarding getCurrentWindowHandle on session de1a4aa91c8a5e1b9ea9de6e314de9c4 to remote] DEBUG org.asynchttpclient.netty.request.NettyRequestSender - Using open Channel [id: 0xaf05ad24, L:/127.0.0.1:59262 - R:localhost/127.0.0.1:52224] for GET '/session/de1a4aa91c8a5e1b9ea9de6e314de9c4/window'
18:01:12.906 [AsyncHttpClient-1-8] DEBUG org.asynchttpclient.netty.handler.HttpHandler - 

Request DefaultFullHttpRequest(decodeResult: success, version: HTTP/1.1, content: EmptyByteBufBE)
GET /session/de1a4aa91c8a5e1b9ea9de6e314de9c4/window HTTP/1.1
User-Agent: selenium/4.4.0 (java windows)
Cache-Control: no-cache
Content-Type: application/json; charset=utf-8
host: localhost:52224
accept: */*

Response DefaultHttpResponse(decodeResult: success, version: HTTP/1.1)
HTTP/1.1 200 OK
Content-Type: application/json; charset=utf-8
cache-control: no-cache
content-length: 53

18:01:12.906 [AsyncHttpClient-1-8] DEBUG org.asynchttpclient.netty.channel.ChannelManager - Adding key: http://localhost:52224 for channel [id: 0xaf05ad24, L:/127.0.0.1:59262 - R:localhost/127.0.0.1:52224]
18:01:12.906 [Forwarding getAlertText on session de1a4aa91c8a5e1b9ea9de6e314de9c4 to remote] DEBUG org.asynchttpclient.netty.request.NettyRequestSender - Using pooled Channel '[id: 0xaf05ad24, L:/127.0.0.1:59262 - R:localhost/127.0.0.1:52224]' for 'GET' to 'http://localhost:52224/session/de1a4aa91c8a5e1b9ea9de6e314de9c4/alert/text'
18:01:12.906 [Forwarding getAlertText on session de1a4aa91c8a5e1b9ea9de6e314de9c4 to remote] DEBUG org.asynchttpclient.netty.request.NettyRequestSender - Using open Channel [id: 0xaf05ad24, L:/127.0.0.1:59262 - R:localhost/127.0.0.1:52224] for GET '/session/de1a4aa91c8a5e1b9ea9de6e314de9c4/alert/text'
18:01:12.909 [AsyncHttpClient-1-8] DEBUG org.asynchttpclient.netty.handler.HttpHandler - 

Request DefaultFullHttpRequest(decodeResult: success, version: HTTP/1.1, content: EmptyByteBufBE)
GET /session/de1a4aa91c8a5e1b9ea9de6e314de9c4/alert/text HTTP/1.1
User-Agent: selenium/4.4.0 (java windows)
Cache-Control: no-cache
Content-Type: application/json; charset=utf-8
host: localhost:52224
accept: */*

Response DefaultHttpResponse(decodeResult: success, version: HTTP/1.1)
HTTP/1.1 404 Not Found
Content-Type: application/json; charset=utf-8
cache-control: no-cache
content-length: 835

18:01:12.909 [AsyncHttpClient-1-8] DEBUG org.asynchttpclient.netty.channel.ChannelManager - Adding key: http://localhost:52224 for channel [id: 0xaf05ad24, L:/127.0.0.1:59262 - R:localhost/127.0.0.1:52224]
18:01:12.909 [Forwarding switchToWindow on session de1a4aa91c8a5e1b9ea9de6e314de9c4 to remote] DEBUG org.asynchttpclient.netty.request.NettyRequestSender - Using pooled Channel '[id: 0xaf05ad24, L:/127.0.0.1:59262 - R:localhost/127.0.0.1:52224]' for 'POST' to 'http://localhost:52224/session/de1a4aa91c8a5e1b9ea9de6e314de9c4/window'
18:01:12.909 [Forwarding switchToWindow on session de1a4aa91c8a5e1b9ea9de6e314de9c4 to remote] DEBUG org.asynchttpclient.netty.request.NettyRequestSender - Using open Channel [id: 0xaf05ad24, L:/127.0.0.1:59262 - R:localhost/127.0.0.1:52224] for POST '/session/de1a4aa91c8a5e1b9ea9de6e314de9c4/window'
18:01:12.912 [AsyncHttpClient-1-8] DEBUG org.asynchttpclient.netty.handler.HttpHandler - 

Request DefaultHttpRequest(decodeResult: success, version: HTTP/1.1)
POST /session/de1a4aa91c8a5e1b9ea9de6e314de9c4/window HTTP/1.1
User-Agent: selenium/4.4.0 (java windows)
Content-Length: 59
Content-Type: application/json; charset=utf-8
host: localhost:52224
accept: */*

Response DefaultHttpResponse(decodeResult: success, version: HTTP/1.1)
HTTP/1.1 200 OK
Content-Type: application/json; charset=utf-8
cache-control: no-cache
content-length: 14

18:01:12.912 [AsyncHttpClient-1-8] DEBUG org.asynchttpclient.netty.channel.ChannelManager - Adding key: http://localhost:52224 for channel [id: 0xaf05ad24, L:/127.0.0.1:59262 - R:localhost/127.0.0.1:52224]
18:01:12.912 [Forwarding getCurrentUrl on session de1a4aa91c8a5e1b9ea9de6e314de9c4 to remote] DEBUG org.asynchttpclient.netty.request.NettyRequestSender - Using pooled Channel '[id: 0xaf05ad24, L:/127.0.0.1:59262 - R:localhost/127.0.0.1:52224]' for 'GET' to 'http://localhost:52224/session/de1a4aa91c8a5e1b9ea9de6e314de9c4/url'
18:01:12.912 [Forwarding getCurrentUrl on session de1a4aa91c8a5e1b9ea9de6e314de9c4 to remote] DEBUG org.asynchttpclient.netty.request.NettyRequestSender - Using open Channel [id: 0xaf05ad24, L:/127.0.0.1:59262 - R:localhost/127.0.0.1:52224] for GET '/session/de1a4aa91c8a5e1b9ea9de6e314de9c4/url'
18:01:12.915 [AsyncHttpClient-1-8] DEBUG org.asynchttpclient.netty.handler.HttpHandler - 

Request DefaultFullHttpRequest(decodeResult: success, version: HTTP/1.1, content: EmptyByteBufBE)
GET /session/de1a4aa91c8a5e1b9ea9de6e314de9c4/url HTTP/1.1
User-Agent: selenium/4.4.0 (java windows)
Cache-Control: no-cache
Content-Type: application/json; charset=utf-8
host: localhost:52224
accept: */*

Response DefaultHttpResponse(decodeResult: success, version: HTTP/1.1)
HTTP/1.1 200 OK
Content-Type: application/json; charset=utf-8
cache-control: no-cache
content-length: 47

18:01:12.915 [AsyncHttpClient-1-8] DEBUG org.asynchttpclient.netty.channel.ChannelManager - Adding key: http://localhost:52224 for channel [id: 0xaf05ad24, L:/127.0.0.1:59262 - R:localhost/127.0.0.1:52224]
18:01:12.916 [Forwarding screenshot on session de1a4aa91c8a5e1b9ea9de6e314de9c4 to remote] DEBUG org.asynchttpclient.netty.request.NettyRequestSender - Using pooled Channel '[id: 0xaf05ad24, L:/127.0.0.1:59262 - R:localhost/127.0.0.1:52224]' for 'GET' to 'http://localhost:52224/session/de1a4aa91c8a5e1b9ea9de6e314de9c4/screenshot'
18:01:12.916 [Forwarding screenshot on session de1a4aa91c8a5e1b9ea9de6e314de9c4 to remote] DEBUG org.asynchttpclient.netty.request.NettyRequestSender - Using open Channel [id: 0xaf05ad24, L:/127.0.0.1:59262 - R:localhost/127.0.0.1:52224] for GET '/session/de1a4aa91c8a5e1b9ea9de6e314de9c4/screenshot'
18:01:13.009 [AsyncHttpClient-1-8] DEBUG org.asynchttpclient.netty.handler.HttpHandler - 

Request DefaultFullHttpRequest(decodeResult: success, version: HTTP/1.1, content: EmptyByteBufBE)
GET /session/de1a4aa91c8a5e1b9ea9de6e314de9c4/screenshot HTTP/1.1
User-Agent: selenium/4.4.0 (java windows)
Cache-Control: no-cache
Content-Type: application/json; charset=utf-8
host: localhost:52224
accept: */*

Response DefaultHttpResponse(decodeResult: success, version: HTTP/1.1)
HTTP/1.1 200 OK
Content-Type: application/json; charset=utf-8
cache-control: no-cache
content-length: 166640

18:01:13.010 [AsyncHttpClient-1-8] DEBUG org.asynchttpclient.netty.channel.ChannelManager - Adding key: http://localhost:52224 for channel [id: 0xaf05ad24, L:/127.0.0.1:59262 - R:localhost/127.0.0.1:52224]
18:01:13.012 [main] DEBUG net.serenitybdd.core.photography.Darkroom - Send negative for processing for target\site\serenity\ab3f0b18f543d019f826e501c8b1f61ff7ac15992d67c70276829a16a57fa726.png
vuelta 3./Docu/@Cesta/@Cesta
18:01:13.012 [Darkroom Processing Line] DEBUG net.serenitybdd.core.photography.DarkroomProcessingLine - Processing screenshot image in /var/screenshots/screenshot-7373936100044320190
18:01:13.013 [Darkroom Processing Line] DEBUG net.serenitybdd.core.photography.DarkroomProcessingLine - Saving screenshot to target\site\serenity\ab3f0b18f543d019f826e501c8b1f61ff7ac15992d67c70276829a16a57fa726.png
18:01:13.026 [main] WARN com.itextpdf.layout.renderer.RootRenderer - Element does not fit current area. 
18:01:13.042 [main] WARN com.itextpdf.layout.renderer.RootRenderer - Element does not fit current area. 
18:01:13.058 [main] WARN com.itextpdf.layout.renderer.RootRenderer - Element does not fit current area. 
18:01:13.072 [main] WARN com.itextpdf.layout.renderer.RootRenderer - Element does not fit current area. 
18:01:13.090 [main] WARN com.itextpdf.layout.renderer.RootRenderer - Element does not fit current area. 
18:01:13.200 [main] DEBUG com.itextpdf.io.source.ByteBufferRandomAccessSource - Unable to make public jdk.internal.ref.Cleaner java.nio.DirectByteBuffer.cleaner() accessible: module java.base does not "opens java.nio" to unnamed module @c333c60
18:01:13.204 [main] DEBUG com.itextpdf.io.source.ByteBufferRandomAccessSource - Unable to make public jdk.internal.ref.Cleaner java.nio.DirectByteBuffer.cleaner() accessible: module java.base does not "opens java.nio" to unnamed module @c333c60
18:01:13.208 [main] DEBUG com.itextpdf.io.source.ByteBufferRandomAccessSource - Unable to make public jdk.internal.ref.Cleaner java.nio.DirectByteBuffer.cleaner() accessible: module java.base does not "opens java.nio" to unnamed module @c333c60
18:01:13.212 [main] DEBUG com.itextpdf.io.source.ByteBufferRandomAccessSource - Unable to make public jdk.internal.ref.Cleaner java.nio.DirectByteBuffer.cleaner() accessible: module java.base does not "opens java.nio" to unnamed module @c333c60
18:01:13.218 [Forwarding getCurrentWindowHandle on session de1a4aa91c8a5e1b9ea9de6e314de9c4 to remote] DEBUG org.asynchttpclient.netty.request.NettyRequestSender - Using pooled Channel '[id: 0xaf05ad24, L:/127.0.0.1:59262 - R:localhost/127.0.0.1:52224]' for 'GET' to 'http://localhost:52224/session/de1a4aa91c8a5e1b9ea9de6e314de9c4/window'
18:01:13.218 [Forwarding getCurrentWindowHandle on session de1a4aa91c8a5e1b9ea9de6e314de9c4 to remote] DEBUG org.asynchttpclient.netty.request.NettyRequestSender - Using open Channel [id: 0xaf05ad24, L:/127.0.0.1:59262 - R:localhost/127.0.0.1:52224] for GET '/session/de1a4aa91c8a5e1b9ea9de6e314de9c4/window'
18:01:13.219 [AsyncHttpClient-1-8] DEBUG org.asynchttpclient.netty.handler.HttpHandler - 

Request DefaultFullHttpRequest(decodeResult: success, version: HTTP/1.1, content: EmptyByteBufBE)
GET /session/de1a4aa91c8a5e1b9ea9de6e314de9c4/window HTTP/1.1
User-Agent: selenium/4.4.0 (java windows)
Cache-Control: no-cache
Content-Type: application/json; charset=utf-8
host: localhost:52224
accept: */*

Response DefaultHttpResponse(decodeResult: success, version: HTTP/1.1)
HTTP/1.1 200 OK
Content-Type: application/json; charset=utf-8
cache-control: no-cache
content-length: 53

18:01:13.219 [AsyncHttpClient-1-8] DEBUG org.asynchttpclient.netty.channel.ChannelManager - Adding key: http://localhost:52224 for channel [id: 0xaf05ad24, L:/127.0.0.1:59262 - R:localhost/127.0.0.1:52224]
18:01:13.220 [Forwarding getAlertText on session de1a4aa91c8a5e1b9ea9de6e314de9c4 to remote] DEBUG org.asynchttpclient.netty.request.NettyRequestSender - Using pooled Channel '[id: 0xaf05ad24, L:/127.0.0.1:59262 - R:localhost/127.0.0.1:52224]' for 'GET' to 'http://localhost:52224/session/de1a4aa91c8a5e1b9ea9de6e314de9c4/alert/text'
18:01:13.220 [Forwarding getAlertText on session de1a4aa91c8a5e1b9ea9de6e314de9c4 to remote] DEBUG org.asynchttpclient.netty.request.NettyRequestSender - Using open Channel [id: 0xaf05ad24, L:/127.0.0.1:59262 - R:localhost/127.0.0.1:52224] for GET '/session/de1a4aa91c8a5e1b9ea9de6e314de9c4/alert/text'
18:01:13.222 [AsyncHttpClient-1-8] DEBUG org.asynchttpclient.netty.handler.HttpHandler - 

Request DefaultFullHttpRequest(decodeResult: success, version: HTTP/1.1, content: EmptyByteBufBE)
GET /session/de1a4aa91c8a5e1b9ea9de6e314de9c4/alert/text HTTP/1.1
User-Agent: selenium/4.4.0 (java windows)
Cache-Control: no-cache
Content-Type: application/json; charset=utf-8
host: localhost:52224
accept: */*

Response DefaultHttpResponse(decodeResult: success, version: HTTP/1.1)
HTTP/1.1 404 Not Found
Content-Type: application/json; charset=utf-8
cache-control: no-cache
content-length: 835

18:01:13.222 [AsyncHttpClient-1-8] DEBUG org.asynchttpclient.netty.channel.ChannelManager - Adding key: http://localhost:52224 for channel [id: 0xaf05ad24, L:/127.0.0.1:59262 - R:localhost/127.0.0.1:52224]
18:01:13.223 [Forwarding switchToWindow on session de1a4aa91c8a5e1b9ea9de6e314de9c4 to remote] DEBUG org.asynchttpclient.netty.request.NettyRequestSender - Using pooled Channel '[id: 0xaf05ad24, L:/127.0.0.1:59262 - R:localhost/127.0.0.1:52224]' for 'POST' to 'http://localhost:52224/session/de1a4aa91c8a5e1b9ea9de6e314de9c4/window'
18:01:13.223 [Forwarding switchToWindow on session de1a4aa91c8a5e1b9ea9de6e314de9c4 to remote] DEBUG org.asynchttpclient.netty.request.NettyRequestSender - Using open Channel [id: 0xaf05ad24, L:/127.0.0.1:59262 - R:localhost/127.0.0.1:52224] for POST '/session/de1a4aa91c8a5e1b9ea9de6e314de9c4/window'
18:01:13.225 [AsyncHttpClient-1-8] DEBUG org.asynchttpclient.netty.handler.HttpHandler - 

Request DefaultHttpRequest(decodeResult: success, version: HTTP/1.1)
POST /session/de1a4aa91c8a5e1b9ea9de6e314de9c4/window HTTP/1.1
User-Agent: selenium/4.4.0 (java windows)
Content-Length: 59
Content-Type: application/json; charset=utf-8
host: localhost:52224
accept: */*

Response DefaultHttpResponse(decodeResult: success, version: HTTP/1.1)
HTTP/1.1 200 OK
Content-Type: application/json; charset=utf-8
cache-control: no-cache
content-length: 14

18:01:13.225 [AsyncHttpClient-1-8] DEBUG org.asynchttpclient.netty.channel.ChannelManager - Adding key: http://localhost:52224 for channel [id: 0xaf05ad24, L:/127.0.0.1:59262 - R:localhost/127.0.0.1:52224]
18:01:13.225 [Forwarding getCurrentUrl on session de1a4aa91c8a5e1b9ea9de6e314de9c4 to remote] DEBUG org.asynchttpclient.netty.request.NettyRequestSender - Using pooled Channel '[id: 0xaf05ad24, L:/127.0.0.1:59262 - R:localhost/127.0.0.1:52224]' for 'GET' to 'http://localhost:52224/session/de1a4aa91c8a5e1b9ea9de6e314de9c4/url'
18:01:13.225 [Forwarding getCurrentUrl on session de1a4aa91c8a5e1b9ea9de6e314de9c4 to remote] DEBUG org.asynchttpclient.netty.request.NettyRequestSender - Using open Channel [id: 0xaf05ad24, L:/127.0.0.1:59262 - R:localhost/127.0.0.1:52224] for GET '/session/de1a4aa91c8a5e1b9ea9de6e314de9c4/url'
18:01:13.228 [AsyncHttpClient-1-8] DEBUG org.asynchttpclient.netty.handler.HttpHandler - 

Request DefaultFullHttpRequest(decodeResult: success, version: HTTP/1.1, content: EmptyByteBufBE)
GET /session/de1a4aa91c8a5e1b9ea9de6e314de9c4/url HTTP/1.1
User-Agent: selenium/4.4.0 (java windows)
Cache-Control: no-cache
Content-Type: application/json; charset=utf-8
host: localhost:52224
accept: */*

Response DefaultHttpResponse(decodeResult: success, version: HTTP/1.1)
HTTP/1.1 200 OK
Content-Type: application/json; charset=utf-8
cache-control: no-cache
content-length: 47

18:01:13.228 [AsyncHttpClient-1-8] DEBUG org.asynchttpclient.netty.channel.ChannelManager - Adding key: http://localhost:52224 for channel [id: 0xaf05ad24, L:/127.0.0.1:59262 - R:localhost/127.0.0.1:52224]
18:01:13.229 [Forwarding screenshot on session de1a4aa91c8a5e1b9ea9de6e314de9c4 to remote] DEBUG org.asynchttpclient.netty.request.NettyRequestSender - Using pooled Channel '[id: 0xaf05ad24, L:/127.0.0.1:59262 - R:localhost/127.0.0.1:52224]' for 'GET' to 'http://localhost:52224/session/de1a4aa91c8a5e1b9ea9de6e314de9c4/screenshot'
18:01:13.229 [Forwarding screenshot on session de1a4aa91c8a5e1b9ea9de6e314de9c4 to remote] DEBUG org.asynchttpclient.netty.request.NettyRequestSender - Using open Channel [id: 0xaf05ad24, L:/127.0.0.1:59262 - R:localhost/127.0.0.1:52224] for GET '/session/de1a4aa91c8a5e1b9ea9de6e314de9c4/screenshot'
18:01:13.313 [AsyncHttpClient-1-8] DEBUG org.asynchttpclient.netty.handler.HttpHandler - 

Request DefaultFullHttpRequest(decodeResult: success, version: HTTP/1.1, content: EmptyByteBufBE)
GET /session/de1a4aa91c8a5e1b9ea9de6e314de9c4/screenshot HTTP/1.1
User-Agent: selenium/4.4.0 (java windows)
Cache-Control: no-cache
Content-Type: application/json; charset=utf-8
host: localhost:52224
accept: */*

Response DefaultHttpResponse(decodeResult: success, version: HTTP/1.1)
HTTP/1.1 200 OK
Content-Type: application/json; charset=utf-8
cache-control: no-cache
content-length: 166640

18:01:13.313 [AsyncHttpClient-1-8] DEBUG org.asynchttpclient.netty.channel.ChannelManager - Adding key: http://localhost:52224 for channel [id: 0xaf05ad24, L:/127.0.0.1:59262 - R:localhost/127.0.0.1:52224]
18:01:13.316 [main] DEBUG net.serenitybdd.core.photography.Darkroom - Send negative for processing for target\site\serenity\ab3f0b18f543d019f826e501c8b1f61ff7ac15992d67c70276829a16a57fa726.png
18:01:13.318 [AsyncHttpClient-1-10] DEBUG org.asynchttpclient.netty.handler.WebSocketHandler - Channel Closed: [id: 0x522afcd0, L:/127.0.0.1:59270 ! R:localhost/127.0.0.1:59263] with attribute NettyResponseFuture{currentRetry=0,
	isDone=1,
	isCancelled=0,
	asyncHandler=org.asynchttpclient.ws.WebSocketUpgradeHandler@50581f9b,
	nettyRequest=org.asynchttpclient.netty.request.NettyRequest@155a9bf4,
	future=java.util.concurrent.CompletableFuture@4c84b298[Completed normally],
	uri=ws://localhost:59263/devtools/browser/97bd3143-51f5-46df-8d46-9719ad1c5d94,
	keepAlive=true,
	redirectCount=0,
	timeoutsHolder=null,
	inAuth=0,
	touch=1673370064693}
18:01:13.318 [Driver Command Executor] DEBUG org.asynchttpclient.netty.request.NettyRequestSender - Using pooled Channel '[id: 0xaf05ad24, L:/127.0.0.1:59262 - R:localhost/127.0.0.1:52224]' for 'DELETE' to 'http://localhost:52224/session/de1a4aa91c8a5e1b9ea9de6e314de9c4'
18:01:13.318 [AsyncHttpClient-1-10] DEBUG org.asynchttpclient.netty.channel.ChannelManager - Closing Channel [id: 0x522afcd0, L:/127.0.0.1:59270 ! R:localhost/127.0.0.1:59263] 
18:01:13.318 [Driver Command Executor] DEBUG org.asynchttpclient.netty.request.NettyRequestSender - Using open Channel [id: 0xaf05ad24, L:/127.0.0.1:59262 - R:localhost/127.0.0.1:52224] for DELETE '/session/de1a4aa91c8a5e1b9ea9de6e314de9c4'
18:01:13.452 [AsyncHttpClient-1-9] DEBUG org.asynchttpclient.netty.handler.HttpHandler - Unexpected I/O exception on channel [id: 0xf6edbc87, L:/127.0.0.1:59269 - R:localhost/127.0.0.1:59263]
java.net.SocketException: Connection reset
	at java.base/sun.nio.ch.SocketChannelImpl.throwConnectionReset(SocketChannelImpl.java:401)
	at java.base/sun.nio.ch.SocketChannelImpl.read(SocketChannelImpl.java:434)
	at io.netty.buffer.PooledByteBuf.setBytes(PooledByteBuf.java:258)
	at io.netty.buffer.AbstractByteBuf.writeBytes(AbstractByteBuf.java:1132)
	at io.netty.channel.socket.nio.NioSocketChannel.doReadBytes(NioSocketChannel.java:357)
	at io.netty.channel.nio.AbstractNioByteChannel$NioByteUnsafe.read(AbstractNioByteChannel.java:151)
	at io.netty.channel.nio.NioEventLoop.processSelectedKey(NioEventLoop.java:722)
	at io.netty.channel.nio.NioEventLoop.processSelectedKeysOptimized(NioEventLoop.java:658)
	at io.netty.channel.nio.NioEventLoop.processSelectedKeys(NioEventLoop.java:584)
	at io.netty.channel.nio.NioEventLoop.run(NioEventLoop.java:496)
	at io.netty.util.concurrent.SingleThreadEventExecutor$4.run(SingleThreadEventExecutor.java:997)
	at io.netty.util.internal.ThreadExecutorMap$2.run(ThreadExecutorMap.java:74)
	at io.netty.util.concurrent.FastThreadLocalRunnable.run(FastThreadLocalRunnable.java:30)
	at java.base/java.lang.Thread.run(Thread.java:1589)
18:01:13.452 [AsyncHttpClient-1-9] DEBUG org.asynchttpclient.netty.channel.ChannelManager - Closing Channel [id: 0xf6edbc87, L:/127.0.0.1:59269 - R:localhost/127.0.0.1:59263] 
18:01:13.452 [AsyncHttpClient-1-9] DEBUG org.asynchttpclient.netty.handler.HttpHandler - Channel Closed: [id: 0xf6edbc87, L:/127.0.0.1:59269 ! R:localhost/127.0.0.1:59263] with attribute DISCARD
18:01:13.466 [AsyncHttpClient-1-1] DEBUG org.asynchttpclient.netty.channel.DefaultChannelPool - Entry count for : http://localhost:59263 : 1
18:01:13.466 [AsyncHttpClient-1-1] DEBUG org.asynchttpclient.netty.channel.DefaultChannelPool - Adding Candidate expired Channel [id: 0xf6edbc87, L:/127.0.0.1:59269 ! R:localhost/127.0.0.1:59263] isIdleTimeoutExpired=false isRemotelyClosed=true isTtlExpired=false
18:01:13.466 [AsyncHttpClient-1-1] DEBUG org.asynchttpclient.netty.channel.DefaultChannelPool - Closing Idle Channel [id: 0xf6edbc87, L:/127.0.0.1:59269 ! R:localhost/127.0.0.1:59263]
18:01:13.466 [AsyncHttpClient-1-1] DEBUG org.asynchttpclient.netty.channel.DefaultChannelPool - Closed 1 connections out of 1 in 0 ms
18:01:13.490 [AsyncHttpClient-1-8] DEBUG org.asynchttpclient.netty.handler.HttpHandler - 

Request DefaultFullHttpRequest(decodeResult: success, version: HTTP/1.1, content: EmptyByteBufBE)
DELETE /session/de1a4aa91c8a5e1b9ea9de6e314de9c4 HTTP/1.1
User-Agent: selenium/4.4.0 (java windows)
Content-Type: application/json; charset=utf-8
host: localhost:52224
accept: */*

Response DefaultHttpResponse(decodeResult: success, version: HTTP/1.1)
HTTP/1.1 200 OK
Content-Type: application/json; charset=utf-8
cache-control: no-cache
content-length: 14

18:01:13.490 [AsyncHttpClient-1-8] DEBUG org.asynchttpclient.netty.channel.ChannelManager - Adding key: http://localhost:52224 for channel [id: 0xaf05ad24, L:/127.0.0.1:59262 - R:localhost/127.0.0.1:52224]
18:01:13.581 [AsyncHttpClient-1-8] DEBUG org.asynchttpclient.netty.handler.HttpHandler - Channel Closed: [id: 0xaf05ad24, L:/127.0.0.1:59262 ! R:localhost/127.0.0.1:52224] with attribute DISCARD
]]></system-out>
    <system-err><![CDATA[Starting ChromeDriver 108.0.5359.71 (1e0e3868ee06e91ad636a874420e3ca3ae3756ac-refs/branch-heads/5359@{#1016}) on port 52224
Only local connections are allowed.
Please see https://chromedriver.chromium.org/security-considerations for suggestions on keeping ChromeDriver safe.
ChromeDriver was started successfully.
ene 10, 2023 6:01:04 P. M. org.openqa.selenium.remote.ProtocolHandshake createSession
INFO: Detected upstream dialect: W3C
ene 10, 2023 6:01:04 P. M. org.openqa.selenium.devtools.CdpVersionFinder findNearestMatch
WARNING: Unable to find an exact match for CDP version 108, so returning the closest version found: 104
ene 10, 2023 6:01:04 P. M. org.openqa.selenium.devtools.CdpVersionFinder findNearestMatch
INFO: Found CDP implementation for version 108 of 104
]]></system-err>
  </testcase>
  <testcase name="Precios" classname="Cesta" time="7.615">
    <system-out><![CDATA[
@Precios
Scenario Outline: Precios                                                          &amp#27;[90m# src/test/resources/features/cesta.feature:49&amp#27;[0m
18:01:13.630 [main] INFO io.cucumber.core.plugin.SerenityReporter - Running feature from file:///C:/Users/doprsama/eclipse-workspace/PracticaCompleta/src/test/resources/features/cesta.feature
18:01:13.631 [main] INFO  - 
  _____   ___   ___   _____     ___   _____     _     ___   _____   ___   ___  
 |_   _| | __| / __| |_   _|   / __| |_   _|   /_\   | _ \ |_   _| | __| |   \ 
   | |   | _|  \__ \   | |     \__ \   | |    / _ \  |   /   | |   | _|  | |) |
   |_|   |___| |___/   |_|     |___/   |_|   /_/ \_\ |_|_\   |_|   |___| |___/ 

Precios(cesta;precios)
--------------------------------------------------------------------------------
18:01:13.698 [main] DEBUG net.thucydides.core.steps.StepInterceptor - STARTING STEP: CompararPreciosStep.logeado_con_el_usuario_de_contraseña - abro la pagina
18:01:13.734 [main] INFO net.serenitybdd.core.webdriver.driverproviders.ChromeDriverProvider - Starting Chrome driver instance with capabilities:
18:01:13.734 [main] INFO net.serenitybdd.core.webdriver.driverproviders.ChromeDriverProvider - Capabilities {acceptInsecureCerts: false, browserName: chrome, goog:chromeOptions: {args: [], extensions: []}}
18:01:13.782 [AsyncHttpClient-1-11] DEBUG org.asynchttpclient.netty.channel.NettyConnectListener - Using new Channel '[id: 0x696dc3fe, L:/127.0.0.1:59284 - R:localhost/127.0.0.1:51652]' for 'POST' to '/session'
18:01:14.423 [AsyncHttpClient-1-11] DEBUG org.asynchttpclient.netty.handler.HttpHandler - 

Request DefaultHttpRequest(decodeResult: success, version: HTTP/1.1)
POST /session HTTP/1.1
User-Agent: selenium/4.4.0 (java windows)
Content-Length: 437
Content-Type: application/json; charset=utf-8
host: localhost:51652
accept: */*

Response DefaultHttpResponse(decodeResult: success, version: HTTP/1.1)
HTTP/1.1 200 OK
Content-Type: application/json; charset=utf-8
cache-control: no-cache
content-length: 794

18:01:14.423 [AsyncHttpClient-1-11] DEBUG org.asynchttpclient.netty.channel.ChannelManager - Adding key: http://localhost:51652 for channel [id: 0x696dc3fe, L:/127.0.0.1:59284 - R:localhost/127.0.0.1:51652]
18:01:14.427 [AsyncHttpClient-1-12] DEBUG org.asynchttpclient.netty.channel.NettyConnectListener - Using new Channel '[id: 0x79df1835, L:/127.0.0.1:59291 - R:localhost/127.0.0.1:59285]' for 'GET' to '/json/version'
18:01:14.428 [AsyncHttpClient-1-12] DEBUG org.asynchttpclient.netty.handler.HttpHandler - 

Request DefaultFullHttpRequest(decodeResult: success, version: HTTP/1.1, content: EmptyByteBufBE)
GET /json/version HTTP/1.1
User-Agent: selenium/4.4.0 (java windows)
host: localhost:59285
accept: */*

Response DefaultHttpResponse(decodeResult: success, version: HTTP/1.1)
HTTP/1.1 200 OK
Content-Type: application/json; charset=UTF-8
content-length: 424

18:01:14.428 [AsyncHttpClient-1-12] DEBUG org.asynchttpclient.netty.channel.ChannelManager - Adding key: http://localhost:59285 for channel [id: 0x79df1835, L:/127.0.0.1:59291 - R:localhost/127.0.0.1:59285]
18:01:14.429 [AsyncHttpClient-1-13] DEBUG org.asynchttpclient.netty.channel.NettyConnectListener - Using new Channel '[id: 0xc57950a1, L:/127.0.0.1:59292 - R:localhost/127.0.0.1:59285]' for 'GET' to '/devtools/browser/940ab4a9-923f-4990-b249-fc529111cdb9'
18:01:14.430 [AsyncHttpClient-1-13] DEBUG org.asynchttpclient.netty.handler.WebSocketHandler - 

Request DefaultFullHttpRequest(decodeResult: success, version: HTTP/1.1, content: EmptyByteBufBE)
GET /devtools/browser/940ab4a9-923f-4990-b249-fc529111cdb9 HTTP/1.1
upgrade: websocket
connection: upgrade
sec-websocket-key: RdhPjQnfMOggZWMiQD+znA==
sec-websocket-version: 13
origin: http://localhost:59285
host: localhost:59285
accept: */*
user-agent: AHC/2.1

Response DefaultHttpResponse(decodeResult: success, version: HTTP/1.1)
HTTP/1.1 101 WebSocket Protocol Handshake
Upgrade: WebSocket
Connection: Upgrade
Sec-WebSocket-Accept: HaDbpJehCH7gXzjpSenYwXXpPW4=

18:01:14.433 [Forwarding get on session bfaf75cba8861e6ac241834be22608b9 to remote] DEBUG org.asynchttpclient.netty.request.NettyRequestSender - Using pooled Channel '[id: 0x696dc3fe, L:/127.0.0.1:59284 - R:localhost/127.0.0.1:51652]' for 'POST' to 'http://localhost:51652/session/bfaf75cba8861e6ac241834be22608b9/url'
18:01:14.433 [Forwarding get on session bfaf75cba8861e6ac241834be22608b9 to remote] DEBUG org.asynchttpclient.netty.request.NettyRequestSender - Using open Channel [id: 0x696dc3fe, L:/127.0.0.1:59284 - R:localhost/127.0.0.1:51652] for POST '/session/bfaf75cba8861e6ac241834be22608b9/url'
18:01:14.564 [AsyncHttpClient-1-1] DEBUG org.asynchttpclient.netty.channel.DefaultChannelPool - Entry count for : http://localhost:59285 : 1
18:01:14.564 [AsyncHttpClient-1-1] DEBUG org.asynchttpclient.netty.channel.DefaultChannelPool - Entry count for : http://localhost:52224 : 1
18:01:14.564 [AsyncHttpClient-1-1] DEBUG org.asynchttpclient.netty.channel.DefaultChannelPool - Adding Candidate expired Channel [id: 0xaf05ad24, L:/127.0.0.1:59262 ! R:localhost/127.0.0.1:52224] isIdleTimeoutExpired=false isRemotelyClosed=true isTtlExpired=false
18:01:14.564 [AsyncHttpClient-1-1] DEBUG org.asynchttpclient.netty.channel.DefaultChannelPool - Closing Idle Channel [id: 0xaf05ad24, L:/127.0.0.1:59262 ! R:localhost/127.0.0.1:52224]
18:01:14.564 [AsyncHttpClient-1-1] DEBUG org.asynchttpclient.netty.channel.DefaultChannelPool - Closed 1 connections out of 2 in 0 ms
18:01:15.166 [AsyncHttpClient-1-11] DEBUG org.asynchttpclient.netty.handler.HttpHandler - 

Request DefaultHttpRequest(decodeResult: success, version: HTTP/1.1)
POST /session/bfaf75cba8861e6ac241834be22608b9/url HTTP/1.1
User-Agent: selenium/4.4.0 (java windows)
Content-Length: 66
Content-Type: application/json; charset=utf-8
host: localhost:51652
accept: */*

Response DefaultHttpResponse(decodeResult: success, version: HTTP/1.1)
HTTP/1.1 200 OK
Content-Type: application/json; charset=utf-8
cache-control: no-cache
content-length: 14

18:01:15.166 [AsyncHttpClient-1-11] DEBUG org.asynchttpclient.netty.channel.ChannelManager - Adding key: http://localhost:51652 for channel [id: 0x696dc3fe, L:/127.0.0.1:59284 - R:localhost/127.0.0.1:51652]
18:01:15.167 [Forwarding setTimeout on session bfaf75cba8861e6ac241834be22608b9 to remote] DEBUG org.asynchttpclient.netty.request.NettyRequestSender - Using pooled Channel '[id: 0x696dc3fe, L:/127.0.0.1:59284 - R:localhost/127.0.0.1:51652]' for 'POST' to 'http://localhost:51652/session/bfaf75cba8861e6ac241834be22608b9/timeouts'
18:01:15.167 [Forwarding setTimeout on session bfaf75cba8861e6ac241834be22608b9 to remote] DEBUG org.asynchttpclient.netty.request.NettyRequestSender - Using open Channel [id: 0x696dc3fe, L:/127.0.0.1:59284 - R:localhost/127.0.0.1:51652] for POST '/session/bfaf75cba8861e6ac241834be22608b9/timeouts'
18:01:15.168 [AsyncHttpClient-1-11] DEBUG org.asynchttpclient.netty.handler.HttpHandler - 

Request DefaultHttpRequest(decodeResult: success, version: HTTP/1.1)
POST /session/bfaf75cba8861e6ac241834be22608b9/timeouts HTTP/1.1
User-Agent: selenium/4.4.0 (java windows)
Content-Length: 22
Content-Type: application/json; charset=utf-8
host: localhost:51652
accept: */*

Response DefaultHttpResponse(decodeResult: success, version: HTTP/1.1)
HTTP/1.1 200 OK
Content-Type: application/json; charset=utf-8
cache-control: no-cache
content-length: 14

18:01:15.168 [AsyncHttpClient-1-11] DEBUG org.asynchttpclient.netty.channel.ChannelManager - Adding key: http://localhost:51652 for channel [id: 0x696dc3fe, L:/127.0.0.1:59284 - R:localhost/127.0.0.1:51652]
18:01:15.169 [Forwarding getCurrentUrl on session bfaf75cba8861e6ac241834be22608b9 to remote] DEBUG org.asynchttpclient.netty.request.NettyRequestSender - Using pooled Channel '[id: 0x696dc3fe, L:/127.0.0.1:59284 - R:localhost/127.0.0.1:51652]' for 'GET' to 'http://localhost:51652/session/bfaf75cba8861e6ac241834be22608b9/url'
18:01:15.169 [Forwarding getCurrentUrl on session bfaf75cba8861e6ac241834be22608b9 to remote] DEBUG org.asynchttpclient.netty.request.NettyRequestSender - Using open Channel [id: 0x696dc3fe, L:/127.0.0.1:59284 - R:localhost/127.0.0.1:51652] for GET '/session/bfaf75cba8861e6ac241834be22608b9/url'
18:01:15.173 [AsyncHttpClient-1-11] DEBUG org.asynchttpclient.netty.handler.HttpHandler - 

Request DefaultFullHttpRequest(decodeResult: success, version: HTTP/1.1, content: EmptyByteBufBE)
GET /session/bfaf75cba8861e6ac241834be22608b9/url HTTP/1.1
User-Agent: selenium/4.4.0 (java windows)
Cache-Control: no-cache
Content-Type: application/json; charset=utf-8
host: localhost:51652
accept: */*

Response DefaultHttpResponse(decodeResult: success, version: HTTP/1.1)
HTTP/1.1 200 OK
Content-Type: application/json; charset=utf-8
cache-control: no-cache
content-length: 48

18:01:15.173 [AsyncHttpClient-1-11] DEBUG org.asynchttpclient.netty.channel.ChannelManager - Adding key: http://localhost:51652 for channel [id: 0x696dc3fe, L:/127.0.0.1:59284 - R:localhost/127.0.0.1:51652]
18:01:15.174 [Forwarding getCurrentUrl on session bfaf75cba8861e6ac241834be22608b9 to remote] DEBUG org.asynchttpclient.netty.request.NettyRequestSender - Using pooled Channel '[id: 0x696dc3fe, L:/127.0.0.1:59284 - R:localhost/127.0.0.1:51652]' for 'GET' to 'http://localhost:51652/session/bfaf75cba8861e6ac241834be22608b9/url'
18:01:15.174 [Forwarding getCurrentUrl on session bfaf75cba8861e6ac241834be22608b9 to remote] DEBUG org.asynchttpclient.netty.request.NettyRequestSender - Using open Channel [id: 0x696dc3fe, L:/127.0.0.1:59284 - R:localhost/127.0.0.1:51652] for GET '/session/bfaf75cba8861e6ac241834be22608b9/url'
18:01:15.178 [AsyncHttpClient-1-11] DEBUG org.asynchttpclient.netty.handler.HttpHandler - 

Request DefaultFullHttpRequest(decodeResult: success, version: HTTP/1.1, content: EmptyByteBufBE)
GET /session/bfaf75cba8861e6ac241834be22608b9/url HTTP/1.1
User-Agent: selenium/4.4.0 (java windows)
Cache-Control: no-cache
Content-Type: application/json; charset=utf-8
host: localhost:51652
accept: */*

Response DefaultHttpResponse(decodeResult: success, version: HTTP/1.1)
HTTP/1.1 200 OK
Content-Type: application/json; charset=utf-8
cache-control: no-cache
content-length: 48

18:01:15.178 [AsyncHttpClient-1-11] DEBUG org.asynchttpclient.netty.channel.ChannelManager - Adding key: http://localhost:51652 for channel [id: 0x696dc3fe, L:/127.0.0.1:59284 - R:localhost/127.0.0.1:51652]
18:01:15.181 [Forwarding getCurrentWindowHandle on session bfaf75cba8861e6ac241834be22608b9 to remote] DEBUG org.asynchttpclient.netty.request.NettyRequestSender - Using pooled Channel '[id: 0x696dc3fe, L:/127.0.0.1:59284 - R:localhost/127.0.0.1:51652]' for 'GET' to 'http://localhost:51652/session/bfaf75cba8861e6ac241834be22608b9/window'
18:01:15.181 [Forwarding getCurrentWindowHandle on session bfaf75cba8861e6ac241834be22608b9 to remote] DEBUG org.asynchttpclient.netty.request.NettyRequestSender - Using open Channel [id: 0x696dc3fe, L:/127.0.0.1:59284 - R:localhost/127.0.0.1:51652] for GET '/session/bfaf75cba8861e6ac241834be22608b9/window'
18:01:15.182 [AsyncHttpClient-1-11] DEBUG org.asynchttpclient.netty.handler.HttpHandler - 

Request DefaultFullHttpRequest(decodeResult: success, version: HTTP/1.1, content: EmptyByteBufBE)
GET /session/bfaf75cba8861e6ac241834be22608b9/window HTTP/1.1
User-Agent: selenium/4.4.0 (java windows)
Cache-Control: no-cache
Content-Type: application/json; charset=utf-8
host: localhost:51652
accept: */*

Response DefaultHttpResponse(decodeResult: success, version: HTTP/1.1)
HTTP/1.1 200 OK
Content-Type: application/json; charset=utf-8
cache-control: no-cache
content-length: 53

18:01:15.182 [AsyncHttpClient-1-11] DEBUG org.asynchttpclient.netty.channel.ChannelManager - Adding key: http://localhost:51652 for channel [id: 0x696dc3fe, L:/127.0.0.1:59284 - R:localhost/127.0.0.1:51652]
18:01:15.183 [Forwarding getAlertText on session bfaf75cba8861e6ac241834be22608b9 to remote] DEBUG org.asynchttpclient.netty.request.NettyRequestSender - Using pooled Channel '[id: 0x696dc3fe, L:/127.0.0.1:59284 - R:localhost/127.0.0.1:51652]' for 'GET' to 'http://localhost:51652/session/bfaf75cba8861e6ac241834be22608b9/alert/text'
18:01:15.183 [Forwarding getAlertText on session bfaf75cba8861e6ac241834be22608b9 to remote] DEBUG org.asynchttpclient.netty.request.NettyRequestSender - Using open Channel [id: 0x696dc3fe, L:/127.0.0.1:59284 - R:localhost/127.0.0.1:51652] for GET '/session/bfaf75cba8861e6ac241834be22608b9/alert/text'
18:01:15.184 [AsyncHttpClient-1-11] DEBUG org.asynchttpclient.netty.handler.HttpHandler - 

Request DefaultFullHttpRequest(decodeResult: success, version: HTTP/1.1, content: EmptyByteBufBE)
GET /session/bfaf75cba8861e6ac241834be22608b9/alert/text HTTP/1.1
User-Agent: selenium/4.4.0 (java windows)
Cache-Control: no-cache
Content-Type: application/json; charset=utf-8
host: localhost:51652
accept: */*

Response DefaultHttpResponse(decodeResult: success, version: HTTP/1.1)
HTTP/1.1 404 Not Found
Content-Type: application/json; charset=utf-8
cache-control: no-cache
content-length: 835

18:01:15.184 [AsyncHttpClient-1-11] DEBUG org.asynchttpclient.netty.channel.ChannelManager - Adding key: http://localhost:51652 for channel [id: 0x696dc3fe, L:/127.0.0.1:59284 - R:localhost/127.0.0.1:51652]
18:01:15.185 [Forwarding switchToWindow on session bfaf75cba8861e6ac241834be22608b9 to remote] DEBUG org.asynchttpclient.netty.request.NettyRequestSender - Using pooled Channel '[id: 0x696dc3fe, L:/127.0.0.1:59284 - R:localhost/127.0.0.1:51652]' for 'POST' to 'http://localhost:51652/session/bfaf75cba8861e6ac241834be22608b9/window'
18:01:15.185 [Forwarding switchToWindow on session bfaf75cba8861e6ac241834be22608b9 to remote] DEBUG org.asynchttpclient.netty.request.NettyRequestSender - Using open Channel [id: 0x696dc3fe, L:/127.0.0.1:59284 - R:localhost/127.0.0.1:51652] for POST '/session/bfaf75cba8861e6ac241834be22608b9/window'
18:01:15.188 [AsyncHttpClient-1-11] DEBUG org.asynchttpclient.netty.handler.HttpHandler - 

Request DefaultHttpRequest(decodeResult: success, version: HTTP/1.1)
POST /session/bfaf75cba8861e6ac241834be22608b9/window HTTP/1.1
User-Agent: selenium/4.4.0 (java windows)
Content-Length: 59
Content-Type: application/json; charset=utf-8
host: localhost:51652
accept: */*

Response DefaultHttpResponse(decodeResult: success, version: HTTP/1.1)
HTTP/1.1 200 OK
Content-Type: application/json; charset=utf-8
cache-control: no-cache
content-length: 14

18:01:15.188 [AsyncHttpClient-1-11] DEBUG org.asynchttpclient.netty.channel.ChannelManager - Adding key: http://localhost:51652 for channel [id: 0x696dc3fe, L:/127.0.0.1:59284 - R:localhost/127.0.0.1:51652]
18:01:15.188 [Forwarding getCurrentUrl on session bfaf75cba8861e6ac241834be22608b9 to remote] DEBUG org.asynchttpclient.netty.request.NettyRequestSender - Using pooled Channel '[id: 0x696dc3fe, L:/127.0.0.1:59284 - R:localhost/127.0.0.1:51652]' for 'GET' to 'http://localhost:51652/session/bfaf75cba8861e6ac241834be22608b9/url'
18:01:15.188 [Forwarding getCurrentUrl on session bfaf75cba8861e6ac241834be22608b9 to remote] DEBUG org.asynchttpclient.netty.request.NettyRequestSender - Using open Channel [id: 0x696dc3fe, L:/127.0.0.1:59284 - R:localhost/127.0.0.1:51652] for GET '/session/bfaf75cba8861e6ac241834be22608b9/url'
18:01:15.191 [AsyncHttpClient-1-11] DEBUG org.asynchttpclient.netty.handler.HttpHandler - 

Request DefaultFullHttpRequest(decodeResult: success, version: HTTP/1.1, content: EmptyByteBufBE)
GET /session/bfaf75cba8861e6ac241834be22608b9/url HTTP/1.1
User-Agent: selenium/4.4.0 (java windows)
Cache-Control: no-cache
Content-Type: application/json; charset=utf-8
host: localhost:51652
accept: */*

Response DefaultHttpResponse(decodeResult: success, version: HTTP/1.1)
HTTP/1.1 200 OK
Content-Type: application/json; charset=utf-8
cache-control: no-cache
content-length: 48

18:01:15.191 [AsyncHttpClient-1-11] DEBUG org.asynchttpclient.netty.channel.ChannelManager - Adding key: http://localhost:51652 for channel [id: 0x696dc3fe, L:/127.0.0.1:59284 - R:localhost/127.0.0.1:51652]
18:01:15.191 [Forwarding screenshot on session bfaf75cba8861e6ac241834be22608b9 to remote] DEBUG org.asynchttpclient.netty.request.NettyRequestSender - Using pooled Channel '[id: 0x696dc3fe, L:/127.0.0.1:59284 - R:localhost/127.0.0.1:51652]' for 'GET' to 'http://localhost:51652/session/bfaf75cba8861e6ac241834be22608b9/screenshot'
18:01:15.191 [Forwarding screenshot on session bfaf75cba8861e6ac241834be22608b9 to remote] DEBUG org.asynchttpclient.netty.request.NettyRequestSender - Using open Channel [id: 0x696dc3fe, L:/127.0.0.1:59284 - R:localhost/127.0.0.1:51652] for GET '/session/bfaf75cba8861e6ac241834be22608b9/screenshot'
18:01:15.296 [AsyncHttpClient-1-11] DEBUG org.asynchttpclient.netty.handler.HttpHandler - 

Request DefaultFullHttpRequest(decodeResult: success, version: HTTP/1.1, content: EmptyByteBufBE)
GET /session/bfaf75cba8861e6ac241834be22608b9/screenshot HTTP/1.1
User-Agent: selenium/4.4.0 (java windows)
Cache-Control: no-cache
Content-Type: application/json; charset=utf-8
host: localhost:51652
accept: */*

Response DefaultHttpResponse(decodeResult: success, version: HTTP/1.1)
HTTP/1.1 200 OK
Content-Type: application/json; charset=utf-8
cache-control: no-cache
content-length: 239216

18:01:15.297 [AsyncHttpClient-1-11] DEBUG org.asynchttpclient.netty.channel.ChannelManager - Adding key: http://localhost:51652 for channel [id: 0x696dc3fe, L:/127.0.0.1:59284 - R:localhost/127.0.0.1:51652]
18:01:15.300 [main] DEBUG net.serenitybdd.core.photography.Darkroom - Send negative for processing for target\site\serenity\d822fc9d4781e0578d3ed239da5bb866355c55b6019d4b01def97d6e03f16f23.png
18:01:15.300 [main] DEBUG net.thucydides.core.steps.StepInterceptor - STEP DONE: abro la pagina
18:01:15.305 [Forwarding getPageSource on session bfaf75cba8861e6ac241834be22608b9 to remote] DEBUG org.asynchttpclient.netty.request.NettyRequestSender - Using pooled Channel '[id: 0x696dc3fe, L:/127.0.0.1:59284 - R:localhost/127.0.0.1:51652]' for 'POST' to 'http://localhost:51652/session/bfaf75cba8861e6ac241834be22608b9/execute/sync'
18:01:15.305 [Forwarding getPageSource on session bfaf75cba8861e6ac241834be22608b9 to remote] DEBUG org.asynchttpclient.netty.request.NettyRequestSender - Using open Channel [id: 0x696dc3fe, L:/127.0.0.1:59284 - R:localhost/127.0.0.1:51652] for POST '/session/bfaf75cba8861e6ac241834be22608b9/execute/sync'
18:01:15.312 [AsyncHttpClient-1-11] DEBUG org.asynchttpclient.netty.handler.HttpHandler - 

Request DefaultHttpRequest(decodeResult: success, version: HTTP/1.1)
POST /session/bfaf75cba8861e6ac241834be22608b9/execute/sync HTTP/1.1
User-Agent: selenium/4.4.0 (java windows)
Content-Length: 176
Content-Type: application/json; charset=utf-8
host: localhost:51652
accept: */*

Response DefaultHttpResponse(decodeResult: success, version: HTTP/1.1)
HTTP/1.1 200 OK
Content-Type: application/json; charset=utf-8
cache-control: no-cache
content-length: 51323

18:01:15.312 [AsyncHttpClient-1-11] DEBUG org.asynchttpclient.netty.channel.ChannelManager - Adding key: http://localhost:51652 for channel [id: 0x696dc3fe, L:/127.0.0.1:59284 - R:localhost/127.0.0.1:51652]
18:01:15.315 [Forwarding getCurrentUrl on session bfaf75cba8861e6ac241834be22608b9 to remote] DEBUG org.asynchttpclient.netty.request.NettyRequestSender - Using pooled Channel '[id: 0x696dc3fe, L:/127.0.0.1:59284 - R:localhost/127.0.0.1:51652]' for 'GET' to 'http://localhost:51652/session/bfaf75cba8861e6ac241834be22608b9/url'
18:01:15.315 [Forwarding getCurrentUrl on session bfaf75cba8861e6ac241834be22608b9 to remote] DEBUG org.asynchttpclient.netty.request.NettyRequestSender - Using open Channel [id: 0x696dc3fe, L:/127.0.0.1:59284 - R:localhost/127.0.0.1:51652] for GET '/session/bfaf75cba8861e6ac241834be22608b9/url'
18:01:15.318 [AsyncHttpClient-1-11] DEBUG org.asynchttpclient.netty.handler.HttpHandler - 

Request DefaultFullHttpRequest(decodeResult: success, version: HTTP/1.1, content: EmptyByteBufBE)
GET /session/bfaf75cba8861e6ac241834be22608b9/url HTTP/1.1
User-Agent: selenium/4.4.0 (java windows)
Cache-Control: no-cache
Content-Type: application/json; charset=utf-8
host: localhost:51652
accept: */*

Response DefaultHttpResponse(decodeResult: success, version: HTTP/1.1)
HTTP/1.1 200 OK
Content-Type: application/json; charset=utf-8
cache-control: no-cache
content-length: 48

18:01:15.318 [AsyncHttpClient-1-11] DEBUG org.asynchttpclient.netty.channel.ChannelManager - Adding key: http://localhost:51652 for channel [id: 0x696dc3fe, L:/127.0.0.1:59284 - R:localhost/127.0.0.1:51652]
18:01:15.320 [main] DEBUG net.thucydides.core.steps.StepInterceptor - STARTING STEP: CompararPreciosStep.logeado_con_el_usuario_de_contraseña - voy a login
18:01:15.321 [Forwarding setTimeout on session bfaf75cba8861e6ac241834be22608b9 to remote] DEBUG org.asynchttpclient.netty.request.NettyRequestSender - Using pooled Channel '[id: 0x696dc3fe, L:/127.0.0.1:59284 - R:localhost/127.0.0.1:51652]' for 'POST' to 'http://localhost:51652/session/bfaf75cba8861e6ac241834be22608b9/timeouts'
18:01:15.321 [Forwarding setTimeout on session bfaf75cba8861e6ac241834be22608b9 to remote] DEBUG org.asynchttpclient.netty.request.NettyRequestSender - Using open Channel [id: 0x696dc3fe, L:/127.0.0.1:59284 - R:localhost/127.0.0.1:51652] for POST '/session/bfaf75cba8861e6ac241834be22608b9/timeouts'
18:01:15.322 [AsyncHttpClient-1-11] DEBUG org.asynchttpclient.netty.handler.HttpHandler - 

Request DefaultHttpRequest(decodeResult: success, version: HTTP/1.1)
POST /session/bfaf75cba8861e6ac241834be22608b9/timeouts HTTP/1.1
User-Agent: selenium/4.4.0 (java windows)
Content-Length: 19
Content-Type: application/json; charset=utf-8
host: localhost:51652
accept: */*

Response DefaultHttpResponse(decodeResult: success, version: HTTP/1.1)
HTTP/1.1 200 OK
Content-Type: application/json; charset=utf-8
cache-control: no-cache
content-length: 14

18:01:15.322 [AsyncHttpClient-1-11] DEBUG org.asynchttpclient.netty.channel.ChannelManager - Adding key: http://localhost:51652 for channel [id: 0x696dc3fe, L:/127.0.0.1:59284 - R:localhost/127.0.0.1:51652]
18:01:15.323 [Forwarding findElement on session bfaf75cba8861e6ac241834be22608b9 to remote] DEBUG org.asynchttpclient.netty.request.NettyRequestSender - Using pooled Channel '[id: 0x696dc3fe, L:/127.0.0.1:59284 - R:localhost/127.0.0.1:51652]' for 'POST' to 'http://localhost:51652/session/bfaf75cba8861e6ac241834be22608b9/element'
18:01:15.324 [Forwarding findElement on session bfaf75cba8861e6ac241834be22608b9 to remote] DEBUG org.asynchttpclient.netty.request.NettyRequestSender - Using open Channel [id: 0x696dc3fe, L:/127.0.0.1:59284 - R:localhost/127.0.0.1:51652] for POST '/session/bfaf75cba8861e6ac241834be22608b9/element'
18:01:15.333 [AsyncHttpClient-1-11] DEBUG org.asynchttpclient.netty.handler.HttpHandler - 

Request DefaultHttpRequest(decodeResult: success, version: HTTP/1.1)
POST /session/bfaf75cba8861e6ac241834be22608b9/element HTTP/1.1
User-Agent: selenium/4.4.0 (java windows)
Content-Length: 83
Content-Type: application/json; charset=utf-8
host: localhost:51652
accept: */*

Response DefaultHttpResponse(decodeResult: success, version: HTTP/1.1)
HTTP/1.1 200 OK
Content-Type: application/json; charset=utf-8
cache-control: no-cache
content-length: 88

18:01:15.333 [AsyncHttpClient-1-11] DEBUG org.asynchttpclient.netty.channel.ChannelManager - Adding key: http://localhost:51652 for channel [id: 0x696dc3fe, L:/127.0.0.1:59284 - R:localhost/127.0.0.1:51652]
18:01:15.333 [Forwarding setTimeout on session bfaf75cba8861e6ac241834be22608b9 to remote] DEBUG org.asynchttpclient.netty.request.NettyRequestSender - Using pooled Channel '[id: 0x696dc3fe, L:/127.0.0.1:59284 - R:localhost/127.0.0.1:51652]' for 'POST' to 'http://localhost:51652/session/bfaf75cba8861e6ac241834be22608b9/timeouts'
18:01:15.334 [Forwarding setTimeout on session bfaf75cba8861e6ac241834be22608b9 to remote] DEBUG org.asynchttpclient.netty.request.NettyRequestSender - Using open Channel [id: 0x696dc3fe, L:/127.0.0.1:59284 - R:localhost/127.0.0.1:51652] for POST '/session/bfaf75cba8861e6ac241834be22608b9/timeouts'
18:01:15.334 [AsyncHttpClient-1-11] DEBUG org.asynchttpclient.netty.handler.HttpHandler - 

Request DefaultHttpRequest(decodeResult: success, version: HTTP/1.1)
POST /session/bfaf75cba8861e6ac241834be22608b9/timeouts HTTP/1.1
User-Agent: selenium/4.4.0 (java windows)
Content-Length: 22
Content-Type: application/json; charset=utf-8
host: localhost:51652
accept: */*

Response DefaultHttpResponse(decodeResult: success, version: HTTP/1.1)
HTTP/1.1 200 OK
Content-Type: application/json; charset=utf-8
cache-control: no-cache
content-length: 14

18:01:15.334 [AsyncHttpClient-1-11] DEBUG org.asynchttpclient.netty.channel.ChannelManager - Adding key: http://localhost:51652 for channel [id: 0x696dc3fe, L:/127.0.0.1:59284 - R:localhost/127.0.0.1:51652]
18:01:15.336 [Forwarding findElement on session bfaf75cba8861e6ac241834be22608b9 to remote] DEBUG org.asynchttpclient.netty.request.NettyRequestSender - Using pooled Channel '[id: 0x696dc3fe, L:/127.0.0.1:59284 - R:localhost/127.0.0.1:51652]' for 'POST' to 'http://localhost:51652/session/bfaf75cba8861e6ac241834be22608b9/element'
18:01:15.336 [Forwarding findElement on session bfaf75cba8861e6ac241834be22608b9 to remote] DEBUG org.asynchttpclient.netty.request.NettyRequestSender - Using open Channel [id: 0x696dc3fe, L:/127.0.0.1:59284 - R:localhost/127.0.0.1:51652] for POST '/session/bfaf75cba8861e6ac241834be22608b9/element'
18:01:15.341 [AsyncHttpClient-1-11] DEBUG org.asynchttpclient.netty.handler.HttpHandler - 

Request DefaultHttpRequest(decodeResult: success, version: HTTP/1.1)
POST /session/bfaf75cba8861e6ac241834be22608b9/element HTTP/1.1
User-Agent: selenium/4.4.0 (java windows)
Content-Length: 83
Content-Type: application/json; charset=utf-8
host: localhost:51652
accept: */*

Response DefaultHttpResponse(decodeResult: success, version: HTTP/1.1)
HTTP/1.1 200 OK
Content-Type: application/json; charset=utf-8
cache-control: no-cache
content-length: 88

18:01:15.341 [AsyncHttpClient-1-11] DEBUG org.asynchttpclient.netty.channel.ChannelManager - Adding key: http://localhost:51652 for channel [id: 0x696dc3fe, L:/127.0.0.1:59284 - R:localhost/127.0.0.1:51652]
18:01:15.343 [Forwarding isElementDisplayed on session bfaf75cba8861e6ac241834be22608b9 to remote] DEBUG org.asynchttpclient.netty.request.NettyRequestSender - Using pooled Channel '[id: 0x696dc3fe, L:/127.0.0.1:59284 - R:localhost/127.0.0.1:51652]' for 'POST' to 'http://localhost:51652/session/bfaf75cba8861e6ac241834be22608b9/execute/sync'
18:01:15.343 [Forwarding isElementDisplayed on session bfaf75cba8861e6ac241834be22608b9 to remote] DEBUG org.asynchttpclient.netty.request.NettyRequestSender - Using open Channel [id: 0x696dc3fe, L:/127.0.0.1:59284 - R:localhost/127.0.0.1:51652] for POST '/session/bfaf75cba8861e6ac241834be22608b9/execute/sync'
18:01:15.352 [AsyncHttpClient-1-11] DEBUG org.asynchttpclient.netty.handler.HttpHandler - 

Request DefaultHttpRequest(decodeResult: success, version: HTTP/1.1)
POST /session/bfaf75cba8861e6ac241834be22608b9/execute/sync HTTP/1.1
User-Agent: selenium/4.4.0 (java windows)
Content-Length: 48780
Content-Type: application/json; charset=utf-8
host: localhost:51652
accept: */*

Response DefaultHttpResponse(decodeResult: success, version: HTTP/1.1)
HTTP/1.1 200 OK
Content-Type: application/json; charset=utf-8
cache-control: no-cache
content-length: 14

18:01:15.352 [AsyncHttpClient-1-11] DEBUG org.asynchttpclient.netty.channel.ChannelManager - Adding key: http://localhost:51652 for channel [id: 0x696dc3fe, L:/127.0.0.1:59284 - R:localhost/127.0.0.1:51652]
18:01:15.353 [Forwarding getElementTagName on session bfaf75cba8861e6ac241834be22608b9 to remote] DEBUG org.asynchttpclient.netty.request.NettyRequestSender - Using pooled Channel '[id: 0x696dc3fe, L:/127.0.0.1:59284 - R:localhost/127.0.0.1:51652]' for 'GET' to 'http://localhost:51652/session/bfaf75cba8861e6ac241834be22608b9/element/80660865-eb29-4e0f-9d4c-34204260e122/name'
18:01:15.353 [Forwarding getElementTagName on session bfaf75cba8861e6ac241834be22608b9 to remote] DEBUG org.asynchttpclient.netty.request.NettyRequestSender - Using open Channel [id: 0x696dc3fe, L:/127.0.0.1:59284 - R:localhost/127.0.0.1:51652] for GET '/session/bfaf75cba8861e6ac241834be22608b9/element/80660865-eb29-4e0f-9d4c-34204260e122/name'
18:01:15.355 [AsyncHttpClient-1-11] DEBUG org.asynchttpclient.netty.handler.HttpHandler - 

Request DefaultFullHttpRequest(decodeResult: success, version: HTTP/1.1, content: EmptyByteBufBE)
GET /session/bfaf75cba8861e6ac241834be22608b9/element/80660865-eb29-4e0f-9d4c-34204260e122/name HTTP/1.1
User-Agent: selenium/4.4.0 (java windows)
Cache-Control: no-cache
Content-Type: application/json; charset=utf-8
host: localhost:51652
accept: */*

Response DefaultHttpResponse(decodeResult: success, version: HTTP/1.1)
HTTP/1.1 200 OK
Content-Type: application/json; charset=utf-8
cache-control: no-cache
content-length: 13

18:01:15.356 [AsyncHttpClient-1-11] DEBUG org.asynchttpclient.netty.channel.ChannelManager - Adding key: http://localhost:51652 for channel [id: 0x696dc3fe, L:/127.0.0.1:59284 - R:localhost/127.0.0.1:51652]
18:01:15.357 [Forwarding findElement on session bfaf75cba8861e6ac241834be22608b9 to remote] DEBUG org.asynchttpclient.netty.request.NettyRequestSender - Using pooled Channel '[id: 0x696dc3fe, L:/127.0.0.1:59284 - R:localhost/127.0.0.1:51652]' for 'POST' to 'http://localhost:51652/session/bfaf75cba8861e6ac241834be22608b9/element'
18:01:15.357 [Forwarding findElement on session bfaf75cba8861e6ac241834be22608b9 to remote] DEBUG org.asynchttpclient.netty.request.NettyRequestSender - Using open Channel [id: 0x696dc3fe, L:/127.0.0.1:59284 - R:localhost/127.0.0.1:51652] for POST '/session/bfaf75cba8861e6ac241834be22608b9/element'
18:01:15.361 [AsyncHttpClient-1-11] DEBUG org.asynchttpclient.netty.handler.HttpHandler - 

Request DefaultHttpRequest(decodeResult: success, version: HTTP/1.1)
POST /session/bfaf75cba8861e6ac241834be22608b9/element HTTP/1.1
User-Agent: selenium/4.4.0 (java windows)
Content-Length: 83
Content-Type: application/json; charset=utf-8
host: localhost:51652
accept: */*

Response DefaultHttpResponse(decodeResult: success, version: HTTP/1.1)
HTTP/1.1 200 OK
Content-Type: application/json; charset=utf-8
cache-control: no-cache
content-length: 88

18:01:15.361 [AsyncHttpClient-1-11] DEBUG org.asynchttpclient.netty.channel.ChannelManager - Adding key: http://localhost:51652 for channel [id: 0x696dc3fe, L:/127.0.0.1:59284 - R:localhost/127.0.0.1:51652]
18:01:15.363 [Forwarding isElementDisplayed on session bfaf75cba8861e6ac241834be22608b9 to remote] DEBUG org.asynchttpclient.netty.request.NettyRequestSender - Using pooled Channel '[id: 0x696dc3fe, L:/127.0.0.1:59284 - R:localhost/127.0.0.1:51652]' for 'POST' to 'http://localhost:51652/session/bfaf75cba8861e6ac241834be22608b9/execute/sync'
18:01:15.363 [Forwarding isElementDisplayed on session bfaf75cba8861e6ac241834be22608b9 to remote] DEBUG org.asynchttpclient.netty.request.NettyRequestSender - Using open Channel [id: 0x696dc3fe, L:/127.0.0.1:59284 - R:localhost/127.0.0.1:51652] for POST '/session/bfaf75cba8861e6ac241834be22608b9/execute/sync'
18:01:15.378 [AsyncHttpClient-1-11] DEBUG org.asynchttpclient.netty.handler.HttpHandler - 

Request DefaultHttpRequest(decodeResult: success, version: HTTP/1.1)
POST /session/bfaf75cba8861e6ac241834be22608b9/execute/sync HTTP/1.1
User-Agent: selenium/4.4.0 (java windows)
Content-Length: 48780
Content-Type: application/json; charset=utf-8
host: localhost:51652
accept: */*

Response DefaultHttpResponse(decodeResult: success, version: HTTP/1.1)
HTTP/1.1 200 OK
Content-Type: application/json; charset=utf-8
cache-control: no-cache
content-length: 14

18:01:15.378 [AsyncHttpClient-1-11] DEBUG org.asynchttpclient.netty.channel.ChannelManager - Adding key: http://localhost:51652 for channel [id: 0x696dc3fe, L:/127.0.0.1:59284 - R:localhost/127.0.0.1:51652]
18:01:15.379 [Forwarding getElementTagName on session bfaf75cba8861e6ac241834be22608b9 to remote] DEBUG org.asynchttpclient.netty.request.NettyRequestSender - Using pooled Channel '[id: 0x696dc3fe, L:/127.0.0.1:59284 - R:localhost/127.0.0.1:51652]' for 'GET' to 'http://localhost:51652/session/bfaf75cba8861e6ac241834be22608b9/element/80660865-eb29-4e0f-9d4c-34204260e122/name'
18:01:15.379 [Forwarding getElementTagName on session bfaf75cba8861e6ac241834be22608b9 to remote] DEBUG org.asynchttpclient.netty.request.NettyRequestSender - Using open Channel [id: 0x696dc3fe, L:/127.0.0.1:59284 - R:localhost/127.0.0.1:51652] for GET '/session/bfaf75cba8861e6ac241834be22608b9/element/80660865-eb29-4e0f-9d4c-34204260e122/name'
18:01:15.380 [AsyncHttpClient-1-11] DEBUG org.asynchttpclient.netty.handler.HttpHandler - 

Request DefaultFullHttpRequest(decodeResult: success, version: HTTP/1.1, content: EmptyByteBufBE)
GET /session/bfaf75cba8861e6ac241834be22608b9/element/80660865-eb29-4e0f-9d4c-34204260e122/name HTTP/1.1
User-Agent: selenium/4.4.0 (java windows)
Cache-Control: no-cache
Content-Type: application/json; charset=utf-8
host: localhost:51652
accept: */*

Response DefaultHttpResponse(decodeResult: success, version: HTTP/1.1)
HTTP/1.1 200 OK
Content-Type: application/json; charset=utf-8
cache-control: no-cache
content-length: 13

18:01:15.381 [AsyncHttpClient-1-11] DEBUG org.asynchttpclient.netty.channel.ChannelManager - Adding key: http://localhost:51652 for channel [id: 0x696dc3fe, L:/127.0.0.1:59284 - R:localhost/127.0.0.1:51652]
18:01:15.382 [Forwarding findElement on session bfaf75cba8861e6ac241834be22608b9 to remote] DEBUG org.asynchttpclient.netty.request.NettyRequestSender - Using pooled Channel '[id: 0x696dc3fe, L:/127.0.0.1:59284 - R:localhost/127.0.0.1:51652]' for 'POST' to 'http://localhost:51652/session/bfaf75cba8861e6ac241834be22608b9/element'
18:01:15.382 [Forwarding findElement on session bfaf75cba8861e6ac241834be22608b9 to remote] DEBUG org.asynchttpclient.netty.request.NettyRequestSender - Using open Channel [id: 0x696dc3fe, L:/127.0.0.1:59284 - R:localhost/127.0.0.1:51652] for POST '/session/bfaf75cba8861e6ac241834be22608b9/element'
18:01:15.387 [AsyncHttpClient-1-11] DEBUG org.asynchttpclient.netty.handler.HttpHandler - 

Request DefaultHttpRequest(decodeResult: success, version: HTTP/1.1)
POST /session/bfaf75cba8861e6ac241834be22608b9/element HTTP/1.1
User-Agent: selenium/4.4.0 (java windows)
Content-Length: 83
Content-Type: application/json; charset=utf-8
host: localhost:51652
accept: */*

Response DefaultHttpResponse(decodeResult: success, version: HTTP/1.1)
HTTP/1.1 200 OK
Content-Type: application/json; charset=utf-8
cache-control: no-cache
content-length: 88

18:01:15.387 [AsyncHttpClient-1-11] DEBUG org.asynchttpclient.netty.channel.ChannelManager - Adding key: http://localhost:51652 for channel [id: 0x696dc3fe, L:/127.0.0.1:59284 - R:localhost/127.0.0.1:51652]
18:01:15.389 [Forwarding isElementDisplayed on session bfaf75cba8861e6ac241834be22608b9 to remote] DEBUG org.asynchttpclient.netty.request.NettyRequestSender - Using pooled Channel '[id: 0x696dc3fe, L:/127.0.0.1:59284 - R:localhost/127.0.0.1:51652]' for 'POST' to 'http://localhost:51652/session/bfaf75cba8861e6ac241834be22608b9/execute/sync'
18:01:15.389 [Forwarding isElementDisplayed on session bfaf75cba8861e6ac241834be22608b9 to remote] DEBUG org.asynchttpclient.netty.request.NettyRequestSender - Using open Channel [id: 0x696dc3fe, L:/127.0.0.1:59284 - R:localhost/127.0.0.1:51652] for POST '/session/bfaf75cba8861e6ac241834be22608b9/execute/sync'
18:01:15.395 [AsyncHttpClient-1-11] DEBUG org.asynchttpclient.netty.handler.HttpHandler - 

Request DefaultHttpRequest(decodeResult: success, version: HTTP/1.1)
POST /session/bfaf75cba8861e6ac241834be22608b9/execute/sync HTTP/1.1
User-Agent: selenium/4.4.0 (java windows)
Content-Length: 48780
Content-Type: application/json; charset=utf-8
host: localhost:51652
accept: */*

Response DefaultHttpResponse(decodeResult: success, version: HTTP/1.1)
HTTP/1.1 200 OK
Content-Type: application/json; charset=utf-8
cache-control: no-cache
content-length: 14

18:01:15.395 [AsyncHttpClient-1-11] DEBUG org.asynchttpclient.netty.channel.ChannelManager - Adding key: http://localhost:51652 for channel [id: 0x696dc3fe, L:/127.0.0.1:59284 - R:localhost/127.0.0.1:51652]
18:01:15.396 [Forwarding clickElement on session bfaf75cba8861e6ac241834be22608b9 to remote] DEBUG org.asynchttpclient.netty.request.NettyRequestSender - Using pooled Channel '[id: 0x696dc3fe, L:/127.0.0.1:59284 - R:localhost/127.0.0.1:51652]' for 'POST' to 'http://localhost:51652/session/bfaf75cba8861e6ac241834be22608b9/element/80660865-eb29-4e0f-9d4c-34204260e122/click'
18:01:15.396 [Forwarding clickElement on session bfaf75cba8861e6ac241834be22608b9 to remote] DEBUG org.asynchttpclient.netty.request.NettyRequestSender - Using open Channel [id: 0x696dc3fe, L:/127.0.0.1:59284 - R:localhost/127.0.0.1:51652] for POST '/session/bfaf75cba8861e6ac241834be22608b9/element/80660865-eb29-4e0f-9d4c-34204260e122/click'
18:01:15.432 [AsyncHttpClient-1-11] DEBUG org.asynchttpclient.netty.handler.HttpHandler - 

Request DefaultHttpRequest(decodeResult: success, version: HTTP/1.1)
POST /session/bfaf75cba8861e6ac241834be22608b9/element/80660865-eb29-4e0f-9d4c-34204260e122/click HTTP/1.1
User-Agent: selenium/4.4.0 (java windows)
Content-Length: 50
Content-Type: application/json; charset=utf-8
host: localhost:51652
accept: */*

Response DefaultHttpResponse(decodeResult: success, version: HTTP/1.1)
HTTP/1.1 200 OK
Content-Type: application/json; charset=utf-8
cache-control: no-cache
content-length: 14

18:01:15.432 [AsyncHttpClient-1-11] DEBUG org.asynchttpclient.netty.channel.ChannelManager - Adding key: http://localhost:51652 for channel [id: 0x696dc3fe, L:/127.0.0.1:59284 - R:localhost/127.0.0.1:51652]
18:01:15.439 [Forwarding getCurrentWindowHandle on session bfaf75cba8861e6ac241834be22608b9 to remote] DEBUG org.asynchttpclient.netty.request.NettyRequestSender - Using pooled Channel '[id: 0x696dc3fe, L:/127.0.0.1:59284 - R:localhost/127.0.0.1:51652]' for 'GET' to 'http://localhost:51652/session/bfaf75cba8861e6ac241834be22608b9/window'
18:01:15.439 [Forwarding getCurrentWindowHandle on session bfaf75cba8861e6ac241834be22608b9 to remote] DEBUG org.asynchttpclient.netty.request.NettyRequestSender - Using open Channel [id: 0x696dc3fe, L:/127.0.0.1:59284 - R:localhost/127.0.0.1:51652] for GET '/session/bfaf75cba8861e6ac241834be22608b9/window'
18:01:15.439 [AsyncHttpClient-1-11] DEBUG org.asynchttpclient.netty.handler.HttpHandler - 

Request DefaultFullHttpRequest(decodeResult: success, version: HTTP/1.1, content: EmptyByteBufBE)
GET /session/bfaf75cba8861e6ac241834be22608b9/window HTTP/1.1
User-Agent: selenium/4.4.0 (java windows)
Cache-Control: no-cache
Content-Type: application/json; charset=utf-8
host: localhost:51652
accept: */*

Response DefaultHttpResponse(decodeResult: success, version: HTTP/1.1)
HTTP/1.1 200 OK
Content-Type: application/json; charset=utf-8
cache-control: no-cache
content-length: 53

18:01:15.439 [AsyncHttpClient-1-11] DEBUG org.asynchttpclient.netty.channel.ChannelManager - Adding key: http://localhost:51652 for channel [id: 0x696dc3fe, L:/127.0.0.1:59284 - R:localhost/127.0.0.1:51652]
18:01:15.440 [Forwarding getAlertText on session bfaf75cba8861e6ac241834be22608b9 to remote] DEBUG org.asynchttpclient.netty.request.NettyRequestSender - Using pooled Channel '[id: 0x696dc3fe, L:/127.0.0.1:59284 - R:localhost/127.0.0.1:51652]' for 'GET' to 'http://localhost:51652/session/bfaf75cba8861e6ac241834be22608b9/alert/text'
18:01:15.440 [Forwarding getAlertText on session bfaf75cba8861e6ac241834be22608b9 to remote] DEBUG org.asynchttpclient.netty.request.NettyRequestSender - Using open Channel [id: 0x696dc3fe, L:/127.0.0.1:59284 - R:localhost/127.0.0.1:51652] for GET '/session/bfaf75cba8861e6ac241834be22608b9/alert/text'
18:01:15.441 [AsyncHttpClient-1-11] DEBUG org.asynchttpclient.netty.handler.HttpHandler - 

Request DefaultFullHttpRequest(decodeResult: success, version: HTTP/1.1, content: EmptyByteBufBE)
GET /session/bfaf75cba8861e6ac241834be22608b9/alert/text HTTP/1.1
User-Agent: selenium/4.4.0 (java windows)
Cache-Control: no-cache
Content-Type: application/json; charset=utf-8
host: localhost:51652
accept: */*

Response DefaultHttpResponse(decodeResult: success, version: HTTP/1.1)
HTTP/1.1 404 Not Found
Content-Type: application/json; charset=utf-8
cache-control: no-cache
content-length: 835

18:01:15.441 [AsyncHttpClient-1-11] DEBUG org.asynchttpclient.netty.channel.ChannelManager - Adding key: http://localhost:51652 for channel [id: 0x696dc3fe, L:/127.0.0.1:59284 - R:localhost/127.0.0.1:51652]
18:01:15.443 [Forwarding switchToWindow on session bfaf75cba8861e6ac241834be22608b9 to remote] DEBUG org.asynchttpclient.netty.request.NettyRequestSender - Using pooled Channel '[id: 0x696dc3fe, L:/127.0.0.1:59284 - R:localhost/127.0.0.1:51652]' for 'POST' to 'http://localhost:51652/session/bfaf75cba8861e6ac241834be22608b9/window'
18:01:15.443 [Forwarding switchToWindow on session bfaf75cba8861e6ac241834be22608b9 to remote] DEBUG org.asynchttpclient.netty.request.NettyRequestSender - Using open Channel [id: 0x696dc3fe, L:/127.0.0.1:59284 - R:localhost/127.0.0.1:51652] for POST '/session/bfaf75cba8861e6ac241834be22608b9/window'
18:01:15.444 [AsyncHttpClient-1-11] DEBUG org.asynchttpclient.netty.handler.HttpHandler - 

Request DefaultHttpRequest(decodeResult: success, version: HTTP/1.1)
POST /session/bfaf75cba8861e6ac241834be22608b9/window HTTP/1.1
User-Agent: selenium/4.4.0 (java windows)
Content-Length: 59
Content-Type: application/json; charset=utf-8
host: localhost:51652
accept: */*

Response DefaultHttpResponse(decodeResult: success, version: HTTP/1.1)
HTTP/1.1 200 OK
Content-Type: application/json; charset=utf-8
cache-control: no-cache
content-length: 14

18:01:15.444 [AsyncHttpClient-1-11] DEBUG org.asynchttpclient.netty.channel.ChannelManager - Adding key: http://localhost:51652 for channel [id: 0x696dc3fe, L:/127.0.0.1:59284 - R:localhost/127.0.0.1:51652]
18:01:15.445 [Forwarding getCurrentUrl on session bfaf75cba8861e6ac241834be22608b9 to remote] DEBUG org.asynchttpclient.netty.request.NettyRequestSender - Using pooled Channel '[id: 0x696dc3fe, L:/127.0.0.1:59284 - R:localhost/127.0.0.1:51652]' for 'GET' to 'http://localhost:51652/session/bfaf75cba8861e6ac241834be22608b9/url'
18:01:15.445 [Forwarding getCurrentUrl on session bfaf75cba8861e6ac241834be22608b9 to remote] DEBUG org.asynchttpclient.netty.request.NettyRequestSender - Using open Channel [id: 0x696dc3fe, L:/127.0.0.1:59284 - R:localhost/127.0.0.1:51652] for GET '/session/bfaf75cba8861e6ac241834be22608b9/url'
18:01:15.447 [AsyncHttpClient-1-11] DEBUG org.asynchttpclient.netty.handler.HttpHandler - 

Request DefaultFullHttpRequest(decodeResult: success, version: HTTP/1.1, content: EmptyByteBufBE)
GET /session/bfaf75cba8861e6ac241834be22608b9/url HTTP/1.1
User-Agent: selenium/4.4.0 (java windows)
Cache-Control: no-cache
Content-Type: application/json; charset=utf-8
host: localhost:51652
accept: */*

Response DefaultHttpResponse(decodeResult: success, version: HTTP/1.1)
HTTP/1.1 200 OK
Content-Type: application/json; charset=utf-8
cache-control: no-cache
content-length: 48

18:01:15.447 [AsyncHttpClient-1-11] DEBUG org.asynchttpclient.netty.channel.ChannelManager - Adding key: http://localhost:51652 for channel [id: 0x696dc3fe, L:/127.0.0.1:59284 - R:localhost/127.0.0.1:51652]
18:01:15.448 [Forwarding screenshot on session bfaf75cba8861e6ac241834be22608b9 to remote] DEBUG org.asynchttpclient.netty.request.NettyRequestSender - Using pooled Channel '[id: 0x696dc3fe, L:/127.0.0.1:59284 - R:localhost/127.0.0.1:51652]' for 'GET' to 'http://localhost:51652/session/bfaf75cba8861e6ac241834be22608b9/screenshot'
18:01:15.448 [Forwarding screenshot on session bfaf75cba8861e6ac241834be22608b9 to remote] DEBUG org.asynchttpclient.netty.request.NettyRequestSender - Using open Channel [id: 0x696dc3fe, L:/127.0.0.1:59284 - R:localhost/127.0.0.1:51652] for GET '/session/bfaf75cba8861e6ac241834be22608b9/screenshot'
18:01:15.557 [AsyncHttpClient-1-11] DEBUG org.asynchttpclient.netty.handler.HttpHandler - 

Request DefaultFullHttpRequest(decodeResult: success, version: HTTP/1.1, content: EmptyByteBufBE)
GET /session/bfaf75cba8861e6ac241834be22608b9/screenshot HTTP/1.1
User-Agent: selenium/4.4.0 (java windows)
Cache-Control: no-cache
Content-Type: application/json; charset=utf-8
host: localhost:51652
accept: */*

Response DefaultHttpResponse(decodeResult: success, version: HTTP/1.1)
HTTP/1.1 200 OK
Content-Type: application/json; charset=utf-8
cache-control: no-cache
content-length: 229128

18:01:15.557 [AsyncHttpClient-1-11] DEBUG org.asynchttpclient.netty.channel.ChannelManager - Adding key: http://localhost:51652 for channel [id: 0x696dc3fe, L:/127.0.0.1:59284 - R:localhost/127.0.0.1:51652]
18:01:15.560 [main] DEBUG net.serenitybdd.core.photography.Darkroom - Send negative for processing for target\site\serenity\20dd4be6d7db97faf7f43d1ac2945deeedc7f1efef0e861c761e4f6499dfc041.png
18:01:15.560 [main] DEBUG net.thucydides.core.steps.StepInterceptor - STEP DONE: voy a login
18:01:15.560 [Darkroom Processing Line] DEBUG net.serenitybdd.core.photography.DarkroomProcessingLine - Processing screenshot image in /var/screenshots/screenshot-8890817398874194890
18:01:15.560 [Darkroom Processing Line] DEBUG net.serenitybdd.core.photography.DarkroomProcessingLine - Saving screenshot to target\site\serenity\20dd4be6d7db97faf7f43d1ac2945deeedc7f1efef0e861c761e4f6499dfc041.png
18:01:15.563 [Forwarding getPageSource on session bfaf75cba8861e6ac241834be22608b9 to remote] DEBUG org.asynchttpclient.netty.request.NettyRequestSender - Using pooled Channel '[id: 0x696dc3fe, L:/127.0.0.1:59284 - R:localhost/127.0.0.1:51652]' for 'POST' to 'http://localhost:51652/session/bfaf75cba8861e6ac241834be22608b9/execute/sync'
18:01:15.563 [Forwarding getPageSource on session bfaf75cba8861e6ac241834be22608b9 to remote] DEBUG org.asynchttpclient.netty.request.NettyRequestSender - Using open Channel [id: 0x696dc3fe, L:/127.0.0.1:59284 - R:localhost/127.0.0.1:51652] for POST '/session/bfaf75cba8861e6ac241834be22608b9/execute/sync'
18:01:15.578 [AsyncHttpClient-1-11] DEBUG org.asynchttpclient.netty.handler.HttpHandler - 

Request DefaultHttpRequest(decodeResult: success, version: HTTP/1.1)
POST /session/bfaf75cba8861e6ac241834be22608b9/execute/sync HTTP/1.1
User-Agent: selenium/4.4.0 (java windows)
Content-Length: 176
Content-Type: application/json; charset=utf-8
host: localhost:51652
accept: */*

Response DefaultHttpResponse(decodeResult: success, version: HTTP/1.1)
HTTP/1.1 200 OK
Content-Type: application/json; charset=utf-8
cache-control: no-cache
content-length: 57670

18:01:15.578 [AsyncHttpClient-1-11] DEBUG org.asynchttpclient.netty.channel.ChannelManager - Adding key: http://localhost:51652 for channel [id: 0x696dc3fe, L:/127.0.0.1:59284 - R:localhost/127.0.0.1:51652]
18:01:15.582 [Forwarding getCurrentUrl on session bfaf75cba8861e6ac241834be22608b9 to remote] DEBUG org.asynchttpclient.netty.request.NettyRequestSender - Using pooled Channel '[id: 0x696dc3fe, L:/127.0.0.1:59284 - R:localhost/127.0.0.1:51652]' for 'GET' to 'http://localhost:51652/session/bfaf75cba8861e6ac241834be22608b9/url'
18:01:15.582 [Forwarding getCurrentUrl on session bfaf75cba8861e6ac241834be22608b9 to remote] DEBUG org.asynchttpclient.netty.request.NettyRequestSender - Using open Channel [id: 0x696dc3fe, L:/127.0.0.1:59284 - R:localhost/127.0.0.1:51652] for GET '/session/bfaf75cba8861e6ac241834be22608b9/url'
18:01:15.587 [AsyncHttpClient-1-11] DEBUG org.asynchttpclient.netty.handler.HttpHandler - 

Request DefaultFullHttpRequest(decodeResult: success, version: HTTP/1.1, content: EmptyByteBufBE)
GET /session/bfaf75cba8861e6ac241834be22608b9/url HTTP/1.1
User-Agent: selenium/4.4.0 (java windows)
Cache-Control: no-cache
Content-Type: application/json; charset=utf-8
host: localhost:51652
accept: */*

Response DefaultHttpResponse(decodeResult: success, version: HTTP/1.1)
HTTP/1.1 200 OK
Content-Type: application/json; charset=utf-8
cache-control: no-cache
content-length: 48

18:01:15.587 [AsyncHttpClient-1-11] DEBUG org.asynchttpclient.netty.channel.ChannelManager - Adding key: http://localhost:51652 for channel [id: 0x696dc3fe, L:/127.0.0.1:59284 - R:localhost/127.0.0.1:51652]
18:01:15.589 [main] DEBUG net.thucydides.core.steps.StepInterceptor - STARTING STEP: CompararPreciosStep.logeado_con_el_usuario_de_contraseña - inserto usuario{usuario} y contraseña{password}
18:01:15.593 [Forwarding setTimeout on session bfaf75cba8861e6ac241834be22608b9 to remote] DEBUG org.asynchttpclient.netty.request.NettyRequestSender - Using pooled Channel '[id: 0x696dc3fe, L:/127.0.0.1:59284 - R:localhost/127.0.0.1:51652]' for 'POST' to 'http://localhost:51652/session/bfaf75cba8861e6ac241834be22608b9/timeouts'
18:01:15.593 [Forwarding setTimeout on session bfaf75cba8861e6ac241834be22608b9 to remote] DEBUG org.asynchttpclient.netty.request.NettyRequestSender - Using open Channel [id: 0x696dc3fe, L:/127.0.0.1:59284 - R:localhost/127.0.0.1:51652] for POST '/session/bfaf75cba8861e6ac241834be22608b9/timeouts'
18:01:15.594 [AsyncHttpClient-1-11] DEBUG org.asynchttpclient.netty.handler.HttpHandler - 

Request DefaultHttpRequest(decodeResult: success, version: HTTP/1.1)
POST /session/bfaf75cba8861e6ac241834be22608b9/timeouts HTTP/1.1
User-Agent: selenium/4.4.0 (java windows)
Content-Length: 19
Content-Type: application/json; charset=utf-8
host: localhost:51652
accept: */*

Response DefaultHttpResponse(decodeResult: success, version: HTTP/1.1)
HTTP/1.1 200 OK
Content-Type: application/json; charset=utf-8
cache-control: no-cache
content-length: 14

18:01:15.594 [AsyncHttpClient-1-11] DEBUG org.asynchttpclient.netty.channel.ChannelManager - Adding key: http://localhost:51652 for channel [id: 0x696dc3fe, L:/127.0.0.1:59284 - R:localhost/127.0.0.1:51652]
18:01:15.595 [Forwarding findElement on session bfaf75cba8861e6ac241834be22608b9 to remote] DEBUG org.asynchttpclient.netty.request.NettyRequestSender - Using pooled Channel '[id: 0x696dc3fe, L:/127.0.0.1:59284 - R:localhost/127.0.0.1:51652]' for 'POST' to 'http://localhost:51652/session/bfaf75cba8861e6ac241834be22608b9/element'
18:01:15.595 [Forwarding findElement on session bfaf75cba8861e6ac241834be22608b9 to remote] DEBUG org.asynchttpclient.netty.request.NettyRequestSender - Using open Channel [id: 0x696dc3fe, L:/127.0.0.1:59284 - R:localhost/127.0.0.1:51652] for POST '/session/bfaf75cba8861e6ac241834be22608b9/element'
18:01:15.615 [AsyncHttpClient-1-11] DEBUG org.asynchttpclient.netty.handler.HttpHandler - 

Request DefaultHttpRequest(decodeResult: success, version: HTTP/1.1)
POST /session/bfaf75cba8861e6ac241834be22608b9/element HTTP/1.1
User-Agent: selenium/4.4.0 (java windows)
Content-Length: 75
Content-Type: application/json; charset=utf-8
host: localhost:51652
accept: */*

Response DefaultHttpResponse(decodeResult: success, version: HTTP/1.1)
HTTP/1.1 200 OK
Content-Type: application/json; charset=utf-8
cache-control: no-cache
content-length: 88

18:01:15.615 [AsyncHttpClient-1-11] DEBUG org.asynchttpclient.netty.channel.ChannelManager - Adding key: http://localhost:51652 for channel [id: 0x696dc3fe, L:/127.0.0.1:59284 - R:localhost/127.0.0.1:51652]
18:01:15.619 [Forwarding setTimeout on session bfaf75cba8861e6ac241834be22608b9 to remote] DEBUG org.asynchttpclient.netty.request.NettyRequestSender - Using pooled Channel '[id: 0x696dc3fe, L:/127.0.0.1:59284 - R:localhost/127.0.0.1:51652]' for 'POST' to 'http://localhost:51652/session/bfaf75cba8861e6ac241834be22608b9/timeouts'
18:01:15.619 [Forwarding setTimeout on session bfaf75cba8861e6ac241834be22608b9 to remote] DEBUG org.asynchttpclient.netty.request.NettyRequestSender - Using open Channel [id: 0x696dc3fe, L:/127.0.0.1:59284 - R:localhost/127.0.0.1:51652] for POST '/session/bfaf75cba8861e6ac241834be22608b9/timeouts'
18:01:15.620 [AsyncHttpClient-1-11] DEBUG org.asynchttpclient.netty.handler.HttpHandler - 

Request DefaultHttpRequest(decodeResult: success, version: HTTP/1.1)
POST /session/bfaf75cba8861e6ac241834be22608b9/timeouts HTTP/1.1
User-Agent: selenium/4.4.0 (java windows)
Content-Length: 22
Content-Type: application/json; charset=utf-8
host: localhost:51652
accept: */*

Response DefaultHttpResponse(decodeResult: success, version: HTTP/1.1)
HTTP/1.1 200 OK
Content-Type: application/json; charset=utf-8
cache-control: no-cache
content-length: 14

18:01:15.621 [AsyncHttpClient-1-11] DEBUG org.asynchttpclient.netty.channel.ChannelManager - Adding key: http://localhost:51652 for channel [id: 0x696dc3fe, L:/127.0.0.1:59284 - R:localhost/127.0.0.1:51652]
18:01:15.624 [Forwarding setTimeout on session bfaf75cba8861e6ac241834be22608b9 to remote] DEBUG org.asynchttpclient.netty.request.NettyRequestSender - Using pooled Channel '[id: 0x696dc3fe, L:/127.0.0.1:59284 - R:localhost/127.0.0.1:51652]' for 'POST' to 'http://localhost:51652/session/bfaf75cba8861e6ac241834be22608b9/timeouts'
18:01:15.625 [Forwarding setTimeout on session bfaf75cba8861e6ac241834be22608b9 to remote] DEBUG org.asynchttpclient.netty.request.NettyRequestSender - Using open Channel [id: 0x696dc3fe, L:/127.0.0.1:59284 - R:localhost/127.0.0.1:51652] for POST '/session/bfaf75cba8861e6ac241834be22608b9/timeouts'
18:01:15.625 [AsyncHttpClient-1-11] DEBUG org.asynchttpclient.netty.handler.HttpHandler - 

Request DefaultHttpRequest(decodeResult: success, version: HTTP/1.1)
POST /session/bfaf75cba8861e6ac241834be22608b9/timeouts HTTP/1.1
User-Agent: selenium/4.4.0 (java windows)
Content-Length: 19
Content-Type: application/json; charset=utf-8
host: localhost:51652
accept: */*

Response DefaultHttpResponse(decodeResult: success, version: HTTP/1.1)
HTTP/1.1 200 OK
Content-Type: application/json; charset=utf-8
cache-control: no-cache
content-length: 14

18:01:15.625 [AsyncHttpClient-1-11] DEBUG org.asynchttpclient.netty.channel.ChannelManager - Adding key: http://localhost:51652 for channel [id: 0x696dc3fe, L:/127.0.0.1:59284 - R:localhost/127.0.0.1:51652]
18:01:15.627 [Forwarding findElement on session bfaf75cba8861e6ac241834be22608b9 to remote] DEBUG org.asynchttpclient.netty.request.NettyRequestSender - Using pooled Channel '[id: 0x696dc3fe, L:/127.0.0.1:59284 - R:localhost/127.0.0.1:51652]' for 'POST' to 'http://localhost:51652/session/bfaf75cba8861e6ac241834be22608b9/element'
18:01:15.627 [Forwarding findElement on session bfaf75cba8861e6ac241834be22608b9 to remote] DEBUG org.asynchttpclient.netty.request.NettyRequestSender - Using open Channel [id: 0x696dc3fe, L:/127.0.0.1:59284 - R:localhost/127.0.0.1:51652] for POST '/session/bfaf75cba8861e6ac241834be22608b9/element'
18:01:15.635 [AsyncHttpClient-1-11] DEBUG org.asynchttpclient.netty.handler.HttpHandler - 

Request DefaultHttpRequest(decodeResult: success, version: HTTP/1.1)
POST /session/bfaf75cba8861e6ac241834be22608b9/element HTTP/1.1
User-Agent: selenium/4.4.0 (java windows)
Content-Length: 75
Content-Type: application/json; charset=utf-8
host: localhost:51652
accept: */*

Response DefaultHttpResponse(decodeResult: success, version: HTTP/1.1)
HTTP/1.1 200 OK
Content-Type: application/json; charset=utf-8
cache-control: no-cache
content-length: 88

18:01:15.635 [AsyncHttpClient-1-11] DEBUG org.asynchttpclient.netty.channel.ChannelManager - Adding key: http://localhost:51652 for channel [id: 0x696dc3fe, L:/127.0.0.1:59284 - R:localhost/127.0.0.1:51652]
18:01:15.636 [Forwarding setTimeout on session bfaf75cba8861e6ac241834be22608b9 to remote] DEBUG org.asynchttpclient.netty.request.NettyRequestSender - Using pooled Channel '[id: 0x696dc3fe, L:/127.0.0.1:59284 - R:localhost/127.0.0.1:51652]' for 'POST' to 'http://localhost:51652/session/bfaf75cba8861e6ac241834be22608b9/timeouts'
18:01:15.636 [Forwarding setTimeout on session bfaf75cba8861e6ac241834be22608b9 to remote] DEBUG org.asynchttpclient.netty.request.NettyRequestSender - Using open Channel [id: 0x696dc3fe, L:/127.0.0.1:59284 - R:localhost/127.0.0.1:51652] for POST '/session/bfaf75cba8861e6ac241834be22608b9/timeouts'
18:01:15.637 [AsyncHttpClient-1-11] DEBUG org.asynchttpclient.netty.handler.HttpHandler - 

Request DefaultHttpRequest(decodeResult: success, version: HTTP/1.1)
POST /session/bfaf75cba8861e6ac241834be22608b9/timeouts HTTP/1.1
User-Agent: selenium/4.4.0 (java windows)
Content-Length: 22
Content-Type: application/json; charset=utf-8
host: localhost:51652
accept: */*

Response DefaultHttpResponse(decodeResult: success, version: HTTP/1.1)
HTTP/1.1 200 OK
Content-Type: application/json; charset=utf-8
cache-control: no-cache
content-length: 14

18:01:15.637 [AsyncHttpClient-1-11] DEBUG org.asynchttpclient.netty.channel.ChannelManager - Adding key: http://localhost:51652 for channel [id: 0x696dc3fe, L:/127.0.0.1:59284 - R:localhost/127.0.0.1:51652]
18:01:15.639 [Forwarding isElementDisplayed on session bfaf75cba8861e6ac241834be22608b9 to remote] DEBUG org.asynchttpclient.netty.request.NettyRequestSender - Using pooled Channel '[id: 0x696dc3fe, L:/127.0.0.1:59284 - R:localhost/127.0.0.1:51652]' for 'POST' to 'http://localhost:51652/session/bfaf75cba8861e6ac241834be22608b9/execute/sync'
18:01:15.639 [Forwarding isElementDisplayed on session bfaf75cba8861e6ac241834be22608b9 to remote] DEBUG org.asynchttpclient.netty.request.NettyRequestSender - Using open Channel [id: 0x696dc3fe, L:/127.0.0.1:59284 - R:localhost/127.0.0.1:51652] for POST '/session/bfaf75cba8861e6ac241834be22608b9/execute/sync'
18:01:15.648 [AsyncHttpClient-1-11] DEBUG org.asynchttpclient.netty.handler.HttpHandler - 

Request DefaultHttpRequest(decodeResult: success, version: HTTP/1.1)
POST /session/bfaf75cba8861e6ac241834be22608b9/execute/sync HTTP/1.1
User-Agent: selenium/4.4.0 (java windows)
Content-Length: 48780
Content-Type: application/json; charset=utf-8
host: localhost:51652
accept: */*

Response DefaultHttpResponse(decodeResult: success, version: HTTP/1.1)
HTTP/1.1 200 OK
Content-Type: application/json; charset=utf-8
cache-control: no-cache
content-length: 14

18:01:15.648 [AsyncHttpClient-1-11] DEBUG org.asynchttpclient.netty.channel.ChannelManager - Adding key: http://localhost:51652 for channel [id: 0x696dc3fe, L:/127.0.0.1:59284 - R:localhost/127.0.0.1:51652]
18:01:15.651 [Forwarding findElement on session bfaf75cba8861e6ac241834be22608b9 to remote] DEBUG org.asynchttpclient.netty.request.NettyRequestSender - Using pooled Channel '[id: 0x696dc3fe, L:/127.0.0.1:59284 - R:localhost/127.0.0.1:51652]' for 'POST' to 'http://localhost:51652/session/bfaf75cba8861e6ac241834be22608b9/element'
18:01:15.651 [Forwarding findElement on session bfaf75cba8861e6ac241834be22608b9 to remote] DEBUG org.asynchttpclient.netty.request.NettyRequestSender - Using open Channel [id: 0x696dc3fe, L:/127.0.0.1:59284 - R:localhost/127.0.0.1:51652] for POST '/session/bfaf75cba8861e6ac241834be22608b9/element'
18:01:15.656 [AsyncHttpClient-1-11] DEBUG org.asynchttpclient.netty.handler.HttpHandler - 

Request DefaultHttpRequest(decodeResult: success, version: HTTP/1.1)
POST /session/bfaf75cba8861e6ac241834be22608b9/element HTTP/1.1
User-Agent: selenium/4.4.0 (java windows)
Content-Length: 75
Content-Type: application/json; charset=utf-8
host: localhost:51652
accept: */*

Response DefaultHttpResponse(decodeResult: success, version: HTTP/1.1)
HTTP/1.1 200 OK
Content-Type: application/json; charset=utf-8
cache-control: no-cache
content-length: 88

18:01:15.656 [AsyncHttpClient-1-11] DEBUG org.asynchttpclient.netty.channel.ChannelManager - Adding key: http://localhost:51652 for channel [id: 0x696dc3fe, L:/127.0.0.1:59284 - R:localhost/127.0.0.1:51652]
18:01:15.659 [Forwarding isElementDisplayed on session bfaf75cba8861e6ac241834be22608b9 to remote] DEBUG org.asynchttpclient.netty.request.NettyRequestSender - Using pooled Channel '[id: 0x696dc3fe, L:/127.0.0.1:59284 - R:localhost/127.0.0.1:51652]' for 'POST' to 'http://localhost:51652/session/bfaf75cba8861e6ac241834be22608b9/execute/sync'
18:01:15.659 [Forwarding isElementDisplayed on session bfaf75cba8861e6ac241834be22608b9 to remote] DEBUG org.asynchttpclient.netty.request.NettyRequestSender - Using open Channel [id: 0x696dc3fe, L:/127.0.0.1:59284 - R:localhost/127.0.0.1:51652] for POST '/session/bfaf75cba8861e6ac241834be22608b9/execute/sync'
18:01:15.665 [AsyncHttpClient-1-1] DEBUG org.asynchttpclient.netty.channel.DefaultChannelPool - Entry count for : http://localhost:59285 : 1
18:01:15.666 [AsyncHttpClient-1-11] DEBUG org.asynchttpclient.netty.handler.HttpHandler - 

Request DefaultHttpRequest(decodeResult: success, version: HTTP/1.1)
POST /session/bfaf75cba8861e6ac241834be22608b9/execute/sync HTTP/1.1
User-Agent: selenium/4.4.0 (java windows)
Content-Length: 48780
Content-Type: application/json; charset=utf-8
host: localhost:51652
accept: */*

Response DefaultHttpResponse(decodeResult: success, version: HTTP/1.1)
HTTP/1.1 200 OK
Content-Type: application/json; charset=utf-8
cache-control: no-cache
content-length: 14

18:01:15.666 [AsyncHttpClient-1-11] DEBUG org.asynchttpclient.netty.channel.ChannelManager - Adding key: http://localhost:51652 for channel [id: 0x696dc3fe, L:/127.0.0.1:59284 - R:localhost/127.0.0.1:51652]
18:01:15.667 [Forwarding sendKeysToElement on session bfaf75cba8861e6ac241834be22608b9 to remote] DEBUG org.asynchttpclient.netty.request.NettyRequestSender - Using pooled Channel '[id: 0x696dc3fe, L:/127.0.0.1:59284 - R:localhost/127.0.0.1:51652]' for 'POST' to 'http://localhost:51652/session/bfaf75cba8861e6ac241834be22608b9/element/fb19d985-ae86-45ea-96d8-8fade92924f5/value'
18:01:15.667 [Forwarding sendKeysToElement on session bfaf75cba8861e6ac241834be22608b9 to remote] DEBUG org.asynchttpclient.netty.request.NettyRequestSender - Using open Channel [id: 0x696dc3fe, L:/127.0.0.1:59284 - R:localhost/127.0.0.1:51652] for POST '/session/bfaf75cba8861e6ac241834be22608b9/element/fb19d985-ae86-45ea-96d8-8fade92924f5/value'
18:01:15.707 [AsyncHttpClient-1-11] DEBUG org.asynchttpclient.netty.handler.HttpHandler - 

Request DefaultHttpRequest(decodeResult: success, version: HTTP/1.1)
POST /session/bfaf75cba8861e6ac241834be22608b9/element/fb19d985-ae86-45ea-96d8-8fade92924f5/value HTTP/1.1
User-Agent: selenium/4.4.0 (java windows)
Content-Length: 151
Content-Type: application/json; charset=utf-8
host: localhost:51652
accept: */*

Response DefaultHttpResponse(decodeResult: success, version: HTTP/1.1)
HTTP/1.1 200 OK
Content-Type: application/json; charset=utf-8
cache-control: no-cache
content-length: 14

18:01:15.707 [AsyncHttpClient-1-11] DEBUG org.asynchttpclient.netty.channel.ChannelManager - Adding key: http://localhost:51652 for channel [id: 0x696dc3fe, L:/127.0.0.1:59284 - R:localhost/127.0.0.1:51652]
NO HAY MAS RUTAS ESTABLECIDAS
18:01:15.709 [Forwarding findElement on session bfaf75cba8861e6ac241834be22608b9 to remote] DEBUG org.asynchttpclient.netty.request.NettyRequestSender - Using pooled Channel '[id: 0x696dc3fe, L:/127.0.0.1:59284 - R:localhost/127.0.0.1:51652]' for 'POST' to 'http://localhost:51652/session/bfaf75cba8861e6ac241834be22608b9/element'
18:01:15.709 [Forwarding findElement on session bfaf75cba8861e6ac241834be22608b9 to remote] DEBUG org.asynchttpclient.netty.request.NettyRequestSender - Using open Channel [id: 0x696dc3fe, L:/127.0.0.1:59284 - R:localhost/127.0.0.1:51652] for POST '/session/bfaf75cba8861e6ac241834be22608b9/element'
18:01:15.718 [AsyncHttpClient-1-11] DEBUG org.asynchttpclient.netty.handler.HttpHandler - 

Request DefaultHttpRequest(decodeResult: success, version: HTTP/1.1)
POST /session/bfaf75cba8861e6ac241834be22608b9/element HTTP/1.1
User-Agent: selenium/4.4.0 (java windows)
Content-Length: 75
Content-Type: application/json; charset=utf-8
host: localhost:51652
accept: */*

Response DefaultHttpResponse(decodeResult: success, version: HTTP/1.1)
HTTP/1.1 200 OK
Content-Type: application/json; charset=utf-8
cache-control: no-cache
content-length: 88

18:01:15.718 [AsyncHttpClient-1-11] DEBUG org.asynchttpclient.netty.channel.ChannelManager - Adding key: http://localhost:51652 for channel [id: 0x696dc3fe, L:/127.0.0.1:59284 - R:localhost/127.0.0.1:51652]
18:01:15.721 [Forwarding isElementDisplayed on session bfaf75cba8861e6ac241834be22608b9 to remote] DEBUG org.asynchttpclient.netty.request.NettyRequestSender - Using pooled Channel '[id: 0x696dc3fe, L:/127.0.0.1:59284 - R:localhost/127.0.0.1:51652]' for 'POST' to 'http://localhost:51652/session/bfaf75cba8861e6ac241834be22608b9/execute/sync'
18:01:15.721 [Forwarding isElementDisplayed on session bfaf75cba8861e6ac241834be22608b9 to remote] DEBUG org.asynchttpclient.netty.request.NettyRequestSender - Using open Channel [id: 0x696dc3fe, L:/127.0.0.1:59284 - R:localhost/127.0.0.1:51652] for POST '/session/bfaf75cba8861e6ac241834be22608b9/execute/sync'
18:01:15.727 [AsyncHttpClient-1-11] DEBUG org.asynchttpclient.netty.handler.HttpHandler - 

Request DefaultHttpRequest(decodeResult: success, version: HTTP/1.1)
POST /session/bfaf75cba8861e6ac241834be22608b9/execute/sync HTTP/1.1
User-Agent: selenium/4.4.0 (java windows)
Content-Length: 48780
Content-Type: application/json; charset=utf-8
host: localhost:51652
accept: */*

Response DefaultHttpResponse(decodeResult: success, version: HTTP/1.1)
HTTP/1.1 200 OK
Content-Type: application/json; charset=utf-8
cache-control: no-cache
content-length: 14

18:01:15.727 [AsyncHttpClient-1-11] DEBUG org.asynchttpclient.netty.channel.ChannelManager - Adding key: http://localhost:51652 for channel [id: 0x696dc3fe, L:/127.0.0.1:59284 - R:localhost/127.0.0.1:51652]
18:01:15.729 [Forwarding isElementDisplayed on session bfaf75cba8861e6ac241834be22608b9 to remote] DEBUG org.asynchttpclient.netty.request.NettyRequestSender - Using pooled Channel '[id: 0x696dc3fe, L:/127.0.0.1:59284 - R:localhost/127.0.0.1:51652]' for 'POST' to 'http://localhost:51652/session/bfaf75cba8861e6ac241834be22608b9/execute/sync'
18:01:15.729 [Forwarding isElementDisplayed on session bfaf75cba8861e6ac241834be22608b9 to remote] DEBUG org.asynchttpclient.netty.request.NettyRequestSender - Using open Channel [id: 0x696dc3fe, L:/127.0.0.1:59284 - R:localhost/127.0.0.1:51652] for POST '/session/bfaf75cba8861e6ac241834be22608b9/execute/sync'
18:01:15.736 [AsyncHttpClient-1-11] DEBUG org.asynchttpclient.netty.handler.HttpHandler - 

Request DefaultHttpRequest(decodeResult: success, version: HTTP/1.1)
POST /session/bfaf75cba8861e6ac241834be22608b9/execute/sync HTTP/1.1
User-Agent: selenium/4.4.0 (java windows)
Content-Length: 48780
Content-Type: application/json; charset=utf-8
host: localhost:51652
accept: */*

Response DefaultHttpResponse(decodeResult: success, version: HTTP/1.1)
HTTP/1.1 200 OK
Content-Type: application/json; charset=utf-8
cache-control: no-cache
content-length: 14

18:01:15.736 [AsyncHttpClient-1-11] DEBUG org.asynchttpclient.netty.channel.ChannelManager - Adding key: http://localhost:51652 for channel [id: 0x696dc3fe, L:/127.0.0.1:59284 - R:localhost/127.0.0.1:51652]
18:01:15.738 [Forwarding findElement on session bfaf75cba8861e6ac241834be22608b9 to remote] DEBUG org.asynchttpclient.netty.request.NettyRequestSender - Using pooled Channel '[id: 0x696dc3fe, L:/127.0.0.1:59284 - R:localhost/127.0.0.1:51652]' for 'POST' to 'http://localhost:51652/session/bfaf75cba8861e6ac241834be22608b9/element'
18:01:15.738 [Forwarding findElement on session bfaf75cba8861e6ac241834be22608b9 to remote] DEBUG org.asynchttpclient.netty.request.NettyRequestSender - Using open Channel [id: 0x696dc3fe, L:/127.0.0.1:59284 - R:localhost/127.0.0.1:51652] for POST '/session/bfaf75cba8861e6ac241834be22608b9/element'
18:01:15.744 [AsyncHttpClient-1-11] DEBUG org.asynchttpclient.netty.handler.HttpHandler - 

Request DefaultHttpRequest(decodeResult: success, version: HTTP/1.1)
POST /session/bfaf75cba8861e6ac241834be22608b9/element HTTP/1.1
User-Agent: selenium/4.4.0 (java windows)
Content-Length: 75
Content-Type: application/json; charset=utf-8
host: localhost:51652
accept: */*

Response DefaultHttpResponse(decodeResult: success, version: HTTP/1.1)
HTTP/1.1 200 OK
Content-Type: application/json; charset=utf-8
cache-control: no-cache
content-length: 88

18:01:15.744 [AsyncHttpClient-1-11] DEBUG org.asynchttpclient.netty.channel.ChannelManager - Adding key: http://localhost:51652 for channel [id: 0x696dc3fe, L:/127.0.0.1:59284 - R:localhost/127.0.0.1:51652]
18:01:15.746 [Forwarding isElementDisplayed on session bfaf75cba8861e6ac241834be22608b9 to remote] DEBUG org.asynchttpclient.netty.request.NettyRequestSender - Using pooled Channel '[id: 0x696dc3fe, L:/127.0.0.1:59284 - R:localhost/127.0.0.1:51652]' for 'POST' to 'http://localhost:51652/session/bfaf75cba8861e6ac241834be22608b9/execute/sync'
18:01:15.747 [Forwarding isElementDisplayed on session bfaf75cba8861e6ac241834be22608b9 to remote] DEBUG org.asynchttpclient.netty.request.NettyRequestSender - Using open Channel [id: 0x696dc3fe, L:/127.0.0.1:59284 - R:localhost/127.0.0.1:51652] for POST '/session/bfaf75cba8861e6ac241834be22608b9/execute/sync'
18:01:15.754 [AsyncHttpClient-1-11] DEBUG org.asynchttpclient.netty.handler.HttpHandler - 

Request DefaultHttpRequest(decodeResult: success, version: HTTP/1.1)
POST /session/bfaf75cba8861e6ac241834be22608b9/execute/sync HTTP/1.1
User-Agent: selenium/4.4.0 (java windows)
Content-Length: 48780
Content-Type: application/json; charset=utf-8
host: localhost:51652
accept: */*

Response DefaultHttpResponse(decodeResult: success, version: HTTP/1.1)
HTTP/1.1 200 OK
Content-Type: application/json; charset=utf-8
cache-control: no-cache
content-length: 14

18:01:15.755 [AsyncHttpClient-1-11] DEBUG org.asynchttpclient.netty.channel.ChannelManager - Adding key: http://localhost:51652 for channel [id: 0x696dc3fe, L:/127.0.0.1:59284 - R:localhost/127.0.0.1:51652]
18:01:15.755 [Forwarding isElementEnabled on session bfaf75cba8861e6ac241834be22608b9 to remote] DEBUG org.asynchttpclient.netty.request.NettyRequestSender - Using pooled Channel '[id: 0x696dc3fe, L:/127.0.0.1:59284 - R:localhost/127.0.0.1:51652]' for 'GET' to 'http://localhost:51652/session/bfaf75cba8861e6ac241834be22608b9/element/c0b206b5-5f93-4e31-b222-b9ff42371273/enabled'
18:01:15.755 [Forwarding isElementEnabled on session bfaf75cba8861e6ac241834be22608b9 to remote] DEBUG org.asynchttpclient.netty.request.NettyRequestSender - Using open Channel [id: 0x696dc3fe, L:/127.0.0.1:59284 - R:localhost/127.0.0.1:51652] for GET '/session/bfaf75cba8861e6ac241834be22608b9/element/c0b206b5-5f93-4e31-b222-b9ff42371273/enabled'
18:01:15.762 [AsyncHttpClient-1-11] DEBUG org.asynchttpclient.netty.handler.HttpHandler - 

Request DefaultFullHttpRequest(decodeResult: success, version: HTTP/1.1, content: EmptyByteBufBE)
GET /session/bfaf75cba8861e6ac241834be22608b9/element/c0b206b5-5f93-4e31-b222-b9ff42371273/enabled HTTP/1.1
User-Agent: selenium/4.4.0 (java windows)
Cache-Control: no-cache
Content-Type: application/json; charset=utf-8
host: localhost:51652
accept: */*

Response DefaultHttpResponse(decodeResult: success, version: HTTP/1.1)
HTTP/1.1 200 OK
Content-Type: application/json; charset=utf-8
cache-control: no-cache
content-length: 14

18:01:15.762 [AsyncHttpClient-1-11] DEBUG org.asynchttpclient.netty.channel.ChannelManager - Adding key: http://localhost:51652 for channel [id: 0x696dc3fe, L:/127.0.0.1:59284 - R:localhost/127.0.0.1:51652]
18:01:15.763 [Forwarding findElement on session bfaf75cba8861e6ac241834be22608b9 to remote] DEBUG org.asynchttpclient.netty.request.NettyRequestSender - Using pooled Channel '[id: 0x696dc3fe, L:/127.0.0.1:59284 - R:localhost/127.0.0.1:51652]' for 'POST' to 'http://localhost:51652/session/bfaf75cba8861e6ac241834be22608b9/element'
18:01:15.763 [Forwarding findElement on session bfaf75cba8861e6ac241834be22608b9 to remote] DEBUG org.asynchttpclient.netty.request.NettyRequestSender - Using open Channel [id: 0x696dc3fe, L:/127.0.0.1:59284 - R:localhost/127.0.0.1:51652] for POST '/session/bfaf75cba8861e6ac241834be22608b9/element'
18:01:15.770 [AsyncHttpClient-1-11] DEBUG org.asynchttpclient.netty.handler.HttpHandler - 

Request DefaultHttpRequest(decodeResult: success, version: HTTP/1.1)
POST /session/bfaf75cba8861e6ac241834be22608b9/element HTTP/1.1
User-Agent: selenium/4.4.0 (java windows)
Content-Length: 75
Content-Type: application/json; charset=utf-8
host: localhost:51652
accept: */*

Response DefaultHttpResponse(decodeResult: success, version: HTTP/1.1)
HTTP/1.1 200 OK
Content-Type: application/json; charset=utf-8
cache-control: no-cache
content-length: 88

18:01:15.770 [AsyncHttpClient-1-11] DEBUG org.asynchttpclient.netty.channel.ChannelManager - Adding key: http://localhost:51652 for channel [id: 0x696dc3fe, L:/127.0.0.1:59284 - R:localhost/127.0.0.1:51652]
18:01:15.773 [Forwarding isElementDisplayed on session bfaf75cba8861e6ac241834be22608b9 to remote] DEBUG org.asynchttpclient.netty.request.NettyRequestSender - Using pooled Channel '[id: 0x696dc3fe, L:/127.0.0.1:59284 - R:localhost/127.0.0.1:51652]' for 'POST' to 'http://localhost:51652/session/bfaf75cba8861e6ac241834be22608b9/execute/sync'
18:01:15.773 [Forwarding isElementDisplayed on session bfaf75cba8861e6ac241834be22608b9 to remote] DEBUG org.asynchttpclient.netty.request.NettyRequestSender - Using open Channel [id: 0x696dc3fe, L:/127.0.0.1:59284 - R:localhost/127.0.0.1:51652] for POST '/session/bfaf75cba8861e6ac241834be22608b9/execute/sync'
18:01:15.780 [AsyncHttpClient-1-11] DEBUG org.asynchttpclient.netty.handler.HttpHandler - 

Request DefaultHttpRequest(decodeResult: success, version: HTTP/1.1)
POST /session/bfaf75cba8861e6ac241834be22608b9/execute/sync HTTP/1.1
User-Agent: selenium/4.4.0 (java windows)
Content-Length: 48780
Content-Type: application/json; charset=utf-8
host: localhost:51652
accept: */*

Response DefaultHttpResponse(decodeResult: success, version: HTTP/1.1)
HTTP/1.1 200 OK
Content-Type: application/json; charset=utf-8
cache-control: no-cache
content-length: 14

18:01:15.781 [AsyncHttpClient-1-11] DEBUG org.asynchttpclient.netty.channel.ChannelManager - Adding key: http://localhost:51652 for channel [id: 0x696dc3fe, L:/127.0.0.1:59284 - R:localhost/127.0.0.1:51652]
18:01:15.782 [Forwarding sendKeysToElement on session bfaf75cba8861e6ac241834be22608b9 to remote] DEBUG org.asynchttpclient.netty.request.NettyRequestSender - Using pooled Channel '[id: 0x696dc3fe, L:/127.0.0.1:59284 - R:localhost/127.0.0.1:51652]' for 'POST' to 'http://localhost:51652/session/bfaf75cba8861e6ac241834be22608b9/element/c0b206b5-5f93-4e31-b222-b9ff42371273/value'
18:01:15.782 [Forwarding sendKeysToElement on session bfaf75cba8861e6ac241834be22608b9 to remote] DEBUG org.asynchttpclient.netty.request.NettyRequestSender - Using open Channel [id: 0x696dc3fe, L:/127.0.0.1:59284 - R:localhost/127.0.0.1:51652] for POST '/session/bfaf75cba8861e6ac241834be22608b9/element/c0b206b5-5f93-4e31-b222-b9ff42371273/value'
18:01:15.822 [AsyncHttpClient-1-11] DEBUG org.asynchttpclient.netty.handler.HttpHandler - 

Request DefaultHttpRequest(decodeResult: success, version: HTTP/1.1)
POST /session/bfaf75cba8861e6ac241834be22608b9/element/c0b206b5-5f93-4e31-b222-b9ff42371273/value HTTP/1.1
User-Agent: selenium/4.4.0 (java windows)
Content-Length: 111
Content-Type: application/json; charset=utf-8
host: localhost:51652
accept: */*

Response DefaultHttpResponse(decodeResult: success, version: HTTP/1.1)
HTTP/1.1 200 OK
Content-Type: application/json; charset=utf-8
cache-control: no-cache
content-length: 14

18:01:15.822 [AsyncHttpClient-1-11] DEBUG org.asynchttpclient.netty.channel.ChannelManager - Adding key: http://localhost:51652 for channel [id: 0x696dc3fe, L:/127.0.0.1:59284 - R:localhost/127.0.0.1:51652]
NO HAY MAS RUTAS ESTABLECIDAS
18:01:15.824 [Forwarding getCurrentWindowHandle on session bfaf75cba8861e6ac241834be22608b9 to remote] DEBUG org.asynchttpclient.netty.request.NettyRequestSender - Using pooled Channel '[id: 0x696dc3fe, L:/127.0.0.1:59284 - R:localhost/127.0.0.1:51652]' for 'GET' to 'http://localhost:51652/session/bfaf75cba8861e6ac241834be22608b9/window'
18:01:15.825 [Forwarding getCurrentWindowHandle on session bfaf75cba8861e6ac241834be22608b9 to remote] DEBUG org.asynchttpclient.netty.request.NettyRequestSender - Using open Channel [id: 0x696dc3fe, L:/127.0.0.1:59284 - R:localhost/127.0.0.1:51652] for GET '/session/bfaf75cba8861e6ac241834be22608b9/window'
18:01:15.825 [AsyncHttpClient-1-11] DEBUG org.asynchttpclient.netty.handler.HttpHandler - 

Request DefaultFullHttpRequest(decodeResult: success, version: HTTP/1.1, content: EmptyByteBufBE)
GET /session/bfaf75cba8861e6ac241834be22608b9/window HTTP/1.1
User-Agent: selenium/4.4.0 (java windows)
Cache-Control: no-cache
Content-Type: application/json; charset=utf-8
host: localhost:51652
accept: */*

Response DefaultHttpResponse(decodeResult: success, version: HTTP/1.1)
HTTP/1.1 200 OK
Content-Type: application/json; charset=utf-8
cache-control: no-cache
content-length: 53

18:01:15.825 [AsyncHttpClient-1-11] DEBUG org.asynchttpclient.netty.channel.ChannelManager - Adding key: http://localhost:51652 for channel [id: 0x696dc3fe, L:/127.0.0.1:59284 - R:localhost/127.0.0.1:51652]
18:01:15.826 [Forwarding getAlertText on session bfaf75cba8861e6ac241834be22608b9 to remote] DEBUG org.asynchttpclient.netty.request.NettyRequestSender - Using pooled Channel '[id: 0x696dc3fe, L:/127.0.0.1:59284 - R:localhost/127.0.0.1:51652]' for 'GET' to 'http://localhost:51652/session/bfaf75cba8861e6ac241834be22608b9/alert/text'
18:01:15.826 [Forwarding getAlertText on session bfaf75cba8861e6ac241834be22608b9 to remote] DEBUG org.asynchttpclient.netty.request.NettyRequestSender - Using open Channel [id: 0x696dc3fe, L:/127.0.0.1:59284 - R:localhost/127.0.0.1:51652] for GET '/session/bfaf75cba8861e6ac241834be22608b9/alert/text'
18:01:15.826 [AsyncHttpClient-1-11] DEBUG org.asynchttpclient.netty.handler.HttpHandler - 

Request DefaultFullHttpRequest(decodeResult: success, version: HTTP/1.1, content: EmptyByteBufBE)
GET /session/bfaf75cba8861e6ac241834be22608b9/alert/text HTTP/1.1
User-Agent: selenium/4.4.0 (java windows)
Cache-Control: no-cache
Content-Type: application/json; charset=utf-8
host: localhost:51652
accept: */*

Response DefaultHttpResponse(decodeResult: success, version: HTTP/1.1)
HTTP/1.1 404 Not Found
Content-Type: application/json; charset=utf-8
cache-control: no-cache
content-length: 835

18:01:15.827 [AsyncHttpClient-1-11] DEBUG org.asynchttpclient.netty.channel.ChannelManager - Adding key: http://localhost:51652 for channel [id: 0x696dc3fe, L:/127.0.0.1:59284 - R:localhost/127.0.0.1:51652]
18:01:15.827 [Forwarding switchToWindow on session bfaf75cba8861e6ac241834be22608b9 to remote] DEBUG org.asynchttpclient.netty.request.NettyRequestSender - Using pooled Channel '[id: 0x696dc3fe, L:/127.0.0.1:59284 - R:localhost/127.0.0.1:51652]' for 'POST' to 'http://localhost:51652/session/bfaf75cba8861e6ac241834be22608b9/window'
18:01:15.827 [Forwarding switchToWindow on session bfaf75cba8861e6ac241834be22608b9 to remote] DEBUG org.asynchttpclient.netty.request.NettyRequestSender - Using open Channel [id: 0x696dc3fe, L:/127.0.0.1:59284 - R:localhost/127.0.0.1:51652] for POST '/session/bfaf75cba8861e6ac241834be22608b9/window'
18:01:15.828 [AsyncHttpClient-1-11] DEBUG org.asynchttpclient.netty.handler.HttpHandler - 

Request DefaultHttpRequest(decodeResult: success, version: HTTP/1.1)
POST /session/bfaf75cba8861e6ac241834be22608b9/window HTTP/1.1
User-Agent: selenium/4.4.0 (java windows)
Content-Length: 59
Content-Type: application/json; charset=utf-8
host: localhost:51652
accept: */*

Response DefaultHttpResponse(decodeResult: success, version: HTTP/1.1)
HTTP/1.1 200 OK
Content-Type: application/json; charset=utf-8
cache-control: no-cache
content-length: 14

18:01:15.828 [AsyncHttpClient-1-11] DEBUG org.asynchttpclient.netty.channel.ChannelManager - Adding key: http://localhost:51652 for channel [id: 0x696dc3fe, L:/127.0.0.1:59284 - R:localhost/127.0.0.1:51652]
18:01:15.829 [Forwarding getCurrentUrl on session bfaf75cba8861e6ac241834be22608b9 to remote] DEBUG org.asynchttpclient.netty.request.NettyRequestSender - Using pooled Channel '[id: 0x696dc3fe, L:/127.0.0.1:59284 - R:localhost/127.0.0.1:51652]' for 'GET' to 'http://localhost:51652/session/bfaf75cba8861e6ac241834be22608b9/url'
18:01:15.829 [Forwarding getCurrentUrl on session bfaf75cba8861e6ac241834be22608b9 to remote] DEBUG org.asynchttpclient.netty.request.NettyRequestSender - Using open Channel [id: 0x696dc3fe, L:/127.0.0.1:59284 - R:localhost/127.0.0.1:51652] for GET '/session/bfaf75cba8861e6ac241834be22608b9/url'
18:01:15.830 [AsyncHttpClient-1-11] DEBUG org.asynchttpclient.netty.handler.HttpHandler - 

Request DefaultFullHttpRequest(decodeResult: success, version: HTTP/1.1, content: EmptyByteBufBE)
GET /session/bfaf75cba8861e6ac241834be22608b9/url HTTP/1.1
User-Agent: selenium/4.4.0 (java windows)
Cache-Control: no-cache
Content-Type: application/json; charset=utf-8
host: localhost:51652
accept: */*

Response DefaultHttpResponse(decodeResult: success, version: HTTP/1.1)
HTTP/1.1 200 OK
Content-Type: application/json; charset=utf-8
cache-control: no-cache
content-length: 48

18:01:15.830 [AsyncHttpClient-1-11] DEBUG org.asynchttpclient.netty.channel.ChannelManager - Adding key: http://localhost:51652 for channel [id: 0x696dc3fe, L:/127.0.0.1:59284 - R:localhost/127.0.0.1:51652]
18:01:15.831 [Forwarding screenshot on session bfaf75cba8861e6ac241834be22608b9 to remote] DEBUG org.asynchttpclient.netty.request.NettyRequestSender - Using pooled Channel '[id: 0x696dc3fe, L:/127.0.0.1:59284 - R:localhost/127.0.0.1:51652]' for 'GET' to 'http://localhost:51652/session/bfaf75cba8861e6ac241834be22608b9/screenshot'
18:01:15.831 [Forwarding screenshot on session bfaf75cba8861e6ac241834be22608b9 to remote] DEBUG org.asynchttpclient.netty.request.NettyRequestSender - Using open Channel [id: 0x696dc3fe, L:/127.0.0.1:59284 - R:localhost/127.0.0.1:51652] for GET '/session/bfaf75cba8861e6ac241834be22608b9/screenshot'
18:01:15.971 [AsyncHttpClient-1-11] DEBUG org.asynchttpclient.netty.handler.HttpHandler - 

Request DefaultFullHttpRequest(decodeResult: success, version: HTTP/1.1, content: EmptyByteBufBE)
GET /session/bfaf75cba8861e6ac241834be22608b9/screenshot HTTP/1.1
User-Agent: selenium/4.4.0 (java windows)
Cache-Control: no-cache
Content-Type: application/json; charset=utf-8
host: localhost:51652
accept: */*

Response DefaultHttpResponse(decodeResult: success, version: HTTP/1.1)
HTTP/1.1 200 OK
Content-Type: application/json; charset=utf-8
cache-control: no-cache
content-length: 137744

18:01:15.971 [AsyncHttpClient-1-11] DEBUG org.asynchttpclient.netty.channel.ChannelManager - Adding key: http://localhost:51652 for channel [id: 0x696dc3fe, L:/127.0.0.1:59284 - R:localhost/127.0.0.1:51652]
18:01:15.975 [main] DEBUG net.serenitybdd.core.photography.Darkroom - Send negative for processing for target\site\serenity\eacfbda411c4a73c289f1c047d4d18beca085670c171c169730be9bc06de3efd.png
18:01:15.975 [main] DEBUG net.thucydides.core.steps.StepInterceptor - STEP DONE: inserto usuario{usuario} y contraseña{password}
18:01:15.975 [Darkroom Processing Line] DEBUG net.serenitybdd.core.photography.DarkroomProcessingLine - Processing screenshot image in /var/screenshots/screenshot-12756484610379615943
18:01:15.975 [Darkroom Processing Line] DEBUG net.serenitybdd.core.photography.DarkroomProcessingLine - Saving screenshot to target\site\serenity\eacfbda411c4a73c289f1c047d4d18beca085670c171c169730be9bc06de3efd.png
18:01:15.982 [Forwarding getPageSource on session bfaf75cba8861e6ac241834be22608b9 to remote] DEBUG org.asynchttpclient.netty.request.NettyRequestSender - Using pooled Channel '[id: 0x696dc3fe, L:/127.0.0.1:59284 - R:localhost/127.0.0.1:51652]' for 'POST' to 'http://localhost:51652/session/bfaf75cba8861e6ac241834be22608b9/execute/sync'
18:01:15.982 [Forwarding getPageSource on session bfaf75cba8861e6ac241834be22608b9 to remote] DEBUG org.asynchttpclient.netty.request.NettyRequestSender - Using open Channel [id: 0x696dc3fe, L:/127.0.0.1:59284 - R:localhost/127.0.0.1:51652] for POST '/session/bfaf75cba8861e6ac241834be22608b9/execute/sync'
18:01:15.990 [AsyncHttpClient-1-11] DEBUG org.asynchttpclient.netty.handler.HttpHandler - 

Request DefaultHttpRequest(decodeResult: success, version: HTTP/1.1)
POST /session/bfaf75cba8861e6ac241834be22608b9/execute/sync HTTP/1.1
User-Agent: selenium/4.4.0 (java windows)
Content-Length: 176
Content-Type: application/json; charset=utf-8
host: localhost:51652
accept: */*

Response DefaultHttpResponse(decodeResult: success, version: HTTP/1.1)
HTTP/1.1 200 OK
Content-Type: application/json; charset=utf-8
cache-control: no-cache
content-length: 57699

18:01:15.990 [AsyncHttpClient-1-11] DEBUG org.asynchttpclient.netty.channel.ChannelManager - Adding key: http://localhost:51652 for channel [id: 0x696dc3fe, L:/127.0.0.1:59284 - R:localhost/127.0.0.1:51652]
18:01:15.994 [Forwarding getCurrentUrl on session bfaf75cba8861e6ac241834be22608b9 to remote] DEBUG org.asynchttpclient.netty.request.NettyRequestSender - Using pooled Channel '[id: 0x696dc3fe, L:/127.0.0.1:59284 - R:localhost/127.0.0.1:51652]' for 'GET' to 'http://localhost:51652/session/bfaf75cba8861e6ac241834be22608b9/url'
18:01:15.994 [Forwarding getCurrentUrl on session bfaf75cba8861e6ac241834be22608b9 to remote] DEBUG org.asynchttpclient.netty.request.NettyRequestSender - Using open Channel [id: 0x696dc3fe, L:/127.0.0.1:59284 - R:localhost/127.0.0.1:51652] for GET '/session/bfaf75cba8861e6ac241834be22608b9/url'
18:01:15.997 [AsyncHttpClient-1-11] DEBUG org.asynchttpclient.netty.handler.HttpHandler - 

Request DefaultFullHttpRequest(decodeResult: success, version: HTTP/1.1, content: EmptyByteBufBE)
GET /session/bfaf75cba8861e6ac241834be22608b9/url HTTP/1.1
User-Agent: selenium/4.4.0 (java windows)
Cache-Control: no-cache
Content-Type: application/json; charset=utf-8
host: localhost:51652
accept: */*

Response DefaultHttpResponse(decodeResult: success, version: HTTP/1.1)
HTTP/1.1 200 OK
Content-Type: application/json; charset=utf-8
cache-control: no-cache
content-length: 48

18:01:15.997 [AsyncHttpClient-1-11] DEBUG org.asynchttpclient.netty.channel.ChannelManager - Adding key: http://localhost:51652 for channel [id: 0x696dc3fe, L:/127.0.0.1:59284 - R:localhost/127.0.0.1:51652]
18:01:15.998 [main] DEBUG net.thucydides.core.steps.StepInterceptor - STARTING STEP: CompararPreciosStep.logeado_con_el_usuario_de_contraseña - clikar login
18:01:15.999 [Forwarding findElement on session bfaf75cba8861e6ac241834be22608b9 to remote] DEBUG org.asynchttpclient.netty.request.NettyRequestSender - Using pooled Channel '[id: 0x696dc3fe, L:/127.0.0.1:59284 - R:localhost/127.0.0.1:51652]' for 'POST' to 'http://localhost:51652/session/bfaf75cba8861e6ac241834be22608b9/element'
18:01:15.999 [Forwarding findElement on session bfaf75cba8861e6ac241834be22608b9 to remote] DEBUG org.asynchttpclient.netty.request.NettyRequestSender - Using open Channel [id: 0x696dc3fe, L:/127.0.0.1:59284 - R:localhost/127.0.0.1:51652] for POST '/session/bfaf75cba8861e6ac241834be22608b9/element'
18:01:16.008 [AsyncHttpClient-1-11] DEBUG org.asynchttpclient.netty.handler.HttpHandler - 

Request DefaultHttpRequest(decodeResult: success, version: HTTP/1.1)
POST /session/bfaf75cba8861e6ac241834be22608b9/element HTTP/1.1
User-Agent: selenium/4.4.0 (java windows)
Content-Length: 83
Content-Type: application/json; charset=utf-8
host: localhost:51652
accept: */*

Response DefaultHttpResponse(decodeResult: success, version: HTTP/1.1)
HTTP/1.1 200 OK
Content-Type: application/json; charset=utf-8
cache-control: no-cache
content-length: 88

18:01:16.008 [AsyncHttpClient-1-11] DEBUG org.asynchttpclient.netty.channel.ChannelManager - Adding key: http://localhost:51652 for channel [id: 0x696dc3fe, L:/127.0.0.1:59284 - R:localhost/127.0.0.1:51652]
18:01:16.010 [Forwarding isElementDisplayed on session bfaf75cba8861e6ac241834be22608b9 to remote] DEBUG org.asynchttpclient.netty.request.NettyRequestSender - Using pooled Channel '[id: 0x696dc3fe, L:/127.0.0.1:59284 - R:localhost/127.0.0.1:51652]' for 'POST' to 'http://localhost:51652/session/bfaf75cba8861e6ac241834be22608b9/execute/sync'
18:01:16.010 [Forwarding isElementDisplayed on session bfaf75cba8861e6ac241834be22608b9 to remote] DEBUG org.asynchttpclient.netty.request.NettyRequestSender - Using open Channel [id: 0x696dc3fe, L:/127.0.0.1:59284 - R:localhost/127.0.0.1:51652] for POST '/session/bfaf75cba8861e6ac241834be22608b9/execute/sync'
18:01:16.017 [AsyncHttpClient-1-11] DEBUG org.asynchttpclient.netty.handler.HttpHandler - 

Request DefaultHttpRequest(decodeResult: success, version: HTTP/1.1)
POST /session/bfaf75cba8861e6ac241834be22608b9/execute/sync HTTP/1.1
User-Agent: selenium/4.4.0 (java windows)
Content-Length: 48780
Content-Type: application/json; charset=utf-8
host: localhost:51652
accept: */*

Response DefaultHttpResponse(decodeResult: success, version: HTTP/1.1)
HTTP/1.1 200 OK
Content-Type: application/json; charset=utf-8
cache-control: no-cache
content-length: 14

18:01:16.017 [AsyncHttpClient-1-11] DEBUG org.asynchttpclient.netty.channel.ChannelManager - Adding key: http://localhost:51652 for channel [id: 0x696dc3fe, L:/127.0.0.1:59284 - R:localhost/127.0.0.1:51652]
18:01:16.018 [Forwarding clickElement on session bfaf75cba8861e6ac241834be22608b9 to remote] DEBUG org.asynchttpclient.netty.request.NettyRequestSender - Using pooled Channel '[id: 0x696dc3fe, L:/127.0.0.1:59284 - R:localhost/127.0.0.1:51652]' for 'POST' to 'http://localhost:51652/session/bfaf75cba8861e6ac241834be22608b9/element/44110782-4be0-40c8-b535-7946a911a83b/click'
18:01:16.018 [Forwarding clickElement on session bfaf75cba8861e6ac241834be22608b9 to remote] DEBUG org.asynchttpclient.netty.request.NettyRequestSender - Using open Channel [id: 0x696dc3fe, L:/127.0.0.1:59284 - R:localhost/127.0.0.1:51652] for POST '/session/bfaf75cba8861e6ac241834be22608b9/element/44110782-4be0-40c8-b535-7946a911a83b/click'
18:01:16.041 [AsyncHttpClient-1-11] DEBUG org.asynchttpclient.netty.handler.HttpHandler - 

Request DefaultHttpRequest(decodeResult: success, version: HTTP/1.1)
POST /session/bfaf75cba8861e6ac241834be22608b9/element/44110782-4be0-40c8-b535-7946a911a83b/click HTTP/1.1
User-Agent: selenium/4.4.0 (java windows)
Content-Length: 50
Content-Type: application/json; charset=utf-8
host: localhost:51652
accept: */*

Response DefaultHttpResponse(decodeResult: success, version: HTTP/1.1)
HTTP/1.1 200 OK
Content-Type: application/json; charset=utf-8
cache-control: no-cache
content-length: 14

18:01:16.041 [AsyncHttpClient-1-11] DEBUG org.asynchttpclient.netty.channel.ChannelManager - Adding key: http://localhost:51652 for channel [id: 0x696dc3fe, L:/127.0.0.1:59284 - R:localhost/127.0.0.1:51652]
18:01:16.043 [Forwarding getCurrentWindowHandle on session bfaf75cba8861e6ac241834be22608b9 to remote] DEBUG org.asynchttpclient.netty.request.NettyRequestSender - Using pooled Channel '[id: 0x696dc3fe, L:/127.0.0.1:59284 - R:localhost/127.0.0.1:51652]' for 'GET' to 'http://localhost:51652/session/bfaf75cba8861e6ac241834be22608b9/window'
18:01:16.043 [Forwarding getCurrentWindowHandle on session bfaf75cba8861e6ac241834be22608b9 to remote] DEBUG org.asynchttpclient.netty.request.NettyRequestSender - Using open Channel [id: 0x696dc3fe, L:/127.0.0.1:59284 - R:localhost/127.0.0.1:51652] for GET '/session/bfaf75cba8861e6ac241834be22608b9/window'
18:01:16.044 [AsyncHttpClient-1-11] DEBUG org.asynchttpclient.netty.handler.HttpHandler - 

Request DefaultFullHttpRequest(decodeResult: success, version: HTTP/1.1, content: EmptyByteBufBE)
GET /session/bfaf75cba8861e6ac241834be22608b9/window HTTP/1.1
User-Agent: selenium/4.4.0 (java windows)
Cache-Control: no-cache
Content-Type: application/json; charset=utf-8
host: localhost:51652
accept: */*

Response DefaultHttpResponse(decodeResult: success, version: HTTP/1.1)
HTTP/1.1 200 OK
Content-Type: application/json; charset=utf-8
cache-control: no-cache
content-length: 53

18:01:16.044 [AsyncHttpClient-1-11] DEBUG org.asynchttpclient.netty.channel.ChannelManager - Adding key: http://localhost:51652 for channel [id: 0x696dc3fe, L:/127.0.0.1:59284 - R:localhost/127.0.0.1:51652]
18:01:16.044 [Forwarding getAlertText on session bfaf75cba8861e6ac241834be22608b9 to remote] DEBUG org.asynchttpclient.netty.request.NettyRequestSender - Using pooled Channel '[id: 0x696dc3fe, L:/127.0.0.1:59284 - R:localhost/127.0.0.1:51652]' for 'GET' to 'http://localhost:51652/session/bfaf75cba8861e6ac241834be22608b9/alert/text'
18:01:16.044 [Forwarding getAlertText on session bfaf75cba8861e6ac241834be22608b9 to remote] DEBUG org.asynchttpclient.netty.request.NettyRequestSender - Using open Channel [id: 0x696dc3fe, L:/127.0.0.1:59284 - R:localhost/127.0.0.1:51652] for GET '/session/bfaf75cba8861e6ac241834be22608b9/alert/text'
18:01:16.045 [AsyncHttpClient-1-11] DEBUG org.asynchttpclient.netty.handler.HttpHandler - 

Request DefaultFullHttpRequest(decodeResult: success, version: HTTP/1.1, content: EmptyByteBufBE)
GET /session/bfaf75cba8861e6ac241834be22608b9/alert/text HTTP/1.1
User-Agent: selenium/4.4.0 (java windows)
Cache-Control: no-cache
Content-Type: application/json; charset=utf-8
host: localhost:51652
accept: */*

Response DefaultHttpResponse(decodeResult: success, version: HTTP/1.1)
HTTP/1.1 404 Not Found
Content-Type: application/json; charset=utf-8
cache-control: no-cache
content-length: 835

18:01:16.045 [AsyncHttpClient-1-11] DEBUG org.asynchttpclient.netty.channel.ChannelManager - Adding key: http://localhost:51652 for channel [id: 0x696dc3fe, L:/127.0.0.1:59284 - R:localhost/127.0.0.1:51652]
18:01:16.046 [Forwarding switchToWindow on session bfaf75cba8861e6ac241834be22608b9 to remote] DEBUG org.asynchttpclient.netty.request.NettyRequestSender - Using pooled Channel '[id: 0x696dc3fe, L:/127.0.0.1:59284 - R:localhost/127.0.0.1:51652]' for 'POST' to 'http://localhost:51652/session/bfaf75cba8861e6ac241834be22608b9/window'
18:01:16.046 [Forwarding switchToWindow on session bfaf75cba8861e6ac241834be22608b9 to remote] DEBUG org.asynchttpclient.netty.request.NettyRequestSender - Using open Channel [id: 0x696dc3fe, L:/127.0.0.1:59284 - R:localhost/127.0.0.1:51652] for POST '/session/bfaf75cba8861e6ac241834be22608b9/window'
18:01:16.046 [AsyncHttpClient-1-11] DEBUG org.asynchttpclient.netty.handler.HttpHandler - 

Request DefaultHttpRequest(decodeResult: success, version: HTTP/1.1)
POST /session/bfaf75cba8861e6ac241834be22608b9/window HTTP/1.1
User-Agent: selenium/4.4.0 (java windows)
Content-Length: 59
Content-Type: application/json; charset=utf-8
host: localhost:51652
accept: */*

Response DefaultHttpResponse(decodeResult: success, version: HTTP/1.1)
HTTP/1.1 200 OK
Content-Type: application/json; charset=utf-8
cache-control: no-cache
content-length: 14

18:01:16.046 [AsyncHttpClient-1-11] DEBUG org.asynchttpclient.netty.channel.ChannelManager - Adding key: http://localhost:51652 for channel [id: 0x696dc3fe, L:/127.0.0.1:59284 - R:localhost/127.0.0.1:51652]
18:01:16.047 [Forwarding getCurrentUrl on session bfaf75cba8861e6ac241834be22608b9 to remote] DEBUG org.asynchttpclient.netty.request.NettyRequestSender - Using pooled Channel '[id: 0x696dc3fe, L:/127.0.0.1:59284 - R:localhost/127.0.0.1:51652]' for 'GET' to 'http://localhost:51652/session/bfaf75cba8861e6ac241834be22608b9/url'
18:01:16.047 [Forwarding getCurrentUrl on session bfaf75cba8861e6ac241834be22608b9 to remote] DEBUG org.asynchttpclient.netty.request.NettyRequestSender - Using open Channel [id: 0x696dc3fe, L:/127.0.0.1:59284 - R:localhost/127.0.0.1:51652] for GET '/session/bfaf75cba8861e6ac241834be22608b9/url'
18:01:16.048 [AsyncHttpClient-1-11] DEBUG org.asynchttpclient.netty.handler.HttpHandler - 

Request DefaultFullHttpRequest(decodeResult: success, version: HTTP/1.1, content: EmptyByteBufBE)
GET /session/bfaf75cba8861e6ac241834be22608b9/url HTTP/1.1
User-Agent: selenium/4.4.0 (java windows)
Cache-Control: no-cache
Content-Type: application/json; charset=utf-8
host: localhost:51652
accept: */*

Response DefaultHttpResponse(decodeResult: success, version: HTTP/1.1)
HTTP/1.1 200 OK
Content-Type: application/json; charset=utf-8
cache-control: no-cache
content-length: 48

18:01:16.048 [AsyncHttpClient-1-11] DEBUG org.asynchttpclient.netty.channel.ChannelManager - Adding key: http://localhost:51652 for channel [id: 0x696dc3fe, L:/127.0.0.1:59284 - R:localhost/127.0.0.1:51652]
18:01:16.049 [Forwarding screenshot on session bfaf75cba8861e6ac241834be22608b9 to remote] DEBUG org.asynchttpclient.netty.request.NettyRequestSender - Using pooled Channel '[id: 0x696dc3fe, L:/127.0.0.1:59284 - R:localhost/127.0.0.1:51652]' for 'GET' to 'http://localhost:51652/session/bfaf75cba8861e6ac241834be22608b9/screenshot'
18:01:16.049 [Forwarding screenshot on session bfaf75cba8861e6ac241834be22608b9 to remote] DEBUG org.asynchttpclient.netty.request.NettyRequestSender - Using open Channel [id: 0x696dc3fe, L:/127.0.0.1:59284 - R:localhost/127.0.0.1:51652] for GET '/session/bfaf75cba8861e6ac241834be22608b9/screenshot'
18:01:16.158 [AsyncHttpClient-1-11] DEBUG org.asynchttpclient.netty.handler.HttpHandler - 

Request DefaultFullHttpRequest(decodeResult: success, version: HTTP/1.1, content: EmptyByteBufBE)
GET /session/bfaf75cba8861e6ac241834be22608b9/screenshot HTTP/1.1
User-Agent: selenium/4.4.0 (java windows)
Cache-Control: no-cache
Content-Type: application/json; charset=utf-8
host: localhost:51652
accept: */*

Response DefaultHttpResponse(decodeResult: success, version: HTTP/1.1)
HTTP/1.1 200 OK
Content-Type: application/json; charset=utf-8
cache-control: no-cache
content-length: 156092

18:01:16.158 [AsyncHttpClient-1-11] DEBUG org.asynchttpclient.netty.channel.ChannelManager - Adding key: http://localhost:51652 for channel [id: 0x696dc3fe, L:/127.0.0.1:59284 - R:localhost/127.0.0.1:51652]
18:01:16.160 [main] DEBUG net.serenitybdd.core.photography.Darkroom - Send negative for processing for target\site\serenity\ec75162d318c7bff9725b533aa0470b0c720d9a1f5e9e2235c46bb234fecaf6f.png
18:01:16.160 [main] DEBUG net.thucydides.core.steps.StepInterceptor - STEP DONE: clikar login
  &amp#27;[32mGiven &amp#27;[0m&amp#27;[32mlogeado con el usuario &amp#27;[0m&amp#27;[32m&amp#27;[1m"MarkOS1"&amp#27;[0m&amp#27;[32m de contraseña &amp#27;[0m&amp#27;[32m&amp#27;[1m"123"&amp#27;[0m                       &amp#27;[90m# Step.CompararPreciosStep.logeado_con_el_usuario_de_contraseña(java.lang.String,java.lang.String)&amp#27;[0m
18:01:16.161 [Darkroom Processing Line] DEBUG net.serenitybdd.core.photography.DarkroomProcessingLine - Processing screenshot image in /var/screenshots/screenshot-11769700413077111444
18:01:16.161 [Darkroom Processing Line] DEBUG net.serenitybdd.core.photography.DarkroomProcessingLine - Saving screenshot to target\site\serenity\ec75162d318c7bff9725b533aa0470b0c720d9a1f5e9e2235c46bb234fecaf6f.png
18:01:16.165 [Forwarding getPageSource on session bfaf75cba8861e6ac241834be22608b9 to remote] DEBUG org.asynchttpclient.netty.request.NettyRequestSender - Using pooled Channel '[id: 0x696dc3fe, L:/127.0.0.1:59284 - R:localhost/127.0.0.1:51652]' for 'POST' to 'http://localhost:51652/session/bfaf75cba8861e6ac241834be22608b9/execute/sync'
18:01:16.165 [Forwarding getPageSource on session bfaf75cba8861e6ac241834be22608b9 to remote] DEBUG org.asynchttpclient.netty.request.NettyRequestSender - Using open Channel [id: 0x696dc3fe, L:/127.0.0.1:59284 - R:localhost/127.0.0.1:51652] for POST '/session/bfaf75cba8861e6ac241834be22608b9/execute/sync'
18:01:16.171 [AsyncHttpClient-1-11] DEBUG org.asynchttpclient.netty.handler.HttpHandler - 

Request DefaultHttpRequest(decodeResult: success, version: HTTP/1.1)
POST /session/bfaf75cba8861e6ac241834be22608b9/execute/sync HTTP/1.1
User-Agent: selenium/4.4.0 (java windows)
Content-Length: 176
Content-Type: application/json; charset=utf-8
host: localhost:51652
accept: */*

Response DefaultHttpResponse(decodeResult: success, version: HTTP/1.1)
HTTP/1.1 200 OK
Content-Type: application/json; charset=utf-8
cache-control: no-cache
content-length: 57699

18:01:16.171 [AsyncHttpClient-1-11] DEBUG org.asynchttpclient.netty.channel.ChannelManager - Adding key: http://localhost:51652 for channel [id: 0x696dc3fe, L:/127.0.0.1:59284 - R:localhost/127.0.0.1:51652]
18:01:16.174 [Forwarding getCurrentUrl on session bfaf75cba8861e6ac241834be22608b9 to remote] DEBUG org.asynchttpclient.netty.request.NettyRequestSender - Using pooled Channel '[id: 0x696dc3fe, L:/127.0.0.1:59284 - R:localhost/127.0.0.1:51652]' for 'GET' to 'http://localhost:51652/session/bfaf75cba8861e6ac241834be22608b9/url'
18:01:16.174 [Forwarding getCurrentUrl on session bfaf75cba8861e6ac241834be22608b9 to remote] DEBUG org.asynchttpclient.netty.request.NettyRequestSender - Using open Channel [id: 0x696dc3fe, L:/127.0.0.1:59284 - R:localhost/127.0.0.1:51652] for GET '/session/bfaf75cba8861e6ac241834be22608b9/url'
18:01:16.176 [AsyncHttpClient-1-11] DEBUG org.asynchttpclient.netty.handler.HttpHandler - 

Request DefaultFullHttpRequest(decodeResult: success, version: HTTP/1.1, content: EmptyByteBufBE)
GET /session/bfaf75cba8861e6ac241834be22608b9/url HTTP/1.1
User-Agent: selenium/4.4.0 (java windows)
Cache-Control: no-cache
Content-Type: application/json; charset=utf-8
host: localhost:51652
accept: */*

Response DefaultHttpResponse(decodeResult: success, version: HTTP/1.1)
HTTP/1.1 200 OK
Content-Type: application/json; charset=utf-8
cache-control: no-cache
content-length: 48

18:01:16.176 [AsyncHttpClient-1-11] DEBUG org.asynchttpclient.netty.channel.ChannelManager - Adding key: http://localhost:51652 for channel [id: 0x696dc3fe, L:/127.0.0.1:59284 - R:localhost/127.0.0.1:51652]
18:01:16.761 [AsyncHttpClient-1-1] DEBUG org.asynchttpclient.netty.channel.DefaultChannelPool - Entry count for : http://localhost:59285 : 1
18:01:16.761 [AsyncHttpClient-1-1] DEBUG org.asynchttpclient.netty.channel.DefaultChannelPool - Entry count for : http://localhost:51652 : 1
18:01:17.863 [AsyncHttpClient-1-1] DEBUG org.asynchttpclient.netty.channel.DefaultChannelPool - Entry count for : http://localhost:59285 : 1
18:01:17.863 [AsyncHttpClient-1-1] DEBUG org.asynchttpclient.netty.channel.DefaultChannelPool - Entry count for : http://localhost:51652 : 1
18:01:18.961 [AsyncHttpClient-1-1] DEBUG org.asynchttpclient.netty.channel.DefaultChannelPool - Entry count for : http://localhost:59285 : 1
18:01:18.961 [AsyncHttpClient-1-1] DEBUG org.asynchttpclient.netty.channel.DefaultChannelPool - Entry count for : http://localhost:51652 : 1
18:01:19.189 [Forwarding getCurrentWindowHandle on session bfaf75cba8861e6ac241834be22608b9 to remote] DEBUG org.asynchttpclient.netty.request.NettyRequestSender - Using pooled Channel '[id: 0x696dc3fe, L:/127.0.0.1:59284 - R:localhost/127.0.0.1:51652]' for 'GET' to 'http://localhost:51652/session/bfaf75cba8861e6ac241834be22608b9/window'
18:01:19.189 [Forwarding getCurrentWindowHandle on session bfaf75cba8861e6ac241834be22608b9 to remote] DEBUG org.asynchttpclient.netty.request.NettyRequestSender - Using open Channel [id: 0x696dc3fe, L:/127.0.0.1:59284 - R:localhost/127.0.0.1:51652] for GET '/session/bfaf75cba8861e6ac241834be22608b9/window'
18:01:19.189 [AsyncHttpClient-1-11] DEBUG org.asynchttpclient.netty.handler.HttpHandler - 

Request DefaultFullHttpRequest(decodeResult: success, version: HTTP/1.1, content: EmptyByteBufBE)
GET /session/bfaf75cba8861e6ac241834be22608b9/window HTTP/1.1
User-Agent: selenium/4.4.0 (java windows)
Cache-Control: no-cache
Content-Type: application/json; charset=utf-8
host: localhost:51652
accept: */*

Response DefaultHttpResponse(decodeResult: success, version: HTTP/1.1)
HTTP/1.1 200 OK
Content-Type: application/json; charset=utf-8
cache-control: no-cache
content-length: 53

18:01:19.190 [AsyncHttpClient-1-11] DEBUG org.asynchttpclient.netty.channel.ChannelManager - Adding key: http://localhost:51652 for channel [id: 0x696dc3fe, L:/127.0.0.1:59284 - R:localhost/127.0.0.1:51652]
18:01:19.190 [Forwarding getAlertText on session bfaf75cba8861e6ac241834be22608b9 to remote] DEBUG org.asynchttpclient.netty.request.NettyRequestSender - Using pooled Channel '[id: 0x696dc3fe, L:/127.0.0.1:59284 - R:localhost/127.0.0.1:51652]' for 'GET' to 'http://localhost:51652/session/bfaf75cba8861e6ac241834be22608b9/alert/text'
18:01:19.190 [Forwarding getAlertText on session bfaf75cba8861e6ac241834be22608b9 to remote] DEBUG org.asynchttpclient.netty.request.NettyRequestSender - Using open Channel [id: 0x696dc3fe, L:/127.0.0.1:59284 - R:localhost/127.0.0.1:51652] for GET '/session/bfaf75cba8861e6ac241834be22608b9/alert/text'
18:01:19.191 [AsyncHttpClient-1-11] DEBUG org.asynchttpclient.netty.handler.HttpHandler - 

Request DefaultFullHttpRequest(decodeResult: success, version: HTTP/1.1, content: EmptyByteBufBE)
GET /session/bfaf75cba8861e6ac241834be22608b9/alert/text HTTP/1.1
User-Agent: selenium/4.4.0 (java windows)
Cache-Control: no-cache
Content-Type: application/json; charset=utf-8
host: localhost:51652
accept: */*

Response DefaultHttpResponse(decodeResult: success, version: HTTP/1.1)
HTTP/1.1 404 Not Found
Content-Type: application/json; charset=utf-8
cache-control: no-cache
content-length: 835

18:01:19.192 [AsyncHttpClient-1-11] DEBUG org.asynchttpclient.netty.channel.ChannelManager - Adding key: http://localhost:51652 for channel [id: 0x696dc3fe, L:/127.0.0.1:59284 - R:localhost/127.0.0.1:51652]
18:01:19.192 [Forwarding switchToWindow on session bfaf75cba8861e6ac241834be22608b9 to remote] DEBUG org.asynchttpclient.netty.request.NettyRequestSender - Using pooled Channel '[id: 0x696dc3fe, L:/127.0.0.1:59284 - R:localhost/127.0.0.1:51652]' for 'POST' to 'http://localhost:51652/session/bfaf75cba8861e6ac241834be22608b9/window'
18:01:19.193 [Forwarding switchToWindow on session bfaf75cba8861e6ac241834be22608b9 to remote] DEBUG org.asynchttpclient.netty.request.NettyRequestSender - Using open Channel [id: 0x696dc3fe, L:/127.0.0.1:59284 - R:localhost/127.0.0.1:51652] for POST '/session/bfaf75cba8861e6ac241834be22608b9/window'
18:01:19.194 [AsyncHttpClient-1-11] DEBUG org.asynchttpclient.netty.handler.HttpHandler - 

Request DefaultHttpRequest(decodeResult: success, version: HTTP/1.1)
POST /session/bfaf75cba8861e6ac241834be22608b9/window HTTP/1.1
User-Agent: selenium/4.4.0 (java windows)
Content-Length: 59
Content-Type: application/json; charset=utf-8
host: localhost:51652
accept: */*

Response DefaultHttpResponse(decodeResult: success, version: HTTP/1.1)
HTTP/1.1 200 OK
Content-Type: application/json; charset=utf-8
cache-control: no-cache
content-length: 14

18:01:19.194 [AsyncHttpClient-1-11] DEBUG org.asynchttpclient.netty.channel.ChannelManager - Adding key: http://localhost:51652 for channel [id: 0x696dc3fe, L:/127.0.0.1:59284 - R:localhost/127.0.0.1:51652]
18:01:19.194 [Forwarding getCurrentUrl on session bfaf75cba8861e6ac241834be22608b9 to remote] DEBUG org.asynchttpclient.netty.request.NettyRequestSender - Using pooled Channel '[id: 0x696dc3fe, L:/127.0.0.1:59284 - R:localhost/127.0.0.1:51652]' for 'GET' to 'http://localhost:51652/session/bfaf75cba8861e6ac241834be22608b9/url'
18:01:19.194 [Forwarding getCurrentUrl on session bfaf75cba8861e6ac241834be22608b9 to remote] DEBUG org.asynchttpclient.netty.request.NettyRequestSender - Using open Channel [id: 0x696dc3fe, L:/127.0.0.1:59284 - R:localhost/127.0.0.1:51652] for GET '/session/bfaf75cba8861e6ac241834be22608b9/url'
18:01:19.196 [AsyncHttpClient-1-11] DEBUG org.asynchttpclient.netty.handler.HttpHandler - 

Request DefaultFullHttpRequest(decodeResult: success, version: HTTP/1.1, content: EmptyByteBufBE)
GET /session/bfaf75cba8861e6ac241834be22608b9/url HTTP/1.1
User-Agent: selenium/4.4.0 (java windows)
Cache-Control: no-cache
Content-Type: application/json; charset=utf-8
host: localhost:51652
accept: */*

Response DefaultHttpResponse(decodeResult: success, version: HTTP/1.1)
HTTP/1.1 200 OK
Content-Type: application/json; charset=utf-8
cache-control: no-cache
content-length: 48

18:01:19.196 [AsyncHttpClient-1-11] DEBUG org.asynchttpclient.netty.channel.ChannelManager - Adding key: http://localhost:51652 for channel [id: 0x696dc3fe, L:/127.0.0.1:59284 - R:localhost/127.0.0.1:51652]
18:01:19.197 [Forwarding screenshot on session bfaf75cba8861e6ac241834be22608b9 to remote] DEBUG org.asynchttpclient.netty.request.NettyRequestSender - Using pooled Channel '[id: 0x696dc3fe, L:/127.0.0.1:59284 - R:localhost/127.0.0.1:51652]' for 'GET' to 'http://localhost:51652/session/bfaf75cba8861e6ac241834be22608b9/screenshot'
18:01:19.197 [Forwarding screenshot on session bfaf75cba8861e6ac241834be22608b9 to remote] DEBUG org.asynchttpclient.netty.request.NettyRequestSender - Using open Channel [id: 0x696dc3fe, L:/127.0.0.1:59284 - R:localhost/127.0.0.1:51652] for GET '/session/bfaf75cba8861e6ac241834be22608b9/screenshot'
18:01:19.315 [AsyncHttpClient-1-11] DEBUG org.asynchttpclient.netty.handler.HttpHandler - 

Request DefaultFullHttpRequest(decodeResult: success, version: HTTP/1.1, content: EmptyByteBufBE)
GET /session/bfaf75cba8861e6ac241834be22608b9/screenshot HTTP/1.1
User-Agent: selenium/4.4.0 (java windows)
Cache-Control: no-cache
Content-Type: application/json; charset=utf-8
host: localhost:51652
accept: */*

Response DefaultHttpResponse(decodeResult: success, version: HTTP/1.1)
HTTP/1.1 200 OK
Content-Type: application/json; charset=utf-8
cache-control: no-cache
content-length: 363932

18:01:19.317 [AsyncHttpClient-1-11] DEBUG org.asynchttpclient.netty.channel.ChannelManager - Adding key: http://localhost:51652 for channel [id: 0x696dc3fe, L:/127.0.0.1:59284 - R:localhost/127.0.0.1:51652]
18:01:19.320 [main] DEBUG net.serenitybdd.core.photography.Darkroom - Send negative for processing for target\site\serenity\f80e7d0e461943ddfbcc229daeb488212a7f2fde55ba862768b9c3ae2c9dd52b.png
18:01:19.320 [Darkroom Processing Line] DEBUG net.serenitybdd.core.photography.DarkroomProcessingLine - Processing screenshot image in /var/screenshots/screenshot-3384644541069267426
18:01:19.321 [Darkroom Processing Line] DEBUG net.serenitybdd.core.photography.DarkroomProcessingLine - Saving screenshot to target\site\serenity\f80e7d0e461943ddfbcc229daeb488212a7f2fde55ba862768b9c3ae2c9dd52b.png
18:01:19.321 [Forwarding getPageSource on session bfaf75cba8861e6ac241834be22608b9 to remote] DEBUG org.asynchttpclient.netty.request.NettyRequestSender - Using pooled Channel '[id: 0x696dc3fe, L:/127.0.0.1:59284 - R:localhost/127.0.0.1:51652]' for 'POST' to 'http://localhost:51652/session/bfaf75cba8861e6ac241834be22608b9/execute/sync'
18:01:19.321 [Forwarding getPageSource on session bfaf75cba8861e6ac241834be22608b9 to remote] DEBUG org.asynchttpclient.netty.request.NettyRequestSender - Using open Channel [id: 0x696dc3fe, L:/127.0.0.1:59284 - R:localhost/127.0.0.1:51652] for POST '/session/bfaf75cba8861e6ac241834be22608b9/execute/sync'
18:01:19.329 [AsyncHttpClient-1-11] DEBUG org.asynchttpclient.netty.handler.HttpHandler - 

Request DefaultHttpRequest(decodeResult: success, version: HTTP/1.1)
POST /session/bfaf75cba8861e6ac241834be22608b9/execute/sync HTTP/1.1
User-Agent: selenium/4.4.0 (java windows)
Content-Length: 176
Content-Type: application/json; charset=utf-8
host: localhost:51652
accept: */*

Response DefaultHttpResponse(decodeResult: success, version: HTTP/1.1)
HTTP/1.1 200 OK
Content-Type: application/json; charset=utf-8
cache-control: no-cache
content-length: 57599

18:01:19.329 [AsyncHttpClient-1-11] DEBUG org.asynchttpclient.netty.channel.ChannelManager - Adding key: http://localhost:51652 for channel [id: 0x696dc3fe, L:/127.0.0.1:59284 - R:localhost/127.0.0.1:51652]
18:01:19.331 [Forwarding getCurrentUrl on session bfaf75cba8861e6ac241834be22608b9 to remote] DEBUG org.asynchttpclient.netty.request.NettyRequestSender - Using pooled Channel '[id: 0x696dc3fe, L:/127.0.0.1:59284 - R:localhost/127.0.0.1:51652]' for 'GET' to 'http://localhost:51652/session/bfaf75cba8861e6ac241834be22608b9/url'
18:01:19.331 [Forwarding getCurrentUrl on session bfaf75cba8861e6ac241834be22608b9 to remote] DEBUG org.asynchttpclient.netty.request.NettyRequestSender - Using open Channel [id: 0x696dc3fe, L:/127.0.0.1:59284 - R:localhost/127.0.0.1:51652] for GET '/session/bfaf75cba8861e6ac241834be22608b9/url'
18:01:19.335 [AsyncHttpClient-1-11] DEBUG org.asynchttpclient.netty.handler.HttpHandler - 

Request DefaultFullHttpRequest(decodeResult: success, version: HTTP/1.1, content: EmptyByteBufBE)
GET /session/bfaf75cba8861e6ac241834be22608b9/url HTTP/1.1
User-Agent: selenium/4.4.0 (java windows)
Cache-Control: no-cache
Content-Type: application/json; charset=utf-8
host: localhost:51652
accept: */*

Response DefaultHttpResponse(decodeResult: success, version: HTTP/1.1)
HTTP/1.1 200 OK
Content-Type: application/json; charset=utf-8
cache-control: no-cache
content-length: 48

18:01:19.335 [AsyncHttpClient-1-11] DEBUG org.asynchttpclient.netty.channel.ChannelManager - Adding key: http://localhost:51652 for channel [id: 0x696dc3fe, L:/127.0.0.1:59284 - R:localhost/127.0.0.1:51652]
18:01:19.336 [main] DEBUG net.thucydides.core.steps.StepInterceptor - STARTING STEP: CompararPreciosStep.me_dirigo_a_la_cesta - cliko en la cart
18:01:19.337 [Forwarding findElement on session bfaf75cba8861e6ac241834be22608b9 to remote] DEBUG org.asynchttpclient.netty.request.NettyRequestSender - Using pooled Channel '[id: 0x696dc3fe, L:/127.0.0.1:59284 - R:localhost/127.0.0.1:51652]' for 'POST' to 'http://localhost:51652/session/bfaf75cba8861e6ac241834be22608b9/element'
18:01:19.337 [Forwarding findElement on session bfaf75cba8861e6ac241834be22608b9 to remote] DEBUG org.asynchttpclient.netty.request.NettyRequestSender - Using open Channel [id: 0x696dc3fe, L:/127.0.0.1:59284 - R:localhost/127.0.0.1:51652] for POST '/session/bfaf75cba8861e6ac241834be22608b9/element'
18:01:19.347 [AsyncHttpClient-1-11] DEBUG org.asynchttpclient.netty.handler.HttpHandler - 

Request DefaultHttpRequest(decodeResult: success, version: HTTP/1.1)
POST /session/bfaf75cba8861e6ac241834be22608b9/element HTTP/1.1
User-Agent: selenium/4.4.0 (java windows)
Content-Length: 81
Content-Type: application/json; charset=utf-8
host: localhost:51652
accept: */*

Response DefaultHttpResponse(decodeResult: success, version: HTTP/1.1)
HTTP/1.1 200 OK
Content-Type: application/json; charset=utf-8
cache-control: no-cache
content-length: 88

18:01:19.347 [AsyncHttpClient-1-11] DEBUG org.asynchttpclient.netty.channel.ChannelManager - Adding key: http://localhost:51652 for channel [id: 0x696dc3fe, L:/127.0.0.1:59284 - R:localhost/127.0.0.1:51652]
18:01:19.349 [Forwarding isElementDisplayed on session bfaf75cba8861e6ac241834be22608b9 to remote] DEBUG org.asynchttpclient.netty.request.NettyRequestSender - Using pooled Channel '[id: 0x696dc3fe, L:/127.0.0.1:59284 - R:localhost/127.0.0.1:51652]' for 'POST' to 'http://localhost:51652/session/bfaf75cba8861e6ac241834be22608b9/execute/sync'
18:01:19.349 [Forwarding isElementDisplayed on session bfaf75cba8861e6ac241834be22608b9 to remote] DEBUG org.asynchttpclient.netty.request.NettyRequestSender - Using open Channel [id: 0x696dc3fe, L:/127.0.0.1:59284 - R:localhost/127.0.0.1:51652] for POST '/session/bfaf75cba8861e6ac241834be22608b9/execute/sync'
18:01:19.357 [AsyncHttpClient-1-11] DEBUG org.asynchttpclient.netty.handler.HttpHandler - 

Request DefaultHttpRequest(decodeResult: success, version: HTTP/1.1)
POST /session/bfaf75cba8861e6ac241834be22608b9/execute/sync HTTP/1.1
User-Agent: selenium/4.4.0 (java windows)
Content-Length: 48780
Content-Type: application/json; charset=utf-8
host: localhost:51652
accept: */*

Response DefaultHttpResponse(decodeResult: success, version: HTTP/1.1)
HTTP/1.1 200 OK
Content-Type: application/json; charset=utf-8
cache-control: no-cache
content-length: 14

18:01:19.357 [AsyncHttpClient-1-11] DEBUG org.asynchttpclient.netty.channel.ChannelManager - Adding key: http://localhost:51652 for channel [id: 0x696dc3fe, L:/127.0.0.1:59284 - R:localhost/127.0.0.1:51652]
18:01:19.359 [Forwarding isElementDisplayed on session bfaf75cba8861e6ac241834be22608b9 to remote] DEBUG org.asynchttpclient.netty.request.NettyRequestSender - Using pooled Channel '[id: 0x696dc3fe, L:/127.0.0.1:59284 - R:localhost/127.0.0.1:51652]' for 'POST' to 'http://localhost:51652/session/bfaf75cba8861e6ac241834be22608b9/execute/sync'
18:01:19.359 [Forwarding isElementDisplayed on session bfaf75cba8861e6ac241834be22608b9 to remote] DEBUG org.asynchttpclient.netty.request.NettyRequestSender - Using open Channel [id: 0x696dc3fe, L:/127.0.0.1:59284 - R:localhost/127.0.0.1:51652] for POST '/session/bfaf75cba8861e6ac241834be22608b9/execute/sync'
18:01:19.364 [AsyncHttpClient-1-11] DEBUG org.asynchttpclient.netty.handler.HttpHandler - 

Request DefaultHttpRequest(decodeResult: success, version: HTTP/1.1)
POST /session/bfaf75cba8861e6ac241834be22608b9/execute/sync HTTP/1.1
User-Agent: selenium/4.4.0 (java windows)
Content-Length: 48780
Content-Type: application/json; charset=utf-8
host: localhost:51652
accept: */*

Response DefaultHttpResponse(decodeResult: success, version: HTTP/1.1)
HTTP/1.1 200 OK
Content-Type: application/json; charset=utf-8
cache-control: no-cache
content-length: 14

18:01:19.364 [AsyncHttpClient-1-11] DEBUG org.asynchttpclient.netty.channel.ChannelManager - Adding key: http://localhost:51652 for channel [id: 0x696dc3fe, L:/127.0.0.1:59284 - R:localhost/127.0.0.1:51652]
18:01:19.365 [Forwarding findElement on session bfaf75cba8861e6ac241834be22608b9 to remote] DEBUG org.asynchttpclient.netty.request.NettyRequestSender - Using pooled Channel '[id: 0x696dc3fe, L:/127.0.0.1:59284 - R:localhost/127.0.0.1:51652]' for 'POST' to 'http://localhost:51652/session/bfaf75cba8861e6ac241834be22608b9/element'
18:01:19.365 [Forwarding findElement on session bfaf75cba8861e6ac241834be22608b9 to remote] DEBUG org.asynchttpclient.netty.request.NettyRequestSender - Using open Channel [id: 0x696dc3fe, L:/127.0.0.1:59284 - R:localhost/127.0.0.1:51652] for POST '/session/bfaf75cba8861e6ac241834be22608b9/element'
18:01:19.370 [AsyncHttpClient-1-11] DEBUG org.asynchttpclient.netty.handler.HttpHandler - 

Request DefaultHttpRequest(decodeResult: success, version: HTTP/1.1)
POST /session/bfaf75cba8861e6ac241834be22608b9/element HTTP/1.1
User-Agent: selenium/4.4.0 (java windows)
Content-Length: 81
Content-Type: application/json; charset=utf-8
host: localhost:51652
accept: */*

Response DefaultHttpResponse(decodeResult: success, version: HTTP/1.1)
HTTP/1.1 200 OK
Content-Type: application/json; charset=utf-8
cache-control: no-cache
content-length: 88

18:01:19.370 [AsyncHttpClient-1-11] DEBUG org.asynchttpclient.netty.channel.ChannelManager - Adding key: http://localhost:51652 for channel [id: 0x696dc3fe, L:/127.0.0.1:59284 - R:localhost/127.0.0.1:51652]
18:01:19.372 [Forwarding isElementDisplayed on session bfaf75cba8861e6ac241834be22608b9 to remote] DEBUG org.asynchttpclient.netty.request.NettyRequestSender - Using pooled Channel '[id: 0x696dc3fe, L:/127.0.0.1:59284 - R:localhost/127.0.0.1:51652]' for 'POST' to 'http://localhost:51652/session/bfaf75cba8861e6ac241834be22608b9/execute/sync'
18:01:19.372 [Forwarding isElementDisplayed on session bfaf75cba8861e6ac241834be22608b9 to remote] DEBUG org.asynchttpclient.netty.request.NettyRequestSender - Using open Channel [id: 0x696dc3fe, L:/127.0.0.1:59284 - R:localhost/127.0.0.1:51652] for POST '/session/bfaf75cba8861e6ac241834be22608b9/execute/sync'
18:01:19.379 [AsyncHttpClient-1-11] DEBUG org.asynchttpclient.netty.handler.HttpHandler - 

Request DefaultHttpRequest(decodeResult: success, version: HTTP/1.1)
POST /session/bfaf75cba8861e6ac241834be22608b9/execute/sync HTTP/1.1
User-Agent: selenium/4.4.0 (java windows)
Content-Length: 48780
Content-Type: application/json; charset=utf-8
host: localhost:51652
accept: */*

Response DefaultHttpResponse(decodeResult: success, version: HTTP/1.1)
HTTP/1.1 200 OK
Content-Type: application/json; charset=utf-8
cache-control: no-cache
content-length: 14

18:01:19.379 [AsyncHttpClient-1-11] DEBUG org.asynchttpclient.netty.channel.ChannelManager - Adding key: http://localhost:51652 for channel [id: 0x696dc3fe, L:/127.0.0.1:59284 - R:localhost/127.0.0.1:51652]
18:01:19.380 [Forwarding isElementEnabled on session bfaf75cba8861e6ac241834be22608b9 to remote] DEBUG org.asynchttpclient.netty.request.NettyRequestSender - Using pooled Channel '[id: 0x696dc3fe, L:/127.0.0.1:59284 - R:localhost/127.0.0.1:51652]' for 'GET' to 'http://localhost:51652/session/bfaf75cba8861e6ac241834be22608b9/element/eee38ae2-18f1-4c94-b179-86073b64159e/enabled'
18:01:19.380 [Forwarding isElementEnabled on session bfaf75cba8861e6ac241834be22608b9 to remote] DEBUG org.asynchttpclient.netty.request.NettyRequestSender - Using open Channel [id: 0x696dc3fe, L:/127.0.0.1:59284 - R:localhost/127.0.0.1:51652] for GET '/session/bfaf75cba8861e6ac241834be22608b9/element/eee38ae2-18f1-4c94-b179-86073b64159e/enabled'
18:01:19.386 [AsyncHttpClient-1-11] DEBUG org.asynchttpclient.netty.handler.HttpHandler - 

Request DefaultFullHttpRequest(decodeResult: success, version: HTTP/1.1, content: EmptyByteBufBE)
GET /session/bfaf75cba8861e6ac241834be22608b9/element/eee38ae2-18f1-4c94-b179-86073b64159e/enabled HTTP/1.1
User-Agent: selenium/4.4.0 (java windows)
Cache-Control: no-cache
Content-Type: application/json; charset=utf-8
host: localhost:51652
accept: */*

Response DefaultHttpResponse(decodeResult: success, version: HTTP/1.1)
HTTP/1.1 200 OK
Content-Type: application/json; charset=utf-8
cache-control: no-cache
content-length: 14

18:01:19.386 [AsyncHttpClient-1-11] DEBUG org.asynchttpclient.netty.channel.ChannelManager - Adding key: http://localhost:51652 for channel [id: 0x696dc3fe, L:/127.0.0.1:59284 - R:localhost/127.0.0.1:51652]
18:01:19.387 [Forwarding setTimeout on session bfaf75cba8861e6ac241834be22608b9 to remote] DEBUG org.asynchttpclient.netty.request.NettyRequestSender - Using pooled Channel '[id: 0x696dc3fe, L:/127.0.0.1:59284 - R:localhost/127.0.0.1:51652]' for 'POST' to 'http://localhost:51652/session/bfaf75cba8861e6ac241834be22608b9/timeouts'
18:01:19.387 [Forwarding setTimeout on session bfaf75cba8861e6ac241834be22608b9 to remote] DEBUG org.asynchttpclient.netty.request.NettyRequestSender - Using open Channel [id: 0x696dc3fe, L:/127.0.0.1:59284 - R:localhost/127.0.0.1:51652] for POST '/session/bfaf75cba8861e6ac241834be22608b9/timeouts'
18:01:19.387 [AsyncHttpClient-1-11] DEBUG org.asynchttpclient.netty.handler.HttpHandler - 

Request DefaultHttpRequest(decodeResult: success, version: HTTP/1.1)
POST /session/bfaf75cba8861e6ac241834be22608b9/timeouts HTTP/1.1
User-Agent: selenium/4.4.0 (java windows)
Content-Length: 19
Content-Type: application/json; charset=utf-8
host: localhost:51652
accept: */*

Response DefaultHttpResponse(decodeResult: success, version: HTTP/1.1)
HTTP/1.1 200 OK
Content-Type: application/json; charset=utf-8
cache-control: no-cache
content-length: 14

18:01:19.387 [AsyncHttpClient-1-11] DEBUG org.asynchttpclient.netty.channel.ChannelManager - Adding key: http://localhost:51652 for channel [id: 0x696dc3fe, L:/127.0.0.1:59284 - R:localhost/127.0.0.1:51652]
18:01:19.388 [Forwarding findElement on session bfaf75cba8861e6ac241834be22608b9 to remote] DEBUG org.asynchttpclient.netty.request.NettyRequestSender - Using pooled Channel '[id: 0x696dc3fe, L:/127.0.0.1:59284 - R:localhost/127.0.0.1:51652]' for 'POST' to 'http://localhost:51652/session/bfaf75cba8861e6ac241834be22608b9/element'
18:01:19.388 [Forwarding findElement on session bfaf75cba8861e6ac241834be22608b9 to remote] DEBUG org.asynchttpclient.netty.request.NettyRequestSender - Using open Channel [id: 0x696dc3fe, L:/127.0.0.1:59284 - R:localhost/127.0.0.1:51652] for POST '/session/bfaf75cba8861e6ac241834be22608b9/element'
18:01:19.393 [AsyncHttpClient-1-11] DEBUG org.asynchttpclient.netty.handler.HttpHandler - 

Request DefaultHttpRequest(decodeResult: success, version: HTTP/1.1)
POST /session/bfaf75cba8861e6ac241834be22608b9/element HTTP/1.1
User-Agent: selenium/4.4.0 (java windows)
Content-Length: 81
Content-Type: application/json; charset=utf-8
host: localhost:51652
accept: */*

Response DefaultHttpResponse(decodeResult: success, version: HTTP/1.1)
HTTP/1.1 200 OK
Content-Type: application/json; charset=utf-8
cache-control: no-cache
content-length: 88

18:01:19.394 [AsyncHttpClient-1-11] DEBUG org.asynchttpclient.netty.channel.ChannelManager - Adding key: http://localhost:51652 for channel [id: 0x696dc3fe, L:/127.0.0.1:59284 - R:localhost/127.0.0.1:51652]
18:01:19.396 [Forwarding setTimeout on session bfaf75cba8861e6ac241834be22608b9 to remote] DEBUG org.asynchttpclient.netty.request.NettyRequestSender - Using pooled Channel '[id: 0x696dc3fe, L:/127.0.0.1:59284 - R:localhost/127.0.0.1:51652]' for 'POST' to 'http://localhost:51652/session/bfaf75cba8861e6ac241834be22608b9/timeouts'
18:01:19.396 [Forwarding setTimeout on session bfaf75cba8861e6ac241834be22608b9 to remote] DEBUG org.asynchttpclient.netty.request.NettyRequestSender - Using open Channel [id: 0x696dc3fe, L:/127.0.0.1:59284 - R:localhost/127.0.0.1:51652] for POST '/session/bfaf75cba8861e6ac241834be22608b9/timeouts'
18:01:19.396 [AsyncHttpClient-1-11] DEBUG org.asynchttpclient.netty.handler.HttpHandler - 

Request DefaultHttpRequest(decodeResult: success, version: HTTP/1.1)
POST /session/bfaf75cba8861e6ac241834be22608b9/timeouts HTTP/1.1
User-Agent: selenium/4.4.0 (java windows)
Content-Length: 22
Content-Type: application/json; charset=utf-8
host: localhost:51652
accept: */*

Response DefaultHttpResponse(decodeResult: success, version: HTTP/1.1)
HTTP/1.1 200 OK
Content-Type: application/json; charset=utf-8
cache-control: no-cache
content-length: 14

18:01:19.396 [AsyncHttpClient-1-11] DEBUG org.asynchttpclient.netty.channel.ChannelManager - Adding key: http://localhost:51652 for channel [id: 0x696dc3fe, L:/127.0.0.1:59284 - R:localhost/127.0.0.1:51652]
18:01:19.397 [Forwarding findElement on session bfaf75cba8861e6ac241834be22608b9 to remote] DEBUG org.asynchttpclient.netty.request.NettyRequestSender - Using pooled Channel '[id: 0x696dc3fe, L:/127.0.0.1:59284 - R:localhost/127.0.0.1:51652]' for 'POST' to 'http://localhost:51652/session/bfaf75cba8861e6ac241834be22608b9/element'
18:01:19.397 [Forwarding findElement on session bfaf75cba8861e6ac241834be22608b9 to remote] DEBUG org.asynchttpclient.netty.request.NettyRequestSender - Using open Channel [id: 0x696dc3fe, L:/127.0.0.1:59284 - R:localhost/127.0.0.1:51652] for POST '/session/bfaf75cba8861e6ac241834be22608b9/element'
18:01:19.402 [AsyncHttpClient-1-11] DEBUG org.asynchttpclient.netty.handler.HttpHandler - 

Request DefaultHttpRequest(decodeResult: success, version: HTTP/1.1)
POST /session/bfaf75cba8861e6ac241834be22608b9/element HTTP/1.1
User-Agent: selenium/4.4.0 (java windows)
Content-Length: 81
Content-Type: application/json; charset=utf-8
host: localhost:51652
accept: */*

Response DefaultHttpResponse(decodeResult: success, version: HTTP/1.1)
HTTP/1.1 200 OK
Content-Type: application/json; charset=utf-8
cache-control: no-cache
content-length: 88

18:01:19.402 [AsyncHttpClient-1-11] DEBUG org.asynchttpclient.netty.channel.ChannelManager - Adding key: http://localhost:51652 for channel [id: 0x696dc3fe, L:/127.0.0.1:59284 - R:localhost/127.0.0.1:51652]
18:01:19.404 [Forwarding isElementDisplayed on session bfaf75cba8861e6ac241834be22608b9 to remote] DEBUG org.asynchttpclient.netty.request.NettyRequestSender - Using pooled Channel '[id: 0x696dc3fe, L:/127.0.0.1:59284 - R:localhost/127.0.0.1:51652]' for 'POST' to 'http://localhost:51652/session/bfaf75cba8861e6ac241834be22608b9/execute/sync'
18:01:19.404 [Forwarding isElementDisplayed on session bfaf75cba8861e6ac241834be22608b9 to remote] DEBUG org.asynchttpclient.netty.request.NettyRequestSender - Using open Channel [id: 0x696dc3fe, L:/127.0.0.1:59284 - R:localhost/127.0.0.1:51652] for POST '/session/bfaf75cba8861e6ac241834be22608b9/execute/sync'
18:01:19.409 [AsyncHttpClient-1-11] DEBUG org.asynchttpclient.netty.handler.HttpHandler - 

Request DefaultHttpRequest(decodeResult: success, version: HTTP/1.1)
POST /session/bfaf75cba8861e6ac241834be22608b9/execute/sync HTTP/1.1
User-Agent: selenium/4.4.0 (java windows)
Content-Length: 48780
Content-Type: application/json; charset=utf-8
host: localhost:51652
accept: */*

Response DefaultHttpResponse(decodeResult: success, version: HTTP/1.1)
HTTP/1.1 200 OK
Content-Type: application/json; charset=utf-8
cache-control: no-cache
content-length: 14

18:01:19.409 [AsyncHttpClient-1-11] DEBUG org.asynchttpclient.netty.channel.ChannelManager - Adding key: http://localhost:51652 for channel [id: 0x696dc3fe, L:/127.0.0.1:59284 - R:localhost/127.0.0.1:51652]
18:01:19.410 [Forwarding getElementTagName on session bfaf75cba8861e6ac241834be22608b9 to remote] DEBUG org.asynchttpclient.netty.request.NettyRequestSender - Using pooled Channel '[id: 0x696dc3fe, L:/127.0.0.1:59284 - R:localhost/127.0.0.1:51652]' for 'GET' to 'http://localhost:51652/session/bfaf75cba8861e6ac241834be22608b9/element/eee38ae2-18f1-4c94-b179-86073b64159e/name'
18:01:19.410 [Forwarding getElementTagName on session bfaf75cba8861e6ac241834be22608b9 to remote] DEBUG org.asynchttpclient.netty.request.NettyRequestSender - Using open Channel [id: 0x696dc3fe, L:/127.0.0.1:59284 - R:localhost/127.0.0.1:51652] for GET '/session/bfaf75cba8861e6ac241834be22608b9/element/eee38ae2-18f1-4c94-b179-86073b64159e/name'
18:01:19.412 [AsyncHttpClient-1-11] DEBUG org.asynchttpclient.netty.handler.HttpHandler - 

Request DefaultFullHttpRequest(decodeResult: success, version: HTTP/1.1, content: EmptyByteBufBE)
GET /session/bfaf75cba8861e6ac241834be22608b9/element/eee38ae2-18f1-4c94-b179-86073b64159e/name HTTP/1.1
User-Agent: selenium/4.4.0 (java windows)
Cache-Control: no-cache
Content-Type: application/json; charset=utf-8
host: localhost:51652
accept: */*

Response DefaultHttpResponse(decodeResult: success, version: HTTP/1.1)
HTTP/1.1 200 OK
Content-Type: application/json; charset=utf-8
cache-control: no-cache
content-length: 13

18:01:19.412 [AsyncHttpClient-1-11] DEBUG org.asynchttpclient.netty.channel.ChannelManager - Adding key: http://localhost:51652 for channel [id: 0x696dc3fe, L:/127.0.0.1:59284 - R:localhost/127.0.0.1:51652]
18:01:19.413 [Forwarding findElement on session bfaf75cba8861e6ac241834be22608b9 to remote] DEBUG org.asynchttpclient.netty.request.NettyRequestSender - Using pooled Channel '[id: 0x696dc3fe, L:/127.0.0.1:59284 - R:localhost/127.0.0.1:51652]' for 'POST' to 'http://localhost:51652/session/bfaf75cba8861e6ac241834be22608b9/element'
18:01:19.413 [Forwarding findElement on session bfaf75cba8861e6ac241834be22608b9 to remote] DEBUG org.asynchttpclient.netty.request.NettyRequestSender - Using open Channel [id: 0x696dc3fe, L:/127.0.0.1:59284 - R:localhost/127.0.0.1:51652] for POST '/session/bfaf75cba8861e6ac241834be22608b9/element'
18:01:19.417 [AsyncHttpClient-1-11] DEBUG org.asynchttpclient.netty.handler.HttpHandler - 

Request DefaultHttpRequest(decodeResult: success, version: HTTP/1.1)
POST /session/bfaf75cba8861e6ac241834be22608b9/element HTTP/1.1
User-Agent: selenium/4.4.0 (java windows)
Content-Length: 81
Content-Type: application/json; charset=utf-8
host: localhost:51652
accept: */*

Response DefaultHttpResponse(decodeResult: success, version: HTTP/1.1)
HTTP/1.1 200 OK
Content-Type: application/json; charset=utf-8
cache-control: no-cache
content-length: 88

18:01:19.417 [AsyncHttpClient-1-11] DEBUG org.asynchttpclient.netty.channel.ChannelManager - Adding key: http://localhost:51652 for channel [id: 0x696dc3fe, L:/127.0.0.1:59284 - R:localhost/127.0.0.1:51652]
18:01:19.419 [Forwarding isElementDisplayed on session bfaf75cba8861e6ac241834be22608b9 to remote] DEBUG org.asynchttpclient.netty.request.NettyRequestSender - Using pooled Channel '[id: 0x696dc3fe, L:/127.0.0.1:59284 - R:localhost/127.0.0.1:51652]' for 'POST' to 'http://localhost:51652/session/bfaf75cba8861e6ac241834be22608b9/execute/sync'
18:01:19.419 [Forwarding isElementDisplayed on session bfaf75cba8861e6ac241834be22608b9 to remote] DEBUG org.asynchttpclient.netty.request.NettyRequestSender - Using open Channel [id: 0x696dc3fe, L:/127.0.0.1:59284 - R:localhost/127.0.0.1:51652] for POST '/session/bfaf75cba8861e6ac241834be22608b9/execute/sync'
18:01:19.424 [AsyncHttpClient-1-11] DEBUG org.asynchttpclient.netty.handler.HttpHandler - 

Request DefaultHttpRequest(decodeResult: success, version: HTTP/1.1)
POST /session/bfaf75cba8861e6ac241834be22608b9/execute/sync HTTP/1.1
User-Agent: selenium/4.4.0 (java windows)
Content-Length: 48780
Content-Type: application/json; charset=utf-8
host: localhost:51652
accept: */*

Response DefaultHttpResponse(decodeResult: success, version: HTTP/1.1)
HTTP/1.1 200 OK
Content-Type: application/json; charset=utf-8
cache-control: no-cache
content-length: 14

18:01:19.424 [AsyncHttpClient-1-11] DEBUG org.asynchttpclient.netty.channel.ChannelManager - Adding key: http://localhost:51652 for channel [id: 0x696dc3fe, L:/127.0.0.1:59284 - R:localhost/127.0.0.1:51652]
18:01:19.424 [Forwarding getElementTagName on session bfaf75cba8861e6ac241834be22608b9 to remote] DEBUG org.asynchttpclient.netty.request.NettyRequestSender - Using pooled Channel '[id: 0x696dc3fe, L:/127.0.0.1:59284 - R:localhost/127.0.0.1:51652]' for 'GET' to 'http://localhost:51652/session/bfaf75cba8861e6ac241834be22608b9/element/eee38ae2-18f1-4c94-b179-86073b64159e/name'
18:01:19.424 [Forwarding getElementTagName on session bfaf75cba8861e6ac241834be22608b9 to remote] DEBUG org.asynchttpclient.netty.request.NettyRequestSender - Using open Channel [id: 0x696dc3fe, L:/127.0.0.1:59284 - R:localhost/127.0.0.1:51652] for GET '/session/bfaf75cba8861e6ac241834be22608b9/element/eee38ae2-18f1-4c94-b179-86073b64159e/name'
18:01:19.426 [AsyncHttpClient-1-11] DEBUG org.asynchttpclient.netty.handler.HttpHandler - 

Request DefaultFullHttpRequest(decodeResult: success, version: HTTP/1.1, content: EmptyByteBufBE)
GET /session/bfaf75cba8861e6ac241834be22608b9/element/eee38ae2-18f1-4c94-b179-86073b64159e/name HTTP/1.1
User-Agent: selenium/4.4.0 (java windows)
Cache-Control: no-cache
Content-Type: application/json; charset=utf-8
host: localhost:51652
accept: */*

Response DefaultHttpResponse(decodeResult: success, version: HTTP/1.1)
HTTP/1.1 200 OK
Content-Type: application/json; charset=utf-8
cache-control: no-cache
content-length: 13

18:01:19.426 [AsyncHttpClient-1-11] DEBUG org.asynchttpclient.netty.channel.ChannelManager - Adding key: http://localhost:51652 for channel [id: 0x696dc3fe, L:/127.0.0.1:59284 - R:localhost/127.0.0.1:51652]
18:01:19.427 [Forwarding findElement on session bfaf75cba8861e6ac241834be22608b9 to remote] DEBUG org.asynchttpclient.netty.request.NettyRequestSender - Using pooled Channel '[id: 0x696dc3fe, L:/127.0.0.1:59284 - R:localhost/127.0.0.1:51652]' for 'POST' to 'http://localhost:51652/session/bfaf75cba8861e6ac241834be22608b9/element'
18:01:19.427 [Forwarding findElement on session bfaf75cba8861e6ac241834be22608b9 to remote] DEBUG org.asynchttpclient.netty.request.NettyRequestSender - Using open Channel [id: 0x696dc3fe, L:/127.0.0.1:59284 - R:localhost/127.0.0.1:51652] for POST '/session/bfaf75cba8861e6ac241834be22608b9/element'
18:01:19.431 [AsyncHttpClient-1-11] DEBUG org.asynchttpclient.netty.handler.HttpHandler - 

Request DefaultHttpRequest(decodeResult: success, version: HTTP/1.1)
POST /session/bfaf75cba8861e6ac241834be22608b9/element HTTP/1.1
User-Agent: selenium/4.4.0 (java windows)
Content-Length: 81
Content-Type: application/json; charset=utf-8
host: localhost:51652
accept: */*

Response DefaultHttpResponse(decodeResult: success, version: HTTP/1.1)
HTTP/1.1 200 OK
Content-Type: application/json; charset=utf-8
cache-control: no-cache
content-length: 88

18:01:19.431 [AsyncHttpClient-1-11] DEBUG org.asynchttpclient.netty.channel.ChannelManager - Adding key: http://localhost:51652 for channel [id: 0x696dc3fe, L:/127.0.0.1:59284 - R:localhost/127.0.0.1:51652]
18:01:19.433 [Forwarding isElementDisplayed on session bfaf75cba8861e6ac241834be22608b9 to remote] DEBUG org.asynchttpclient.netty.request.NettyRequestSender - Using pooled Channel '[id: 0x696dc3fe, L:/127.0.0.1:59284 - R:localhost/127.0.0.1:51652]' for 'POST' to 'http://localhost:51652/session/bfaf75cba8861e6ac241834be22608b9/execute/sync'
18:01:19.433 [Forwarding isElementDisplayed on session bfaf75cba8861e6ac241834be22608b9 to remote] DEBUG org.asynchttpclient.netty.request.NettyRequestSender - Using open Channel [id: 0x696dc3fe, L:/127.0.0.1:59284 - R:localhost/127.0.0.1:51652] for POST '/session/bfaf75cba8861e6ac241834be22608b9/execute/sync'
18:01:19.437 [AsyncHttpClient-1-11] DEBUG org.asynchttpclient.netty.handler.HttpHandler - 

Request DefaultHttpRequest(decodeResult: success, version: HTTP/1.1)
POST /session/bfaf75cba8861e6ac241834be22608b9/execute/sync HTTP/1.1
User-Agent: selenium/4.4.0 (java windows)
Content-Length: 48780
Content-Type: application/json; charset=utf-8
host: localhost:51652
accept: */*

Response DefaultHttpResponse(decodeResult: success, version: HTTP/1.1)
HTTP/1.1 200 OK
Content-Type: application/json; charset=utf-8
cache-control: no-cache
content-length: 14

18:01:19.437 [AsyncHttpClient-1-11] DEBUG org.asynchttpclient.netty.channel.ChannelManager - Adding key: http://localhost:51652 for channel [id: 0x696dc3fe, L:/127.0.0.1:59284 - R:localhost/127.0.0.1:51652]
18:01:19.438 [Forwarding clickElement on session bfaf75cba8861e6ac241834be22608b9 to remote] DEBUG org.asynchttpclient.netty.request.NettyRequestSender - Using pooled Channel '[id: 0x696dc3fe, L:/127.0.0.1:59284 - R:localhost/127.0.0.1:51652]' for 'POST' to 'http://localhost:51652/session/bfaf75cba8861e6ac241834be22608b9/element/eee38ae2-18f1-4c94-b179-86073b64159e/click'
18:01:19.438 [Forwarding clickElement on session bfaf75cba8861e6ac241834be22608b9 to remote] DEBUG org.asynchttpclient.netty.request.NettyRequestSender - Using open Channel [id: 0x696dc3fe, L:/127.0.0.1:59284 - R:localhost/127.0.0.1:51652] for POST '/session/bfaf75cba8861e6ac241834be22608b9/element/eee38ae2-18f1-4c94-b179-86073b64159e/click'
18:01:19.873 [AsyncHttpClient-1-11] DEBUG org.asynchttpclient.netty.handler.HttpHandler - 

Request DefaultHttpRequest(decodeResult: success, version: HTTP/1.1)
POST /session/bfaf75cba8861e6ac241834be22608b9/element/eee38ae2-18f1-4c94-b179-86073b64159e/click HTTP/1.1
User-Agent: selenium/4.4.0 (java windows)
Content-Length: 50
Content-Type: application/json; charset=utf-8
host: localhost:51652
accept: */*

Response DefaultHttpResponse(decodeResult: success, version: HTTP/1.1)
HTTP/1.1 200 OK
Content-Type: application/json; charset=utf-8
cache-control: no-cache
content-length: 14

18:01:19.873 [AsyncHttpClient-1-11] DEBUG org.asynchttpclient.netty.channel.ChannelManager - Adding key: http://localhost:51652 for channel [id: 0x696dc3fe, L:/127.0.0.1:59284 - R:localhost/127.0.0.1:51652]
18:01:19.877 [Forwarding getCurrentWindowHandle on session bfaf75cba8861e6ac241834be22608b9 to remote] DEBUG org.asynchttpclient.netty.request.NettyRequestSender - Using pooled Channel '[id: 0x696dc3fe, L:/127.0.0.1:59284 - R:localhost/127.0.0.1:51652]' for 'GET' to 'http://localhost:51652/session/bfaf75cba8861e6ac241834be22608b9/window'
18:01:19.877 [Forwarding getCurrentWindowHandle on session bfaf75cba8861e6ac241834be22608b9 to remote] DEBUG org.asynchttpclient.netty.request.NettyRequestSender - Using open Channel [id: 0x696dc3fe, L:/127.0.0.1:59284 - R:localhost/127.0.0.1:51652] for GET '/session/bfaf75cba8861e6ac241834be22608b9/window'
18:01:19.878 [AsyncHttpClient-1-11] DEBUG org.asynchttpclient.netty.handler.HttpHandler - 

Request DefaultFullHttpRequest(decodeResult: success, version: HTTP/1.1, content: EmptyByteBufBE)
GET /session/bfaf75cba8861e6ac241834be22608b9/window HTTP/1.1
User-Agent: selenium/4.4.0 (java windows)
Cache-Control: no-cache
Content-Type: application/json; charset=utf-8
host: localhost:51652
accept: */*

Response DefaultHttpResponse(decodeResult: success, version: HTTP/1.1)
HTTP/1.1 200 OK
Content-Type: application/json; charset=utf-8
cache-control: no-cache
content-length: 53

18:01:19.878 [AsyncHttpClient-1-11] DEBUG org.asynchttpclient.netty.channel.ChannelManager - Adding key: http://localhost:51652 for channel [id: 0x696dc3fe, L:/127.0.0.1:59284 - R:localhost/127.0.0.1:51652]
18:01:19.879 [Forwarding getAlertText on session bfaf75cba8861e6ac241834be22608b9 to remote] DEBUG org.asynchttpclient.netty.request.NettyRequestSender - Using pooled Channel '[id: 0x696dc3fe, L:/127.0.0.1:59284 - R:localhost/127.0.0.1:51652]' for 'GET' to 'http://localhost:51652/session/bfaf75cba8861e6ac241834be22608b9/alert/text'
18:01:19.879 [Forwarding getAlertText on session bfaf75cba8861e6ac241834be22608b9 to remote] DEBUG org.asynchttpclient.netty.request.NettyRequestSender - Using open Channel [id: 0x696dc3fe, L:/127.0.0.1:59284 - R:localhost/127.0.0.1:51652] for GET '/session/bfaf75cba8861e6ac241834be22608b9/alert/text'
18:01:19.883 [AsyncHttpClient-1-11] DEBUG org.asynchttpclient.netty.handler.HttpHandler - 

Request DefaultFullHttpRequest(decodeResult: success, version: HTTP/1.1, content: EmptyByteBufBE)
GET /session/bfaf75cba8861e6ac241834be22608b9/alert/text HTTP/1.1
User-Agent: selenium/4.4.0 (java windows)
Cache-Control: no-cache
Content-Type: application/json; charset=utf-8
host: localhost:51652
accept: */*

Response DefaultHttpResponse(decodeResult: success, version: HTTP/1.1)
HTTP/1.1 404 Not Found
Content-Type: application/json; charset=utf-8
cache-control: no-cache
content-length: 835

18:01:19.883 [AsyncHttpClient-1-11] DEBUG org.asynchttpclient.netty.channel.ChannelManager - Adding key: http://localhost:51652 for channel [id: 0x696dc3fe, L:/127.0.0.1:59284 - R:localhost/127.0.0.1:51652]
18:01:19.884 [Forwarding switchToWindow on session bfaf75cba8861e6ac241834be22608b9 to remote] DEBUG org.asynchttpclient.netty.request.NettyRequestSender - Using pooled Channel '[id: 0x696dc3fe, L:/127.0.0.1:59284 - R:localhost/127.0.0.1:51652]' for 'POST' to 'http://localhost:51652/session/bfaf75cba8861e6ac241834be22608b9/window'
18:01:19.884 [Forwarding switchToWindow on session bfaf75cba8861e6ac241834be22608b9 to remote] DEBUG org.asynchttpclient.netty.request.NettyRequestSender - Using open Channel [id: 0x696dc3fe, L:/127.0.0.1:59284 - R:localhost/127.0.0.1:51652] for POST '/session/bfaf75cba8861e6ac241834be22608b9/window'
18:01:19.885 [AsyncHttpClient-1-11] DEBUG org.asynchttpclient.netty.handler.HttpHandler - 

Request DefaultHttpRequest(decodeResult: success, version: HTTP/1.1)
POST /session/bfaf75cba8861e6ac241834be22608b9/window HTTP/1.1
User-Agent: selenium/4.4.0 (java windows)
Content-Length: 59
Content-Type: application/json; charset=utf-8
host: localhost:51652
accept: */*

Response DefaultHttpResponse(decodeResult: success, version: HTTP/1.1)
HTTP/1.1 200 OK
Content-Type: application/json; charset=utf-8
cache-control: no-cache
content-length: 14

18:01:19.885 [AsyncHttpClient-1-11] DEBUG org.asynchttpclient.netty.channel.ChannelManager - Adding key: http://localhost:51652 for channel [id: 0x696dc3fe, L:/127.0.0.1:59284 - R:localhost/127.0.0.1:51652]
18:01:19.885 [Forwarding getCurrentUrl on session bfaf75cba8861e6ac241834be22608b9 to remote] DEBUG org.asynchttpclient.netty.request.NettyRequestSender - Using pooled Channel '[id: 0x696dc3fe, L:/127.0.0.1:59284 - R:localhost/127.0.0.1:51652]' for 'GET' to 'http://localhost:51652/session/bfaf75cba8861e6ac241834be22608b9/url'
18:01:19.885 [Forwarding getCurrentUrl on session bfaf75cba8861e6ac241834be22608b9 to remote] DEBUG org.asynchttpclient.netty.request.NettyRequestSender - Using open Channel [id: 0x696dc3fe, L:/127.0.0.1:59284 - R:localhost/127.0.0.1:51652] for GET '/session/bfaf75cba8861e6ac241834be22608b9/url'
18:01:19.894 [AsyncHttpClient-1-11] DEBUG org.asynchttpclient.netty.handler.HttpHandler - 

Request DefaultFullHttpRequest(decodeResult: success, version: HTTP/1.1, content: EmptyByteBufBE)
GET /session/bfaf75cba8861e6ac241834be22608b9/url HTTP/1.1
User-Agent: selenium/4.4.0 (java windows)
Cache-Control: no-cache
Content-Type: application/json; charset=utf-8
host: localhost:51652
accept: */*

Response DefaultHttpResponse(decodeResult: success, version: HTTP/1.1)
HTTP/1.1 200 OK
Content-Type: application/json; charset=utf-8
cache-control: no-cache
content-length: 47

18:01:19.894 [AsyncHttpClient-1-11] DEBUG org.asynchttpclient.netty.channel.ChannelManager - Adding key: http://localhost:51652 for channel [id: 0x696dc3fe, L:/127.0.0.1:59284 - R:localhost/127.0.0.1:51652]
18:01:19.895 [Forwarding screenshot on session bfaf75cba8861e6ac241834be22608b9 to remote] DEBUG org.asynchttpclient.netty.request.NettyRequestSender - Using pooled Channel '[id: 0x696dc3fe, L:/127.0.0.1:59284 - R:localhost/127.0.0.1:51652]' for 'GET' to 'http://localhost:51652/session/bfaf75cba8861e6ac241834be22608b9/screenshot'
18:01:19.895 [Forwarding screenshot on session bfaf75cba8861e6ac241834be22608b9 to remote] DEBUG org.asynchttpclient.netty.request.NettyRequestSender - Using open Channel [id: 0x696dc3fe, L:/127.0.0.1:59284 - R:localhost/127.0.0.1:51652] for GET '/session/bfaf75cba8861e6ac241834be22608b9/screenshot'
18:01:20.040 [AsyncHttpClient-1-11] DEBUG org.asynchttpclient.netty.handler.HttpHandler - 

Request DefaultFullHttpRequest(decodeResult: success, version: HTTP/1.1, content: EmptyByteBufBE)
GET /session/bfaf75cba8861e6ac241834be22608b9/screenshot HTTP/1.1
User-Agent: selenium/4.4.0 (java windows)
Cache-Control: no-cache
Content-Type: application/json; charset=utf-8
host: localhost:51652
accept: */*

Response DefaultHttpResponse(decodeResult: success, version: HTTP/1.1)
HTTP/1.1 200 OK
Content-Type: application/json; charset=utf-8
cache-control: no-cache
content-length: 252264

18:01:20.040 [AsyncHttpClient-1-11] DEBUG org.asynchttpclient.netty.channel.ChannelManager - Adding key: http://localhost:51652 for channel [id: 0x696dc3fe, L:/127.0.0.1:59284 - R:localhost/127.0.0.1:51652]
18:01:20.044 [main] DEBUG net.serenitybdd.core.photography.Darkroom - Send negative for processing for target\site\serenity\9764e588c45434737c9123f2124f2c529fc36d22c6b65f5f170e282bd077b511.png
18:01:20.044 [main] DEBUG net.thucydides.core.steps.StepInterceptor - STEP DONE: cliko en la cart
  &amp#27;[32mWhen &amp#27;[0m&amp#27;[32mme dirigo a la cesta&amp#27;[0m                                                        &amp#27;[90m# Step.CompararPreciosStep.me_dirigo_a_la_cesta()&amp#27;[0m
18:01:20.048 [Forwarding getPageSource on session bfaf75cba8861e6ac241834be22608b9 to remote] DEBUG org.asynchttpclient.netty.request.NettyRequestSender - Using pooled Channel '[id: 0x696dc3fe, L:/127.0.0.1:59284 - R:localhost/127.0.0.1:51652]' for 'POST' to 'http://localhost:51652/session/bfaf75cba8861e6ac241834be22608b9/execute/sync'
18:01:20.048 [Forwarding getPageSource on session bfaf75cba8861e6ac241834be22608b9 to remote] DEBUG org.asynchttpclient.netty.request.NettyRequestSender - Using open Channel [id: 0x696dc3fe, L:/127.0.0.1:59284 - R:localhost/127.0.0.1:51652] for POST '/session/bfaf75cba8861e6ac241834be22608b9/execute/sync'
18:01:20.055 [AsyncHttpClient-1-11] DEBUG org.asynchttpclient.netty.handler.HttpHandler - 

Request DefaultHttpRequest(decodeResult: success, version: HTTP/1.1)
POST /session/bfaf75cba8861e6ac241834be22608b9/execute/sync HTTP/1.1
User-Agent: selenium/4.4.0 (java windows)
Content-Length: 176
Content-Type: application/json; charset=utf-8
host: localhost:51652
accept: */*

Response DefaultHttpResponse(decodeResult: success, version: HTTP/1.1)
HTTP/1.1 200 OK
Content-Type: application/json; charset=utf-8
cache-control: no-cache
content-length: 56818

18:01:20.055 [AsyncHttpClient-1-11] DEBUG org.asynchttpclient.netty.channel.ChannelManager - Adding key: http://localhost:51652 for channel [id: 0x696dc3fe, L:/127.0.0.1:59284 - R:localhost/127.0.0.1:51652]
18:01:20.057 [Forwarding getCurrentUrl on session bfaf75cba8861e6ac241834be22608b9 to remote] DEBUG org.asynchttpclient.netty.request.NettyRequestSender - Using pooled Channel '[id: 0x696dc3fe, L:/127.0.0.1:59284 - R:localhost/127.0.0.1:51652]' for 'GET' to 'http://localhost:51652/session/bfaf75cba8861e6ac241834be22608b9/url'
18:01:20.057 [Forwarding getCurrentUrl on session bfaf75cba8861e6ac241834be22608b9 to remote] DEBUG org.asynchttpclient.netty.request.NettyRequestSender - Using open Channel [id: 0x696dc3fe, L:/127.0.0.1:59284 - R:localhost/127.0.0.1:51652] for GET '/session/bfaf75cba8861e6ac241834be22608b9/url'
18:01:20.060 [AsyncHttpClient-1-11] DEBUG org.asynchttpclient.netty.handler.HttpHandler - 

Request DefaultFullHttpRequest(decodeResult: success, version: HTTP/1.1, content: EmptyByteBufBE)
GET /session/bfaf75cba8861e6ac241834be22608b9/url HTTP/1.1
User-Agent: selenium/4.4.0 (java windows)
Cache-Control: no-cache
Content-Type: application/json; charset=utf-8
host: localhost:51652
accept: */*

Response DefaultHttpResponse(decodeResult: success, version: HTTP/1.1)
HTTP/1.1 200 OK
Content-Type: application/json; charset=utf-8
cache-control: no-cache
content-length: 47

18:01:20.060 [AsyncHttpClient-1-11] DEBUG org.asynchttpclient.netty.channel.ChannelManager - Adding key: http://localhost:51652 for channel [id: 0x696dc3fe, L:/127.0.0.1:59284 - R:localhost/127.0.0.1:51652]
18:01:20.063 [AsyncHttpClient-1-1] DEBUG org.asynchttpclient.netty.channel.DefaultChannelPool - Entry count for : http://localhost:59285 : 1
18:01:20.063 [AsyncHttpClient-1-1] DEBUG org.asynchttpclient.netty.channel.DefaultChannelPool - Entry count for : http://localhost:51652 : 1
18:01:20.065 [Forwarding findElement on session bfaf75cba8861e6ac241834be22608b9 to remote] DEBUG org.asynchttpclient.netty.request.NettyRequestSender - Using pooled Channel '[id: 0x696dc3fe, L:/127.0.0.1:59284 - R:localhost/127.0.0.1:51652]' for 'POST' to 'http://localhost:51652/session/bfaf75cba8861e6ac241834be22608b9/element'
18:01:20.065 [Forwarding findElement on session bfaf75cba8861e6ac241834be22608b9 to remote] DEBUG org.asynchttpclient.netty.request.NettyRequestSender - Using open Channel [id: 0x696dc3fe, L:/127.0.0.1:59284 - R:localhost/127.0.0.1:51652] for POST '/session/bfaf75cba8861e6ac241834be22608b9/element'
18:01:20.074 [AsyncHttpClient-1-11] DEBUG org.asynchttpclient.netty.handler.HttpHandler - 

Request DefaultHttpRequest(decodeResult: success, version: HTTP/1.1)
POST /session/bfaf75cba8861e6ac241834be22608b9/element HTTP/1.1
User-Agent: selenium/4.4.0 (java windows)
Content-Length: 54
Content-Type: application/json; charset=utf-8
host: localhost:51652
accept: */*

Response DefaultHttpResponse(decodeResult: success, version: HTTP/1.1)
HTTP/1.1 200 OK
Content-Type: application/json; charset=utf-8
cache-control: no-cache
content-length: 88

18:01:20.074 [AsyncHttpClient-1-11] DEBUG org.asynchttpclient.netty.channel.ChannelManager - Adding key: http://localhost:51652 for channel [id: 0x696dc3fe, L:/127.0.0.1:59284 - R:localhost/127.0.0.1:51652]
18:01:20.076 [Forwarding isElementDisplayed on session bfaf75cba8861e6ac241834be22608b9 to remote] DEBUG org.asynchttpclient.netty.request.NettyRequestSender - Using pooled Channel '[id: 0x696dc3fe, L:/127.0.0.1:59284 - R:localhost/127.0.0.1:51652]' for 'POST' to 'http://localhost:51652/session/bfaf75cba8861e6ac241834be22608b9/execute/sync'
18:01:20.076 [Forwarding isElementDisplayed on session bfaf75cba8861e6ac241834be22608b9 to remote] DEBUG org.asynchttpclient.netty.request.NettyRequestSender - Using open Channel [id: 0x696dc3fe, L:/127.0.0.1:59284 - R:localhost/127.0.0.1:51652] for POST '/session/bfaf75cba8861e6ac241834be22608b9/execute/sync'
18:01:20.084 [AsyncHttpClient-1-11] DEBUG org.asynchttpclient.netty.handler.HttpHandler - 

Request DefaultHttpRequest(decodeResult: success, version: HTTP/1.1)
POST /session/bfaf75cba8861e6ac241834be22608b9/execute/sync HTTP/1.1
User-Agent: selenium/4.4.0 (java windows)
Content-Length: 48780
Content-Type: application/json; charset=utf-8
host: localhost:51652
accept: */*

Response DefaultHttpResponse(decodeResult: success, version: HTTP/1.1)
HTTP/1.1 200 OK
Content-Type: application/json; charset=utf-8
cache-control: no-cache
content-length: 14

18:01:20.084 [AsyncHttpClient-1-11] DEBUG org.asynchttpclient.netty.channel.ChannelManager - Adding key: http://localhost:51652 for channel [id: 0x696dc3fe, L:/127.0.0.1:59284 - R:localhost/127.0.0.1:51652]
18:01:20.086 [Forwarding isElementDisplayed on session bfaf75cba8861e6ac241834be22608b9 to remote] DEBUG org.asynchttpclient.netty.request.NettyRequestSender - Using pooled Channel '[id: 0x696dc3fe, L:/127.0.0.1:59284 - R:localhost/127.0.0.1:51652]' for 'POST' to 'http://localhost:51652/session/bfaf75cba8861e6ac241834be22608b9/execute/sync'
18:01:20.086 [Forwarding isElementDisplayed on session bfaf75cba8861e6ac241834be22608b9 to remote] DEBUG org.asynchttpclient.netty.request.NettyRequestSender - Using open Channel [id: 0x696dc3fe, L:/127.0.0.1:59284 - R:localhost/127.0.0.1:51652] for POST '/session/bfaf75cba8861e6ac241834be22608b9/execute/sync'
18:01:20.093 [AsyncHttpClient-1-11] DEBUG org.asynchttpclient.netty.handler.HttpHandler - 

Request DefaultHttpRequest(decodeResult: success, version: HTTP/1.1)
POST /session/bfaf75cba8861e6ac241834be22608b9/execute/sync HTTP/1.1
User-Agent: selenium/4.4.0 (java windows)
Content-Length: 48780
Content-Type: application/json; charset=utf-8
host: localhost:51652
accept: */*

Response DefaultHttpResponse(decodeResult: success, version: HTTP/1.1)
HTTP/1.1 200 OK
Content-Type: application/json; charset=utf-8
cache-control: no-cache
content-length: 14

18:01:20.093 [AsyncHttpClient-1-11] DEBUG org.asynchttpclient.netty.channel.ChannelManager - Adding key: http://localhost:51652 for channel [id: 0x696dc3fe, L:/127.0.0.1:59284 - R:localhost/127.0.0.1:51652]
18:01:20.094 [Forwarding findElements on session bfaf75cba8861e6ac241834be22608b9 to remote] DEBUG org.asynchttpclient.netty.request.NettyRequestSender - Using pooled Channel '[id: 0x696dc3fe, L:/127.0.0.1:59284 - R:localhost/127.0.0.1:51652]' for 'POST' to 'http://localhost:51652/session/bfaf75cba8861e6ac241834be22608b9/elements'
18:01:20.094 [Forwarding findElements on session bfaf75cba8861e6ac241834be22608b9 to remote] DEBUG org.asynchttpclient.netty.request.NettyRequestSender - Using open Channel [id: 0x696dc3fe, L:/127.0.0.1:59284 - R:localhost/127.0.0.1:51652] for POST '/session/bfaf75cba8861e6ac241834be22608b9/elements'
18:01:20.601 [AsyncHttpClient-1-11] DEBUG org.asynchttpclient.netty.handler.HttpHandler - 

Request DefaultHttpRequest(decodeResult: success, version: HTTP/1.1)
POST /session/bfaf75cba8861e6ac241834be22608b9/elements HTTP/1.1
User-Agent: selenium/4.4.0 (java windows)
Content-Length: 62
Content-Type: application/json; charset=utf-8
host: localhost:51652
accept: */*

Response DefaultHttpResponse(decodeResult: success, version: HTTP/1.1)
HTTP/1.1 200 OK
Content-Type: application/json; charset=utf-8
cache-control: no-cache
content-length: 90

18:01:20.601 [AsyncHttpClient-1-11] DEBUG org.asynchttpclient.netty.channel.ChannelManager - Adding key: http://localhost:51652 for channel [id: 0x696dc3fe, L:/127.0.0.1:59284 - R:localhost/127.0.0.1:51652]
18:01:20.603 [Forwarding findElement on session bfaf75cba8861e6ac241834be22608b9 to remote] DEBUG org.asynchttpclient.netty.request.NettyRequestSender - Using pooled Channel '[id: 0x696dc3fe, L:/127.0.0.1:59284 - R:localhost/127.0.0.1:51652]' for 'POST' to 'http://localhost:51652/session/bfaf75cba8861e6ac241834be22608b9/element'
18:01:20.603 [Forwarding findElement on session bfaf75cba8861e6ac241834be22608b9 to remote] DEBUG org.asynchttpclient.netty.request.NettyRequestSender - Using open Channel [id: 0x696dc3fe, L:/127.0.0.1:59284 - R:localhost/127.0.0.1:51652] for POST '/session/bfaf75cba8861e6ac241834be22608b9/element'
18:01:20.608 [AsyncHttpClient-1-11] DEBUG org.asynchttpclient.netty.handler.HttpHandler - 

Request DefaultHttpRequest(decodeResult: success, version: HTTP/1.1)
POST /session/bfaf75cba8861e6ac241834be22608b9/element HTTP/1.1
User-Agent: selenium/4.4.0 (java windows)
Content-Length: 54
Content-Type: application/json; charset=utf-8
host: localhost:51652
accept: */*

Response DefaultHttpResponse(decodeResult: success, version: HTTP/1.1)
HTTP/1.1 200 OK
Content-Type: application/json; charset=utf-8
cache-control: no-cache
content-length: 88

18:01:20.608 [AsyncHttpClient-1-11] DEBUG org.asynchttpclient.netty.channel.ChannelManager - Adding key: http://localhost:51652 for channel [id: 0x696dc3fe, L:/127.0.0.1:59284 - R:localhost/127.0.0.1:51652]
18:01:20.610 [Forwarding isElementDisplayed on session bfaf75cba8861e6ac241834be22608b9 to remote] DEBUG org.asynchttpclient.netty.request.NettyRequestSender - Using pooled Channel '[id: 0x696dc3fe, L:/127.0.0.1:59284 - R:localhost/127.0.0.1:51652]' for 'POST' to 'http://localhost:51652/session/bfaf75cba8861e6ac241834be22608b9/execute/sync'
18:01:20.610 [Forwarding isElementDisplayed on session bfaf75cba8861e6ac241834be22608b9 to remote] DEBUG org.asynchttpclient.netty.request.NettyRequestSender - Using open Channel [id: 0x696dc3fe, L:/127.0.0.1:59284 - R:localhost/127.0.0.1:51652] for POST '/session/bfaf75cba8861e6ac241834be22608b9/execute/sync'
18:01:20.616 [AsyncHttpClient-1-11] DEBUG org.asynchttpclient.netty.handler.HttpHandler - 

Request DefaultHttpRequest(decodeResult: success, version: HTTP/1.1)
POST /session/bfaf75cba8861e6ac241834be22608b9/execute/sync HTTP/1.1
User-Agent: selenium/4.4.0 (java windows)
Content-Length: 48780
Content-Type: application/json; charset=utf-8
host: localhost:51652
accept: */*

Response DefaultHttpResponse(decodeResult: success, version: HTTP/1.1)
HTTP/1.1 200 OK
Content-Type: application/json; charset=utf-8
cache-control: no-cache
content-length: 14

18:01:20.617 [AsyncHttpClient-1-11] DEBUG org.asynchttpclient.netty.channel.ChannelManager - Adding key: http://localhost:51652 for channel [id: 0x696dc3fe, L:/127.0.0.1:59284 - R:localhost/127.0.0.1:51652]
18:01:20.619 [Forwarding isElementDisplayed on session bfaf75cba8861e6ac241834be22608b9 to remote] DEBUG org.asynchttpclient.netty.request.NettyRequestSender - Using pooled Channel '[id: 0x696dc3fe, L:/127.0.0.1:59284 - R:localhost/127.0.0.1:51652]' for 'POST' to 'http://localhost:51652/session/bfaf75cba8861e6ac241834be22608b9/execute/sync'
18:01:20.619 [Forwarding isElementDisplayed on session bfaf75cba8861e6ac241834be22608b9 to remote] DEBUG org.asynchttpclient.netty.request.NettyRequestSender - Using open Channel [id: 0x696dc3fe, L:/127.0.0.1:59284 - R:localhost/127.0.0.1:51652] for POST '/session/bfaf75cba8861e6ac241834be22608b9/execute/sync'
18:01:20.624 [AsyncHttpClient-1-11] DEBUG org.asynchttpclient.netty.handler.HttpHandler - 

Request DefaultHttpRequest(decodeResult: success, version: HTTP/1.1)
POST /session/bfaf75cba8861e6ac241834be22608b9/execute/sync HTTP/1.1
User-Agent: selenium/4.4.0 (java windows)
Content-Length: 48780
Content-Type: application/json; charset=utf-8
host: localhost:51652
accept: */*

Response DefaultHttpResponse(decodeResult: success, version: HTTP/1.1)
HTTP/1.1 200 OK
Content-Type: application/json; charset=utf-8
cache-control: no-cache
content-length: 14

18:01:20.625 [AsyncHttpClient-1-11] DEBUG org.asynchttpclient.netty.channel.ChannelManager - Adding key: http://localhost:51652 for channel [id: 0x696dc3fe, L:/127.0.0.1:59284 - R:localhost/127.0.0.1:51652]
18:01:20.626 [Forwarding findElements on session bfaf75cba8861e6ac241834be22608b9 to remote] DEBUG org.asynchttpclient.netty.request.NettyRequestSender - Using pooled Channel '[id: 0x696dc3fe, L:/127.0.0.1:59284 - R:localhost/127.0.0.1:51652]' for 'POST' to 'http://localhost:51652/session/bfaf75cba8861e6ac241834be22608b9/elements'
18:01:20.626 [Forwarding findElements on session bfaf75cba8861e6ac241834be22608b9 to remote] DEBUG org.asynchttpclient.netty.request.NettyRequestSender - Using open Channel [id: 0x696dc3fe, L:/127.0.0.1:59284 - R:localhost/127.0.0.1:51652] for POST '/session/bfaf75cba8861e6ac241834be22608b9/elements'
18:01:20.634 [AsyncHttpClient-1-11] DEBUG org.asynchttpclient.netty.handler.HttpHandler - 

Request DefaultHttpRequest(decodeResult: success, version: HTTP/1.1)
POST /session/bfaf75cba8861e6ac241834be22608b9/elements HTTP/1.1
User-Agent: selenium/4.4.0 (java windows)
Content-Length: 73
Content-Type: application/json; charset=utf-8
host: localhost:51652
accept: */*

Response DefaultHttpResponse(decodeResult: success, version: HTTP/1.1)
HTTP/1.1 200 OK
Content-Type: application/json; charset=utf-8
cache-control: no-cache
content-length: 90

18:01:20.635 [AsyncHttpClient-1-11] DEBUG org.asynchttpclient.netty.channel.ChannelManager - Adding key: http://localhost:51652 for channel [id: 0x696dc3fe, L:/127.0.0.1:59284 - R:localhost/127.0.0.1:51652]
18:01:20.636 [Forwarding findElements on session bfaf75cba8861e6ac241834be22608b9 to remote] DEBUG org.asynchttpclient.netty.request.NettyRequestSender - Using pooled Channel '[id: 0x696dc3fe, L:/127.0.0.1:59284 - R:localhost/127.0.0.1:51652]' for 'POST' to 'http://localhost:51652/session/bfaf75cba8861e6ac241834be22608b9/elements'
18:01:20.636 [Forwarding findElements on session bfaf75cba8861e6ac241834be22608b9 to remote] DEBUG org.asynchttpclient.netty.request.NettyRequestSender - Using open Channel [id: 0x696dc3fe, L:/127.0.0.1:59284 - R:localhost/127.0.0.1:51652] for POST '/session/bfaf75cba8861e6ac241834be22608b9/elements'
18:01:20.644 [AsyncHttpClient-1-11] DEBUG org.asynchttpclient.netty.handler.HttpHandler - 

Request DefaultHttpRequest(decodeResult: success, version: HTTP/1.1)
POST /session/bfaf75cba8861e6ac241834be22608b9/elements HTTP/1.1
User-Agent: selenium/4.4.0 (java windows)
Content-Length: 73
Content-Type: application/json; charset=utf-8
host: localhost:51652
accept: */*

Response DefaultHttpResponse(decodeResult: success, version: HTTP/1.1)
HTTP/1.1 200 OK
Content-Type: application/json; charset=utf-8
cache-control: no-cache
content-length: 90

18:01:20.644 [AsyncHttpClient-1-11] DEBUG org.asynchttpclient.netty.channel.ChannelManager - Adding key: http://localhost:51652 for channel [id: 0x696dc3fe, L:/127.0.0.1:59284 - R:localhost/127.0.0.1:51652]
18:01:20.645 [Forwarding getElementText on session bfaf75cba8861e6ac241834be22608b9 to remote] DEBUG org.asynchttpclient.netty.request.NettyRequestSender - Using pooled Channel '[id: 0x696dc3fe, L:/127.0.0.1:59284 - R:localhost/127.0.0.1:51652]' for 'GET' to 'http://localhost:51652/session/bfaf75cba8861e6ac241834be22608b9/element/f24cffd4-0a73-43c7-bdb0-e5caf8e34cd4/text'
18:01:20.645 [Forwarding getElementText on session bfaf75cba8861e6ac241834be22608b9 to remote] DEBUG org.asynchttpclient.netty.request.NettyRequestSender - Using open Channel [id: 0x696dc3fe, L:/127.0.0.1:59284 - R:localhost/127.0.0.1:51652] for GET '/session/bfaf75cba8861e6ac241834be22608b9/element/f24cffd4-0a73-43c7-bdb0-e5caf8e34cd4/text'
18:01:20.656 [AsyncHttpClient-1-11] DEBUG org.asynchttpclient.netty.handler.HttpHandler - 

Request DefaultFullHttpRequest(decodeResult: success, version: HTTP/1.1, content: EmptyByteBufBE)
GET /session/bfaf75cba8861e6ac241834be22608b9/element/f24cffd4-0a73-43c7-bdb0-e5caf8e34cd4/text HTTP/1.1
User-Agent: selenium/4.4.0 (java windows)
Cache-Control: no-cache
Content-Type: application/json; charset=utf-8
host: localhost:51652
accept: */*

Response DefaultHttpResponse(decodeResult: success, version: HTTP/1.1)
HTTP/1.1 200 OK
Content-Type: application/json; charset=utf-8
cache-control: no-cache
content-length: 19

18:01:20.656 [AsyncHttpClient-1-11] DEBUG org.asynchttpclient.netty.channel.ChannelManager - Adding key: http://localhost:51652 for channel [id: 0x696dc3fe, L:/127.0.0.1:59284 - R:localhost/127.0.0.1:51652]
18:01:20.658 [Forwarding getElementText on session bfaf75cba8861e6ac241834be22608b9 to remote] DEBUG org.asynchttpclient.netty.request.NettyRequestSender - Using pooled Channel '[id: 0x696dc3fe, L:/127.0.0.1:59284 - R:localhost/127.0.0.1:51652]' for 'GET' to 'http://localhost:51652/session/bfaf75cba8861e6ac241834be22608b9/element/f24cffd4-0a73-43c7-bdb0-e5caf8e34cd4/text'
18:01:20.658 [Forwarding getElementText on session bfaf75cba8861e6ac241834be22608b9 to remote] DEBUG org.asynchttpclient.netty.request.NettyRequestSender - Using open Channel [id: 0x696dc3fe, L:/127.0.0.1:59284 - R:localhost/127.0.0.1:51652] for GET '/session/bfaf75cba8861e6ac241834be22608b9/element/f24cffd4-0a73-43c7-bdb0-e5caf8e34cd4/text'
18:01:20.666 [AsyncHttpClient-1-11] DEBUG org.asynchttpclient.netty.handler.HttpHandler - 

Request DefaultFullHttpRequest(decodeResult: success, version: HTTP/1.1, content: EmptyByteBufBE)
GET /session/bfaf75cba8861e6ac241834be22608b9/element/f24cffd4-0a73-43c7-bdb0-e5caf8e34cd4/text HTTP/1.1
User-Agent: selenium/4.4.0 (java windows)
Cache-Control: no-cache
Content-Type: application/json; charset=utf-8
host: localhost:51652
accept: */*

Response DefaultHttpResponse(decodeResult: success, version: HTTP/1.1)
HTTP/1.1 200 OK
Content-Type: application/json; charset=utf-8
cache-control: no-cache
content-length: 19

18:01:20.666 [AsyncHttpClient-1-11] DEBUG org.asynchttpclient.netty.channel.ChannelManager - Adding key: http://localhost:51652 for channel [id: 0x696dc3fe, L:/127.0.0.1:59284 - R:localhost/127.0.0.1:51652]
18:01:20.667 [Forwarding getElementText on session bfaf75cba8861e6ac241834be22608b9 to remote] DEBUG org.asynchttpclient.netty.request.NettyRequestSender - Using pooled Channel '[id: 0x696dc3fe, L:/127.0.0.1:59284 - R:localhost/127.0.0.1:51652]' for 'GET' to 'http://localhost:51652/session/bfaf75cba8861e6ac241834be22608b9/element/6f9e04d8-8ead-49c5-bede-8872b4379f38/text'
18:01:20.667 [Forwarding getElementText on session bfaf75cba8861e6ac241834be22608b9 to remote] DEBUG org.asynchttpclient.netty.request.NettyRequestSender - Using open Channel [id: 0x696dc3fe, L:/127.0.0.1:59284 - R:localhost/127.0.0.1:51652] for GET '/session/bfaf75cba8861e6ac241834be22608b9/element/6f9e04d8-8ead-49c5-bede-8872b4379f38/text'
18:01:20.677 [AsyncHttpClient-1-11] DEBUG org.asynchttpclient.netty.handler.HttpHandler - 

Request DefaultFullHttpRequest(decodeResult: success, version: HTTP/1.1, content: EmptyByteBufBE)
GET /session/bfaf75cba8861e6ac241834be22608b9/element/6f9e04d8-8ead-49c5-bede-8872b4379f38/text HTTP/1.1
User-Agent: selenium/4.4.0 (java windows)
Cache-Control: no-cache
Content-Type: application/json; charset=utf-8
host: localhost:51652
accept: */*

Response DefaultHttpResponse(decodeResult: success, version: HTTP/1.1)
HTTP/1.1 200 OK
Content-Type: application/json; charset=utf-8
cache-control: no-cache
content-length: 15

18:01:20.677 [AsyncHttpClient-1-11] DEBUG org.asynchttpclient.netty.channel.ChannelManager - Adding key: http://localhost:51652 for channel [id: 0x696dc3fe, L:/127.0.0.1:59284 - R:localhost/127.0.0.1:51652]
|            Nombre|            Precio|
|           Nexus 6|             650.0|

  &amp#27;[32mThen &amp#27;[0m&amp#27;[32mmuestro una tabla de los moviles con los precios ordenados de mayor a menor&amp#27;[0m &amp#27;[90m# Step.CompararPreciosStep.muestro_una_tabla_de_los_moviles_con_los_precios_ordenados_de_mayor_a_menor()&amp#27;[0m
18:01:20.681 [Forwarding getCurrentWindowHandle on session bfaf75cba8861e6ac241834be22608b9 to remote] DEBUG org.asynchttpclient.netty.request.NettyRequestSender - Using pooled Channel '[id: 0x696dc3fe, L:/127.0.0.1:59284 - R:localhost/127.0.0.1:51652]' for 'GET' to 'http://localhost:51652/session/bfaf75cba8861e6ac241834be22608b9/window'
18:01:20.682 [Forwarding getCurrentWindowHandle on session bfaf75cba8861e6ac241834be22608b9 to remote] DEBUG org.asynchttpclient.netty.request.NettyRequestSender - Using open Channel [id: 0x696dc3fe, L:/127.0.0.1:59284 - R:localhost/127.0.0.1:51652] for GET '/session/bfaf75cba8861e6ac241834be22608b9/window'
18:01:20.682 [AsyncHttpClient-1-11] DEBUG org.asynchttpclient.netty.handler.HttpHandler - 

Request DefaultFullHttpRequest(decodeResult: success, version: HTTP/1.1, content: EmptyByteBufBE)
GET /session/bfaf75cba8861e6ac241834be22608b9/window HTTP/1.1
User-Agent: selenium/4.4.0 (java windows)
Cache-Control: no-cache
Content-Type: application/json; charset=utf-8
host: localhost:51652
accept: */*

Response DefaultHttpResponse(decodeResult: success, version: HTTP/1.1)
HTTP/1.1 200 OK
Content-Type: application/json; charset=utf-8
cache-control: no-cache
content-length: 53

18:01:20.683 [AsyncHttpClient-1-11] DEBUG org.asynchttpclient.netty.channel.ChannelManager - Adding key: http://localhost:51652 for channel [id: 0x696dc3fe, L:/127.0.0.1:59284 - R:localhost/127.0.0.1:51652]
18:01:20.684 [Forwarding getAlertText on session bfaf75cba8861e6ac241834be22608b9 to remote] DEBUG org.asynchttpclient.netty.request.NettyRequestSender - Using pooled Channel '[id: 0x696dc3fe, L:/127.0.0.1:59284 - R:localhost/127.0.0.1:51652]' for 'GET' to 'http://localhost:51652/session/bfaf75cba8861e6ac241834be22608b9/alert/text'
18:01:20.684 [Forwarding getAlertText on session bfaf75cba8861e6ac241834be22608b9 to remote] DEBUG org.asynchttpclient.netty.request.NettyRequestSender - Using open Channel [id: 0x696dc3fe, L:/127.0.0.1:59284 - R:localhost/127.0.0.1:51652] for GET '/session/bfaf75cba8861e6ac241834be22608b9/alert/text'
18:01:20.685 [AsyncHttpClient-1-11] DEBUG org.asynchttpclient.netty.handler.HttpHandler - 

Request DefaultFullHttpRequest(decodeResult: success, version: HTTP/1.1, content: EmptyByteBufBE)
GET /session/bfaf75cba8861e6ac241834be22608b9/alert/text HTTP/1.1
User-Agent: selenium/4.4.0 (java windows)
Cache-Control: no-cache
Content-Type: application/json; charset=utf-8
host: localhost:51652
accept: */*

Response DefaultHttpResponse(decodeResult: success, version: HTTP/1.1)
HTTP/1.1 404 Not Found
Content-Type: application/json; charset=utf-8
cache-control: no-cache
content-length: 835

18:01:20.685 [AsyncHttpClient-1-11] DEBUG org.asynchttpclient.netty.channel.ChannelManager - Adding key: http://localhost:51652 for channel [id: 0x696dc3fe, L:/127.0.0.1:59284 - R:localhost/127.0.0.1:51652]
18:01:20.686 [Forwarding switchToWindow on session bfaf75cba8861e6ac241834be22608b9 to remote] DEBUG org.asynchttpclient.netty.request.NettyRequestSender - Using pooled Channel '[id: 0x696dc3fe, L:/127.0.0.1:59284 - R:localhost/127.0.0.1:51652]' for 'POST' to 'http://localhost:51652/session/bfaf75cba8861e6ac241834be22608b9/window'
18:01:20.686 [Forwarding switchToWindow on session bfaf75cba8861e6ac241834be22608b9 to remote] DEBUG org.asynchttpclient.netty.request.NettyRequestSender - Using open Channel [id: 0x696dc3fe, L:/127.0.0.1:59284 - R:localhost/127.0.0.1:51652] for POST '/session/bfaf75cba8861e6ac241834be22608b9/window'
18:01:20.688 [AsyncHttpClient-1-11] DEBUG org.asynchttpclient.netty.handler.HttpHandler - 

Request DefaultHttpRequest(decodeResult: success, version: HTTP/1.1)
POST /session/bfaf75cba8861e6ac241834be22608b9/window HTTP/1.1
User-Agent: selenium/4.4.0 (java windows)
Content-Length: 59
Content-Type: application/json; charset=utf-8
host: localhost:51652
accept: */*

Response DefaultHttpResponse(decodeResult: success, version: HTTP/1.1)
HTTP/1.1 200 OK
Content-Type: application/json; charset=utf-8
cache-control: no-cache
content-length: 14

18:01:20.688 [AsyncHttpClient-1-11] DEBUG org.asynchttpclient.netty.channel.ChannelManager - Adding key: http://localhost:51652 for channel [id: 0x696dc3fe, L:/127.0.0.1:59284 - R:localhost/127.0.0.1:51652]
18:01:20.688 [Forwarding getCurrentUrl on session bfaf75cba8861e6ac241834be22608b9 to remote] DEBUG org.asynchttpclient.netty.request.NettyRequestSender - Using pooled Channel '[id: 0x696dc3fe, L:/127.0.0.1:59284 - R:localhost/127.0.0.1:51652]' for 'GET' to 'http://localhost:51652/session/bfaf75cba8861e6ac241834be22608b9/url'
18:01:20.688 [Forwarding getCurrentUrl on session bfaf75cba8861e6ac241834be22608b9 to remote] DEBUG org.asynchttpclient.netty.request.NettyRequestSender - Using open Channel [id: 0x696dc3fe, L:/127.0.0.1:59284 - R:localhost/127.0.0.1:51652] for GET '/session/bfaf75cba8861e6ac241834be22608b9/url'
18:01:20.691 [AsyncHttpClient-1-11] DEBUG org.asynchttpclient.netty.handler.HttpHandler - 

Request DefaultFullHttpRequest(decodeResult: success, version: HTTP/1.1, content: EmptyByteBufBE)
GET /session/bfaf75cba8861e6ac241834be22608b9/url HTTP/1.1
User-Agent: selenium/4.4.0 (java windows)
Cache-Control: no-cache
Content-Type: application/json; charset=utf-8
host: localhost:51652
accept: */*

Response DefaultHttpResponse(decodeResult: success, version: HTTP/1.1)
HTTP/1.1 200 OK
Content-Type: application/json; charset=utf-8
cache-control: no-cache
content-length: 47

18:01:20.691 [AsyncHttpClient-1-11] DEBUG org.asynchttpclient.netty.channel.ChannelManager - Adding key: http://localhost:51652 for channel [id: 0x696dc3fe, L:/127.0.0.1:59284 - R:localhost/127.0.0.1:51652]
18:01:20.691 [Forwarding screenshot on session bfaf75cba8861e6ac241834be22608b9 to remote] DEBUG org.asynchttpclient.netty.request.NettyRequestSender - Using pooled Channel '[id: 0x696dc3fe, L:/127.0.0.1:59284 - R:localhost/127.0.0.1:51652]' for 'GET' to 'http://localhost:51652/session/bfaf75cba8861e6ac241834be22608b9/screenshot'
18:01:20.691 [Forwarding screenshot on session bfaf75cba8861e6ac241834be22608b9 to remote] DEBUG org.asynchttpclient.netty.request.NettyRequestSender - Using open Channel [id: 0x696dc3fe, L:/127.0.0.1:59284 - R:localhost/127.0.0.1:51652] for GET '/session/bfaf75cba8861e6ac241834be22608b9/screenshot'
18:01:20.793 [AsyncHttpClient-1-11] DEBUG org.asynchttpclient.netty.handler.HttpHandler - 

Request DefaultFullHttpRequest(decodeResult: success, version: HTTP/1.1, content: EmptyByteBufBE)
GET /session/bfaf75cba8861e6ac241834be22608b9/screenshot HTTP/1.1
User-Agent: selenium/4.4.0 (java windows)
Cache-Control: no-cache
Content-Type: application/json; charset=utf-8
host: localhost:51652
accept: */*

Response DefaultHttpResponse(decodeResult: success, version: HTTP/1.1)
HTTP/1.1 200 OK
Content-Type: application/json; charset=utf-8
cache-control: no-cache
content-length: 166608

18:01:20.793 [AsyncHttpClient-1-11] DEBUG org.asynchttpclient.netty.channel.ChannelManager - Adding key: http://localhost:51652 for channel [id: 0x696dc3fe, L:/127.0.0.1:59284 - R:localhost/127.0.0.1:51652]
18:01:20.795 [main] DEBUG net.serenitybdd.core.photography.Darkroom - Send negative for processing for target\site\serenity\b0c467789676ea2c2a45aca10aeab3c67f77a2ee9c95186c49084cd60e643a62.png
18:01:20.796 [Darkroom Processing Line] DEBUG net.serenitybdd.core.photography.DarkroomProcessingLine - Processing screenshot image in /var/screenshots/screenshot-10106422634333978205
18:01:20.796 [Darkroom Processing Line] DEBUG net.serenitybdd.core.photography.DarkroomProcessingLine - Saving screenshot to target\site\serenity\b0c467789676ea2c2a45aca10aeab3c67f77a2ee9c95186c49084cd60e643a62.png
18:01:20.798 [Forwarding findElement on session bfaf75cba8861e6ac241834be22608b9 to remote] DEBUG org.asynchttpclient.netty.request.NettyRequestSender - Using pooled Channel '[id: 0x696dc3fe, L:/127.0.0.1:59284 - R:localhost/127.0.0.1:51652]' for 'POST' to 'http://localhost:51652/session/bfaf75cba8861e6ac241834be22608b9/element'
18:01:20.798 [Forwarding findElement on session bfaf75cba8861e6ac241834be22608b9 to remote] DEBUG org.asynchttpclient.netty.request.NettyRequestSender - Using open Channel [id: 0x696dc3fe, L:/127.0.0.1:59284 - R:localhost/127.0.0.1:51652] for POST '/session/bfaf75cba8861e6ac241834be22608b9/element'
18:01:20.803 [AsyncHttpClient-1-11] DEBUG org.asynchttpclient.netty.handler.HttpHandler - 

Request DefaultHttpRequest(decodeResult: success, version: HTTP/1.1)
POST /session/bfaf75cba8861e6ac241834be22608b9/element HTTP/1.1
User-Agent: selenium/4.4.0 (java windows)
Content-Length: 54
Content-Type: application/json; charset=utf-8
host: localhost:51652
accept: */*

Response DefaultHttpResponse(decodeResult: success, version: HTTP/1.1)
HTTP/1.1 200 OK
Content-Type: application/json; charset=utf-8
cache-control: no-cache
content-length: 88

18:01:20.803 [AsyncHttpClient-1-11] DEBUG org.asynchttpclient.netty.channel.ChannelManager - Adding key: http://localhost:51652 for channel [id: 0x696dc3fe, L:/127.0.0.1:59284 - R:localhost/127.0.0.1:51652]
18:01:20.805 [Forwarding isElementDisplayed on session bfaf75cba8861e6ac241834be22608b9 to remote] DEBUG org.asynchttpclient.netty.request.NettyRequestSender - Using pooled Channel '[id: 0x696dc3fe, L:/127.0.0.1:59284 - R:localhost/127.0.0.1:51652]' for 'POST' to 'http://localhost:51652/session/bfaf75cba8861e6ac241834be22608b9/execute/sync'
18:01:20.805 [Forwarding isElementDisplayed on session bfaf75cba8861e6ac241834be22608b9 to remote] DEBUG org.asynchttpclient.netty.request.NettyRequestSender - Using open Channel [id: 0x696dc3fe, L:/127.0.0.1:59284 - R:localhost/127.0.0.1:51652] for POST '/session/bfaf75cba8861e6ac241834be22608b9/execute/sync'
18:01:20.811 [AsyncHttpClient-1-11] DEBUG org.asynchttpclient.netty.handler.HttpHandler - 

Request DefaultHttpRequest(decodeResult: success, version: HTTP/1.1)
POST /session/bfaf75cba8861e6ac241834be22608b9/execute/sync HTTP/1.1
User-Agent: selenium/4.4.0 (java windows)
Content-Length: 48780
Content-Type: application/json; charset=utf-8
host: localhost:51652
accept: */*

Response DefaultHttpResponse(decodeResult: success, version: HTTP/1.1)
HTTP/1.1 200 OK
Content-Type: application/json; charset=utf-8
cache-control: no-cache
content-length: 14

18:01:20.811 [AsyncHttpClient-1-11] DEBUG org.asynchttpclient.netty.channel.ChannelManager - Adding key: http://localhost:51652 for channel [id: 0x696dc3fe, L:/127.0.0.1:59284 - R:localhost/127.0.0.1:51652]
18:01:20.813 [Forwarding isElementDisplayed on session bfaf75cba8861e6ac241834be22608b9 to remote] DEBUG org.asynchttpclient.netty.request.NettyRequestSender - Using pooled Channel '[id: 0x696dc3fe, L:/127.0.0.1:59284 - R:localhost/127.0.0.1:51652]' for 'POST' to 'http://localhost:51652/session/bfaf75cba8861e6ac241834be22608b9/execute/sync'
18:01:20.813 [Forwarding isElementDisplayed on session bfaf75cba8861e6ac241834be22608b9 to remote] DEBUG org.asynchttpclient.netty.request.NettyRequestSender - Using open Channel [id: 0x696dc3fe, L:/127.0.0.1:59284 - R:localhost/127.0.0.1:51652] for POST '/session/bfaf75cba8861e6ac241834be22608b9/execute/sync'
18:01:20.820 [AsyncHttpClient-1-11] DEBUG org.asynchttpclient.netty.handler.HttpHandler - 

Request DefaultHttpRequest(decodeResult: success, version: HTTP/1.1)
POST /session/bfaf75cba8861e6ac241834be22608b9/execute/sync HTTP/1.1
User-Agent: selenium/4.4.0 (java windows)
Content-Length: 48780
Content-Type: application/json; charset=utf-8
host: localhost:51652
accept: */*

Response DefaultHttpResponse(decodeResult: success, version: HTTP/1.1)
HTTP/1.1 200 OK
Content-Type: application/json; charset=utf-8
cache-control: no-cache
content-length: 14

18:01:20.820 [AsyncHttpClient-1-11] DEBUG org.asynchttpclient.netty.channel.ChannelManager - Adding key: http://localhost:51652 for channel [id: 0x696dc3fe, L:/127.0.0.1:59284 - R:localhost/127.0.0.1:51652]
18:01:20.821 [Forwarding findElements on session bfaf75cba8861e6ac241834be22608b9 to remote] DEBUG org.asynchttpclient.netty.request.NettyRequestSender - Using pooled Channel '[id: 0x696dc3fe, L:/127.0.0.1:59284 - R:localhost/127.0.0.1:51652]' for 'POST' to 'http://localhost:51652/session/bfaf75cba8861e6ac241834be22608b9/elements'
18:01:20.821 [Forwarding findElements on session bfaf75cba8861e6ac241834be22608b9 to remote] DEBUG org.asynchttpclient.netty.request.NettyRequestSender - Using open Channel [id: 0x696dc3fe, L:/127.0.0.1:59284 - R:localhost/127.0.0.1:51652] for POST '/session/bfaf75cba8861e6ac241834be22608b9/elements'
18:01:20.826 [AsyncHttpClient-1-11] DEBUG org.asynchttpclient.netty.handler.HttpHandler - 

Request DefaultHttpRequest(decodeResult: success, version: HTTP/1.1)
POST /session/bfaf75cba8861e6ac241834be22608b9/elements HTTP/1.1
User-Agent: selenium/4.4.0 (java windows)
Content-Length: 62
Content-Type: application/json; charset=utf-8
host: localhost:51652
accept: */*

Response DefaultHttpResponse(decodeResult: success, version: HTTP/1.1)
HTTP/1.1 200 OK
Content-Type: application/json; charset=utf-8
cache-control: no-cache
content-length: 248

18:01:20.827 [AsyncHttpClient-1-11] DEBUG org.asynchttpclient.netty.channel.ChannelManager - Adding key: http://localhost:51652 for channel [id: 0x696dc3fe, L:/127.0.0.1:59284 - R:localhost/127.0.0.1:51652]
18:01:20.838 [main] WARN com.itextpdf.layout.renderer.TableWidths - Table width is more than expected due to min width of cell(s).
18:01:20.839 [main] WARN com.itextpdf.layout.renderer.TableRenderer - Last row is not completed. Table bottom border may collapse as you do not expect it
18:01:20.843 [main] DEBUG com.itextpdf.io.source.ByteBufferRandomAccessSource - Unable to make public jdk.internal.ref.Cleaner java.nio.DirectByteBuffer.cleaner() accessible: module java.base does not "opens java.nio" to unnamed module @c333c60
18:01:20.845 [main] DEBUG com.itextpdf.io.source.ByteBufferRandomAccessSource - Unable to make public jdk.internal.ref.Cleaner java.nio.DirectByteBuffer.cleaner() accessible: module java.base does not "opens java.nio" to unnamed module @c333c60
18:01:20.849 [Forwarding getCurrentWindowHandle on session bfaf75cba8861e6ac241834be22608b9 to remote] DEBUG org.asynchttpclient.netty.request.NettyRequestSender - Using pooled Channel '[id: 0x696dc3fe, L:/127.0.0.1:59284 - R:localhost/127.0.0.1:51652]' for 'GET' to 'http://localhost:51652/session/bfaf75cba8861e6ac241834be22608b9/window'
18:01:20.849 [Forwarding getCurrentWindowHandle on session bfaf75cba8861e6ac241834be22608b9 to remote] DEBUG org.asynchttpclient.netty.request.NettyRequestSender - Using open Channel [id: 0x696dc3fe, L:/127.0.0.1:59284 - R:localhost/127.0.0.1:51652] for GET '/session/bfaf75cba8861e6ac241834be22608b9/window'
18:01:20.850 [AsyncHttpClient-1-11] DEBUG org.asynchttpclient.netty.handler.HttpHandler - 

Request DefaultFullHttpRequest(decodeResult: success, version: HTTP/1.1, content: EmptyByteBufBE)
GET /session/bfaf75cba8861e6ac241834be22608b9/window HTTP/1.1
User-Agent: selenium/4.4.0 (java windows)
Cache-Control: no-cache
Content-Type: application/json; charset=utf-8
host: localhost:51652
accept: */*

Response DefaultHttpResponse(decodeResult: success, version: HTTP/1.1)
HTTP/1.1 200 OK
Content-Type: application/json; charset=utf-8
cache-control: no-cache
content-length: 53

18:01:20.850 [AsyncHttpClient-1-11] DEBUG org.asynchttpclient.netty.channel.ChannelManager - Adding key: http://localhost:51652 for channel [id: 0x696dc3fe, L:/127.0.0.1:59284 - R:localhost/127.0.0.1:51652]
18:01:20.850 [Forwarding getAlertText on session bfaf75cba8861e6ac241834be22608b9 to remote] DEBUG org.asynchttpclient.netty.request.NettyRequestSender - Using pooled Channel '[id: 0x696dc3fe, L:/127.0.0.1:59284 - R:localhost/127.0.0.1:51652]' for 'GET' to 'http://localhost:51652/session/bfaf75cba8861e6ac241834be22608b9/alert/text'
18:01:20.850 [Forwarding getAlertText on session bfaf75cba8861e6ac241834be22608b9 to remote] DEBUG org.asynchttpclient.netty.request.NettyRequestSender - Using open Channel [id: 0x696dc3fe, L:/127.0.0.1:59284 - R:localhost/127.0.0.1:51652] for GET '/session/bfaf75cba8861e6ac241834be22608b9/alert/text'
18:01:20.852 [AsyncHttpClient-1-11] DEBUG org.asynchttpclient.netty.handler.HttpHandler - 

Request DefaultFullHttpRequest(decodeResult: success, version: HTTP/1.1, content: EmptyByteBufBE)
GET /session/bfaf75cba8861e6ac241834be22608b9/alert/text HTTP/1.1
User-Agent: selenium/4.4.0 (java windows)
Cache-Control: no-cache
Content-Type: application/json; charset=utf-8
host: localhost:51652
accept: */*

Response DefaultHttpResponse(decodeResult: success, version: HTTP/1.1)
HTTP/1.1 404 Not Found
Content-Type: application/json; charset=utf-8
cache-control: no-cache
content-length: 835

18:01:20.852 [AsyncHttpClient-1-11] DEBUG org.asynchttpclient.netty.channel.ChannelManager - Adding key: http://localhost:51652 for channel [id: 0x696dc3fe, L:/127.0.0.1:59284 - R:localhost/127.0.0.1:51652]
18:01:20.853 [Forwarding switchToWindow on session bfaf75cba8861e6ac241834be22608b9 to remote] DEBUG org.asynchttpclient.netty.request.NettyRequestSender - Using pooled Channel '[id: 0x696dc3fe, L:/127.0.0.1:59284 - R:localhost/127.0.0.1:51652]' for 'POST' to 'http://localhost:51652/session/bfaf75cba8861e6ac241834be22608b9/window'
18:01:20.853 [Forwarding switchToWindow on session bfaf75cba8861e6ac241834be22608b9 to remote] DEBUG org.asynchttpclient.netty.request.NettyRequestSender - Using open Channel [id: 0x696dc3fe, L:/127.0.0.1:59284 - R:localhost/127.0.0.1:51652] for POST '/session/bfaf75cba8861e6ac241834be22608b9/window'
18:01:20.854 [AsyncHttpClient-1-11] DEBUG org.asynchttpclient.netty.handler.HttpHandler - 

Request DefaultHttpRequest(decodeResult: success, version: HTTP/1.1)
POST /session/bfaf75cba8861e6ac241834be22608b9/window HTTP/1.1
User-Agent: selenium/4.4.0 (java windows)
Content-Length: 59
Content-Type: application/json; charset=utf-8
host: localhost:51652
accept: */*

Response DefaultHttpResponse(decodeResult: success, version: HTTP/1.1)
HTTP/1.1 200 OK
Content-Type: application/json; charset=utf-8
cache-control: no-cache
content-length: 14

18:01:20.855 [AsyncHttpClient-1-11] DEBUG org.asynchttpclient.netty.channel.ChannelManager - Adding key: http://localhost:51652 for channel [id: 0x696dc3fe, L:/127.0.0.1:59284 - R:localhost/127.0.0.1:51652]
18:01:20.855 [Forwarding getCurrentUrl on session bfaf75cba8861e6ac241834be22608b9 to remote] DEBUG org.asynchttpclient.netty.request.NettyRequestSender - Using pooled Channel '[id: 0x696dc3fe, L:/127.0.0.1:59284 - R:localhost/127.0.0.1:51652]' for 'GET' to 'http://localhost:51652/session/bfaf75cba8861e6ac241834be22608b9/url'
18:01:20.855 [Forwarding getCurrentUrl on session bfaf75cba8861e6ac241834be22608b9 to remote] DEBUG org.asynchttpclient.netty.request.NettyRequestSender - Using open Channel [id: 0x696dc3fe, L:/127.0.0.1:59284 - R:localhost/127.0.0.1:51652] for GET '/session/bfaf75cba8861e6ac241834be22608b9/url'
18:01:20.857 [AsyncHttpClient-1-11] DEBUG org.asynchttpclient.netty.handler.HttpHandler - 

Request DefaultFullHttpRequest(decodeResult: success, version: HTTP/1.1, content: EmptyByteBufBE)
GET /session/bfaf75cba8861e6ac241834be22608b9/url HTTP/1.1
User-Agent: selenium/4.4.0 (java windows)
Cache-Control: no-cache
Content-Type: application/json; charset=utf-8
host: localhost:51652
accept: */*

Response DefaultHttpResponse(decodeResult: success, version: HTTP/1.1)
HTTP/1.1 200 OK
Content-Type: application/json; charset=utf-8
cache-control: no-cache
content-length: 47

18:01:20.857 [AsyncHttpClient-1-11] DEBUG org.asynchttpclient.netty.channel.ChannelManager - Adding key: http://localhost:51652 for channel [id: 0x696dc3fe, L:/127.0.0.1:59284 - R:localhost/127.0.0.1:51652]
18:01:20.858 [Forwarding screenshot on session bfaf75cba8861e6ac241834be22608b9 to remote] DEBUG org.asynchttpclient.netty.request.NettyRequestSender - Using pooled Channel '[id: 0x696dc3fe, L:/127.0.0.1:59284 - R:localhost/127.0.0.1:51652]' for 'GET' to 'http://localhost:51652/session/bfaf75cba8861e6ac241834be22608b9/screenshot'
18:01:20.858 [Forwarding screenshot on session bfaf75cba8861e6ac241834be22608b9 to remote] DEBUG org.asynchttpclient.netty.request.NettyRequestSender - Using open Channel [id: 0x696dc3fe, L:/127.0.0.1:59284 - R:localhost/127.0.0.1:51652] for GET '/session/bfaf75cba8861e6ac241834be22608b9/screenshot'
18:01:20.936 [AsyncHttpClient-1-11] DEBUG org.asynchttpclient.netty.handler.HttpHandler - 

Request DefaultFullHttpRequest(decodeResult: success, version: HTTP/1.1, content: EmptyByteBufBE)
GET /session/bfaf75cba8861e6ac241834be22608b9/screenshot HTTP/1.1
User-Agent: selenium/4.4.0 (java windows)
Cache-Control: no-cache
Content-Type: application/json; charset=utf-8
host: localhost:51652
accept: */*

Response DefaultHttpResponse(decodeResult: success, version: HTTP/1.1)
HTTP/1.1 200 OK
Content-Type: application/json; charset=utf-8
cache-control: no-cache
content-length: 166608

18:01:20.936 [AsyncHttpClient-1-11] DEBUG org.asynchttpclient.netty.channel.ChannelManager - Adding key: http://localhost:51652 for channel [id: 0x696dc3fe, L:/127.0.0.1:59284 - R:localhost/127.0.0.1:51652]
18:01:20.939 [main] DEBUG net.serenitybdd.core.photography.Darkroom - Send negative for processing for target\site\serenity\b0c467789676ea2c2a45aca10aeab3c67f77a2ee9c95186c49084cd60e643a62.png
18:01:20.940 [AsyncHttpClient-1-13] DEBUG org.asynchttpclient.netty.handler.WebSocketHandler - Channel Closed: [id: 0xc57950a1, L:/127.0.0.1:59292 ! R:localhost/127.0.0.1:59285] with attribute NettyResponseFuture{currentRetry=0,
	isDone=1,
	isCancelled=0,
	asyncHandler=org.asynchttpclient.ws.WebSocketUpgradeHandler@6f32793d,
	nettyRequest=org.asynchttpclient.netty.request.NettyRequest@2a30fabf,
	future=java.util.concurrent.CompletableFuture@1fddddce[Completed normally],
	uri=ws://localhost:59285/devtools/browser/940ab4a9-923f-4990-b249-fc529111cdb9,
	keepAlive=true,
	redirectCount=0,
	timeoutsHolder=null,
	inAuth=0,
	touch=1673370074431}
18:01:20.940 [AsyncHttpClient-1-13] DEBUG org.asynchttpclient.netty.channel.ChannelManager - Closing Channel [id: 0xc57950a1, L:/127.0.0.1:59292 ! R:localhost/127.0.0.1:59285] 
18:01:20.941 [Driver Command Executor] DEBUG org.asynchttpclient.netty.request.NettyRequestSender - Using pooled Channel '[id: 0x696dc3fe, L:/127.0.0.1:59284 - R:localhost/127.0.0.1:51652]' for 'DELETE' to 'http://localhost:51652/session/bfaf75cba8861e6ac241834be22608b9'
18:01:20.941 [Driver Command Executor] DEBUG org.asynchttpclient.netty.request.NettyRequestSender - Using open Channel [id: 0x696dc3fe, L:/127.0.0.1:59284 - R:localhost/127.0.0.1:51652] for DELETE '/session/bfaf75cba8861e6ac241834be22608b9'
18:01:21.054 [AsyncHttpClient-1-12] DEBUG org.asynchttpclient.netty.handler.HttpHandler - Unexpected I/O exception on channel [id: 0x79df1835, L:/127.0.0.1:59291 - R:localhost/127.0.0.1:59285]
java.net.SocketException: Connection reset
	at java.base/sun.nio.ch.SocketChannelImpl.throwConnectionReset(SocketChannelImpl.java:401)
	at java.base/sun.nio.ch.SocketChannelImpl.read(SocketChannelImpl.java:434)
	at io.netty.buffer.PooledByteBuf.setBytes(PooledByteBuf.java:258)
	at io.netty.buffer.AbstractByteBuf.writeBytes(AbstractByteBuf.java:1132)
	at io.netty.channel.socket.nio.NioSocketChannel.doReadBytes(NioSocketChannel.java:357)
	at io.netty.channel.nio.AbstractNioByteChannel$NioByteUnsafe.read(AbstractNioByteChannel.java:151)
	at io.netty.channel.nio.NioEventLoop.processSelectedKey(NioEventLoop.java:722)
	at io.netty.channel.nio.NioEventLoop.processSelectedKeysOptimized(NioEventLoop.java:658)
	at io.netty.channel.nio.NioEventLoop.processSelectedKeys(NioEventLoop.java:584)
	at io.netty.channel.nio.NioEventLoop.run(NioEventLoop.java:496)
	at io.netty.util.concurrent.SingleThreadEventExecutor$4.run(SingleThreadEventExecutor.java:997)
	at io.netty.util.internal.ThreadExecutorMap$2.run(ThreadExecutorMap.java:74)
	at io.netty.util.concurrent.FastThreadLocalRunnable.run(FastThreadLocalRunnable.java:30)
	at java.base/java.lang.Thread.run(Thread.java:1589)
18:01:21.055 [AsyncHttpClient-1-12] DEBUG org.asynchttpclient.netty.channel.ChannelManager - Closing Channel [id: 0x79df1835, L:/127.0.0.1:59291 - R:localhost/127.0.0.1:59285] 
18:01:21.055 [AsyncHttpClient-1-12] DEBUG org.asynchttpclient.netty.handler.HttpHandler - Channel Closed: [id: 0x79df1835, L:/127.0.0.1:59291 ! R:localhost/127.0.0.1:59285] with attribute DISCARD
18:01:21.088 [AsyncHttpClient-1-11] DEBUG org.asynchttpclient.netty.handler.HttpHandler - 

Request DefaultFullHttpRequest(decodeResult: success, version: HTTP/1.1, content: EmptyByteBufBE)
DELETE /session/bfaf75cba8861e6ac241834be22608b9 HTTP/1.1
User-Agent: selenium/4.4.0 (java windows)
Content-Type: application/json; charset=utf-8
host: localhost:51652
accept: */*

Response DefaultHttpResponse(decodeResult: success, version: HTTP/1.1)
HTTP/1.1 200 OK
Content-Type: application/json; charset=utf-8
cache-control: no-cache
content-length: 14

18:01:21.088 [AsyncHttpClient-1-11] DEBUG org.asynchttpclient.netty.channel.ChannelManager - Adding key: http://localhost:51652 for channel [id: 0x696dc3fe, L:/127.0.0.1:59284 - R:localhost/127.0.0.1:51652]
18:01:21.163 [AsyncHttpClient-1-1] DEBUG org.asynchttpclient.netty.channel.DefaultChannelPool - Entry count for : http://localhost:59285 : 1
18:01:21.163 [AsyncHttpClient-1-1] DEBUG org.asynchttpclient.netty.channel.DefaultChannelPool - Entry count for : http://localhost:51652 : 1
18:01:21.163 [AsyncHttpClient-1-1] DEBUG org.asynchttpclient.netty.channel.DefaultChannelPool - Adding Candidate expired Channel [id: 0x79df1835, L:/127.0.0.1:59291 ! R:localhost/127.0.0.1:59285] isIdleTimeoutExpired=false isRemotelyClosed=true isTtlExpired=false
18:01:21.163 [AsyncHttpClient-1-1] DEBUG org.asynchttpclient.netty.channel.DefaultChannelPool - Closing Idle Channel [id: 0x79df1835, L:/127.0.0.1:59291 ! R:localhost/127.0.0.1:59285]
18:01:21.163 [AsyncHttpClient-1-1] DEBUG org.asynchttpclient.netty.channel.DefaultChannelPool - Closed 1 connections out of 2 in 0 ms
18:01:21.181 [AsyncHttpClient-1-11] DEBUG org.asynchttpclient.netty.handler.HttpHandler - Channel Closed: [id: 0x696dc3fe, L:/127.0.0.1:59284 ! R:localhost/127.0.0.1:51652] with attribute DISCARD
18:01:21.240 [main] INFO  - 
  _____   ___   ___   _____     ___     _     ___   ___   ___   ___  
 |_   _| | __| / __| |_   _|   | _ \   /_\   / __| / __| | __| |   \ 
   | |   | _|  \__ \   | |     |  _/  / _ \  \__ \ \__ \ | _|  | |) |
   |_|   |___| |___/   |_|     |_|   /_/ \_\ |___/ |___/ |___| |___/ 

Precios
----------------------------------------------------------------------
]]></system-out>
    <system-err><![CDATA[Starting ChromeDriver 108.0.5359.71 (1e0e3868ee06e91ad636a874420e3ca3ae3756ac-refs/branch-heads/5359@{#1016}) on port 51652
Only local connections are allowed.
Please see https://chromedriver.chromium.org/security-considerations for suggestions on keeping ChromeDriver safe.
ChromeDriver was started successfully.
ene 10, 2023 6:01:14 P. M. org.openqa.selenium.remote.ProtocolHandshake createSession
INFO: Detected upstream dialect: W3C
ene 10, 2023 6:01:14 P. M. org.openqa.selenium.devtools.CdpVersionFinder findNearestMatch
WARNING: Unable to find an exact match for CDP version 108, so returning the closest version found: 104
ene 10, 2023 6:01:14 P. M. org.openqa.selenium.devtools.CdpVersionFinder findNearestMatch
INFO: Found CDP implementation for version 108 of 104
]]></system-err>
  </testcase>
</testsuite>