<?xml version="1.0" encoding="UTF-8"?>
<testsuite xmlns:xsi="http://www.w3.org/2001/XMLSchema-instance" xsi:noNamespaceSchemaLocation="https://maven.apache.org/surefire/maven-failsafe-plugin/xsd/failsafe-test-report-3.0.xsd" version="3.0" name="Run.PracticaRunTest" time="74.473" tests="3" errors="0" skipped="0" failures="0">
  <properties>
    <property name="java.specification.version" value="19"/>
    <property name="webdriver.chrome.driver" value="C:\Users\doprsama\.cache\selenium\chromedriver\win32\113.0.5672.63\chromedriver.exe"/>
    <property name="sun.cpu.isalist" value="amd64"/>
    <property name="sun.jnu.encoding" value="Cp1252"/>
    <property name="java.class.path" value="C:\Users\doprsama\eclipse-workspace\PracticaGradoSerenity\target\test-classes;C:\Users\doprsama\.m2\repository\net\serenity-bdd\serenity-core\3.3.4\serenity-core-3.3.4.jar;C:\Users\doprsama\.m2\repository\net\serenity-bdd\serenity-model\3.3.4\serenity-model-3.3.4.jar;C:\Users\doprsama\.m2\repository\org\apache\commons\commons-text\1.9\commons-text-1.9.jar;C:\Users\doprsama\.m2\repository\commons-net\commons-net\3.8.0\commons-net-3.8.0.jar;C:\Users\doprsama\.m2\repository\com\google\guava\guava\31.1-jre\guava-31.1-jre.jar;C:\Users\doprsama\.m2\repository\com\google\guava\failureaccess\1.0.1\failureaccess-1.0.1.jar;C:\Users\doprsama\.m2\repository\com\google\guava\listenablefuture\9999.0-empty-to-avoid-conflict-with-guava\listenablefuture-9999.0-empty-to-avoid-conflict-with-guava.jar;C:\Users\doprsama\.m2\repository\com\google\code\findbugs\jsr305\3.0.2\jsr305-3.0.2.jar;C:\Users\doprsama\.m2\repository\org\checkerframework\checker-qual\3.12.0\checker-qual-3.12.0.jar;C:\Users\doprsama\.m2\repository\com\google\errorprone\error_prone_annotations\2.11.0\error_prone_annotations-2.11.0.jar;C:\Users\doprsama\.m2\repository\com\google\j2objc\j2objc-annotations\1.3\j2objc-annotations-1.3.jar;C:\Users\doprsama\.m2\repository\com\google\inject\guice\5.1.0\guice-5.1.0.jar;C:\Users\doprsama\.m2\repository\javax\inject\javax.inject\1\javax.inject-1.jar;C:\Users\doprsama\.m2\repository\aopalliance\aopalliance\1.0\aopalliance-1.0.jar;C:\Users\doprsama\.m2\repository\org\jsoup\jsoup\1.14.3\jsoup-1.14.3.jar;C:\Users\doprsama\.m2\repository\com\thoughtworks\xstream\xstream\1.4.19\xstream-1.4.19.jar;C:\Users\doprsama\.m2\repository\io\github\x-stream\mxparser\1.2.2\mxparser-1.2.2.jar;C:\Users\doprsama\.m2\repository\xmlpull\xmlpull\1.1.3.1\xmlpull-1.1.3.1.jar;C:\Users\doprsama\.m2\repository\com\typesafe\config\1.4.2\config-1.4.2.jar;C:\Users\doprsama\.m2\repository\org\imgscalr\imgscalr-lib\4.2\imgscalr-lib-4.2.jar;C:\Users\doprsama\.m2\repository\org\awaitility\awaitility\4.2.0\awaitility-4.2.0.jar;C:\Users\doprsama\.m2\repository\org\freemarker\freemarker\2.3.31\freemarker-2.3.31.jar;C:\Users\doprsama\.m2\repository\io\github\classgraph\classgraph\4.8.138\classgraph-4.8.138.jar;C:\Users\doprsama\.m2\repository\net\sourceforge\jexcelapi\jxl\2.6.12\jxl-2.6.12.jar;C:\Users\doprsama\.m2\repository\net\bytebuddy\byte-buddy-agent\1.12.12\byte-buddy-agent-1.12.12.jar;C:\Users\doprsama\.m2\repository\org\objenesis\objenesis\3.1\objenesis-3.1.jar;C:\Users\doprsama\.m2\repository\net\serenity-bdd\serenity-reports\3.3.4\serenity-reports-3.3.4.jar;C:\Users\doprsama\.m2\repository\net\serenity-bdd\serenity-stats\3.3.4\serenity-stats-3.3.4.jar;C:\Users\doprsama\.m2\repository\net\serenity-bdd\serenity-reports-configuration\3.3.4\serenity-reports-configuration-3.3.4.jar;C:\Users\doprsama\.m2\repository\com\vladsch\flexmark\flexmark-all\0.34.30\flexmark-all-0.34.30.jar;C:\Users\doprsama\.m2\repository\com\vladsch\flexmark\flexmark\0.34.30\flexmark-0.34.30.jar;C:\Users\doprsama\.m2\repository\com\vladsch\flexmark\flexmark-ext-abbreviation\0.34.30\flexmark-ext-abbreviation-0.34.30.jar;C:\Users\doprsama\.m2\repository\com\vladsch\flexmark\flexmark-ext-admonition\0.34.30\flexmark-ext-admonition-0.34.30.jar;C:\Users\doprsama\.m2\repository\com\vladsch\flexmark\flexmark-ext-anchorlink\0.34.30\flexmark-ext-anchorlink-0.34.30.jar;C:\Users\doprsama\.m2\repository\com\vladsch\flexmark\flexmark-ext-aside\0.34.30\flexmark-ext-aside-0.34.30.jar;C:\Users\doprsama\.m2\repository\com\vladsch\flexmark\flexmark-ext-attributes\0.34.30\flexmark-ext-attributes-0.34.30.jar;C:\Users\doprsama\.m2\repository\com\vladsch\flexmark\flexmark-ext-autolink\0.34.30\flexmark-ext-autolink-0.34.30.jar;C:\Users\doprsama\.m2\repository\org\nibor\autolink\autolink\0.6.0\autolink-0.6.0.jar;C:\Users\doprsama\.m2\repository\com\vladsch\flexmark\flexmark-ext-definition\0.34.30\flexmark-ext-definition-0.34.30.jar;C:\Users\doprsama\.m2\repository\com\vladsch\flexmark\flexmark-ext-emoji\0.34.30\flexmark-ext-emoji-0.34.30.jar;C:\Users\doprsama\.m2\repository\com\vladsch\flexmark\flexmark-ext-enumerated-reference\0.34.30\flexmark-ext-enumerated-reference-0.34.30.jar;C:\Users\doprsama\.m2\repository\com\vladsch\flexmark\flexmark-ext-escaped-character\0.34.30\flexmark-ext-escaped-character-0.34.30.jar;C:\Users\doprsama\.m2\repository\com\vladsch\flexmark\flexmark-ext-footnotes\0.34.30\flexmark-ext-footnotes-0.34.30.jar;C:\Users\doprsama\.m2\repository\com\vladsch\flexmark\flexmark-ext-gfm-issues\0.34.30\flexmark-ext-gfm-issues-0.34.30.jar;C:\Users\doprsama\.m2\repository\com\vladsch\flexmark\flexmark-ext-gfm-strikethrough\0.34.30\flexmark-ext-gfm-strikethrough-0.34.30.jar;C:\Users\doprsama\.m2\repository\com\vladsch\flexmark\flexmark-ext-gfm-tables\0.34.30\flexmark-ext-gfm-tables-0.34.30.jar;C:\Users\doprsama\.m2\repository\com\vladsch\flexmark\flexmark-ext-gfm-tasklist\0.34.30\flexmark-ext-gfm-tasklist-0.34.30.jar;C:\Users\doprsama\.m2\repository\com\vladsch\flexmark\flexmark-ext-gfm-users\0.34.30\flexmark-ext-gfm-users-0.34.30.jar;C:\Users\doprsama\.m2\repository\com\vladsch\flexmark\flexmark-ext-gitlab\0.34.30\flexmark-ext-gitlab-0.34.30.jar;C:\Users\doprsama\.m2\repository\com\vladsch\flexmark\flexmark-ext-jekyll-front-matter\0.34.30\flexmark-ext-jekyll-front-matter-0.34.30.jar;C:\Users\doprsama\.m2\repository\com\vladsch\flexmark\flexmark-ext-jekyll-tag\0.34.30\flexmark-ext-jekyll-tag-0.34.30.jar;C:\Users\doprsama\.m2\repository\com\vladsch\flexmark\flexmark-ext-media-tags\0.34.30\flexmark-ext-media-tags-0.34.30.jar;C:\Users\doprsama\.m2\repository\com\vladsch\flexmark\flexmark-test-util\0.34.30\flexmark-test-util-0.34.30.jar;C:\Users\doprsama\.m2\repository\com\vladsch\flexmark\flexmark-ext-ins\0.34.30\flexmark-ext-ins-0.34.30.jar;C:\Users\doprsama\.m2\repository\com\vladsch\flexmark\flexmark-ext-xwiki-macros\0.34.30\flexmark-ext-xwiki-macros-0.34.30.jar;C:\Users\doprsama\.m2\repository\com\vladsch\flexmark\flexmark-ext-superscript\0.34.30\flexmark-ext-superscript-0.34.30.jar;C:\Users\doprsama\.m2\repository\com\vladsch\flexmark\flexmark-ext-tables\0.34.30\flexmark-ext-tables-0.34.30.jar;C:\Users\doprsama\.m2\repository\com\vladsch\flexmark\flexmark-ext-toc\0.34.30\flexmark-ext-toc-0.34.30.jar;C:\Users\doprsama\.m2\repository\com\vladsch\flexmark\flexmark-ext-typographic\0.34.30\flexmark-ext-typographic-0.34.30.jar;C:\Users\doprsama\.m2\repository\com\vladsch\flexmark\flexmark-ext-wikilink\0.34.30\flexmark-ext-wikilink-0.34.30.jar;C:\Users\doprsama\.m2\repository\com\vladsch\flexmark\flexmark-ext-yaml-front-matter\0.34.30\flexmark-ext-yaml-front-matter-0.34.30.jar;C:\Users\doprsama\.m2\repository\com\vladsch\flexmark\flexmark-ext-youtube-embedded\0.34.30\flexmark-ext-youtube-embedded-0.34.30.jar;C:\Users\doprsama\.m2\repository\com\vladsch\flexmark\flexmark-formatter\0.34.30\flexmark-formatter-0.34.30.jar;C:\Users\doprsama\.m2\repository\com\vladsch\flexmark\flexmark-html-parser\0.34.30\flexmark-html-parser-0.34.30.jar;C:\Users\doprsama\.m2\repository\com\vladsch\flexmark\flexmark-jira-converter\0.34.30\flexmark-jira-converter-0.34.30.jar;C:\Users\doprsama\.m2\repository\com\vladsch\flexmark\flexmark-pdf-converter\0.34.30\flexmark-pdf-converter-0.34.30.jar;C:\Users\doprsama\.m2\repository\com\openhtmltopdf\openhtmltopdf-core\0.0.1-RC13\openhtmltopdf-core-0.0.1-RC13.jar;C:\Users\doprsama\.m2\repository\com\openhtmltopdf\openhtmltopdf-pdfbox\0.0.1-RC13\openhtmltopdf-pdfbox-0.0.1-RC13.jar;C:\Users\doprsama\.m2\repository\org\apache\pdfbox\pdfbox\2.0.8\pdfbox-2.0.8.jar;C:\Users\doprsama\.m2\repository\org\apache\pdfbox\fontbox\2.0.8\fontbox-2.0.8.jar;C:\Users\doprsama\.m2\repository\org\apache\pdfbox\xmpbox\2.0.8\xmpbox-2.0.8.jar;C:\Users\doprsama\.m2\repository\de\rototor\pdfbox\graphics2d\0.12\graphics2d-0.12.jar;C:\Users\doprsama\.m2\repository\com\openhtmltopdf\openhtmltopdf-rtl-support\0.0.1-RC13\openhtmltopdf-rtl-support-0.0.1-RC13.jar;C:\Users\doprsama\.m2\repository\com\ibm\icu\icu4j\59.1\icu4j-59.1.jar;C:\Users\doprsama\.m2\repository\com\openhtmltopdf\openhtmltopdf-jsoup-dom-converter\0.0.1-RC13\openhtmltopdf-jsoup-dom-converter-0.0.1-RC13.jar;C:\Users\doprsama\.m2\repository\com\vladsch\flexmark\flexmark-profile-pegdown\0.34.30\flexmark-profile-pegdown-0.34.30.jar;C:\Users\doprsama\.m2\repository\com\vladsch\flexmark\flexmark-util\0.34.30\flexmark-util-0.34.30.jar;C:\Users\doprsama\.m2\repository\com\vladsch\flexmark\flexmark-youtrack-converter\0.34.30\flexmark-youtrack-converter-0.34.30.jar;C:\Users\doprsama\.m2\repository\es\nitaur\markdown\txtmark\0.16\txtmark-0.16.jar;C:\Users\doprsama\.m2\repository\net\serenity-bdd\serenity-report-resources\3.3.4\serenity-report-resources-3.3.4.jar;C:\Users\doprsama\.m2\repository\com\google\code\gson\gson\2.9.0\gson-2.9.0.jar;C:\Users\doprsama\.m2\repository\com\fasterxml\jackson\core\jackson-core\2.13.3\jackson-core-2.13.3.jar;C:\Users\doprsama\.m2\repository\com\fasterxml\jackson\core\jackson-databind\2.13.3\jackson-databind-2.13.3.jar;C:\Users\doprsama\.m2\repository\com\fasterxml\jackson\core\jackson-annotations\2.13.3\jackson-annotations-2.13.3.jar;C:\Users\doprsama\.m2\repository\commons-codec\commons-codec\1.15\commons-codec-1.15.jar;C:\Users\doprsama\.m2\repository\commons-io\commons-io\2.11.0\commons-io-2.11.0.jar;C:\Users\doprsama\.m2\repository\org\apache\httpcomponents\httpclient\4.5.13\httpclient-4.5.13.jar;C:\Users\doprsama\.m2\repository\org\apache\httpcomponents\httpcore\4.4.13\httpcore-4.4.13.jar;C:\Users\doprsama\.m2\repository\commons-logging\commons-logging\1.2\commons-logging-1.2.jar;C:\Users\doprsama\.m2\repository\org\seleniumhq\selenium\selenium-java\4.4.0\selenium-java-4.4.0.jar;C:\Users\doprsama\.m2\repository\org\seleniumhq\selenium\selenium-devtools-v102\4.4.0\selenium-devtools-v102-4.4.0.jar;C:\Users\doprsama\.m2\repository\org\seleniumhq\selenium\selenium-devtools-v103\4.4.0\selenium-devtools-v103-4.4.0.jar;C:\Users\doprsama\.m2\repository\org\seleniumhq\selenium\selenium-devtools-v104\4.4.0\selenium-devtools-v104-4.4.0.jar;C:\Users\doprsama\.m2\repository\org\seleniumhq\selenium\selenium-devtools-v85\4.4.0\selenium-devtools-v85-4.4.0.jar;C:\Users\doprsama\.m2\repository\org\seleniumhq\selenium\selenium-opera-driver\4.4.0\selenium-opera-driver-4.4.0.jar;C:\Users\doprsama\.m2\repository\org\seleniumhq\selenium\selenium-remote-driver\4.4.0\selenium-remote-driver-4.4.0.jar;C:\Users\doprsama\.m2\repository\com\beust\jcommander\1.82\jcommander-1.82.jar;C:\Users\doprsama\.m2\repository\io\netty\netty-buffer\4.1.78.Final\netty-buffer-4.1.78.Final.jar;C:\Users\doprsama\.m2\repository\io\netty\netty-codec-http\4.1.78.Final\netty-codec-http-4.1.78.Final.jar;C:\Users\doprsama\.m2\repository\io\netty\netty-codec\4.1.78.Final\netty-codec-4.1.78.Final.jar;C:\Users\doprsama\.m2\repository\io\netty\netty-handler\4.1.78.Final\netty-handler-4.1.78.Final.jar;C:\Users\doprsama\.m2\repository\io\netty\netty-common\4.1.78.Final\netty-common-4.1.78.Final.jar;C:\Users\doprsama\.m2\repository\io\netty\netty-transport-classes-epoll\4.1.78.Final\netty-transport-classes-epoll-4.1.78.Final.jar;C:\Users\doprsama\.m2\repository\io\netty\netty-transport-classes-kqueue\4.1.78.Final\netty-transport-classes-kqueue-4.1.78.Final.jar;C:\Users\doprsama\.m2\repository\io\netty\netty-transport-native-epoll\4.1.78.Final\netty-transport-native-epoll-4.1.78.Final.jar;C:\Users\doprsama\.m2\repository\io\netty\netty-transport-native-kqueue\4.1.78.Final\netty-transport-native-kqueue-4.1.78.Final.jar;C:\Users\doprsama\.m2\repository\io\netty\netty-transport-native-unix-common\4.1.78.Final\netty-transport-native-unix-common-4.1.78.Final.jar;C:\Users\doprsama\.m2\repository\io\netty\netty-transport\4.1.78.Final\netty-transport-4.1.78.Final.jar;C:\Users\doprsama\.m2\repository\io\netty\netty-resolver\4.1.78.Final\netty-resolver-4.1.78.Final.jar;C:\Users\doprsama\.m2\repository\io\opentelemetry\opentelemetry-api\1.16.0\opentelemetry-api-1.16.0.jar;C:\Users\doprsama\.m2\repository\io\opentelemetry\opentelemetry-context\1.16.0\opentelemetry-context-1.16.0.jar;C:\Users\doprsama\.m2\repository\io\opentelemetry\opentelemetry-exporter-logging\1.16.0\opentelemetry-exporter-logging-1.16.0.jar;C:\Users\doprsama\.m2\repository\io\opentelemetry\opentelemetry-sdk-metrics\1.16.0\opentelemetry-sdk-metrics-1.16.0.jar;C:\Users\doprsama\.m2\repository\io\opentelemetry\opentelemetry-sdk-logs\1.16.0-alpha\opentelemetry-sdk-logs-1.16.0-alpha.jar;C:\Users\doprsama\.m2\repository\io\opentelemetry\opentelemetry-sdk-common\1.16.0\opentelemetry-sdk-common-1.16.0.jar;C:\Users\doprsama\.m2\repository\io\opentelemetry\opentelemetry-sdk-extension-autoconfigure-spi\1.16.0\opentelemetry-sdk-extension-autoconfigure-spi-1.16.0.jar;C:\Users\doprsama\.m2\repository\io\opentelemetry\opentelemetry-sdk-extension-autoconfigure\1.16.0-alpha\opentelemetry-sdk-extension-autoconfigure-1.16.0-alpha.jar;C:\Users\doprsama\.m2\repository\io\opentelemetry\opentelemetry-sdk-trace\1.16.0\opentelemetry-sdk-trace-1.16.0.jar;C:\Users\doprsama\.m2\repository\io\opentelemetry\opentelemetry-sdk\1.16.0\opentelemetry-sdk-1.16.0.jar;C:\Users\doprsama\.m2\repository\io\opentelemetry\opentelemetry-semconv\1.16.0-alpha\opentelemetry-semconv-1.16.0-alpha.jar;C:\Users\doprsama\.m2\repository\io\ous\jtoml\2.0.0\jtoml-2.0.0.jar;C:\Users\doprsama\.m2\repository\org\apache\commons\commons-exec\1.3\commons-exec-1.3.jar;C:\Users\doprsama\.m2\repository\org\asynchttpclient\async-http-client\2.12.3\async-http-client-2.12.3.jar;C:\Users\doprsama\.m2\repository\org\asynchttpclient\async-http-client-netty-utils\2.12.3\async-http-client-netty-utils-2.12.3.jar;C:\Users\doprsama\.m2\repository\io\netty\netty-codec-socks\4.1.60.Final\netty-codec-socks-4.1.60.Final.jar;C:\Users\doprsama\.m2\repository\io\netty\netty-handler-proxy\4.1.60.Final\netty-handler-proxy-4.1.60.Final.jar;C:\Users\doprsama\.m2\repository\io\netty\netty-transport-native-epoll\4.1.60.Final\netty-transport-native-epoll-4.1.60.Final-linux-x86_64.jar;C:\Users\doprsama\.m2\repository\io\netty\netty-transport-native-kqueue\4.1.60.Final\netty-transport-native-kqueue-4.1.60.Final-osx-x86_64.jar;C:\Users\doprsama\.m2\repository\org\reactivestreams\reactive-streams\1.0.3\reactive-streams-1.0.3.jar;C:\Users\doprsama\.m2\repository\com\typesafe\netty\netty-reactive-streams\2.0.4\netty-reactive-streams-2.0.4.jar;C:\Users\doprsama\.m2\repository\org\seleniumhq\selenium\selenium-http\4.4.0\selenium-http-4.4.0.jar;C:\Users\doprsama\.m2\repository\dev\failsafe\failsafe\3.2.4\failsafe-3.2.4.jar;C:\Users\doprsama\.m2\repository\org\seleniumhq\selenium\selenium-safari-driver\4.4.0\selenium-safari-driver-4.4.0.jar;C:\Users\doprsama\.m2\repository\org\seleniumhq\selenium\selenium-api\4.4.0\selenium-api-4.4.0.jar;C:\Users\doprsama\.m2\repository\org\seleniumhq\selenium\selenium-support\4.4.0\selenium-support-4.4.0.jar;C:\Users\doprsama\.m2\repository\com\google\auto\service\auto-service-annotations\1.0.1\auto-service-annotations-1.0.1.jar;C:\Users\doprsama\.m2\repository\com\google\auto\service\auto-service\1.0.1\auto-service-1.0.1.jar;C:\Users\doprsama\.m2\repository\com\google\auto\auto-common\1.2\auto-common-1.2.jar;C:\Users\doprsama\.m2\repository\org\seleniumhq\selenium\selenium-json\4.4.0\selenium-json-4.4.0.jar;C:\Users\doprsama\.m2\repository\org\seleniumhq\selenium\selenium-chrome-driver\4.4.0\selenium-chrome-driver-4.4.0.jar;C:\Users\doprsama\.m2\repository\org\seleniumhq\selenium\selenium-chromium-driver\4.4.0\selenium-chromium-driver-4.4.0.jar;C:\Users\doprsama\.m2\repository\org\seleniumhq\selenium\selenium-firefox-driver\4.4.0\selenium-firefox-driver-4.4.0.jar;C:\Users\doprsama\.m2\repository\org\seleniumhq\selenium\selenium-edge-driver\4.4.0\selenium-edge-driver-4.4.0.jar;C:\Users\doprsama\.m2\repository\org\seleniumhq\selenium\selenium-ie-driver\4.4.0\selenium-ie-driver-4.4.0.jar;C:\Users\doprsama\.m2\repository\org\projectlombok\lombok\1.18.20\lombok-1.18.20.jar;C:\Users\doprsama\.m2\repository\io\appium\java-client\8.1.1\java-client-8.1.1.jar;C:\Users\doprsama\.m2\repository\commons-validator\commons-validator\1.7\commons-validator-1.7.jar;C:\Users\doprsama\.m2\repository\commons-digester\commons-digester\2.1\commons-digester-2.1.jar;C:\Users\doprsama\.m2\repository\org\apache\groovy\groovy\4.0.1\groovy-4.0.1.jar;C:\Users\doprsama\.m2\repository\net\sf\opencsv\opencsv\2.0\opencsv-2.0.jar;C:\Users\doprsama\.m2\repository\commons-beanutils\commons-beanutils\1.9.4\commons-beanutils-1.9.4.jar;C:\Users\doprsama\.m2\repository\org\apache\commons\commons-lang3\3.12.0\commons-lang3-3.12.0.jar;C:\Users\doprsama\.m2\repository\commons-collections\commons-collections\3.2.2\commons-collections-3.2.2.jar;C:\Users\doprsama\.m2\repository\org\fluentlenium\fluentlenium-core\0.10.2\fluentlenium-core-0.10.2.jar;C:\Users\doprsama\.m2\repository\io\github\bonigarcia\webdrivermanager\5.2.1\webdrivermanager-5.2.1.jar;C:\Users\doprsama\.m2\repository\com\github\docker-java\docker-java\3.2.13\docker-java-3.2.13.jar;C:\Users\doprsama\.m2\repository\com\github\docker-java\docker-java-core\3.2.13\docker-java-core-3.2.13.jar;C:\Users\doprsama\.m2\repository\com\github\docker-java\docker-java-api\3.2.13\docker-java-api-3.2.13.jar;C:\Users\doprsama\.m2\repository\org\apache\commons\commons-compress\1.21\commons-compress-1.21.jar;C:\Users\doprsama\.m2\repository\org\bouncycastle\bcpkix-jdk15on\1.64\bcpkix-jdk15on-1.64.jar;C:\Users\doprsama\.m2\repository\org\bouncycastle\bcprov-jdk15on\1.64\bcprov-jdk15on-1.64.jar;C:\Users\doprsama\.m2\repository\org\slf4j\jcl-over-slf4j\1.7.30\jcl-over-slf4j-1.7.30.jar;C:\Users\doprsama\.m2\repository\com\github\docker-java\docker-java-transport-httpclient5\3.2.13\docker-java-transport-httpclient5-3.2.13.jar;C:\Users\doprsama\.m2\repository\com\github\docker-java\docker-java-transport\3.2.13\docker-java-transport-3.2.13.jar;C:\Users\doprsama\.m2\repository\net\java\dev\jna\jna\5.8.0\jna-5.8.0.jar;C:\Users\doprsama\.m2\repository\org\brotli\dec\0.1.2\dec-0.1.2.jar;C:\Users\doprsama\.m2\repository\org\apache\httpcomponents\client5\httpclient5\5.1.3\httpclient5-5.1.3.jar;C:\Users\doprsama\.m2\repository\org\apache\httpcomponents\core5\httpcore5\5.1.3\httpcore5-5.1.3.jar;C:\Users\doprsama\.m2\repository\org\apache\httpcomponents\core5\httpcore5-h2\5.1.3\httpcore5-h2-5.1.3.jar;C:\Users\doprsama\.m2\repository\com\jhlabs\filters\2.0.235\filters-2.0.235.jar;C:\Users\doprsama\.m2\repository\com\paulhammant\ngwebdriver\1.1.6\ngwebdriver-1.1.6.jar;C:\Users\doprsama\.m2\repository\joda-time\joda-time\2.8.2\joda-time-2.8.2.jar;C:\Users\doprsama\.m2\repository\org\hamcrest\hamcrest\2.2\hamcrest-2.2.jar;C:\Users\doprsama\.m2\repository\com\google\jimfs\jimfs\1.2\jimfs-1.2.jar;C:\Users\doprsama\.m2\repository\org\mockito\mockito-core\3.3.3\mockito-core-3.3.3.jar;C:\Users\doprsama\.m2\repository\javax\xml\bind\jaxb-api\2.3.1\jaxb-api-2.3.1.jar;C:\Users\doprsama\.m2\repository\javax\activation\javax.activation-api\1.2.0\javax.activation-api-1.2.0.jar;C:\Users\doprsama\.m2\repository\com\sun\xml\bind\jaxb-core\2.3.0.1\jaxb-core-2.3.0.1.jar;C:\Users\doprsama\.m2\repository\com\sun\xml\bind\jaxb-impl\2.3.3\jaxb-impl-2.3.3.jar;C:\Users\doprsama\.m2\repository\jakarta\xml\bind\jakarta.xml.bind-api\2.3.3\jakarta.xml.bind-api-2.3.3.jar;C:\Users\doprsama\.m2\repository\com\sun\activation\jakarta.activation\1.2.2\jakarta.activation-1.2.2.jar;C:\Users\doprsama\.m2\repository\javax\activation\activation\1.1.1\activation-1.1.1.jar;C:\Users\doprsama\.m2\repository\net\serenity-bdd\serenity-cucumber\3.3.4\serenity-cucumber-3.3.4.jar;C:\Users\doprsama\.m2\repository\io\cucumber\cucumber-core\7.4.1\cucumber-core-7.4.1.jar;C:\Users\doprsama\.m2\repository\io\cucumber\cucumber-gherkin\7.4.1\cucumber-gherkin-7.4.1.jar;C:\Users\doprsama\.m2\repository\io\cucumber\cucumber-gherkin-messages\7.4.1\cucumber-gherkin-messages-7.4.1.jar;C:\Users\doprsama\.m2\repository\io\cucumber\gherkin\23.0.1\gherkin-23.0.1.jar;C:\Users\doprsama\.m2\repository\io\cucumber\messages\18.0.0\messages-18.0.0.jar;C:\Users\doprsama\.m2\repository\io\cucumber\tag-expressions\4.1.0\tag-expressions-4.1.0.jar;C:\Users\doprsama\.m2\repository\io\cucumber\cucumber-expressions\16.0.0\cucumber-expressions-16.0.0.jar;C:\Users\doprsama\.m2\repository\io\cucumber\datatable\7.4.1\datatable-7.4.1.jar;C:\Users\doprsama\.m2\repository\io\cucumber\cucumber-plugin\7.4.1\cucumber-plugin-7.4.1.jar;C:\Users\doprsama\.m2\repository\io\cucumber\docstring\7.4.1\docstring-7.4.1.jar;C:\Users\doprsama\.m2\repository\io\cucumber\html-formatter\19.2.0\html-formatter-19.2.0.jar;C:\Users\doprsama\.m2\repository\io\cucumber\ci-environment\9.0.4\ci-environment-9.0.4.jar;C:\Users\doprsama\.m2\repository\io\cucumber\cucumber-java\7.4.1\cucumber-java-7.4.1.jar;C:\Users\doprsama\.m2\repository\io\cucumber\cucumber-junit\7.4.1\cucumber-junit-7.4.1.jar;C:\Users\doprsama\.m2\repository\org\apache\commons\commons-csv\1.5\commons-csv-1.5.jar;C:\Users\doprsama\.m2\repository\net\serenity-bdd\serenity-screenplay\3.3.4\serenity-screenplay-3.3.4.jar;C:\Users\doprsama\.m2\repository\net\serenity-bdd\serenity-screenplay-webdriver\3.3.4\serenity-screenplay-webdriver-3.3.4.jar;C:\Users\doprsama\.m2\repository\net\serenity-bdd\serenity-ensure\3.3.4\serenity-ensure-3.3.4.jar;C:\Users\doprsama\.m2\repository\net\serenity-bdd\serenity-junit\3.3.4\serenity-junit-3.3.4.jar;C:\Users\doprsama\.m2\repository\org\jetbrains\kotlin\kotlin-stdlib\1.7.10\kotlin-stdlib-1.7.10.jar;C:\Users\doprsama\.m2\repository\org\jetbrains\kotlin\kotlin-stdlib-common\1.7.10\kotlin-stdlib-common-1.7.10.jar;C:\Users\doprsama\.m2\repository\org\jetbrains\annotations\13.0\annotations-13.0.jar;C:\Users\doprsama\.m2\repository\org\junit\platform\junit-platform-launcher\1.8.2\junit-platform-launcher-1.8.2.jar;C:\Users\doprsama\.m2\repository\org\junit\platform\junit-platform-engine\1.8.2\junit-platform-engine-1.8.2.jar;C:\Users\doprsama\.m2\repository\org\opentest4j\opentest4j\1.2.0\opentest4j-1.2.0.jar;C:\Users\doprsama\.m2\repository\org\junit\platform\junit-platform-commons\1.8.2\junit-platform-commons-1.8.2.jar;C:\Users\doprsama\.m2\repository\org\apiguardian\apiguardian-api\1.1.2\apiguardian-api-1.1.2.jar;C:\Users\doprsama\.m2\repository\org\junit\jupiter\junit-jupiter-engine\5.8.2\junit-jupiter-engine-5.8.2.jar;C:\Users\doprsama\.m2\repository\org\junit\jupiter\junit-jupiter-api\5.8.2\junit-jupiter-api-5.8.2.jar;C:\Users\doprsama\.m2\repository\org\junit\vintage\junit-vintage-engine\5.8.2\junit-vintage-engine-5.8.2.jar;C:\Users\doprsama\.m2\repository\junit\junit\4.13.2\junit-4.13.2.jar;C:\Users\doprsama\.m2\repository\org\hamcrest\hamcrest-core\1.3\hamcrest-core-1.3.jar;C:\Users\doprsama\.m2\repository\ch\qos\logback\logback-classic\1.2.10\logback-classic-1.2.10.jar;C:\Users\doprsama\.m2\repository\ch\qos\logback\logback-core\1.2.10\logback-core-1.2.10.jar;C:\Users\doprsama\.m2\repository\org\slf4j\slf4j-api\1.7.32\slf4j-api-1.7.32.jar;C:\Users\doprsama\.m2\repository\org\assertj\assertj-core\3.23.1\assertj-core-3.23.1.jar;C:\Users\doprsama\.m2\repository\net\bytebuddy\byte-buddy\1.12.10\byte-buddy-1.12.10.jar;C:\Users\doprsama\.m2\repository\com\itextpdf\io\7.0.2\io-7.0.2.jar;C:\Users\doprsama\.m2\repository\com\itextpdf\layout\7.0.2\layout-7.0.2.jar;C:\Users\doprsama\.m2\repository\com\itextpdf\kernel\7.0.2\kernel-7.0.2.jar;C:\Users\doprsama\.m2\repository\com\itextpdf\forms\7.0.2\forms-7.0.2.jar;C:\Users\doprsama\.m2\repository\com\itextpdf\pdfa\7.0.2\pdfa-7.0.2.jar;C:\Users\doprsama\.m2\repository\com\itextpdf\sign\7.0.2\sign-7.0.2.jar;C:\Users\doprsama\.m2\repository\com\itextpdf\barcodes\7.0.2\barcodes-7.0.2.jar;C:\Users\doprsama\.m2\repository\com\itextpdf\font-asian\7.0.2\font-asian-7.0.2.jar;C:\Users\doprsama\.m2\repository\com\itextpdf\hyph\7.0.2\hyph-7.0.2.jar;"/>
    <property name="java.vm.vendor" value="Oracle Corporation"/>
    <property name="sun.arch.data.model" value="64"/>
    <property name="user.variant" value=""/>
    <property name="java.vendor.url" value="https://java.oracle.com/"/>
    <property name="user.timezone" value="Europe/Madrid"/>
    <property name="log4j2.formatMsgNoLookups" value="true"/>
    <property name="os.name" value="Windows 10"/>
    <property name="java.vm.specification.version" value="19"/>
    <property name="sun.java.launcher" value="SUN_STANDARD"/>
    <property name="user.country" value="ES"/>
    <property name="sun.boot.library.path" value="C:\Program Files\Java\jdk-19\bin"/>
    <property name="sun.java.command" value="org.apache.maven.surefire.booter.ForkedBooter C:\Users\doprsama\AppData\Local\Temp\surefire4110894792943673231 2023-05-20T11-14-11_282-jvmRun1 surefire15514942221579556420tmp surefire_012638654194553987059tmp"/>
    <property name="jdk.debug" value="release"/>
    <property name="surefire.test.class.path" value="C:\Users\doprsama\eclipse-workspace\PracticaGradoSerenity\target\test-classes;C:\Users\doprsama\.m2\repository\net\serenity-bdd\serenity-core\3.3.4\serenity-core-3.3.4.jar;C:\Users\doprsama\.m2\repository\net\serenity-bdd\serenity-model\3.3.4\serenity-model-3.3.4.jar;C:\Users\doprsama\.m2\repository\org\apache\commons\commons-text\1.9\commons-text-1.9.jar;C:\Users\doprsama\.m2\repository\commons-net\commons-net\3.8.0\commons-net-3.8.0.jar;C:\Users\doprsama\.m2\repository\com\google\guava\guava\31.1-jre\guava-31.1-jre.jar;C:\Users\doprsama\.m2\repository\com\google\guava\failureaccess\1.0.1\failureaccess-1.0.1.jar;C:\Users\doprsama\.m2\repository\com\google\guava\listenablefuture\9999.0-empty-to-avoid-conflict-with-guava\listenablefuture-9999.0-empty-to-avoid-conflict-with-guava.jar;C:\Users\doprsama\.m2\repository\com\google\code\findbugs\jsr305\3.0.2\jsr305-3.0.2.jar;C:\Users\doprsama\.m2\repository\org\checkerframework\checker-qual\3.12.0\checker-qual-3.12.0.jar;C:\Users\doprsama\.m2\repository\com\google\errorprone\error_prone_annotations\2.11.0\error_prone_annotations-2.11.0.jar;C:\Users\doprsama\.m2\repository\com\google\j2objc\j2objc-annotations\1.3\j2objc-annotations-1.3.jar;C:\Users\doprsama\.m2\repository\com\google\inject\guice\5.1.0\guice-5.1.0.jar;C:\Users\doprsama\.m2\repository\javax\inject\javax.inject\1\javax.inject-1.jar;C:\Users\doprsama\.m2\repository\aopalliance\aopalliance\1.0\aopalliance-1.0.jar;C:\Users\doprsama\.m2\repository\org\jsoup\jsoup\1.14.3\jsoup-1.14.3.jar;C:\Users\doprsama\.m2\repository\com\thoughtworks\xstream\xstream\1.4.19\xstream-1.4.19.jar;C:\Users\doprsama\.m2\repository\io\github\x-stream\mxparser\1.2.2\mxparser-1.2.2.jar;C:\Users\doprsama\.m2\repository\xmlpull\xmlpull\1.1.3.1\xmlpull-1.1.3.1.jar;C:\Users\doprsama\.m2\repository\com\typesafe\config\1.4.2\config-1.4.2.jar;C:\Users\doprsama\.m2\repository\org\imgscalr\imgscalr-lib\4.2\imgscalr-lib-4.2.jar;C:\Users\doprsama\.m2\repository\org\awaitility\awaitility\4.2.0\awaitility-4.2.0.jar;C:\Users\doprsama\.m2\repository\org\freemarker\freemarker\2.3.31\freemarker-2.3.31.jar;C:\Users\doprsama\.m2\repository\io\github\classgraph\classgraph\4.8.138\classgraph-4.8.138.jar;C:\Users\doprsama\.m2\repository\net\sourceforge\jexcelapi\jxl\2.6.12\jxl-2.6.12.jar;C:\Users\doprsama\.m2\repository\net\bytebuddy\byte-buddy-agent\1.12.12\byte-buddy-agent-1.12.12.jar;C:\Users\doprsama\.m2\repository\org\objenesis\objenesis\3.1\objenesis-3.1.jar;C:\Users\doprsama\.m2\repository\net\serenity-bdd\serenity-reports\3.3.4\serenity-reports-3.3.4.jar;C:\Users\doprsama\.m2\repository\net\serenity-bdd\serenity-stats\3.3.4\serenity-stats-3.3.4.jar;C:\Users\doprsama\.m2\repository\net\serenity-bdd\serenity-reports-configuration\3.3.4\serenity-reports-configuration-3.3.4.jar;C:\Users\doprsama\.m2\repository\com\vladsch\flexmark\flexmark-all\0.34.30\flexmark-all-0.34.30.jar;C:\Users\doprsama\.m2\repository\com\vladsch\flexmark\flexmark\0.34.30\flexmark-0.34.30.jar;C:\Users\doprsama\.m2\repository\com\vladsch\flexmark\flexmark-ext-abbreviation\0.34.30\flexmark-ext-abbreviation-0.34.30.jar;C:\Users\doprsama\.m2\repository\com\vladsch\flexmark\flexmark-ext-admonition\0.34.30\flexmark-ext-admonition-0.34.30.jar;C:\Users\doprsama\.m2\repository\com\vladsch\flexmark\flexmark-ext-anchorlink\0.34.30\flexmark-ext-anchorlink-0.34.30.jar;C:\Users\doprsama\.m2\repository\com\vladsch\flexmark\flexmark-ext-aside\0.34.30\flexmark-ext-aside-0.34.30.jar;C:\Users\doprsama\.m2\repository\com\vladsch\flexmark\flexmark-ext-attributes\0.34.30\flexmark-ext-attributes-0.34.30.jar;C:\Users\doprsama\.m2\repository\com\vladsch\flexmark\flexmark-ext-autolink\0.34.30\flexmark-ext-autolink-0.34.30.jar;C:\Users\doprsama\.m2\repository\org\nibor\autolink\autolink\0.6.0\autolink-0.6.0.jar;C:\Users\doprsama\.m2\repository\com\vladsch\flexmark\flexmark-ext-definition\0.34.30\flexmark-ext-definition-0.34.30.jar;C:\Users\doprsama\.m2\repository\com\vladsch\flexmark\flexmark-ext-emoji\0.34.30\flexmark-ext-emoji-0.34.30.jar;C:\Users\doprsama\.m2\repository\com\vladsch\flexmark\flexmark-ext-enumerated-reference\0.34.30\flexmark-ext-enumerated-reference-0.34.30.jar;C:\Users\doprsama\.m2\repository\com\vladsch\flexmark\flexmark-ext-escaped-character\0.34.30\flexmark-ext-escaped-character-0.34.30.jar;C:\Users\doprsama\.m2\repository\com\vladsch\flexmark\flexmark-ext-footnotes\0.34.30\flexmark-ext-footnotes-0.34.30.jar;C:\Users\doprsama\.m2\repository\com\vladsch\flexmark\flexmark-ext-gfm-issues\0.34.30\flexmark-ext-gfm-issues-0.34.30.jar;C:\Users\doprsama\.m2\repository\com\vladsch\flexmark\flexmark-ext-gfm-strikethrough\0.34.30\flexmark-ext-gfm-strikethrough-0.34.30.jar;C:\Users\doprsama\.m2\repository\com\vladsch\flexmark\flexmark-ext-gfm-tables\0.34.30\flexmark-ext-gfm-tables-0.34.30.jar;C:\Users\doprsama\.m2\repository\com\vladsch\flexmark\flexmark-ext-gfm-tasklist\0.34.30\flexmark-ext-gfm-tasklist-0.34.30.jar;C:\Users\doprsama\.m2\repository\com\vladsch\flexmark\flexmark-ext-gfm-users\0.34.30\flexmark-ext-gfm-users-0.34.30.jar;C:\Users\doprsama\.m2\repository\com\vladsch\flexmark\flexmark-ext-gitlab\0.34.30\flexmark-ext-gitlab-0.34.30.jar;C:\Users\doprsama\.m2\repository\com\vladsch\flexmark\flexmark-ext-jekyll-front-matter\0.34.30\flexmark-ext-jekyll-front-matter-0.34.30.jar;C:\Users\doprsama\.m2\repository\com\vladsch\flexmark\flexmark-ext-jekyll-tag\0.34.30\flexmark-ext-jekyll-tag-0.34.30.jar;C:\Users\doprsama\.m2\repository\com\vladsch\flexmark\flexmark-ext-media-tags\0.34.30\flexmark-ext-media-tags-0.34.30.jar;C:\Users\doprsama\.m2\repository\com\vladsch\flexmark\flexmark-test-util\0.34.30\flexmark-test-util-0.34.30.jar;C:\Users\doprsama\.m2\repository\com\vladsch\flexmark\flexmark-ext-ins\0.34.30\flexmark-ext-ins-0.34.30.jar;C:\Users\doprsama\.m2\repository\com\vladsch\flexmark\flexmark-ext-xwiki-macros\0.34.30\flexmark-ext-xwiki-macros-0.34.30.jar;C:\Users\doprsama\.m2\repository\com\vladsch\flexmark\flexmark-ext-superscript\0.34.30\flexmark-ext-superscript-0.34.30.jar;C:\Users\doprsama\.m2\repository\com\vladsch\flexmark\flexmark-ext-tables\0.34.30\flexmark-ext-tables-0.34.30.jar;C:\Users\doprsama\.m2\repository\com\vladsch\flexmark\flexmark-ext-toc\0.34.30\flexmark-ext-toc-0.34.30.jar;C:\Users\doprsama\.m2\repository\com\vladsch\flexmark\flexmark-ext-typographic\0.34.30\flexmark-ext-typographic-0.34.30.jar;C:\Users\doprsama\.m2\repository\com\vladsch\flexmark\flexmark-ext-wikilink\0.34.30\flexmark-ext-wikilink-0.34.30.jar;C:\Users\doprsama\.m2\repository\com\vladsch\flexmark\flexmark-ext-yaml-front-matter\0.34.30\flexmark-ext-yaml-front-matter-0.34.30.jar;C:\Users\doprsama\.m2\repository\com\vladsch\flexmark\flexmark-ext-youtube-embedded\0.34.30\flexmark-ext-youtube-embedded-0.34.30.jar;C:\Users\doprsama\.m2\repository\com\vladsch\flexmark\flexmark-formatter\0.34.30\flexmark-formatter-0.34.30.jar;C:\Users\doprsama\.m2\repository\com\vladsch\flexmark\flexmark-html-parser\0.34.30\flexmark-html-parser-0.34.30.jar;C:\Users\doprsama\.m2\repository\com\vladsch\flexmark\flexmark-jira-converter\0.34.30\flexmark-jira-converter-0.34.30.jar;C:\Users\doprsama\.m2\repository\com\vladsch\flexmark\flexmark-pdf-converter\0.34.30\flexmark-pdf-converter-0.34.30.jar;C:\Users\doprsama\.m2\repository\com\openhtmltopdf\openhtmltopdf-core\0.0.1-RC13\openhtmltopdf-core-0.0.1-RC13.jar;C:\Users\doprsama\.m2\repository\com\openhtmltopdf\openhtmltopdf-pdfbox\0.0.1-RC13\openhtmltopdf-pdfbox-0.0.1-RC13.jar;C:\Users\doprsama\.m2\repository\org\apache\pdfbox\pdfbox\2.0.8\pdfbox-2.0.8.jar;C:\Users\doprsama\.m2\repository\org\apache\pdfbox\fontbox\2.0.8\fontbox-2.0.8.jar;C:\Users\doprsama\.m2\repository\org\apache\pdfbox\xmpbox\2.0.8\xmpbox-2.0.8.jar;C:\Users\doprsama\.m2\repository\de\rototor\pdfbox\graphics2d\0.12\graphics2d-0.12.jar;C:\Users\doprsama\.m2\repository\com\openhtmltopdf\openhtmltopdf-rtl-support\0.0.1-RC13\openhtmltopdf-rtl-support-0.0.1-RC13.jar;C:\Users\doprsama\.m2\repository\com\ibm\icu\icu4j\59.1\icu4j-59.1.jar;C:\Users\doprsama\.m2\repository\com\openhtmltopdf\openhtmltopdf-jsoup-dom-converter\0.0.1-RC13\openhtmltopdf-jsoup-dom-converter-0.0.1-RC13.jar;C:\Users\doprsama\.m2\repository\com\vladsch\flexmark\flexmark-profile-pegdown\0.34.30\flexmark-profile-pegdown-0.34.30.jar;C:\Users\doprsama\.m2\repository\com\vladsch\flexmark\flexmark-util\0.34.30\flexmark-util-0.34.30.jar;C:\Users\doprsama\.m2\repository\com\vladsch\flexmark\flexmark-youtrack-converter\0.34.30\flexmark-youtrack-converter-0.34.30.jar;C:\Users\doprsama\.m2\repository\es\nitaur\markdown\txtmark\0.16\txtmark-0.16.jar;C:\Users\doprsama\.m2\repository\net\serenity-bdd\serenity-report-resources\3.3.4\serenity-report-resources-3.3.4.jar;C:\Users\doprsama\.m2\repository\com\google\code\gson\gson\2.9.0\gson-2.9.0.jar;C:\Users\doprsama\.m2\repository\com\fasterxml\jackson\core\jackson-core\2.13.3\jackson-core-2.13.3.jar;C:\Users\doprsama\.m2\repository\com\fasterxml\jackson\core\jackson-databind\2.13.3\jackson-databind-2.13.3.jar;C:\Users\doprsama\.m2\repository\com\fasterxml\jackson\core\jackson-annotations\2.13.3\jackson-annotations-2.13.3.jar;C:\Users\doprsama\.m2\repository\commons-codec\commons-codec\1.15\commons-codec-1.15.jar;C:\Users\doprsama\.m2\repository\commons-io\commons-io\2.11.0\commons-io-2.11.0.jar;C:\Users\doprsama\.m2\repository\org\apache\httpcomponents\httpclient\4.5.13\httpclient-4.5.13.jar;C:\Users\doprsama\.m2\repository\org\apache\httpcomponents\httpcore\4.4.13\httpcore-4.4.13.jar;C:\Users\doprsama\.m2\repository\commons-logging\commons-logging\1.2\commons-logging-1.2.jar;C:\Users\doprsama\.m2\repository\org\seleniumhq\selenium\selenium-java\4.4.0\selenium-java-4.4.0.jar;C:\Users\doprsama\.m2\repository\org\seleniumhq\selenium\selenium-devtools-v102\4.4.0\selenium-devtools-v102-4.4.0.jar;C:\Users\doprsama\.m2\repository\org\seleniumhq\selenium\selenium-devtools-v103\4.4.0\selenium-devtools-v103-4.4.0.jar;C:\Users\doprsama\.m2\repository\org\seleniumhq\selenium\selenium-devtools-v104\4.4.0\selenium-devtools-v104-4.4.0.jar;C:\Users\doprsama\.m2\repository\org\seleniumhq\selenium\selenium-devtools-v85\4.4.0\selenium-devtools-v85-4.4.0.jar;C:\Users\doprsama\.m2\repository\org\seleniumhq\selenium\selenium-opera-driver\4.4.0\selenium-opera-driver-4.4.0.jar;C:\Users\doprsama\.m2\repository\org\seleniumhq\selenium\selenium-remote-driver\4.4.0\selenium-remote-driver-4.4.0.jar;C:\Users\doprsama\.m2\repository\com\beust\jcommander\1.82\jcommander-1.82.jar;C:\Users\doprsama\.m2\repository\io\netty\netty-buffer\4.1.78.Final\netty-buffer-4.1.78.Final.jar;C:\Users\doprsama\.m2\repository\io\netty\netty-codec-http\4.1.78.Final\netty-codec-http-4.1.78.Final.jar;C:\Users\doprsama\.m2\repository\io\netty\netty-codec\4.1.78.Final\netty-codec-4.1.78.Final.jar;C:\Users\doprsama\.m2\repository\io\netty\netty-handler\4.1.78.Final\netty-handler-4.1.78.Final.jar;C:\Users\doprsama\.m2\repository\io\netty\netty-common\4.1.78.Final\netty-common-4.1.78.Final.jar;C:\Users\doprsama\.m2\repository\io\netty\netty-transport-classes-epoll\4.1.78.Final\netty-transport-classes-epoll-4.1.78.Final.jar;C:\Users\doprsama\.m2\repository\io\netty\netty-transport-classes-kqueue\4.1.78.Final\netty-transport-classes-kqueue-4.1.78.Final.jar;C:\Users\doprsama\.m2\repository\io\netty\netty-transport-native-epoll\4.1.78.Final\netty-transport-native-epoll-4.1.78.Final.jar;C:\Users\doprsama\.m2\repository\io\netty\netty-transport-native-kqueue\4.1.78.Final\netty-transport-native-kqueue-4.1.78.Final.jar;C:\Users\doprsama\.m2\repository\io\netty\netty-transport-native-unix-common\4.1.78.Final\netty-transport-native-unix-common-4.1.78.Final.jar;C:\Users\doprsama\.m2\repository\io\netty\netty-transport\4.1.78.Final\netty-transport-4.1.78.Final.jar;C:\Users\doprsama\.m2\repository\io\netty\netty-resolver\4.1.78.Final\netty-resolver-4.1.78.Final.jar;C:\Users\doprsama\.m2\repository\io\opentelemetry\opentelemetry-api\1.16.0\opentelemetry-api-1.16.0.jar;C:\Users\doprsama\.m2\repository\io\opentelemetry\opentelemetry-context\1.16.0\opentelemetry-context-1.16.0.jar;C:\Users\doprsama\.m2\repository\io\opentelemetry\opentelemetry-exporter-logging\1.16.0\opentelemetry-exporter-logging-1.16.0.jar;C:\Users\doprsama\.m2\repository\io\opentelemetry\opentelemetry-sdk-metrics\1.16.0\opentelemetry-sdk-metrics-1.16.0.jar;C:\Users\doprsama\.m2\repository\io\opentelemetry\opentelemetry-sdk-logs\1.16.0-alpha\opentelemetry-sdk-logs-1.16.0-alpha.jar;C:\Users\doprsama\.m2\repository\io\opentelemetry\opentelemetry-sdk-common\1.16.0\opentelemetry-sdk-common-1.16.0.jar;C:\Users\doprsama\.m2\repository\io\opentelemetry\opentelemetry-sdk-extension-autoconfigure-spi\1.16.0\opentelemetry-sdk-extension-autoconfigure-spi-1.16.0.jar;C:\Users\doprsama\.m2\repository\io\opentelemetry\opentelemetry-sdk-extension-autoconfigure\1.16.0-alpha\opentelemetry-sdk-extension-autoconfigure-1.16.0-alpha.jar;C:\Users\doprsama\.m2\repository\io\opentelemetry\opentelemetry-sdk-trace\1.16.0\opentelemetry-sdk-trace-1.16.0.jar;C:\Users\doprsama\.m2\repository\io\opentelemetry\opentelemetry-sdk\1.16.0\opentelemetry-sdk-1.16.0.jar;C:\Users\doprsama\.m2\repository\io\opentelemetry\opentelemetry-semconv\1.16.0-alpha\opentelemetry-semconv-1.16.0-alpha.jar;C:\Users\doprsama\.m2\repository\io\ous\jtoml\2.0.0\jtoml-2.0.0.jar;C:\Users\doprsama\.m2\repository\org\apache\commons\commons-exec\1.3\commons-exec-1.3.jar;C:\Users\doprsama\.m2\repository\org\asynchttpclient\async-http-client\2.12.3\async-http-client-2.12.3.jar;C:\Users\doprsama\.m2\repository\org\asynchttpclient\async-http-client-netty-utils\2.12.3\async-http-client-netty-utils-2.12.3.jar;C:\Users\doprsama\.m2\repository\io\netty\netty-codec-socks\4.1.60.Final\netty-codec-socks-4.1.60.Final.jar;C:\Users\doprsama\.m2\repository\io\netty\netty-handler-proxy\4.1.60.Final\netty-handler-proxy-4.1.60.Final.jar;C:\Users\doprsama\.m2\repository\io\netty\netty-transport-native-epoll\4.1.60.Final\netty-transport-native-epoll-4.1.60.Final-linux-x86_64.jar;C:\Users\doprsama\.m2\repository\io\netty\netty-transport-native-kqueue\4.1.60.Final\netty-transport-native-kqueue-4.1.60.Final-osx-x86_64.jar;C:\Users\doprsama\.m2\repository\org\reactivestreams\reactive-streams\1.0.3\reactive-streams-1.0.3.jar;C:\Users\doprsama\.m2\repository\com\typesafe\netty\netty-reactive-streams\2.0.4\netty-reactive-streams-2.0.4.jar;C:\Users\doprsama\.m2\repository\org\seleniumhq\selenium\selenium-http\4.4.0\selenium-http-4.4.0.jar;C:\Users\doprsama\.m2\repository\dev\failsafe\failsafe\3.2.4\failsafe-3.2.4.jar;C:\Users\doprsama\.m2\repository\org\seleniumhq\selenium\selenium-safari-driver\4.4.0\selenium-safari-driver-4.4.0.jar;C:\Users\doprsama\.m2\repository\org\seleniumhq\selenium\selenium-api\4.4.0\selenium-api-4.4.0.jar;C:\Users\doprsama\.m2\repository\org\seleniumhq\selenium\selenium-support\4.4.0\selenium-support-4.4.0.jar;C:\Users\doprsama\.m2\repository\com\google\auto\service\auto-service-annotations\1.0.1\auto-service-annotations-1.0.1.jar;C:\Users\doprsama\.m2\repository\com\google\auto\service\auto-service\1.0.1\auto-service-1.0.1.jar;C:\Users\doprsama\.m2\repository\com\google\auto\auto-common\1.2\auto-common-1.2.jar;C:\Users\doprsama\.m2\repository\org\seleniumhq\selenium\selenium-json\4.4.0\selenium-json-4.4.0.jar;C:\Users\doprsama\.m2\repository\org\seleniumhq\selenium\selenium-chrome-driver\4.4.0\selenium-chrome-driver-4.4.0.jar;C:\Users\doprsama\.m2\repository\org\seleniumhq\selenium\selenium-chromium-driver\4.4.0\selenium-chromium-driver-4.4.0.jar;C:\Users\doprsama\.m2\repository\org\seleniumhq\selenium\selenium-firefox-driver\4.4.0\selenium-firefox-driver-4.4.0.jar;C:\Users\doprsama\.m2\repository\org\seleniumhq\selenium\selenium-edge-driver\4.4.0\selenium-edge-driver-4.4.0.jar;C:\Users\doprsama\.m2\repository\org\seleniumhq\selenium\selenium-ie-driver\4.4.0\selenium-ie-driver-4.4.0.jar;C:\Users\doprsama\.m2\repository\org\projectlombok\lombok\1.18.20\lombok-1.18.20.jar;C:\Users\doprsama\.m2\repository\io\appium\java-client\8.1.1\java-client-8.1.1.jar;C:\Users\doprsama\.m2\repository\commons-validator\commons-validator\1.7\commons-validator-1.7.jar;C:\Users\doprsama\.m2\repository\commons-digester\commons-digester\2.1\commons-digester-2.1.jar;C:\Users\doprsama\.m2\repository\org\apache\groovy\groovy\4.0.1\groovy-4.0.1.jar;C:\Users\doprsama\.m2\repository\net\sf\opencsv\opencsv\2.0\opencsv-2.0.jar;C:\Users\doprsama\.m2\repository\commons-beanutils\commons-beanutils\1.9.4\commons-beanutils-1.9.4.jar;C:\Users\doprsama\.m2\repository\org\apache\commons\commons-lang3\3.12.0\commons-lang3-3.12.0.jar;C:\Users\doprsama\.m2\repository\commons-collections\commons-collections\3.2.2\commons-collections-3.2.2.jar;C:\Users\doprsama\.m2\repository\org\fluentlenium\fluentlenium-core\0.10.2\fluentlenium-core-0.10.2.jar;C:\Users\doprsama\.m2\repository\io\github\bonigarcia\webdrivermanager\5.2.1\webdrivermanager-5.2.1.jar;C:\Users\doprsama\.m2\repository\com\github\docker-java\docker-java\3.2.13\docker-java-3.2.13.jar;C:\Users\doprsama\.m2\repository\com\github\docker-java\docker-java-core\3.2.13\docker-java-core-3.2.13.jar;C:\Users\doprsama\.m2\repository\com\github\docker-java\docker-java-api\3.2.13\docker-java-api-3.2.13.jar;C:\Users\doprsama\.m2\repository\org\apache\commons\commons-compress\1.21\commons-compress-1.21.jar;C:\Users\doprsama\.m2\repository\org\bouncycastle\bcpkix-jdk15on\1.64\bcpkix-jdk15on-1.64.jar;C:\Users\doprsama\.m2\repository\org\bouncycastle\bcprov-jdk15on\1.64\bcprov-jdk15on-1.64.jar;C:\Users\doprsama\.m2\repository\org\slf4j\jcl-over-slf4j\1.7.30\jcl-over-slf4j-1.7.30.jar;C:\Users\doprsama\.m2\repository\com\github\docker-java\docker-java-transport-httpclient5\3.2.13\docker-java-transport-httpclient5-3.2.13.jar;C:\Users\doprsama\.m2\repository\com\github\docker-java\docker-java-transport\3.2.13\docker-java-transport-3.2.13.jar;C:\Users\doprsama\.m2\repository\net\java\dev\jna\jna\5.8.0\jna-5.8.0.jar;C:\Users\doprsama\.m2\repository\org\brotli\dec\0.1.2\dec-0.1.2.jar;C:\Users\doprsama\.m2\repository\org\apache\httpcomponents\client5\httpclient5\5.1.3\httpclient5-5.1.3.jar;C:\Users\doprsama\.m2\repository\org\apache\httpcomponents\core5\httpcore5\5.1.3\httpcore5-5.1.3.jar;C:\Users\doprsama\.m2\repository\org\apache\httpcomponents\core5\httpcore5-h2\5.1.3\httpcore5-h2-5.1.3.jar;C:\Users\doprsama\.m2\repository\com\jhlabs\filters\2.0.235\filters-2.0.235.jar;C:\Users\doprsama\.m2\repository\com\paulhammant\ngwebdriver\1.1.6\ngwebdriver-1.1.6.jar;C:\Users\doprsama\.m2\repository\joda-time\joda-time\2.8.2\joda-time-2.8.2.jar;C:\Users\doprsama\.m2\repository\org\hamcrest\hamcrest\2.2\hamcrest-2.2.jar;C:\Users\doprsama\.m2\repository\com\google\jimfs\jimfs\1.2\jimfs-1.2.jar;C:\Users\doprsama\.m2\repository\org\mockito\mockito-core\3.3.3\mockito-core-3.3.3.jar;C:\Users\doprsama\.m2\repository\javax\xml\bind\jaxb-api\2.3.1\jaxb-api-2.3.1.jar;C:\Users\doprsama\.m2\repository\javax\activation\javax.activation-api\1.2.0\javax.activation-api-1.2.0.jar;C:\Users\doprsama\.m2\repository\com\sun\xml\bind\jaxb-core\2.3.0.1\jaxb-core-2.3.0.1.jar;C:\Users\doprsama\.m2\repository\com\sun\xml\bind\jaxb-impl\2.3.3\jaxb-impl-2.3.3.jar;C:\Users\doprsama\.m2\repository\jakarta\xml\bind\jakarta.xml.bind-api\2.3.3\jakarta.xml.bind-api-2.3.3.jar;C:\Users\doprsama\.m2\repository\com\sun\activation\jakarta.activation\1.2.2\jakarta.activation-1.2.2.jar;C:\Users\doprsama\.m2\repository\javax\activation\activation\1.1.1\activation-1.1.1.jar;C:\Users\doprsama\.m2\repository\net\serenity-bdd\serenity-cucumber\3.3.4\serenity-cucumber-3.3.4.jar;C:\Users\doprsama\.m2\repository\io\cucumber\cucumber-core\7.4.1\cucumber-core-7.4.1.jar;C:\Users\doprsama\.m2\repository\io\cucumber\cucumber-gherkin\7.4.1\cucumber-gherkin-7.4.1.jar;C:\Users\doprsama\.m2\repository\io\cucumber\cucumber-gherkin-messages\7.4.1\cucumber-gherkin-messages-7.4.1.jar;C:\Users\doprsama\.m2\repository\io\cucumber\gherkin\23.0.1\gherkin-23.0.1.jar;C:\Users\doprsama\.m2\repository\io\cucumber\messages\18.0.0\messages-18.0.0.jar;C:\Users\doprsama\.m2\repository\io\cucumber\tag-expressions\4.1.0\tag-expressions-4.1.0.jar;C:\Users\doprsama\.m2\repository\io\cucumber\cucumber-expressions\16.0.0\cucumber-expressions-16.0.0.jar;C:\Users\doprsama\.m2\repository\io\cucumber\datatable\7.4.1\datatable-7.4.1.jar;C:\Users\doprsama\.m2\repository\io\cucumber\cucumber-plugin\7.4.1\cucumber-plugin-7.4.1.jar;C:\Users\doprsama\.m2\repository\io\cucumber\docstring\7.4.1\docstring-7.4.1.jar;C:\Users\doprsama\.m2\repository\io\cucumber\html-formatter\19.2.0\html-formatter-19.2.0.jar;C:\Users\doprsama\.m2\repository\io\cucumber\ci-environment\9.0.4\ci-environment-9.0.4.jar;C:\Users\doprsama\.m2\repository\io\cucumber\cucumber-java\7.4.1\cucumber-java-7.4.1.jar;C:\Users\doprsama\.m2\repository\io\cucumber\cucumber-junit\7.4.1\cucumber-junit-7.4.1.jar;C:\Users\doprsama\.m2\repository\org\apache\commons\commons-csv\1.5\commons-csv-1.5.jar;C:\Users\doprsama\.m2\repository\net\serenity-bdd\serenity-screenplay\3.3.4\serenity-screenplay-3.3.4.jar;C:\Users\doprsama\.m2\repository\net\serenity-bdd\serenity-screenplay-webdriver\3.3.4\serenity-screenplay-webdriver-3.3.4.jar;C:\Users\doprsama\.m2\repository\net\serenity-bdd\serenity-ensure\3.3.4\serenity-ensure-3.3.4.jar;C:\Users\doprsama\.m2\repository\net\serenity-bdd\serenity-junit\3.3.4\serenity-junit-3.3.4.jar;C:\Users\doprsama\.m2\repository\org\jetbrains\kotlin\kotlin-stdlib\1.7.10\kotlin-stdlib-1.7.10.jar;C:\Users\doprsama\.m2\repository\org\jetbrains\kotlin\kotlin-stdlib-common\1.7.10\kotlin-stdlib-common-1.7.10.jar;C:\Users\doprsama\.m2\repository\org\jetbrains\annotations\13.0\annotations-13.0.jar;C:\Users\doprsama\.m2\repository\org\junit\platform\junit-platform-launcher\1.8.2\junit-platform-launcher-1.8.2.jar;C:\Users\doprsama\.m2\repository\org\junit\platform\junit-platform-engine\1.8.2\junit-platform-engine-1.8.2.jar;C:\Users\doprsama\.m2\repository\org\opentest4j\opentest4j\1.2.0\opentest4j-1.2.0.jar;C:\Users\doprsama\.m2\repository\org\junit\platform\junit-platform-commons\1.8.2\junit-platform-commons-1.8.2.jar;C:\Users\doprsama\.m2\repository\org\apiguardian\apiguardian-api\1.1.2\apiguardian-api-1.1.2.jar;C:\Users\doprsama\.m2\repository\org\junit\jupiter\junit-jupiter-engine\5.8.2\junit-jupiter-engine-5.8.2.jar;C:\Users\doprsama\.m2\repository\org\junit\jupiter\junit-jupiter-api\5.8.2\junit-jupiter-api-5.8.2.jar;C:\Users\doprsama\.m2\repository\org\junit\vintage\junit-vintage-engine\5.8.2\junit-vintage-engine-5.8.2.jar;C:\Users\doprsama\.m2\repository\junit\junit\4.13.2\junit-4.13.2.jar;C:\Users\doprsama\.m2\repository\org\hamcrest\hamcrest-core\1.3\hamcrest-core-1.3.jar;C:\Users\doprsama\.m2\repository\ch\qos\logback\logback-classic\1.2.10\logback-classic-1.2.10.jar;C:\Users\doprsama\.m2\repository\ch\qos\logback\logback-core\1.2.10\logback-core-1.2.10.jar;C:\Users\doprsama\.m2\repository\org\slf4j\slf4j-api\1.7.32\slf4j-api-1.7.32.jar;C:\Users\doprsama\.m2\repository\org\assertj\assertj-core\3.23.1\assertj-core-3.23.1.jar;C:\Users\doprsama\.m2\repository\net\bytebuddy\byte-buddy\1.12.10\byte-buddy-1.12.10.jar;C:\Users\doprsama\.m2\repository\com\itextpdf\io\7.0.2\io-7.0.2.jar;C:\Users\doprsama\.m2\repository\com\itextpdf\layout\7.0.2\layout-7.0.2.jar;C:\Users\doprsama\.m2\repository\com\itextpdf\kernel\7.0.2\kernel-7.0.2.jar;C:\Users\doprsama\.m2\repository\com\itextpdf\forms\7.0.2\forms-7.0.2.jar;C:\Users\doprsama\.m2\repository\com\itextpdf\pdfa\7.0.2\pdfa-7.0.2.jar;C:\Users\doprsama\.m2\repository\com\itextpdf\sign\7.0.2\sign-7.0.2.jar;C:\Users\doprsama\.m2\repository\com\itextpdf\barcodes\7.0.2\barcodes-7.0.2.jar;C:\Users\doprsama\.m2\repository\com\itextpdf\font-asian\7.0.2\font-asian-7.0.2.jar;C:\Users\doprsama\.m2\repository\com\itextpdf\hyph\7.0.2\hyph-7.0.2.jar;"/>
    <property name="sun.cpu.endian" value="little"/>
    <property name="user.home" value="C:\Users\doprsama"/>
    <property name="user.language" value="es"/>
    <property name="java.specification.vendor" value="Oracle Corporation"/>
    <property name="jdk.module.path" value="C:\Users\doprsama\eclipse-workspace\PracticaGradoSerenity\target\cucumber-starter-1.0.0-SNAPSHOT.jar"/>
    <property name="java.version.date" value="2022-09-20"/>
    <property name="java.home" value="C:\Program Files\Java\jdk-19"/>
    <property name="file.separator" value="\"/>
    <property name="basedir" value="C:\Users\doprsama\eclipse-workspace\PracticaGradoSerenity"/>
    <property name="java.vm.compressedOopsMode" value="Zero based"/>
    <property name="line.separator" value="&#10;"/>
    <property name="java.vm.specification.vendor" value="Oracle Corporation"/>
    <property name="java.specification.name" value="Java Platform API Specification"/>
    <property name="surefire.real.class.path" value="C:\Users\doprsama\.m2\repository\org\apache\maven\surefire\surefire-booter\3.0.0-M5\surefire-booter-3.0.0-M5.jar;C:\Users\doprsama\.m2\repository\org\apache\maven\surefire\surefire-api\3.0.0-M5\surefire-api-3.0.0-M5.jar;C:\Users\doprsama\.m2\repository\org\apache\maven\surefire\surefire-logger-api\3.0.0-M5\surefire-logger-api-3.0.0-M5.jar;C:\Users\doprsama\.m2\repository\org\apache\maven\surefire\surefire-shared-utils\3.0.0-M4\surefire-shared-utils-3.0.0-M4.jar;C:\Users\doprsama\.m2\repository\org\apache\maven\surefire\surefire-extensions-spi\3.0.0-M5\surefire-extensions-spi-3.0.0-M5.jar;C:\Users\doprsama\eclipse-workspace\PracticaGradoSerenity\target\test-classes;C:\Users\doprsama\.m2\repository\net\serenity-bdd\serenity-core\3.3.4\serenity-core-3.3.4.jar;C:\Users\doprsama\.m2\repository\net\serenity-bdd\serenity-model\3.3.4\serenity-model-3.3.4.jar;C:\Users\doprsama\.m2\repository\org\apache\commons\commons-text\1.9\commons-text-1.9.jar;C:\Users\doprsama\.m2\repository\commons-net\commons-net\3.8.0\commons-net-3.8.0.jar;C:\Users\doprsama\.m2\repository\com\google\guava\guava\31.1-jre\guava-31.1-jre.jar;C:\Users\doprsama\.m2\repository\com\google\guava\failureaccess\1.0.1\failureaccess-1.0.1.jar;C:\Users\doprsama\.m2\repository\com\google\guava\listenablefuture\9999.0-empty-to-avoid-conflict-with-guava\listenablefuture-9999.0-empty-to-avoid-conflict-with-guava.jar;C:\Users\doprsama\.m2\repository\com\google\code\findbugs\jsr305\3.0.2\jsr305-3.0.2.jar;C:\Users\doprsama\.m2\repository\org\checkerframework\checker-qual\3.12.0\checker-qual-3.12.0.jar;C:\Users\doprsama\.m2\repository\com\google\errorprone\error_prone_annotations\2.11.0\error_prone_annotations-2.11.0.jar;C:\Users\doprsama\.m2\repository\com\google\j2objc\j2objc-annotations\1.3\j2objc-annotations-1.3.jar;C:\Users\doprsama\.m2\repository\com\google\inject\guice\5.1.0\guice-5.1.0.jar;C:\Users\doprsama\.m2\repository\javax\inject\javax.inject\1\javax.inject-1.jar;C:\Users\doprsama\.m2\repository\aopalliance\aopalliance\1.0\aopalliance-1.0.jar;C:\Users\doprsama\.m2\repository\org\jsoup\jsoup\1.14.3\jsoup-1.14.3.jar;C:\Users\doprsama\.m2\repository\com\thoughtworks\xstream\xstream\1.4.19\xstream-1.4.19.jar;C:\Users\doprsama\.m2\repository\io\github\x-stream\mxparser\1.2.2\mxparser-1.2.2.jar;C:\Users\doprsama\.m2\repository\xmlpull\xmlpull\1.1.3.1\xmlpull-1.1.3.1.jar;C:\Users\doprsama\.m2\repository\com\typesafe\config\1.4.2\config-1.4.2.jar;C:\Users\doprsama\.m2\repository\org\imgscalr\imgscalr-lib\4.2\imgscalr-lib-4.2.jar;C:\Users\doprsama\.m2\repository\org\awaitility\awaitility\4.2.0\awaitility-4.2.0.jar;C:\Users\doprsama\.m2\repository\org\freemarker\freemarker\2.3.31\freemarker-2.3.31.jar;C:\Users\doprsama\.m2\repository\io\github\classgraph\classgraph\4.8.138\classgraph-4.8.138.jar;C:\Users\doprsama\.m2\repository\net\sourceforge\jexcelapi\jxl\2.6.12\jxl-2.6.12.jar;C:\Users\doprsama\.m2\repository\net\bytebuddy\byte-buddy-agent\1.12.12\byte-buddy-agent-1.12.12.jar;C:\Users\doprsama\.m2\repository\org\objenesis\objenesis\3.1\objenesis-3.1.jar;C:\Users\doprsama\.m2\repository\net\serenity-bdd\serenity-reports\3.3.4\serenity-reports-3.3.4.jar;C:\Users\doprsama\.m2\repository\net\serenity-bdd\serenity-stats\3.3.4\serenity-stats-3.3.4.jar;C:\Users\doprsama\.m2\repository\net\serenity-bdd\serenity-reports-configuration\3.3.4\serenity-reports-configuration-3.3.4.jar;C:\Users\doprsama\.m2\repository\com\vladsch\flexmark\flexmark-all\0.34.30\flexmark-all-0.34.30.jar;C:\Users\doprsama\.m2\repository\com\vladsch\flexmark\flexmark\0.34.30\flexmark-0.34.30.jar;C:\Users\doprsama\.m2\repository\com\vladsch\flexmark\flexmark-ext-abbreviation\0.34.30\flexmark-ext-abbreviation-0.34.30.jar;C:\Users\doprsama\.m2\repository\com\vladsch\flexmark\flexmark-ext-admonition\0.34.30\flexmark-ext-admonition-0.34.30.jar;C:\Users\doprsama\.m2\repository\com\vladsch\flexmark\flexmark-ext-anchorlink\0.34.30\flexmark-ext-anchorlink-0.34.30.jar;C:\Users\doprsama\.m2\repository\com\vladsch\flexmark\flexmark-ext-aside\0.34.30\flexmark-ext-aside-0.34.30.jar;C:\Users\doprsama\.m2\repository\com\vladsch\flexmark\flexmark-ext-attributes\0.34.30\flexmark-ext-attributes-0.34.30.jar;C:\Users\doprsama\.m2\repository\com\vladsch\flexmark\flexmark-ext-autolink\0.34.30\flexmark-ext-autolink-0.34.30.jar;C:\Users\doprsama\.m2\repository\org\nibor\autolink\autolink\0.6.0\autolink-0.6.0.jar;C:\Users\doprsama\.m2\repository\com\vladsch\flexmark\flexmark-ext-definition\0.34.30\flexmark-ext-definition-0.34.30.jar;C:\Users\doprsama\.m2\repository\com\vladsch\flexmark\flexmark-ext-emoji\0.34.30\flexmark-ext-emoji-0.34.30.jar;C:\Users\doprsama\.m2\repository\com\vladsch\flexmark\flexmark-ext-enumerated-reference\0.34.30\flexmark-ext-enumerated-reference-0.34.30.jar;C:\Users\doprsama\.m2\repository\com\vladsch\flexmark\flexmark-ext-escaped-character\0.34.30\flexmark-ext-escaped-character-0.34.30.jar;C:\Users\doprsama\.m2\repository\com\vladsch\flexmark\flexmark-ext-footnotes\0.34.30\flexmark-ext-footnotes-0.34.30.jar;C:\Users\doprsama\.m2\repository\com\vladsch\flexmark\flexmark-ext-gfm-issues\0.34.30\flexmark-ext-gfm-issues-0.34.30.jar;C:\Users\doprsama\.m2\repository\com\vladsch\flexmark\flexmark-ext-gfm-strikethrough\0.34.30\flexmark-ext-gfm-strikethrough-0.34.30.jar;C:\Users\doprsama\.m2\repository\com\vladsch\flexmark\flexmark-ext-gfm-tables\0.34.30\flexmark-ext-gfm-tables-0.34.30.jar;C:\Users\doprsama\.m2\repository\com\vladsch\flexmark\flexmark-ext-gfm-tasklist\0.34.30\flexmark-ext-gfm-tasklist-0.34.30.jar;C:\Users\doprsama\.m2\repository\com\vladsch\flexmark\flexmark-ext-gfm-users\0.34.30\flexmark-ext-gfm-users-0.34.30.jar;C:\Users\doprsama\.m2\repository\com\vladsch\flexmark\flexmark-ext-gitlab\0.34.30\flexmark-ext-gitlab-0.34.30.jar;C:\Users\doprsama\.m2\repository\com\vladsch\flexmark\flexmark-ext-jekyll-front-matter\0.34.30\flexmark-ext-jekyll-front-matter-0.34.30.jar;C:\Users\doprsama\.m2\repository\com\vladsch\flexmark\flexmark-ext-jekyll-tag\0.34.30\flexmark-ext-jekyll-tag-0.34.30.jar;C:\Users\doprsama\.m2\repository\com\vladsch\flexmark\flexmark-ext-media-tags\0.34.30\flexmark-ext-media-tags-0.34.30.jar;C:\Users\doprsama\.m2\repository\com\vladsch\flexmark\flexmark-test-util\0.34.30\flexmark-test-util-0.34.30.jar;C:\Users\doprsama\.m2\repository\com\vladsch\flexmark\flexmark-ext-ins\0.34.30\flexmark-ext-ins-0.34.30.jar;C:\Users\doprsama\.m2\repository\com\vladsch\flexmark\flexmark-ext-xwiki-macros\0.34.30\flexmark-ext-xwiki-macros-0.34.30.jar;C:\Users\doprsama\.m2\repository\com\vladsch\flexmark\flexmark-ext-superscript\0.34.30\flexmark-ext-superscript-0.34.30.jar;C:\Users\doprsama\.m2\repository\com\vladsch\flexmark\flexmark-ext-tables\0.34.30\flexmark-ext-tables-0.34.30.jar;C:\Users\doprsama\.m2\repository\com\vladsch\flexmark\flexmark-ext-toc\0.34.30\flexmark-ext-toc-0.34.30.jar;C:\Users\doprsama\.m2\repository\com\vladsch\flexmark\flexmark-ext-typographic\0.34.30\flexmark-ext-typographic-0.34.30.jar;C:\Users\doprsama\.m2\repository\com\vladsch\flexmark\flexmark-ext-wikilink\0.34.30\flexmark-ext-wikilink-0.34.30.jar;C:\Users\doprsama\.m2\repository\com\vladsch\flexmark\flexmark-ext-yaml-front-matter\0.34.30\flexmark-ext-yaml-front-matter-0.34.30.jar;C:\Users\doprsama\.m2\repository\com\vladsch\flexmark\flexmark-ext-youtube-embedded\0.34.30\flexmark-ext-youtube-embedded-0.34.30.jar;C:\Users\doprsama\.m2\repository\com\vladsch\flexmark\flexmark-formatter\0.34.30\flexmark-formatter-0.34.30.jar;C:\Users\doprsama\.m2\repository\com\vladsch\flexmark\flexmark-html-parser\0.34.30\flexmark-html-parser-0.34.30.jar;C:\Users\doprsama\.m2\repository\com\vladsch\flexmark\flexmark-jira-converter\0.34.30\flexmark-jira-converter-0.34.30.jar;C:\Users\doprsama\.m2\repository\com\vladsch\flexmark\flexmark-pdf-converter\0.34.30\flexmark-pdf-converter-0.34.30.jar;C:\Users\doprsama\.m2\repository\com\openhtmltopdf\openhtmltopdf-core\0.0.1-RC13\openhtmltopdf-core-0.0.1-RC13.jar;C:\Users\doprsama\.m2\repository\com\openhtmltopdf\openhtmltopdf-pdfbox\0.0.1-RC13\openhtmltopdf-pdfbox-0.0.1-RC13.jar;C:\Users\doprsama\.m2\repository\org\apache\pdfbox\pdfbox\2.0.8\pdfbox-2.0.8.jar;C:\Users\doprsama\.m2\repository\org\apache\pdfbox\fontbox\2.0.8\fontbox-2.0.8.jar;C:\Users\doprsama\.m2\repository\org\apache\pdfbox\xmpbox\2.0.8\xmpbox-2.0.8.jar;C:\Users\doprsama\.m2\repository\de\rototor\pdfbox\graphics2d\0.12\graphics2d-0.12.jar;C:\Users\doprsama\.m2\repository\com\openhtmltopdf\openhtmltopdf-rtl-support\0.0.1-RC13\openhtmltopdf-rtl-support-0.0.1-RC13.jar;C:\Users\doprsama\.m2\repository\com\ibm\icu\icu4j\59.1\icu4j-59.1.jar;C:\Users\doprsama\.m2\repository\com\openhtmltopdf\openhtmltopdf-jsoup-dom-converter\0.0.1-RC13\openhtmltopdf-jsoup-dom-converter-0.0.1-RC13.jar;C:\Users\doprsama\.m2\repository\com\vladsch\flexmark\flexmark-profile-pegdown\0.34.30\flexmark-profile-pegdown-0.34.30.jar;C:\Users\doprsama\.m2\repository\com\vladsch\flexmark\flexmark-util\0.34.30\flexmark-util-0.34.30.jar;C:\Users\doprsama\.m2\repository\com\vladsch\flexmark\flexmark-youtrack-converter\0.34.30\flexmark-youtrack-converter-0.34.30.jar;C:\Users\doprsama\.m2\repository\es\nitaur\markdown\txtmark\0.16\txtmark-0.16.jar;C:\Users\doprsama\.m2\repository\net\serenity-bdd\serenity-report-resources\3.3.4\serenity-report-resources-3.3.4.jar;C:\Users\doprsama\.m2\repository\com\google\code\gson\gson\2.9.0\gson-2.9.0.jar;C:\Users\doprsama\.m2\repository\com\fasterxml\jackson\core\jackson-core\2.13.3\jackson-core-2.13.3.jar;C:\Users\doprsama\.m2\repository\com\fasterxml\jackson\core\jackson-databind\2.13.3\jackson-databind-2.13.3.jar;C:\Users\doprsama\.m2\repository\com\fasterxml\jackson\core\jackson-annotations\2.13.3\jackson-annotations-2.13.3.jar;C:\Users\doprsama\.m2\repository\commons-codec\commons-codec\1.15\commons-codec-1.15.jar;C:\Users\doprsama\.m2\repository\commons-io\commons-io\2.11.0\commons-io-2.11.0.jar;C:\Users\doprsama\.m2\repository\org\apache\httpcomponents\httpclient\4.5.13\httpclient-4.5.13.jar;C:\Users\doprsama\.m2\repository\org\apache\httpcomponents\httpcore\4.4.13\httpcore-4.4.13.jar;C:\Users\doprsama\.m2\repository\commons-logging\commons-logging\1.2\commons-logging-1.2.jar;C:\Users\doprsama\.m2\repository\org\seleniumhq\selenium\selenium-java\4.4.0\selenium-java-4.4.0.jar;C:\Users\doprsama\.m2\repository\org\seleniumhq\selenium\selenium-devtools-v102\4.4.0\selenium-devtools-v102-4.4.0.jar;C:\Users\doprsama\.m2\repository\org\seleniumhq\selenium\selenium-devtools-v103\4.4.0\selenium-devtools-v103-4.4.0.jar;C:\Users\doprsama\.m2\repository\org\seleniumhq\selenium\selenium-devtools-v104\4.4.0\selenium-devtools-v104-4.4.0.jar;C:\Users\doprsama\.m2\repository\org\seleniumhq\selenium\selenium-devtools-v85\4.4.0\selenium-devtools-v85-4.4.0.jar;C:\Users\doprsama\.m2\repository\org\seleniumhq\selenium\selenium-opera-driver\4.4.0\selenium-opera-driver-4.4.0.jar;C:\Users\doprsama\.m2\repository\org\seleniumhq\selenium\selenium-remote-driver\4.4.0\selenium-remote-driver-4.4.0.jar;C:\Users\doprsama\.m2\repository\com\beust\jcommander\1.82\jcommander-1.82.jar;C:\Users\doprsama\.m2\repository\io\netty\netty-buffer\4.1.78.Final\netty-buffer-4.1.78.Final.jar;C:\Users\doprsama\.m2\repository\io\netty\netty-codec-http\4.1.78.Final\netty-codec-http-4.1.78.Final.jar;C:\Users\doprsama\.m2\repository\io\netty\netty-codec\4.1.78.Final\netty-codec-4.1.78.Final.jar;C:\Users\doprsama\.m2\repository\io\netty\netty-handler\4.1.78.Final\netty-handler-4.1.78.Final.jar;C:\Users\doprsama\.m2\repository\io\netty\netty-common\4.1.78.Final\netty-common-4.1.78.Final.jar;C:\Users\doprsama\.m2\repository\io\netty\netty-transport-classes-epoll\4.1.78.Final\netty-transport-classes-epoll-4.1.78.Final.jar;C:\Users\doprsama\.m2\repository\io\netty\netty-transport-classes-kqueue\4.1.78.Final\netty-transport-classes-kqueue-4.1.78.Final.jar;C:\Users\doprsama\.m2\repository\io\netty\netty-transport-native-epoll\4.1.78.Final\netty-transport-native-epoll-4.1.78.Final.jar;C:\Users\doprsama\.m2\repository\io\netty\netty-transport-native-kqueue\4.1.78.Final\netty-transport-native-kqueue-4.1.78.Final.jar;C:\Users\doprsama\.m2\repository\io\netty\netty-transport-native-unix-common\4.1.78.Final\netty-transport-native-unix-common-4.1.78.Final.jar;C:\Users\doprsama\.m2\repository\io\netty\netty-transport\4.1.78.Final\netty-transport-4.1.78.Final.jar;C:\Users\doprsama\.m2\repository\io\netty\netty-resolver\4.1.78.Final\netty-resolver-4.1.78.Final.jar;C:\Users\doprsama\.m2\repository\io\opentelemetry\opentelemetry-api\1.16.0\opentelemetry-api-1.16.0.jar;C:\Users\doprsama\.m2\repository\io\opentelemetry\opentelemetry-context\1.16.0\opentelemetry-context-1.16.0.jar;C:\Users\doprsama\.m2\repository\io\opentelemetry\opentelemetry-exporter-logging\1.16.0\opentelemetry-exporter-logging-1.16.0.jar;C:\Users\doprsama\.m2\repository\io\opentelemetry\opentelemetry-sdk-metrics\1.16.0\opentelemetry-sdk-metrics-1.16.0.jar;C:\Users\doprsama\.m2\repository\io\opentelemetry\opentelemetry-sdk-logs\1.16.0-alpha\opentelemetry-sdk-logs-1.16.0-alpha.jar;C:\Users\doprsama\.m2\repository\io\opentelemetry\opentelemetry-sdk-common\1.16.0\opentelemetry-sdk-common-1.16.0.jar;C:\Users\doprsama\.m2\repository\io\opentelemetry\opentelemetry-sdk-extension-autoconfigure-spi\1.16.0\opentelemetry-sdk-extension-autoconfigure-spi-1.16.0.jar;C:\Users\doprsama\.m2\repository\io\opentelemetry\opentelemetry-sdk-extension-autoconfigure\1.16.0-alpha\opentelemetry-sdk-extension-autoconfigure-1.16.0-alpha.jar;C:\Users\doprsama\.m2\repository\io\opentelemetry\opentelemetry-sdk-trace\1.16.0\opentelemetry-sdk-trace-1.16.0.jar;C:\Users\doprsama\.m2\repository\io\opentelemetry\opentelemetry-sdk\1.16.0\opentelemetry-sdk-1.16.0.jar;C:\Users\doprsama\.m2\repository\io\opentelemetry\opentelemetry-semconv\1.16.0-alpha\opentelemetry-semconv-1.16.0-alpha.jar;C:\Users\doprsama\.m2\repository\io\ous\jtoml\2.0.0\jtoml-2.0.0.jar;C:\Users\doprsama\.m2\repository\org\apache\commons\commons-exec\1.3\commons-exec-1.3.jar;C:\Users\doprsama\.m2\repository\org\asynchttpclient\async-http-client\2.12.3\async-http-client-2.12.3.jar;C:\Users\doprsama\.m2\repository\org\asynchttpclient\async-http-client-netty-utils\2.12.3\async-http-client-netty-utils-2.12.3.jar;C:\Users\doprsama\.m2\repository\io\netty\netty-codec-socks\4.1.60.Final\netty-codec-socks-4.1.60.Final.jar;C:\Users\doprsama\.m2\repository\io\netty\netty-handler-proxy\4.1.60.Final\netty-handler-proxy-4.1.60.Final.jar;C:\Users\doprsama\.m2\repository\io\netty\netty-transport-native-epoll\4.1.60.Final\netty-transport-native-epoll-4.1.60.Final-linux-x86_64.jar;C:\Users\doprsama\.m2\repository\io\netty\netty-transport-native-kqueue\4.1.60.Final\netty-transport-native-kqueue-4.1.60.Final-osx-x86_64.jar;C:\Users\doprsama\.m2\repository\org\reactivestreams\reactive-streams\1.0.3\reactive-streams-1.0.3.jar;C:\Users\doprsama\.m2\repository\com\typesafe\netty\netty-reactive-streams\2.0.4\netty-reactive-streams-2.0.4.jar;C:\Users\doprsama\.m2\repository\org\seleniumhq\selenium\selenium-http\4.4.0\selenium-http-4.4.0.jar;C:\Users\doprsama\.m2\repository\dev\failsafe\failsafe\3.2.4\failsafe-3.2.4.jar;C:\Users\doprsama\.m2\repository\org\seleniumhq\selenium\selenium-safari-driver\4.4.0\selenium-safari-driver-4.4.0.jar;C:\Users\doprsama\.m2\repository\org\seleniumhq\selenium\selenium-api\4.4.0\selenium-api-4.4.0.jar;C:\Users\doprsama\.m2\repository\org\seleniumhq\selenium\selenium-support\4.4.0\selenium-support-4.4.0.jar;C:\Users\doprsama\.m2\repository\com\google\auto\service\auto-service-annotations\1.0.1\auto-service-annotations-1.0.1.jar;C:\Users\doprsama\.m2\repository\com\google\auto\service\auto-service\1.0.1\auto-service-1.0.1.jar;C:\Users\doprsama\.m2\repository\com\google\auto\auto-common\1.2\auto-common-1.2.jar;C:\Users\doprsama\.m2\repository\org\seleniumhq\selenium\selenium-json\4.4.0\selenium-json-4.4.0.jar;C:\Users\doprsama\.m2\repository\org\seleniumhq\selenium\selenium-chrome-driver\4.4.0\selenium-chrome-driver-4.4.0.jar;C:\Users\doprsama\.m2\repository\org\seleniumhq\selenium\selenium-chromium-driver\4.4.0\selenium-chromium-driver-4.4.0.jar;C:\Users\doprsama\.m2\repository\org\seleniumhq\selenium\selenium-firefox-driver\4.4.0\selenium-firefox-driver-4.4.0.jar;C:\Users\doprsama\.m2\repository\org\seleniumhq\selenium\selenium-edge-driver\4.4.0\selenium-edge-driver-4.4.0.jar;C:\Users\doprsama\.m2\repository\org\seleniumhq\selenium\selenium-ie-driver\4.4.0\selenium-ie-driver-4.4.0.jar;C:\Users\doprsama\.m2\repository\org\projectlombok\lombok\1.18.20\lombok-1.18.20.jar;C:\Users\doprsama\.m2\repository\io\appium\java-client\8.1.1\java-client-8.1.1.jar;C:\Users\doprsama\.m2\repository\commons-validator\commons-validator\1.7\commons-validator-1.7.jar;C:\Users\doprsama\.m2\repository\commons-digester\commons-digester\2.1\commons-digester-2.1.jar;C:\Users\doprsama\.m2\repository\org\apache\groovy\groovy\4.0.1\groovy-4.0.1.jar;C:\Users\doprsama\.m2\repository\net\sf\opencsv\opencsv\2.0\opencsv-2.0.jar;C:\Users\doprsama\.m2\repository\commons-beanutils\commons-beanutils\1.9.4\commons-beanutils-1.9.4.jar;C:\Users\doprsama\.m2\repository\org\apache\commons\commons-lang3\3.12.0\commons-lang3-3.12.0.jar;C:\Users\doprsama\.m2\repository\commons-collections\commons-collections\3.2.2\commons-collections-3.2.2.jar;C:\Users\doprsama\.m2\repository\org\fluentlenium\fluentlenium-core\0.10.2\fluentlenium-core-0.10.2.jar;C:\Users\doprsama\.m2\repository\io\github\bonigarcia\webdrivermanager\5.2.1\webdrivermanager-5.2.1.jar;C:\Users\doprsama\.m2\repository\com\github\docker-java\docker-java\3.2.13\docker-java-3.2.13.jar;C:\Users\doprsama\.m2\repository\com\github\docker-java\docker-java-core\3.2.13\docker-java-core-3.2.13.jar;C:\Users\doprsama\.m2\repository\com\github\docker-java\docker-java-api\3.2.13\docker-java-api-3.2.13.jar;C:\Users\doprsama\.m2\repository\org\apache\commons\commons-compress\1.21\commons-compress-1.21.jar;C:\Users\doprsama\.m2\repository\org\bouncycastle\bcpkix-jdk15on\1.64\bcpkix-jdk15on-1.64.jar;C:\Users\doprsama\.m2\repository\org\bouncycastle\bcprov-jdk15on\1.64\bcprov-jdk15on-1.64.jar;C:\Users\doprsama\.m2\repository\org\slf4j\jcl-over-slf4j\1.7.30\jcl-over-slf4j-1.7.30.jar;C:\Users\doprsama\.m2\repository\com\github\docker-java\docker-java-transport-httpclient5\3.2.13\docker-java-transport-httpclient5-3.2.13.jar;C:\Users\doprsama\.m2\repository\com\github\docker-java\docker-java-transport\3.2.13\docker-java-transport-3.2.13.jar;C:\Users\doprsama\.m2\repository\net\java\dev\jna\jna\5.8.0\jna-5.8.0.jar;C:\Users\doprsama\.m2\repository\org\brotli\dec\0.1.2\dec-0.1.2.jar;C:\Users\doprsama\.m2\repository\org\apache\httpcomponents\client5\httpclient5\5.1.3\httpclient5-5.1.3.jar;C:\Users\doprsama\.m2\repository\org\apache\httpcomponents\core5\httpcore5\5.1.3\httpcore5-5.1.3.jar;C:\Users\doprsama\.m2\repository\org\apache\httpcomponents\core5\httpcore5-h2\5.1.3\httpcore5-h2-5.1.3.jar;C:\Users\doprsama\.m2\repository\com\jhlabs\filters\2.0.235\filters-2.0.235.jar;C:\Users\doprsama\.m2\repository\com\paulhammant\ngwebdriver\1.1.6\ngwebdriver-1.1.6.jar;C:\Users\doprsama\.m2\repository\joda-time\joda-time\2.8.2\joda-time-2.8.2.jar;C:\Users\doprsama\.m2\repository\org\hamcrest\hamcrest\2.2\hamcrest-2.2.jar;C:\Users\doprsama\.m2\repository\com\google\jimfs\jimfs\1.2\jimfs-1.2.jar;C:\Users\doprsama\.m2\repository\org\mockito\mockito-core\3.3.3\mockito-core-3.3.3.jar;C:\Users\doprsama\.m2\repository\javax\xml\bind\jaxb-api\2.3.1\jaxb-api-2.3.1.jar;C:\Users\doprsama\.m2\repository\javax\activation\javax.activation-api\1.2.0\javax.activation-api-1.2.0.jar;C:\Users\doprsama\.m2\repository\com\sun\xml\bind\jaxb-core\2.3.0.1\jaxb-core-2.3.0.1.jar;C:\Users\doprsama\.m2\repository\com\sun\xml\bind\jaxb-impl\2.3.3\jaxb-impl-2.3.3.jar;C:\Users\doprsama\.m2\repository\jakarta\xml\bind\jakarta.xml.bind-api\2.3.3\jakarta.xml.bind-api-2.3.3.jar;C:\Users\doprsama\.m2\repository\com\sun\activation\jakarta.activation\1.2.2\jakarta.activation-1.2.2.jar;C:\Users\doprsama\.m2\repository\javax\activation\activation\1.1.1\activation-1.1.1.jar;C:\Users\doprsama\.m2\repository\net\serenity-bdd\serenity-cucumber\3.3.4\serenity-cucumber-3.3.4.jar;C:\Users\doprsama\.m2\repository\io\cucumber\cucumber-core\7.4.1\cucumber-core-7.4.1.jar;C:\Users\doprsama\.m2\repository\io\cucumber\cucumber-gherkin\7.4.1\cucumber-gherkin-7.4.1.jar;C:\Users\doprsama\.m2\repository\io\cucumber\cucumber-gherkin-messages\7.4.1\cucumber-gherkin-messages-7.4.1.jar;C:\Users\doprsama\.m2\repository\io\cucumber\gherkin\23.0.1\gherkin-23.0.1.jar;C:\Users\doprsama\.m2\repository\io\cucumber\messages\18.0.0\messages-18.0.0.jar;C:\Users\doprsama\.m2\repository\io\cucumber\tag-expressions\4.1.0\tag-expressions-4.1.0.jar;C:\Users\doprsama\.m2\repository\io\cucumber\cucumber-expressions\16.0.0\cucumber-expressions-16.0.0.jar;C:\Users\doprsama\.m2\repository\io\cucumber\datatable\7.4.1\datatable-7.4.1.jar;C:\Users\doprsama\.m2\repository\io\cucumber\cucumber-plugin\7.4.1\cucumber-plugin-7.4.1.jar;C:\Users\doprsama\.m2\repository\io\cucumber\docstring\7.4.1\docstring-7.4.1.jar;C:\Users\doprsama\.m2\repository\io\cucumber\html-formatter\19.2.0\html-formatter-19.2.0.jar;C:\Users\doprsama\.m2\repository\io\cucumber\ci-environment\9.0.4\ci-environment-9.0.4.jar;C:\Users\doprsama\.m2\repository\io\cucumber\cucumber-java\7.4.1\cucumber-java-7.4.1.jar;C:\Users\doprsama\.m2\repository\io\cucumber\cucumber-junit\7.4.1\cucumber-junit-7.4.1.jar;C:\Users\doprsama\.m2\repository\org\apache\commons\commons-csv\1.5\commons-csv-1.5.jar;C:\Users\doprsama\.m2\repository\net\serenity-bdd\serenity-screenplay\3.3.4\serenity-screenplay-3.3.4.jar;C:\Users\doprsama\.m2\repository\net\serenity-bdd\serenity-screenplay-webdriver\3.3.4\serenity-screenplay-webdriver-3.3.4.jar;C:\Users\doprsama\.m2\repository\net\serenity-bdd\serenity-ensure\3.3.4\serenity-ensure-3.3.4.jar;C:\Users\doprsama\.m2\repository\net\serenity-bdd\serenity-junit\3.3.4\serenity-junit-3.3.4.jar;C:\Users\doprsama\.m2\repository\org\jetbrains\kotlin\kotlin-stdlib\1.7.10\kotlin-stdlib-1.7.10.jar;C:\Users\doprsama\.m2\repository\org\jetbrains\kotlin\kotlin-stdlib-common\1.7.10\kotlin-stdlib-common-1.7.10.jar;C:\Users\doprsama\.m2\repository\org\jetbrains\annotations\13.0\annotations-13.0.jar;C:\Users\doprsama\.m2\repository\org\junit\platform\junit-platform-launcher\1.8.2\junit-platform-launcher-1.8.2.jar;C:\Users\doprsama\.m2\repository\org\junit\platform\junit-platform-engine\1.8.2\junit-platform-engine-1.8.2.jar;C:\Users\doprsama\.m2\repository\org\opentest4j\opentest4j\1.2.0\opentest4j-1.2.0.jar;C:\Users\doprsama\.m2\repository\org\junit\platform\junit-platform-commons\1.8.2\junit-platform-commons-1.8.2.jar;C:\Users\doprsama\.m2\repository\org\apiguardian\apiguardian-api\1.1.2\apiguardian-api-1.1.2.jar;C:\Users\doprsama\.m2\repository\org\junit\jupiter\junit-jupiter-engine\5.8.2\junit-jupiter-engine-5.8.2.jar;C:\Users\doprsama\.m2\repository\org\junit\jupiter\junit-jupiter-api\5.8.2\junit-jupiter-api-5.8.2.jar;C:\Users\doprsama\.m2\repository\org\junit\vintage\junit-vintage-engine\5.8.2\junit-vintage-engine-5.8.2.jar;C:\Users\doprsama\.m2\repository\junit\junit\4.13.2\junit-4.13.2.jar;C:\Users\doprsama\.m2\repository\org\hamcrest\hamcrest-core\1.3\hamcrest-core-1.3.jar;C:\Users\doprsama\.m2\repository\ch\qos\logback\logback-classic\1.2.10\logback-classic-1.2.10.jar;C:\Users\doprsama\.m2\repository\ch\qos\logback\logback-core\1.2.10\logback-core-1.2.10.jar;C:\Users\doprsama\.m2\repository\org\slf4j\slf4j-api\1.7.32\slf4j-api-1.7.32.jar;C:\Users\doprsama\.m2\repository\org\assertj\assertj-core\3.23.1\assertj-core-3.23.1.jar;C:\Users\doprsama\.m2\repository\net\bytebuddy\byte-buddy\1.12.10\byte-buddy-1.12.10.jar;C:\Users\doprsama\.m2\repository\com\itextpdf\io\7.0.2\io-7.0.2.jar;C:\Users\doprsama\.m2\repository\com\itextpdf\layout\7.0.2\layout-7.0.2.jar;C:\Users\doprsama\.m2\repository\com\itextpdf\kernel\7.0.2\kernel-7.0.2.jar;C:\Users\doprsama\.m2\repository\com\itextpdf\forms\7.0.2\forms-7.0.2.jar;C:\Users\doprsama\.m2\repository\com\itextpdf\pdfa\7.0.2\pdfa-7.0.2.jar;C:\Users\doprsama\.m2\repository\com\itextpdf\sign\7.0.2\sign-7.0.2.jar;C:\Users\doprsama\.m2\repository\com\itextpdf\barcodes\7.0.2\barcodes-7.0.2.jar;C:\Users\doprsama\.m2\repository\com\itextpdf\font-asian\7.0.2\font-asian-7.0.2.jar;C:\Users\doprsama\.m2\repository\com\itextpdf\hyph\7.0.2\hyph-7.0.2.jar;C:\Users\doprsama\.m2\repository\org\apache\maven\surefire\surefire-junit-platform\3.0.0-M5\surefire-junit-platform-3.0.0-M5.jar;C:\Users\doprsama\.m2\repository\org\apache\maven\surefire\common-java5\3.0.0-M5\common-java5-3.0.0-M5.jar"/>
    <property name="user.script" value=""/>
    <property name="java.protocol.handler.pkgs" value="com.google.common"/>
    <property name="sun.management.compiler" value="HotSpot 64-Bit Tiered Compilers"/>
    <property name="java.runtime.version" value="19+36-2238"/>
    <property name="user.name" value="DOPRSAMA"/>
    <property name="stdout.encoding" value="Cp1252"/>
    <property name="path.separator" value=";"/>
    <property name="os.version" value="10.0"/>
    <property name="java.runtime.name" value="Java(TM) SE Runtime Environment"/>
    <property name="file.encoding" value="UTF-8"/>
    <property name="webdriver.base.url" value=""/>
    <property name="java.vm.name" value="Java HotSpot(TM) 64-Bit Server VM"/>
    <property name="localRepository" value="C:\Users\doprsama\.m2\repository"/>
    <property name="java.vendor.url.bug" value="https://bugreport.java.com/bugreport/"/>
    <property name="java.io.tmpdir" value="C:\Users\doprsama\AppData\Local\Temp\"/>
    <property name="java.version" value="19"/>
    <property name="user.dir" value="C:\Users\doprsama\eclipse-workspace\PracticaGradoSerenity"/>
    <property name="os.arch" value="amd64"/>
    <property name="java.vm.specification.name" value="Java Virtual Machine Specification"/>
    <property name="sun.os.patch.level" value=""/>
    <property name="native.encoding" value="Cp1252"/>
    <property name="java.library.path" value="C:\Program Files\Java\jdk-19\bin;C:\windows\Sun\Java\bin;C:\windows\system32;C:\windows;C:\Program Files\Common Files\Oracle\Java\javapath;C:\windows\system32;C:\windows;C:\windows\System32\Wbem;C:\windows\System32\WindowsPowerShell\v1.0\;C:\windows\System32\OpenSSH\;C:\Program Files\Git\cmd;C:\Program Files\nodejs\;C:\Program Files (x86)\Pulse Secure\VC142.CRT\X64\;C:\Program Files (x86)\Pulse Secure\VC142.CRT\X86\;C:\Program Files (x86)\Common Files\Pulse Secure\TNC Client Plugin\;C:\Program Files\Docker\Docker\resources\bin;C:\Program Files\MySQL\MySQL Shell 8.0\bin\;C:\Users\doprsama\AppData\Local\Microsoft\WindowsApps;C:\Users\doprsama\AppData\Local\Programs\Microsoft VS Code\bin;C:\Program Files\apache-maven-3.8.6\bin;C:\Users\doprsama\AppData\Roaming\npm;."/>
    <property name="java.vm.info" value="mixed mode"/>
    <property name="stderr.encoding" value="Cp1252"/>
    <property name="java.vendor" value="Oracle Corporation"/>
    <property name="java.vm.version" value="19+36-2238"/>
    <property name="sun.io.unicode.encoding" value="UnicodeLittle"/>
    <property name="java.class.version" value="63.0"/>
  </properties>
  <testcase name="Compra de ordenadores #1" classname="Compras" time="26.521">
    <system-out><![CDATA[11:14:13.808 [main] DEBUG net.thucydides.core.guice.Injectors - Created injector for module net.thucydides.core.guice.ThucydidesModule
11:14:13.994 [main] INFO io.cucumber.core.plugin.SerenityReporter - Running feature from file:///C:/Users/doprsama/eclipse-workspace/PracticaGradoSerenity/src/test/resources/features/compras.feature
11:14:14.129 [main] DEBUG net.thucydides.core.guice.Injectors - Created injector for module net.thucydides.core.guice.webdriver.WebDriverModule
11:14:14.154 [main] INFO  - 

-------------------------------------------------------------------------------------
     _______. _______ .______       _______ .__   __.  __  .___________.____    ____ 
    /       ||   ____||   _  \     |   ____||  \ |  | |  | |           |\   \  /   / 
   |   (----`|  |__   |  |_)  |    |  |__   |   \|  | |  | `---|  |----` \   \/   /  
    \   \    |   __|  |      /     |   __|  |  . `  | |  |     |  |       \_    _/   
.----)   |   |  |____ |  |\  \----.|  |____ |  |\   | |  |     |  |         |  |     
|_______/    |_______|| _| `._____||_______||__| \__| |__|     |__|         |__|    
                                                                                     
 News and tutorials at http://www.serenity-bdd.info                                  
 Documentation at https://wakaleo.gitbooks.io/the-serenity-book/content/             
 Join the Serenity Community on Gitter: https://gitter.im/serenity-bdd/serenity-core 
 Serenity BDD Support and Training at http://serenity-bdd.info/#/trainingandsupport  
-------------------------------------------------------------------------------------

11:14:14.156 [main] DEBUG net.thucydides.core.steps.StepEventBus - Test suite started for story net.thucydides.core.model.Story@5f505ca8
11:14:14.158 [main] INFO  - Test Suite Started: Compras
11:14:14.168 [main] INFO io.cucumber.core.plugin.SerenityReporter - Running feature from file:///C:/Users/doprsama/eclipse-workspace/PracticaGradoSerenity/src/test/resources/features/compras.feature
11:14:14.170 [main] DEBUG net.thucydides.core.steps.StepEventBus - Test suite started for story net.thucydides.core.model.Story@5f505ca8
11:14:14.171 [main] INFO  - Test Suite Started: Compras

@CompraOrdenadores
Scenario Outline: Compra de ordenadores                                                                       &amp#27;[90m# src/test/resources/features/compras.feature:48&amp#27;[0m
11:14:14.234 [main] INFO io.cucumber.core.plugin.SerenityReporter - Running feature from file:///C:/Users/doprsama/eclipse-workspace/PracticaGradoSerenity/src/test/resources/features/compras.feature
11:14:14.317 [main] INFO  - 
  _____   ___   ___   _____     ___   _____     _     ___   _____   ___   ___  
 |_   _| | __| / __| |_   _|   / __| |_   _|   /_\   | _ \ |_   _| | __| |   \ 
   | |   | _|  \__ \   | |     \__ \   | |    / _ \  |   /   | |   | _|  | |) |
   |_|   |___| |___/   |_|     |___/   |_|   /_/ \_\ |_|_\   |_|   |___| |___/ 

Compra de ordenadores(compras;compra-de-ordenadores)
--------------------------------------------------------------------------------
11:14:15.224 [main] DEBUG net.thucydides.core.steps.StepInterceptor - STARTING STEP: ComprarDispositivosElectronicosStep.el_usuario_ingresa_en_demoblaze - Abrir Pagina
11:14:15.246 [main] INFO net.serenitybdd.core.webdriver.driverproviders.DriverProvider - Using WebDriverManager configuration for chrome
11:14:15.500 [main] DEBUG io.github.bonigarcia.wdm.cache.ResolutionCache - Resolution chrome=113 in cache (valid until 12:08:28 20/05/2023 CEST)
11:14:15.501 [main] DEBUG io.github.bonigarcia.wdm.cache.ResolutionCache - Resolution chrome113=113.0.5672.63 in cache (valid until 11:08:28 21/05/2023 CEST)
11:14:15.501 [main] INFO io.github.bonigarcia.wdm.WebDriverManager - Using chromedriver 113.0.5672.63 (resolved driver for Chrome 113)
11:14:15.515 [main] DEBUG io.github.bonigarcia.wdm.WebDriverManager - Driver chromedriver 113.0.5672.63 found in cache
11:14:15.515 [main] INFO io.github.bonigarcia.wdm.WebDriverManager - Exporting webdriver.chrome.driver as C:\Users\doprsama\.cache\selenium\chromedriver\win32\113.0.5672.63\chromedriver.exe
11:14:15.578 [main] INFO net.serenitybdd.core.webdriver.driverproviders.ChromeDriverProvider - Starting Chrome driver instance with capabilities:
11:14:15.579 [main] INFO net.serenitybdd.core.webdriver.driverproviders.ChromeDriverProvider - Capabilities {acceptInsecureCerts: false, browserName: chrome, goog:chromeOptions: {args: [--no-first-run, --ignore-certificate-errors, --disable-blink-features=Au..., --remote-allow-origins=*, --start-maximized], extensions: []}}
11:14:15.614 [main] DEBUG io.netty.util.internal.logging.InternalLoggerFactory - Using SLF4J as the default logging framework
11:14:15.616 [main] DEBUG io.netty.util.ResourceLeakDetector - -Dio.netty.leakDetection.level: simple
11:14:15.616 [main] DEBUG io.netty.util.ResourceLeakDetector - -Dio.netty.leakDetection.targetRecords: 4
11:14:15.618 [main] DEBUG io.netty.util.ResourceLeakDetectorFactory - Loaded default ResourceLeakDetector: io.netty.util.ResourceLeakDetector@7f53a31f
11:14:15.628 [main] DEBUG io.netty.util.internal.PlatformDependent0 - -Dio.netty.noUnsafe: false
11:14:15.629 [main] DEBUG io.netty.util.internal.PlatformDependent0 - Java version: 19
11:14:15.629 [main] DEBUG io.netty.util.internal.PlatformDependent0 - sun.misc.Unsafe.theUnsafe: available
11:14:15.629 [main] DEBUG io.netty.util.internal.PlatformDependent0 - sun.misc.Unsafe.copyMemory: available
11:14:15.630 [main] DEBUG io.netty.util.internal.PlatformDependent0 - sun.misc.Unsafe.storeFence: available
11:14:15.631 [main] DEBUG io.netty.util.internal.PlatformDependent0 - java.nio.Buffer.address: available
11:14:15.631 [main] DEBUG io.netty.util.internal.PlatformDependent0 - direct buffer constructor: unavailable: Reflective setAccessible(true) disabled
11:14:15.631 [main] DEBUG io.netty.util.internal.PlatformDependent0 - java.nio.Bits.unaligned: available, true
11:14:15.632 [main] DEBUG io.netty.util.internal.PlatformDependent0 - jdk.internal.misc.Unsafe.allocateUninitializedArray(int): unavailable: class io.netty.util.internal.PlatformDependent0$7 cannot access class jdk.internal.misc.Unsafe (in module java.base) because module java.base does not export jdk.internal.misc to unnamed module @c333c60
11:14:15.633 [main] DEBUG io.netty.util.internal.PlatformDependent0 - java.nio.DirectByteBuffer.<init>(long, int): unavailable
11:14:15.633 [main] DEBUG io.netty.util.internal.PlatformDependent - sun.misc.Unsafe: available
11:14:15.634 [main] DEBUG io.netty.util.internal.PlatformDependent - maxDirectMemory: 4213178368 bytes (maybe)
11:14:15.634 [main] DEBUG io.netty.util.internal.PlatformDependent - -Dio.netty.tmpdir: C:\Users\doprsama\AppData\Local\Temp (java.io.tmpdir)
11:14:15.634 [main] DEBUG io.netty.util.internal.PlatformDependent - -Dio.netty.bitMode: 64 (sun.arch.data.model)
11:14:15.634 [main] DEBUG io.netty.util.internal.PlatformDependent - Platform: Windows
11:14:15.635 [main] DEBUG io.netty.util.internal.PlatformDependent - -Dio.netty.maxDirectMemory: -1 bytes
11:14:15.635 [main] DEBUG io.netty.util.internal.PlatformDependent - -Dio.netty.uninitializedArrayAllocationThreshold: -1
11:14:15.635 [main] DEBUG io.netty.util.internal.CleanerJava9 - java.nio.ByteBuffer.cleaner(): available
11:14:15.635 [main] DEBUG io.netty.util.internal.PlatformDependent - -Dio.netty.noPreferDirect: false
11:14:15.639 [main] DEBUG io.netty.util.internal.PlatformDependent - org.jctools-core.MpscChunkedArrayQueue: available
11:14:15.649 [main] DEBUG io.netty.util.internal.InternalThreadLocalMap - -Dio.netty.threadLocalMap.stringBuilder.initialSize: 1024
11:14:15.650 [main] DEBUG io.netty.util.internal.InternalThreadLocalMap - -Dio.netty.threadLocalMap.stringBuilder.maxSize: 4096
11:14:15.684 [main] DEBUG io.netty.handler.ssl.JdkSslContext - Default protocols (JDK): [TLSv1.3, TLSv1.2] 
11:14:15.684 [main] DEBUG io.netty.handler.ssl.JdkSslContext - Default cipher suites (JDK): [TLS_ECDHE_ECDSA_WITH_AES_256_GCM_SHA384, TLS_ECDHE_ECDSA_WITH_AES_128_GCM_SHA256, TLS_ECDHE_RSA_WITH_AES_128_GCM_SHA256, TLS_ECDHE_RSA_WITH_AES_256_GCM_SHA384, TLS_ECDHE_RSA_WITH_AES_128_CBC_SHA, TLS_ECDHE_RSA_WITH_AES_256_CBC_SHA, TLS_RSA_WITH_AES_128_GCM_SHA256, TLS_RSA_WITH_AES_128_CBC_SHA, TLS_RSA_WITH_AES_256_CBC_SHA, TLS_AES_128_GCM_SHA256, TLS_AES_256_GCM_SHA384]
11:14:15.699 [main] DEBUG io.netty.channel.MultithreadEventLoopGroup - -Dio.netty.eventLoopThreads: 16
11:14:15.704 [main] DEBUG io.netty.channel.nio.NioEventLoop - -Dio.netty.noKeySetOptimization: false
11:14:15.704 [main] DEBUG io.netty.channel.nio.NioEventLoop - -Dio.netty.selectorAutoRebuildThreshold: 512
11:14:15.769 [main] DEBUG io.netty.buffer.PooledByteBufAllocator - -Dio.netty.allocator.numHeapArenas: 16
11:14:15.769 [main] DEBUG io.netty.buffer.PooledByteBufAllocator - -Dio.netty.allocator.numDirectArenas: 16
11:14:15.769 [main] DEBUG io.netty.buffer.PooledByteBufAllocator - -Dio.netty.allocator.pageSize: 8192
11:14:15.769 [main] DEBUG io.netty.buffer.PooledByteBufAllocator - -Dio.netty.allocator.maxOrder: 9
11:14:15.769 [main] DEBUG io.netty.buffer.PooledByteBufAllocator - -Dio.netty.allocator.chunkSize: 4194304
11:14:15.769 [main] DEBUG io.netty.buffer.PooledByteBufAllocator - -Dio.netty.allocator.smallCacheSize: 256
11:14:15.769 [main] DEBUG io.netty.buffer.PooledByteBufAllocator - -Dio.netty.allocator.normalCacheSize: 64
11:14:15.769 [main] DEBUG io.netty.buffer.PooledByteBufAllocator - -Dio.netty.allocator.maxCachedBufferCapacity: 32768
11:14:15.769 [main] DEBUG io.netty.buffer.PooledByteBufAllocator - -Dio.netty.allocator.cacheTrimInterval: 8192
11:14:15.769 [main] DEBUG io.netty.buffer.PooledByteBufAllocator - -Dio.netty.allocator.cacheTrimIntervalMillis: 0
11:14:15.769 [main] DEBUG io.netty.buffer.PooledByteBufAllocator - -Dio.netty.allocator.useCacheForAllThreads: false
11:14:15.769 [main] DEBUG io.netty.buffer.PooledByteBufAllocator - -Dio.netty.allocator.maxCachedByteBuffersPerChunk: 1023
11:14:15.775 [main] DEBUG io.netty.buffer.ByteBufUtil - -Dio.netty.allocator.type: pooled
11:14:15.776 [main] DEBUG io.netty.buffer.ByteBufUtil - -Dio.netty.threadLocalDirectBufferSize: 0
11:14:15.776 [main] DEBUG io.netty.buffer.ByteBufUtil - -Dio.netty.maxThreadLocalCharBufferSize: 16384
11:14:16.028 [Forwarding newSession on session null to remote] DEBUG io.netty.channel.DefaultChannelId - -Dio.netty.processId: 4468 (auto-detected)
11:14:16.029 [Forwarding newSession on session null to remote] DEBUG io.netty.util.NetUtil - -Djava.net.preferIPv4Stack: false
11:14:16.029 [Forwarding newSession on session null to remote] DEBUG io.netty.util.NetUtil - -Djava.net.preferIPv6Addresses: false
11:14:16.037 [Forwarding newSession on session null to remote] DEBUG io.netty.util.NetUtilInitializations - Loopback interface: lo (Software Loopback Interface 1, 127.0.0.1)
11:14:16.037 [Forwarding newSession on session null to remote] DEBUG io.netty.util.NetUtil - Failed to get SOMAXCONN from sysctl and file \proc\sys\net\core\somaxconn. Default: 200
11:14:16.065 [Forwarding newSession on session null to remote] DEBUG io.netty.channel.DefaultChannelId - -Dio.netty.machineId: 50:c2:e8:ff:fe:61:20:37 (auto-detected)
11:14:16.090 [AsyncHttpClient-1-2] DEBUG io.netty.buffer.AbstractByteBuf - -Dio.netty.buffer.checkAccessible: true
11:14:16.090 [AsyncHttpClient-1-2] DEBUG io.netty.buffer.AbstractByteBuf - -Dio.netty.buffer.checkBounds: true
11:14:16.090 [AsyncHttpClient-1-2] DEBUG io.netty.util.ResourceLeakDetectorFactory - Loaded default ResourceLeakDetector: io.netty.util.ResourceLeakDetector@ba50312
11:14:16.097 [AsyncHttpClient-1-2] DEBUG org.asynchttpclient.netty.channel.NettyConnectListener - Using new Channel '[id: 0x25914afc, L:/127.0.0.1:52530 - R:localhost/127.0.0.1:55442]' for 'POST' to '/session'
11:14:16.110 [AsyncHttpClient-1-2] DEBUG io.netty.util.Recycler - -Dio.netty.recycler.maxCapacityPerThread: 4096
11:14:16.110 [AsyncHttpClient-1-2] DEBUG io.netty.util.Recycler - -Dio.netty.recycler.ratio: 8
11:14:16.110 [AsyncHttpClient-1-2] DEBUG io.netty.util.Recycler - -Dio.netty.recycler.chunkSize: 32
11:14:16.110 [AsyncHttpClient-1-2] DEBUG io.netty.util.Recycler - -Dio.netty.recycler.blocking: false
11:14:16.704 [AsyncHttpClient-1-2] DEBUG io.netty.handler.codec.compression.Brotli - brotli4j not in the classpath; Brotli support will be unavailable.
11:14:16.704 [AsyncHttpClient-1-2] DEBUG org.asynchttpclient.netty.handler.HttpHandler - 

Request DefaultHttpRequest(decodeResult: success, version: HTTP/1.1)
POST /session HTTP/1.1
User-Agent: selenium/4.4.0 (java windows)
Content-Length: 829
Content-Type: application/json; charset=utf-8
host: localhost:55442
accept: */*

Response DefaultHttpResponse(decodeResult: success, version: HTTP/1.1)
HTTP/1.1 200 OK
Content-Type: application/json; charset=utf-8
cache-control: no-cache
content-length: 863

11:14:16.708 [AsyncHttpClient-1-2] DEBUG org.asynchttpclient.netty.channel.ChannelManager - Adding key: http://localhost:55442 for channel [id: 0x25914afc, L:/127.0.0.1:52530 - R:localhost/127.0.0.1:55442]
11:14:16.746 [AsyncHttpClient-1-1] DEBUG org.asynchttpclient.netty.channel.DefaultChannelPool - Entry count for : http://localhost:55442 : 1
11:14:16.750 [AsyncHttpClient-1-3] DEBUG org.asynchttpclient.netty.channel.NettyConnectListener - Using new Channel '[id: 0x2b90894a, L:/127.0.0.1:52537 - R:localhost/127.0.0.1:52531]' for 'GET' to '/json/version'
11:14:16.752 [AsyncHttpClient-1-3] DEBUG org.asynchttpclient.netty.handler.HttpHandler - 

Request DefaultFullHttpRequest(decodeResult: success, version: HTTP/1.1, content: EmptyByteBufBE)
GET /json/version HTTP/1.1
User-Agent: selenium/4.4.0 (java windows)
host: localhost:52531
accept: */*

Response DefaultHttpResponse(decodeResult: success, version: HTTP/1.1)
HTTP/1.1 200 OK
Content-Security-Policy: frame-ancestors 'none'
Content-Type: application/json; charset=UTF-8
content-length: 424

11:14:16.752 [AsyncHttpClient-1-3] DEBUG org.asynchttpclient.netty.channel.ChannelManager - Adding key: http://localhost:52531 for channel [id: 0x2b90894a, L:/127.0.0.1:52537 - R:localhost/127.0.0.1:52531]
11:14:16.757 [main] DEBUG io.netty.util.internal.ThreadLocalRandom - -Dio.netty.initialSeedUniquifier: 0x0407de1e5927171e
11:14:16.760 [AsyncHttpClient-1-4] DEBUG org.asynchttpclient.netty.channel.NettyConnectListener - Using new Channel '[id: 0xf1133cd2, L:/127.0.0.1:52538 - R:localhost/127.0.0.1:52531]' for 'GET' to '/devtools/browser/df41b09d-9ad1-4403-8a61-3dfa56a3d70e'
11:14:16.762 [AsyncHttpClient-1-4] DEBUG org.asynchttpclient.netty.handler.WebSocketHandler - 

Request DefaultFullHttpRequest(decodeResult: success, version: HTTP/1.1, content: EmptyByteBufBE)
GET /devtools/browser/df41b09d-9ad1-4403-8a61-3dfa56a3d70e HTTP/1.1
upgrade: websocket
connection: upgrade
sec-websocket-key: idV8z4fslyh+CRJ9m624MQ==
sec-websocket-version: 13
origin: http://localhost:52531
host: localhost:52531
accept: */*
user-agent: AHC/2.1

Response DefaultHttpResponse(decodeResult: success, version: HTTP/1.1)
HTTP/1.1 101 WebSocket Protocol Handshake
Upgrade: WebSocket
Connection: Upgrade
Sec-WebSocket-Accept: Fb3ek0yCkbRLLEbPMzhe+R4F6pQ=

11:14:16.784 [Forwarding setTimeout on session 62cbf3bca7140f0f3d88bfc52c1e871d to remote] DEBUG org.asynchttpclient.netty.request.NettyRequestSender - Using pooled Channel '[id: 0x25914afc, L:/127.0.0.1:52530 - R:localhost/127.0.0.1:55442]' for 'POST' to 'http://localhost:55442/session/62cbf3bca7140f0f3d88bfc52c1e871d/timeouts'
11:14:16.784 [Forwarding setTimeout on session 62cbf3bca7140f0f3d88bfc52c1e871d to remote] DEBUG org.asynchttpclient.netty.request.NettyRequestSender - Using open Channel [id: 0x25914afc, L:/127.0.0.1:52530 - R:localhost/127.0.0.1:55442] for POST '/session/62cbf3bca7140f0f3d88bfc52c1e871d/timeouts'
11:14:16.786 [AsyncHttpClient-1-2] DEBUG org.asynchttpclient.netty.handler.HttpHandler - 

Request DefaultHttpRequest(decodeResult: success, version: HTTP/1.1)
POST /session/62cbf3bca7140f0f3d88bfc52c1e871d/timeouts HTTP/1.1
User-Agent: selenium/4.4.0 (java windows)
Content-Length: 23
Content-Type: application/json; charset=utf-8
host: localhost:55442
accept: */*

Response DefaultHttpResponse(decodeResult: success, version: HTTP/1.1)
HTTP/1.1 200 OK
Content-Type: application/json; charset=utf-8
cache-control: no-cache
content-length: 14

11:14:16.786 [AsyncHttpClient-1-2] DEBUG org.asynchttpclient.netty.channel.ChannelManager - Adding key: http://localhost:55442 for channel [id: 0x25914afc, L:/127.0.0.1:52530 - R:localhost/127.0.0.1:55442]
11:14:17.255 [main] DEBUG net.thucydides.core.reflection.ClassFinder - Could not load class .Run.PracticaRunTest
11:14:17.255 [main] DEBUG net.thucydides.core.reflection.ClassFinder - Could not load class .Step.ComprarDispositivosElectronicosStep
11:14:17.256 [main] DEBUG net.thucydides.core.reflection.ClassFinder - Could not load class .Step.Hooks
11:14:17.256 [main] DEBUG net.thucydides.core.reflection.ClassFinder - Could not load class .home.Abrir
11:14:17.256 [main] DEBUG net.thucydides.core.reflection.ClassFinder - Could not load class .home.DevolverMensaje
11:14:17.256 [main] DEBUG net.thucydides.core.reflection.ClassFinder - Could not load class .home.HomePage
11:14:17.256 [main] DEBUG net.thucydides.core.reflection.ClassFinder - Could not load class .home.NavegaA
11:14:17.256 [main] DEBUG net.thucydides.core.reflection.ClassFinder - Could not load class .home.NavegaACategoria
11:14:17.256 [main] DEBUG net.thucydides.core.reflection.ClassFinder - Could not load class .home.SeleccionarDispositivo
11:14:17.256 [main] DEBUG net.thucydides.core.reflection.ClassFinder - Could not load class .home.cesta.CestaPage
11:14:17.256 [main] DEBUG net.thucydides.core.reflection.ClassFinder - Could not load class .home.cesta.VerificarCesta
11:14:17.256 [main] DEBUG net.thucydides.core.reflection.ClassFinder - Could not load class .home.login.Logearse
11:14:17.256 [main] DEBUG net.thucydides.core.reflection.ClassFinder - Could not load class .home.login.LoginPage
11:14:17.256 [main] DEBUG net.thucydides.core.reflection.ClassFinder - Could not load class .home.telefono.AñadirALaCesta
11:14:17.256 [main] DEBUG net.thucydides.core.reflection.ClassFinder - Could not load class .home.telefono.NavegacionTelefono
11:14:17.256 [main] DEBUG net.thucydides.core.reflection.ClassFinder - Could not load class .home.telefono.TelefonoPage
11:14:17.256 [main] DEBUG net.thucydides.core.reflection.ClassFinder - Could not load class .inicio.Arrancar
11:14:17.256 [main] DEBUG net.thucydides.core.reflection.ClassFinder - Could not load class .inicio.InicioPage
11:14:17.256 [main] DEBUG net.thucydides.core.reflection.ClassFinder - Could not load class .modelos.Login
11:14:17.256 [main] DEBUG net.thucydides.core.reflection.ClassFinder - Could not load class .modelos.Ordenador
11:14:17.256 [main] DEBUG net.thucydides.core.reflection.ClassFinder - Could not load class .modelos.Telefono
11:14:17.256 [main] DEBUG net.thucydides.core.reflection.ClassFinder - Could not load class .modelos.Usuarios
11:14:17.256 [main] DEBUG net.thucydides.core.reflection.ClassFinder - Could not load class .utiles.capturasPantalla.AlmacenRutasDeCapturaPantalla
11:14:17.256 [main] DEBUG net.thucydides.core.reflection.ClassFinder - Could not load class .utiles.capturasPantalla.CapturaPantalla
11:14:17.256 [main] DEBUG net.thucydides.core.reflection.ClassFinder - Could not load class .utiles.componentesDelPdf.CreadorPdf
11:14:17.256 [main] DEBUG net.thucydides.core.reflection.ClassFinder - Could not load class .utiles.componentesDelPdf.Descripcion
11:14:17.256 [main] DEBUG net.thucydides.core.reflection.ClassFinder - Could not load class .utiles.componentesDelPdf.RutasPdf
11:14:17.256 [main] DEBUG net.thucydides.core.reflection.ClassFinder - Could not load class .utiles.componentesDelPdf.Sprint
11:14:17.256 [main] DEBUG net.thucydides.core.reflection.ClassFinder - Could not load class .utiles.componentesDelPdf.Telefonos
11:14:17.256 [main] DEBUG net.thucydides.core.reflection.ClassFinder - Could not load class .utiles.componentesDelPdf.TituloPortada
11:14:17.256 [main] DEBUG net.thucydides.core.reflection.ClassFinder - Could not load class .utiles.componentesDelPdf.Usuario
11:14:17.256 [main] DEBUG net.thucydides.core.reflection.ClassFinder - Could not load class .utiles.crearPDF.FactoriaPDF
11:14:17.256 [main] DEBUG net.thucydides.core.reflection.ClassFinder - Could not load class .utiles.crearPDF.PdfCompras
11:14:17.256 [main] DEBUG net.thucydides.core.reflection.ClassFinder - Could not load class .utiles.esperas.Espera
11:14:17.257 [main] DEBUG net.thucydides.core.reflection.ClassFinder - Could not load class META-INF.versions.9.com.sun.istack.logging.StackHelper
11:14:17.258 [main] DEBUG net.thucydides.core.reflection.ClassFinder - Could not load class META-INF.versions.9.com.sun.xml.bind.v2.runtime.reflect.opt.AccessorInjector
11:14:17.258 [main] DEBUG net.thucydides.core.reflection.ClassFinder - Could not load class META-INF.versions.9.com.sun.xml.bind.v2.runtime.reflect.opt.Injector
11:14:17.258 [main] DEBUG net.thucydides.core.reflection.ClassFinder - Could not load class META-INF.versions.9.com.sun.xml.bind.v2.runtime.reflect.opt.OptimizedAccessorFactory
11:14:17.259 [main] DEBUG net.thucydides.core.reflection.ClassFinder - Could not load class META-INF.versions.9.com.sun.xml.bind.v2.runtime.reflect.opt.OptimizedTransducedAccessorFactory
11:14:17.259 [main] DEBUG net.thucydides.core.reflection.ClassFinder - Could not load class META-INF.versions.9.io.opentelemetry.sdk.internal.CurrentJavaVersionSpecific
11:14:17.259 [main] DEBUG net.thucydides.core.reflection.ClassFinder - Could not load class META-INF.versions.9.io.opentelemetry.sdk.internal.Java9VersionSpecific
11:14:17.260 [main] DEBUG net.thucydides.core.reflection.ClassFinder - Could not load class META-INF.versions.9.javax.xml.bind.ModuleUtil
11:14:17.260 [main] DEBUG net.thucydides.core.reflection.ClassFinder - Could not load class META-INF.versions.9.module-info
11:14:17.260 [main] DEBUG net.thucydides.core.reflection.ClassFinder - Could not load class META-INF.versions.9.org.junit.platform.commons.util.ModuleUtils
11:14:17.532 [main] DEBUG net.thucydides.core.reflection.ClassFinder - Could not load class com.google.gson.internal.
11:14:17.646 [main] DEBUG net.thucydides.core.reflection.ClassFinder - Could not load class com.sun.xml.bind.v2.runtime.output.FastInfosetStreamWriterOutput
11:14:17.846 [AsyncHttpClient-1-1] DEBUG org.asynchttpclient.netty.channel.DefaultChannelPool - Entry count for : http://localhost:55442 : 1
11:14:17.846 [AsyncHttpClient-1-1] DEBUG org.asynchttpclient.netty.channel.DefaultChannelPool - Entry count for : http://localhost:52531 : 1
11:14:17.887 [main] DEBUG net.thucydides.core.reflection.ClassFinder - Could not load class module-info
11:14:18.942 [AsyncHttpClient-1-1] DEBUG org.asynchttpclient.netty.channel.DefaultChannelPool - Entry count for : http://localhost:55442 : 1
11:14:18.942 [AsyncHttpClient-1-1] DEBUG org.asynchttpclient.netty.channel.DefaultChannelPool - Entry count for : http://localhost:52531 : 1
11:14:19.947 [Forwarding get on session 62cbf3bca7140f0f3d88bfc52c1e871d to remote] DEBUG org.asynchttpclient.netty.request.NettyRequestSender - Using pooled Channel '[id: 0x25914afc, L:/127.0.0.1:52530 - R:localhost/127.0.0.1:55442]' for 'POST' to 'http://localhost:55442/session/62cbf3bca7140f0f3d88bfc52c1e871d/url'
11:14:19.947 [Forwarding get on session 62cbf3bca7140f0f3d88bfc52c1e871d to remote] DEBUG org.asynchttpclient.netty.request.NettyRequestSender - Using open Channel [id: 0x25914afc, L:/127.0.0.1:52530 - R:localhost/127.0.0.1:55442] for POST '/session/62cbf3bca7140f0f3d88bfc52c1e871d/url'
11:14:20.044 [AsyncHttpClient-1-1] DEBUG org.asynchttpclient.netty.channel.DefaultChannelPool - Entry count for : http://localhost:52531 : 1
11:14:21.145 [AsyncHttpClient-1-1] DEBUG org.asynchttpclient.netty.channel.DefaultChannelPool - Entry count for : http://localhost:52531 : 1
11:14:21.207 [AsyncHttpClient-1-2] DEBUG org.asynchttpclient.netty.handler.HttpHandler - 

Request DefaultHttpRequest(decodeResult: success, version: HTTP/1.1)
POST /session/62cbf3bca7140f0f3d88bfc52c1e871d/url HTTP/1.1
User-Agent: selenium/4.4.0 (java windows)
Content-Length: 66
Content-Type: application/json; charset=utf-8
host: localhost:55442
accept: */*

Response DefaultHttpResponse(decodeResult: success, version: HTTP/1.1)
HTTP/1.1 200 OK
Content-Type: application/json; charset=utf-8
cache-control: no-cache
content-length: 14

11:14:21.208 [AsyncHttpClient-1-2] DEBUG org.asynchttpclient.netty.channel.ChannelManager - Adding key: http://localhost:55442 for channel [id: 0x25914afc, L:/127.0.0.1:52530 - R:localhost/127.0.0.1:55442]
11:14:21.209 [Forwarding setTimeout on session 62cbf3bca7140f0f3d88bfc52c1e871d to remote] DEBUG org.asynchttpclient.netty.request.NettyRequestSender - Using pooled Channel '[id: 0x25914afc, L:/127.0.0.1:52530 - R:localhost/127.0.0.1:55442]' for 'POST' to 'http://localhost:55442/session/62cbf3bca7140f0f3d88bfc52c1e871d/timeouts'
11:14:21.209 [Forwarding setTimeout on session 62cbf3bca7140f0f3d88bfc52c1e871d to remote] DEBUG org.asynchttpclient.netty.request.NettyRequestSender - Using open Channel [id: 0x25914afc, L:/127.0.0.1:52530 - R:localhost/127.0.0.1:55442] for POST '/session/62cbf3bca7140f0f3d88bfc52c1e871d/timeouts'
11:14:21.210 [AsyncHttpClient-1-2] DEBUG org.asynchttpclient.netty.handler.HttpHandler - 

Request DefaultHttpRequest(decodeResult: success, version: HTTP/1.1)
POST /session/62cbf3bca7140f0f3d88bfc52c1e871d/timeouts HTTP/1.1
User-Agent: selenium/4.4.0 (java windows)
Content-Length: 23
Content-Type: application/json; charset=utf-8
host: localhost:55442
accept: */*

Response DefaultHttpResponse(decodeResult: success, version: HTTP/1.1)
HTTP/1.1 200 OK
Content-Type: application/json; charset=utf-8
cache-control: no-cache
content-length: 14

11:14:21.211 [AsyncHttpClient-1-2] DEBUG org.asynchttpclient.netty.channel.ChannelManager - Adding key: http://localhost:55442 for channel [id: 0x25914afc, L:/127.0.0.1:52530 - R:localhost/127.0.0.1:55442]
11:14:21.213 [Forwarding getCurrentUrl on session 62cbf3bca7140f0f3d88bfc52c1e871d to remote] DEBUG org.asynchttpclient.netty.request.NettyRequestSender - Using pooled Channel '[id: 0x25914afc, L:/127.0.0.1:52530 - R:localhost/127.0.0.1:55442]' for 'GET' to 'http://localhost:55442/session/62cbf3bca7140f0f3d88bfc52c1e871d/url'
11:14:21.213 [Forwarding getCurrentUrl on session 62cbf3bca7140f0f3d88bfc52c1e871d to remote] DEBUG org.asynchttpclient.netty.request.NettyRequestSender - Using open Channel [id: 0x25914afc, L:/127.0.0.1:52530 - R:localhost/127.0.0.1:55442] for GET '/session/62cbf3bca7140f0f3d88bfc52c1e871d/url'
11:14:21.218 [AsyncHttpClient-1-2] DEBUG org.asynchttpclient.netty.handler.HttpHandler - 

Request DefaultFullHttpRequest(decodeResult: success, version: HTTP/1.1, content: EmptyByteBufBE)
GET /session/62cbf3bca7140f0f3d88bfc52c1e871d/url HTTP/1.1
User-Agent: selenium/4.4.0 (java windows)
Cache-Control: no-cache
Content-Type: application/json; charset=utf-8
host: localhost:55442
accept: */*

Response DefaultHttpResponse(decodeResult: success, version: HTTP/1.1)
HTTP/1.1 200 OK
Content-Type: application/json; charset=utf-8
cache-control: no-cache
content-length: 48

11:14:21.218 [AsyncHttpClient-1-2] DEBUG org.asynchttpclient.netty.channel.ChannelManager - Adding key: http://localhost:55442 for channel [id: 0x25914afc, L:/127.0.0.1:52530 - R:localhost/127.0.0.1:55442]
11:14:21.220 [Forwarding getCurrentUrl on session 62cbf3bca7140f0f3d88bfc52c1e871d to remote] DEBUG org.asynchttpclient.netty.request.NettyRequestSender - Using pooled Channel '[id: 0x25914afc, L:/127.0.0.1:52530 - R:localhost/127.0.0.1:55442]' for 'GET' to 'http://localhost:55442/session/62cbf3bca7140f0f3d88bfc52c1e871d/url'
11:14:21.220 [Forwarding getCurrentUrl on session 62cbf3bca7140f0f3d88bfc52c1e871d to remote] DEBUG org.asynchttpclient.netty.request.NettyRequestSender - Using open Channel [id: 0x25914afc, L:/127.0.0.1:52530 - R:localhost/127.0.0.1:55442] for GET '/session/62cbf3bca7140f0f3d88bfc52c1e871d/url'
11:14:21.224 [AsyncHttpClient-1-2] DEBUG org.asynchttpclient.netty.handler.HttpHandler - 

Request DefaultFullHttpRequest(decodeResult: success, version: HTTP/1.1, content: EmptyByteBufBE)
GET /session/62cbf3bca7140f0f3d88bfc52c1e871d/url HTTP/1.1
User-Agent: selenium/4.4.0 (java windows)
Cache-Control: no-cache
Content-Type: application/json; charset=utf-8
host: localhost:55442
accept: */*

Response DefaultHttpResponse(decodeResult: success, version: HTTP/1.1)
HTTP/1.1 200 OK
Content-Type: application/json; charset=utf-8
cache-control: no-cache
content-length: 48

11:14:21.224 [AsyncHttpClient-1-2] DEBUG org.asynchttpclient.netty.channel.ChannelManager - Adding key: http://localhost:55442 for channel [id: 0x25914afc, L:/127.0.0.1:52530 - R:localhost/127.0.0.1:55442]
11:14:22.234 [Forwarding screenshot on session 62cbf3bca7140f0f3d88bfc52c1e871d to remote] DEBUG org.asynchttpclient.netty.request.NettyRequestSender - Using pooled Channel '[id: 0x25914afc, L:/127.0.0.1:52530 - R:localhost/127.0.0.1:55442]' for 'GET' to 'http://localhost:55442/session/62cbf3bca7140f0f3d88bfc52c1e871d/screenshot'
11:14:22.235 [Forwarding screenshot on session 62cbf3bca7140f0f3d88bfc52c1e871d to remote] DEBUG org.asynchttpclient.netty.request.NettyRequestSender - Using open Channel [id: 0x25914afc, L:/127.0.0.1:52530 - R:localhost/127.0.0.1:55442] for GET '/session/62cbf3bca7140f0f3d88bfc52c1e871d/screenshot'
11:14:22.249 [AsyncHttpClient-1-1] DEBUG org.asynchttpclient.netty.channel.DefaultChannelPool - Entry count for : http://localhost:52531 : 1
11:14:22.422 [AsyncHttpClient-1-2] DEBUG org.asynchttpclient.netty.handler.HttpHandler - 

Request DefaultFullHttpRequest(decodeResult: success, version: HTTP/1.1, content: EmptyByteBufBE)
GET /session/62cbf3bca7140f0f3d88bfc52c1e871d/screenshot HTTP/1.1
User-Agent: selenium/4.4.0 (java windows)
Cache-Control: no-cache
Content-Type: application/json; charset=utf-8
host: localhost:55442
accept: */*

Response DefaultHttpResponse(decodeResult: success, version: HTTP/1.1)
HTTP/1.1 200 OK
Content-Type: application/json; charset=utf-8
cache-control: no-cache
content-length: 454724

11:14:22.424 [AsyncHttpClient-1-2] DEBUG org.asynchttpclient.netty.channel.ChannelManager - Adding key: http://localhost:55442 for channel [id: 0x25914afc, L:/127.0.0.1:52530 - R:localhost/127.0.0.1:55442]
11:14:22.456 [main] DEBUG net.serenitybdd.core.photography.Darkroom - Opening darkroom
11:14:22.457 [Darkroom Processing Line] DEBUG net.serenitybdd.core.photography.DarkroomProcessingLine - Darkroom processing line starting up
11:14:22.459 [Forwarding getCurrentWindowHandle on session 62cbf3bca7140f0f3d88bfc52c1e871d to remote] DEBUG org.asynchttpclient.netty.request.NettyRequestSender - Using pooled Channel '[id: 0x25914afc, L:/127.0.0.1:52530 - R:localhost/127.0.0.1:55442]' for 'GET' to 'http://localhost:55442/session/62cbf3bca7140f0f3d88bfc52c1e871d/window'
11:14:22.459 [Forwarding getCurrentWindowHandle on session 62cbf3bca7140f0f3d88bfc52c1e871d to remote] DEBUG org.asynchttpclient.netty.request.NettyRequestSender - Using open Channel [id: 0x25914afc, L:/127.0.0.1:52530 - R:localhost/127.0.0.1:55442] for GET '/session/62cbf3bca7140f0f3d88bfc52c1e871d/window'
11:14:22.461 [AsyncHttpClient-1-2] DEBUG org.asynchttpclient.netty.handler.HttpHandler - 

Request DefaultFullHttpRequest(decodeResult: success, version: HTTP/1.1, content: EmptyByteBufBE)
GET /session/62cbf3bca7140f0f3d88bfc52c1e871d/window HTTP/1.1
User-Agent: selenium/4.4.0 (java windows)
Cache-Control: no-cache
Content-Type: application/json; charset=utf-8
host: localhost:55442
accept: */*

Response DefaultHttpResponse(decodeResult: success, version: HTTP/1.1)
HTTP/1.1 200 OK
Content-Type: application/json; charset=utf-8
cache-control: no-cache
content-length: 44

11:14:22.461 [AsyncHttpClient-1-2] DEBUG org.asynchttpclient.netty.channel.ChannelManager - Adding key: http://localhost:55442 for channel [id: 0x25914afc, L:/127.0.0.1:52530 - R:localhost/127.0.0.1:55442]
11:14:22.462 [Forwarding getAlertText on session 62cbf3bca7140f0f3d88bfc52c1e871d to remote] DEBUG org.asynchttpclient.netty.request.NettyRequestSender - Using pooled Channel '[id: 0x25914afc, L:/127.0.0.1:52530 - R:localhost/127.0.0.1:55442]' for 'GET' to 'http://localhost:55442/session/62cbf3bca7140f0f3d88bfc52c1e871d/alert/text'
11:14:22.462 [Forwarding getAlertText on session 62cbf3bca7140f0f3d88bfc52c1e871d to remote] DEBUG org.asynchttpclient.netty.request.NettyRequestSender - Using open Channel [id: 0x25914afc, L:/127.0.0.1:52530 - R:localhost/127.0.0.1:55442] for GET '/session/62cbf3bca7140f0f3d88bfc52c1e871d/alert/text'
11:14:22.463 [AsyncHttpClient-1-2] DEBUG org.asynchttpclient.netty.handler.HttpHandler - 

Request DefaultFullHttpRequest(decodeResult: success, version: HTTP/1.1, content: EmptyByteBufBE)
GET /session/62cbf3bca7140f0f3d88bfc52c1e871d/alert/text HTTP/1.1
User-Agent: selenium/4.4.0 (java windows)
Cache-Control: no-cache
Content-Type: application/json; charset=utf-8
host: localhost:55442
accept: */*

Response DefaultHttpResponse(decodeResult: success, version: HTTP/1.1)
HTTP/1.1 404 Not Found
Content-Type: application/json; charset=utf-8
cache-control: no-cache
content-length: 848

11:14:22.463 [AsyncHttpClient-1-2] DEBUG org.asynchttpclient.netty.channel.ChannelManager - Adding key: http://localhost:55442 for channel [id: 0x25914afc, L:/127.0.0.1:52530 - R:localhost/127.0.0.1:55442]
11:14:22.467 [Forwarding switchToWindow on session 62cbf3bca7140f0f3d88bfc52c1e871d to remote] DEBUG org.asynchttpclient.netty.request.NettyRequestSender - Using pooled Channel '[id: 0x25914afc, L:/127.0.0.1:52530 - R:localhost/127.0.0.1:55442]' for 'POST' to 'http://localhost:55442/session/62cbf3bca7140f0f3d88bfc52c1e871d/window'
11:14:22.467 [Forwarding switchToWindow on session 62cbf3bca7140f0f3d88bfc52c1e871d to remote] DEBUG org.asynchttpclient.netty.request.NettyRequestSender - Using open Channel [id: 0x25914afc, L:/127.0.0.1:52530 - R:localhost/127.0.0.1:55442] for POST '/session/62cbf3bca7140f0f3d88bfc52c1e871d/window'
11:14:22.470 [AsyncHttpClient-1-2] DEBUG org.asynchttpclient.netty.handler.HttpHandler - 

Request DefaultHttpRequest(decodeResult: success, version: HTTP/1.1)
POST /session/62cbf3bca7140f0f3d88bfc52c1e871d/window HTTP/1.1
User-Agent: selenium/4.4.0 (java windows)
Content-Length: 50
Content-Type: application/json; charset=utf-8
host: localhost:55442
accept: */*

Response DefaultHttpResponse(decodeResult: success, version: HTTP/1.1)
HTTP/1.1 200 OK
Content-Type: application/json; charset=utf-8
cache-control: no-cache
content-length: 14

11:14:22.470 [AsyncHttpClient-1-2] DEBUG org.asynchttpclient.netty.channel.ChannelManager - Adding key: http://localhost:55442 for channel [id: 0x25914afc, L:/127.0.0.1:52530 - R:localhost/127.0.0.1:55442]
11:14:22.471 [Forwarding getCurrentUrl on session 62cbf3bca7140f0f3d88bfc52c1e871d to remote] DEBUG org.asynchttpclient.netty.request.NettyRequestSender - Using pooled Channel '[id: 0x25914afc, L:/127.0.0.1:52530 - R:localhost/127.0.0.1:55442]' for 'GET' to 'http://localhost:55442/session/62cbf3bca7140f0f3d88bfc52c1e871d/url'
11:14:22.471 [Forwarding getCurrentUrl on session 62cbf3bca7140f0f3d88bfc52c1e871d to remote] DEBUG org.asynchttpclient.netty.request.NettyRequestSender - Using open Channel [id: 0x25914afc, L:/127.0.0.1:52530 - R:localhost/127.0.0.1:55442] for GET '/session/62cbf3bca7140f0f3d88bfc52c1e871d/url'
11:14:22.475 [AsyncHttpClient-1-2] DEBUG org.asynchttpclient.netty.handler.HttpHandler - 

Request DefaultFullHttpRequest(decodeResult: success, version: HTTP/1.1, content: EmptyByteBufBE)
GET /session/62cbf3bca7140f0f3d88bfc52c1e871d/url HTTP/1.1
User-Agent: selenium/4.4.0 (java windows)
Cache-Control: no-cache
Content-Type: application/json; charset=utf-8
host: localhost:55442
accept: */*

Response DefaultHttpResponse(decodeResult: success, version: HTTP/1.1)
HTTP/1.1 200 OK
Content-Type: application/json; charset=utf-8
cache-control: no-cache
content-length: 48

11:14:22.475 [AsyncHttpClient-1-2] DEBUG org.asynchttpclient.netty.channel.ChannelManager - Adding key: http://localhost:55442 for channel [id: 0x25914afc, L:/127.0.0.1:52530 - R:localhost/127.0.0.1:55442]
11:14:22.478 [Forwarding screenshot on session 62cbf3bca7140f0f3d88bfc52c1e871d to remote] DEBUG org.asynchttpclient.netty.request.NettyRequestSender - Using pooled Channel '[id: 0x25914afc, L:/127.0.0.1:52530 - R:localhost/127.0.0.1:55442]' for 'GET' to 'http://localhost:55442/session/62cbf3bca7140f0f3d88bfc52c1e871d/screenshot'
11:14:22.478 [Forwarding screenshot on session 62cbf3bca7140f0f3d88bfc52c1e871d to remote] DEBUG org.asynchttpclient.netty.request.NettyRequestSender - Using open Channel [id: 0x25914afc, L:/127.0.0.1:52530 - R:localhost/127.0.0.1:55442] for GET '/session/62cbf3bca7140f0f3d88bfc52c1e871d/screenshot'
11:14:22.618 [AsyncHttpClient-1-2] DEBUG org.asynchttpclient.netty.handler.HttpHandler - 

Request DefaultFullHttpRequest(decodeResult: success, version: HTTP/1.1, content: EmptyByteBufBE)
GET /session/62cbf3bca7140f0f3d88bfc52c1e871d/screenshot HTTP/1.1
User-Agent: selenium/4.4.0 (java windows)
Cache-Control: no-cache
Content-Type: application/json; charset=utf-8
host: localhost:55442
accept: */*

Response DefaultHttpResponse(decodeResult: success, version: HTTP/1.1)
HTTP/1.1 200 OK
Content-Type: application/json; charset=utf-8
cache-control: no-cache
content-length: 454724

11:14:22.622 [AsyncHttpClient-1-2] DEBUG org.asynchttpclient.netty.channel.ChannelManager - Adding key: http://localhost:55442 for channel [id: 0x25914afc, L:/127.0.0.1:52530 - R:localhost/127.0.0.1:55442]
11:14:22.669 [main] DEBUG net.serenitybdd.core.photography.Darkroom - Send negative for processing for target\site\serenity\e45fb73964934a489beecbc3991907587edd630c8fc10c46f39a14f68c2a2b07.png
11:14:22.669 [Darkroom Processing Line] DEBUG net.serenitybdd.core.photography.DarkroomProcessingLine - Processing screenshot image in /var/screenshots/screenshot-2042863450337340163
11:14:22.669 [Darkroom Processing Line] DEBUG net.serenitybdd.core.photography.DarkroomProcessingLine - Saving screenshot to target\site\serenity\e45fb73964934a489beecbc3991907587edd630c8fc10c46f39a14f68c2a2b07.png
11:14:22.670 [main] DEBUG net.thucydides.core.steps.StepInterceptor - STEP DONE: Abrir Pagina
  &amp#27;[32mGiven &amp#27;[0m&amp#27;[32mel usuario ingresa en DEMOBLAZE&amp#27;[0m                                                                       &amp#27;[90m# Step.ComprarDispositivosElectronicosStep.el_usuario_ingresa_en_demoblaze()&amp#27;[0m
11:14:22.681 [main] DEBUG net.thucydides.core.steps.StepInterceptor - STARTING STEP: ComprarDispositivosElectronicosStep.el_usuario_se_direge_a_la_pestaña_login - Navega a la pestaña login
11:14:22.686 [Forwarding findElement on session 62cbf3bca7140f0f3d88bfc52c1e871d to remote] DEBUG org.asynchttpclient.netty.request.NettyRequestSender - Using pooled Channel '[id: 0x25914afc, L:/127.0.0.1:52530 - R:localhost/127.0.0.1:55442]' for 'POST' to 'http://localhost:55442/session/62cbf3bca7140f0f3d88bfc52c1e871d/element'
11:14:22.687 [Forwarding findElement on session 62cbf3bca7140f0f3d88bfc52c1e871d to remote] DEBUG org.asynchttpclient.netty.request.NettyRequestSender - Using open Channel [id: 0x25914afc, L:/127.0.0.1:52530 - R:localhost/127.0.0.1:55442] for POST '/session/62cbf3bca7140f0f3d88bfc52c1e871d/element'
11:14:22.704 [AsyncHttpClient-1-2] DEBUG org.asynchttpclient.netty.handler.HttpHandler - 

Request DefaultHttpRequest(decodeResult: success, version: HTTP/1.1)
POST /session/62cbf3bca7140f0f3d88bfc52c1e871d/element HTTP/1.1
User-Agent: selenium/4.4.0 (java windows)
Content-Length: 77
Content-Type: application/json; charset=utf-8
host: localhost:55442
accept: */*

Response DefaultHttpResponse(decodeResult: success, version: HTTP/1.1)
HTTP/1.1 200 OK
Content-Type: application/json; charset=utf-8
cache-control: no-cache
content-length: 95

11:14:22.704 [AsyncHttpClient-1-2] DEBUG org.asynchttpclient.netty.channel.ChannelManager - Adding key: http://localhost:55442 for channel [id: 0x25914afc, L:/127.0.0.1:52530 - R:localhost/127.0.0.1:55442]
11:14:22.712 [Forwarding isElementDisplayed on session 62cbf3bca7140f0f3d88bfc52c1e871d to remote] DEBUG org.asynchttpclient.netty.request.NettyRequestSender - Using pooled Channel '[id: 0x25914afc, L:/127.0.0.1:52530 - R:localhost/127.0.0.1:55442]' for 'POST' to 'http://localhost:55442/session/62cbf3bca7140f0f3d88bfc52c1e871d/execute/sync'
11:14:22.712 [Forwarding isElementDisplayed on session 62cbf3bca7140f0f3d88bfc52c1e871d to remote] DEBUG org.asynchttpclient.netty.request.NettyRequestSender - Using open Channel [id: 0x25914afc, L:/127.0.0.1:52530 - R:localhost/127.0.0.1:55442] for POST '/session/62cbf3bca7140f0f3d88bfc52c1e871d/execute/sync'
11:14:22.732 [AsyncHttpClient-1-2] DEBUG org.asynchttpclient.netty.handler.HttpHandler - 

Request DefaultHttpRequest(decodeResult: success, version: HTTP/1.1)
POST /session/62cbf3bca7140f0f3d88bfc52c1e871d/execute/sync HTTP/1.1
User-Agent: selenium/4.4.0 (java windows)
Content-Length: 48787
Content-Type: application/json; charset=utf-8
host: localhost:55442
accept: */*

Response DefaultHttpResponse(decodeResult: success, version: HTTP/1.1)
HTTP/1.1 200 OK
Content-Type: application/json; charset=utf-8
cache-control: no-cache
content-length: 14

11:14:22.733 [AsyncHttpClient-1-2] DEBUG org.asynchttpclient.netty.channel.ChannelManager - Adding key: http://localhost:55442 for channel [id: 0x25914afc, L:/127.0.0.1:52530 - R:localhost/127.0.0.1:55442]
11:14:22.737 [Forwarding isElementDisplayed on session 62cbf3bca7140f0f3d88bfc52c1e871d to remote] DEBUG org.asynchttpclient.netty.request.NettyRequestSender - Using pooled Channel '[id: 0x25914afc, L:/127.0.0.1:52530 - R:localhost/127.0.0.1:55442]' for 'POST' to 'http://localhost:55442/session/62cbf3bca7140f0f3d88bfc52c1e871d/execute/sync'
11:14:22.737 [Forwarding isElementDisplayed on session 62cbf3bca7140f0f3d88bfc52c1e871d to remote] DEBUG org.asynchttpclient.netty.request.NettyRequestSender - Using open Channel [id: 0x25914afc, L:/127.0.0.1:52530 - R:localhost/127.0.0.1:55442] for POST '/session/62cbf3bca7140f0f3d88bfc52c1e871d/execute/sync'
11:14:22.750 [AsyncHttpClient-1-2] DEBUG org.asynchttpclient.netty.handler.HttpHandler - 

Request DefaultHttpRequest(decodeResult: success, version: HTTP/1.1)
POST /session/62cbf3bca7140f0f3d88bfc52c1e871d/execute/sync HTTP/1.1
User-Agent: selenium/4.4.0 (java windows)
Content-Length: 48787
Content-Type: application/json; charset=utf-8
host: localhost:55442
accept: */*

Response DefaultHttpResponse(decodeResult: success, version: HTTP/1.1)
HTTP/1.1 200 OK
Content-Type: application/json; charset=utf-8
cache-control: no-cache
content-length: 14

11:14:22.750 [AsyncHttpClient-1-2] DEBUG org.asynchttpclient.netty.channel.ChannelManager - Adding key: http://localhost:55442 for channel [id: 0x25914afc, L:/127.0.0.1:52530 - R:localhost/127.0.0.1:55442]
11:14:22.753 [Forwarding findElement on session 62cbf3bca7140f0f3d88bfc52c1e871d to remote] DEBUG org.asynchttpclient.netty.request.NettyRequestSender - Using pooled Channel '[id: 0x25914afc, L:/127.0.0.1:52530 - R:localhost/127.0.0.1:55442]' for 'POST' to 'http://localhost:55442/session/62cbf3bca7140f0f3d88bfc52c1e871d/element'
11:14:22.753 [Forwarding findElement on session 62cbf3bca7140f0f3d88bfc52c1e871d to remote] DEBUG org.asynchttpclient.netty.request.NettyRequestSender - Using open Channel [id: 0x25914afc, L:/127.0.0.1:52530 - R:localhost/127.0.0.1:55442] for POST '/session/62cbf3bca7140f0f3d88bfc52c1e871d/element'
11:14:22.761 [AsyncHttpClient-1-2] DEBUG org.asynchttpclient.netty.handler.HttpHandler - 

Request DefaultHttpRequest(decodeResult: success, version: HTTP/1.1)
POST /session/62cbf3bca7140f0f3d88bfc52c1e871d/element HTTP/1.1
User-Agent: selenium/4.4.0 (java windows)
Content-Length: 77
Content-Type: application/json; charset=utf-8
host: localhost:55442
accept: */*

Response DefaultHttpResponse(decodeResult: success, version: HTTP/1.1)
HTTP/1.1 200 OK
Content-Type: application/json; charset=utf-8
cache-control: no-cache
content-length: 95

11:14:22.761 [AsyncHttpClient-1-2] DEBUG org.asynchttpclient.netty.channel.ChannelManager - Adding key: http://localhost:55442 for channel [id: 0x25914afc, L:/127.0.0.1:52530 - R:localhost/127.0.0.1:55442]
11:14:22.763 [Forwarding isElementDisplayed on session 62cbf3bca7140f0f3d88bfc52c1e871d to remote] DEBUG org.asynchttpclient.netty.request.NettyRequestSender - Using pooled Channel '[id: 0x25914afc, L:/127.0.0.1:52530 - R:localhost/127.0.0.1:55442]' for 'POST' to 'http://localhost:55442/session/62cbf3bca7140f0f3d88bfc52c1e871d/execute/sync'
11:14:22.763 [Forwarding isElementDisplayed on session 62cbf3bca7140f0f3d88bfc52c1e871d to remote] DEBUG org.asynchttpclient.netty.request.NettyRequestSender - Using open Channel [id: 0x25914afc, L:/127.0.0.1:52530 - R:localhost/127.0.0.1:55442] for POST '/session/62cbf3bca7140f0f3d88bfc52c1e871d/execute/sync'
11:14:22.771 [AsyncHttpClient-1-2] DEBUG org.asynchttpclient.netty.handler.HttpHandler - 

Request DefaultHttpRequest(decodeResult: success, version: HTTP/1.1)
POST /session/62cbf3bca7140f0f3d88bfc52c1e871d/execute/sync HTTP/1.1
User-Agent: selenium/4.4.0 (java windows)
Content-Length: 48787
Content-Type: application/json; charset=utf-8
host: localhost:55442
accept: */*

Response DefaultHttpResponse(decodeResult: success, version: HTTP/1.1)
HTTP/1.1 200 OK
Content-Type: application/json; charset=utf-8
cache-control: no-cache
content-length: 14

11:14:22.771 [AsyncHttpClient-1-2] DEBUG org.asynchttpclient.netty.channel.ChannelManager - Adding key: http://localhost:55442 for channel [id: 0x25914afc, L:/127.0.0.1:52530 - R:localhost/127.0.0.1:55442]
11:14:22.772 [Forwarding isElementEnabled on session 62cbf3bca7140f0f3d88bfc52c1e871d to remote] DEBUG org.asynchttpclient.netty.request.NettyRequestSender - Using pooled Channel '[id: 0x25914afc, L:/127.0.0.1:52530 - R:localhost/127.0.0.1:55442]' for 'GET' to 'http://localhost:55442/session/62cbf3bca7140f0f3d88bfc52c1e871d/element/FED07CB55280300BDC630BE8C34FED4D_element_35/enabled'
11:14:22.772 [Forwarding isElementEnabled on session 62cbf3bca7140f0f3d88bfc52c1e871d to remote] DEBUG org.asynchttpclient.netty.request.NettyRequestSender - Using open Channel [id: 0x25914afc, L:/127.0.0.1:52530 - R:localhost/127.0.0.1:55442] for GET '/session/62cbf3bca7140f0f3d88bfc52c1e871d/element/FED07CB55280300BDC630BE8C34FED4D_element_35/enabled'
11:14:22.780 [AsyncHttpClient-1-2] DEBUG org.asynchttpclient.netty.handler.HttpHandler - 

Request DefaultFullHttpRequest(decodeResult: success, version: HTTP/1.1, content: EmptyByteBufBE)
GET /session/62cbf3bca7140f0f3d88bfc52c1e871d/element/FED07CB55280300BDC630BE8C34FED4D_element_35/enabled HTTP/1.1
User-Agent: selenium/4.4.0 (java windows)
Cache-Control: no-cache
Content-Type: application/json; charset=utf-8
host: localhost:55442
accept: */*

Response DefaultHttpResponse(decodeResult: success, version: HTTP/1.1)
HTTP/1.1 200 OK
Content-Type: application/json; charset=utf-8
cache-control: no-cache
content-length: 14

11:14:22.780 [AsyncHttpClient-1-2] DEBUG org.asynchttpclient.netty.channel.ChannelManager - Adding key: http://localhost:55442 for channel [id: 0x25914afc, L:/127.0.0.1:52530 - R:localhost/127.0.0.1:55442]
11:14:22.782 [Forwarding findElement on session 62cbf3bca7140f0f3d88bfc52c1e871d to remote] DEBUG org.asynchttpclient.netty.request.NettyRequestSender - Using pooled Channel '[id: 0x25914afc, L:/127.0.0.1:52530 - R:localhost/127.0.0.1:55442]' for 'POST' to 'http://localhost:55442/session/62cbf3bca7140f0f3d88bfc52c1e871d/element'
11:14:22.782 [Forwarding findElement on session 62cbf3bca7140f0f3d88bfc52c1e871d to remote] DEBUG org.asynchttpclient.netty.request.NettyRequestSender - Using open Channel [id: 0x25914afc, L:/127.0.0.1:52530 - R:localhost/127.0.0.1:55442] for POST '/session/62cbf3bca7140f0f3d88bfc52c1e871d/element'
11:14:22.791 [AsyncHttpClient-1-2] DEBUG org.asynchttpclient.netty.handler.HttpHandler - 

Request DefaultHttpRequest(decodeResult: success, version: HTTP/1.1)
POST /session/62cbf3bca7140f0f3d88bfc52c1e871d/element HTTP/1.1
User-Agent: selenium/4.4.0 (java windows)
Content-Length: 70
Content-Type: application/json; charset=utf-8
host: localhost:55442
accept: */*

Response DefaultHttpResponse(decodeResult: success, version: HTTP/1.1)
HTTP/1.1 200 OK
Content-Type: application/json; charset=utf-8
cache-control: no-cache
content-length: 95

11:14:22.792 [AsyncHttpClient-1-2] DEBUG org.asynchttpclient.netty.channel.ChannelManager - Adding key: http://localhost:55442 for channel [id: 0x25914afc, L:/127.0.0.1:52530 - R:localhost/127.0.0.1:55442]
11:14:22.794 [Forwarding isElementDisplayed on session 62cbf3bca7140f0f3d88bfc52c1e871d to remote] DEBUG org.asynchttpclient.netty.request.NettyRequestSender - Using pooled Channel '[id: 0x25914afc, L:/127.0.0.1:52530 - R:localhost/127.0.0.1:55442]' for 'POST' to 'http://localhost:55442/session/62cbf3bca7140f0f3d88bfc52c1e871d/execute/sync'
11:14:22.794 [Forwarding isElementDisplayed on session 62cbf3bca7140f0f3d88bfc52c1e871d to remote] DEBUG org.asynchttpclient.netty.request.NettyRequestSender - Using open Channel [id: 0x25914afc, L:/127.0.0.1:52530 - R:localhost/127.0.0.1:55442] for POST '/session/62cbf3bca7140f0f3d88bfc52c1e871d/execute/sync'
11:14:22.803 [AsyncHttpClient-1-2] DEBUG org.asynchttpclient.netty.handler.HttpHandler - 

Request DefaultHttpRequest(decodeResult: success, version: HTTP/1.1)
POST /session/62cbf3bca7140f0f3d88bfc52c1e871d/execute/sync HTTP/1.1
User-Agent: selenium/4.4.0 (java windows)
Content-Length: 48787
Content-Type: application/json; charset=utf-8
host: localhost:55442
accept: */*

Response DefaultHttpResponse(decodeResult: success, version: HTTP/1.1)
HTTP/1.1 200 OK
Content-Type: application/json; charset=utf-8
cache-control: no-cache
content-length: 14

11:14:22.804 [AsyncHttpClient-1-2] DEBUG org.asynchttpclient.netty.channel.ChannelManager - Adding key: http://localhost:55442 for channel [id: 0x25914afc, L:/127.0.0.1:52530 - R:localhost/127.0.0.1:55442]
11:14:22.807 [Forwarding findElement on session 62cbf3bca7140f0f3d88bfc52c1e871d to remote] DEBUG org.asynchttpclient.netty.request.NettyRequestSender - Using pooled Channel '[id: 0x25914afc, L:/127.0.0.1:52530 - R:localhost/127.0.0.1:55442]' for 'POST' to 'http://localhost:55442/session/62cbf3bca7140f0f3d88bfc52c1e871d/element'
11:14:22.807 [Forwarding findElement on session 62cbf3bca7140f0f3d88bfc52c1e871d to remote] DEBUG org.asynchttpclient.netty.request.NettyRequestSender - Using open Channel [id: 0x25914afc, L:/127.0.0.1:52530 - R:localhost/127.0.0.1:55442] for POST '/session/62cbf3bca7140f0f3d88bfc52c1e871d/element'
11:14:22.816 [AsyncHttpClient-1-2] DEBUG org.asynchttpclient.netty.handler.HttpHandler - 

Request DefaultHttpRequest(decodeResult: success, version: HTTP/1.1)
POST /session/62cbf3bca7140f0f3d88bfc52c1e871d/element HTTP/1.1
User-Agent: selenium/4.4.0 (java windows)
Content-Length: 77
Content-Type: application/json; charset=utf-8
host: localhost:55442
accept: */*

Response DefaultHttpResponse(decodeResult: success, version: HTTP/1.1)
HTTP/1.1 200 OK
Content-Type: application/json; charset=utf-8
cache-control: no-cache
content-length: 95

11:14:22.816 [AsyncHttpClient-1-2] DEBUG org.asynchttpclient.netty.channel.ChannelManager - Adding key: http://localhost:55442 for channel [id: 0x25914afc, L:/127.0.0.1:52530 - R:localhost/127.0.0.1:55442]
11:14:22.819 [Forwarding isElementDisplayed on session 62cbf3bca7140f0f3d88bfc52c1e871d to remote] DEBUG org.asynchttpclient.netty.request.NettyRequestSender - Using pooled Channel '[id: 0x25914afc, L:/127.0.0.1:52530 - R:localhost/127.0.0.1:55442]' for 'POST' to 'http://localhost:55442/session/62cbf3bca7140f0f3d88bfc52c1e871d/execute/sync'
11:14:22.819 [Forwarding isElementDisplayed on session 62cbf3bca7140f0f3d88bfc52c1e871d to remote] DEBUG org.asynchttpclient.netty.request.NettyRequestSender - Using open Channel [id: 0x25914afc, L:/127.0.0.1:52530 - R:localhost/127.0.0.1:55442] for POST '/session/62cbf3bca7140f0f3d88bfc52c1e871d/execute/sync'
11:14:22.827 [AsyncHttpClient-1-2] DEBUG org.asynchttpclient.netty.handler.HttpHandler - 

Request DefaultHttpRequest(decodeResult: success, version: HTTP/1.1)
POST /session/62cbf3bca7140f0f3d88bfc52c1e871d/execute/sync HTTP/1.1
User-Agent: selenium/4.4.0 (java windows)
Content-Length: 48787
Content-Type: application/json; charset=utf-8
host: localhost:55442
accept: */*

Response DefaultHttpResponse(decodeResult: success, version: HTTP/1.1)
HTTP/1.1 200 OK
Content-Type: application/json; charset=utf-8
cache-control: no-cache
content-length: 14

11:14:22.828 [AsyncHttpClient-1-2] DEBUG org.asynchttpclient.netty.channel.ChannelManager - Adding key: http://localhost:55442 for channel [id: 0x25914afc, L:/127.0.0.1:52530 - R:localhost/127.0.0.1:55442]
11:14:22.830 [Forwarding findElement on session 62cbf3bca7140f0f3d88bfc52c1e871d to remote] DEBUG org.asynchttpclient.netty.request.NettyRequestSender - Using pooled Channel '[id: 0x25914afc, L:/127.0.0.1:52530 - R:localhost/127.0.0.1:55442]' for 'POST' to 'http://localhost:55442/session/62cbf3bca7140f0f3d88bfc52c1e871d/element'
11:14:22.830 [Forwarding findElement on session 62cbf3bca7140f0f3d88bfc52c1e871d to remote] DEBUG org.asynchttpclient.netty.request.NettyRequestSender - Using open Channel [id: 0x25914afc, L:/127.0.0.1:52530 - R:localhost/127.0.0.1:55442] for POST '/session/62cbf3bca7140f0f3d88bfc52c1e871d/element'
11:14:22.836 [AsyncHttpClient-1-2] DEBUG org.asynchttpclient.netty.handler.HttpHandler - 

Request DefaultHttpRequest(decodeResult: success, version: HTTP/1.1)
POST /session/62cbf3bca7140f0f3d88bfc52c1e871d/element HTTP/1.1
User-Agent: selenium/4.4.0 (java windows)
Content-Length: 77
Content-Type: application/json; charset=utf-8
host: localhost:55442
accept: */*

Response DefaultHttpResponse(decodeResult: success, version: HTTP/1.1)
HTTP/1.1 200 OK
Content-Type: application/json; charset=utf-8
cache-control: no-cache
content-length: 95

11:14:22.836 [AsyncHttpClient-1-2] DEBUG org.asynchttpclient.netty.channel.ChannelManager - Adding key: http://localhost:55442 for channel [id: 0x25914afc, L:/127.0.0.1:52530 - R:localhost/127.0.0.1:55442]
11:14:22.839 [Forwarding isElementDisplayed on session 62cbf3bca7140f0f3d88bfc52c1e871d to remote] DEBUG org.asynchttpclient.netty.request.NettyRequestSender - Using pooled Channel '[id: 0x25914afc, L:/127.0.0.1:52530 - R:localhost/127.0.0.1:55442]' for 'POST' to 'http://localhost:55442/session/62cbf3bca7140f0f3d88bfc52c1e871d/execute/sync'
11:14:22.839 [Forwarding isElementDisplayed on session 62cbf3bca7140f0f3d88bfc52c1e871d to remote] DEBUG org.asynchttpclient.netty.request.NettyRequestSender - Using open Channel [id: 0x25914afc, L:/127.0.0.1:52530 - R:localhost/127.0.0.1:55442] for POST '/session/62cbf3bca7140f0f3d88bfc52c1e871d/execute/sync'
11:14:22.845 [AsyncHttpClient-1-2] DEBUG org.asynchttpclient.netty.handler.HttpHandler - 

Request DefaultHttpRequest(decodeResult: success, version: HTTP/1.1)
POST /session/62cbf3bca7140f0f3d88bfc52c1e871d/execute/sync HTTP/1.1
User-Agent: selenium/4.4.0 (java windows)
Content-Length: 48787
Content-Type: application/json; charset=utf-8
host: localhost:55442
accept: */*

Response DefaultHttpResponse(decodeResult: success, version: HTTP/1.1)
HTTP/1.1 200 OK
Content-Type: application/json; charset=utf-8
cache-control: no-cache
content-length: 14

11:14:22.845 [AsyncHttpClient-1-2] DEBUG org.asynchttpclient.netty.channel.ChannelManager - Adding key: http://localhost:55442 for channel [id: 0x25914afc, L:/127.0.0.1:52530 - R:localhost/127.0.0.1:55442]
11:14:22.848 [Forwarding isElementDisplayed on session 62cbf3bca7140f0f3d88bfc52c1e871d to remote] DEBUG org.asynchttpclient.netty.request.NettyRequestSender - Using pooled Channel '[id: 0x25914afc, L:/127.0.0.1:52530 - R:localhost/127.0.0.1:55442]' for 'POST' to 'http://localhost:55442/session/62cbf3bca7140f0f3d88bfc52c1e871d/execute/sync'
11:14:22.848 [Forwarding isElementDisplayed on session 62cbf3bca7140f0f3d88bfc52c1e871d to remote] DEBUG org.asynchttpclient.netty.request.NettyRequestSender - Using open Channel [id: 0x25914afc, L:/127.0.0.1:52530 - R:localhost/127.0.0.1:55442] for POST '/session/62cbf3bca7140f0f3d88bfc52c1e871d/execute/sync'
11:14:22.855 [AsyncHttpClient-1-2] DEBUG org.asynchttpclient.netty.handler.HttpHandler - 

Request DefaultHttpRequest(decodeResult: success, version: HTTP/1.1)
POST /session/62cbf3bca7140f0f3d88bfc52c1e871d/execute/sync HTTP/1.1
User-Agent: selenium/4.4.0 (java windows)
Content-Length: 48787
Content-Type: application/json; charset=utf-8
host: localhost:55442
accept: */*

Response DefaultHttpResponse(decodeResult: success, version: HTTP/1.1)
HTTP/1.1 200 OK
Content-Type: application/json; charset=utf-8
cache-control: no-cache
content-length: 14

11:14:22.855 [AsyncHttpClient-1-2] DEBUG org.asynchttpclient.netty.channel.ChannelManager - Adding key: http://localhost:55442 for channel [id: 0x25914afc, L:/127.0.0.1:52530 - R:localhost/127.0.0.1:55442]
11:14:22.857 [Forwarding findElement on session 62cbf3bca7140f0f3d88bfc52c1e871d to remote] DEBUG org.asynchttpclient.netty.request.NettyRequestSender - Using pooled Channel '[id: 0x25914afc, L:/127.0.0.1:52530 - R:localhost/127.0.0.1:55442]' for 'POST' to 'http://localhost:55442/session/62cbf3bca7140f0f3d88bfc52c1e871d/element'
11:14:22.857 [Forwarding findElement on session 62cbf3bca7140f0f3d88bfc52c1e871d to remote] DEBUG org.asynchttpclient.netty.request.NettyRequestSender - Using open Channel [id: 0x25914afc, L:/127.0.0.1:52530 - R:localhost/127.0.0.1:55442] for POST '/session/62cbf3bca7140f0f3d88bfc52c1e871d/element'
11:14:22.863 [AsyncHttpClient-1-2] DEBUG org.asynchttpclient.netty.handler.HttpHandler - 

Request DefaultHttpRequest(decodeResult: success, version: HTTP/1.1)
POST /session/62cbf3bca7140f0f3d88bfc52c1e871d/element HTTP/1.1
User-Agent: selenium/4.4.0 (java windows)
Content-Length: 77
Content-Type: application/json; charset=utf-8
host: localhost:55442
accept: */*

Response DefaultHttpResponse(decodeResult: success, version: HTTP/1.1)
HTTP/1.1 200 OK
Content-Type: application/json; charset=utf-8
cache-control: no-cache
content-length: 95

11:14:22.863 [AsyncHttpClient-1-2] DEBUG org.asynchttpclient.netty.channel.ChannelManager - Adding key: http://localhost:55442 for channel [id: 0x25914afc, L:/127.0.0.1:52530 - R:localhost/127.0.0.1:55442]
11:14:22.866 [Forwarding isElementDisplayed on session 62cbf3bca7140f0f3d88bfc52c1e871d to remote] DEBUG org.asynchttpclient.netty.request.NettyRequestSender - Using pooled Channel '[id: 0x25914afc, L:/127.0.0.1:52530 - R:localhost/127.0.0.1:55442]' for 'POST' to 'http://localhost:55442/session/62cbf3bca7140f0f3d88bfc52c1e871d/execute/sync'
11:14:22.866 [Forwarding isElementDisplayed on session 62cbf3bca7140f0f3d88bfc52c1e871d to remote] DEBUG org.asynchttpclient.netty.request.NettyRequestSender - Using open Channel [id: 0x25914afc, L:/127.0.0.1:52530 - R:localhost/127.0.0.1:55442] for POST '/session/62cbf3bca7140f0f3d88bfc52c1e871d/execute/sync'
11:14:22.873 [AsyncHttpClient-1-2] DEBUG org.asynchttpclient.netty.handler.HttpHandler - 

Request DefaultHttpRequest(decodeResult: success, version: HTTP/1.1)
POST /session/62cbf3bca7140f0f3d88bfc52c1e871d/execute/sync HTTP/1.1
User-Agent: selenium/4.4.0 (java windows)
Content-Length: 48787
Content-Type: application/json; charset=utf-8
host: localhost:55442
accept: */*

Response DefaultHttpResponse(decodeResult: success, version: HTTP/1.1)
HTTP/1.1 200 OK
Content-Type: application/json; charset=utf-8
cache-control: no-cache
content-length: 14

11:14:22.873 [AsyncHttpClient-1-2] DEBUG org.asynchttpclient.netty.channel.ChannelManager - Adding key: http://localhost:55442 for channel [id: 0x25914afc, L:/127.0.0.1:52530 - R:localhost/127.0.0.1:55442]
11:14:22.874 [Forwarding isElementEnabled on session 62cbf3bca7140f0f3d88bfc52c1e871d to remote] DEBUG org.asynchttpclient.netty.request.NettyRequestSender - Using pooled Channel '[id: 0x25914afc, L:/127.0.0.1:52530 - R:localhost/127.0.0.1:55442]' for 'GET' to 'http://localhost:55442/session/62cbf3bca7140f0f3d88bfc52c1e871d/element/FED07CB55280300BDC630BE8C34FED4D_element_35/enabled'
11:14:22.875 [Forwarding isElementEnabled on session 62cbf3bca7140f0f3d88bfc52c1e871d to remote] DEBUG org.asynchttpclient.netty.request.NettyRequestSender - Using open Channel [id: 0x25914afc, L:/127.0.0.1:52530 - R:localhost/127.0.0.1:55442] for GET '/session/62cbf3bca7140f0f3d88bfc52c1e871d/element/FED07CB55280300BDC630BE8C34FED4D_element_35/enabled'
11:14:22.879 [AsyncHttpClient-1-2] DEBUG org.asynchttpclient.netty.handler.HttpHandler - 

Request DefaultFullHttpRequest(decodeResult: success, version: HTTP/1.1, content: EmptyByteBufBE)
GET /session/62cbf3bca7140f0f3d88bfc52c1e871d/element/FED07CB55280300BDC630BE8C34FED4D_element_35/enabled HTTP/1.1
User-Agent: selenium/4.4.0 (java windows)
Cache-Control: no-cache
Content-Type: application/json; charset=utf-8
host: localhost:55442
accept: */*

Response DefaultHttpResponse(decodeResult: success, version: HTTP/1.1)
HTTP/1.1 200 OK
Content-Type: application/json; charset=utf-8
cache-control: no-cache
content-length: 14

11:14:22.880 [AsyncHttpClient-1-2] DEBUG org.asynchttpclient.netty.channel.ChannelManager - Adding key: http://localhost:55442 for channel [id: 0x25914afc, L:/127.0.0.1:52530 - R:localhost/127.0.0.1:55442]
11:14:22.881 [Forwarding findElement on session 62cbf3bca7140f0f3d88bfc52c1e871d to remote] DEBUG org.asynchttpclient.netty.request.NettyRequestSender - Using pooled Channel '[id: 0x25914afc, L:/127.0.0.1:52530 - R:localhost/127.0.0.1:55442]' for 'POST' to 'http://localhost:55442/session/62cbf3bca7140f0f3d88bfc52c1e871d/element'
11:14:22.882 [Forwarding findElement on session 62cbf3bca7140f0f3d88bfc52c1e871d to remote] DEBUG org.asynchttpclient.netty.request.NettyRequestSender - Using open Channel [id: 0x25914afc, L:/127.0.0.1:52530 - R:localhost/127.0.0.1:55442] for POST '/session/62cbf3bca7140f0f3d88bfc52c1e871d/element'
11:14:22.887 [AsyncHttpClient-1-2] DEBUG org.asynchttpclient.netty.handler.HttpHandler - 

Request DefaultHttpRequest(decodeResult: success, version: HTTP/1.1)
POST /session/62cbf3bca7140f0f3d88bfc52c1e871d/element HTTP/1.1
User-Agent: selenium/4.4.0 (java windows)
Content-Length: 77
Content-Type: application/json; charset=utf-8
host: localhost:55442
accept: */*

Response DefaultHttpResponse(decodeResult: success, version: HTTP/1.1)
HTTP/1.1 200 OK
Content-Type: application/json; charset=utf-8
cache-control: no-cache
content-length: 95

11:14:22.887 [AsyncHttpClient-1-2] DEBUG org.asynchttpclient.netty.channel.ChannelManager - Adding key: http://localhost:55442 for channel [id: 0x25914afc, L:/127.0.0.1:52530 - R:localhost/127.0.0.1:55442]
11:14:22.889 [Forwarding isElementDisplayed on session 62cbf3bca7140f0f3d88bfc52c1e871d to remote] DEBUG org.asynchttpclient.netty.request.NettyRequestSender - Using pooled Channel '[id: 0x25914afc, L:/127.0.0.1:52530 - R:localhost/127.0.0.1:55442]' for 'POST' to 'http://localhost:55442/session/62cbf3bca7140f0f3d88bfc52c1e871d/execute/sync'
11:14:22.890 [Forwarding isElementDisplayed on session 62cbf3bca7140f0f3d88bfc52c1e871d to remote] DEBUG org.asynchttpclient.netty.request.NettyRequestSender - Using open Channel [id: 0x25914afc, L:/127.0.0.1:52530 - R:localhost/127.0.0.1:55442] for POST '/session/62cbf3bca7140f0f3d88bfc52c1e871d/execute/sync'
11:14:22.896 [AsyncHttpClient-1-2] DEBUG org.asynchttpclient.netty.handler.HttpHandler - 

Request DefaultHttpRequest(decodeResult: success, version: HTTP/1.1)
POST /session/62cbf3bca7140f0f3d88bfc52c1e871d/execute/sync HTTP/1.1
User-Agent: selenium/4.4.0 (java windows)
Content-Length: 48787
Content-Type: application/json; charset=utf-8
host: localhost:55442
accept: */*

Response DefaultHttpResponse(decodeResult: success, version: HTTP/1.1)
HTTP/1.1 200 OK
Content-Type: application/json; charset=utf-8
cache-control: no-cache
content-length: 14

11:14:22.896 [AsyncHttpClient-1-2] DEBUG org.asynchttpclient.netty.channel.ChannelManager - Adding key: http://localhost:55442 for channel [id: 0x25914afc, L:/127.0.0.1:52530 - R:localhost/127.0.0.1:55442]
11:14:22.898 [Forwarding findElement on session 62cbf3bca7140f0f3d88bfc52c1e871d to remote] DEBUG org.asynchttpclient.netty.request.NettyRequestSender - Using pooled Channel '[id: 0x25914afc, L:/127.0.0.1:52530 - R:localhost/127.0.0.1:55442]' for 'POST' to 'http://localhost:55442/session/62cbf3bca7140f0f3d88bfc52c1e871d/element'
11:14:22.898 [Forwarding findElement on session 62cbf3bca7140f0f3d88bfc52c1e871d to remote] DEBUG org.asynchttpclient.netty.request.NettyRequestSender - Using open Channel [id: 0x25914afc, L:/127.0.0.1:52530 - R:localhost/127.0.0.1:55442] for POST '/session/62cbf3bca7140f0f3d88bfc52c1e871d/element'
11:14:22.904 [AsyncHttpClient-1-2] DEBUG org.asynchttpclient.netty.handler.HttpHandler - 

Request DefaultHttpRequest(decodeResult: success, version: HTTP/1.1)
POST /session/62cbf3bca7140f0f3d88bfc52c1e871d/element HTTP/1.1
User-Agent: selenium/4.4.0 (java windows)
Content-Length: 77
Content-Type: application/json; charset=utf-8
host: localhost:55442
accept: */*

Response DefaultHttpResponse(decodeResult: success, version: HTTP/1.1)
HTTP/1.1 200 OK
Content-Type: application/json; charset=utf-8
cache-control: no-cache
content-length: 95

11:14:22.904 [AsyncHttpClient-1-2] DEBUG org.asynchttpclient.netty.channel.ChannelManager - Adding key: http://localhost:55442 for channel [id: 0x25914afc, L:/127.0.0.1:52530 - R:localhost/127.0.0.1:55442]
11:14:22.907 [Forwarding isElementDisplayed on session 62cbf3bca7140f0f3d88bfc52c1e871d to remote] DEBUG org.asynchttpclient.netty.request.NettyRequestSender - Using pooled Channel '[id: 0x25914afc, L:/127.0.0.1:52530 - R:localhost/127.0.0.1:55442]' for 'POST' to 'http://localhost:55442/session/62cbf3bca7140f0f3d88bfc52c1e871d/execute/sync'
11:14:22.907 [Forwarding isElementDisplayed on session 62cbf3bca7140f0f3d88bfc52c1e871d to remote] DEBUG org.asynchttpclient.netty.request.NettyRequestSender - Using open Channel [id: 0x25914afc, L:/127.0.0.1:52530 - R:localhost/127.0.0.1:55442] for POST '/session/62cbf3bca7140f0f3d88bfc52c1e871d/execute/sync'
11:14:22.913 [AsyncHttpClient-1-2] DEBUG org.asynchttpclient.netty.handler.HttpHandler - 

Request DefaultHttpRequest(decodeResult: success, version: HTTP/1.1)
POST /session/62cbf3bca7140f0f3d88bfc52c1e871d/execute/sync HTTP/1.1
User-Agent: selenium/4.4.0 (java windows)
Content-Length: 48787
Content-Type: application/json; charset=utf-8
host: localhost:55442
accept: */*

Response DefaultHttpResponse(decodeResult: success, version: HTTP/1.1)
HTTP/1.1 200 OK
Content-Type: application/json; charset=utf-8
cache-control: no-cache
content-length: 14

11:14:22.913 [AsyncHttpClient-1-2] DEBUG org.asynchttpclient.netty.channel.ChannelManager - Adding key: http://localhost:55442 for channel [id: 0x25914afc, L:/127.0.0.1:52530 - R:localhost/127.0.0.1:55442]
11:14:23.348 [AsyncHttpClient-1-1] DEBUG org.asynchttpclient.netty.channel.DefaultChannelPool - Entry count for : http://localhost:55442 : 1
11:14:23.348 [AsyncHttpClient-1-1] DEBUG org.asynchttpclient.netty.channel.DefaultChannelPool - Entry count for : http://localhost:52531 : 1
11:14:23.924 [Forwarding screenshot on session 62cbf3bca7140f0f3d88bfc52c1e871d to remote] DEBUG org.asynchttpclient.netty.request.NettyRequestSender - Using pooled Channel '[id: 0x25914afc, L:/127.0.0.1:52530 - R:localhost/127.0.0.1:55442]' for 'GET' to 'http://localhost:55442/session/62cbf3bca7140f0f3d88bfc52c1e871d/screenshot'
11:14:23.924 [Forwarding screenshot on session 62cbf3bca7140f0f3d88bfc52c1e871d to remote] DEBUG org.asynchttpclient.netty.request.NettyRequestSender - Using open Channel [id: 0x25914afc, L:/127.0.0.1:52530 - R:localhost/127.0.0.1:55442] for GET '/session/62cbf3bca7140f0f3d88bfc52c1e871d/screenshot'
11:14:24.066 [AsyncHttpClient-1-2] DEBUG org.asynchttpclient.netty.handler.HttpHandler - 

Request DefaultFullHttpRequest(decodeResult: success, version: HTTP/1.1, content: EmptyByteBufBE)
GET /session/62cbf3bca7140f0f3d88bfc52c1e871d/screenshot HTTP/1.1
User-Agent: selenium/4.4.0 (java windows)
Cache-Control: no-cache
Content-Type: application/json; charset=utf-8
host: localhost:55442
accept: */*

Response DefaultHttpResponse(decodeResult: success, version: HTTP/1.1)
HTTP/1.1 200 OK
Content-Type: application/json; charset=utf-8
cache-control: no-cache
content-length: 454724

11:14:24.068 [AsyncHttpClient-1-2] DEBUG org.asynchttpclient.netty.channel.ChannelManager - Adding key: http://localhost:55442 for channel [id: 0x25914afc, L:/127.0.0.1:52530 - R:localhost/127.0.0.1:55442]
11:14:24.081 [Forwarding findElement on session 62cbf3bca7140f0f3d88bfc52c1e871d to remote] DEBUG org.asynchttpclient.netty.request.NettyRequestSender - Using pooled Channel '[id: 0x25914afc, L:/127.0.0.1:52530 - R:localhost/127.0.0.1:55442]' for 'POST' to 'http://localhost:55442/session/62cbf3bca7140f0f3d88bfc52c1e871d/element'
11:14:24.081 [Forwarding findElement on session 62cbf3bca7140f0f3d88bfc52c1e871d to remote] DEBUG org.asynchttpclient.netty.request.NettyRequestSender - Using open Channel [id: 0x25914afc, L:/127.0.0.1:52530 - R:localhost/127.0.0.1:55442] for POST '/session/62cbf3bca7140f0f3d88bfc52c1e871d/element'
11:14:24.089 [AsyncHttpClient-1-2] DEBUG org.asynchttpclient.netty.handler.HttpHandler - 

Request DefaultHttpRequest(decodeResult: success, version: HTTP/1.1)
POST /session/62cbf3bca7140f0f3d88bfc52c1e871d/element HTTP/1.1
User-Agent: selenium/4.4.0 (java windows)
Content-Length: 77
Content-Type: application/json; charset=utf-8
host: localhost:55442
accept: */*

Response DefaultHttpResponse(decodeResult: success, version: HTTP/1.1)
HTTP/1.1 200 OK
Content-Type: application/json; charset=utf-8
cache-control: no-cache
content-length: 95

11:14:24.089 [AsyncHttpClient-1-2] DEBUG org.asynchttpclient.netty.channel.ChannelManager - Adding key: http://localhost:55442 for channel [id: 0x25914afc, L:/127.0.0.1:52530 - R:localhost/127.0.0.1:55442]
11:14:24.091 [Forwarding isElementDisplayed on session 62cbf3bca7140f0f3d88bfc52c1e871d to remote] DEBUG org.asynchttpclient.netty.request.NettyRequestSender - Using pooled Channel '[id: 0x25914afc, L:/127.0.0.1:52530 - R:localhost/127.0.0.1:55442]' for 'POST' to 'http://localhost:55442/session/62cbf3bca7140f0f3d88bfc52c1e871d/execute/sync'
11:14:24.092 [Forwarding isElementDisplayed on session 62cbf3bca7140f0f3d88bfc52c1e871d to remote] DEBUG org.asynchttpclient.netty.request.NettyRequestSender - Using open Channel [id: 0x25914afc, L:/127.0.0.1:52530 - R:localhost/127.0.0.1:55442] for POST '/session/62cbf3bca7140f0f3d88bfc52c1e871d/execute/sync'
11:14:24.101 [AsyncHttpClient-1-2] DEBUG org.asynchttpclient.netty.handler.HttpHandler - 

Request DefaultHttpRequest(decodeResult: success, version: HTTP/1.1)
POST /session/62cbf3bca7140f0f3d88bfc52c1e871d/execute/sync HTTP/1.1
User-Agent: selenium/4.4.0 (java windows)
Content-Length: 48787
Content-Type: application/json; charset=utf-8
host: localhost:55442
accept: */*

Response DefaultHttpResponse(decodeResult: success, version: HTTP/1.1)
HTTP/1.1 200 OK
Content-Type: application/json; charset=utf-8
cache-control: no-cache
content-length: 14

11:14:24.101 [AsyncHttpClient-1-2] DEBUG org.asynchttpclient.netty.channel.ChannelManager - Adding key: http://localhost:55442 for channel [id: 0x25914afc, L:/127.0.0.1:52530 - R:localhost/127.0.0.1:55442]
11:14:24.102 [Forwarding clickElement on session 62cbf3bca7140f0f3d88bfc52c1e871d to remote] DEBUG org.asynchttpclient.netty.request.NettyRequestSender - Using pooled Channel '[id: 0x25914afc, L:/127.0.0.1:52530 - R:localhost/127.0.0.1:55442]' for 'POST' to 'http://localhost:55442/session/62cbf3bca7140f0f3d88bfc52c1e871d/element/FED07CB55280300BDC630BE8C34FED4D_element_35/click'
11:14:24.102 [Forwarding clickElement on session 62cbf3bca7140f0f3d88bfc52c1e871d to remote] DEBUG org.asynchttpclient.netty.request.NettyRequestSender - Using open Channel [id: 0x25914afc, L:/127.0.0.1:52530 - R:localhost/127.0.0.1:55442] for POST '/session/62cbf3bca7140f0f3d88bfc52c1e871d/element/FED07CB55280300BDC630BE8C34FED4D_element_35/click'
11:14:24.142 [AsyncHttpClient-1-2] DEBUG org.asynchttpclient.netty.handler.HttpHandler - 

Request DefaultHttpRequest(decodeResult: success, version: HTTP/1.1)
POST /session/62cbf3bca7140f0f3d88bfc52c1e871d/element/FED07CB55280300BDC630BE8C34FED4D_element_35/click HTTP/1.1
User-Agent: selenium/4.4.0 (java windows)
Content-Length: 57
Content-Type: application/json; charset=utf-8
host: localhost:55442
accept: */*

Response DefaultHttpResponse(decodeResult: success, version: HTTP/1.1)
HTTP/1.1 200 OK
Content-Type: application/json; charset=utf-8
cache-control: no-cache
content-length: 14

11:14:24.143 [AsyncHttpClient-1-2] DEBUG org.asynchttpclient.netty.channel.ChannelManager - Adding key: http://localhost:55442 for channel [id: 0x25914afc, L:/127.0.0.1:52530 - R:localhost/127.0.0.1:55442]
11:14:24.148 [Forwarding getCurrentWindowHandle on session 62cbf3bca7140f0f3d88bfc52c1e871d to remote] DEBUG org.asynchttpclient.netty.request.NettyRequestSender - Using pooled Channel '[id: 0x25914afc, L:/127.0.0.1:52530 - R:localhost/127.0.0.1:55442]' for 'GET' to 'http://localhost:55442/session/62cbf3bca7140f0f3d88bfc52c1e871d/window'
11:14:24.148 [Forwarding getCurrentWindowHandle on session 62cbf3bca7140f0f3d88bfc52c1e871d to remote] DEBUG org.asynchttpclient.netty.request.NettyRequestSender - Using open Channel [id: 0x25914afc, L:/127.0.0.1:52530 - R:localhost/127.0.0.1:55442] for GET '/session/62cbf3bca7140f0f3d88bfc52c1e871d/window'
11:14:24.149 [AsyncHttpClient-1-2] DEBUG org.asynchttpclient.netty.handler.HttpHandler - 

Request DefaultFullHttpRequest(decodeResult: success, version: HTTP/1.1, content: EmptyByteBufBE)
GET /session/62cbf3bca7140f0f3d88bfc52c1e871d/window HTTP/1.1
User-Agent: selenium/4.4.0 (java windows)
Cache-Control: no-cache
Content-Type: application/json; charset=utf-8
host: localhost:55442
accept: */*

Response DefaultHttpResponse(decodeResult: success, version: HTTP/1.1)
HTTP/1.1 200 OK
Content-Type: application/json; charset=utf-8
cache-control: no-cache
content-length: 44

11:14:24.149 [AsyncHttpClient-1-2] DEBUG org.asynchttpclient.netty.channel.ChannelManager - Adding key: http://localhost:55442 for channel [id: 0x25914afc, L:/127.0.0.1:52530 - R:localhost/127.0.0.1:55442]
11:14:24.150 [Forwarding getAlertText on session 62cbf3bca7140f0f3d88bfc52c1e871d to remote] DEBUG org.asynchttpclient.netty.request.NettyRequestSender - Using pooled Channel '[id: 0x25914afc, L:/127.0.0.1:52530 - R:localhost/127.0.0.1:55442]' for 'GET' to 'http://localhost:55442/session/62cbf3bca7140f0f3d88bfc52c1e871d/alert/text'
11:14:24.150 [Forwarding getAlertText on session 62cbf3bca7140f0f3d88bfc52c1e871d to remote] DEBUG org.asynchttpclient.netty.request.NettyRequestSender - Using open Channel [id: 0x25914afc, L:/127.0.0.1:52530 - R:localhost/127.0.0.1:55442] for GET '/session/62cbf3bca7140f0f3d88bfc52c1e871d/alert/text'
11:14:24.152 [AsyncHttpClient-1-2] DEBUG org.asynchttpclient.netty.handler.HttpHandler - 

Request DefaultFullHttpRequest(decodeResult: success, version: HTTP/1.1, content: EmptyByteBufBE)
GET /session/62cbf3bca7140f0f3d88bfc52c1e871d/alert/text HTTP/1.1
User-Agent: selenium/4.4.0 (java windows)
Cache-Control: no-cache
Content-Type: application/json; charset=utf-8
host: localhost:55442
accept: */*

Response DefaultHttpResponse(decodeResult: success, version: HTTP/1.1)
HTTP/1.1 404 Not Found
Content-Type: application/json; charset=utf-8
cache-control: no-cache
content-length: 848

11:14:24.152 [AsyncHttpClient-1-2] DEBUG org.asynchttpclient.netty.channel.ChannelManager - Adding key: http://localhost:55442 for channel [id: 0x25914afc, L:/127.0.0.1:52530 - R:localhost/127.0.0.1:55442]
11:14:24.155 [Forwarding switchToWindow on session 62cbf3bca7140f0f3d88bfc52c1e871d to remote] DEBUG org.asynchttpclient.netty.request.NettyRequestSender - Using pooled Channel '[id: 0x25914afc, L:/127.0.0.1:52530 - R:localhost/127.0.0.1:55442]' for 'POST' to 'http://localhost:55442/session/62cbf3bca7140f0f3d88bfc52c1e871d/window'
11:14:24.155 [Forwarding switchToWindow on session 62cbf3bca7140f0f3d88bfc52c1e871d to remote] DEBUG org.asynchttpclient.netty.request.NettyRequestSender - Using open Channel [id: 0x25914afc, L:/127.0.0.1:52530 - R:localhost/127.0.0.1:55442] for POST '/session/62cbf3bca7140f0f3d88bfc52c1e871d/window'
11:14:24.158 [AsyncHttpClient-1-2] DEBUG org.asynchttpclient.netty.handler.HttpHandler - 

Request DefaultHttpRequest(decodeResult: success, version: HTTP/1.1)
POST /session/62cbf3bca7140f0f3d88bfc52c1e871d/window HTTP/1.1
User-Agent: selenium/4.4.0 (java windows)
Content-Length: 50
Content-Type: application/json; charset=utf-8
host: localhost:55442
accept: */*

Response DefaultHttpResponse(decodeResult: success, version: HTTP/1.1)
HTTP/1.1 200 OK
Content-Type: application/json; charset=utf-8
cache-control: no-cache
content-length: 14

11:14:24.159 [AsyncHttpClient-1-2] DEBUG org.asynchttpclient.netty.channel.ChannelManager - Adding key: http://localhost:55442 for channel [id: 0x25914afc, L:/127.0.0.1:52530 - R:localhost/127.0.0.1:55442]
11:14:24.159 [Forwarding getCurrentUrl on session 62cbf3bca7140f0f3d88bfc52c1e871d to remote] DEBUG org.asynchttpclient.netty.request.NettyRequestSender - Using pooled Channel '[id: 0x25914afc, L:/127.0.0.1:52530 - R:localhost/127.0.0.1:55442]' for 'GET' to 'http://localhost:55442/session/62cbf3bca7140f0f3d88bfc52c1e871d/url'
11:14:24.160 [Forwarding getCurrentUrl on session 62cbf3bca7140f0f3d88bfc52c1e871d to remote] DEBUG org.asynchttpclient.netty.request.NettyRequestSender - Using open Channel [id: 0x25914afc, L:/127.0.0.1:52530 - R:localhost/127.0.0.1:55442] for GET '/session/62cbf3bca7140f0f3d88bfc52c1e871d/url'
11:14:24.163 [AsyncHttpClient-1-2] DEBUG org.asynchttpclient.netty.handler.HttpHandler - 

Request DefaultFullHttpRequest(decodeResult: success, version: HTTP/1.1, content: EmptyByteBufBE)
GET /session/62cbf3bca7140f0f3d88bfc52c1e871d/url HTTP/1.1
User-Agent: selenium/4.4.0 (java windows)
Cache-Control: no-cache
Content-Type: application/json; charset=utf-8
host: localhost:55442
accept: */*

Response DefaultHttpResponse(decodeResult: success, version: HTTP/1.1)
HTTP/1.1 200 OK
Content-Type: application/json; charset=utf-8
cache-control: no-cache
content-length: 48

11:14:24.164 [AsyncHttpClient-1-2] DEBUG org.asynchttpclient.netty.channel.ChannelManager - Adding key: http://localhost:55442 for channel [id: 0x25914afc, L:/127.0.0.1:52530 - R:localhost/127.0.0.1:55442]
11:14:24.175 [Forwarding screenshot on session 62cbf3bca7140f0f3d88bfc52c1e871d to remote] DEBUG org.asynchttpclient.netty.request.NettyRequestSender - Using pooled Channel '[id: 0x25914afc, L:/127.0.0.1:52530 - R:localhost/127.0.0.1:55442]' for 'GET' to 'http://localhost:55442/session/62cbf3bca7140f0f3d88bfc52c1e871d/screenshot'
11:14:24.175 [Forwarding screenshot on session 62cbf3bca7140f0f3d88bfc52c1e871d to remote] DEBUG org.asynchttpclient.netty.request.NettyRequestSender - Using open Channel [id: 0x25914afc, L:/127.0.0.1:52530 - R:localhost/127.0.0.1:55442] for GET '/session/62cbf3bca7140f0f3d88bfc52c1e871d/screenshot'
11:14:24.340 [AsyncHttpClient-1-2] DEBUG org.asynchttpclient.netty.handler.HttpHandler - 

Request DefaultFullHttpRequest(decodeResult: success, version: HTTP/1.1, content: EmptyByteBufBE)
GET /session/62cbf3bca7140f0f3d88bfc52c1e871d/screenshot HTTP/1.1
User-Agent: selenium/4.4.0 (java windows)
Cache-Control: no-cache
Content-Type: application/json; charset=utf-8
host: localhost:55442
accept: */*

Response DefaultHttpResponse(decodeResult: success, version: HTTP/1.1)
HTTP/1.1 200 OK
Content-Type: application/json; charset=utf-8
cache-control: no-cache
content-length: 399500

11:14:24.341 [AsyncHttpClient-1-2] DEBUG org.asynchttpclient.netty.channel.ChannelManager - Adding key: http://localhost:55442 for channel [id: 0x25914afc, L:/127.0.0.1:52530 - R:localhost/127.0.0.1:55442]
11:14:24.347 [main] DEBUG net.serenitybdd.core.photography.Darkroom - Send negative for processing for target\site\serenity\06786108926f26b1664393f2198c712bf4246ff1823450b17e26bc2be90458ed.png
11:14:24.347 [main] DEBUG net.thucydides.core.steps.StepInterceptor - STEP DONE: Navega a la pestaña login
  &amp#27;[32mAnd &amp#27;[0m&amp#27;[32mel usuario se direge a la pestaña login&amp#27;[0m                                                                 &amp#27;[90m# Step.ComprarDispositivosElectronicosStep.el_usuario_se_direge_a_la_pestaña_login()&amp#27;[0m
11:14:24.347 [Darkroom Processing Line] DEBUG net.serenitybdd.core.photography.DarkroomProcessingLine - Processing screenshot image in /var/screenshots/screenshot-14235953832552540545
11:14:24.347 [Darkroom Processing Line] DEBUG net.serenitybdd.core.photography.DarkroomProcessingLine - Saving screenshot to target\site\serenity\06786108926f26b1664393f2198c712bf4246ff1823450b17e26bc2be90458ed.png
11:14:24.361 [main] DEBUG net.thucydides.core.steps.StepInterceptor - STARTING STEP: ComprarDispositivosElectronicosStep.el_usuario_se_logea_correctamente - el usuario escribe su usuario {usuario}, su password {password} y pulsa el boton Login
11:14:24.363 [Forwarding findElement on session 62cbf3bca7140f0f3d88bfc52c1e871d to remote] DEBUG org.asynchttpclient.netty.request.NettyRequestSender - Using pooled Channel '[id: 0x25914afc, L:/127.0.0.1:52530 - R:localhost/127.0.0.1:55442]' for 'POST' to 'http://localhost:55442/session/62cbf3bca7140f0f3d88bfc52c1e871d/element'
11:14:24.363 [Forwarding findElement on session 62cbf3bca7140f0f3d88bfc52c1e871d to remote] DEBUG org.asynchttpclient.netty.request.NettyRequestSender - Using open Channel [id: 0x25914afc, L:/127.0.0.1:52530 - R:localhost/127.0.0.1:55442] for POST '/session/62cbf3bca7140f0f3d88bfc52c1e871d/element'
11:14:24.375 [AsyncHttpClient-1-2] DEBUG org.asynchttpclient.netty.handler.HttpHandler - 

Request DefaultHttpRequest(decodeResult: success, version: HTTP/1.1)
POST /session/62cbf3bca7140f0f3d88bfc52c1e871d/element HTTP/1.1
User-Agent: selenium/4.4.0 (java windows)
Content-Length: 75
Content-Type: application/json; charset=utf-8
host: localhost:55442
accept: */*

Response DefaultHttpResponse(decodeResult: success, version: HTTP/1.1)
HTTP/1.1 200 OK
Content-Type: application/json; charset=utf-8
cache-control: no-cache
content-length: 95

11:14:24.375 [AsyncHttpClient-1-2] DEBUG org.asynchttpclient.netty.channel.ChannelManager - Adding key: http://localhost:55442 for channel [id: 0x25914afc, L:/127.0.0.1:52530 - R:localhost/127.0.0.1:55442]
11:14:24.378 [Forwarding isElementDisplayed on session 62cbf3bca7140f0f3d88bfc52c1e871d to remote] DEBUG org.asynchttpclient.netty.request.NettyRequestSender - Using pooled Channel '[id: 0x25914afc, L:/127.0.0.1:52530 - R:localhost/127.0.0.1:55442]' for 'POST' to 'http://localhost:55442/session/62cbf3bca7140f0f3d88bfc52c1e871d/execute/sync'
11:14:24.378 [Forwarding isElementDisplayed on session 62cbf3bca7140f0f3d88bfc52c1e871d to remote] DEBUG org.asynchttpclient.netty.request.NettyRequestSender - Using open Channel [id: 0x25914afc, L:/127.0.0.1:52530 - R:localhost/127.0.0.1:55442] for POST '/session/62cbf3bca7140f0f3d88bfc52c1e871d/execute/sync'
11:14:24.386 [AsyncHttpClient-1-2] DEBUG org.asynchttpclient.netty.handler.HttpHandler - 

Request DefaultHttpRequest(decodeResult: success, version: HTTP/1.1)
POST /session/62cbf3bca7140f0f3d88bfc52c1e871d/execute/sync HTTP/1.1
User-Agent: selenium/4.4.0 (java windows)
Content-Length: 48787
Content-Type: application/json; charset=utf-8
host: localhost:55442
accept: */*

Response DefaultHttpResponse(decodeResult: success, version: HTTP/1.1)
HTTP/1.1 200 OK
Content-Type: application/json; charset=utf-8
cache-control: no-cache
content-length: 14

11:14:24.386 [AsyncHttpClient-1-2] DEBUG org.asynchttpclient.netty.channel.ChannelManager - Adding key: http://localhost:55442 for channel [id: 0x25914afc, L:/127.0.0.1:52530 - R:localhost/127.0.0.1:55442]
11:14:24.389 [Forwarding isElementDisplayed on session 62cbf3bca7140f0f3d88bfc52c1e871d to remote] DEBUG org.asynchttpclient.netty.request.NettyRequestSender - Using pooled Channel '[id: 0x25914afc, L:/127.0.0.1:52530 - R:localhost/127.0.0.1:55442]' for 'POST' to 'http://localhost:55442/session/62cbf3bca7140f0f3d88bfc52c1e871d/execute/sync'
11:14:24.389 [Forwarding isElementDisplayed on session 62cbf3bca7140f0f3d88bfc52c1e871d to remote] DEBUG org.asynchttpclient.netty.request.NettyRequestSender - Using open Channel [id: 0x25914afc, L:/127.0.0.1:52530 - R:localhost/127.0.0.1:55442] for POST '/session/62cbf3bca7140f0f3d88bfc52c1e871d/execute/sync'
11:14:24.395 [AsyncHttpClient-1-2] DEBUG org.asynchttpclient.netty.handler.HttpHandler - 

Request DefaultHttpRequest(decodeResult: success, version: HTTP/1.1)
POST /session/62cbf3bca7140f0f3d88bfc52c1e871d/execute/sync HTTP/1.1
User-Agent: selenium/4.4.0 (java windows)
Content-Length: 48787
Content-Type: application/json; charset=utf-8
host: localhost:55442
accept: */*

Response DefaultHttpResponse(decodeResult: success, version: HTTP/1.1)
HTTP/1.1 200 OK
Content-Type: application/json; charset=utf-8
cache-control: no-cache
content-length: 14

11:14:24.395 [AsyncHttpClient-1-2] DEBUG org.asynchttpclient.netty.channel.ChannelManager - Adding key: http://localhost:55442 for channel [id: 0x25914afc, L:/127.0.0.1:52530 - R:localhost/127.0.0.1:55442]
11:14:24.397 [Forwarding findElement on session 62cbf3bca7140f0f3d88bfc52c1e871d to remote] DEBUG org.asynchttpclient.netty.request.NettyRequestSender - Using pooled Channel '[id: 0x25914afc, L:/127.0.0.1:52530 - R:localhost/127.0.0.1:55442]' for 'POST' to 'http://localhost:55442/session/62cbf3bca7140f0f3d88bfc52c1e871d/element'
11:14:24.397 [Forwarding findElement on session 62cbf3bca7140f0f3d88bfc52c1e871d to remote] DEBUG org.asynchttpclient.netty.request.NettyRequestSender - Using open Channel [id: 0x25914afc, L:/127.0.0.1:52530 - R:localhost/127.0.0.1:55442] for POST '/session/62cbf3bca7140f0f3d88bfc52c1e871d/element'
11:14:24.402 [AsyncHttpClient-1-2] DEBUG org.asynchttpclient.netty.handler.HttpHandler - 

Request DefaultHttpRequest(decodeResult: success, version: HTTP/1.1)
POST /session/62cbf3bca7140f0f3d88bfc52c1e871d/element HTTP/1.1
User-Agent: selenium/4.4.0 (java windows)
Content-Length: 75
Content-Type: application/json; charset=utf-8
host: localhost:55442
accept: */*

Response DefaultHttpResponse(decodeResult: success, version: HTTP/1.1)
HTTP/1.1 200 OK
Content-Type: application/json; charset=utf-8
cache-control: no-cache
content-length: 95

11:14:24.402 [AsyncHttpClient-1-2] DEBUG org.asynchttpclient.netty.channel.ChannelManager - Adding key: http://localhost:55442 for channel [id: 0x25914afc, L:/127.0.0.1:52530 - R:localhost/127.0.0.1:55442]
11:14:24.406 [Forwarding isElementDisplayed on session 62cbf3bca7140f0f3d88bfc52c1e871d to remote] DEBUG org.asynchttpclient.netty.request.NettyRequestSender - Using pooled Channel '[id: 0x25914afc, L:/127.0.0.1:52530 - R:localhost/127.0.0.1:55442]' for 'POST' to 'http://localhost:55442/session/62cbf3bca7140f0f3d88bfc52c1e871d/execute/sync'
11:14:24.406 [Forwarding isElementDisplayed on session 62cbf3bca7140f0f3d88bfc52c1e871d to remote] DEBUG org.asynchttpclient.netty.request.NettyRequestSender - Using open Channel [id: 0x25914afc, L:/127.0.0.1:52530 - R:localhost/127.0.0.1:55442] for POST '/session/62cbf3bca7140f0f3d88bfc52c1e871d/execute/sync'
11:14:24.413 [AsyncHttpClient-1-2] DEBUG org.asynchttpclient.netty.handler.HttpHandler - 

Request DefaultHttpRequest(decodeResult: success, version: HTTP/1.1)
POST /session/62cbf3bca7140f0f3d88bfc52c1e871d/execute/sync HTTP/1.1
User-Agent: selenium/4.4.0 (java windows)
Content-Length: 48787
Content-Type: application/json; charset=utf-8
host: localhost:55442
accept: */*

Response DefaultHttpResponse(decodeResult: success, version: HTTP/1.1)
HTTP/1.1 200 OK
Content-Type: application/json; charset=utf-8
cache-control: no-cache
content-length: 14

11:14:24.413 [AsyncHttpClient-1-2] DEBUG org.asynchttpclient.netty.channel.ChannelManager - Adding key: http://localhost:55442 for channel [id: 0x25914afc, L:/127.0.0.1:52530 - R:localhost/127.0.0.1:55442]
11:14:24.414 [Forwarding isElementEnabled on session 62cbf3bca7140f0f3d88bfc52c1e871d to remote] DEBUG org.asynchttpclient.netty.request.NettyRequestSender - Using pooled Channel '[id: 0x25914afc, L:/127.0.0.1:52530 - R:localhost/127.0.0.1:55442]' for 'GET' to 'http://localhost:55442/session/62cbf3bca7140f0f3d88bfc52c1e871d/element/FED07CB55280300BDC630BE8C34FED4D_element_37/enabled'
11:14:24.414 [Forwarding isElementEnabled on session 62cbf3bca7140f0f3d88bfc52c1e871d to remote] DEBUG org.asynchttpclient.netty.request.NettyRequestSender - Using open Channel [id: 0x25914afc, L:/127.0.0.1:52530 - R:localhost/127.0.0.1:55442] for GET '/session/62cbf3bca7140f0f3d88bfc52c1e871d/element/FED07CB55280300BDC630BE8C34FED4D_element_37/enabled'
11:14:24.420 [AsyncHttpClient-1-2] DEBUG org.asynchttpclient.netty.handler.HttpHandler - 

Request DefaultFullHttpRequest(decodeResult: success, version: HTTP/1.1, content: EmptyByteBufBE)
GET /session/62cbf3bca7140f0f3d88bfc52c1e871d/element/FED07CB55280300BDC630BE8C34FED4D_element_37/enabled HTTP/1.1
User-Agent: selenium/4.4.0 (java windows)
Cache-Control: no-cache
Content-Type: application/json; charset=utf-8
host: localhost:55442
accept: */*

Response DefaultHttpResponse(decodeResult: success, version: HTTP/1.1)
HTTP/1.1 200 OK
Content-Type: application/json; charset=utf-8
cache-control: no-cache
content-length: 14

11:14:24.420 [AsyncHttpClient-1-2] DEBUG org.asynchttpclient.netty.channel.ChannelManager - Adding key: http://localhost:55442 for channel [id: 0x25914afc, L:/127.0.0.1:52530 - R:localhost/127.0.0.1:55442]
11:14:24.423 [Forwarding findElement on session 62cbf3bca7140f0f3d88bfc52c1e871d to remote] DEBUG org.asynchttpclient.netty.request.NettyRequestSender - Using pooled Channel '[id: 0x25914afc, L:/127.0.0.1:52530 - R:localhost/127.0.0.1:55442]' for 'POST' to 'http://localhost:55442/session/62cbf3bca7140f0f3d88bfc52c1e871d/element'
11:14:24.424 [Forwarding findElement on session 62cbf3bca7140f0f3d88bfc52c1e871d to remote] DEBUG org.asynchttpclient.netty.request.NettyRequestSender - Using open Channel [id: 0x25914afc, L:/127.0.0.1:52530 - R:localhost/127.0.0.1:55442] for POST '/session/62cbf3bca7140f0f3d88bfc52c1e871d/element'
11:14:24.429 [AsyncHttpClient-1-2] DEBUG org.asynchttpclient.netty.handler.HttpHandler - 

Request DefaultHttpRequest(decodeResult: success, version: HTTP/1.1)
POST /session/62cbf3bca7140f0f3d88bfc52c1e871d/element HTTP/1.1
User-Agent: selenium/4.4.0 (java windows)
Content-Length: 75
Content-Type: application/json; charset=utf-8
host: localhost:55442
accept: */*

Response DefaultHttpResponse(decodeResult: success, version: HTTP/1.1)
HTTP/1.1 200 OK
Content-Type: application/json; charset=utf-8
cache-control: no-cache
content-length: 95

11:14:24.430 [AsyncHttpClient-1-2] DEBUG org.asynchttpclient.netty.channel.ChannelManager - Adding key: http://localhost:55442 for channel [id: 0x25914afc, L:/127.0.0.1:52530 - R:localhost/127.0.0.1:55442]
11:14:24.432 [Forwarding isElementDisplayed on session 62cbf3bca7140f0f3d88bfc52c1e871d to remote] DEBUG org.asynchttpclient.netty.request.NettyRequestSender - Using pooled Channel '[id: 0x25914afc, L:/127.0.0.1:52530 - R:localhost/127.0.0.1:55442]' for 'POST' to 'http://localhost:55442/session/62cbf3bca7140f0f3d88bfc52c1e871d/execute/sync'
11:14:24.432 [Forwarding isElementDisplayed on session 62cbf3bca7140f0f3d88bfc52c1e871d to remote] DEBUG org.asynchttpclient.netty.request.NettyRequestSender - Using open Channel [id: 0x25914afc, L:/127.0.0.1:52530 - R:localhost/127.0.0.1:55442] for POST '/session/62cbf3bca7140f0f3d88bfc52c1e871d/execute/sync'
11:14:24.440 [AsyncHttpClient-1-2] DEBUG org.asynchttpclient.netty.handler.HttpHandler - 

Request DefaultHttpRequest(decodeResult: success, version: HTTP/1.1)
POST /session/62cbf3bca7140f0f3d88bfc52c1e871d/execute/sync HTTP/1.1
User-Agent: selenium/4.4.0 (java windows)
Content-Length: 48787
Content-Type: application/json; charset=utf-8
host: localhost:55442
accept: */*

Response DefaultHttpResponse(decodeResult: success, version: HTTP/1.1)
HTTP/1.1 200 OK
Content-Type: application/json; charset=utf-8
cache-control: no-cache
content-length: 14

11:14:24.440 [AsyncHttpClient-1-2] DEBUG org.asynchttpclient.netty.channel.ChannelManager - Adding key: http://localhost:55442 for channel [id: 0x25914afc, L:/127.0.0.1:52530 - R:localhost/127.0.0.1:55442]
11:14:24.443 [Forwarding sendKeysToElement on session 62cbf3bca7140f0f3d88bfc52c1e871d to remote] DEBUG org.asynchttpclient.netty.request.NettyRequestSender - Using pooled Channel '[id: 0x25914afc, L:/127.0.0.1:52530 - R:localhost/127.0.0.1:55442]' for 'POST' to 'http://localhost:55442/session/62cbf3bca7140f0f3d88bfc52c1e871d/element/FED07CB55280300BDC630BE8C34FED4D_element_37/value'
11:14:24.443 [Forwarding sendKeysToElement on session 62cbf3bca7140f0f3d88bfc52c1e871d to remote] DEBUG org.asynchttpclient.netty.request.NettyRequestSender - Using open Channel [id: 0x25914afc, L:/127.0.0.1:52530 - R:localhost/127.0.0.1:55442] for POST '/session/62cbf3bca7140f0f3d88bfc52c1e871d/element/FED07CB55280300BDC630BE8C34FED4D_element_37/value'
11:14:24.448 [AsyncHttpClient-1-1] DEBUG org.asynchttpclient.netty.channel.DefaultChannelPool - Entry count for : http://localhost:52531 : 1
11:14:24.501 [AsyncHttpClient-1-2] DEBUG org.asynchttpclient.netty.handler.HttpHandler - 

Request DefaultHttpRequest(decodeResult: success, version: HTTP/1.1)
POST /session/62cbf3bca7140f0f3d88bfc52c1e871d/element/FED07CB55280300BDC630BE8C34FED4D_element_37/value HTTP/1.1
User-Agent: selenium/4.4.0 (java windows)
Content-Length: 162
Content-Type: application/json; charset=utf-8
host: localhost:55442
accept: */*

Response DefaultHttpResponse(decodeResult: success, version: HTTP/1.1)
HTTP/1.1 200 OK
Content-Type: application/json; charset=utf-8
cache-control: no-cache
content-length: 14

11:14:24.501 [AsyncHttpClient-1-2] DEBUG org.asynchttpclient.netty.channel.ChannelManager - Adding key: http://localhost:55442 for channel [id: 0x25914afc, L:/127.0.0.1:52530 - R:localhost/127.0.0.1:55442]
11:14:24.502 [Forwarding screenshot on session 62cbf3bca7140f0f3d88bfc52c1e871d to remote] DEBUG org.asynchttpclient.netty.request.NettyRequestSender - Using pooled Channel '[id: 0x25914afc, L:/127.0.0.1:52530 - R:localhost/127.0.0.1:55442]' for 'GET' to 'http://localhost:55442/session/62cbf3bca7140f0f3d88bfc52c1e871d/screenshot'
11:14:24.502 [Forwarding screenshot on session 62cbf3bca7140f0f3d88bfc52c1e871d to remote] DEBUG org.asynchttpclient.netty.request.NettyRequestSender - Using open Channel [id: 0x25914afc, L:/127.0.0.1:52530 - R:localhost/127.0.0.1:55442] for GET '/session/62cbf3bca7140f0f3d88bfc52c1e871d/screenshot'
11:14:24.635 [AsyncHttpClient-1-2] DEBUG org.asynchttpclient.netty.handler.HttpHandler - 

Request DefaultFullHttpRequest(decodeResult: success, version: HTTP/1.1, content: EmptyByteBufBE)
GET /session/62cbf3bca7140f0f3d88bfc52c1e871d/screenshot HTTP/1.1
User-Agent: selenium/4.4.0 (java windows)
Cache-Control: no-cache
Content-Type: application/json; charset=utf-8
host: localhost:55442
accept: */*

Response DefaultHttpResponse(decodeResult: success, version: HTTP/1.1)
HTTP/1.1 200 OK
Content-Type: application/json; charset=utf-8
cache-control: no-cache
content-length: 244712

11:14:24.636 [AsyncHttpClient-1-2] DEBUG org.asynchttpclient.netty.channel.ChannelManager - Adding key: http://localhost:55442 for channel [id: 0x25914afc, L:/127.0.0.1:52530 - R:localhost/127.0.0.1:55442]
11:14:24.648 [Forwarding findElement on session 62cbf3bca7140f0f3d88bfc52c1e871d to remote] DEBUG org.asynchttpclient.netty.request.NettyRequestSender - Using pooled Channel '[id: 0x25914afc, L:/127.0.0.1:52530 - R:localhost/127.0.0.1:55442]' for 'POST' to 'http://localhost:55442/session/62cbf3bca7140f0f3d88bfc52c1e871d/element'
11:14:24.648 [Forwarding findElement on session 62cbf3bca7140f0f3d88bfc52c1e871d to remote] DEBUG org.asynchttpclient.netty.request.NettyRequestSender - Using open Channel [id: 0x25914afc, L:/127.0.0.1:52530 - R:localhost/127.0.0.1:55442] for POST '/session/62cbf3bca7140f0f3d88bfc52c1e871d/element'
11:14:24.658 [AsyncHttpClient-1-2] DEBUG org.asynchttpclient.netty.handler.HttpHandler - 

Request DefaultHttpRequest(decodeResult: success, version: HTTP/1.1)
POST /session/62cbf3bca7140f0f3d88bfc52c1e871d/element HTTP/1.1
User-Agent: selenium/4.4.0 (java windows)
Content-Length: 75
Content-Type: application/json; charset=utf-8
host: localhost:55442
accept: */*

Response DefaultHttpResponse(decodeResult: success, version: HTTP/1.1)
HTTP/1.1 200 OK
Content-Type: application/json; charset=utf-8
cache-control: no-cache
content-length: 95

11:14:24.658 [AsyncHttpClient-1-2] DEBUG org.asynchttpclient.netty.channel.ChannelManager - Adding key: http://localhost:55442 for channel [id: 0x25914afc, L:/127.0.0.1:52530 - R:localhost/127.0.0.1:55442]
11:14:24.660 [Forwarding isElementDisplayed on session 62cbf3bca7140f0f3d88bfc52c1e871d to remote] DEBUG org.asynchttpclient.netty.request.NettyRequestSender - Using pooled Channel '[id: 0x25914afc, L:/127.0.0.1:52530 - R:localhost/127.0.0.1:55442]' for 'POST' to 'http://localhost:55442/session/62cbf3bca7140f0f3d88bfc52c1e871d/execute/sync'
11:14:24.660 [Forwarding isElementDisplayed on session 62cbf3bca7140f0f3d88bfc52c1e871d to remote] DEBUG org.asynchttpclient.netty.request.NettyRequestSender - Using open Channel [id: 0x25914afc, L:/127.0.0.1:52530 - R:localhost/127.0.0.1:55442] for POST '/session/62cbf3bca7140f0f3d88bfc52c1e871d/execute/sync'
11:14:24.667 [AsyncHttpClient-1-2] DEBUG org.asynchttpclient.netty.handler.HttpHandler - 

Request DefaultHttpRequest(decodeResult: success, version: HTTP/1.1)
POST /session/62cbf3bca7140f0f3d88bfc52c1e871d/execute/sync HTTP/1.1
User-Agent: selenium/4.4.0 (java windows)
Content-Length: 48787
Content-Type: application/json; charset=utf-8
host: localhost:55442
accept: */*

Response DefaultHttpResponse(decodeResult: success, version: HTTP/1.1)
HTTP/1.1 200 OK
Content-Type: application/json; charset=utf-8
cache-control: no-cache
content-length: 14

11:14:24.667 [AsyncHttpClient-1-2] DEBUG org.asynchttpclient.netty.channel.ChannelManager - Adding key: http://localhost:55442 for channel [id: 0x25914afc, L:/127.0.0.1:52530 - R:localhost/127.0.0.1:55442]
11:14:24.669 [Forwarding isElementDisplayed on session 62cbf3bca7140f0f3d88bfc52c1e871d to remote] DEBUG org.asynchttpclient.netty.request.NettyRequestSender - Using pooled Channel '[id: 0x25914afc, L:/127.0.0.1:52530 - R:localhost/127.0.0.1:55442]' for 'POST' to 'http://localhost:55442/session/62cbf3bca7140f0f3d88bfc52c1e871d/execute/sync'
11:14:24.669 [Forwarding isElementDisplayed on session 62cbf3bca7140f0f3d88bfc52c1e871d to remote] DEBUG org.asynchttpclient.netty.request.NettyRequestSender - Using open Channel [id: 0x25914afc, L:/127.0.0.1:52530 - R:localhost/127.0.0.1:55442] for POST '/session/62cbf3bca7140f0f3d88bfc52c1e871d/execute/sync'
11:14:24.677 [AsyncHttpClient-1-2] DEBUG org.asynchttpclient.netty.handler.HttpHandler - 

Request DefaultHttpRequest(decodeResult: success, version: HTTP/1.1)
POST /session/62cbf3bca7140f0f3d88bfc52c1e871d/execute/sync HTTP/1.1
User-Agent: selenium/4.4.0 (java windows)
Content-Length: 48787
Content-Type: application/json; charset=utf-8
host: localhost:55442
accept: */*

Response DefaultHttpResponse(decodeResult: success, version: HTTP/1.1)
HTTP/1.1 200 OK
Content-Type: application/json; charset=utf-8
cache-control: no-cache
content-length: 14

11:14:24.677 [AsyncHttpClient-1-2] DEBUG org.asynchttpclient.netty.channel.ChannelManager - Adding key: http://localhost:55442 for channel [id: 0x25914afc, L:/127.0.0.1:52530 - R:localhost/127.0.0.1:55442]
11:14:24.679 [Forwarding findElement on session 62cbf3bca7140f0f3d88bfc52c1e871d to remote] DEBUG org.asynchttpclient.netty.request.NettyRequestSender - Using pooled Channel '[id: 0x25914afc, L:/127.0.0.1:52530 - R:localhost/127.0.0.1:55442]' for 'POST' to 'http://localhost:55442/session/62cbf3bca7140f0f3d88bfc52c1e871d/element'
11:14:24.679 [Forwarding findElement on session 62cbf3bca7140f0f3d88bfc52c1e871d to remote] DEBUG org.asynchttpclient.netty.request.NettyRequestSender - Using open Channel [id: 0x25914afc, L:/127.0.0.1:52530 - R:localhost/127.0.0.1:55442] for POST '/session/62cbf3bca7140f0f3d88bfc52c1e871d/element'
11:14:24.684 [AsyncHttpClient-1-2] DEBUG org.asynchttpclient.netty.handler.HttpHandler - 

Request DefaultHttpRequest(decodeResult: success, version: HTTP/1.1)
POST /session/62cbf3bca7140f0f3d88bfc52c1e871d/element HTTP/1.1
User-Agent: selenium/4.4.0 (java windows)
Content-Length: 75
Content-Type: application/json; charset=utf-8
host: localhost:55442
accept: */*

Response DefaultHttpResponse(decodeResult: success, version: HTTP/1.1)
HTTP/1.1 200 OK
Content-Type: application/json; charset=utf-8
cache-control: no-cache
content-length: 95

11:14:24.684 [AsyncHttpClient-1-2] DEBUG org.asynchttpclient.netty.channel.ChannelManager - Adding key: http://localhost:55442 for channel [id: 0x25914afc, L:/127.0.0.1:52530 - R:localhost/127.0.0.1:55442]
11:14:24.686 [Forwarding isElementDisplayed on session 62cbf3bca7140f0f3d88bfc52c1e871d to remote] DEBUG org.asynchttpclient.netty.request.NettyRequestSender - Using pooled Channel '[id: 0x25914afc, L:/127.0.0.1:52530 - R:localhost/127.0.0.1:55442]' for 'POST' to 'http://localhost:55442/session/62cbf3bca7140f0f3d88bfc52c1e871d/execute/sync'
11:14:24.686 [Forwarding isElementDisplayed on session 62cbf3bca7140f0f3d88bfc52c1e871d to remote] DEBUG org.asynchttpclient.netty.request.NettyRequestSender - Using open Channel [id: 0x25914afc, L:/127.0.0.1:52530 - R:localhost/127.0.0.1:55442] for POST '/session/62cbf3bca7140f0f3d88bfc52c1e871d/execute/sync'
11:14:24.693 [AsyncHttpClient-1-2] DEBUG org.asynchttpclient.netty.handler.HttpHandler - 

Request DefaultHttpRequest(decodeResult: success, version: HTTP/1.1)
POST /session/62cbf3bca7140f0f3d88bfc52c1e871d/execute/sync HTTP/1.1
User-Agent: selenium/4.4.0 (java windows)
Content-Length: 48787
Content-Type: application/json; charset=utf-8
host: localhost:55442
accept: */*

Response DefaultHttpResponse(decodeResult: success, version: HTTP/1.1)
HTTP/1.1 200 OK
Content-Type: application/json; charset=utf-8
cache-control: no-cache
content-length: 14

11:14:24.693 [AsyncHttpClient-1-2] DEBUG org.asynchttpclient.netty.channel.ChannelManager - Adding key: http://localhost:55442 for channel [id: 0x25914afc, L:/127.0.0.1:52530 - R:localhost/127.0.0.1:55442]
11:14:24.694 [Forwarding isElementEnabled on session 62cbf3bca7140f0f3d88bfc52c1e871d to remote] DEBUG org.asynchttpclient.netty.request.NettyRequestSender - Using pooled Channel '[id: 0x25914afc, L:/127.0.0.1:52530 - R:localhost/127.0.0.1:55442]' for 'GET' to 'http://localhost:55442/session/62cbf3bca7140f0f3d88bfc52c1e871d/element/FED07CB55280300BDC630BE8C34FED4D_element_27/enabled'
11:14:24.694 [Forwarding isElementEnabled on session 62cbf3bca7140f0f3d88bfc52c1e871d to remote] DEBUG org.asynchttpclient.netty.request.NettyRequestSender - Using open Channel [id: 0x25914afc, L:/127.0.0.1:52530 - R:localhost/127.0.0.1:55442] for GET '/session/62cbf3bca7140f0f3d88bfc52c1e871d/element/FED07CB55280300BDC630BE8C34FED4D_element_27/enabled'
11:14:24.698 [AsyncHttpClient-1-2] DEBUG org.asynchttpclient.netty.handler.HttpHandler - 

Request DefaultFullHttpRequest(decodeResult: success, version: HTTP/1.1, content: EmptyByteBufBE)
GET /session/62cbf3bca7140f0f3d88bfc52c1e871d/element/FED07CB55280300BDC630BE8C34FED4D_element_27/enabled HTTP/1.1
User-Agent: selenium/4.4.0 (java windows)
Cache-Control: no-cache
Content-Type: application/json; charset=utf-8
host: localhost:55442
accept: */*

Response DefaultHttpResponse(decodeResult: success, version: HTTP/1.1)
HTTP/1.1 200 OK
Content-Type: application/json; charset=utf-8
cache-control: no-cache
content-length: 14

11:14:24.698 [AsyncHttpClient-1-2] DEBUG org.asynchttpclient.netty.channel.ChannelManager - Adding key: http://localhost:55442 for channel [id: 0x25914afc, L:/127.0.0.1:52530 - R:localhost/127.0.0.1:55442]
11:14:24.700 [Forwarding findElement on session 62cbf3bca7140f0f3d88bfc52c1e871d to remote] DEBUG org.asynchttpclient.netty.request.NettyRequestSender - Using pooled Channel '[id: 0x25914afc, L:/127.0.0.1:52530 - R:localhost/127.0.0.1:55442]' for 'POST' to 'http://localhost:55442/session/62cbf3bca7140f0f3d88bfc52c1e871d/element'
11:14:24.700 [Forwarding findElement on session 62cbf3bca7140f0f3d88bfc52c1e871d to remote] DEBUG org.asynchttpclient.netty.request.NettyRequestSender - Using open Channel [id: 0x25914afc, L:/127.0.0.1:52530 - R:localhost/127.0.0.1:55442] for POST '/session/62cbf3bca7140f0f3d88bfc52c1e871d/element'
11:14:24.706 [AsyncHttpClient-1-2] DEBUG org.asynchttpclient.netty.handler.HttpHandler - 

Request DefaultHttpRequest(decodeResult: success, version: HTTP/1.1)
POST /session/62cbf3bca7140f0f3d88bfc52c1e871d/element HTTP/1.1
User-Agent: selenium/4.4.0 (java windows)
Content-Length: 75
Content-Type: application/json; charset=utf-8
host: localhost:55442
accept: */*

Response DefaultHttpResponse(decodeResult: success, version: HTTP/1.1)
HTTP/1.1 200 OK
Content-Type: application/json; charset=utf-8
cache-control: no-cache
content-length: 95

11:14:24.706 [AsyncHttpClient-1-2] DEBUG org.asynchttpclient.netty.channel.ChannelManager - Adding key: http://localhost:55442 for channel [id: 0x25914afc, L:/127.0.0.1:52530 - R:localhost/127.0.0.1:55442]
11:14:24.708 [Forwarding isElementDisplayed on session 62cbf3bca7140f0f3d88bfc52c1e871d to remote] DEBUG org.asynchttpclient.netty.request.NettyRequestSender - Using pooled Channel '[id: 0x25914afc, L:/127.0.0.1:52530 - R:localhost/127.0.0.1:55442]' for 'POST' to 'http://localhost:55442/session/62cbf3bca7140f0f3d88bfc52c1e871d/execute/sync'
11:14:24.708 [Forwarding isElementDisplayed on session 62cbf3bca7140f0f3d88bfc52c1e871d to remote] DEBUG org.asynchttpclient.netty.request.NettyRequestSender - Using open Channel [id: 0x25914afc, L:/127.0.0.1:52530 - R:localhost/127.0.0.1:55442] for POST '/session/62cbf3bca7140f0f3d88bfc52c1e871d/execute/sync'
11:14:24.714 [AsyncHttpClient-1-2] DEBUG org.asynchttpclient.netty.handler.HttpHandler - 

Request DefaultHttpRequest(decodeResult: success, version: HTTP/1.1)
POST /session/62cbf3bca7140f0f3d88bfc52c1e871d/execute/sync HTTP/1.1
User-Agent: selenium/4.4.0 (java windows)
Content-Length: 48787
Content-Type: application/json; charset=utf-8
host: localhost:55442
accept: */*

Response DefaultHttpResponse(decodeResult: success, version: HTTP/1.1)
HTTP/1.1 200 OK
Content-Type: application/json; charset=utf-8
cache-control: no-cache
content-length: 14

11:14:24.714 [AsyncHttpClient-1-2] DEBUG org.asynchttpclient.netty.channel.ChannelManager - Adding key: http://localhost:55442 for channel [id: 0x25914afc, L:/127.0.0.1:52530 - R:localhost/127.0.0.1:55442]
11:14:24.715 [Forwarding sendKeysToElement on session 62cbf3bca7140f0f3d88bfc52c1e871d to remote] DEBUG org.asynchttpclient.netty.request.NettyRequestSender - Using pooled Channel '[id: 0x25914afc, L:/127.0.0.1:52530 - R:localhost/127.0.0.1:55442]' for 'POST' to 'http://localhost:55442/session/62cbf3bca7140f0f3d88bfc52c1e871d/element/FED07CB55280300BDC630BE8C34FED4D_element_27/value'
11:14:24.715 [Forwarding sendKeysToElement on session 62cbf3bca7140f0f3d88bfc52c1e871d to remote] DEBUG org.asynchttpclient.netty.request.NettyRequestSender - Using open Channel [id: 0x25914afc, L:/127.0.0.1:52530 - R:localhost/127.0.0.1:55442] for POST '/session/62cbf3bca7140f0f3d88bfc52c1e871d/element/FED07CB55280300BDC630BE8C34FED4D_element_27/value'
11:14:24.745 [AsyncHttpClient-1-2] DEBUG org.asynchttpclient.netty.handler.HttpHandler - 

Request DefaultHttpRequest(decodeResult: success, version: HTTP/1.1)
POST /session/62cbf3bca7140f0f3d88bfc52c1e871d/element/FED07CB55280300BDC630BE8C34FED4D_element_27/value HTTP/1.1
User-Agent: selenium/4.4.0 (java windows)
Content-Length: 162
Content-Type: application/json; charset=utf-8
host: localhost:55442
accept: */*

Response DefaultHttpResponse(decodeResult: success, version: HTTP/1.1)
HTTP/1.1 200 OK
Content-Type: application/json; charset=utf-8
cache-control: no-cache
content-length: 14

11:14:24.746 [AsyncHttpClient-1-2] DEBUG org.asynchttpclient.netty.channel.ChannelManager - Adding key: http://localhost:55442 for channel [id: 0x25914afc, L:/127.0.0.1:52530 - R:localhost/127.0.0.1:55442]
11:14:24.746 [Forwarding screenshot on session 62cbf3bca7140f0f3d88bfc52c1e871d to remote] DEBUG org.asynchttpclient.netty.request.NettyRequestSender - Using pooled Channel '[id: 0x25914afc, L:/127.0.0.1:52530 - R:localhost/127.0.0.1:55442]' for 'GET' to 'http://localhost:55442/session/62cbf3bca7140f0f3d88bfc52c1e871d/screenshot'
11:14:24.746 [Forwarding screenshot on session 62cbf3bca7140f0f3d88bfc52c1e871d to remote] DEBUG org.asynchttpclient.netty.request.NettyRequestSender - Using open Channel [id: 0x25914afc, L:/127.0.0.1:52530 - R:localhost/127.0.0.1:55442] for GET '/session/62cbf3bca7140f0f3d88bfc52c1e871d/screenshot'
11:14:24.865 [AsyncHttpClient-1-2] DEBUG org.asynchttpclient.netty.handler.HttpHandler - 

Request DefaultFullHttpRequest(decodeResult: success, version: HTTP/1.1, content: EmptyByteBufBE)
GET /session/62cbf3bca7140f0f3d88bfc52c1e871d/screenshot HTTP/1.1
User-Agent: selenium/4.4.0 (java windows)
Cache-Control: no-cache
Content-Type: application/json; charset=utf-8
host: localhost:55442
accept: */*

Response DefaultHttpResponse(decodeResult: success, version: HTTP/1.1)
HTTP/1.1 200 OK
Content-Type: application/json; charset=utf-8
cache-control: no-cache
content-length: 243172

11:14:24.866 [AsyncHttpClient-1-2] DEBUG org.asynchttpclient.netty.channel.ChannelManager - Adding key: http://localhost:55442 for channel [id: 0x25914afc, L:/127.0.0.1:52530 - R:localhost/127.0.0.1:55442]
11:14:24.879 [main] DEBUG net.thucydides.core.steps.StepInterceptor - STARTING STEP: Logearse.conUsuarioYpassword - clikar login
11:14:24.880 [Forwarding findElement on session 62cbf3bca7140f0f3d88bfc52c1e871d to remote] DEBUG org.asynchttpclient.netty.request.NettyRequestSender - Using pooled Channel '[id: 0x25914afc, L:/127.0.0.1:52530 - R:localhost/127.0.0.1:55442]' for 'POST' to 'http://localhost:55442/session/62cbf3bca7140f0f3d88bfc52c1e871d/element'
11:14:24.880 [Forwarding findElement on session 62cbf3bca7140f0f3d88bfc52c1e871d to remote] DEBUG org.asynchttpclient.netty.request.NettyRequestSender - Using open Channel [id: 0x25914afc, L:/127.0.0.1:52530 - R:localhost/127.0.0.1:55442] for POST '/session/62cbf3bca7140f0f3d88bfc52c1e871d/element'
11:14:24.892 [AsyncHttpClient-1-2] DEBUG org.asynchttpclient.netty.handler.HttpHandler - 

Request DefaultHttpRequest(decodeResult: success, version: HTTP/1.1)
POST /session/62cbf3bca7140f0f3d88bfc52c1e871d/element HTTP/1.1
User-Agent: selenium/4.4.0 (java windows)
Content-Length: 83
Content-Type: application/json; charset=utf-8
host: localhost:55442
accept: */*

Response DefaultHttpResponse(decodeResult: success, version: HTTP/1.1)
HTTP/1.1 200 OK
Content-Type: application/json; charset=utf-8
cache-control: no-cache
content-length: 95

11:14:24.892 [AsyncHttpClient-1-2] DEBUG org.asynchttpclient.netty.channel.ChannelManager - Adding key: http://localhost:55442 for channel [id: 0x25914afc, L:/127.0.0.1:52530 - R:localhost/127.0.0.1:55442]
11:14:24.895 [Forwarding isElementDisplayed on session 62cbf3bca7140f0f3d88bfc52c1e871d to remote] DEBUG org.asynchttpclient.netty.request.NettyRequestSender - Using pooled Channel '[id: 0x25914afc, L:/127.0.0.1:52530 - R:localhost/127.0.0.1:55442]' for 'POST' to 'http://localhost:55442/session/62cbf3bca7140f0f3d88bfc52c1e871d/execute/sync'
11:14:24.895 [Forwarding isElementDisplayed on session 62cbf3bca7140f0f3d88bfc52c1e871d to remote] DEBUG org.asynchttpclient.netty.request.NettyRequestSender - Using open Channel [id: 0x25914afc, L:/127.0.0.1:52530 - R:localhost/127.0.0.1:55442] for POST '/session/62cbf3bca7140f0f3d88bfc52c1e871d/execute/sync'
11:14:24.903 [AsyncHttpClient-1-2] DEBUG org.asynchttpclient.netty.handler.HttpHandler - 

Request DefaultHttpRequest(decodeResult: success, version: HTTP/1.1)
POST /session/62cbf3bca7140f0f3d88bfc52c1e871d/execute/sync HTTP/1.1
User-Agent: selenium/4.4.0 (java windows)
Content-Length: 48787
Content-Type: application/json; charset=utf-8
host: localhost:55442
accept: */*

Response DefaultHttpResponse(decodeResult: success, version: HTTP/1.1)
HTTP/1.1 200 OK
Content-Type: application/json; charset=utf-8
cache-control: no-cache
content-length: 14

11:14:24.903 [AsyncHttpClient-1-2] DEBUG org.asynchttpclient.netty.channel.ChannelManager - Adding key: http://localhost:55442 for channel [id: 0x25914afc, L:/127.0.0.1:52530 - R:localhost/127.0.0.1:55442]
11:14:24.904 [Forwarding clickElement on session 62cbf3bca7140f0f3d88bfc52c1e871d to remote] DEBUG org.asynchttpclient.netty.request.NettyRequestSender - Using pooled Channel '[id: 0x25914afc, L:/127.0.0.1:52530 - R:localhost/127.0.0.1:55442]' for 'POST' to 'http://localhost:55442/session/62cbf3bca7140f0f3d88bfc52c1e871d/element/FED07CB55280300BDC630BE8C34FED4D_element_39/click'
11:14:24.904 [Forwarding clickElement on session 62cbf3bca7140f0f3d88bfc52c1e871d to remote] DEBUG org.asynchttpclient.netty.request.NettyRequestSender - Using open Channel [id: 0x25914afc, L:/127.0.0.1:52530 - R:localhost/127.0.0.1:55442] for POST '/session/62cbf3bca7140f0f3d88bfc52c1e871d/element/FED07CB55280300BDC630BE8C34FED4D_element_39/click'
11:14:24.932 [AsyncHttpClient-1-2] DEBUG org.asynchttpclient.netty.handler.HttpHandler - 

Request DefaultHttpRequest(decodeResult: success, version: HTTP/1.1)
POST /session/62cbf3bca7140f0f3d88bfc52c1e871d/element/FED07CB55280300BDC630BE8C34FED4D_element_39/click HTTP/1.1
User-Agent: selenium/4.4.0 (java windows)
Content-Length: 57
Content-Type: application/json; charset=utf-8
host: localhost:55442
accept: */*

Response DefaultHttpResponse(decodeResult: success, version: HTTP/1.1)
HTTP/1.1 200 OK
Content-Type: application/json; charset=utf-8
cache-control: no-cache
content-length: 14

11:14:24.933 [AsyncHttpClient-1-2] DEBUG org.asynchttpclient.netty.channel.ChannelManager - Adding key: http://localhost:55442 for channel [id: 0x25914afc, L:/127.0.0.1:52530 - R:localhost/127.0.0.1:55442]
11:14:24.937 [Forwarding getCurrentWindowHandle on session 62cbf3bca7140f0f3d88bfc52c1e871d to remote] DEBUG org.asynchttpclient.netty.request.NettyRequestSender - Using pooled Channel '[id: 0x25914afc, L:/127.0.0.1:52530 - R:localhost/127.0.0.1:55442]' for 'GET' to 'http://localhost:55442/session/62cbf3bca7140f0f3d88bfc52c1e871d/window'
11:14:24.937 [Forwarding getCurrentWindowHandle on session 62cbf3bca7140f0f3d88bfc52c1e871d to remote] DEBUG org.asynchttpclient.netty.request.NettyRequestSender - Using open Channel [id: 0x25914afc, L:/127.0.0.1:52530 - R:localhost/127.0.0.1:55442] for GET '/session/62cbf3bca7140f0f3d88bfc52c1e871d/window'
11:14:24.938 [AsyncHttpClient-1-2] DEBUG org.asynchttpclient.netty.handler.HttpHandler - 

Request DefaultFullHttpRequest(decodeResult: success, version: HTTP/1.1, content: EmptyByteBufBE)
GET /session/62cbf3bca7140f0f3d88bfc52c1e871d/window HTTP/1.1
User-Agent: selenium/4.4.0 (java windows)
Cache-Control: no-cache
Content-Type: application/json; charset=utf-8
host: localhost:55442
accept: */*

Response DefaultHttpResponse(decodeResult: success, version: HTTP/1.1)
HTTP/1.1 200 OK
Content-Type: application/json; charset=utf-8
cache-control: no-cache
content-length: 44

11:14:24.938 [AsyncHttpClient-1-2] DEBUG org.asynchttpclient.netty.channel.ChannelManager - Adding key: http://localhost:55442 for channel [id: 0x25914afc, L:/127.0.0.1:52530 - R:localhost/127.0.0.1:55442]
11:14:24.939 [Forwarding getAlertText on session 62cbf3bca7140f0f3d88bfc52c1e871d to remote] DEBUG org.asynchttpclient.netty.request.NettyRequestSender - Using pooled Channel '[id: 0x25914afc, L:/127.0.0.1:52530 - R:localhost/127.0.0.1:55442]' for 'GET' to 'http://localhost:55442/session/62cbf3bca7140f0f3d88bfc52c1e871d/alert/text'
11:14:24.939 [Forwarding getAlertText on session 62cbf3bca7140f0f3d88bfc52c1e871d to remote] DEBUG org.asynchttpclient.netty.request.NettyRequestSender - Using open Channel [id: 0x25914afc, L:/127.0.0.1:52530 - R:localhost/127.0.0.1:55442] for GET '/session/62cbf3bca7140f0f3d88bfc52c1e871d/alert/text'
11:14:24.941 [AsyncHttpClient-1-2] DEBUG org.asynchttpclient.netty.handler.HttpHandler - 

Request DefaultFullHttpRequest(decodeResult: success, version: HTTP/1.1, content: EmptyByteBufBE)
GET /session/62cbf3bca7140f0f3d88bfc52c1e871d/alert/text HTTP/1.1
User-Agent: selenium/4.4.0 (java windows)
Cache-Control: no-cache
Content-Type: application/json; charset=utf-8
host: localhost:55442
accept: */*

Response DefaultHttpResponse(decodeResult: success, version: HTTP/1.1)
HTTP/1.1 404 Not Found
Content-Type: application/json; charset=utf-8
cache-control: no-cache
content-length: 848

11:14:24.941 [AsyncHttpClient-1-2] DEBUG org.asynchttpclient.netty.channel.ChannelManager - Adding key: http://localhost:55442 for channel [id: 0x25914afc, L:/127.0.0.1:52530 - R:localhost/127.0.0.1:55442]
11:14:24.943 [Forwarding switchToWindow on session 62cbf3bca7140f0f3d88bfc52c1e871d to remote] DEBUG org.asynchttpclient.netty.request.NettyRequestSender - Using pooled Channel '[id: 0x25914afc, L:/127.0.0.1:52530 - R:localhost/127.0.0.1:55442]' for 'POST' to 'http://localhost:55442/session/62cbf3bca7140f0f3d88bfc52c1e871d/window'
11:14:24.943 [Forwarding switchToWindow on session 62cbf3bca7140f0f3d88bfc52c1e871d to remote] DEBUG org.asynchttpclient.netty.request.NettyRequestSender - Using open Channel [id: 0x25914afc, L:/127.0.0.1:52530 - R:localhost/127.0.0.1:55442] for POST '/session/62cbf3bca7140f0f3d88bfc52c1e871d/window'
11:14:24.945 [AsyncHttpClient-1-2] DEBUG org.asynchttpclient.netty.handler.HttpHandler - 

Request DefaultHttpRequest(decodeResult: success, version: HTTP/1.1)
POST /session/62cbf3bca7140f0f3d88bfc52c1e871d/window HTTP/1.1
User-Agent: selenium/4.4.0 (java windows)
Content-Length: 50
Content-Type: application/json; charset=utf-8
host: localhost:55442
accept: */*

Response DefaultHttpResponse(decodeResult: success, version: HTTP/1.1)
HTTP/1.1 200 OK
Content-Type: application/json; charset=utf-8
cache-control: no-cache
content-length: 14

11:14:24.945 [AsyncHttpClient-1-2] DEBUG org.asynchttpclient.netty.channel.ChannelManager - Adding key: http://localhost:55442 for channel [id: 0x25914afc, L:/127.0.0.1:52530 - R:localhost/127.0.0.1:55442]
11:14:24.946 [Forwarding getCurrentUrl on session 62cbf3bca7140f0f3d88bfc52c1e871d to remote] DEBUG org.asynchttpclient.netty.request.NettyRequestSender - Using pooled Channel '[id: 0x25914afc, L:/127.0.0.1:52530 - R:localhost/127.0.0.1:55442]' for 'GET' to 'http://localhost:55442/session/62cbf3bca7140f0f3d88bfc52c1e871d/url'
11:14:24.946 [Forwarding getCurrentUrl on session 62cbf3bca7140f0f3d88bfc52c1e871d to remote] DEBUG org.asynchttpclient.netty.request.NettyRequestSender - Using open Channel [id: 0x25914afc, L:/127.0.0.1:52530 - R:localhost/127.0.0.1:55442] for GET '/session/62cbf3bca7140f0f3d88bfc52c1e871d/url'
11:14:24.951 [AsyncHttpClient-1-2] DEBUG org.asynchttpclient.netty.handler.HttpHandler - 

Request DefaultFullHttpRequest(decodeResult: success, version: HTTP/1.1, content: EmptyByteBufBE)
GET /session/62cbf3bca7140f0f3d88bfc52c1e871d/url HTTP/1.1
User-Agent: selenium/4.4.0 (java windows)
Cache-Control: no-cache
Content-Type: application/json; charset=utf-8
host: localhost:55442
accept: */*

Response DefaultHttpResponse(decodeResult: success, version: HTTP/1.1)
HTTP/1.1 200 OK
Content-Type: application/json; charset=utf-8
cache-control: no-cache
content-length: 48

11:14:24.951 [AsyncHttpClient-1-2] DEBUG org.asynchttpclient.netty.channel.ChannelManager - Adding key: http://localhost:55442 for channel [id: 0x25914afc, L:/127.0.0.1:52530 - R:localhost/127.0.0.1:55442]
11:14:24.952 [Forwarding screenshot on session 62cbf3bca7140f0f3d88bfc52c1e871d to remote] DEBUG org.asynchttpclient.netty.request.NettyRequestSender - Using pooled Channel '[id: 0x25914afc, L:/127.0.0.1:52530 - R:localhost/127.0.0.1:55442]' for 'GET' to 'http://localhost:55442/session/62cbf3bca7140f0f3d88bfc52c1e871d/screenshot'
11:14:24.952 [Forwarding screenshot on session 62cbf3bca7140f0f3d88bfc52c1e871d to remote] DEBUG org.asynchttpclient.netty.request.NettyRequestSender - Using open Channel [id: 0x25914afc, L:/127.0.0.1:52530 - R:localhost/127.0.0.1:55442] for GET '/session/62cbf3bca7140f0f3d88bfc52c1e871d/screenshot'
11:14:25.082 [AsyncHttpClient-1-2] DEBUG org.asynchttpclient.netty.handler.HttpHandler - 

Request DefaultFullHttpRequest(decodeResult: success, version: HTTP/1.1, content: EmptyByteBufBE)
GET /session/62cbf3bca7140f0f3d88bfc52c1e871d/screenshot HTTP/1.1
User-Agent: selenium/4.4.0 (java windows)
Cache-Control: no-cache
Content-Type: application/json; charset=utf-8
host: localhost:55442
accept: */*

Response DefaultHttpResponse(decodeResult: success, version: HTTP/1.1)
HTTP/1.1 200 OK
Content-Type: application/json; charset=utf-8
cache-control: no-cache
content-length: 243248

11:14:25.082 [AsyncHttpClient-1-2] DEBUG org.asynchttpclient.netty.channel.ChannelManager - Adding key: http://localhost:55442 for channel [id: 0x25914afc, L:/127.0.0.1:52530 - R:localhost/127.0.0.1:55442]
11:14:25.091 [main] DEBUG net.serenitybdd.core.photography.Darkroom - Send negative for processing for target\site\serenity\397d6ae6857a55e111cb10d2c1d2cc08eec25465df0ce0fa95ff7d0ca7a864cb.png
11:14:25.091 [main] DEBUG net.thucydides.core.steps.StepInterceptor - STEP DONE: clikar login
11:14:25.091 [Darkroom Processing Line] DEBUG net.serenitybdd.core.photography.DarkroomProcessingLine - Processing screenshot image in /var/screenshots/screenshot-6554242461507529755
11:14:25.091 [Darkroom Processing Line] DEBUG net.serenitybdd.core.photography.DarkroomProcessingLine - Saving screenshot to target\site\serenity\397d6ae6857a55e111cb10d2c1d2cc08eec25465df0ce0fa95ff7d0ca7a864cb.png
11:14:25.548 [AsyncHttpClient-1-1] DEBUG org.asynchttpclient.netty.channel.DefaultChannelPool - Entry count for : http://localhost:55442 : 1
11:14:25.548 [AsyncHttpClient-1-1] DEBUG org.asynchttpclient.netty.channel.DefaultChannelPool - Entry count for : http://localhost:52531 : 1
11:14:26.106 [Forwarding getCurrentWindowHandle on session 62cbf3bca7140f0f3d88bfc52c1e871d to remote] DEBUG org.asynchttpclient.netty.request.NettyRequestSender - Using pooled Channel '[id: 0x25914afc, L:/127.0.0.1:52530 - R:localhost/127.0.0.1:55442]' for 'GET' to 'http://localhost:55442/session/62cbf3bca7140f0f3d88bfc52c1e871d/window'
11:14:26.106 [Forwarding getCurrentWindowHandle on session 62cbf3bca7140f0f3d88bfc52c1e871d to remote] DEBUG org.asynchttpclient.netty.request.NettyRequestSender - Using open Channel [id: 0x25914afc, L:/127.0.0.1:52530 - R:localhost/127.0.0.1:55442] for GET '/session/62cbf3bca7140f0f3d88bfc52c1e871d/window'
11:14:26.107 [AsyncHttpClient-1-2] DEBUG org.asynchttpclient.netty.handler.HttpHandler - 

Request DefaultFullHttpRequest(decodeResult: success, version: HTTP/1.1, content: EmptyByteBufBE)
GET /session/62cbf3bca7140f0f3d88bfc52c1e871d/window HTTP/1.1
User-Agent: selenium/4.4.0 (java windows)
Cache-Control: no-cache
Content-Type: application/json; charset=utf-8
host: localhost:55442
accept: */*

Response DefaultHttpResponse(decodeResult: success, version: HTTP/1.1)
HTTP/1.1 200 OK
Content-Type: application/json; charset=utf-8
cache-control: no-cache
content-length: 44

11:14:26.107 [AsyncHttpClient-1-2] DEBUG org.asynchttpclient.netty.channel.ChannelManager - Adding key: http://localhost:55442 for channel [id: 0x25914afc, L:/127.0.0.1:52530 - R:localhost/127.0.0.1:55442]
11:14:26.108 [Forwarding getAlertText on session 62cbf3bca7140f0f3d88bfc52c1e871d to remote] DEBUG org.asynchttpclient.netty.request.NettyRequestSender - Using pooled Channel '[id: 0x25914afc, L:/127.0.0.1:52530 - R:localhost/127.0.0.1:55442]' for 'GET' to 'http://localhost:55442/session/62cbf3bca7140f0f3d88bfc52c1e871d/alert/text'
11:14:26.108 [Forwarding getAlertText on session 62cbf3bca7140f0f3d88bfc52c1e871d to remote] DEBUG org.asynchttpclient.netty.request.NettyRequestSender - Using open Channel [id: 0x25914afc, L:/127.0.0.1:52530 - R:localhost/127.0.0.1:55442] for GET '/session/62cbf3bca7140f0f3d88bfc52c1e871d/alert/text'
11:14:26.110 [AsyncHttpClient-1-2] DEBUG org.asynchttpclient.netty.handler.HttpHandler - 

Request DefaultFullHttpRequest(decodeResult: success, version: HTTP/1.1, content: EmptyByteBufBE)
GET /session/62cbf3bca7140f0f3d88bfc52c1e871d/alert/text HTTP/1.1
User-Agent: selenium/4.4.0 (java windows)
Cache-Control: no-cache
Content-Type: application/json; charset=utf-8
host: localhost:55442
accept: */*

Response DefaultHttpResponse(decodeResult: success, version: HTTP/1.1)
HTTP/1.1 404 Not Found
Content-Type: application/json; charset=utf-8
cache-control: no-cache
content-length: 848

11:14:26.111 [AsyncHttpClient-1-2] DEBUG org.asynchttpclient.netty.channel.ChannelManager - Adding key: http://localhost:55442 for channel [id: 0x25914afc, L:/127.0.0.1:52530 - R:localhost/127.0.0.1:55442]
11:14:26.112 [Forwarding switchToWindow on session 62cbf3bca7140f0f3d88bfc52c1e871d to remote] DEBUG org.asynchttpclient.netty.request.NettyRequestSender - Using pooled Channel '[id: 0x25914afc, L:/127.0.0.1:52530 - R:localhost/127.0.0.1:55442]' for 'POST' to 'http://localhost:55442/session/62cbf3bca7140f0f3d88bfc52c1e871d/window'
11:14:26.112 [Forwarding switchToWindow on session 62cbf3bca7140f0f3d88bfc52c1e871d to remote] DEBUG org.asynchttpclient.netty.request.NettyRequestSender - Using open Channel [id: 0x25914afc, L:/127.0.0.1:52530 - R:localhost/127.0.0.1:55442] for POST '/session/62cbf3bca7140f0f3d88bfc52c1e871d/window'
11:14:26.114 [AsyncHttpClient-1-2] DEBUG org.asynchttpclient.netty.handler.HttpHandler - 

Request DefaultHttpRequest(decodeResult: success, version: HTTP/1.1)
POST /session/62cbf3bca7140f0f3d88bfc52c1e871d/window HTTP/1.1
User-Agent: selenium/4.4.0 (java windows)
Content-Length: 50
Content-Type: application/json; charset=utf-8
host: localhost:55442
accept: */*

Response DefaultHttpResponse(decodeResult: success, version: HTTP/1.1)
HTTP/1.1 200 OK
Content-Type: application/json; charset=utf-8
cache-control: no-cache
content-length: 14

11:14:26.114 [AsyncHttpClient-1-2] DEBUG org.asynchttpclient.netty.channel.ChannelManager - Adding key: http://localhost:55442 for channel [id: 0x25914afc, L:/127.0.0.1:52530 - R:localhost/127.0.0.1:55442]
11:14:26.115 [Forwarding getCurrentUrl on session 62cbf3bca7140f0f3d88bfc52c1e871d to remote] DEBUG org.asynchttpclient.netty.request.NettyRequestSender - Using pooled Channel '[id: 0x25914afc, L:/127.0.0.1:52530 - R:localhost/127.0.0.1:55442]' for 'GET' to 'http://localhost:55442/session/62cbf3bca7140f0f3d88bfc52c1e871d/url'
11:14:26.115 [Forwarding getCurrentUrl on session 62cbf3bca7140f0f3d88bfc52c1e871d to remote] DEBUG org.asynchttpclient.netty.request.NettyRequestSender - Using open Channel [id: 0x25914afc, L:/127.0.0.1:52530 - R:localhost/127.0.0.1:55442] for GET '/session/62cbf3bca7140f0f3d88bfc52c1e871d/url'
11:14:26.121 [AsyncHttpClient-1-2] DEBUG org.asynchttpclient.netty.handler.HttpHandler - 

Request DefaultFullHttpRequest(decodeResult: success, version: HTTP/1.1, content: EmptyByteBufBE)
GET /session/62cbf3bca7140f0f3d88bfc52c1e871d/url HTTP/1.1
User-Agent: selenium/4.4.0 (java windows)
Cache-Control: no-cache
Content-Type: application/json; charset=utf-8
host: localhost:55442
accept: */*

Response DefaultHttpResponse(decodeResult: success, version: HTTP/1.1)
HTTP/1.1 200 OK
Content-Type: application/json; charset=utf-8
cache-control: no-cache
content-length: 48

11:14:26.121 [AsyncHttpClient-1-2] DEBUG org.asynchttpclient.netty.channel.ChannelManager - Adding key: http://localhost:55442 for channel [id: 0x25914afc, L:/127.0.0.1:52530 - R:localhost/127.0.0.1:55442]
11:14:26.122 [Forwarding screenshot on session 62cbf3bca7140f0f3d88bfc52c1e871d to remote] DEBUG org.asynchttpclient.netty.request.NettyRequestSender - Using pooled Channel '[id: 0x25914afc, L:/127.0.0.1:52530 - R:localhost/127.0.0.1:55442]' for 'GET' to 'http://localhost:55442/session/62cbf3bca7140f0f3d88bfc52c1e871d/screenshot'
11:14:26.122 [Forwarding screenshot on session 62cbf3bca7140f0f3d88bfc52c1e871d to remote] DEBUG org.asynchttpclient.netty.request.NettyRequestSender - Using open Channel [id: 0x25914afc, L:/127.0.0.1:52530 - R:localhost/127.0.0.1:55442] for GET '/session/62cbf3bca7140f0f3d88bfc52c1e871d/screenshot'
11:14:26.291 [AsyncHttpClient-1-2] DEBUG org.asynchttpclient.netty.handler.HttpHandler - 

Request DefaultFullHttpRequest(decodeResult: success, version: HTTP/1.1, content: EmptyByteBufBE)
GET /session/62cbf3bca7140f0f3d88bfc52c1e871d/screenshot HTTP/1.1
User-Agent: selenium/4.4.0 (java windows)
Cache-Control: no-cache
Content-Type: application/json; charset=utf-8
host: localhost:55442
accept: */*

Response DefaultHttpResponse(decodeResult: success, version: HTTP/1.1)
HTTP/1.1 200 OK
Content-Type: application/json; charset=utf-8
cache-control: no-cache
content-length: 454724

11:14:26.292 [AsyncHttpClient-1-2] DEBUG org.asynchttpclient.netty.channel.ChannelManager - Adding key: http://localhost:55442 for channel [id: 0x25914afc, L:/127.0.0.1:52530 - R:localhost/127.0.0.1:55442]
11:14:26.301 [main] DEBUG net.serenitybdd.core.photography.Darkroom - Send negative for processing for target\site\serenity\e45fb73964934a489beecbc3991907587edd630c8fc10c46f39a14f68c2a2b07.png
11:14:26.301 [main] DEBUG net.thucydides.core.steps.StepInterceptor - STEP DONE: el usuario escribe su usuario {usuario}, su password {password} y pulsa el boton Login
  &amp#27;[32mAnd &amp#27;[0m&amp#27;[32mel usuario se logea correctamente&amp#27;[0m                                                                       &amp#27;[90m# Step.ComprarDispositivosElectronicosStep.el_usuario_se_logea_correctamente(io.cucumber.datatable.DataTable)&amp#27;[0m
    | nombre | password |
    | Mark26 | Mark26   |
11:14:26.318 [main] DEBUG net.thucydides.core.steps.StepInterceptor - STARTING STEP: ComprarDispositivosElectronicosStep.el_usuario_se_encuentra_en_la_pagina_home - Navega a la pestaña home
11:14:26.320 [Forwarding findElement on session 62cbf3bca7140f0f3d88bfc52c1e871d to remote] DEBUG org.asynchttpclient.netty.request.NettyRequestSender - Using pooled Channel '[id: 0x25914afc, L:/127.0.0.1:52530 - R:localhost/127.0.0.1:55442]' for 'POST' to 'http://localhost:55442/session/62cbf3bca7140f0f3d88bfc52c1e871d/element'
11:14:26.320 [Forwarding findElement on session 62cbf3bca7140f0f3d88bfc52c1e871d to remote] DEBUG org.asynchttpclient.netty.request.NettyRequestSender - Using open Channel [id: 0x25914afc, L:/127.0.0.1:52530 - R:localhost/127.0.0.1:55442] for POST '/session/62cbf3bca7140f0f3d88bfc52c1e871d/element'
11:14:26.336 [AsyncHttpClient-1-2] DEBUG org.asynchttpclient.netty.handler.HttpHandler - 

Request DefaultHttpRequest(decodeResult: success, version: HTTP/1.1)
POST /session/62cbf3bca7140f0f3d88bfc52c1e871d/element HTTP/1.1
User-Agent: selenium/4.4.0 (java windows)
Content-Length: 70
Content-Type: application/json; charset=utf-8
host: localhost:55442
accept: */*

Response DefaultHttpResponse(decodeResult: success, version: HTTP/1.1)
HTTP/1.1 200 OK
Content-Type: application/json; charset=utf-8
cache-control: no-cache
content-length: 95

11:14:26.336 [AsyncHttpClient-1-2] DEBUG org.asynchttpclient.netty.channel.ChannelManager - Adding key: http://localhost:55442 for channel [id: 0x25914afc, L:/127.0.0.1:52530 - R:localhost/127.0.0.1:55442]
11:14:26.340 [Forwarding isElementDisplayed on session 62cbf3bca7140f0f3d88bfc52c1e871d to remote] DEBUG org.asynchttpclient.netty.request.NettyRequestSender - Using pooled Channel '[id: 0x25914afc, L:/127.0.0.1:52530 - R:localhost/127.0.0.1:55442]' for 'POST' to 'http://localhost:55442/session/62cbf3bca7140f0f3d88bfc52c1e871d/execute/sync'
11:14:26.340 [Forwarding isElementDisplayed on session 62cbf3bca7140f0f3d88bfc52c1e871d to remote] DEBUG org.asynchttpclient.netty.request.NettyRequestSender - Using open Channel [id: 0x25914afc, L:/127.0.0.1:52530 - R:localhost/127.0.0.1:55442] for POST '/session/62cbf3bca7140f0f3d88bfc52c1e871d/execute/sync'
11:14:26.348 [AsyncHttpClient-1-2] DEBUG org.asynchttpclient.netty.handler.HttpHandler - 

Request DefaultHttpRequest(decodeResult: success, version: HTTP/1.1)
POST /session/62cbf3bca7140f0f3d88bfc52c1e871d/execute/sync HTTP/1.1
User-Agent: selenium/4.4.0 (java windows)
Content-Length: 48787
Content-Type: application/json; charset=utf-8
host: localhost:55442
accept: */*

Response DefaultHttpResponse(decodeResult: success, version: HTTP/1.1)
HTTP/1.1 200 OK
Content-Type: application/json; charset=utf-8
cache-control: no-cache
content-length: 14

11:14:26.349 [AsyncHttpClient-1-2] DEBUG org.asynchttpclient.netty.channel.ChannelManager - Adding key: http://localhost:55442 for channel [id: 0x25914afc, L:/127.0.0.1:52530 - R:localhost/127.0.0.1:55442]
11:14:26.351 [Forwarding isElementDisplayed on session 62cbf3bca7140f0f3d88bfc52c1e871d to remote] DEBUG org.asynchttpclient.netty.request.NettyRequestSender - Using pooled Channel '[id: 0x25914afc, L:/127.0.0.1:52530 - R:localhost/127.0.0.1:55442]' for 'POST' to 'http://localhost:55442/session/62cbf3bca7140f0f3d88bfc52c1e871d/execute/sync'
11:14:26.351 [Forwarding isElementDisplayed on session 62cbf3bca7140f0f3d88bfc52c1e871d to remote] DEBUG org.asynchttpclient.netty.request.NettyRequestSender - Using open Channel [id: 0x25914afc, L:/127.0.0.1:52530 - R:localhost/127.0.0.1:55442] for POST '/session/62cbf3bca7140f0f3d88bfc52c1e871d/execute/sync'
11:14:26.361 [AsyncHttpClient-1-2] DEBUG org.asynchttpclient.netty.handler.HttpHandler - 

Request DefaultHttpRequest(decodeResult: success, version: HTTP/1.1)
POST /session/62cbf3bca7140f0f3d88bfc52c1e871d/execute/sync HTTP/1.1
User-Agent: selenium/4.4.0 (java windows)
Content-Length: 48787
Content-Type: application/json; charset=utf-8
host: localhost:55442
accept: */*

Response DefaultHttpResponse(decodeResult: success, version: HTTP/1.1)
HTTP/1.1 200 OK
Content-Type: application/json; charset=utf-8
cache-control: no-cache
content-length: 14

11:14:26.361 [AsyncHttpClient-1-2] DEBUG org.asynchttpclient.netty.channel.ChannelManager - Adding key: http://localhost:55442 for channel [id: 0x25914afc, L:/127.0.0.1:52530 - R:localhost/127.0.0.1:55442]
11:14:26.363 [Forwarding findElement on session 62cbf3bca7140f0f3d88bfc52c1e871d to remote] DEBUG org.asynchttpclient.netty.request.NettyRequestSender - Using pooled Channel '[id: 0x25914afc, L:/127.0.0.1:52530 - R:localhost/127.0.0.1:55442]' for 'POST' to 'http://localhost:55442/session/62cbf3bca7140f0f3d88bfc52c1e871d/element'
11:14:26.363 [Forwarding findElement on session 62cbf3bca7140f0f3d88bfc52c1e871d to remote] DEBUG org.asynchttpclient.netty.request.NettyRequestSender - Using open Channel [id: 0x25914afc, L:/127.0.0.1:52530 - R:localhost/127.0.0.1:55442] for POST '/session/62cbf3bca7140f0f3d88bfc52c1e871d/element'
11:14:26.371 [AsyncHttpClient-1-2] DEBUG org.asynchttpclient.netty.handler.HttpHandler - 

Request DefaultHttpRequest(decodeResult: success, version: HTTP/1.1)
POST /session/62cbf3bca7140f0f3d88bfc52c1e871d/element HTTP/1.1
User-Agent: selenium/4.4.0 (java windows)
Content-Length: 70
Content-Type: application/json; charset=utf-8
host: localhost:55442
accept: */*

Response DefaultHttpResponse(decodeResult: success, version: HTTP/1.1)
HTTP/1.1 200 OK
Content-Type: application/json; charset=utf-8
cache-control: no-cache
content-length: 95

11:14:26.371 [AsyncHttpClient-1-2] DEBUG org.asynchttpclient.netty.channel.ChannelManager - Adding key: http://localhost:55442 for channel [id: 0x25914afc, L:/127.0.0.1:52530 - R:localhost/127.0.0.1:55442]
11:14:26.373 [Forwarding isElementDisplayed on session 62cbf3bca7140f0f3d88bfc52c1e871d to remote] DEBUG org.asynchttpclient.netty.request.NettyRequestSender - Using pooled Channel '[id: 0x25914afc, L:/127.0.0.1:52530 - R:localhost/127.0.0.1:55442]' for 'POST' to 'http://localhost:55442/session/62cbf3bca7140f0f3d88bfc52c1e871d/execute/sync'
11:14:26.373 [Forwarding isElementDisplayed on session 62cbf3bca7140f0f3d88bfc52c1e871d to remote] DEBUG org.asynchttpclient.netty.request.NettyRequestSender - Using open Channel [id: 0x25914afc, L:/127.0.0.1:52530 - R:localhost/127.0.0.1:55442] for POST '/session/62cbf3bca7140f0f3d88bfc52c1e871d/execute/sync'
11:14:26.380 [AsyncHttpClient-1-2] DEBUG org.asynchttpclient.netty.handler.HttpHandler - 

Request DefaultHttpRequest(decodeResult: success, version: HTTP/1.1)
POST /session/62cbf3bca7140f0f3d88bfc52c1e871d/execute/sync HTTP/1.1
User-Agent: selenium/4.4.0 (java windows)
Content-Length: 48787
Content-Type: application/json; charset=utf-8
host: localhost:55442
accept: */*

Response DefaultHttpResponse(decodeResult: success, version: HTTP/1.1)
HTTP/1.1 200 OK
Content-Type: application/json; charset=utf-8
cache-control: no-cache
content-length: 14

11:14:26.380 [AsyncHttpClient-1-2] DEBUG org.asynchttpclient.netty.channel.ChannelManager - Adding key: http://localhost:55442 for channel [id: 0x25914afc, L:/127.0.0.1:52530 - R:localhost/127.0.0.1:55442]
11:14:26.381 [Forwarding isElementEnabled on session 62cbf3bca7140f0f3d88bfc52c1e871d to remote] DEBUG org.asynchttpclient.netty.request.NettyRequestSender - Using pooled Channel '[id: 0x25914afc, L:/127.0.0.1:52530 - R:localhost/127.0.0.1:55442]' for 'GET' to 'http://localhost:55442/session/62cbf3bca7140f0f3d88bfc52c1e871d/element/A7A6E031F73CC6B87A3B88CF8E6F0DCB_element_53/enabled'
11:14:26.381 [Forwarding isElementEnabled on session 62cbf3bca7140f0f3d88bfc52c1e871d to remote] DEBUG org.asynchttpclient.netty.request.NettyRequestSender - Using open Channel [id: 0x25914afc, L:/127.0.0.1:52530 - R:localhost/127.0.0.1:55442] for GET '/session/62cbf3bca7140f0f3d88bfc52c1e871d/element/A7A6E031F73CC6B87A3B88CF8E6F0DCB_element_53/enabled'
11:14:26.385 [AsyncHttpClient-1-2] DEBUG org.asynchttpclient.netty.handler.HttpHandler - 

Request DefaultFullHttpRequest(decodeResult: success, version: HTTP/1.1, content: EmptyByteBufBE)
GET /session/62cbf3bca7140f0f3d88bfc52c1e871d/element/A7A6E031F73CC6B87A3B88CF8E6F0DCB_element_53/enabled HTTP/1.1
User-Agent: selenium/4.4.0 (java windows)
Cache-Control: no-cache
Content-Type: application/json; charset=utf-8
host: localhost:55442
accept: */*

Response DefaultHttpResponse(decodeResult: success, version: HTTP/1.1)
HTTP/1.1 200 OK
Content-Type: application/json; charset=utf-8
cache-control: no-cache
content-length: 14

11:14:26.385 [AsyncHttpClient-1-2] DEBUG org.asynchttpclient.netty.channel.ChannelManager - Adding key: http://localhost:55442 for channel [id: 0x25914afc, L:/127.0.0.1:52530 - R:localhost/127.0.0.1:55442]
11:14:26.387 [Forwarding findElement on session 62cbf3bca7140f0f3d88bfc52c1e871d to remote] DEBUG org.asynchttpclient.netty.request.NettyRequestSender - Using pooled Channel '[id: 0x25914afc, L:/127.0.0.1:52530 - R:localhost/127.0.0.1:55442]' for 'POST' to 'http://localhost:55442/session/62cbf3bca7140f0f3d88bfc52c1e871d/element'
11:14:26.387 [Forwarding findElement on session 62cbf3bca7140f0f3d88bfc52c1e871d to remote] DEBUG org.asynchttpclient.netty.request.NettyRequestSender - Using open Channel [id: 0x25914afc, L:/127.0.0.1:52530 - R:localhost/127.0.0.1:55442] for POST '/session/62cbf3bca7140f0f3d88bfc52c1e871d/element'
11:14:26.392 [AsyncHttpClient-1-2] DEBUG org.asynchttpclient.netty.handler.HttpHandler - 

Request DefaultHttpRequest(decodeResult: success, version: HTTP/1.1)
POST /session/62cbf3bca7140f0f3d88bfc52c1e871d/element HTTP/1.1
User-Agent: selenium/4.4.0 (java windows)
Content-Length: 70
Content-Type: application/json; charset=utf-8
host: localhost:55442
accept: */*

Response DefaultHttpResponse(decodeResult: success, version: HTTP/1.1)
HTTP/1.1 200 OK
Content-Type: application/json; charset=utf-8
cache-control: no-cache
content-length: 95

11:14:26.392 [AsyncHttpClient-1-2] DEBUG org.asynchttpclient.netty.channel.ChannelManager - Adding key: http://localhost:55442 for channel [id: 0x25914afc, L:/127.0.0.1:52530 - R:localhost/127.0.0.1:55442]
11:14:26.394 [Forwarding isElementDisplayed on session 62cbf3bca7140f0f3d88bfc52c1e871d to remote] DEBUG org.asynchttpclient.netty.request.NettyRequestSender - Using pooled Channel '[id: 0x25914afc, L:/127.0.0.1:52530 - R:localhost/127.0.0.1:55442]' for 'POST' to 'http://localhost:55442/session/62cbf3bca7140f0f3d88bfc52c1e871d/execute/sync'
11:14:26.394 [Forwarding isElementDisplayed on session 62cbf3bca7140f0f3d88bfc52c1e871d to remote] DEBUG org.asynchttpclient.netty.request.NettyRequestSender - Using open Channel [id: 0x25914afc, L:/127.0.0.1:52530 - R:localhost/127.0.0.1:55442] for POST '/session/62cbf3bca7140f0f3d88bfc52c1e871d/execute/sync'
11:14:26.399 [AsyncHttpClient-1-2] DEBUG org.asynchttpclient.netty.handler.HttpHandler - 

Request DefaultHttpRequest(decodeResult: success, version: HTTP/1.1)
POST /session/62cbf3bca7140f0f3d88bfc52c1e871d/execute/sync HTTP/1.1
User-Agent: selenium/4.4.0 (java windows)
Content-Length: 48787
Content-Type: application/json; charset=utf-8
host: localhost:55442
accept: */*

Response DefaultHttpResponse(decodeResult: success, version: HTTP/1.1)
HTTP/1.1 200 OK
Content-Type: application/json; charset=utf-8
cache-control: no-cache
content-length: 14

11:14:26.400 [AsyncHttpClient-1-2] DEBUG org.asynchttpclient.netty.channel.ChannelManager - Adding key: http://localhost:55442 for channel [id: 0x25914afc, L:/127.0.0.1:52530 - R:localhost/127.0.0.1:55442]
11:14:26.401 [Forwarding findElement on session 62cbf3bca7140f0f3d88bfc52c1e871d to remote] DEBUG org.asynchttpclient.netty.request.NettyRequestSender - Using pooled Channel '[id: 0x25914afc, L:/127.0.0.1:52530 - R:localhost/127.0.0.1:55442]' for 'POST' to 'http://localhost:55442/session/62cbf3bca7140f0f3d88bfc52c1e871d/element'
11:14:26.401 [Forwarding findElement on session 62cbf3bca7140f0f3d88bfc52c1e871d to remote] DEBUG org.asynchttpclient.netty.request.NettyRequestSender - Using open Channel [id: 0x25914afc, L:/127.0.0.1:52530 - R:localhost/127.0.0.1:55442] for POST '/session/62cbf3bca7140f0f3d88bfc52c1e871d/element'
11:14:26.406 [AsyncHttpClient-1-2] DEBUG org.asynchttpclient.netty.handler.HttpHandler - 

Request DefaultHttpRequest(decodeResult: success, version: HTTP/1.1)
POST /session/62cbf3bca7140f0f3d88bfc52c1e871d/element HTTP/1.1
User-Agent: selenium/4.4.0 (java windows)
Content-Length: 70
Content-Type: application/json; charset=utf-8
host: localhost:55442
accept: */*

Response DefaultHttpResponse(decodeResult: success, version: HTTP/1.1)
HTTP/1.1 200 OK
Content-Type: application/json; charset=utf-8
cache-control: no-cache
content-length: 95

11:14:26.406 [AsyncHttpClient-1-2] DEBUG org.asynchttpclient.netty.channel.ChannelManager - Adding key: http://localhost:55442 for channel [id: 0x25914afc, L:/127.0.0.1:52530 - R:localhost/127.0.0.1:55442]
11:14:26.408 [Forwarding isElementDisplayed on session 62cbf3bca7140f0f3d88bfc52c1e871d to remote] DEBUG org.asynchttpclient.netty.request.NettyRequestSender - Using pooled Channel '[id: 0x25914afc, L:/127.0.0.1:52530 - R:localhost/127.0.0.1:55442]' for 'POST' to 'http://localhost:55442/session/62cbf3bca7140f0f3d88bfc52c1e871d/execute/sync'
11:14:26.408 [Forwarding isElementDisplayed on session 62cbf3bca7140f0f3d88bfc52c1e871d to remote] DEBUG org.asynchttpclient.netty.request.NettyRequestSender - Using open Channel [id: 0x25914afc, L:/127.0.0.1:52530 - R:localhost/127.0.0.1:55442] for POST '/session/62cbf3bca7140f0f3d88bfc52c1e871d/execute/sync'
11:14:26.414 [AsyncHttpClient-1-2] DEBUG org.asynchttpclient.netty.handler.HttpHandler - 

Request DefaultHttpRequest(decodeResult: success, version: HTTP/1.1)
POST /session/62cbf3bca7140f0f3d88bfc52c1e871d/execute/sync HTTP/1.1
User-Agent: selenium/4.4.0 (java windows)
Content-Length: 48787
Content-Type: application/json; charset=utf-8
host: localhost:55442
accept: */*

Response DefaultHttpResponse(decodeResult: success, version: HTTP/1.1)
HTTP/1.1 200 OK
Content-Type: application/json; charset=utf-8
cache-control: no-cache
content-length: 14

11:14:26.414 [AsyncHttpClient-1-2] DEBUG org.asynchttpclient.netty.channel.ChannelManager - Adding key: http://localhost:55442 for channel [id: 0x25914afc, L:/127.0.0.1:52530 - R:localhost/127.0.0.1:55442]
11:14:26.643 [AsyncHttpClient-1-1] DEBUG org.asynchttpclient.netty.channel.DefaultChannelPool - Entry count for : http://localhost:55442 : 1
11:14:26.643 [AsyncHttpClient-1-1] DEBUG org.asynchttpclient.netty.channel.DefaultChannelPool - Entry count for : http://localhost:52531 : 1
11:14:27.426 [Forwarding screenshot on session 62cbf3bca7140f0f3d88bfc52c1e871d to remote] DEBUG org.asynchttpclient.netty.request.NettyRequestSender - Using pooled Channel '[id: 0x25914afc, L:/127.0.0.1:52530 - R:localhost/127.0.0.1:55442]' for 'GET' to 'http://localhost:55442/session/62cbf3bca7140f0f3d88bfc52c1e871d/screenshot'
11:14:27.426 [Forwarding screenshot on session 62cbf3bca7140f0f3d88bfc52c1e871d to remote] DEBUG org.asynchttpclient.netty.request.NettyRequestSender - Using open Channel [id: 0x25914afc, L:/127.0.0.1:52530 - R:localhost/127.0.0.1:55442] for GET '/session/62cbf3bca7140f0f3d88bfc52c1e871d/screenshot'
11:14:27.564 [AsyncHttpClient-1-2] DEBUG org.asynchttpclient.netty.handler.HttpHandler - 

Request DefaultFullHttpRequest(decodeResult: success, version: HTTP/1.1, content: EmptyByteBufBE)
GET /session/62cbf3bca7140f0f3d88bfc52c1e871d/screenshot HTTP/1.1
User-Agent: selenium/4.4.0 (java windows)
Cache-Control: no-cache
Content-Type: application/json; charset=utf-8
host: localhost:55442
accept: */*

Response DefaultHttpResponse(decodeResult: success, version: HTTP/1.1)
HTTP/1.1 200 OK
Content-Type: application/json; charset=utf-8
cache-control: no-cache
content-length: 458280

11:14:27.565 [AsyncHttpClient-1-2] DEBUG org.asynchttpclient.netty.channel.ChannelManager - Adding key: http://localhost:55442 for channel [id: 0x25914afc, L:/127.0.0.1:52530 - R:localhost/127.0.0.1:55442]
11:14:27.578 [Forwarding findElement on session 62cbf3bca7140f0f3d88bfc52c1e871d to remote] DEBUG org.asynchttpclient.netty.request.NettyRequestSender - Using pooled Channel '[id: 0x25914afc, L:/127.0.0.1:52530 - R:localhost/127.0.0.1:55442]' for 'POST' to 'http://localhost:55442/session/62cbf3bca7140f0f3d88bfc52c1e871d/element'
11:14:27.578 [Forwarding findElement on session 62cbf3bca7140f0f3d88bfc52c1e871d to remote] DEBUG org.asynchttpclient.netty.request.NettyRequestSender - Using open Channel [id: 0x25914afc, L:/127.0.0.1:52530 - R:localhost/127.0.0.1:55442] for POST '/session/62cbf3bca7140f0f3d88bfc52c1e871d/element'
11:14:27.586 [AsyncHttpClient-1-2] DEBUG org.asynchttpclient.netty.handler.HttpHandler - 

Request DefaultHttpRequest(decodeResult: success, version: HTTP/1.1)
POST /session/62cbf3bca7140f0f3d88bfc52c1e871d/element HTTP/1.1
User-Agent: selenium/4.4.0 (java windows)
Content-Length: 70
Content-Type: application/json; charset=utf-8
host: localhost:55442
accept: */*

Response DefaultHttpResponse(decodeResult: success, version: HTTP/1.1)
HTTP/1.1 200 OK
Content-Type: application/json; charset=utf-8
cache-control: no-cache
content-length: 95

11:14:27.587 [AsyncHttpClient-1-2] DEBUG org.asynchttpclient.netty.channel.ChannelManager - Adding key: http://localhost:55442 for channel [id: 0x25914afc, L:/127.0.0.1:52530 - R:localhost/127.0.0.1:55442]
11:14:27.589 [Forwarding isElementDisplayed on session 62cbf3bca7140f0f3d88bfc52c1e871d to remote] DEBUG org.asynchttpclient.netty.request.NettyRequestSender - Using pooled Channel '[id: 0x25914afc, L:/127.0.0.1:52530 - R:localhost/127.0.0.1:55442]' for 'POST' to 'http://localhost:55442/session/62cbf3bca7140f0f3d88bfc52c1e871d/execute/sync'
11:14:27.589 [Forwarding isElementDisplayed on session 62cbf3bca7140f0f3d88bfc52c1e871d to remote] DEBUG org.asynchttpclient.netty.request.NettyRequestSender - Using open Channel [id: 0x25914afc, L:/127.0.0.1:52530 - R:localhost/127.0.0.1:55442] for POST '/session/62cbf3bca7140f0f3d88bfc52c1e871d/execute/sync'
11:14:27.597 [AsyncHttpClient-1-2] DEBUG org.asynchttpclient.netty.handler.HttpHandler - 

Request DefaultHttpRequest(decodeResult: success, version: HTTP/1.1)
POST /session/62cbf3bca7140f0f3d88bfc52c1e871d/execute/sync HTTP/1.1
User-Agent: selenium/4.4.0 (java windows)
Content-Length: 48787
Content-Type: application/json; charset=utf-8
host: localhost:55442
accept: */*

Response DefaultHttpResponse(decodeResult: success, version: HTTP/1.1)
HTTP/1.1 200 OK
Content-Type: application/json; charset=utf-8
cache-control: no-cache
content-length: 14

11:14:27.597 [AsyncHttpClient-1-2] DEBUG org.asynchttpclient.netty.channel.ChannelManager - Adding key: http://localhost:55442 for channel [id: 0x25914afc, L:/127.0.0.1:52530 - R:localhost/127.0.0.1:55442]
11:14:27.598 [Forwarding clickElement on session 62cbf3bca7140f0f3d88bfc52c1e871d to remote] DEBUG org.asynchttpclient.netty.request.NettyRequestSender - Using pooled Channel '[id: 0x25914afc, L:/127.0.0.1:52530 - R:localhost/127.0.0.1:55442]' for 'POST' to 'http://localhost:55442/session/62cbf3bca7140f0f3d88bfc52c1e871d/element/A7A6E031F73CC6B87A3B88CF8E6F0DCB_element_53/click'
11:14:27.598 [Forwarding clickElement on session 62cbf3bca7140f0f3d88bfc52c1e871d to remote] DEBUG org.asynchttpclient.netty.request.NettyRequestSender - Using open Channel [id: 0x25914afc, L:/127.0.0.1:52530 - R:localhost/127.0.0.1:55442] for POST '/session/62cbf3bca7140f0f3d88bfc52c1e871d/element/A7A6E031F73CC6B87A3B88CF8E6F0DCB_element_53/click'
11:14:27.668 [AsyncHttpClient-1-2] DEBUG org.asynchttpclient.netty.handler.HttpHandler - 

Request DefaultHttpRequest(decodeResult: success, version: HTTP/1.1)
POST /session/62cbf3bca7140f0f3d88bfc52c1e871d/element/A7A6E031F73CC6B87A3B88CF8E6F0DCB_element_53/click HTTP/1.1
User-Agent: selenium/4.4.0 (java windows)
Content-Length: 57
Content-Type: application/json; charset=utf-8
host: localhost:55442
accept: */*

Response DefaultHttpResponse(decodeResult: success, version: HTTP/1.1)
HTTP/1.1 200 OK
Content-Type: application/json; charset=utf-8
cache-control: no-cache
content-length: 14

11:14:27.668 [AsyncHttpClient-1-2] DEBUG org.asynchttpclient.netty.channel.ChannelManager - Adding key: http://localhost:55442 for channel [id: 0x25914afc, L:/127.0.0.1:52530 - R:localhost/127.0.0.1:55442]
11:14:27.673 [Forwarding getCurrentWindowHandle on session 62cbf3bca7140f0f3d88bfc52c1e871d to remote] DEBUG org.asynchttpclient.netty.request.NettyRequestSender - Using pooled Channel '[id: 0x25914afc, L:/127.0.0.1:52530 - R:localhost/127.0.0.1:55442]' for 'GET' to 'http://localhost:55442/session/62cbf3bca7140f0f3d88bfc52c1e871d/window'
11:14:27.673 [Forwarding getCurrentWindowHandle on session 62cbf3bca7140f0f3d88bfc52c1e871d to remote] DEBUG org.asynchttpclient.netty.request.NettyRequestSender - Using open Channel [id: 0x25914afc, L:/127.0.0.1:52530 - R:localhost/127.0.0.1:55442] for GET '/session/62cbf3bca7140f0f3d88bfc52c1e871d/window'
11:14:27.674 [AsyncHttpClient-1-2] DEBUG org.asynchttpclient.netty.handler.HttpHandler - 

Request DefaultFullHttpRequest(decodeResult: success, version: HTTP/1.1, content: EmptyByteBufBE)
GET /session/62cbf3bca7140f0f3d88bfc52c1e871d/window HTTP/1.1
User-Agent: selenium/4.4.0 (java windows)
Cache-Control: no-cache
Content-Type: application/json; charset=utf-8
host: localhost:55442
accept: */*

Response DefaultHttpResponse(decodeResult: success, version: HTTP/1.1)
HTTP/1.1 200 OK
Content-Type: application/json; charset=utf-8
cache-control: no-cache
content-length: 44

11:14:27.674 [AsyncHttpClient-1-2] DEBUG org.asynchttpclient.netty.channel.ChannelManager - Adding key: http://localhost:55442 for channel [id: 0x25914afc, L:/127.0.0.1:52530 - R:localhost/127.0.0.1:55442]
11:14:27.676 [Forwarding getAlertText on session 62cbf3bca7140f0f3d88bfc52c1e871d to remote] DEBUG org.asynchttpclient.netty.request.NettyRequestSender - Using pooled Channel '[id: 0x25914afc, L:/127.0.0.1:52530 - R:localhost/127.0.0.1:55442]' for 'GET' to 'http://localhost:55442/session/62cbf3bca7140f0f3d88bfc52c1e871d/alert/text'
11:14:27.676 [Forwarding getAlertText on session 62cbf3bca7140f0f3d88bfc52c1e871d to remote] DEBUG org.asynchttpclient.netty.request.NettyRequestSender - Using open Channel [id: 0x25914afc, L:/127.0.0.1:52530 - R:localhost/127.0.0.1:55442] for GET '/session/62cbf3bca7140f0f3d88bfc52c1e871d/alert/text'
11:14:27.678 [AsyncHttpClient-1-2] DEBUG org.asynchttpclient.netty.handler.HttpHandler - 

Request DefaultFullHttpRequest(decodeResult: success, version: HTTP/1.1, content: EmptyByteBufBE)
GET /session/62cbf3bca7140f0f3d88bfc52c1e871d/alert/text HTTP/1.1
User-Agent: selenium/4.4.0 (java windows)
Cache-Control: no-cache
Content-Type: application/json; charset=utf-8
host: localhost:55442
accept: */*

Response DefaultHttpResponse(decodeResult: success, version: HTTP/1.1)
HTTP/1.1 404 Not Found
Content-Type: application/json; charset=utf-8
cache-control: no-cache
content-length: 848

11:14:27.678 [AsyncHttpClient-1-2] DEBUG org.asynchttpclient.netty.channel.ChannelManager - Adding key: http://localhost:55442 for channel [id: 0x25914afc, L:/127.0.0.1:52530 - R:localhost/127.0.0.1:55442]
11:14:27.680 [Forwarding switchToWindow on session 62cbf3bca7140f0f3d88bfc52c1e871d to remote] DEBUG org.asynchttpclient.netty.request.NettyRequestSender - Using pooled Channel '[id: 0x25914afc, L:/127.0.0.1:52530 - R:localhost/127.0.0.1:55442]' for 'POST' to 'http://localhost:55442/session/62cbf3bca7140f0f3d88bfc52c1e871d/window'
11:14:27.680 [Forwarding switchToWindow on session 62cbf3bca7140f0f3d88bfc52c1e871d to remote] DEBUG org.asynchttpclient.netty.request.NettyRequestSender - Using open Channel [id: 0x25914afc, L:/127.0.0.1:52530 - R:localhost/127.0.0.1:55442] for POST '/session/62cbf3bca7140f0f3d88bfc52c1e871d/window'
11:14:27.682 [AsyncHttpClient-1-2] DEBUG org.asynchttpclient.netty.handler.HttpHandler - 

Request DefaultHttpRequest(decodeResult: success, version: HTTP/1.1)
POST /session/62cbf3bca7140f0f3d88bfc52c1e871d/window HTTP/1.1
User-Agent: selenium/4.4.0 (java windows)
Content-Length: 50
Content-Type: application/json; charset=utf-8
host: localhost:55442
accept: */*

Response DefaultHttpResponse(decodeResult: success, version: HTTP/1.1)
HTTP/1.1 200 OK
Content-Type: application/json; charset=utf-8
cache-control: no-cache
content-length: 14

11:14:27.682 [AsyncHttpClient-1-2] DEBUG org.asynchttpclient.netty.channel.ChannelManager - Adding key: http://localhost:55442 for channel [id: 0x25914afc, L:/127.0.0.1:52530 - R:localhost/127.0.0.1:55442]
11:14:27.682 [Forwarding getCurrentUrl on session 62cbf3bca7140f0f3d88bfc52c1e871d to remote] DEBUG org.asynchttpclient.netty.request.NettyRequestSender - Using pooled Channel '[id: 0x25914afc, L:/127.0.0.1:52530 - R:localhost/127.0.0.1:55442]' for 'GET' to 'http://localhost:55442/session/62cbf3bca7140f0f3d88bfc52c1e871d/url'
11:14:27.682 [Forwarding getCurrentUrl on session 62cbf3bca7140f0f3d88bfc52c1e871d to remote] DEBUG org.asynchttpclient.netty.request.NettyRequestSender - Using open Channel [id: 0x25914afc, L:/127.0.0.1:52530 - R:localhost/127.0.0.1:55442] for GET '/session/62cbf3bca7140f0f3d88bfc52c1e871d/url'
11:14:27.693 [AsyncHttpClient-1-2] DEBUG org.asynchttpclient.netty.handler.HttpHandler - 

Request DefaultFullHttpRequest(decodeResult: success, version: HTTP/1.1, content: EmptyByteBufBE)
GET /session/62cbf3bca7140f0f3d88bfc52c1e871d/url HTTP/1.1
User-Agent: selenium/4.4.0 (java windows)
Cache-Control: no-cache
Content-Type: application/json; charset=utf-8
host: localhost:55442
accept: */*

Response DefaultHttpResponse(decodeResult: success, version: HTTP/1.1)
HTTP/1.1 200 OK
Content-Type: application/json; charset=utf-8
cache-control: no-cache
content-length: 48

11:14:27.693 [AsyncHttpClient-1-2] DEBUG org.asynchttpclient.netty.channel.ChannelManager - Adding key: http://localhost:55442 for channel [id: 0x25914afc, L:/127.0.0.1:52530 - R:localhost/127.0.0.1:55442]
11:14:27.694 [Forwarding screenshot on session 62cbf3bca7140f0f3d88bfc52c1e871d to remote] DEBUG org.asynchttpclient.netty.request.NettyRequestSender - Using pooled Channel '[id: 0x25914afc, L:/127.0.0.1:52530 - R:localhost/127.0.0.1:55442]' for 'GET' to 'http://localhost:55442/session/62cbf3bca7140f0f3d88bfc52c1e871d/screenshot'
11:14:27.694 [Forwarding screenshot on session 62cbf3bca7140f0f3d88bfc52c1e871d to remote] DEBUG org.asynchttpclient.netty.request.NettyRequestSender - Using open Channel [id: 0x25914afc, L:/127.0.0.1:52530 - R:localhost/127.0.0.1:55442] for GET '/session/62cbf3bca7140f0f3d88bfc52c1e871d/screenshot'
11:14:27.744 [AsyncHttpClient-1-1] DEBUG org.asynchttpclient.netty.channel.DefaultChannelPool - Entry count for : http://localhost:52531 : 1
11:14:27.840 [AsyncHttpClient-1-2] DEBUG org.asynchttpclient.netty.handler.HttpHandler - 

Request DefaultFullHttpRequest(decodeResult: success, version: HTTP/1.1, content: EmptyByteBufBE)
GET /session/62cbf3bca7140f0f3d88bfc52c1e871d/screenshot HTTP/1.1
User-Agent: selenium/4.4.0 (java windows)
Cache-Control: no-cache
Content-Type: application/json; charset=utf-8
host: localhost:55442
accept: */*

Response DefaultHttpResponse(decodeResult: success, version: HTTP/1.1)
HTTP/1.1 200 OK
Content-Type: application/json; charset=utf-8
cache-control: no-cache
content-length: 292404

11:14:27.841 [AsyncHttpClient-1-2] DEBUG org.asynchttpclient.netty.channel.ChannelManager - Adding key: http://localhost:55442 for channel [id: 0x25914afc, L:/127.0.0.1:52530 - R:localhost/127.0.0.1:55442]
11:14:27.846 [main] DEBUG net.serenitybdd.core.photography.Darkroom - Send negative for processing for target\site\serenity\703ad106087763c34746c8a16e2c98c0bcd0e45371f249d16f6d507da6509af7.png
11:14:27.846 [main] DEBUG net.thucydides.core.steps.StepInterceptor - STEP DONE: Navega a la pestaña home
  &amp#27;[32mWhen &amp#27;[0m&amp#27;[32mel usuario se encuentra en la pagina home&amp#27;[0m                                                              &amp#27;[90m# Step.ComprarDispositivosElectronicosStep.el_usuario_se_encuentra_en_la_pagina_home()&amp#27;[0m
11:14:27.847 [Darkroom Processing Line] DEBUG net.serenitybdd.core.photography.DarkroomProcessingLine - Processing screenshot image in /var/screenshots/screenshot-3670978219916683286
11:14:27.847 [Darkroom Processing Line] DEBUG net.serenitybdd.core.photography.DarkroomProcessingLine - Saving screenshot to target\site\serenity\703ad106087763c34746c8a16e2c98c0bcd0e45371f249d16f6d507da6509af7.png
11:14:27.864 [main] DEBUG net.thucydides.core.steps.StepInterceptor - STARTING STEP: ComprarDispositivosElectronicosStep.el_usuario_se_dirige_a_la_categoria_de_ordenadores - Navega a la pestaña LAPTOPS
11:14:28.843 [AsyncHttpClient-1-1] DEBUG org.asynchttpclient.netty.channel.DefaultChannelPool - Entry count for : http://localhost:55442 : 1
11:14:28.843 [AsyncHttpClient-1-1] DEBUG org.asynchttpclient.netty.channel.DefaultChannelPool - Entry count for : http://localhost:52531 : 1
11:14:28.873 [Forwarding screenshot on session 62cbf3bca7140f0f3d88bfc52c1e871d to remote] DEBUG org.asynchttpclient.netty.request.NettyRequestSender - Using pooled Channel '[id: 0x25914afc, L:/127.0.0.1:52530 - R:localhost/127.0.0.1:55442]' for 'GET' to 'http://localhost:55442/session/62cbf3bca7140f0f3d88bfc52c1e871d/screenshot'
11:14:28.873 [Forwarding screenshot on session 62cbf3bca7140f0f3d88bfc52c1e871d to remote] DEBUG org.asynchttpclient.netty.request.NettyRequestSender - Using open Channel [id: 0x25914afc, L:/127.0.0.1:52530 - R:localhost/127.0.0.1:55442] for GET '/session/62cbf3bca7140f0f3d88bfc52c1e871d/screenshot'
11:14:29.014 [AsyncHttpClient-1-2] DEBUG org.asynchttpclient.netty.handler.HttpHandler - 

Request DefaultFullHttpRequest(decodeResult: success, version: HTTP/1.1, content: EmptyByteBufBE)
GET /session/62cbf3bca7140f0f3d88bfc52c1e871d/screenshot HTTP/1.1
User-Agent: selenium/4.4.0 (java windows)
Cache-Control: no-cache
Content-Type: application/json; charset=utf-8
host: localhost:55442
accept: */*

Response DefaultHttpResponse(decodeResult: success, version: HTTP/1.1)
HTTP/1.1 200 OK
Content-Type: application/json; charset=utf-8
cache-control: no-cache
content-length: 458280

11:14:29.015 [AsyncHttpClient-1-2] DEBUG org.asynchttpclient.netty.channel.ChannelManager - Adding key: http://localhost:55442 for channel [id: 0x25914afc, L:/127.0.0.1:52530 - R:localhost/127.0.0.1:55442]
11:14:29.027 [Forwarding findElement on session 62cbf3bca7140f0f3d88bfc52c1e871d to remote] DEBUG org.asynchttpclient.netty.request.NettyRequestSender - Using pooled Channel '[id: 0x25914afc, L:/127.0.0.1:52530 - R:localhost/127.0.0.1:55442]' for 'POST' to 'http://localhost:55442/session/62cbf3bca7140f0f3d88bfc52c1e871d/element'
11:14:29.027 [Forwarding findElement on session 62cbf3bca7140f0f3d88bfc52c1e871d to remote] DEBUG org.asynchttpclient.netty.request.NettyRequestSender - Using open Channel [id: 0x25914afc, L:/127.0.0.1:52530 - R:localhost/127.0.0.1:55442] for POST '/session/62cbf3bca7140f0f3d88bfc52c1e871d/element'
11:14:29.040 [AsyncHttpClient-1-2] DEBUG org.asynchttpclient.netty.handler.HttpHandler - 

Request DefaultHttpRequest(decodeResult: success, version: HTTP/1.1)
POST /session/62cbf3bca7140f0f3d88bfc52c1e871d/element HTTP/1.1
User-Agent: selenium/4.4.0 (java windows)
Content-Length: 78
Content-Type: application/json; charset=utf-8
host: localhost:55442
accept: */*

Response DefaultHttpResponse(decodeResult: success, version: HTTP/1.1)
HTTP/1.1 200 OK
Content-Type: application/json; charset=utf-8
cache-control: no-cache
content-length: 95

11:14:29.040 [AsyncHttpClient-1-2] DEBUG org.asynchttpclient.netty.channel.ChannelManager - Adding key: http://localhost:55442 for channel [id: 0x25914afc, L:/127.0.0.1:52530 - R:localhost/127.0.0.1:55442]
11:14:29.042 [Forwarding isElementDisplayed on session 62cbf3bca7140f0f3d88bfc52c1e871d to remote] DEBUG org.asynchttpclient.netty.request.NettyRequestSender - Using pooled Channel '[id: 0x25914afc, L:/127.0.0.1:52530 - R:localhost/127.0.0.1:55442]' for 'POST' to 'http://localhost:55442/session/62cbf3bca7140f0f3d88bfc52c1e871d/execute/sync'
11:14:29.042 [Forwarding isElementDisplayed on session 62cbf3bca7140f0f3d88bfc52c1e871d to remote] DEBUG org.asynchttpclient.netty.request.NettyRequestSender - Using open Channel [id: 0x25914afc, L:/127.0.0.1:52530 - R:localhost/127.0.0.1:55442] for POST '/session/62cbf3bca7140f0f3d88bfc52c1e871d/execute/sync'
11:14:29.051 [AsyncHttpClient-1-2] DEBUG org.asynchttpclient.netty.handler.HttpHandler - 

Request DefaultHttpRequest(decodeResult: success, version: HTTP/1.1)
POST /session/62cbf3bca7140f0f3d88bfc52c1e871d/execute/sync HTTP/1.1
User-Agent: selenium/4.4.0 (java windows)
Content-Length: 48787
Content-Type: application/json; charset=utf-8
host: localhost:55442
accept: */*

Response DefaultHttpResponse(decodeResult: success, version: HTTP/1.1)
HTTP/1.1 200 OK
Content-Type: application/json; charset=utf-8
cache-control: no-cache
content-length: 14

11:14:29.051 [AsyncHttpClient-1-2] DEBUG org.asynchttpclient.netty.channel.ChannelManager - Adding key: http://localhost:55442 for channel [id: 0x25914afc, L:/127.0.0.1:52530 - R:localhost/127.0.0.1:55442]
11:14:29.053 [Forwarding isElementDisplayed on session 62cbf3bca7140f0f3d88bfc52c1e871d to remote] DEBUG org.asynchttpclient.netty.request.NettyRequestSender - Using pooled Channel '[id: 0x25914afc, L:/127.0.0.1:52530 - R:localhost/127.0.0.1:55442]' for 'POST' to 'http://localhost:55442/session/62cbf3bca7140f0f3d88bfc52c1e871d/execute/sync'
11:14:29.053 [Forwarding isElementDisplayed on session 62cbf3bca7140f0f3d88bfc52c1e871d to remote] DEBUG org.asynchttpclient.netty.request.NettyRequestSender - Using open Channel [id: 0x25914afc, L:/127.0.0.1:52530 - R:localhost/127.0.0.1:55442] for POST '/session/62cbf3bca7140f0f3d88bfc52c1e871d/execute/sync'
11:14:29.060 [AsyncHttpClient-1-2] DEBUG org.asynchttpclient.netty.handler.HttpHandler - 

Request DefaultHttpRequest(decodeResult: success, version: HTTP/1.1)
POST /session/62cbf3bca7140f0f3d88bfc52c1e871d/execute/sync HTTP/1.1
User-Agent: selenium/4.4.0 (java windows)
Content-Length: 48787
Content-Type: application/json; charset=utf-8
host: localhost:55442
accept: */*

Response DefaultHttpResponse(decodeResult: success, version: HTTP/1.1)
HTTP/1.1 200 OK
Content-Type: application/json; charset=utf-8
cache-control: no-cache
content-length: 14

11:14:29.060 [AsyncHttpClient-1-2] DEBUG org.asynchttpclient.netty.channel.ChannelManager - Adding key: http://localhost:55442 for channel [id: 0x25914afc, L:/127.0.0.1:52530 - R:localhost/127.0.0.1:55442]
11:14:29.061 [Forwarding findElement on session 62cbf3bca7140f0f3d88bfc52c1e871d to remote] DEBUG org.asynchttpclient.netty.request.NettyRequestSender - Using pooled Channel '[id: 0x25914afc, L:/127.0.0.1:52530 - R:localhost/127.0.0.1:55442]' for 'POST' to 'http://localhost:55442/session/62cbf3bca7140f0f3d88bfc52c1e871d/element'
11:14:29.062 [Forwarding findElement on session 62cbf3bca7140f0f3d88bfc52c1e871d to remote] DEBUG org.asynchttpclient.netty.request.NettyRequestSender - Using open Channel [id: 0x25914afc, L:/127.0.0.1:52530 - R:localhost/127.0.0.1:55442] for POST '/session/62cbf3bca7140f0f3d88bfc52c1e871d/element'
11:14:29.067 [AsyncHttpClient-1-2] DEBUG org.asynchttpclient.netty.handler.HttpHandler - 

Request DefaultHttpRequest(decodeResult: success, version: HTTP/1.1)
POST /session/62cbf3bca7140f0f3d88bfc52c1e871d/element HTTP/1.1
User-Agent: selenium/4.4.0 (java windows)
Content-Length: 78
Content-Type: application/json; charset=utf-8
host: localhost:55442
accept: */*

Response DefaultHttpResponse(decodeResult: success, version: HTTP/1.1)
HTTP/1.1 200 OK
Content-Type: application/json; charset=utf-8
cache-control: no-cache
content-length: 95

11:14:29.067 [AsyncHttpClient-1-2] DEBUG org.asynchttpclient.netty.channel.ChannelManager - Adding key: http://localhost:55442 for channel [id: 0x25914afc, L:/127.0.0.1:52530 - R:localhost/127.0.0.1:55442]
11:14:29.069 [Forwarding isElementDisplayed on session 62cbf3bca7140f0f3d88bfc52c1e871d to remote] DEBUG org.asynchttpclient.netty.request.NettyRequestSender - Using pooled Channel '[id: 0x25914afc, L:/127.0.0.1:52530 - R:localhost/127.0.0.1:55442]' for 'POST' to 'http://localhost:55442/session/62cbf3bca7140f0f3d88bfc52c1e871d/execute/sync'
11:14:29.069 [Forwarding isElementDisplayed on session 62cbf3bca7140f0f3d88bfc52c1e871d to remote] DEBUG org.asynchttpclient.netty.request.NettyRequestSender - Using open Channel [id: 0x25914afc, L:/127.0.0.1:52530 - R:localhost/127.0.0.1:55442] for POST '/session/62cbf3bca7140f0f3d88bfc52c1e871d/execute/sync'
11:14:29.075 [AsyncHttpClient-1-2] DEBUG org.asynchttpclient.netty.handler.HttpHandler - 

Request DefaultHttpRequest(decodeResult: success, version: HTTP/1.1)
POST /session/62cbf3bca7140f0f3d88bfc52c1e871d/execute/sync HTTP/1.1
User-Agent: selenium/4.4.0 (java windows)
Content-Length: 48787
Content-Type: application/json; charset=utf-8
host: localhost:55442
accept: */*

Response DefaultHttpResponse(decodeResult: success, version: HTTP/1.1)
HTTP/1.1 200 OK
Content-Type: application/json; charset=utf-8
cache-control: no-cache
content-length: 14

11:14:29.075 [AsyncHttpClient-1-2] DEBUG org.asynchttpclient.netty.channel.ChannelManager - Adding key: http://localhost:55442 for channel [id: 0x25914afc, L:/127.0.0.1:52530 - R:localhost/127.0.0.1:55442]
11:14:29.076 [Forwarding isElementEnabled on session 62cbf3bca7140f0f3d88bfc52c1e871d to remote] DEBUG org.asynchttpclient.netty.request.NettyRequestSender - Using pooled Channel '[id: 0x25914afc, L:/127.0.0.1:52530 - R:localhost/127.0.0.1:55442]' for 'GET' to 'http://localhost:55442/session/62cbf3bca7140f0f3d88bfc52c1e871d/element/649A13A5BD05780D0837D5AE88EDD1D2_element_68/enabled'
11:14:29.076 [Forwarding isElementEnabled on session 62cbf3bca7140f0f3d88bfc52c1e871d to remote] DEBUG org.asynchttpclient.netty.request.NettyRequestSender - Using open Channel [id: 0x25914afc, L:/127.0.0.1:52530 - R:localhost/127.0.0.1:55442] for GET '/session/62cbf3bca7140f0f3d88bfc52c1e871d/element/649A13A5BD05780D0837D5AE88EDD1D2_element_68/enabled'
11:14:29.080 [AsyncHttpClient-1-2] DEBUG org.asynchttpclient.netty.handler.HttpHandler - 

Request DefaultFullHttpRequest(decodeResult: success, version: HTTP/1.1, content: EmptyByteBufBE)
GET /session/62cbf3bca7140f0f3d88bfc52c1e871d/element/649A13A5BD05780D0837D5AE88EDD1D2_element_68/enabled HTTP/1.1
User-Agent: selenium/4.4.0 (java windows)
Cache-Control: no-cache
Content-Type: application/json; charset=utf-8
host: localhost:55442
accept: */*

Response DefaultHttpResponse(decodeResult: success, version: HTTP/1.1)
HTTP/1.1 200 OK
Content-Type: application/json; charset=utf-8
cache-control: no-cache
content-length: 14

11:14:29.080 [AsyncHttpClient-1-2] DEBUG org.asynchttpclient.netty.channel.ChannelManager - Adding key: http://localhost:55442 for channel [id: 0x25914afc, L:/127.0.0.1:52530 - R:localhost/127.0.0.1:55442]
11:14:29.082 [Forwarding findElement on session 62cbf3bca7140f0f3d88bfc52c1e871d to remote] DEBUG org.asynchttpclient.netty.request.NettyRequestSender - Using pooled Channel '[id: 0x25914afc, L:/127.0.0.1:52530 - R:localhost/127.0.0.1:55442]' for 'POST' to 'http://localhost:55442/session/62cbf3bca7140f0f3d88bfc52c1e871d/element'
11:14:29.082 [Forwarding findElement on session 62cbf3bca7140f0f3d88bfc52c1e871d to remote] DEBUG org.asynchttpclient.netty.request.NettyRequestSender - Using open Channel [id: 0x25914afc, L:/127.0.0.1:52530 - R:localhost/127.0.0.1:55442] for POST '/session/62cbf3bca7140f0f3d88bfc52c1e871d/element'
11:14:29.086 [AsyncHttpClient-1-2] DEBUG org.asynchttpclient.netty.handler.HttpHandler - 

Request DefaultHttpRequest(decodeResult: success, version: HTTP/1.1)
POST /session/62cbf3bca7140f0f3d88bfc52c1e871d/element HTTP/1.1
User-Agent: selenium/4.4.0 (java windows)
Content-Length: 78
Content-Type: application/json; charset=utf-8
host: localhost:55442
accept: */*

Response DefaultHttpResponse(decodeResult: success, version: HTTP/1.1)
HTTP/1.1 200 OK
Content-Type: application/json; charset=utf-8
cache-control: no-cache
content-length: 95

11:14:29.087 [AsyncHttpClient-1-2] DEBUG org.asynchttpclient.netty.channel.ChannelManager - Adding key: http://localhost:55442 for channel [id: 0x25914afc, L:/127.0.0.1:52530 - R:localhost/127.0.0.1:55442]
11:14:29.088 [Forwarding isElementDisplayed on session 62cbf3bca7140f0f3d88bfc52c1e871d to remote] DEBUG org.asynchttpclient.netty.request.NettyRequestSender - Using pooled Channel '[id: 0x25914afc, L:/127.0.0.1:52530 - R:localhost/127.0.0.1:55442]' for 'POST' to 'http://localhost:55442/session/62cbf3bca7140f0f3d88bfc52c1e871d/execute/sync'
11:14:29.088 [Forwarding isElementDisplayed on session 62cbf3bca7140f0f3d88bfc52c1e871d to remote] DEBUG org.asynchttpclient.netty.request.NettyRequestSender - Using open Channel [id: 0x25914afc, L:/127.0.0.1:52530 - R:localhost/127.0.0.1:55442] for POST '/session/62cbf3bca7140f0f3d88bfc52c1e871d/execute/sync'
11:14:29.094 [AsyncHttpClient-1-2] DEBUG org.asynchttpclient.netty.handler.HttpHandler - 

Request DefaultHttpRequest(decodeResult: success, version: HTTP/1.1)
POST /session/62cbf3bca7140f0f3d88bfc52c1e871d/execute/sync HTTP/1.1
User-Agent: selenium/4.4.0 (java windows)
Content-Length: 48787
Content-Type: application/json; charset=utf-8
host: localhost:55442
accept: */*

Response DefaultHttpResponse(decodeResult: success, version: HTTP/1.1)
HTTP/1.1 200 OK
Content-Type: application/json; charset=utf-8
cache-control: no-cache
content-length: 14

11:14:29.095 [AsyncHttpClient-1-2] DEBUG org.asynchttpclient.netty.channel.ChannelManager - Adding key: http://localhost:55442 for channel [id: 0x25914afc, L:/127.0.0.1:52530 - R:localhost/127.0.0.1:55442]
11:14:29.095 [Forwarding clickElement on session 62cbf3bca7140f0f3d88bfc52c1e871d to remote] DEBUG org.asynchttpclient.netty.request.NettyRequestSender - Using pooled Channel '[id: 0x25914afc, L:/127.0.0.1:52530 - R:localhost/127.0.0.1:55442]' for 'POST' to 'http://localhost:55442/session/62cbf3bca7140f0f3d88bfc52c1e871d/element/649A13A5BD05780D0837D5AE88EDD1D2_element_68/click'
11:14:29.095 [Forwarding clickElement on session 62cbf3bca7140f0f3d88bfc52c1e871d to remote] DEBUG org.asynchttpclient.netty.request.NettyRequestSender - Using open Channel [id: 0x25914afc, L:/127.0.0.1:52530 - R:localhost/127.0.0.1:55442] for POST '/session/62cbf3bca7140f0f3d88bfc52c1e871d/element/649A13A5BD05780D0837D5AE88EDD1D2_element_68/click'
11:14:29.119 [AsyncHttpClient-1-2] DEBUG org.asynchttpclient.netty.handler.HttpHandler - 

Request DefaultHttpRequest(decodeResult: success, version: HTTP/1.1)
POST /session/62cbf3bca7140f0f3d88bfc52c1e871d/element/649A13A5BD05780D0837D5AE88EDD1D2_element_68/click HTTP/1.1
User-Agent: selenium/4.4.0 (java windows)
Content-Length: 57
Content-Type: application/json; charset=utf-8
host: localhost:55442
accept: */*

Response DefaultHttpResponse(decodeResult: success, version: HTTP/1.1)
HTTP/1.1 200 OK
Content-Type: application/json; charset=utf-8
cache-control: no-cache
content-length: 14

11:14:29.119 [AsyncHttpClient-1-2] DEBUG org.asynchttpclient.netty.channel.ChannelManager - Adding key: http://localhost:55442 for channel [id: 0x25914afc, L:/127.0.0.1:52530 - R:localhost/127.0.0.1:55442]
11:14:29.123 [Forwarding getCurrentWindowHandle on session 62cbf3bca7140f0f3d88bfc52c1e871d to remote] DEBUG org.asynchttpclient.netty.request.NettyRequestSender - Using pooled Channel '[id: 0x25914afc, L:/127.0.0.1:52530 - R:localhost/127.0.0.1:55442]' for 'GET' to 'http://localhost:55442/session/62cbf3bca7140f0f3d88bfc52c1e871d/window'
11:14:29.123 [Forwarding getCurrentWindowHandle on session 62cbf3bca7140f0f3d88bfc52c1e871d to remote] DEBUG org.asynchttpclient.netty.request.NettyRequestSender - Using open Channel [id: 0x25914afc, L:/127.0.0.1:52530 - R:localhost/127.0.0.1:55442] for GET '/session/62cbf3bca7140f0f3d88bfc52c1e871d/window'
11:14:29.124 [AsyncHttpClient-1-2] DEBUG org.asynchttpclient.netty.handler.HttpHandler - 

Request DefaultFullHttpRequest(decodeResult: success, version: HTTP/1.1, content: EmptyByteBufBE)
GET /session/62cbf3bca7140f0f3d88bfc52c1e871d/window HTTP/1.1
User-Agent: selenium/4.4.0 (java windows)
Cache-Control: no-cache
Content-Type: application/json; charset=utf-8
host: localhost:55442
accept: */*

Response DefaultHttpResponse(decodeResult: success, version: HTTP/1.1)
HTTP/1.1 200 OK
Content-Type: application/json; charset=utf-8
cache-control: no-cache
content-length: 44

11:14:29.124 [AsyncHttpClient-1-2] DEBUG org.asynchttpclient.netty.channel.ChannelManager - Adding key: http://localhost:55442 for channel [id: 0x25914afc, L:/127.0.0.1:52530 - R:localhost/127.0.0.1:55442]
11:14:29.124 [Forwarding getAlertText on session 62cbf3bca7140f0f3d88bfc52c1e871d to remote] DEBUG org.asynchttpclient.netty.request.NettyRequestSender - Using pooled Channel '[id: 0x25914afc, L:/127.0.0.1:52530 - R:localhost/127.0.0.1:55442]' for 'GET' to 'http://localhost:55442/session/62cbf3bca7140f0f3d88bfc52c1e871d/alert/text'
11:14:29.125 [Forwarding getAlertText on session 62cbf3bca7140f0f3d88bfc52c1e871d to remote] DEBUG org.asynchttpclient.netty.request.NettyRequestSender - Using open Channel [id: 0x25914afc, L:/127.0.0.1:52530 - R:localhost/127.0.0.1:55442] for GET '/session/62cbf3bca7140f0f3d88bfc52c1e871d/alert/text'
11:14:29.126 [AsyncHttpClient-1-2] DEBUG org.asynchttpclient.netty.handler.HttpHandler - 

Request DefaultFullHttpRequest(decodeResult: success, version: HTTP/1.1, content: EmptyByteBufBE)
GET /session/62cbf3bca7140f0f3d88bfc52c1e871d/alert/text HTTP/1.1
User-Agent: selenium/4.4.0 (java windows)
Cache-Control: no-cache
Content-Type: application/json; charset=utf-8
host: localhost:55442
accept: */*

Response DefaultHttpResponse(decodeResult: success, version: HTTP/1.1)
HTTP/1.1 404 Not Found
Content-Type: application/json; charset=utf-8
cache-control: no-cache
content-length: 848

11:14:29.126 [AsyncHttpClient-1-2] DEBUG org.asynchttpclient.netty.channel.ChannelManager - Adding key: http://localhost:55442 for channel [id: 0x25914afc, L:/127.0.0.1:52530 - R:localhost/127.0.0.1:55442]
11:14:29.127 [Forwarding switchToWindow on session 62cbf3bca7140f0f3d88bfc52c1e871d to remote] DEBUG org.asynchttpclient.netty.request.NettyRequestSender - Using pooled Channel '[id: 0x25914afc, L:/127.0.0.1:52530 - R:localhost/127.0.0.1:55442]' for 'POST' to 'http://localhost:55442/session/62cbf3bca7140f0f3d88bfc52c1e871d/window'
11:14:29.127 [Forwarding switchToWindow on session 62cbf3bca7140f0f3d88bfc52c1e871d to remote] DEBUG org.asynchttpclient.netty.request.NettyRequestSender - Using open Channel [id: 0x25914afc, L:/127.0.0.1:52530 - R:localhost/127.0.0.1:55442] for POST '/session/62cbf3bca7140f0f3d88bfc52c1e871d/window'
11:14:29.128 [AsyncHttpClient-1-2] DEBUG org.asynchttpclient.netty.handler.HttpHandler - 

Request DefaultHttpRequest(decodeResult: success, version: HTTP/1.1)
POST /session/62cbf3bca7140f0f3d88bfc52c1e871d/window HTTP/1.1
User-Agent: selenium/4.4.0 (java windows)
Content-Length: 50
Content-Type: application/json; charset=utf-8
host: localhost:55442
accept: */*

Response DefaultHttpResponse(decodeResult: success, version: HTTP/1.1)
HTTP/1.1 200 OK
Content-Type: application/json; charset=utf-8
cache-control: no-cache
content-length: 14

11:14:29.128 [AsyncHttpClient-1-2] DEBUG org.asynchttpclient.netty.channel.ChannelManager - Adding key: http://localhost:55442 for channel [id: 0x25914afc, L:/127.0.0.1:52530 - R:localhost/127.0.0.1:55442]
11:14:29.128 [Forwarding getCurrentUrl on session 62cbf3bca7140f0f3d88bfc52c1e871d to remote] DEBUG org.asynchttpclient.netty.request.NettyRequestSender - Using pooled Channel '[id: 0x25914afc, L:/127.0.0.1:52530 - R:localhost/127.0.0.1:55442]' for 'GET' to 'http://localhost:55442/session/62cbf3bca7140f0f3d88bfc52c1e871d/url'
11:14:29.128 [Forwarding getCurrentUrl on session 62cbf3bca7140f0f3d88bfc52c1e871d to remote] DEBUG org.asynchttpclient.netty.request.NettyRequestSender - Using open Channel [id: 0x25914afc, L:/127.0.0.1:52530 - R:localhost/127.0.0.1:55442] for GET '/session/62cbf3bca7140f0f3d88bfc52c1e871d/url'
11:14:29.131 [AsyncHttpClient-1-2] DEBUG org.asynchttpclient.netty.handler.HttpHandler - 

Request DefaultFullHttpRequest(decodeResult: success, version: HTTP/1.1, content: EmptyByteBufBE)
GET /session/62cbf3bca7140f0f3d88bfc52c1e871d/url HTTP/1.1
User-Agent: selenium/4.4.0 (java windows)
Cache-Control: no-cache
Content-Type: application/json; charset=utf-8
host: localhost:55442
accept: */*

Response DefaultHttpResponse(decodeResult: success, version: HTTP/1.1)
HTTP/1.1 200 OK
Content-Type: application/json; charset=utf-8
cache-control: no-cache
content-length: 49

11:14:29.131 [AsyncHttpClient-1-2] DEBUG org.asynchttpclient.netty.channel.ChannelManager - Adding key: http://localhost:55442 for channel [id: 0x25914afc, L:/127.0.0.1:52530 - R:localhost/127.0.0.1:55442]
11:14:29.132 [Forwarding screenshot on session 62cbf3bca7140f0f3d88bfc52c1e871d to remote] DEBUG org.asynchttpclient.netty.request.NettyRequestSender - Using pooled Channel '[id: 0x25914afc, L:/127.0.0.1:52530 - R:localhost/127.0.0.1:55442]' for 'GET' to 'http://localhost:55442/session/62cbf3bca7140f0f3d88bfc52c1e871d/screenshot'
11:14:29.132 [Forwarding screenshot on session 62cbf3bca7140f0f3d88bfc52c1e871d to remote] DEBUG org.asynchttpclient.netty.request.NettyRequestSender - Using open Channel [id: 0x25914afc, L:/127.0.0.1:52530 - R:localhost/127.0.0.1:55442] for GET '/session/62cbf3bca7140f0f3d88bfc52c1e871d/screenshot'
11:14:29.281 [AsyncHttpClient-1-2] DEBUG org.asynchttpclient.netty.handler.HttpHandler - 

Request DefaultFullHttpRequest(decodeResult: success, version: HTTP/1.1, content: EmptyByteBufBE)
GET /session/62cbf3bca7140f0f3d88bfc52c1e871d/screenshot HTTP/1.1
User-Agent: selenium/4.4.0 (java windows)
Cache-Control: no-cache
Content-Type: application/json; charset=utf-8
host: localhost:55442
accept: */*

Response DefaultHttpResponse(decodeResult: success, version: HTTP/1.1)
HTTP/1.1 200 OK
Content-Type: application/json; charset=utf-8
cache-control: no-cache
content-length: 458280

11:14:29.282 [AsyncHttpClient-1-2] DEBUG org.asynchttpclient.netty.channel.ChannelManager - Adding key: http://localhost:55442 for channel [id: 0x25914afc, L:/127.0.0.1:52530 - R:localhost/127.0.0.1:55442]
11:14:29.291 [main] DEBUG net.serenitybdd.core.photography.Darkroom - Send negative for processing for target\site\serenity\45da4bd57e2da19ca0e49dd6d4a4ac2c6f2201d8ce82fab8d85f8702f5782b46.png
11:14:29.292 [main] DEBUG net.thucydides.core.steps.StepInterceptor - STEP DONE: Navega a la pestaña LAPTOPS
  &amp#27;[32mAnd &amp#27;[0m&amp#27;[32mel usuario se dirige a la categoria de ordenadores&amp#27;[0m                                                      &amp#27;[90m# Step.ComprarDispositivosElectronicosStep.el_usuario_se_dirige_a_la_categoria_de_ordenadores()&amp#27;[0m
11:14:29.292 [Darkroom Processing Line] DEBUG net.serenitybdd.core.photography.DarkroomProcessingLine - Processing screenshot image in /var/screenshots/screenshot-8947260784422819215
11:14:29.292 [Darkroom Processing Line] DEBUG net.serenitybdd.core.photography.DarkroomProcessingLine - Saving screenshot to target\site\serenity\45da4bd57e2da19ca0e49dd6d4a4ac2c6f2201d8ce82fab8d85f8702f5782b46.png
11:14:29.301 [main] DEBUG net.thucydides.core.steps.StepInterceptor - STARTING STEP: ComprarDispositivosElectronicosStep.el_usuario_clika_en_el_dispositivo - El usuario selecciona un ordenador
11:14:29.334 [Forwarding setTimeout on session 62cbf3bca7140f0f3d88bfc52c1e871d to remote] DEBUG org.asynchttpclient.netty.request.NettyRequestSender - Using pooled Channel '[id: 0x25914afc, L:/127.0.0.1:52530 - R:localhost/127.0.0.1:55442]' for 'POST' to 'http://localhost:55442/session/62cbf3bca7140f0f3d88bfc52c1e871d/timeouts'
11:14:29.334 [Forwarding setTimeout on session 62cbf3bca7140f0f3d88bfc52c1e871d to remote] DEBUG org.asynchttpclient.netty.request.NettyRequestSender - Using open Channel [id: 0x25914afc, L:/127.0.0.1:52530 - R:localhost/127.0.0.1:55442] for POST '/session/62cbf3bca7140f0f3d88bfc52c1e871d/timeouts'
11:14:29.335 [AsyncHttpClient-1-2] DEBUG org.asynchttpclient.netty.handler.HttpHandler - 

Request DefaultHttpRequest(decodeResult: success, version: HTTP/1.1)
POST /session/62cbf3bca7140f0f3d88bfc52c1e871d/timeouts HTTP/1.1
User-Agent: selenium/4.4.0 (java windows)
Content-Length: 23
Content-Type: application/json; charset=utf-8
host: localhost:55442
accept: */*

Response DefaultHttpResponse(decodeResult: success, version: HTTP/1.1)
HTTP/1.1 200 OK
Content-Type: application/json; charset=utf-8
cache-control: no-cache
content-length: 14

11:14:29.335 [AsyncHttpClient-1-2] DEBUG org.asynchttpclient.netty.channel.ChannelManager - Adding key: http://localhost:55442 for channel [id: 0x25914afc, L:/127.0.0.1:52530 - R:localhost/127.0.0.1:55442]
11:14:29.946 [AsyncHttpClient-1-1] DEBUG org.asynchttpclient.netty.channel.DefaultChannelPool - Entry count for : http://localhost:55442 : 1
11:14:29.946 [AsyncHttpClient-1-1] DEBUG org.asynchttpclient.netty.channel.DefaultChannelPool - Entry count for : http://localhost:52531 : 1
11:14:30.349 [Forwarding screenshot on session 62cbf3bca7140f0f3d88bfc52c1e871d to remote] DEBUG org.asynchttpclient.netty.request.NettyRequestSender - Using pooled Channel '[id: 0x25914afc, L:/127.0.0.1:52530 - R:localhost/127.0.0.1:55442]' for 'GET' to 'http://localhost:55442/session/62cbf3bca7140f0f3d88bfc52c1e871d/screenshot'
11:14:30.349 [Forwarding screenshot on session 62cbf3bca7140f0f3d88bfc52c1e871d to remote] DEBUG org.asynchttpclient.netty.request.NettyRequestSender - Using open Channel [id: 0x25914afc, L:/127.0.0.1:52530 - R:localhost/127.0.0.1:55442] for GET '/session/62cbf3bca7140f0f3d88bfc52c1e871d/screenshot'
11:14:30.491 [AsyncHttpClient-1-2] DEBUG org.asynchttpclient.netty.handler.HttpHandler - 

Request DefaultFullHttpRequest(decodeResult: success, version: HTTP/1.1, content: EmptyByteBufBE)
GET /session/62cbf3bca7140f0f3d88bfc52c1e871d/screenshot HTTP/1.1
User-Agent: selenium/4.4.0 (java windows)
Cache-Control: no-cache
Content-Type: application/json; charset=utf-8
host: localhost:55442
accept: */*

Response DefaultHttpResponse(decodeResult: success, version: HTTP/1.1)
HTTP/1.1 200 OK
Content-Type: application/json; charset=utf-8
cache-control: no-cache
content-length: 364748

11:14:30.492 [AsyncHttpClient-1-2] DEBUG org.asynchttpclient.netty.channel.ChannelManager - Adding key: http://localhost:55442 for channel [id: 0x25914afc, L:/127.0.0.1:52530 - R:localhost/127.0.0.1:55442]
11:14:30.506 [Forwarding findElement on session 62cbf3bca7140f0f3d88bfc52c1e871d to remote] DEBUG org.asynchttpclient.netty.request.NettyRequestSender - Using pooled Channel '[id: 0x25914afc, L:/127.0.0.1:52530 - R:localhost/127.0.0.1:55442]' for 'POST' to 'http://localhost:55442/session/62cbf3bca7140f0f3d88bfc52c1e871d/element'
11:14:30.507 [Forwarding findElement on session 62cbf3bca7140f0f3d88bfc52c1e871d to remote] DEBUG org.asynchttpclient.netty.request.NettyRequestSender - Using open Channel [id: 0x25914afc, L:/127.0.0.1:52530 - R:localhost/127.0.0.1:55442] for POST '/session/62cbf3bca7140f0f3d88bfc52c1e871d/element'
11:14:30.516 [AsyncHttpClient-1-2] DEBUG org.asynchttpclient.netty.handler.HttpHandler - 

Request DefaultHttpRequest(decodeResult: success, version: HTTP/1.1)
POST /session/62cbf3bca7140f0f3d88bfc52c1e871d/element HTTP/1.1
User-Agent: selenium/4.4.0 (java windows)
Content-Length: 83
Content-Type: application/json; charset=utf-8
host: localhost:55442
accept: */*

Response DefaultHttpResponse(decodeResult: success, version: HTTP/1.1)
HTTP/1.1 200 OK
Content-Type: application/json; charset=utf-8
cache-control: no-cache
content-length: 95

11:14:30.516 [AsyncHttpClient-1-2] DEBUG org.asynchttpclient.netty.channel.ChannelManager - Adding key: http://localhost:55442 for channel [id: 0x25914afc, L:/127.0.0.1:52530 - R:localhost/127.0.0.1:55442]
11:14:30.518 [Forwarding isElementDisplayed on session 62cbf3bca7140f0f3d88bfc52c1e871d to remote] DEBUG org.asynchttpclient.netty.request.NettyRequestSender - Using pooled Channel '[id: 0x25914afc, L:/127.0.0.1:52530 - R:localhost/127.0.0.1:55442]' for 'POST' to 'http://localhost:55442/session/62cbf3bca7140f0f3d88bfc52c1e871d/execute/sync'
11:14:30.518 [Forwarding isElementDisplayed on session 62cbf3bca7140f0f3d88bfc52c1e871d to remote] DEBUG org.asynchttpclient.netty.request.NettyRequestSender - Using open Channel [id: 0x25914afc, L:/127.0.0.1:52530 - R:localhost/127.0.0.1:55442] for POST '/session/62cbf3bca7140f0f3d88bfc52c1e871d/execute/sync'
11:14:30.524 [AsyncHttpClient-1-2] DEBUG org.asynchttpclient.netty.handler.HttpHandler - 

Request DefaultHttpRequest(decodeResult: success, version: HTTP/1.1)
POST /session/62cbf3bca7140f0f3d88bfc52c1e871d/execute/sync HTTP/1.1
User-Agent: selenium/4.4.0 (java windows)
Content-Length: 48787
Content-Type: application/json; charset=utf-8
host: localhost:55442
accept: */*

Response DefaultHttpResponse(decodeResult: success, version: HTTP/1.1)
HTTP/1.1 200 OK
Content-Type: application/json; charset=utf-8
cache-control: no-cache
content-length: 14

11:14:30.524 [AsyncHttpClient-1-2] DEBUG org.asynchttpclient.netty.channel.ChannelManager - Adding key: http://localhost:55442 for channel [id: 0x25914afc, L:/127.0.0.1:52530 - R:localhost/127.0.0.1:55442]
11:14:30.527 [Forwarding isElementDisplayed on session 62cbf3bca7140f0f3d88bfc52c1e871d to remote] DEBUG org.asynchttpclient.netty.request.NettyRequestSender - Using pooled Channel '[id: 0x25914afc, L:/127.0.0.1:52530 - R:localhost/127.0.0.1:55442]' for 'POST' to 'http://localhost:55442/session/62cbf3bca7140f0f3d88bfc52c1e871d/execute/sync'
11:14:30.527 [Forwarding isElementDisplayed on session 62cbf3bca7140f0f3d88bfc52c1e871d to remote] DEBUG org.asynchttpclient.netty.request.NettyRequestSender - Using open Channel [id: 0x25914afc, L:/127.0.0.1:52530 - R:localhost/127.0.0.1:55442] for POST '/session/62cbf3bca7140f0f3d88bfc52c1e871d/execute/sync'
11:14:30.533 [AsyncHttpClient-1-2] DEBUG org.asynchttpclient.netty.handler.HttpHandler - 

Request DefaultHttpRequest(decodeResult: success, version: HTTP/1.1)
POST /session/62cbf3bca7140f0f3d88bfc52c1e871d/execute/sync HTTP/1.1
User-Agent: selenium/4.4.0 (java windows)
Content-Length: 48787
Content-Type: application/json; charset=utf-8
host: localhost:55442
accept: */*

Response DefaultHttpResponse(decodeResult: success, version: HTTP/1.1)
HTTP/1.1 200 OK
Content-Type: application/json; charset=utf-8
cache-control: no-cache
content-length: 14

11:14:30.533 [AsyncHttpClient-1-2] DEBUG org.asynchttpclient.netty.channel.ChannelManager - Adding key: http://localhost:55442 for channel [id: 0x25914afc, L:/127.0.0.1:52530 - R:localhost/127.0.0.1:55442]
11:14:30.535 [Forwarding isElementEnabled on session 62cbf3bca7140f0f3d88bfc52c1e871d to remote] DEBUG org.asynchttpclient.netty.request.NettyRequestSender - Using pooled Channel '[id: 0x25914afc, L:/127.0.0.1:52530 - R:localhost/127.0.0.1:55442]' for 'GET' to 'http://localhost:55442/session/62cbf3bca7140f0f3d88bfc52c1e871d/element/649A13A5BD05780D0837D5AE88EDD1D2_element_71/enabled'
11:14:30.535 [Forwarding isElementEnabled on session 62cbf3bca7140f0f3d88bfc52c1e871d to remote] DEBUG org.asynchttpclient.netty.request.NettyRequestSender - Using open Channel [id: 0x25914afc, L:/127.0.0.1:52530 - R:localhost/127.0.0.1:55442] for GET '/session/62cbf3bca7140f0f3d88bfc52c1e871d/element/649A13A5BD05780D0837D5AE88EDD1D2_element_71/enabled'
11:14:30.540 [AsyncHttpClient-1-2] DEBUG org.asynchttpclient.netty.handler.HttpHandler - 

Request DefaultFullHttpRequest(decodeResult: success, version: HTTP/1.1, content: EmptyByteBufBE)
GET /session/62cbf3bca7140f0f3d88bfc52c1e871d/element/649A13A5BD05780D0837D5AE88EDD1D2_element_71/enabled HTTP/1.1
User-Agent: selenium/4.4.0 (java windows)
Cache-Control: no-cache
Content-Type: application/json; charset=utf-8
host: localhost:55442
accept: */*

Response DefaultHttpResponse(decodeResult: success, version: HTTP/1.1)
HTTP/1.1 200 OK
Content-Type: application/json; charset=utf-8
cache-control: no-cache
content-length: 14

11:14:30.540 [AsyncHttpClient-1-2] DEBUG org.asynchttpclient.netty.channel.ChannelManager - Adding key: http://localhost:55442 for channel [id: 0x25914afc, L:/127.0.0.1:52530 - R:localhost/127.0.0.1:55442]
11:14:30.541 [Forwarding isElementEnabled on session 62cbf3bca7140f0f3d88bfc52c1e871d to remote] DEBUG org.asynchttpclient.netty.request.NettyRequestSender - Using pooled Channel '[id: 0x25914afc, L:/127.0.0.1:52530 - R:localhost/127.0.0.1:55442]' for 'GET' to 'http://localhost:55442/session/62cbf3bca7140f0f3d88bfc52c1e871d/element/649A13A5BD05780D0837D5AE88EDD1D2_element_71/enabled'
11:14:30.541 [Forwarding isElementEnabled on session 62cbf3bca7140f0f3d88bfc52c1e871d to remote] DEBUG org.asynchttpclient.netty.request.NettyRequestSender - Using open Channel [id: 0x25914afc, L:/127.0.0.1:52530 - R:localhost/127.0.0.1:55442] for GET '/session/62cbf3bca7140f0f3d88bfc52c1e871d/element/649A13A5BD05780D0837D5AE88EDD1D2_element_71/enabled'
11:14:30.545 [AsyncHttpClient-1-2] DEBUG org.asynchttpclient.netty.handler.HttpHandler - 

Request DefaultFullHttpRequest(decodeResult: success, version: HTTP/1.1, content: EmptyByteBufBE)
GET /session/62cbf3bca7140f0f3d88bfc52c1e871d/element/649A13A5BD05780D0837D5AE88EDD1D2_element_71/enabled HTTP/1.1
User-Agent: selenium/4.4.0 (java windows)
Cache-Control: no-cache
Content-Type: application/json; charset=utf-8
host: localhost:55442
accept: */*

Response DefaultHttpResponse(decodeResult: success, version: HTTP/1.1)
HTTP/1.1 200 OK
Content-Type: application/json; charset=utf-8
cache-control: no-cache
content-length: 14

11:14:30.545 [AsyncHttpClient-1-2] DEBUG org.asynchttpclient.netty.channel.ChannelManager - Adding key: http://localhost:55442 for channel [id: 0x25914afc, L:/127.0.0.1:52530 - R:localhost/127.0.0.1:55442]
11:14:30.549 [Forwarding getElementTagName on session 62cbf3bca7140f0f3d88bfc52c1e871d to remote] DEBUG org.asynchttpclient.netty.request.NettyRequestSender - Using pooled Channel '[id: 0x25914afc, L:/127.0.0.1:52530 - R:localhost/127.0.0.1:55442]' for 'GET' to 'http://localhost:55442/session/62cbf3bca7140f0f3d88bfc52c1e871d/element/649A13A5BD05780D0837D5AE88EDD1D2_element_71/name'
11:14:30.549 [Forwarding getElementTagName on session 62cbf3bca7140f0f3d88bfc52c1e871d to remote] DEBUG org.asynchttpclient.netty.request.NettyRequestSender - Using open Channel [id: 0x25914afc, L:/127.0.0.1:52530 - R:localhost/127.0.0.1:55442] for GET '/session/62cbf3bca7140f0f3d88bfc52c1e871d/element/649A13A5BD05780D0837D5AE88EDD1D2_element_71/name'
11:14:30.553 [AsyncHttpClient-1-2] DEBUG org.asynchttpclient.netty.handler.HttpHandler - 

Request DefaultFullHttpRequest(decodeResult: success, version: HTTP/1.1, content: EmptyByteBufBE)
GET /session/62cbf3bca7140f0f3d88bfc52c1e871d/element/649A13A5BD05780D0837D5AE88EDD1D2_element_71/name HTTP/1.1
User-Agent: selenium/4.4.0 (java windows)
Cache-Control: no-cache
Content-Type: application/json; charset=utf-8
host: localhost:55442
accept: */*

Response DefaultHttpResponse(decodeResult: success, version: HTTP/1.1)
HTTP/1.1 200 OK
Content-Type: application/json; charset=utf-8
cache-control: no-cache
content-length: 13

11:14:30.553 [AsyncHttpClient-1-2] DEBUG org.asynchttpclient.netty.channel.ChannelManager - Adding key: http://localhost:55442 for channel [id: 0x25914afc, L:/127.0.0.1:52530 - R:localhost/127.0.0.1:55442]
11:14:30.554 [Forwarding getElementTagName on session 62cbf3bca7140f0f3d88bfc52c1e871d to remote] DEBUG org.asynchttpclient.netty.request.NettyRequestSender - Using pooled Channel '[id: 0x25914afc, L:/127.0.0.1:52530 - R:localhost/127.0.0.1:55442]' for 'GET' to 'http://localhost:55442/session/62cbf3bca7140f0f3d88bfc52c1e871d/element/649A13A5BD05780D0837D5AE88EDD1D2_element_71/name'
11:14:30.554 [Forwarding getElementTagName on session 62cbf3bca7140f0f3d88bfc52c1e871d to remote] DEBUG org.asynchttpclient.netty.request.NettyRequestSender - Using open Channel [id: 0x25914afc, L:/127.0.0.1:52530 - R:localhost/127.0.0.1:55442] for GET '/session/62cbf3bca7140f0f3d88bfc52c1e871d/element/649A13A5BD05780D0837D5AE88EDD1D2_element_71/name'
11:14:30.557 [AsyncHttpClient-1-2] DEBUG org.asynchttpclient.netty.handler.HttpHandler - 

Request DefaultFullHttpRequest(decodeResult: success, version: HTTP/1.1, content: EmptyByteBufBE)
GET /session/62cbf3bca7140f0f3d88bfc52c1e871d/element/649A13A5BD05780D0837D5AE88EDD1D2_element_71/name HTTP/1.1
User-Agent: selenium/4.4.0 (java windows)
Cache-Control: no-cache
Content-Type: application/json; charset=utf-8
host: localhost:55442
accept: */*

Response DefaultHttpResponse(decodeResult: success, version: HTTP/1.1)
HTTP/1.1 200 OK
Content-Type: application/json; charset=utf-8
cache-control: no-cache
content-length: 13

11:14:30.557 [AsyncHttpClient-1-2] DEBUG org.asynchttpclient.netty.channel.ChannelManager - Adding key: http://localhost:55442 for channel [id: 0x25914afc, L:/127.0.0.1:52530 - R:localhost/127.0.0.1:55442]
11:14:30.558 [Forwarding clickElement on session 62cbf3bca7140f0f3d88bfc52c1e871d to remote] DEBUG org.asynchttpclient.netty.request.NettyRequestSender - Using pooled Channel '[id: 0x25914afc, L:/127.0.0.1:52530 - R:localhost/127.0.0.1:55442]' for 'POST' to 'http://localhost:55442/session/62cbf3bca7140f0f3d88bfc52c1e871d/element/649A13A5BD05780D0837D5AE88EDD1D2_element_71/click'
11:14:30.559 [Forwarding clickElement on session 62cbf3bca7140f0f3d88bfc52c1e871d to remote] DEBUG org.asynchttpclient.netty.request.NettyRequestSender - Using open Channel [id: 0x25914afc, L:/127.0.0.1:52530 - R:localhost/127.0.0.1:55442] for POST '/session/62cbf3bca7140f0f3d88bfc52c1e871d/element/649A13A5BD05780D0837D5AE88EDD1D2_element_71/click'
11:14:31.046 [AsyncHttpClient-1-1] DEBUG org.asynchttpclient.netty.channel.DefaultChannelPool - Entry count for : http://localhost:52531 : 1
11:14:31.089 [AsyncHttpClient-1-2] DEBUG org.asynchttpclient.netty.handler.HttpHandler - 

Request DefaultHttpRequest(decodeResult: success, version: HTTP/1.1)
POST /session/62cbf3bca7140f0f3d88bfc52c1e871d/element/649A13A5BD05780D0837D5AE88EDD1D2_element_71/click HTTP/1.1
User-Agent: selenium/4.4.0 (java windows)
Content-Length: 57
Content-Type: application/json; charset=utf-8
host: localhost:55442
accept: */*

Response DefaultHttpResponse(decodeResult: success, version: HTTP/1.1)
HTTP/1.1 200 OK
Content-Type: application/json; charset=utf-8
cache-control: no-cache
content-length: 14

11:14:31.089 [AsyncHttpClient-1-2] DEBUG org.asynchttpclient.netty.channel.ChannelManager - Adding key: http://localhost:55442 for channel [id: 0x25914afc, L:/127.0.0.1:52530 - R:localhost/127.0.0.1:55442]
11:14:31.095 [Forwarding getCurrentWindowHandle on session 62cbf3bca7140f0f3d88bfc52c1e871d to remote] DEBUG org.asynchttpclient.netty.request.NettyRequestSender - Using pooled Channel '[id: 0x25914afc, L:/127.0.0.1:52530 - R:localhost/127.0.0.1:55442]' for 'GET' to 'http://localhost:55442/session/62cbf3bca7140f0f3d88bfc52c1e871d/window'
11:14:31.096 [Forwarding getCurrentWindowHandle on session 62cbf3bca7140f0f3d88bfc52c1e871d to remote] DEBUG org.asynchttpclient.netty.request.NettyRequestSender - Using open Channel [id: 0x25914afc, L:/127.0.0.1:52530 - R:localhost/127.0.0.1:55442] for GET '/session/62cbf3bca7140f0f3d88bfc52c1e871d/window'
11:14:31.096 [AsyncHttpClient-1-2] DEBUG org.asynchttpclient.netty.handler.HttpHandler - 

Request DefaultFullHttpRequest(decodeResult: success, version: HTTP/1.1, content: EmptyByteBufBE)
GET /session/62cbf3bca7140f0f3d88bfc52c1e871d/window HTTP/1.1
User-Agent: selenium/4.4.0 (java windows)
Cache-Control: no-cache
Content-Type: application/json; charset=utf-8
host: localhost:55442
accept: */*

Response DefaultHttpResponse(decodeResult: success, version: HTTP/1.1)
HTTP/1.1 200 OK
Content-Type: application/json; charset=utf-8
cache-control: no-cache
content-length: 44

11:14:31.096 [AsyncHttpClient-1-2] DEBUG org.asynchttpclient.netty.channel.ChannelManager - Adding key: http://localhost:55442 for channel [id: 0x25914afc, L:/127.0.0.1:52530 - R:localhost/127.0.0.1:55442]
11:14:31.097 [Forwarding getAlertText on session 62cbf3bca7140f0f3d88bfc52c1e871d to remote] DEBUG org.asynchttpclient.netty.request.NettyRequestSender - Using pooled Channel '[id: 0x25914afc, L:/127.0.0.1:52530 - R:localhost/127.0.0.1:55442]' for 'GET' to 'http://localhost:55442/session/62cbf3bca7140f0f3d88bfc52c1e871d/alert/text'
11:14:31.097 [Forwarding getAlertText on session 62cbf3bca7140f0f3d88bfc52c1e871d to remote] DEBUG org.asynchttpclient.netty.request.NettyRequestSender - Using open Channel [id: 0x25914afc, L:/127.0.0.1:52530 - R:localhost/127.0.0.1:55442] for GET '/session/62cbf3bca7140f0f3d88bfc52c1e871d/alert/text'
11:14:31.107 [AsyncHttpClient-1-2] DEBUG org.asynchttpclient.netty.handler.HttpHandler - 

Request DefaultFullHttpRequest(decodeResult: success, version: HTTP/1.1, content: EmptyByteBufBE)
GET /session/62cbf3bca7140f0f3d88bfc52c1e871d/alert/text HTTP/1.1
User-Agent: selenium/4.4.0 (java windows)
Cache-Control: no-cache
Content-Type: application/json; charset=utf-8
host: localhost:55442
accept: */*

Response DefaultHttpResponse(decodeResult: success, version: HTTP/1.1)
HTTP/1.1 404 Not Found
Content-Type: application/json; charset=utf-8
cache-control: no-cache
content-length: 848

11:14:31.108 [AsyncHttpClient-1-2] DEBUG org.asynchttpclient.netty.channel.ChannelManager - Adding key: http://localhost:55442 for channel [id: 0x25914afc, L:/127.0.0.1:52530 - R:localhost/127.0.0.1:55442]
11:14:31.110 [Forwarding switchToWindow on session 62cbf3bca7140f0f3d88bfc52c1e871d to remote] DEBUG org.asynchttpclient.netty.request.NettyRequestSender - Using pooled Channel '[id: 0x25914afc, L:/127.0.0.1:52530 - R:localhost/127.0.0.1:55442]' for 'POST' to 'http://localhost:55442/session/62cbf3bca7140f0f3d88bfc52c1e871d/window'
11:14:31.110 [Forwarding switchToWindow on session 62cbf3bca7140f0f3d88bfc52c1e871d to remote] DEBUG org.asynchttpclient.netty.request.NettyRequestSender - Using open Channel [id: 0x25914afc, L:/127.0.0.1:52530 - R:localhost/127.0.0.1:55442] for POST '/session/62cbf3bca7140f0f3d88bfc52c1e871d/window'
11:14:31.112 [AsyncHttpClient-1-2] DEBUG org.asynchttpclient.netty.handler.HttpHandler - 

Request DefaultHttpRequest(decodeResult: success, version: HTTP/1.1)
POST /session/62cbf3bca7140f0f3d88bfc52c1e871d/window HTTP/1.1
User-Agent: selenium/4.4.0 (java windows)
Content-Length: 50
Content-Type: application/json; charset=utf-8
host: localhost:55442
accept: */*

Response DefaultHttpResponse(decodeResult: success, version: HTTP/1.1)
HTTP/1.1 200 OK
Content-Type: application/json; charset=utf-8
cache-control: no-cache
content-length: 14

11:14:31.112 [AsyncHttpClient-1-2] DEBUG org.asynchttpclient.netty.channel.ChannelManager - Adding key: http://localhost:55442 for channel [id: 0x25914afc, L:/127.0.0.1:52530 - R:localhost/127.0.0.1:55442]
11:14:31.113 [Forwarding getCurrentUrl on session 62cbf3bca7140f0f3d88bfc52c1e871d to remote] DEBUG org.asynchttpclient.netty.request.NettyRequestSender - Using pooled Channel '[id: 0x25914afc, L:/127.0.0.1:52530 - R:localhost/127.0.0.1:55442]' for 'GET' to 'http://localhost:55442/session/62cbf3bca7140f0f3d88bfc52c1e871d/url'
11:14:31.113 [Forwarding getCurrentUrl on session 62cbf3bca7140f0f3d88bfc52c1e871d to remote] DEBUG org.asynchttpclient.netty.request.NettyRequestSender - Using open Channel [id: 0x25914afc, L:/127.0.0.1:52530 - R:localhost/127.0.0.1:55442] for GET '/session/62cbf3bca7140f0f3d88bfc52c1e871d/url'
11:14:31.136 [AsyncHttpClient-1-2] DEBUG org.asynchttpclient.netty.handler.HttpHandler - 

Request DefaultFullHttpRequest(decodeResult: success, version: HTTP/1.1, content: EmptyByteBufBE)
GET /session/62cbf3bca7140f0f3d88bfc52c1e871d/url HTTP/1.1
User-Agent: selenium/4.4.0 (java windows)
Cache-Control: no-cache
Content-Type: application/json; charset=utf-8
host: localhost:55442
accept: */*

Response DefaultHttpResponse(decodeResult: success, version: HTTP/1.1)
HTTP/1.1 200 OK
Content-Type: application/json; charset=utf-8
cache-control: no-cache
content-length: 54

11:14:31.136 [AsyncHttpClient-1-2] DEBUG org.asynchttpclient.netty.channel.ChannelManager - Adding key: http://localhost:55442 for channel [id: 0x25914afc, L:/127.0.0.1:52530 - R:localhost/127.0.0.1:55442]
11:14:31.138 [Forwarding screenshot on session 62cbf3bca7140f0f3d88bfc52c1e871d to remote] DEBUG org.asynchttpclient.netty.request.NettyRequestSender - Using pooled Channel '[id: 0x25914afc, L:/127.0.0.1:52530 - R:localhost/127.0.0.1:55442]' for 'GET' to 'http://localhost:55442/session/62cbf3bca7140f0f3d88bfc52c1e871d/screenshot'
11:14:31.138 [Forwarding screenshot on session 62cbf3bca7140f0f3d88bfc52c1e871d to remote] DEBUG org.asynchttpclient.netty.request.NettyRequestSender - Using open Channel [id: 0x25914afc, L:/127.0.0.1:52530 - R:localhost/127.0.0.1:55442] for GET '/session/62cbf3bca7140f0f3d88bfc52c1e871d/screenshot'
11:14:31.318 [AsyncHttpClient-1-2] DEBUG org.asynchttpclient.netty.handler.HttpHandler - 

Request DefaultFullHttpRequest(decodeResult: success, version: HTTP/1.1, content: EmptyByteBufBE)
GET /session/62cbf3bca7140f0f3d88bfc52c1e871d/screenshot HTTP/1.1
User-Agent: selenium/4.4.0 (java windows)
Cache-Control: no-cache
Content-Type: application/json; charset=utf-8
host: localhost:55442
accept: */*

Response DefaultHttpResponse(decodeResult: success, version: HTTP/1.1)
HTTP/1.1 200 OK
Content-Type: application/json; charset=utf-8
cache-control: no-cache
content-length: 263316

11:14:31.318 [AsyncHttpClient-1-2] DEBUG org.asynchttpclient.netty.channel.ChannelManager - Adding key: http://localhost:55442 for channel [id: 0x25914afc, L:/127.0.0.1:52530 - R:localhost/127.0.0.1:55442]
11:14:31.322 [main] DEBUG net.serenitybdd.core.photography.Darkroom - Send negative for processing for target\site\serenity\277e1adcccc6d4db5e198a47ac23141aaaacbe8c286af14213e073e3d7e774a8.png
11:14:31.323 [main] DEBUG net.thucydides.core.steps.StepInterceptor - STEP DONE: El usuario selecciona un ordenador
11:14:31.323 [Darkroom Processing Line] DEBUG net.serenitybdd.core.photography.DarkroomProcessingLine - Processing screenshot image in /var/screenshots/screenshot-15086971873453899970
11:14:31.323 [Darkroom Processing Line] DEBUG net.serenitybdd.core.photography.DarkroomProcessingLine - Saving screenshot to target\site\serenity\277e1adcccc6d4db5e198a47ac23141aaaacbe8c286af14213e073e3d7e774a8.png
  &amp#27;[32mAnd &amp#27;[0m&amp#27;[32mel usuario clika en el ordenador&amp#27;[0m                                                                        &amp#27;[90m# Step.ComprarDispositivosElectronicosStep.el_usuario_clika_en_el_dispositivo(io.cucumber.datatable.DataTable)&amp#27;[0m
    | Ordenador    |
    | Sony vaio i5 |
    | Sony vaio i7 |
    | MacBook air  |
11:14:31.329 [Forwarding findElement on session 62cbf3bca7140f0f3d88bfc52c1e871d to remote] DEBUG org.asynchttpclient.netty.request.NettyRequestSender - Using pooled Channel '[id: 0x25914afc, L:/127.0.0.1:52530 - R:localhost/127.0.0.1:55442]' for 'POST' to 'http://localhost:55442/session/62cbf3bca7140f0f3d88bfc52c1e871d/element'
11:14:31.329 [Forwarding findElement on session 62cbf3bca7140f0f3d88bfc52c1e871d to remote] DEBUG org.asynchttpclient.netty.request.NettyRequestSender - Using open Channel [id: 0x25914afc, L:/127.0.0.1:52530 - R:localhost/127.0.0.1:55442] for POST '/session/62cbf3bca7140f0f3d88bfc52c1e871d/element'
11:14:31.592 [AsyncHttpClient-1-2] DEBUG org.asynchttpclient.netty.handler.HttpHandler - 

Request DefaultHttpRequest(decodeResult: success, version: HTTP/1.1)
POST /session/62cbf3bca7140f0f3d88bfc52c1e871d/element HTTP/1.1
User-Agent: selenium/4.4.0 (java windows)
Content-Length: 62
Content-Type: application/json; charset=utf-8
host: localhost:55442
accept: */*

Response DefaultHttpResponse(decodeResult: success, version: HTTP/1.1)
HTTP/1.1 200 OK
Content-Type: application/json; charset=utf-8
cache-control: no-cache
content-length: 95

11:14:31.593 [AsyncHttpClient-1-2] DEBUG org.asynchttpclient.netty.channel.ChannelManager - Adding key: http://localhost:55442 for channel [id: 0x25914afc, L:/127.0.0.1:52530 - R:localhost/127.0.0.1:55442]
11:14:31.595 [Forwarding isElementDisplayed on session 62cbf3bca7140f0f3d88bfc52c1e871d to remote] DEBUG org.asynchttpclient.netty.request.NettyRequestSender - Using pooled Channel '[id: 0x25914afc, L:/127.0.0.1:52530 - R:localhost/127.0.0.1:55442]' for 'POST' to 'http://localhost:55442/session/62cbf3bca7140f0f3d88bfc52c1e871d/execute/sync'
11:14:31.595 [Forwarding isElementDisplayed on session 62cbf3bca7140f0f3d88bfc52c1e871d to remote] DEBUG org.asynchttpclient.netty.request.NettyRequestSender - Using open Channel [id: 0x25914afc, L:/127.0.0.1:52530 - R:localhost/127.0.0.1:55442] for POST '/session/62cbf3bca7140f0f3d88bfc52c1e871d/execute/sync'
11:14:31.602 [AsyncHttpClient-1-2] DEBUG org.asynchttpclient.netty.handler.HttpHandler - 

Request DefaultHttpRequest(decodeResult: success, version: HTTP/1.1)
POST /session/62cbf3bca7140f0f3d88bfc52c1e871d/execute/sync HTTP/1.1
User-Agent: selenium/4.4.0 (java windows)
Content-Length: 48787
Content-Type: application/json; charset=utf-8
host: localhost:55442
accept: */*

Response DefaultHttpResponse(decodeResult: success, version: HTTP/1.1)
HTTP/1.1 200 OK
Content-Type: application/json; charset=utf-8
cache-control: no-cache
content-length: 14

11:14:31.602 [AsyncHttpClient-1-2] DEBUG org.asynchttpclient.netty.channel.ChannelManager - Adding key: http://localhost:55442 for channel [id: 0x25914afc, L:/127.0.0.1:52530 - R:localhost/127.0.0.1:55442]
11:14:31.604 [Forwarding getElementText on session 62cbf3bca7140f0f3d88bfc52c1e871d to remote] DEBUG org.asynchttpclient.netty.request.NettyRequestSender - Using pooled Channel '[id: 0x25914afc, L:/127.0.0.1:52530 - R:localhost/127.0.0.1:55442]' for 'GET' to 'http://localhost:55442/session/62cbf3bca7140f0f3d88bfc52c1e871d/element/D7207BD76A383AA8DB13EF1329D36A16_element_96/text'
11:14:31.604 [Forwarding getElementText on session 62cbf3bca7140f0f3d88bfc52c1e871d to remote] DEBUG org.asynchttpclient.netty.request.NettyRequestSender - Using open Channel [id: 0x25914afc, L:/127.0.0.1:52530 - R:localhost/127.0.0.1:55442] for GET '/session/62cbf3bca7140f0f3d88bfc52c1e871d/element/D7207BD76A383AA8DB13EF1329D36A16_element_96/text'
11:14:31.616 [AsyncHttpClient-1-2] DEBUG org.asynchttpclient.netty.handler.HttpHandler - 

Request DefaultFullHttpRequest(decodeResult: success, version: HTTP/1.1, content: EmptyByteBufBE)
GET /session/62cbf3bca7140f0f3d88bfc52c1e871d/element/D7207BD76A383AA8DB13EF1329D36A16_element_96/text HTTP/1.1
User-Agent: selenium/4.4.0 (java windows)
Cache-Control: no-cache
Content-Type: application/json; charset=utf-8
host: localhost:55442
accept: */*

Response DefaultHttpResponse(decodeResult: success, version: HTTP/1.1)
HTTP/1.1 200 OK
Content-Type: application/json; charset=utf-8
cache-control: no-cache
content-length: 30

11:14:31.616 [AsyncHttpClient-1-2] DEBUG org.asynchttpclient.netty.channel.ChannelManager - Adding key: http://localhost:55442 for channel [id: 0x25914afc, L:/127.0.0.1:52530 - R:localhost/127.0.0.1:55442]
11:14:31.621 [main] DEBUG net.thucydides.core.steps.StepInterceptor - STARTING STEP: ComprarDispositivosElectronicosStep.el_usuario_añade_a_la_cesta_el_dispositivo - Añadir a la cesta
11:14:32.143 [AsyncHttpClient-1-1] DEBUG org.asynchttpclient.netty.channel.DefaultChannelPool - Entry count for : http://localhost:55442 : 1
11:14:32.143 [AsyncHttpClient-1-1] DEBUG org.asynchttpclient.netty.channel.DefaultChannelPool - Entry count for : http://localhost:52531 : 1
11:14:32.634 [Forwarding screenshot on session 62cbf3bca7140f0f3d88bfc52c1e871d to remote] DEBUG org.asynchttpclient.netty.request.NettyRequestSender - Using pooled Channel '[id: 0x25914afc, L:/127.0.0.1:52530 - R:localhost/127.0.0.1:55442]' for 'GET' to 'http://localhost:55442/session/62cbf3bca7140f0f3d88bfc52c1e871d/screenshot'
11:14:32.634 [Forwarding screenshot on session 62cbf3bca7140f0f3d88bfc52c1e871d to remote] DEBUG org.asynchttpclient.netty.request.NettyRequestSender - Using open Channel [id: 0x25914afc, L:/127.0.0.1:52530 - R:localhost/127.0.0.1:55442] for GET '/session/62cbf3bca7140f0f3d88bfc52c1e871d/screenshot'
11:14:32.753 [AsyncHttpClient-1-2] DEBUG org.asynchttpclient.netty.handler.HttpHandler - 

Request DefaultFullHttpRequest(decodeResult: success, version: HTTP/1.1, content: EmptyByteBufBE)
GET /session/62cbf3bca7140f0f3d88bfc52c1e871d/screenshot HTTP/1.1
User-Agent: selenium/4.4.0 (java windows)
Cache-Control: no-cache
Content-Type: application/json; charset=utf-8
host: localhost:55442
accept: */*

Response DefaultHttpResponse(decodeResult: success, version: HTTP/1.1)
HTTP/1.1 200 OK
Content-Type: application/json; charset=utf-8
cache-control: no-cache
content-length: 237996

11:14:32.754 [AsyncHttpClient-1-2] DEBUG org.asynchttpclient.netty.channel.ChannelManager - Adding key: http://localhost:55442 for channel [id: 0x25914afc, L:/127.0.0.1:52530 - R:localhost/127.0.0.1:55442]
11:14:32.764 [Forwarding findElement on session 62cbf3bca7140f0f3d88bfc52c1e871d to remote] DEBUG org.asynchttpclient.netty.request.NettyRequestSender - Using pooled Channel '[id: 0x25914afc, L:/127.0.0.1:52530 - R:localhost/127.0.0.1:55442]' for 'POST' to 'http://localhost:55442/session/62cbf3bca7140f0f3d88bfc52c1e871d/element'
11:14:32.764 [Forwarding findElement on session 62cbf3bca7140f0f3d88bfc52c1e871d to remote] DEBUG org.asynchttpclient.netty.request.NettyRequestSender - Using open Channel [id: 0x25914afc, L:/127.0.0.1:52530 - R:localhost/127.0.0.1:55442] for POST '/session/62cbf3bca7140f0f3d88bfc52c1e871d/element'
11:14:32.773 [AsyncHttpClient-1-2] DEBUG org.asynchttpclient.netty.handler.HttpHandler - 

Request DefaultHttpRequest(decodeResult: success, version: HTTP/1.1)
POST /session/62cbf3bca7140f0f3d88bfc52c1e871d/element HTTP/1.1
User-Agent: selenium/4.4.0 (java windows)
Content-Length: 83
Content-Type: application/json; charset=utf-8
host: localhost:55442
accept: */*

Response DefaultHttpResponse(decodeResult: success, version: HTTP/1.1)
HTTP/1.1 200 OK
Content-Type: application/json; charset=utf-8
cache-control: no-cache
content-length: 95

11:14:32.774 [AsyncHttpClient-1-2] DEBUG org.asynchttpclient.netty.channel.ChannelManager - Adding key: http://localhost:55442 for channel [id: 0x25914afc, L:/127.0.0.1:52530 - R:localhost/127.0.0.1:55442]
11:14:32.776 [Forwarding isElementDisplayed on session 62cbf3bca7140f0f3d88bfc52c1e871d to remote] DEBUG org.asynchttpclient.netty.request.NettyRequestSender - Using pooled Channel '[id: 0x25914afc, L:/127.0.0.1:52530 - R:localhost/127.0.0.1:55442]' for 'POST' to 'http://localhost:55442/session/62cbf3bca7140f0f3d88bfc52c1e871d/execute/sync'
11:14:32.776 [Forwarding isElementDisplayed on session 62cbf3bca7140f0f3d88bfc52c1e871d to remote] DEBUG org.asynchttpclient.netty.request.NettyRequestSender - Using open Channel [id: 0x25914afc, L:/127.0.0.1:52530 - R:localhost/127.0.0.1:55442] for POST '/session/62cbf3bca7140f0f3d88bfc52c1e871d/execute/sync'
11:14:32.783 [AsyncHttpClient-1-2] DEBUG org.asynchttpclient.netty.handler.HttpHandler - 

Request DefaultHttpRequest(decodeResult: success, version: HTTP/1.1)
POST /session/62cbf3bca7140f0f3d88bfc52c1e871d/execute/sync HTTP/1.1
User-Agent: selenium/4.4.0 (java windows)
Content-Length: 48787
Content-Type: application/json; charset=utf-8
host: localhost:55442
accept: */*

Response DefaultHttpResponse(decodeResult: success, version: HTTP/1.1)
HTTP/1.1 200 OK
Content-Type: application/json; charset=utf-8
cache-control: no-cache
content-length: 14

11:14:32.783 [AsyncHttpClient-1-2] DEBUG org.asynchttpclient.netty.channel.ChannelManager - Adding key: http://localhost:55442 for channel [id: 0x25914afc, L:/127.0.0.1:52530 - R:localhost/127.0.0.1:55442]
11:14:32.784 [Forwarding clickElement on session 62cbf3bca7140f0f3d88bfc52c1e871d to remote] DEBUG org.asynchttpclient.netty.request.NettyRequestSender - Using pooled Channel '[id: 0x25914afc, L:/127.0.0.1:52530 - R:localhost/127.0.0.1:55442]' for 'POST' to 'http://localhost:55442/session/62cbf3bca7140f0f3d88bfc52c1e871d/element/D7207BD76A383AA8DB13EF1329D36A16_element_98/click'
11:14:32.784 [Forwarding clickElement on session 62cbf3bca7140f0f3d88bfc52c1e871d to remote] DEBUG org.asynchttpclient.netty.request.NettyRequestSender - Using open Channel [id: 0x25914afc, L:/127.0.0.1:52530 - R:localhost/127.0.0.1:55442] for POST '/session/62cbf3bca7140f0f3d88bfc52c1e871d/element/D7207BD76A383AA8DB13EF1329D36A16_element_98/click'
11:14:32.811 [AsyncHttpClient-1-2] DEBUG org.asynchttpclient.netty.handler.HttpHandler - 

Request DefaultHttpRequest(decodeResult: success, version: HTTP/1.1)
POST /session/62cbf3bca7140f0f3d88bfc52c1e871d/element/D7207BD76A383AA8DB13EF1329D36A16_element_98/click HTTP/1.1
User-Agent: selenium/4.4.0 (java windows)
Content-Length: 57
Content-Type: application/json; charset=utf-8
host: localhost:55442
accept: */*

Response DefaultHttpResponse(decodeResult: success, version: HTTP/1.1)
HTTP/1.1 200 OK
Content-Type: application/json; charset=utf-8
cache-control: no-cache
content-length: 14

11:14:32.811 [AsyncHttpClient-1-2] DEBUG org.asynchttpclient.netty.channel.ChannelManager - Adding key: http://localhost:55442 for channel [id: 0x25914afc, L:/127.0.0.1:52530 - R:localhost/127.0.0.1:55442]
11:14:32.814 [Forwarding getAlertText on session 62cbf3bca7140f0f3d88bfc52c1e871d to remote] DEBUG org.asynchttpclient.netty.request.NettyRequestSender - Using pooled Channel '[id: 0x25914afc, L:/127.0.0.1:52530 - R:localhost/127.0.0.1:55442]' for 'GET' to 'http://localhost:55442/session/62cbf3bca7140f0f3d88bfc52c1e871d/alert/text'
11:14:32.814 [Forwarding getAlertText on session 62cbf3bca7140f0f3d88bfc52c1e871d to remote] DEBUG org.asynchttpclient.netty.request.NettyRequestSender - Using open Channel [id: 0x25914afc, L:/127.0.0.1:52530 - R:localhost/127.0.0.1:55442] for GET '/session/62cbf3bca7140f0f3d88bfc52c1e871d/alert/text'
11:14:32.815 [AsyncHttpClient-1-2] DEBUG org.asynchttpclient.netty.handler.HttpHandler - 

Request DefaultFullHttpRequest(decodeResult: success, version: HTTP/1.1, content: EmptyByteBufBE)
GET /session/62cbf3bca7140f0f3d88bfc52c1e871d/alert/text HTTP/1.1
User-Agent: selenium/4.4.0 (java windows)
Cache-Control: no-cache
Content-Type: application/json; charset=utf-8
host: localhost:55442
accept: */*

Response DefaultHttpResponse(decodeResult: success, version: HTTP/1.1)
HTTP/1.1 404 Not Found
Content-Type: application/json; charset=utf-8
cache-control: no-cache
content-length: 848

11:14:32.815 [AsyncHttpClient-1-2] DEBUG org.asynchttpclient.netty.channel.ChannelManager - Adding key: http://localhost:55442 for channel [id: 0x25914afc, L:/127.0.0.1:52530 - R:localhost/127.0.0.1:55442]
11:14:33.247 [AsyncHttpClient-1-1] DEBUG org.asynchttpclient.netty.channel.DefaultChannelPool - Entry count for : http://localhost:55442 : 1
11:14:33.247 [AsyncHttpClient-1-1] DEBUG org.asynchttpclient.netty.channel.DefaultChannelPool - Entry count for : http://localhost:52531 : 1
11:14:33.325 [Forwarding getAlertText on session 62cbf3bca7140f0f3d88bfc52c1e871d to remote] DEBUG org.asynchttpclient.netty.request.NettyRequestSender - Using pooled Channel '[id: 0x25914afc, L:/127.0.0.1:52530 - R:localhost/127.0.0.1:55442]' for 'GET' to 'http://localhost:55442/session/62cbf3bca7140f0f3d88bfc52c1e871d/alert/text'
11:14:33.326 [Forwarding getAlertText on session 62cbf3bca7140f0f3d88bfc52c1e871d to remote] DEBUG org.asynchttpclient.netty.request.NettyRequestSender - Using open Channel [id: 0x25914afc, L:/127.0.0.1:52530 - R:localhost/127.0.0.1:55442] for GET '/session/62cbf3bca7140f0f3d88bfc52c1e871d/alert/text'
11:14:33.327 [AsyncHttpClient-1-2] DEBUG org.asynchttpclient.netty.handler.HttpHandler - 

Request DefaultFullHttpRequest(decodeResult: success, version: HTTP/1.1, content: EmptyByteBufBE)
GET /session/62cbf3bca7140f0f3d88bfc52c1e871d/alert/text HTTP/1.1
User-Agent: selenium/4.4.0 (java windows)
Cache-Control: no-cache
Content-Type: application/json; charset=utf-8
host: localhost:55442
accept: */*

Response DefaultHttpResponse(decodeResult: success, version: HTTP/1.1)
HTTP/1.1 404 Not Found
Content-Type: application/json; charset=utf-8
cache-control: no-cache
content-length: 848

11:14:33.327 [AsyncHttpClient-1-2] DEBUG org.asynchttpclient.netty.channel.ChannelManager - Adding key: http://localhost:55442 for channel [id: 0x25914afc, L:/127.0.0.1:52530 - R:localhost/127.0.0.1:55442]
11:14:33.838 [Forwarding getAlertText on session 62cbf3bca7140f0f3d88bfc52c1e871d to remote] DEBUG org.asynchttpclient.netty.request.NettyRequestSender - Using pooled Channel '[id: 0x25914afc, L:/127.0.0.1:52530 - R:localhost/127.0.0.1:55442]' for 'GET' to 'http://localhost:55442/session/62cbf3bca7140f0f3d88bfc52c1e871d/alert/text'
11:14:33.838 [Forwarding getAlertText on session 62cbf3bca7140f0f3d88bfc52c1e871d to remote] DEBUG org.asynchttpclient.netty.request.NettyRequestSender - Using open Channel [id: 0x25914afc, L:/127.0.0.1:52530 - R:localhost/127.0.0.1:55442] for GET '/session/62cbf3bca7140f0f3d88bfc52c1e871d/alert/text'
11:14:33.839 [AsyncHttpClient-1-2] DEBUG org.asynchttpclient.netty.handler.HttpHandler - 

Request DefaultFullHttpRequest(decodeResult: success, version: HTTP/1.1, content: EmptyByteBufBE)
GET /session/62cbf3bca7140f0f3d88bfc52c1e871d/alert/text HTTP/1.1
User-Agent: selenium/4.4.0 (java windows)
Cache-Control: no-cache
Content-Type: application/json; charset=utf-8
host: localhost:55442
accept: */*

Response DefaultHttpResponse(decodeResult: success, version: HTTP/1.1)
HTTP/1.1 200 OK
Content-Type: application/json; charset=utf-8
cache-control: no-cache
content-length: 26

11:14:33.839 [AsyncHttpClient-1-2] DEBUG org.asynchttpclient.netty.channel.ChannelManager - Adding key: http://localhost:55442 for channel [id: 0x25914afc, L:/127.0.0.1:52530 - R:localhost/127.0.0.1:55442]
11:14:33.841 [Forwarding getAlertText on session 62cbf3bca7140f0f3d88bfc52c1e871d to remote] DEBUG org.asynchttpclient.netty.request.NettyRequestSender - Using pooled Channel '[id: 0x25914afc, L:/127.0.0.1:52530 - R:localhost/127.0.0.1:55442]' for 'GET' to 'http://localhost:55442/session/62cbf3bca7140f0f3d88bfc52c1e871d/alert/text'
11:14:33.841 [Forwarding getAlertText on session 62cbf3bca7140f0f3d88bfc52c1e871d to remote] DEBUG org.asynchttpclient.netty.request.NettyRequestSender - Using open Channel [id: 0x25914afc, L:/127.0.0.1:52530 - R:localhost/127.0.0.1:55442] for GET '/session/62cbf3bca7140f0f3d88bfc52c1e871d/alert/text'
11:14:33.842 [AsyncHttpClient-1-2] DEBUG org.asynchttpclient.netty.handler.HttpHandler - 

Request DefaultFullHttpRequest(decodeResult: success, version: HTTP/1.1, content: EmptyByteBufBE)
GET /session/62cbf3bca7140f0f3d88bfc52c1e871d/alert/text HTTP/1.1
User-Agent: selenium/4.4.0 (java windows)
Cache-Control: no-cache
Content-Type: application/json; charset=utf-8
host: localhost:55442
accept: */*

Response DefaultHttpResponse(decodeResult: success, version: HTTP/1.1)
HTTP/1.1 200 OK
Content-Type: application/json; charset=utf-8
cache-control: no-cache
content-length: 26

11:14:33.842 [AsyncHttpClient-1-2] DEBUG org.asynchttpclient.netty.channel.ChannelManager - Adding key: http://localhost:55442 for channel [id: 0x25914afc, L:/127.0.0.1:52530 - R:localhost/127.0.0.1:55442]
11:14:33.842 [Forwarding acceptAlert on session 62cbf3bca7140f0f3d88bfc52c1e871d to remote] DEBUG org.asynchttpclient.netty.request.NettyRequestSender - Using pooled Channel '[id: 0x25914afc, L:/127.0.0.1:52530 - R:localhost/127.0.0.1:55442]' for 'POST' to 'http://localhost:55442/session/62cbf3bca7140f0f3d88bfc52c1e871d/alert/accept'
11:14:33.842 [Forwarding acceptAlert on session 62cbf3bca7140f0f3d88bfc52c1e871d to remote] DEBUG org.asynchttpclient.netty.request.NettyRequestSender - Using open Channel [id: 0x25914afc, L:/127.0.0.1:52530 - R:localhost/127.0.0.1:55442] for POST '/session/62cbf3bca7140f0f3d88bfc52c1e871d/alert/accept'
11:14:33.844 [AsyncHttpClient-1-2] DEBUG org.asynchttpclient.netty.handler.HttpHandler - 

Request DefaultHttpRequest(decodeResult: success, version: HTTP/1.1)
POST /session/62cbf3bca7140f0f3d88bfc52c1e871d/alert/accept HTTP/1.1
User-Agent: selenium/4.4.0 (java windows)
Content-Length: 3
Content-Type: application/json; charset=utf-8
host: localhost:55442
accept: */*

Response DefaultHttpResponse(decodeResult: success, version: HTTP/1.1)
HTTP/1.1 200 OK
Content-Type: application/json; charset=utf-8
cache-control: no-cache
content-length: 14

11:14:33.844 [AsyncHttpClient-1-2] DEBUG org.asynchttpclient.netty.channel.ChannelManager - Adding key: http://localhost:55442 for channel [id: 0x25914afc, L:/127.0.0.1:52530 - R:localhost/127.0.0.1:55442]
11:14:33.849 [Forwarding getCurrentWindowHandle on session 62cbf3bca7140f0f3d88bfc52c1e871d to remote] DEBUG org.asynchttpclient.netty.request.NettyRequestSender - Using pooled Channel '[id: 0x25914afc, L:/127.0.0.1:52530 - R:localhost/127.0.0.1:55442]' for 'GET' to 'http://localhost:55442/session/62cbf3bca7140f0f3d88bfc52c1e871d/window'
11:14:33.849 [Forwarding getCurrentWindowHandle on session 62cbf3bca7140f0f3d88bfc52c1e871d to remote] DEBUG org.asynchttpclient.netty.request.NettyRequestSender - Using open Channel [id: 0x25914afc, L:/127.0.0.1:52530 - R:localhost/127.0.0.1:55442] for GET '/session/62cbf3bca7140f0f3d88bfc52c1e871d/window'
11:14:33.850 [AsyncHttpClient-1-2] DEBUG org.asynchttpclient.netty.handler.HttpHandler - 

Request DefaultFullHttpRequest(decodeResult: success, version: HTTP/1.1, content: EmptyByteBufBE)
GET /session/62cbf3bca7140f0f3d88bfc52c1e871d/window HTTP/1.1
User-Agent: selenium/4.4.0 (java windows)
Cache-Control: no-cache
Content-Type: application/json; charset=utf-8
host: localhost:55442
accept: */*

Response DefaultHttpResponse(decodeResult: success, version: HTTP/1.1)
HTTP/1.1 200 OK
Content-Type: application/json; charset=utf-8
cache-control: no-cache
content-length: 44

11:14:33.850 [AsyncHttpClient-1-2] DEBUG org.asynchttpclient.netty.channel.ChannelManager - Adding key: http://localhost:55442 for channel [id: 0x25914afc, L:/127.0.0.1:52530 - R:localhost/127.0.0.1:55442]
11:14:33.851 [Forwarding getAlertText on session 62cbf3bca7140f0f3d88bfc52c1e871d to remote] DEBUG org.asynchttpclient.netty.request.NettyRequestSender - Using pooled Channel '[id: 0x25914afc, L:/127.0.0.1:52530 - R:localhost/127.0.0.1:55442]' for 'GET' to 'http://localhost:55442/session/62cbf3bca7140f0f3d88bfc52c1e871d/alert/text'
11:14:33.851 [Forwarding getAlertText on session 62cbf3bca7140f0f3d88bfc52c1e871d to remote] DEBUG org.asynchttpclient.netty.request.NettyRequestSender - Using open Channel [id: 0x25914afc, L:/127.0.0.1:52530 - R:localhost/127.0.0.1:55442] for GET '/session/62cbf3bca7140f0f3d88bfc52c1e871d/alert/text'
11:14:33.853 [AsyncHttpClient-1-2] DEBUG org.asynchttpclient.netty.handler.HttpHandler - 

Request DefaultFullHttpRequest(decodeResult: success, version: HTTP/1.1, content: EmptyByteBufBE)
GET /session/62cbf3bca7140f0f3d88bfc52c1e871d/alert/text HTTP/1.1
User-Agent: selenium/4.4.0 (java windows)
Cache-Control: no-cache
Content-Type: application/json; charset=utf-8
host: localhost:55442
accept: */*

Response DefaultHttpResponse(decodeResult: success, version: HTTP/1.1)
HTTP/1.1 404 Not Found
Content-Type: application/json; charset=utf-8
cache-control: no-cache
content-length: 848

11:14:33.853 [AsyncHttpClient-1-2] DEBUG org.asynchttpclient.netty.channel.ChannelManager - Adding key: http://localhost:55442 for channel [id: 0x25914afc, L:/127.0.0.1:52530 - R:localhost/127.0.0.1:55442]
11:14:33.854 [Forwarding switchToWindow on session 62cbf3bca7140f0f3d88bfc52c1e871d to remote] DEBUG org.asynchttpclient.netty.request.NettyRequestSender - Using pooled Channel '[id: 0x25914afc, L:/127.0.0.1:52530 - R:localhost/127.0.0.1:55442]' for 'POST' to 'http://localhost:55442/session/62cbf3bca7140f0f3d88bfc52c1e871d/window'
11:14:33.854 [Forwarding switchToWindow on session 62cbf3bca7140f0f3d88bfc52c1e871d to remote] DEBUG org.asynchttpclient.netty.request.NettyRequestSender - Using open Channel [id: 0x25914afc, L:/127.0.0.1:52530 - R:localhost/127.0.0.1:55442] for POST '/session/62cbf3bca7140f0f3d88bfc52c1e871d/window'
11:14:33.856 [AsyncHttpClient-1-2] DEBUG org.asynchttpclient.netty.handler.HttpHandler - 

Request DefaultHttpRequest(decodeResult: success, version: HTTP/1.1)
POST /session/62cbf3bca7140f0f3d88bfc52c1e871d/window HTTP/1.1
User-Agent: selenium/4.4.0 (java windows)
Content-Length: 50
Content-Type: application/json; charset=utf-8
host: localhost:55442
accept: */*

Response DefaultHttpResponse(decodeResult: success, version: HTTP/1.1)
HTTP/1.1 200 OK
Content-Type: application/json; charset=utf-8
cache-control: no-cache
content-length: 14

11:14:33.856 [AsyncHttpClient-1-2] DEBUG org.asynchttpclient.netty.channel.ChannelManager - Adding key: http://localhost:55442 for channel [id: 0x25914afc, L:/127.0.0.1:52530 - R:localhost/127.0.0.1:55442]
11:14:33.857 [Forwarding getCurrentUrl on session 62cbf3bca7140f0f3d88bfc52c1e871d to remote] DEBUG org.asynchttpclient.netty.request.NettyRequestSender - Using pooled Channel '[id: 0x25914afc, L:/127.0.0.1:52530 - R:localhost/127.0.0.1:55442]' for 'GET' to 'http://localhost:55442/session/62cbf3bca7140f0f3d88bfc52c1e871d/url'
11:14:33.857 [Forwarding getCurrentUrl on session 62cbf3bca7140f0f3d88bfc52c1e871d to remote] DEBUG org.asynchttpclient.netty.request.NettyRequestSender - Using open Channel [id: 0x25914afc, L:/127.0.0.1:52530 - R:localhost/127.0.0.1:55442] for GET '/session/62cbf3bca7140f0f3d88bfc52c1e871d/url'
11:14:33.859 [AsyncHttpClient-1-2] DEBUG org.asynchttpclient.netty.handler.HttpHandler - 

Request DefaultFullHttpRequest(decodeResult: success, version: HTTP/1.1, content: EmptyByteBufBE)
GET /session/62cbf3bca7140f0f3d88bfc52c1e871d/url HTTP/1.1
User-Agent: selenium/4.4.0 (java windows)
Cache-Control: no-cache
Content-Type: application/json; charset=utf-8
host: localhost:55442
accept: */*

Response DefaultHttpResponse(decodeResult: success, version: HTTP/1.1)
HTTP/1.1 200 OK
Content-Type: application/json; charset=utf-8
cache-control: no-cache
content-length: 55

11:14:33.859 [AsyncHttpClient-1-2] DEBUG org.asynchttpclient.netty.channel.ChannelManager - Adding key: http://localhost:55442 for channel [id: 0x25914afc, L:/127.0.0.1:52530 - R:localhost/127.0.0.1:55442]
11:14:33.860 [Forwarding screenshot on session 62cbf3bca7140f0f3d88bfc52c1e871d to remote] DEBUG org.asynchttpclient.netty.request.NettyRequestSender - Using pooled Channel '[id: 0x25914afc, L:/127.0.0.1:52530 - R:localhost/127.0.0.1:55442]' for 'GET' to 'http://localhost:55442/session/62cbf3bca7140f0f3d88bfc52c1e871d/screenshot'
11:14:33.860 [Forwarding screenshot on session 62cbf3bca7140f0f3d88bfc52c1e871d to remote] DEBUG org.asynchttpclient.netty.request.NettyRequestSender - Using open Channel [id: 0x25914afc, L:/127.0.0.1:52530 - R:localhost/127.0.0.1:55442] for GET '/session/62cbf3bca7140f0f3d88bfc52c1e871d/screenshot'
11:14:34.004 [AsyncHttpClient-1-2] DEBUG org.asynchttpclient.netty.handler.HttpHandler - 

Request DefaultFullHttpRequest(decodeResult: success, version: HTTP/1.1, content: EmptyByteBufBE)
GET /session/62cbf3bca7140f0f3d88bfc52c1e871d/screenshot HTTP/1.1
User-Agent: selenium/4.4.0 (java windows)
Cache-Control: no-cache
Content-Type: application/json; charset=utf-8
host: localhost:55442
accept: */*

Response DefaultHttpResponse(decodeResult: success, version: HTTP/1.1)
HTTP/1.1 200 OK
Content-Type: application/json; charset=utf-8
cache-control: no-cache
content-length: 238392

11:14:34.005 [AsyncHttpClient-1-2] DEBUG org.asynchttpclient.netty.channel.ChannelManager - Adding key: http://localhost:55442 for channel [id: 0x25914afc, L:/127.0.0.1:52530 - R:localhost/127.0.0.1:55442]
11:14:34.009 [main] DEBUG net.serenitybdd.core.photography.Darkroom - Send negative for processing for target\site\serenity\a39e0cf0f364da436381972ca6233ca3a700d0dc333c2f870cbc89314b38aead.png
11:14:34.009 [main] DEBUG net.thucydides.core.steps.StepInterceptor - STEP DONE: Añadir a la cesta
11:14:34.010 [Darkroom Processing Line] DEBUG net.serenitybdd.core.photography.DarkroomProcessingLine - Processing screenshot image in /var/screenshots/screenshot-18444550889910913711
11:14:34.010 [Darkroom Processing Line] DEBUG net.serenitybdd.core.photography.DarkroomProcessingLine - Saving screenshot to target\site\serenity\a39e0cf0f364da436381972ca6233ca3a700d0dc333c2f870cbc89314b38aead.png
  &amp#27;[32mAnd &amp#27;[0m&amp#27;[32mel usuario añade a la cesta el ordenador&amp#27;[0m                                                                &amp#27;[90m# Step.ComprarDispositivosElectronicosStep.el_usuario_añade_a_la_cesta_el_dispositivo()&amp#27;[0m
11:14:34.020 [main] DEBUG net.thucydides.core.steps.StepInterceptor - STARTING STEP: ComprarDispositivosElectronicosStep.el_usuario_se_dirige_a_la_cesta_de_la_compra - Navega a la pestaña home
11:14:34.021 [Forwarding findElement on session 62cbf3bca7140f0f3d88bfc52c1e871d to remote] DEBUG org.asynchttpclient.netty.request.NettyRequestSender - Using pooled Channel '[id: 0x25914afc, L:/127.0.0.1:52530 - R:localhost/127.0.0.1:55442]' for 'POST' to 'http://localhost:55442/session/62cbf3bca7140f0f3d88bfc52c1e871d/element'
11:14:34.021 [Forwarding findElement on session 62cbf3bca7140f0f3d88bfc52c1e871d to remote] DEBUG org.asynchttpclient.netty.request.NettyRequestSender - Using open Channel [id: 0x25914afc, L:/127.0.0.1:52530 - R:localhost/127.0.0.1:55442] for POST '/session/62cbf3bca7140f0f3d88bfc52c1e871d/element'
11:14:34.029 [AsyncHttpClient-1-2] DEBUG org.asynchttpclient.netty.handler.HttpHandler - 

Request DefaultHttpRequest(decodeResult: success, version: HTTP/1.1)
POST /session/62cbf3bca7140f0f3d88bfc52c1e871d/element HTTP/1.1
User-Agent: selenium/4.4.0 (java windows)
Content-Length: 70
Content-Type: application/json; charset=utf-8
host: localhost:55442
accept: */*

Response DefaultHttpResponse(decodeResult: success, version: HTTP/1.1)
HTTP/1.1 200 OK
Content-Type: application/json; charset=utf-8
cache-control: no-cache
content-length: 95

11:14:34.029 [AsyncHttpClient-1-2] DEBUG org.asynchttpclient.netty.channel.ChannelManager - Adding key: http://localhost:55442 for channel [id: 0x25914afc, L:/127.0.0.1:52530 - R:localhost/127.0.0.1:55442]
11:14:34.032 [Forwarding isElementDisplayed on session 62cbf3bca7140f0f3d88bfc52c1e871d to remote] DEBUG org.asynchttpclient.netty.request.NettyRequestSender - Using pooled Channel '[id: 0x25914afc, L:/127.0.0.1:52530 - R:localhost/127.0.0.1:55442]' for 'POST' to 'http://localhost:55442/session/62cbf3bca7140f0f3d88bfc52c1e871d/execute/sync'
11:14:34.032 [Forwarding isElementDisplayed on session 62cbf3bca7140f0f3d88bfc52c1e871d to remote] DEBUG org.asynchttpclient.netty.request.NettyRequestSender - Using open Channel [id: 0x25914afc, L:/127.0.0.1:52530 - R:localhost/127.0.0.1:55442] for POST '/session/62cbf3bca7140f0f3d88bfc52c1e871d/execute/sync'
11:14:34.041 [AsyncHttpClient-1-2] DEBUG org.asynchttpclient.netty.handler.HttpHandler - 

Request DefaultHttpRequest(decodeResult: success, version: HTTP/1.1)
POST /session/62cbf3bca7140f0f3d88bfc52c1e871d/execute/sync HTTP/1.1
User-Agent: selenium/4.4.0 (java windows)
Content-Length: 48787
Content-Type: application/json; charset=utf-8
host: localhost:55442
accept: */*

Response DefaultHttpResponse(decodeResult: success, version: HTTP/1.1)
HTTP/1.1 200 OK
Content-Type: application/json; charset=utf-8
cache-control: no-cache
content-length: 14

11:14:34.042 [AsyncHttpClient-1-2] DEBUG org.asynchttpclient.netty.channel.ChannelManager - Adding key: http://localhost:55442 for channel [id: 0x25914afc, L:/127.0.0.1:52530 - R:localhost/127.0.0.1:55442]
11:14:34.044 [Forwarding isElementDisplayed on session 62cbf3bca7140f0f3d88bfc52c1e871d to remote] DEBUG org.asynchttpclient.netty.request.NettyRequestSender - Using pooled Channel '[id: 0x25914afc, L:/127.0.0.1:52530 - R:localhost/127.0.0.1:55442]' for 'POST' to 'http://localhost:55442/session/62cbf3bca7140f0f3d88bfc52c1e871d/execute/sync'
11:14:34.044 [Forwarding isElementDisplayed on session 62cbf3bca7140f0f3d88bfc52c1e871d to remote] DEBUG org.asynchttpclient.netty.request.NettyRequestSender - Using open Channel [id: 0x25914afc, L:/127.0.0.1:52530 - R:localhost/127.0.0.1:55442] for POST '/session/62cbf3bca7140f0f3d88bfc52c1e871d/execute/sync'
11:14:34.052 [AsyncHttpClient-1-2] DEBUG org.asynchttpclient.netty.handler.HttpHandler - 

Request DefaultHttpRequest(decodeResult: success, version: HTTP/1.1)
POST /session/62cbf3bca7140f0f3d88bfc52c1e871d/execute/sync HTTP/1.1
User-Agent: selenium/4.4.0 (java windows)
Content-Length: 48787
Content-Type: application/json; charset=utf-8
host: localhost:55442
accept: */*

Response DefaultHttpResponse(decodeResult: success, version: HTTP/1.1)
HTTP/1.1 200 OK
Content-Type: application/json; charset=utf-8
cache-control: no-cache
content-length: 14

11:14:34.052 [AsyncHttpClient-1-2] DEBUG org.asynchttpclient.netty.channel.ChannelManager - Adding key: http://localhost:55442 for channel [id: 0x25914afc, L:/127.0.0.1:52530 - R:localhost/127.0.0.1:55442]
11:14:34.054 [Forwarding findElement on session 62cbf3bca7140f0f3d88bfc52c1e871d to remote] DEBUG org.asynchttpclient.netty.request.NettyRequestSender - Using pooled Channel '[id: 0x25914afc, L:/127.0.0.1:52530 - R:localhost/127.0.0.1:55442]' for 'POST' to 'http://localhost:55442/session/62cbf3bca7140f0f3d88bfc52c1e871d/element'
11:14:34.054 [Forwarding findElement on session 62cbf3bca7140f0f3d88bfc52c1e871d to remote] DEBUG org.asynchttpclient.netty.request.NettyRequestSender - Using open Channel [id: 0x25914afc, L:/127.0.0.1:52530 - R:localhost/127.0.0.1:55442] for POST '/session/62cbf3bca7140f0f3d88bfc52c1e871d/element'
11:14:34.061 [AsyncHttpClient-1-2] DEBUG org.asynchttpclient.netty.handler.HttpHandler - 

Request DefaultHttpRequest(decodeResult: success, version: HTTP/1.1)
POST /session/62cbf3bca7140f0f3d88bfc52c1e871d/element HTTP/1.1
User-Agent: selenium/4.4.0 (java windows)
Content-Length: 70
Content-Type: application/json; charset=utf-8
host: localhost:55442
accept: */*

Response DefaultHttpResponse(decodeResult: success, version: HTTP/1.1)
HTTP/1.1 200 OK
Content-Type: application/json; charset=utf-8
cache-control: no-cache
content-length: 95

11:14:34.061 [AsyncHttpClient-1-2] DEBUG org.asynchttpclient.netty.channel.ChannelManager - Adding key: http://localhost:55442 for channel [id: 0x25914afc, L:/127.0.0.1:52530 - R:localhost/127.0.0.1:55442]
11:14:34.066 [Forwarding isElementDisplayed on session 62cbf3bca7140f0f3d88bfc52c1e871d to remote] DEBUG org.asynchttpclient.netty.request.NettyRequestSender - Using pooled Channel '[id: 0x25914afc, L:/127.0.0.1:52530 - R:localhost/127.0.0.1:55442]' for 'POST' to 'http://localhost:55442/session/62cbf3bca7140f0f3d88bfc52c1e871d/execute/sync'
11:14:34.066 [Forwarding isElementDisplayed on session 62cbf3bca7140f0f3d88bfc52c1e871d to remote] DEBUG org.asynchttpclient.netty.request.NettyRequestSender - Using open Channel [id: 0x25914afc, L:/127.0.0.1:52530 - R:localhost/127.0.0.1:55442] for POST '/session/62cbf3bca7140f0f3d88bfc52c1e871d/execute/sync'
11:14:34.073 [AsyncHttpClient-1-2] DEBUG org.asynchttpclient.netty.handler.HttpHandler - 

Request DefaultHttpRequest(decodeResult: success, version: HTTP/1.1)
POST /session/62cbf3bca7140f0f3d88bfc52c1e871d/execute/sync HTTP/1.1
User-Agent: selenium/4.4.0 (java windows)
Content-Length: 48787
Content-Type: application/json; charset=utf-8
host: localhost:55442
accept: */*

Response DefaultHttpResponse(decodeResult: success, version: HTTP/1.1)
HTTP/1.1 200 OK
Content-Type: application/json; charset=utf-8
cache-control: no-cache
content-length: 14

11:14:34.074 [AsyncHttpClient-1-2] DEBUG org.asynchttpclient.netty.channel.ChannelManager - Adding key: http://localhost:55442 for channel [id: 0x25914afc, L:/127.0.0.1:52530 - R:localhost/127.0.0.1:55442]
11:14:34.074 [Forwarding isElementEnabled on session 62cbf3bca7140f0f3d88bfc52c1e871d to remote] DEBUG org.asynchttpclient.netty.request.NettyRequestSender - Using pooled Channel '[id: 0x25914afc, L:/127.0.0.1:52530 - R:localhost/127.0.0.1:55442]' for 'GET' to 'http://localhost:55442/session/62cbf3bca7140f0f3d88bfc52c1e871d/element/D7207BD76A383AA8DB13EF1329D36A16_element_99/enabled'
11:14:34.074 [Forwarding isElementEnabled on session 62cbf3bca7140f0f3d88bfc52c1e871d to remote] DEBUG org.asynchttpclient.netty.request.NettyRequestSender - Using open Channel [id: 0x25914afc, L:/127.0.0.1:52530 - R:localhost/127.0.0.1:55442] for GET '/session/62cbf3bca7140f0f3d88bfc52c1e871d/element/D7207BD76A383AA8DB13EF1329D36A16_element_99/enabled'
11:14:34.079 [AsyncHttpClient-1-2] DEBUG org.asynchttpclient.netty.handler.HttpHandler - 

Request DefaultFullHttpRequest(decodeResult: success, version: HTTP/1.1, content: EmptyByteBufBE)
GET /session/62cbf3bca7140f0f3d88bfc52c1e871d/element/D7207BD76A383AA8DB13EF1329D36A16_element_99/enabled HTTP/1.1
User-Agent: selenium/4.4.0 (java windows)
Cache-Control: no-cache
Content-Type: application/json; charset=utf-8
host: localhost:55442
accept: */*

Response DefaultHttpResponse(decodeResult: success, version: HTTP/1.1)
HTTP/1.1 200 OK
Content-Type: application/json; charset=utf-8
cache-control: no-cache
content-length: 14

11:14:34.079 [AsyncHttpClient-1-2] DEBUG org.asynchttpclient.netty.channel.ChannelManager - Adding key: http://localhost:55442 for channel [id: 0x25914afc, L:/127.0.0.1:52530 - R:localhost/127.0.0.1:55442]
11:14:34.080 [Forwarding findElement on session 62cbf3bca7140f0f3d88bfc52c1e871d to remote] DEBUG org.asynchttpclient.netty.request.NettyRequestSender - Using pooled Channel '[id: 0x25914afc, L:/127.0.0.1:52530 - R:localhost/127.0.0.1:55442]' for 'POST' to 'http://localhost:55442/session/62cbf3bca7140f0f3d88bfc52c1e871d/element'
11:14:34.081 [Forwarding findElement on session 62cbf3bca7140f0f3d88bfc52c1e871d to remote] DEBUG org.asynchttpclient.netty.request.NettyRequestSender - Using open Channel [id: 0x25914afc, L:/127.0.0.1:52530 - R:localhost/127.0.0.1:55442] for POST '/session/62cbf3bca7140f0f3d88bfc52c1e871d/element'
11:14:34.086 [AsyncHttpClient-1-2] DEBUG org.asynchttpclient.netty.handler.HttpHandler - 

Request DefaultHttpRequest(decodeResult: success, version: HTTP/1.1)
POST /session/62cbf3bca7140f0f3d88bfc52c1e871d/element HTTP/1.1
User-Agent: selenium/4.4.0 (java windows)
Content-Length: 70
Content-Type: application/json; charset=utf-8
host: localhost:55442
accept: */*

Response DefaultHttpResponse(decodeResult: success, version: HTTP/1.1)
HTTP/1.1 200 OK
Content-Type: application/json; charset=utf-8
cache-control: no-cache
content-length: 95

11:14:34.087 [AsyncHttpClient-1-2] DEBUG org.asynchttpclient.netty.channel.ChannelManager - Adding key: http://localhost:55442 for channel [id: 0x25914afc, L:/127.0.0.1:52530 - R:localhost/127.0.0.1:55442]
11:14:34.089 [Forwarding isElementDisplayed on session 62cbf3bca7140f0f3d88bfc52c1e871d to remote] DEBUG org.asynchttpclient.netty.request.NettyRequestSender - Using pooled Channel '[id: 0x25914afc, L:/127.0.0.1:52530 - R:localhost/127.0.0.1:55442]' for 'POST' to 'http://localhost:55442/session/62cbf3bca7140f0f3d88bfc52c1e871d/execute/sync'
11:14:34.089 [Forwarding isElementDisplayed on session 62cbf3bca7140f0f3d88bfc52c1e871d to remote] DEBUG org.asynchttpclient.netty.request.NettyRequestSender - Using open Channel [id: 0x25914afc, L:/127.0.0.1:52530 - R:localhost/127.0.0.1:55442] for POST '/session/62cbf3bca7140f0f3d88bfc52c1e871d/execute/sync'
11:14:34.096 [AsyncHttpClient-1-2] DEBUG org.asynchttpclient.netty.handler.HttpHandler - 

Request DefaultHttpRequest(decodeResult: success, version: HTTP/1.1)
POST /session/62cbf3bca7140f0f3d88bfc52c1e871d/execute/sync HTTP/1.1
User-Agent: selenium/4.4.0 (java windows)
Content-Length: 48787
Content-Type: application/json; charset=utf-8
host: localhost:55442
accept: */*

Response DefaultHttpResponse(decodeResult: success, version: HTTP/1.1)
HTTP/1.1 200 OK
Content-Type: application/json; charset=utf-8
cache-control: no-cache
content-length: 14

11:14:34.096 [AsyncHttpClient-1-2] DEBUG org.asynchttpclient.netty.channel.ChannelManager - Adding key: http://localhost:55442 for channel [id: 0x25914afc, L:/127.0.0.1:52530 - R:localhost/127.0.0.1:55442]
11:14:34.097 [Forwarding findElement on session 62cbf3bca7140f0f3d88bfc52c1e871d to remote] DEBUG org.asynchttpclient.netty.request.NettyRequestSender - Using pooled Channel '[id: 0x25914afc, L:/127.0.0.1:52530 - R:localhost/127.0.0.1:55442]' for 'POST' to 'http://localhost:55442/session/62cbf3bca7140f0f3d88bfc52c1e871d/element'
11:14:34.097 [Forwarding findElement on session 62cbf3bca7140f0f3d88bfc52c1e871d to remote] DEBUG org.asynchttpclient.netty.request.NettyRequestSender - Using open Channel [id: 0x25914afc, L:/127.0.0.1:52530 - R:localhost/127.0.0.1:55442] for POST '/session/62cbf3bca7140f0f3d88bfc52c1e871d/element'
11:14:34.102 [AsyncHttpClient-1-2] DEBUG org.asynchttpclient.netty.handler.HttpHandler - 

Request DefaultHttpRequest(decodeResult: success, version: HTTP/1.1)
POST /session/62cbf3bca7140f0f3d88bfc52c1e871d/element HTTP/1.1
User-Agent: selenium/4.4.0 (java windows)
Content-Length: 70
Content-Type: application/json; charset=utf-8
host: localhost:55442
accept: */*

Response DefaultHttpResponse(decodeResult: success, version: HTTP/1.1)
HTTP/1.1 200 OK
Content-Type: application/json; charset=utf-8
cache-control: no-cache
content-length: 95

11:14:34.102 [AsyncHttpClient-1-2] DEBUG org.asynchttpclient.netty.channel.ChannelManager - Adding key: http://localhost:55442 for channel [id: 0x25914afc, L:/127.0.0.1:52530 - R:localhost/127.0.0.1:55442]
11:14:34.104 [Forwarding isElementDisplayed on session 62cbf3bca7140f0f3d88bfc52c1e871d to remote] DEBUG org.asynchttpclient.netty.request.NettyRequestSender - Using pooled Channel '[id: 0x25914afc, L:/127.0.0.1:52530 - R:localhost/127.0.0.1:55442]' for 'POST' to 'http://localhost:55442/session/62cbf3bca7140f0f3d88bfc52c1e871d/execute/sync'
11:14:34.104 [Forwarding isElementDisplayed on session 62cbf3bca7140f0f3d88bfc52c1e871d to remote] DEBUG org.asynchttpclient.netty.request.NettyRequestSender - Using open Channel [id: 0x25914afc, L:/127.0.0.1:52530 - R:localhost/127.0.0.1:55442] for POST '/session/62cbf3bca7140f0f3d88bfc52c1e871d/execute/sync'
11:14:34.112 [AsyncHttpClient-1-2] DEBUG org.asynchttpclient.netty.handler.HttpHandler - 

Request DefaultHttpRequest(decodeResult: success, version: HTTP/1.1)
POST /session/62cbf3bca7140f0f3d88bfc52c1e871d/execute/sync HTTP/1.1
User-Agent: selenium/4.4.0 (java windows)
Content-Length: 48787
Content-Type: application/json; charset=utf-8
host: localhost:55442
accept: */*

Response DefaultHttpResponse(decodeResult: success, version: HTTP/1.1)
HTTP/1.1 200 OK
Content-Type: application/json; charset=utf-8
cache-control: no-cache
content-length: 14

11:14:34.112 [AsyncHttpClient-1-2] DEBUG org.asynchttpclient.netty.channel.ChannelManager - Adding key: http://localhost:55442 for channel [id: 0x25914afc, L:/127.0.0.1:52530 - R:localhost/127.0.0.1:55442]
11:14:34.344 [AsyncHttpClient-1-1] DEBUG org.asynchttpclient.netty.channel.DefaultChannelPool - Entry count for : http://localhost:55442 : 1
11:14:34.344 [AsyncHttpClient-1-1] DEBUG org.asynchttpclient.netty.channel.DefaultChannelPool - Entry count for : http://localhost:52531 : 1
11:14:35.120 [Forwarding screenshot on session 62cbf3bca7140f0f3d88bfc52c1e871d to remote] DEBUG org.asynchttpclient.netty.request.NettyRequestSender - Using pooled Channel '[id: 0x25914afc, L:/127.0.0.1:52530 - R:localhost/127.0.0.1:55442]' for 'GET' to 'http://localhost:55442/session/62cbf3bca7140f0f3d88bfc52c1e871d/screenshot'
11:14:35.120 [Forwarding screenshot on session 62cbf3bca7140f0f3d88bfc52c1e871d to remote] DEBUG org.asynchttpclient.netty.request.NettyRequestSender - Using open Channel [id: 0x25914afc, L:/127.0.0.1:52530 - R:localhost/127.0.0.1:55442] for GET '/session/62cbf3bca7140f0f3d88bfc52c1e871d/screenshot'
11:14:35.233 [AsyncHttpClient-1-2] DEBUG org.asynchttpclient.netty.handler.HttpHandler - 

Request DefaultFullHttpRequest(decodeResult: success, version: HTTP/1.1, content: EmptyByteBufBE)
GET /session/62cbf3bca7140f0f3d88bfc52c1e871d/screenshot HTTP/1.1
User-Agent: selenium/4.4.0 (java windows)
Cache-Control: no-cache
Content-Type: application/json; charset=utf-8
host: localhost:55442
accept: */*

Response DefaultHttpResponse(decodeResult: success, version: HTTP/1.1)
HTTP/1.1 200 OK
Content-Type: application/json; charset=utf-8
cache-control: no-cache
content-length: 238392

11:14:35.235 [AsyncHttpClient-1-2] DEBUG org.asynchttpclient.netty.channel.ChannelManager - Adding key: http://localhost:55442 for channel [id: 0x25914afc, L:/127.0.0.1:52530 - R:localhost/127.0.0.1:55442]
11:14:35.245 [Forwarding findElement on session 62cbf3bca7140f0f3d88bfc52c1e871d to remote] DEBUG org.asynchttpclient.netty.request.NettyRequestSender - Using pooled Channel '[id: 0x25914afc, L:/127.0.0.1:52530 - R:localhost/127.0.0.1:55442]' for 'POST' to 'http://localhost:55442/session/62cbf3bca7140f0f3d88bfc52c1e871d/element'
11:14:35.245 [Forwarding findElement on session 62cbf3bca7140f0f3d88bfc52c1e871d to remote] DEBUG org.asynchttpclient.netty.request.NettyRequestSender - Using open Channel [id: 0x25914afc, L:/127.0.0.1:52530 - R:localhost/127.0.0.1:55442] for POST '/session/62cbf3bca7140f0f3d88bfc52c1e871d/element'
11:14:35.251 [AsyncHttpClient-1-2] DEBUG org.asynchttpclient.netty.handler.HttpHandler - 

Request DefaultHttpRequest(decodeResult: success, version: HTTP/1.1)
POST /session/62cbf3bca7140f0f3d88bfc52c1e871d/element HTTP/1.1
User-Agent: selenium/4.4.0 (java windows)
Content-Length: 70
Content-Type: application/json; charset=utf-8
host: localhost:55442
accept: */*

Response DefaultHttpResponse(decodeResult: success, version: HTTP/1.1)
HTTP/1.1 200 OK
Content-Type: application/json; charset=utf-8
cache-control: no-cache
content-length: 95

11:14:35.251 [AsyncHttpClient-1-2] DEBUG org.asynchttpclient.netty.channel.ChannelManager - Adding key: http://localhost:55442 for channel [id: 0x25914afc, L:/127.0.0.1:52530 - R:localhost/127.0.0.1:55442]
11:14:35.253 [Forwarding isElementDisplayed on session 62cbf3bca7140f0f3d88bfc52c1e871d to remote] DEBUG org.asynchttpclient.netty.request.NettyRequestSender - Using pooled Channel '[id: 0x25914afc, L:/127.0.0.1:52530 - R:localhost/127.0.0.1:55442]' for 'POST' to 'http://localhost:55442/session/62cbf3bca7140f0f3d88bfc52c1e871d/execute/sync'
11:14:35.253 [Forwarding isElementDisplayed on session 62cbf3bca7140f0f3d88bfc52c1e871d to remote] DEBUG org.asynchttpclient.netty.request.NettyRequestSender - Using open Channel [id: 0x25914afc, L:/127.0.0.1:52530 - R:localhost/127.0.0.1:55442] for POST '/session/62cbf3bca7140f0f3d88bfc52c1e871d/execute/sync'
11:14:35.260 [AsyncHttpClient-1-2] DEBUG org.asynchttpclient.netty.handler.HttpHandler - 

Request DefaultHttpRequest(decodeResult: success, version: HTTP/1.1)
POST /session/62cbf3bca7140f0f3d88bfc52c1e871d/execute/sync HTTP/1.1
User-Agent: selenium/4.4.0 (java windows)
Content-Length: 48787
Content-Type: application/json; charset=utf-8
host: localhost:55442
accept: */*

Response DefaultHttpResponse(decodeResult: success, version: HTTP/1.1)
HTTP/1.1 200 OK
Content-Type: application/json; charset=utf-8
cache-control: no-cache
content-length: 14

11:14:35.260 [AsyncHttpClient-1-2] DEBUG org.asynchttpclient.netty.channel.ChannelManager - Adding key: http://localhost:55442 for channel [id: 0x25914afc, L:/127.0.0.1:52530 - R:localhost/127.0.0.1:55442]
11:14:35.260 [Forwarding clickElement on session 62cbf3bca7140f0f3d88bfc52c1e871d to remote] DEBUG org.asynchttpclient.netty.request.NettyRequestSender - Using pooled Channel '[id: 0x25914afc, L:/127.0.0.1:52530 - R:localhost/127.0.0.1:55442]' for 'POST' to 'http://localhost:55442/session/62cbf3bca7140f0f3d88bfc52c1e871d/element/D7207BD76A383AA8DB13EF1329D36A16_element_99/click'
11:14:35.261 [Forwarding clickElement on session 62cbf3bca7140f0f3d88bfc52c1e871d to remote] DEBUG org.asynchttpclient.netty.request.NettyRequestSender - Using open Channel [id: 0x25914afc, L:/127.0.0.1:52530 - R:localhost/127.0.0.1:55442] for POST '/session/62cbf3bca7140f0f3d88bfc52c1e871d/element/D7207BD76A383AA8DB13EF1329D36A16_element_99/click'
11:14:35.443 [AsyncHttpClient-1-1] DEBUG org.asynchttpclient.netty.channel.DefaultChannelPool - Entry count for : http://localhost:52531 : 1
11:14:35.523 [AsyncHttpClient-1-2] DEBUG org.asynchttpclient.netty.handler.HttpHandler - 

Request DefaultHttpRequest(decodeResult: success, version: HTTP/1.1)
POST /session/62cbf3bca7140f0f3d88bfc52c1e871d/element/D7207BD76A383AA8DB13EF1329D36A16_element_99/click HTTP/1.1
User-Agent: selenium/4.4.0 (java windows)
Content-Length: 57
Content-Type: application/json; charset=utf-8
host: localhost:55442
accept: */*

Response DefaultHttpResponse(decodeResult: success, version: HTTP/1.1)
HTTP/1.1 200 OK
Content-Type: application/json; charset=utf-8
cache-control: no-cache
content-length: 14

11:14:35.523 [AsyncHttpClient-1-2] DEBUG org.asynchttpclient.netty.channel.ChannelManager - Adding key: http://localhost:55442 for channel [id: 0x25914afc, L:/127.0.0.1:52530 - R:localhost/127.0.0.1:55442]
11:14:35.526 [Forwarding getCurrentWindowHandle on session 62cbf3bca7140f0f3d88bfc52c1e871d to remote] DEBUG org.asynchttpclient.netty.request.NettyRequestSender - Using pooled Channel '[id: 0x25914afc, L:/127.0.0.1:52530 - R:localhost/127.0.0.1:55442]' for 'GET' to 'http://localhost:55442/session/62cbf3bca7140f0f3d88bfc52c1e871d/window'
11:14:35.526 [Forwarding getCurrentWindowHandle on session 62cbf3bca7140f0f3d88bfc52c1e871d to remote] DEBUG org.asynchttpclient.netty.request.NettyRequestSender - Using open Channel [id: 0x25914afc, L:/127.0.0.1:52530 - R:localhost/127.0.0.1:55442] for GET '/session/62cbf3bca7140f0f3d88bfc52c1e871d/window'
11:14:35.527 [AsyncHttpClient-1-2] DEBUG org.asynchttpclient.netty.handler.HttpHandler - 

Request DefaultFullHttpRequest(decodeResult: success, version: HTTP/1.1, content: EmptyByteBufBE)
GET /session/62cbf3bca7140f0f3d88bfc52c1e871d/window HTTP/1.1
User-Agent: selenium/4.4.0 (java windows)
Cache-Control: no-cache
Content-Type: application/json; charset=utf-8
host: localhost:55442
accept: */*

Response DefaultHttpResponse(decodeResult: success, version: HTTP/1.1)
HTTP/1.1 200 OK
Content-Type: application/json; charset=utf-8
cache-control: no-cache
content-length: 44

11:14:35.527 [AsyncHttpClient-1-2] DEBUG org.asynchttpclient.netty.channel.ChannelManager - Adding key: http://localhost:55442 for channel [id: 0x25914afc, L:/127.0.0.1:52530 - R:localhost/127.0.0.1:55442]
11:14:35.528 [Forwarding getAlertText on session 62cbf3bca7140f0f3d88bfc52c1e871d to remote] DEBUG org.asynchttpclient.netty.request.NettyRequestSender - Using pooled Channel '[id: 0x25914afc, L:/127.0.0.1:52530 - R:localhost/127.0.0.1:55442]' for 'GET' to 'http://localhost:55442/session/62cbf3bca7140f0f3d88bfc52c1e871d/alert/text'
11:14:35.528 [Forwarding getAlertText on session 62cbf3bca7140f0f3d88bfc52c1e871d to remote] DEBUG org.asynchttpclient.netty.request.NettyRequestSender - Using open Channel [id: 0x25914afc, L:/127.0.0.1:52530 - R:localhost/127.0.0.1:55442] for GET '/session/62cbf3bca7140f0f3d88bfc52c1e871d/alert/text'
11:14:35.530 [AsyncHttpClient-1-2] DEBUG org.asynchttpclient.netty.handler.HttpHandler - 

Request DefaultFullHttpRequest(decodeResult: success, version: HTTP/1.1, content: EmptyByteBufBE)
GET /session/62cbf3bca7140f0f3d88bfc52c1e871d/alert/text HTTP/1.1
User-Agent: selenium/4.4.0 (java windows)
Cache-Control: no-cache
Content-Type: application/json; charset=utf-8
host: localhost:55442
accept: */*

Response DefaultHttpResponse(decodeResult: success, version: HTTP/1.1)
HTTP/1.1 404 Not Found
Content-Type: application/json; charset=utf-8
cache-control: no-cache
content-length: 848

11:14:35.530 [AsyncHttpClient-1-2] DEBUG org.asynchttpclient.netty.channel.ChannelManager - Adding key: http://localhost:55442 for channel [id: 0x25914afc, L:/127.0.0.1:52530 - R:localhost/127.0.0.1:55442]
11:14:35.534 [Forwarding switchToWindow on session 62cbf3bca7140f0f3d88bfc52c1e871d to remote] DEBUG org.asynchttpclient.netty.request.NettyRequestSender - Using pooled Channel '[id: 0x25914afc, L:/127.0.0.1:52530 - R:localhost/127.0.0.1:55442]' for 'POST' to 'http://localhost:55442/session/62cbf3bca7140f0f3d88bfc52c1e871d/window'
11:14:35.534 [Forwarding switchToWindow on session 62cbf3bca7140f0f3d88bfc52c1e871d to remote] DEBUG org.asynchttpclient.netty.request.NettyRequestSender - Using open Channel [id: 0x25914afc, L:/127.0.0.1:52530 - R:localhost/127.0.0.1:55442] for POST '/session/62cbf3bca7140f0f3d88bfc52c1e871d/window'
11:14:35.535 [AsyncHttpClient-1-2] DEBUG org.asynchttpclient.netty.handler.HttpHandler - 

Request DefaultHttpRequest(decodeResult: success, version: HTTP/1.1)
POST /session/62cbf3bca7140f0f3d88bfc52c1e871d/window HTTP/1.1
User-Agent: selenium/4.4.0 (java windows)
Content-Length: 50
Content-Type: application/json; charset=utf-8
host: localhost:55442
accept: */*

Response DefaultHttpResponse(decodeResult: success, version: HTTP/1.1)
HTTP/1.1 200 OK
Content-Type: application/json; charset=utf-8
cache-control: no-cache
content-length: 14

11:14:35.535 [AsyncHttpClient-1-2] DEBUG org.asynchttpclient.netty.channel.ChannelManager - Adding key: http://localhost:55442 for channel [id: 0x25914afc, L:/127.0.0.1:52530 - R:localhost/127.0.0.1:55442]
11:14:35.536 [Forwarding getCurrentUrl on session 62cbf3bca7140f0f3d88bfc52c1e871d to remote] DEBUG org.asynchttpclient.netty.request.NettyRequestSender - Using pooled Channel '[id: 0x25914afc, L:/127.0.0.1:52530 - R:localhost/127.0.0.1:55442]' for 'GET' to 'http://localhost:55442/session/62cbf3bca7140f0f3d88bfc52c1e871d/url'
11:14:35.536 [Forwarding getCurrentUrl on session 62cbf3bca7140f0f3d88bfc52c1e871d to remote] DEBUG org.asynchttpclient.netty.request.NettyRequestSender - Using open Channel [id: 0x25914afc, L:/127.0.0.1:52530 - R:localhost/127.0.0.1:55442] for GET '/session/62cbf3bca7140f0f3d88bfc52c1e871d/url'
11:14:35.539 [AsyncHttpClient-1-2] DEBUG org.asynchttpclient.netty.handler.HttpHandler - 

Request DefaultFullHttpRequest(decodeResult: success, version: HTTP/1.1, content: EmptyByteBufBE)
GET /session/62cbf3bca7140f0f3d88bfc52c1e871d/url HTTP/1.1
User-Agent: selenium/4.4.0 (java windows)
Cache-Control: no-cache
Content-Type: application/json; charset=utf-8
host: localhost:55442
accept: */*

Response DefaultHttpResponse(decodeResult: success, version: HTTP/1.1)
HTTP/1.1 200 OK
Content-Type: application/json; charset=utf-8
cache-control: no-cache
content-length: 48

11:14:35.540 [AsyncHttpClient-1-2] DEBUG org.asynchttpclient.netty.channel.ChannelManager - Adding key: http://localhost:55442 for channel [id: 0x25914afc, L:/127.0.0.1:52530 - R:localhost/127.0.0.1:55442]
11:14:35.540 [Forwarding screenshot on session 62cbf3bca7140f0f3d88bfc52c1e871d to remote] DEBUG org.asynchttpclient.netty.request.NettyRequestSender - Using pooled Channel '[id: 0x25914afc, L:/127.0.0.1:52530 - R:localhost/127.0.0.1:55442]' for 'GET' to 'http://localhost:55442/session/62cbf3bca7140f0f3d88bfc52c1e871d/screenshot'
11:14:35.540 [Forwarding screenshot on session 62cbf3bca7140f0f3d88bfc52c1e871d to remote] DEBUG org.asynchttpclient.netty.request.NettyRequestSender - Using open Channel [id: 0x25914afc, L:/127.0.0.1:52530 - R:localhost/127.0.0.1:55442] for GET '/session/62cbf3bca7140f0f3d88bfc52c1e871d/screenshot'
11:14:35.681 [AsyncHttpClient-1-2] DEBUG org.asynchttpclient.netty.handler.HttpHandler - 

Request DefaultFullHttpRequest(decodeResult: success, version: HTTP/1.1, content: EmptyByteBufBE)
GET /session/62cbf3bca7140f0f3d88bfc52c1e871d/screenshot HTTP/1.1
User-Agent: selenium/4.4.0 (java windows)
Cache-Control: no-cache
Content-Type: application/json; charset=utf-8
host: localhost:55442
accept: */*

Response DefaultHttpResponse(decodeResult: success, version: HTTP/1.1)
HTTP/1.1 200 OK
Content-Type: application/json; charset=utf-8
cache-control: no-cache
content-length: 292404

11:14:35.682 [AsyncHttpClient-1-2] DEBUG org.asynchttpclient.netty.channel.ChannelManager - Adding key: http://localhost:55442 for channel [id: 0x25914afc, L:/127.0.0.1:52530 - R:localhost/127.0.0.1:55442]
11:14:35.687 [main] DEBUG net.serenitybdd.core.photography.Darkroom - Send negative for processing for target\site\serenity\a31a15dc0d9f74152c152c093157a4176e9a0db3baab4db597e952db049510e2.png
11:14:35.687 [main] DEBUG net.thucydides.core.steps.StepInterceptor - STEP DONE: Navega a la pestaña home
11:14:35.687 [Darkroom Processing Line] DEBUG net.serenitybdd.core.photography.DarkroomProcessingLine - Processing screenshot image in /var/screenshots/screenshot-1560014900303971121
11:14:35.687 [Darkroom Processing Line] DEBUG net.serenitybdd.core.photography.DarkroomProcessingLine - Saving screenshot to target\site\serenity\a31a15dc0d9f74152c152c093157a4176e9a0db3baab4db597e952db049510e2.png
11:14:35.690 [main] DEBUG net.thucydides.core.steps.StepInterceptor - STARTING STEP: ComprarDispositivosElectronicosStep.el_usuario_se_dirige_a_la_cesta_de_la_compra - Navega a la pestaña cesta
11:14:36.543 [AsyncHttpClient-1-1] DEBUG org.asynchttpclient.netty.channel.DefaultChannelPool - Entry count for : http://localhost:55442 : 1
11:14:36.543 [AsyncHttpClient-1-1] DEBUG org.asynchttpclient.netty.channel.DefaultChannelPool - Entry count for : http://localhost:52531 : 1
11:14:36.695 [Forwarding screenshot on session 62cbf3bca7140f0f3d88bfc52c1e871d to remote] DEBUG org.asynchttpclient.netty.request.NettyRequestSender - Using pooled Channel '[id: 0x25914afc, L:/127.0.0.1:52530 - R:localhost/127.0.0.1:55442]' for 'GET' to 'http://localhost:55442/session/62cbf3bca7140f0f3d88bfc52c1e871d/screenshot'
11:14:36.695 [Forwarding screenshot on session 62cbf3bca7140f0f3d88bfc52c1e871d to remote] DEBUG org.asynchttpclient.netty.request.NettyRequestSender - Using open Channel [id: 0x25914afc, L:/127.0.0.1:52530 - R:localhost/127.0.0.1:55442] for GET '/session/62cbf3bca7140f0f3d88bfc52c1e871d/screenshot'
11:14:36.847 [AsyncHttpClient-1-2] DEBUG org.asynchttpclient.netty.handler.HttpHandler - 

Request DefaultFullHttpRequest(decodeResult: success, version: HTTP/1.1, content: EmptyByteBufBE)
GET /session/62cbf3bca7140f0f3d88bfc52c1e871d/screenshot HTTP/1.1
User-Agent: selenium/4.4.0 (java windows)
Cache-Control: no-cache
Content-Type: application/json; charset=utf-8
host: localhost:55442
accept: */*

Response DefaultHttpResponse(decodeResult: success, version: HTTP/1.1)
HTTP/1.1 200 OK
Content-Type: application/json; charset=utf-8
cache-control: no-cache
content-length: 458292

11:14:36.847 [AsyncHttpClient-1-2] DEBUG org.asynchttpclient.netty.channel.ChannelManager - Adding key: http://localhost:55442 for channel [id: 0x25914afc, L:/127.0.0.1:52530 - R:localhost/127.0.0.1:55442]
11:14:36.860 [Forwarding findElement on session 62cbf3bca7140f0f3d88bfc52c1e871d to remote] DEBUG org.asynchttpclient.netty.request.NettyRequestSender - Using pooled Channel '[id: 0x25914afc, L:/127.0.0.1:52530 - R:localhost/127.0.0.1:55442]' for 'POST' to 'http://localhost:55442/session/62cbf3bca7140f0f3d88bfc52c1e871d/element'
11:14:36.860 [Forwarding findElement on session 62cbf3bca7140f0f3d88bfc52c1e871d to remote] DEBUG org.asynchttpclient.netty.request.NettyRequestSender - Using open Channel [id: 0x25914afc, L:/127.0.0.1:52530 - R:localhost/127.0.0.1:55442] for POST '/session/62cbf3bca7140f0f3d88bfc52c1e871d/element'
11:14:36.871 [AsyncHttpClient-1-2] DEBUG org.asynchttpclient.netty.handler.HttpHandler - 

Request DefaultHttpRequest(decodeResult: success, version: HTTP/1.1)
POST /session/62cbf3bca7140f0f3d88bfc52c1e871d/element HTTP/1.1
User-Agent: selenium/4.4.0 (java windows)
Content-Length: 64
Content-Type: application/json; charset=utf-8
host: localhost:55442
accept: */*

Response DefaultHttpResponse(decodeResult: success, version: HTTP/1.1)
HTTP/1.1 200 OK
Content-Type: application/json; charset=utf-8
cache-control: no-cache
content-length: 96

11:14:36.871 [AsyncHttpClient-1-2] DEBUG org.asynchttpclient.netty.channel.ChannelManager - Adding key: http://localhost:55442 for channel [id: 0x25914afc, L:/127.0.0.1:52530 - R:localhost/127.0.0.1:55442]
11:14:36.873 [Forwarding isElementDisplayed on session 62cbf3bca7140f0f3d88bfc52c1e871d to remote] DEBUG org.asynchttpclient.netty.request.NettyRequestSender - Using pooled Channel '[id: 0x25914afc, L:/127.0.0.1:52530 - R:localhost/127.0.0.1:55442]' for 'POST' to 'http://localhost:55442/session/62cbf3bca7140f0f3d88bfc52c1e871d/execute/sync'
11:14:36.873 [Forwarding isElementDisplayed on session 62cbf3bca7140f0f3d88bfc52c1e871d to remote] DEBUG org.asynchttpclient.netty.request.NettyRequestSender - Using open Channel [id: 0x25914afc, L:/127.0.0.1:52530 - R:localhost/127.0.0.1:55442] for POST '/session/62cbf3bca7140f0f3d88bfc52c1e871d/execute/sync'
11:14:36.880 [AsyncHttpClient-1-2] DEBUG org.asynchttpclient.netty.handler.HttpHandler - 

Request DefaultHttpRequest(decodeResult: success, version: HTTP/1.1)
POST /session/62cbf3bca7140f0f3d88bfc52c1e871d/execute/sync HTTP/1.1
User-Agent: selenium/4.4.0 (java windows)
Content-Length: 48788
Content-Type: application/json; charset=utf-8
host: localhost:55442
accept: */*

Response DefaultHttpResponse(decodeResult: success, version: HTTP/1.1)
HTTP/1.1 200 OK
Content-Type: application/json; charset=utf-8
cache-control: no-cache
content-length: 14

11:14:36.880 [AsyncHttpClient-1-2] DEBUG org.asynchttpclient.netty.channel.ChannelManager - Adding key: http://localhost:55442 for channel [id: 0x25914afc, L:/127.0.0.1:52530 - R:localhost/127.0.0.1:55442]
11:14:36.883 [Forwarding isElementDisplayed on session 62cbf3bca7140f0f3d88bfc52c1e871d to remote] DEBUG org.asynchttpclient.netty.request.NettyRequestSender - Using pooled Channel '[id: 0x25914afc, L:/127.0.0.1:52530 - R:localhost/127.0.0.1:55442]' for 'POST' to 'http://localhost:55442/session/62cbf3bca7140f0f3d88bfc52c1e871d/execute/sync'
11:14:36.883 [Forwarding isElementDisplayed on session 62cbf3bca7140f0f3d88bfc52c1e871d to remote] DEBUG org.asynchttpclient.netty.request.NettyRequestSender - Using open Channel [id: 0x25914afc, L:/127.0.0.1:52530 - R:localhost/127.0.0.1:55442] for POST '/session/62cbf3bca7140f0f3d88bfc52c1e871d/execute/sync'
11:14:36.890 [AsyncHttpClient-1-2] DEBUG org.asynchttpclient.netty.handler.HttpHandler - 

Request DefaultHttpRequest(decodeResult: success, version: HTTP/1.1)
POST /session/62cbf3bca7140f0f3d88bfc52c1e871d/execute/sync HTTP/1.1
User-Agent: selenium/4.4.0 (java windows)
Content-Length: 48788
Content-Type: application/json; charset=utf-8
host: localhost:55442
accept: */*

Response DefaultHttpResponse(decodeResult: success, version: HTTP/1.1)
HTTP/1.1 200 OK
Content-Type: application/json; charset=utf-8
cache-control: no-cache
content-length: 14

11:14:36.890 [AsyncHttpClient-1-2] DEBUG org.asynchttpclient.netty.channel.ChannelManager - Adding key: http://localhost:55442 for channel [id: 0x25914afc, L:/127.0.0.1:52530 - R:localhost/127.0.0.1:55442]
11:14:36.891 [Forwarding findElement on session 62cbf3bca7140f0f3d88bfc52c1e871d to remote] DEBUG org.asynchttpclient.netty.request.NettyRequestSender - Using pooled Channel '[id: 0x25914afc, L:/127.0.0.1:52530 - R:localhost/127.0.0.1:55442]' for 'POST' to 'http://localhost:55442/session/62cbf3bca7140f0f3d88bfc52c1e871d/element'
11:14:36.891 [Forwarding findElement on session 62cbf3bca7140f0f3d88bfc52c1e871d to remote] DEBUG org.asynchttpclient.netty.request.NettyRequestSender - Using open Channel [id: 0x25914afc, L:/127.0.0.1:52530 - R:localhost/127.0.0.1:55442] for POST '/session/62cbf3bca7140f0f3d88bfc52c1e871d/element'
11:14:36.896 [AsyncHttpClient-1-2] DEBUG org.asynchttpclient.netty.handler.HttpHandler - 

Request DefaultHttpRequest(decodeResult: success, version: HTTP/1.1)
POST /session/62cbf3bca7140f0f3d88bfc52c1e871d/element HTTP/1.1
User-Agent: selenium/4.4.0 (java windows)
Content-Length: 64
Content-Type: application/json; charset=utf-8
host: localhost:55442
accept: */*

Response DefaultHttpResponse(decodeResult: success, version: HTTP/1.1)
HTTP/1.1 200 OK
Content-Type: application/json; charset=utf-8
cache-control: no-cache
content-length: 96

11:14:36.897 [AsyncHttpClient-1-2] DEBUG org.asynchttpclient.netty.channel.ChannelManager - Adding key: http://localhost:55442 for channel [id: 0x25914afc, L:/127.0.0.1:52530 - R:localhost/127.0.0.1:55442]
11:14:36.899 [Forwarding isElementDisplayed on session 62cbf3bca7140f0f3d88bfc52c1e871d to remote] DEBUG org.asynchttpclient.netty.request.NettyRequestSender - Using pooled Channel '[id: 0x25914afc, L:/127.0.0.1:52530 - R:localhost/127.0.0.1:55442]' for 'POST' to 'http://localhost:55442/session/62cbf3bca7140f0f3d88bfc52c1e871d/execute/sync'
11:14:36.899 [Forwarding isElementDisplayed on session 62cbf3bca7140f0f3d88bfc52c1e871d to remote] DEBUG org.asynchttpclient.netty.request.NettyRequestSender - Using open Channel [id: 0x25914afc, L:/127.0.0.1:52530 - R:localhost/127.0.0.1:55442] for POST '/session/62cbf3bca7140f0f3d88bfc52c1e871d/execute/sync'
11:14:36.904 [AsyncHttpClient-1-2] DEBUG org.asynchttpclient.netty.handler.HttpHandler - 

Request DefaultHttpRequest(decodeResult: success, version: HTTP/1.1)
POST /session/62cbf3bca7140f0f3d88bfc52c1e871d/execute/sync HTTP/1.1
User-Agent: selenium/4.4.0 (java windows)
Content-Length: 48788
Content-Type: application/json; charset=utf-8
host: localhost:55442
accept: */*

Response DefaultHttpResponse(decodeResult: success, version: HTTP/1.1)
HTTP/1.1 200 OK
Content-Type: application/json; charset=utf-8
cache-control: no-cache
content-length: 14

11:14:36.904 [AsyncHttpClient-1-2] DEBUG org.asynchttpclient.netty.channel.ChannelManager - Adding key: http://localhost:55442 for channel [id: 0x25914afc, L:/127.0.0.1:52530 - R:localhost/127.0.0.1:55442]
11:14:36.905 [Forwarding isElementEnabled on session 62cbf3bca7140f0f3d88bfc52c1e871d to remote] DEBUG org.asynchttpclient.netty.request.NettyRequestSender - Using pooled Channel '[id: 0x25914afc, L:/127.0.0.1:52530 - R:localhost/127.0.0.1:55442]' for 'GET' to 'http://localhost:55442/session/62cbf3bca7140f0f3d88bfc52c1e871d/element/F520743FE1920526115CF12017B22B32_element_126/enabled'
11:14:36.905 [Forwarding isElementEnabled on session 62cbf3bca7140f0f3d88bfc52c1e871d to remote] DEBUG org.asynchttpclient.netty.request.NettyRequestSender - Using open Channel [id: 0x25914afc, L:/127.0.0.1:52530 - R:localhost/127.0.0.1:55442] for GET '/session/62cbf3bca7140f0f3d88bfc52c1e871d/element/F520743FE1920526115CF12017B22B32_element_126/enabled'
11:14:36.909 [AsyncHttpClient-1-2] DEBUG org.asynchttpclient.netty.handler.HttpHandler - 

Request DefaultFullHttpRequest(decodeResult: success, version: HTTP/1.1, content: EmptyByteBufBE)
GET /session/62cbf3bca7140f0f3d88bfc52c1e871d/element/F520743FE1920526115CF12017B22B32_element_126/enabled HTTP/1.1
User-Agent: selenium/4.4.0 (java windows)
Cache-Control: no-cache
Content-Type: application/json; charset=utf-8
host: localhost:55442
accept: */*

Response DefaultHttpResponse(decodeResult: success, version: HTTP/1.1)
HTTP/1.1 200 OK
Content-Type: application/json; charset=utf-8
cache-control: no-cache
content-length: 14

11:14:36.909 [AsyncHttpClient-1-2] DEBUG org.asynchttpclient.netty.channel.ChannelManager - Adding key: http://localhost:55442 for channel [id: 0x25914afc, L:/127.0.0.1:52530 - R:localhost/127.0.0.1:55442]
11:14:36.910 [Forwarding findElement on session 62cbf3bca7140f0f3d88bfc52c1e871d to remote] DEBUG org.asynchttpclient.netty.request.NettyRequestSender - Using pooled Channel '[id: 0x25914afc, L:/127.0.0.1:52530 - R:localhost/127.0.0.1:55442]' for 'POST' to 'http://localhost:55442/session/62cbf3bca7140f0f3d88bfc52c1e871d/element'
11:14:36.911 [Forwarding findElement on session 62cbf3bca7140f0f3d88bfc52c1e871d to remote] DEBUG org.asynchttpclient.netty.request.NettyRequestSender - Using open Channel [id: 0x25914afc, L:/127.0.0.1:52530 - R:localhost/127.0.0.1:55442] for POST '/session/62cbf3bca7140f0f3d88bfc52c1e871d/element'
11:14:36.916 [AsyncHttpClient-1-2] DEBUG org.asynchttpclient.netty.handler.HttpHandler - 

Request DefaultHttpRequest(decodeResult: success, version: HTTP/1.1)
POST /session/62cbf3bca7140f0f3d88bfc52c1e871d/element HTTP/1.1
User-Agent: selenium/4.4.0 (java windows)
Content-Length: 64
Content-Type: application/json; charset=utf-8
host: localhost:55442
accept: */*

Response DefaultHttpResponse(decodeResult: success, version: HTTP/1.1)
HTTP/1.1 200 OK
Content-Type: application/json; charset=utf-8
cache-control: no-cache
content-length: 96

11:14:36.916 [AsyncHttpClient-1-2] DEBUG org.asynchttpclient.netty.channel.ChannelManager - Adding key: http://localhost:55442 for channel [id: 0x25914afc, L:/127.0.0.1:52530 - R:localhost/127.0.0.1:55442]
11:14:36.918 [Forwarding isElementDisplayed on session 62cbf3bca7140f0f3d88bfc52c1e871d to remote] DEBUG org.asynchttpclient.netty.request.NettyRequestSender - Using pooled Channel '[id: 0x25914afc, L:/127.0.0.1:52530 - R:localhost/127.0.0.1:55442]' for 'POST' to 'http://localhost:55442/session/62cbf3bca7140f0f3d88bfc52c1e871d/execute/sync'
11:14:36.918 [Forwarding isElementDisplayed on session 62cbf3bca7140f0f3d88bfc52c1e871d to remote] DEBUG org.asynchttpclient.netty.request.NettyRequestSender - Using open Channel [id: 0x25914afc, L:/127.0.0.1:52530 - R:localhost/127.0.0.1:55442] for POST '/session/62cbf3bca7140f0f3d88bfc52c1e871d/execute/sync'
11:14:36.924 [AsyncHttpClient-1-2] DEBUG org.asynchttpclient.netty.handler.HttpHandler - 

Request DefaultHttpRequest(decodeResult: success, version: HTTP/1.1)
POST /session/62cbf3bca7140f0f3d88bfc52c1e871d/execute/sync HTTP/1.1
User-Agent: selenium/4.4.0 (java windows)
Content-Length: 48788
Content-Type: application/json; charset=utf-8
host: localhost:55442
accept: */*

Response DefaultHttpResponse(decodeResult: success, version: HTTP/1.1)
HTTP/1.1 200 OK
Content-Type: application/json; charset=utf-8
cache-control: no-cache
content-length: 14

11:14:36.924 [AsyncHttpClient-1-2] DEBUG org.asynchttpclient.netty.channel.ChannelManager - Adding key: http://localhost:55442 for channel [id: 0x25914afc, L:/127.0.0.1:52530 - R:localhost/127.0.0.1:55442]
11:14:36.925 [Forwarding clickElement on session 62cbf3bca7140f0f3d88bfc52c1e871d to remote] DEBUG org.asynchttpclient.netty.request.NettyRequestSender - Using pooled Channel '[id: 0x25914afc, L:/127.0.0.1:52530 - R:localhost/127.0.0.1:55442]' for 'POST' to 'http://localhost:55442/session/62cbf3bca7140f0f3d88bfc52c1e871d/element/F520743FE1920526115CF12017B22B32_element_126/click'
11:14:36.925 [Forwarding clickElement on session 62cbf3bca7140f0f3d88bfc52c1e871d to remote] DEBUG org.asynchttpclient.netty.request.NettyRequestSender - Using open Channel [id: 0x25914afc, L:/127.0.0.1:52530 - R:localhost/127.0.0.1:55442] for POST '/session/62cbf3bca7140f0f3d88bfc52c1e871d/element/F520743FE1920526115CF12017B22B32_element_126/click'
11:14:37.437 [AsyncHttpClient-1-2] DEBUG org.asynchttpclient.netty.handler.HttpHandler - 

Request DefaultHttpRequest(decodeResult: success, version: HTTP/1.1)
POST /session/62cbf3bca7140f0f3d88bfc52c1e871d/element/F520743FE1920526115CF12017B22B32_element_126/click HTTP/1.1
User-Agent: selenium/4.4.0 (java windows)
Content-Length: 58
Content-Type: application/json; charset=utf-8
host: localhost:55442
accept: */*

Response DefaultHttpResponse(decodeResult: success, version: HTTP/1.1)
HTTP/1.1 200 OK
Content-Type: application/json; charset=utf-8
cache-control: no-cache
content-length: 14

11:14:37.437 [AsyncHttpClient-1-2] DEBUG org.asynchttpclient.netty.channel.ChannelManager - Adding key: http://localhost:55442 for channel [id: 0x25914afc, L:/127.0.0.1:52530 - R:localhost/127.0.0.1:55442]
11:14:37.443 [Forwarding getCurrentWindowHandle on session 62cbf3bca7140f0f3d88bfc52c1e871d to remote] DEBUG org.asynchttpclient.netty.request.NettyRequestSender - Using pooled Channel '[id: 0x25914afc, L:/127.0.0.1:52530 - R:localhost/127.0.0.1:55442]' for 'GET' to 'http://localhost:55442/session/62cbf3bca7140f0f3d88bfc52c1e871d/window'
11:14:37.443 [Forwarding getCurrentWindowHandle on session 62cbf3bca7140f0f3d88bfc52c1e871d to remote] DEBUG org.asynchttpclient.netty.request.NettyRequestSender - Using open Channel [id: 0x25914afc, L:/127.0.0.1:52530 - R:localhost/127.0.0.1:55442] for GET '/session/62cbf3bca7140f0f3d88bfc52c1e871d/window'
11:14:37.444 [AsyncHttpClient-1-2] DEBUG org.asynchttpclient.netty.handler.HttpHandler - 

Request DefaultFullHttpRequest(decodeResult: success, version: HTTP/1.1, content: EmptyByteBufBE)
GET /session/62cbf3bca7140f0f3d88bfc52c1e871d/window HTTP/1.1
User-Agent: selenium/4.4.0 (java windows)
Cache-Control: no-cache
Content-Type: application/json; charset=utf-8
host: localhost:55442
accept: */*

Response DefaultHttpResponse(decodeResult: success, version: HTTP/1.1)
HTTP/1.1 200 OK
Content-Type: application/json; charset=utf-8
cache-control: no-cache
content-length: 44

11:14:37.444 [AsyncHttpClient-1-2] DEBUG org.asynchttpclient.netty.channel.ChannelManager - Adding key: http://localhost:55442 for channel [id: 0x25914afc, L:/127.0.0.1:52530 - R:localhost/127.0.0.1:55442]
11:14:37.445 [Forwarding getAlertText on session 62cbf3bca7140f0f3d88bfc52c1e871d to remote] DEBUG org.asynchttpclient.netty.request.NettyRequestSender - Using pooled Channel '[id: 0x25914afc, L:/127.0.0.1:52530 - R:localhost/127.0.0.1:55442]' for 'GET' to 'http://localhost:55442/session/62cbf3bca7140f0f3d88bfc52c1e871d/alert/text'
11:14:37.445 [Forwarding getAlertText on session 62cbf3bca7140f0f3d88bfc52c1e871d to remote] DEBUG org.asynchttpclient.netty.request.NettyRequestSender - Using open Channel [id: 0x25914afc, L:/127.0.0.1:52530 - R:localhost/127.0.0.1:55442] for GET '/session/62cbf3bca7140f0f3d88bfc52c1e871d/alert/text'
11:14:37.454 [AsyncHttpClient-1-2] DEBUG org.asynchttpclient.netty.handler.HttpHandler - 

Request DefaultFullHttpRequest(decodeResult: success, version: HTTP/1.1, content: EmptyByteBufBE)
GET /session/62cbf3bca7140f0f3d88bfc52c1e871d/alert/text HTTP/1.1
User-Agent: selenium/4.4.0 (java windows)
Cache-Control: no-cache
Content-Type: application/json; charset=utf-8
host: localhost:55442
accept: */*

Response DefaultHttpResponse(decodeResult: success, version: HTTP/1.1)
HTTP/1.1 404 Not Found
Content-Type: application/json; charset=utf-8
cache-control: no-cache
content-length: 848

11:14:37.455 [AsyncHttpClient-1-2] DEBUG org.asynchttpclient.netty.channel.ChannelManager - Adding key: http://localhost:55442 for channel [id: 0x25914afc, L:/127.0.0.1:52530 - R:localhost/127.0.0.1:55442]
11:14:37.457 [Forwarding switchToWindow on session 62cbf3bca7140f0f3d88bfc52c1e871d to remote] DEBUG org.asynchttpclient.netty.request.NettyRequestSender - Using pooled Channel '[id: 0x25914afc, L:/127.0.0.1:52530 - R:localhost/127.0.0.1:55442]' for 'POST' to 'http://localhost:55442/session/62cbf3bca7140f0f3d88bfc52c1e871d/window'
11:14:37.457 [Forwarding switchToWindow on session 62cbf3bca7140f0f3d88bfc52c1e871d to remote] DEBUG org.asynchttpclient.netty.request.NettyRequestSender - Using open Channel [id: 0x25914afc, L:/127.0.0.1:52530 - R:localhost/127.0.0.1:55442] for POST '/session/62cbf3bca7140f0f3d88bfc52c1e871d/window'
11:14:37.460 [AsyncHttpClient-1-2] DEBUG org.asynchttpclient.netty.handler.HttpHandler - 

Request DefaultHttpRequest(decodeResult: success, version: HTTP/1.1)
POST /session/62cbf3bca7140f0f3d88bfc52c1e871d/window HTTP/1.1
User-Agent: selenium/4.4.0 (java windows)
Content-Length: 50
Content-Type: application/json; charset=utf-8
host: localhost:55442
accept: */*

Response DefaultHttpResponse(decodeResult: success, version: HTTP/1.1)
HTTP/1.1 200 OK
Content-Type: application/json; charset=utf-8
cache-control: no-cache
content-length: 14

11:14:37.460 [AsyncHttpClient-1-2] DEBUG org.asynchttpclient.netty.channel.ChannelManager - Adding key: http://localhost:55442 for channel [id: 0x25914afc, L:/127.0.0.1:52530 - R:localhost/127.0.0.1:55442]
11:14:37.461 [Forwarding getCurrentUrl on session 62cbf3bca7140f0f3d88bfc52c1e871d to remote] DEBUG org.asynchttpclient.netty.request.NettyRequestSender - Using pooled Channel '[id: 0x25914afc, L:/127.0.0.1:52530 - R:localhost/127.0.0.1:55442]' for 'GET' to 'http://localhost:55442/session/62cbf3bca7140f0f3d88bfc52c1e871d/url'
11:14:37.461 [Forwarding getCurrentUrl on session 62cbf3bca7140f0f3d88bfc52c1e871d to remote] DEBUG org.asynchttpclient.netty.request.NettyRequestSender - Using open Channel [id: 0x25914afc, L:/127.0.0.1:52530 - R:localhost/127.0.0.1:55442] for GET '/session/62cbf3bca7140f0f3d88bfc52c1e871d/url'
11:14:37.477 [AsyncHttpClient-1-2] DEBUG org.asynchttpclient.netty.handler.HttpHandler - 

Request DefaultFullHttpRequest(decodeResult: success, version: HTTP/1.1, content: EmptyByteBufBE)
GET /session/62cbf3bca7140f0f3d88bfc52c1e871d/url HTTP/1.1
User-Agent: selenium/4.4.0 (java windows)
Cache-Control: no-cache
Content-Type: application/json; charset=utf-8
host: localhost:55442
accept: */*

Response DefaultHttpResponse(decodeResult: success, version: HTTP/1.1)
HTTP/1.1 200 OK
Content-Type: application/json; charset=utf-8
cache-control: no-cache
content-length: 47

11:14:37.477 [AsyncHttpClient-1-2] DEBUG org.asynchttpclient.netty.channel.ChannelManager - Adding key: http://localhost:55442 for channel [id: 0x25914afc, L:/127.0.0.1:52530 - R:localhost/127.0.0.1:55442]
11:14:37.477 [Forwarding screenshot on session 62cbf3bca7140f0f3d88bfc52c1e871d to remote] DEBUG org.asynchttpclient.netty.request.NettyRequestSender - Using pooled Channel '[id: 0x25914afc, L:/127.0.0.1:52530 - R:localhost/127.0.0.1:55442]' for 'GET' to 'http://localhost:55442/session/62cbf3bca7140f0f3d88bfc52c1e871d/screenshot'
11:14:37.477 [Forwarding screenshot on session 62cbf3bca7140f0f3d88bfc52c1e871d to remote] DEBUG org.asynchttpclient.netty.request.NettyRequestSender - Using open Channel [id: 0x25914afc, L:/127.0.0.1:52530 - R:localhost/127.0.0.1:55442] for GET '/session/62cbf3bca7140f0f3d88bfc52c1e871d/screenshot'
11:14:37.648 [AsyncHttpClient-1-1] DEBUG org.asynchttpclient.netty.channel.DefaultChannelPool - Entry count for : http://localhost:52531 : 1
11:14:37.654 [AsyncHttpClient-1-2] DEBUG org.asynchttpclient.netty.handler.HttpHandler - 

Request DefaultFullHttpRequest(decodeResult: success, version: HTTP/1.1, content: EmptyByteBufBE)
GET /session/62cbf3bca7140f0f3d88bfc52c1e871d/screenshot HTTP/1.1
User-Agent: selenium/4.4.0 (java windows)
Cache-Control: no-cache
Content-Type: application/json; charset=utf-8
host: localhost:55442
accept: */*

Response DefaultHttpResponse(decodeResult: success, version: HTTP/1.1)
HTTP/1.1 200 OK
Content-Type: application/json; charset=utf-8
cache-control: no-cache
content-length: 307104

11:14:37.655 [AsyncHttpClient-1-2] DEBUG org.asynchttpclient.netty.channel.ChannelManager - Adding key: http://localhost:55442 for channel [id: 0x25914afc, L:/127.0.0.1:52530 - R:localhost/127.0.0.1:55442]
11:14:37.659 [main] DEBUG net.serenitybdd.core.photography.Darkroom - Send negative for processing for target\site\serenity\8365f24e90d55b462e9fc1f3fb5e5dec7033eca0e769be332ddd588bd92f12e5.png
11:14:37.660 [main] DEBUG net.thucydides.core.steps.StepInterceptor - STEP DONE: Navega a la pestaña cesta
11:14:37.660 [Darkroom Processing Line] DEBUG net.serenitybdd.core.photography.DarkroomProcessingLine - Processing screenshot image in /var/screenshots/screenshot-10943034074939257501
11:14:37.660 [Darkroom Processing Line] DEBUG net.serenitybdd.core.photography.DarkroomProcessingLine - Saving screenshot to target\site\serenity\8365f24e90d55b462e9fc1f3fb5e5dec7033eca0e769be332ddd588bd92f12e5.png
  &amp#27;[32mWhen &amp#27;[0m&amp#27;[32mel usuario se dirige a la cesta de la compra&amp#27;[0m                                                           &amp#27;[90m# Step.ComprarDispositivosElectronicosStep.el_usuario_se_dirige_a_la_cesta_de_la_compra()&amp#27;[0m
11:14:37.670 [main] DEBUG net.thucydides.core.steps.StepInterceptor - STARTING STEP: ComprarDispositivosElectronicosStep.el_usuario_verifica_que_el_dispositivo_con_el_se_ha_añadido_y_que_los_datos_son_correctos - Comprueba que el dispositivo añadido este en la cesta
11:14:37.673 [Forwarding findElement on session 62cbf3bca7140f0f3d88bfc52c1e871d to remote] DEBUG org.asynchttpclient.netty.request.NettyRequestSender - Using pooled Channel '[id: 0x25914afc, L:/127.0.0.1:52530 - R:localhost/127.0.0.1:55442]' for 'POST' to 'http://localhost:55442/session/62cbf3bca7140f0f3d88bfc52c1e871d/element'
11:14:37.673 [Forwarding findElement on session 62cbf3bca7140f0f3d88bfc52c1e871d to remote] DEBUG org.asynchttpclient.netty.request.NettyRequestSender - Using open Channel [id: 0x25914afc, L:/127.0.0.1:52530 - R:localhost/127.0.0.1:55442] for POST '/session/62cbf3bca7140f0f3d88bfc52c1e871d/element'
11:14:37.683 [AsyncHttpClient-1-2] DEBUG org.asynchttpclient.netty.handler.HttpHandler - 

Request DefaultHttpRequest(decodeResult: success, version: HTTP/1.1)
POST /session/62cbf3bca7140f0f3d88bfc52c1e871d/element HTTP/1.1
User-Agent: selenium/4.4.0 (java windows)
Content-Length: 54
Content-Type: application/json; charset=utf-8
host: localhost:55442
accept: */*

Response DefaultHttpResponse(decodeResult: success, version: HTTP/1.1)
HTTP/1.1 200 OK
Content-Type: application/json; charset=utf-8
cache-control: no-cache
content-length: 96

11:14:37.683 [AsyncHttpClient-1-2] DEBUG org.asynchttpclient.netty.channel.ChannelManager - Adding key: http://localhost:55442 for channel [id: 0x25914afc, L:/127.0.0.1:52530 - R:localhost/127.0.0.1:55442]
11:14:37.685 [Forwarding isElementDisplayed on session 62cbf3bca7140f0f3d88bfc52c1e871d to remote] DEBUG org.asynchttpclient.netty.request.NettyRequestSender - Using pooled Channel '[id: 0x25914afc, L:/127.0.0.1:52530 - R:localhost/127.0.0.1:55442]' for 'POST' to 'http://localhost:55442/session/62cbf3bca7140f0f3d88bfc52c1e871d/execute/sync'
11:14:37.686 [Forwarding isElementDisplayed on session 62cbf3bca7140f0f3d88bfc52c1e871d to remote] DEBUG org.asynchttpclient.netty.request.NettyRequestSender - Using open Channel [id: 0x25914afc, L:/127.0.0.1:52530 - R:localhost/127.0.0.1:55442] for POST '/session/62cbf3bca7140f0f3d88bfc52c1e871d/execute/sync'
11:14:37.693 [AsyncHttpClient-1-2] DEBUG org.asynchttpclient.netty.handler.HttpHandler - 

Request DefaultHttpRequest(decodeResult: success, version: HTTP/1.1)
POST /session/62cbf3bca7140f0f3d88bfc52c1e871d/execute/sync HTTP/1.1
User-Agent: selenium/4.4.0 (java windows)
Content-Length: 48788
Content-Type: application/json; charset=utf-8
host: localhost:55442
accept: */*

Response DefaultHttpResponse(decodeResult: success, version: HTTP/1.1)
HTTP/1.1 200 OK
Content-Type: application/json; charset=utf-8
cache-control: no-cache
content-length: 14

11:14:37.693 [AsyncHttpClient-1-2] DEBUG org.asynchttpclient.netty.channel.ChannelManager - Adding key: http://localhost:55442 for channel [id: 0x25914afc, L:/127.0.0.1:52530 - R:localhost/127.0.0.1:55442]
11:14:37.695 [Forwarding isElementDisplayed on session 62cbf3bca7140f0f3d88bfc52c1e871d to remote] DEBUG org.asynchttpclient.netty.request.NettyRequestSender - Using pooled Channel '[id: 0x25914afc, L:/127.0.0.1:52530 - R:localhost/127.0.0.1:55442]' for 'POST' to 'http://localhost:55442/session/62cbf3bca7140f0f3d88bfc52c1e871d/execute/sync'
11:14:37.695 [Forwarding isElementDisplayed on session 62cbf3bca7140f0f3d88bfc52c1e871d to remote] DEBUG org.asynchttpclient.netty.request.NettyRequestSender - Using open Channel [id: 0x25914afc, L:/127.0.0.1:52530 - R:localhost/127.0.0.1:55442] for POST '/session/62cbf3bca7140f0f3d88bfc52c1e871d/execute/sync'
11:14:37.702 [AsyncHttpClient-1-2] DEBUG org.asynchttpclient.netty.handler.HttpHandler - 

Request DefaultHttpRequest(decodeResult: success, version: HTTP/1.1)
POST /session/62cbf3bca7140f0f3d88bfc52c1e871d/execute/sync HTTP/1.1
User-Agent: selenium/4.4.0 (java windows)
Content-Length: 48788
Content-Type: application/json; charset=utf-8
host: localhost:55442
accept: */*

Response DefaultHttpResponse(decodeResult: success, version: HTTP/1.1)
HTTP/1.1 200 OK
Content-Type: application/json; charset=utf-8
cache-control: no-cache
content-length: 14

11:14:37.702 [AsyncHttpClient-1-2] DEBUG org.asynchttpclient.netty.channel.ChannelManager - Adding key: http://localhost:55442 for channel [id: 0x25914afc, L:/127.0.0.1:52530 - R:localhost/127.0.0.1:55442]
11:14:37.704 [Forwarding findElement on session 62cbf3bca7140f0f3d88bfc52c1e871d to remote] DEBUG org.asynchttpclient.netty.request.NettyRequestSender - Using pooled Channel '[id: 0x25914afc, L:/127.0.0.1:52530 - R:localhost/127.0.0.1:55442]' for 'POST' to 'http://localhost:55442/session/62cbf3bca7140f0f3d88bfc52c1e871d/element'
11:14:37.704 [Forwarding findElement on session 62cbf3bca7140f0f3d88bfc52c1e871d to remote] DEBUG org.asynchttpclient.netty.request.NettyRequestSender - Using open Channel [id: 0x25914afc, L:/127.0.0.1:52530 - R:localhost/127.0.0.1:55442] for POST '/session/62cbf3bca7140f0f3d88bfc52c1e871d/element'
11:14:37.709 [AsyncHttpClient-1-2] DEBUG org.asynchttpclient.netty.handler.HttpHandler - 

Request DefaultHttpRequest(decodeResult: success, version: HTTP/1.1)
POST /session/62cbf3bca7140f0f3d88bfc52c1e871d/element HTTP/1.1
User-Agent: selenium/4.4.0 (java windows)
Content-Length: 54
Content-Type: application/json; charset=utf-8
host: localhost:55442
accept: */*

Response DefaultHttpResponse(decodeResult: success, version: HTTP/1.1)
HTTP/1.1 200 OK
Content-Type: application/json; charset=utf-8
cache-control: no-cache
content-length: 96

11:14:37.710 [AsyncHttpClient-1-2] DEBUG org.asynchttpclient.netty.channel.ChannelManager - Adding key: http://localhost:55442 for channel [id: 0x25914afc, L:/127.0.0.1:52530 - R:localhost/127.0.0.1:55442]
11:14:37.713 [Forwarding isElementDisplayed on session 62cbf3bca7140f0f3d88bfc52c1e871d to remote] DEBUG org.asynchttpclient.netty.request.NettyRequestSender - Using pooled Channel '[id: 0x25914afc, L:/127.0.0.1:52530 - R:localhost/127.0.0.1:55442]' for 'POST' to 'http://localhost:55442/session/62cbf3bca7140f0f3d88bfc52c1e871d/execute/sync'
11:14:37.713 [Forwarding isElementDisplayed on session 62cbf3bca7140f0f3d88bfc52c1e871d to remote] DEBUG org.asynchttpclient.netty.request.NettyRequestSender - Using open Channel [id: 0x25914afc, L:/127.0.0.1:52530 - R:localhost/127.0.0.1:55442] for POST '/session/62cbf3bca7140f0f3d88bfc52c1e871d/execute/sync'
11:14:37.721 [AsyncHttpClient-1-2] DEBUG org.asynchttpclient.netty.handler.HttpHandler - 

Request DefaultHttpRequest(decodeResult: success, version: HTTP/1.1)
POST /session/62cbf3bca7140f0f3d88bfc52c1e871d/execute/sync HTTP/1.1
User-Agent: selenium/4.4.0 (java windows)
Content-Length: 48788
Content-Type: application/json; charset=utf-8
host: localhost:55442
accept: */*

Response DefaultHttpResponse(decodeResult: success, version: HTTP/1.1)
HTTP/1.1 200 OK
Content-Type: application/json; charset=utf-8
cache-control: no-cache
content-length: 14

11:14:37.721 [AsyncHttpClient-1-2] DEBUG org.asynchttpclient.netty.channel.ChannelManager - Adding key: http://localhost:55442 for channel [id: 0x25914afc, L:/127.0.0.1:52530 - R:localhost/127.0.0.1:55442]
11:14:37.722 [Forwarding isElementEnabled on session 62cbf3bca7140f0f3d88bfc52c1e871d to remote] DEBUG org.asynchttpclient.netty.request.NettyRequestSender - Using pooled Channel '[id: 0x25914afc, L:/127.0.0.1:52530 - R:localhost/127.0.0.1:55442]' for 'GET' to 'http://localhost:55442/session/62cbf3bca7140f0f3d88bfc52c1e871d/element/76313967C7444AE568C0EC4C45F3738D_element_139/enabled'
11:14:37.722 [Forwarding isElementEnabled on session 62cbf3bca7140f0f3d88bfc52c1e871d to remote] DEBUG org.asynchttpclient.netty.request.NettyRequestSender - Using open Channel [id: 0x25914afc, L:/127.0.0.1:52530 - R:localhost/127.0.0.1:55442] for GET '/session/62cbf3bca7140f0f3d88bfc52c1e871d/element/76313967C7444AE568C0EC4C45F3738D_element_139/enabled'
11:14:37.728 [AsyncHttpClient-1-2] DEBUG org.asynchttpclient.netty.handler.HttpHandler - 

Request DefaultFullHttpRequest(decodeResult: success, version: HTTP/1.1, content: EmptyByteBufBE)
GET /session/62cbf3bca7140f0f3d88bfc52c1e871d/element/76313967C7444AE568C0EC4C45F3738D_element_139/enabled HTTP/1.1
User-Agent: selenium/4.4.0 (java windows)
Cache-Control: no-cache
Content-Type: application/json; charset=utf-8
host: localhost:55442
accept: */*

Response DefaultHttpResponse(decodeResult: success, version: HTTP/1.1)
HTTP/1.1 200 OK
Content-Type: application/json; charset=utf-8
cache-control: no-cache
content-length: 14

11:14:37.728 [AsyncHttpClient-1-2] DEBUG org.asynchttpclient.netty.channel.ChannelManager - Adding key: http://localhost:55442 for channel [id: 0x25914afc, L:/127.0.0.1:52530 - R:localhost/127.0.0.1:55442]
11:14:38.739 [Forwarding screenshot on session 62cbf3bca7140f0f3d88bfc52c1e871d to remote] DEBUG org.asynchttpclient.netty.request.NettyRequestSender - Using pooled Channel '[id: 0x25914afc, L:/127.0.0.1:52530 - R:localhost/127.0.0.1:55442]' for 'GET' to 'http://localhost:55442/session/62cbf3bca7140f0f3d88bfc52c1e871d/screenshot'
11:14:38.739 [Forwarding screenshot on session 62cbf3bca7140f0f3d88bfc52c1e871d to remote] DEBUG org.asynchttpclient.netty.request.NettyRequestSender - Using open Channel [id: 0x25914afc, L:/127.0.0.1:52530 - R:localhost/127.0.0.1:55442] for GET '/session/62cbf3bca7140f0f3d88bfc52c1e871d/screenshot'
11:14:38.743 [AsyncHttpClient-1-1] DEBUG org.asynchttpclient.netty.channel.DefaultChannelPool - Entry count for : http://localhost:52531 : 1
11:14:38.892 [AsyncHttpClient-1-2] DEBUG org.asynchttpclient.netty.handler.HttpHandler - 

Request DefaultFullHttpRequest(decodeResult: success, version: HTTP/1.1, content: EmptyByteBufBE)
GET /session/62cbf3bca7140f0f3d88bfc52c1e871d/screenshot HTTP/1.1
User-Agent: selenium/4.4.0 (java windows)
Cache-Control: no-cache
Content-Type: application/json; charset=utf-8
host: localhost:55442
accept: */*

Response DefaultHttpResponse(decodeResult: success, version: HTTP/1.1)
HTTP/1.1 200 OK
Content-Type: application/json; charset=utf-8
cache-control: no-cache
content-length: 326128

11:14:38.892 [AsyncHttpClient-1-2] DEBUG org.asynchttpclient.netty.channel.ChannelManager - Adding key: http://localhost:55442 for channel [id: 0x25914afc, L:/127.0.0.1:52530 - R:localhost/127.0.0.1:55442]
11:14:38.907 [Forwarding findElement on session 62cbf3bca7140f0f3d88bfc52c1e871d to remote] DEBUG org.asynchttpclient.netty.request.NettyRequestSender - Using pooled Channel '[id: 0x25914afc, L:/127.0.0.1:52530 - R:localhost/127.0.0.1:55442]' for 'POST' to 'http://localhost:55442/session/62cbf3bca7140f0f3d88bfc52c1e871d/element'
11:14:38.907 [Forwarding findElement on session 62cbf3bca7140f0f3d88bfc52c1e871d to remote] DEBUG org.asynchttpclient.netty.request.NettyRequestSender - Using open Channel [id: 0x25914afc, L:/127.0.0.1:52530 - R:localhost/127.0.0.1:55442] for POST '/session/62cbf3bca7140f0f3d88bfc52c1e871d/element'
11:14:38.916 [AsyncHttpClient-1-2] DEBUG org.asynchttpclient.netty.handler.HttpHandler - 

Request DefaultHttpRequest(decodeResult: success, version: HTTP/1.1)
POST /session/62cbf3bca7140f0f3d88bfc52c1e871d/element HTTP/1.1
User-Agent: selenium/4.4.0 (java windows)
Content-Length: 54
Content-Type: application/json; charset=utf-8
host: localhost:55442
accept: */*

Response DefaultHttpResponse(decodeResult: success, version: HTTP/1.1)
HTTP/1.1 200 OK
Content-Type: application/json; charset=utf-8
cache-control: no-cache
content-length: 96

11:14:38.916 [AsyncHttpClient-1-2] DEBUG org.asynchttpclient.netty.channel.ChannelManager - Adding key: http://localhost:55442 for channel [id: 0x25914afc, L:/127.0.0.1:52530 - R:localhost/127.0.0.1:55442]
11:14:38.918 [Forwarding isElementDisplayed on session 62cbf3bca7140f0f3d88bfc52c1e871d to remote] DEBUG org.asynchttpclient.netty.request.NettyRequestSender - Using pooled Channel '[id: 0x25914afc, L:/127.0.0.1:52530 - R:localhost/127.0.0.1:55442]' for 'POST' to 'http://localhost:55442/session/62cbf3bca7140f0f3d88bfc52c1e871d/execute/sync'
11:14:38.918 [Forwarding isElementDisplayed on session 62cbf3bca7140f0f3d88bfc52c1e871d to remote] DEBUG org.asynchttpclient.netty.request.NettyRequestSender - Using open Channel [id: 0x25914afc, L:/127.0.0.1:52530 - R:localhost/127.0.0.1:55442] for POST '/session/62cbf3bca7140f0f3d88bfc52c1e871d/execute/sync'
11:14:38.926 [AsyncHttpClient-1-2] DEBUG org.asynchttpclient.netty.handler.HttpHandler - 

Request DefaultHttpRequest(decodeResult: success, version: HTTP/1.1)
POST /session/62cbf3bca7140f0f3d88bfc52c1e871d/execute/sync HTTP/1.1
User-Agent: selenium/4.4.0 (java windows)
Content-Length: 48788
Content-Type: application/json; charset=utf-8
host: localhost:55442
accept: */*

Response DefaultHttpResponse(decodeResult: success, version: HTTP/1.1)
HTTP/1.1 200 OK
Content-Type: application/json; charset=utf-8
cache-control: no-cache
content-length: 14

11:14:38.926 [AsyncHttpClient-1-2] DEBUG org.asynchttpclient.netty.channel.ChannelManager - Adding key: http://localhost:55442 for channel [id: 0x25914afc, L:/127.0.0.1:52530 - R:localhost/127.0.0.1:55442]
11:14:38.927 [Forwarding findChildElements on session 62cbf3bca7140f0f3d88bfc52c1e871d to remote] DEBUG org.asynchttpclient.netty.request.NettyRequestSender - Using pooled Channel '[id: 0x25914afc, L:/127.0.0.1:52530 - R:localhost/127.0.0.1:55442]' for 'POST' to 'http://localhost:55442/session/62cbf3bca7140f0f3d88bfc52c1e871d/element/76313967C7444AE568C0EC4C45F3738D_element_139/elements'
11:14:38.927 [Forwarding findChildElements on session 62cbf3bca7140f0f3d88bfc52c1e871d to remote] DEBUG org.asynchttpclient.netty.request.NettyRequestSender - Using open Channel [id: 0x25914afc, L:/127.0.0.1:52530 - R:localhost/127.0.0.1:55442] for POST '/session/62cbf3bca7140f0f3d88bfc52c1e871d/element/76313967C7444AE568C0EC4C45F3738D_element_139/elements'
11:14:38.935 [AsyncHttpClient-1-2] DEBUG org.asynchttpclient.netty.handler.HttpHandler - 

Request DefaultHttpRequest(decodeResult: success, version: HTTP/1.1)
POST /session/62cbf3bca7140f0f3d88bfc52c1e871d/element/76313967C7444AE568C0EC4C45F3738D_element_139/elements HTTP/1.1
User-Agent: selenium/4.4.0 (java windows)
Content-Length: 118
Content-Type: application/json; charset=utf-8
host: localhost:55442
accept: */*

Response DefaultHttpResponse(decodeResult: success, version: HTTP/1.1)
HTTP/1.1 200 OK
Content-Type: application/json; charset=utf-8
cache-control: no-cache
content-length: 98

11:14:38.935 [AsyncHttpClient-1-2] DEBUG org.asynchttpclient.netty.channel.ChannelManager - Adding key: http://localhost:55442 for channel [id: 0x25914afc, L:/127.0.0.1:52530 - R:localhost/127.0.0.1:55442]
11:14:38.936 [Forwarding getElementText on session 62cbf3bca7140f0f3d88bfc52c1e871d to remote] DEBUG org.asynchttpclient.netty.request.NettyRequestSender - Using pooled Channel '[id: 0x25914afc, L:/127.0.0.1:52530 - R:localhost/127.0.0.1:55442]' for 'GET' to 'http://localhost:55442/session/62cbf3bca7140f0f3d88bfc52c1e871d/element/76313967C7444AE568C0EC4C45F3738D_element_144/text'
11:14:38.936 [Forwarding getElementText on session 62cbf3bca7140f0f3d88bfc52c1e871d to remote] DEBUG org.asynchttpclient.netty.request.NettyRequestSender - Using open Channel [id: 0x25914afc, L:/127.0.0.1:52530 - R:localhost/127.0.0.1:55442] for GET '/session/62cbf3bca7140f0f3d88bfc52c1e871d/element/76313967C7444AE568C0EC4C45F3738D_element_144/text'
11:14:38.943 [AsyncHttpClient-1-2] DEBUG org.asynchttpclient.netty.handler.HttpHandler - 

Request DefaultFullHttpRequest(decodeResult: success, version: HTTP/1.1, content: EmptyByteBufBE)
GET /session/62cbf3bca7140f0f3d88bfc52c1e871d/element/76313967C7444AE568C0EC4C45F3738D_element_144/text HTTP/1.1
User-Agent: selenium/4.4.0 (java windows)
Cache-Control: no-cache
Content-Type: application/json; charset=utf-8
host: localhost:55442
accept: */*

Response DefaultHttpResponse(decodeResult: success, version: HTTP/1.1)
HTTP/1.1 200 OK
Content-Type: application/json; charset=utf-8
cache-control: no-cache
content-length: 24

11:14:38.943 [AsyncHttpClient-1-2] DEBUG org.asynchttpclient.netty.channel.ChannelManager - Adding key: http://localhost:55442 for channel [id: 0x25914afc, L:/127.0.0.1:52530 - R:localhost/127.0.0.1:55442]
11:14:38.946 [Forwarding getCurrentWindowHandle on session 62cbf3bca7140f0f3d88bfc52c1e871d to remote] DEBUG org.asynchttpclient.netty.request.NettyRequestSender - Using pooled Channel '[id: 0x25914afc, L:/127.0.0.1:52530 - R:localhost/127.0.0.1:55442]' for 'GET' to 'http://localhost:55442/session/62cbf3bca7140f0f3d88bfc52c1e871d/window'
11:14:38.946 [Forwarding getCurrentWindowHandle on session 62cbf3bca7140f0f3d88bfc52c1e871d to remote] DEBUG org.asynchttpclient.netty.request.NettyRequestSender - Using open Channel [id: 0x25914afc, L:/127.0.0.1:52530 - R:localhost/127.0.0.1:55442] for GET '/session/62cbf3bca7140f0f3d88bfc52c1e871d/window'
11:14:38.946 [AsyncHttpClient-1-2] DEBUG org.asynchttpclient.netty.handler.HttpHandler - 

Request DefaultFullHttpRequest(decodeResult: success, version: HTTP/1.1, content: EmptyByteBufBE)
GET /session/62cbf3bca7140f0f3d88bfc52c1e871d/window HTTP/1.1
User-Agent: selenium/4.4.0 (java windows)
Cache-Control: no-cache
Content-Type: application/json; charset=utf-8
host: localhost:55442
accept: */*

Response DefaultHttpResponse(decodeResult: success, version: HTTP/1.1)
HTTP/1.1 200 OK
Content-Type: application/json; charset=utf-8
cache-control: no-cache
content-length: 44

11:14:38.947 [AsyncHttpClient-1-2] DEBUG org.asynchttpclient.netty.channel.ChannelManager - Adding key: http://localhost:55442 for channel [id: 0x25914afc, L:/127.0.0.1:52530 - R:localhost/127.0.0.1:55442]
11:14:38.947 [Forwarding getAlertText on session 62cbf3bca7140f0f3d88bfc52c1e871d to remote] DEBUG org.asynchttpclient.netty.request.NettyRequestSender - Using pooled Channel '[id: 0x25914afc, L:/127.0.0.1:52530 - R:localhost/127.0.0.1:55442]' for 'GET' to 'http://localhost:55442/session/62cbf3bca7140f0f3d88bfc52c1e871d/alert/text'
11:14:38.947 [Forwarding getAlertText on session 62cbf3bca7140f0f3d88bfc52c1e871d to remote] DEBUG org.asynchttpclient.netty.request.NettyRequestSender - Using open Channel [id: 0x25914afc, L:/127.0.0.1:52530 - R:localhost/127.0.0.1:55442] for GET '/session/62cbf3bca7140f0f3d88bfc52c1e871d/alert/text'
11:14:38.948 [AsyncHttpClient-1-2] DEBUG org.asynchttpclient.netty.handler.HttpHandler - 

Request DefaultFullHttpRequest(decodeResult: success, version: HTTP/1.1, content: EmptyByteBufBE)
GET /session/62cbf3bca7140f0f3d88bfc52c1e871d/alert/text HTTP/1.1
User-Agent: selenium/4.4.0 (java windows)
Cache-Control: no-cache
Content-Type: application/json; charset=utf-8
host: localhost:55442
accept: */*

Response DefaultHttpResponse(decodeResult: success, version: HTTP/1.1)
HTTP/1.1 404 Not Found
Content-Type: application/json; charset=utf-8
cache-control: no-cache
content-length: 848

11:14:38.948 [AsyncHttpClient-1-2] DEBUG org.asynchttpclient.netty.channel.ChannelManager - Adding key: http://localhost:55442 for channel [id: 0x25914afc, L:/127.0.0.1:52530 - R:localhost/127.0.0.1:55442]
11:14:38.949 [Forwarding switchToWindow on session 62cbf3bca7140f0f3d88bfc52c1e871d to remote] DEBUG org.asynchttpclient.netty.request.NettyRequestSender - Using pooled Channel '[id: 0x25914afc, L:/127.0.0.1:52530 - R:localhost/127.0.0.1:55442]' for 'POST' to 'http://localhost:55442/session/62cbf3bca7140f0f3d88bfc52c1e871d/window'
11:14:38.949 [Forwarding switchToWindow on session 62cbf3bca7140f0f3d88bfc52c1e871d to remote] DEBUG org.asynchttpclient.netty.request.NettyRequestSender - Using open Channel [id: 0x25914afc, L:/127.0.0.1:52530 - R:localhost/127.0.0.1:55442] for POST '/session/62cbf3bca7140f0f3d88bfc52c1e871d/window'
11:14:38.950 [AsyncHttpClient-1-2] DEBUG org.asynchttpclient.netty.handler.HttpHandler - 

Request DefaultHttpRequest(decodeResult: success, version: HTTP/1.1)
POST /session/62cbf3bca7140f0f3d88bfc52c1e871d/window HTTP/1.1
User-Agent: selenium/4.4.0 (java windows)
Content-Length: 50
Content-Type: application/json; charset=utf-8
host: localhost:55442
accept: */*

Response DefaultHttpResponse(decodeResult: success, version: HTTP/1.1)
HTTP/1.1 200 OK
Content-Type: application/json; charset=utf-8
cache-control: no-cache
content-length: 14

11:14:38.950 [AsyncHttpClient-1-2] DEBUG org.asynchttpclient.netty.channel.ChannelManager - Adding key: http://localhost:55442 for channel [id: 0x25914afc, L:/127.0.0.1:52530 - R:localhost/127.0.0.1:55442]
11:14:38.951 [Forwarding getCurrentUrl on session 62cbf3bca7140f0f3d88bfc52c1e871d to remote] DEBUG org.asynchttpclient.netty.request.NettyRequestSender - Using pooled Channel '[id: 0x25914afc, L:/127.0.0.1:52530 - R:localhost/127.0.0.1:55442]' for 'GET' to 'http://localhost:55442/session/62cbf3bca7140f0f3d88bfc52c1e871d/url'
11:14:38.951 [Forwarding getCurrentUrl on session 62cbf3bca7140f0f3d88bfc52c1e871d to remote] DEBUG org.asynchttpclient.netty.request.NettyRequestSender - Using open Channel [id: 0x25914afc, L:/127.0.0.1:52530 - R:localhost/127.0.0.1:55442] for GET '/session/62cbf3bca7140f0f3d88bfc52c1e871d/url'
11:14:38.953 [AsyncHttpClient-1-2] DEBUG org.asynchttpclient.netty.handler.HttpHandler - 

Request DefaultFullHttpRequest(decodeResult: success, version: HTTP/1.1, content: EmptyByteBufBE)
GET /session/62cbf3bca7140f0f3d88bfc52c1e871d/url HTTP/1.1
User-Agent: selenium/4.4.0 (java windows)
Cache-Control: no-cache
Content-Type: application/json; charset=utf-8
host: localhost:55442
accept: */*

Response DefaultHttpResponse(decodeResult: success, version: HTTP/1.1)
HTTP/1.1 200 OK
Content-Type: application/json; charset=utf-8
cache-control: no-cache
content-length: 47

11:14:38.953 [AsyncHttpClient-1-2] DEBUG org.asynchttpclient.netty.channel.ChannelManager - Adding key: http://localhost:55442 for channel [id: 0x25914afc, L:/127.0.0.1:52530 - R:localhost/127.0.0.1:55442]
11:14:38.954 [Forwarding screenshot on session 62cbf3bca7140f0f3d88bfc52c1e871d to remote] DEBUG org.asynchttpclient.netty.request.NettyRequestSender - Using pooled Channel '[id: 0x25914afc, L:/127.0.0.1:52530 - R:localhost/127.0.0.1:55442]' for 'GET' to 'http://localhost:55442/session/62cbf3bca7140f0f3d88bfc52c1e871d/screenshot'
11:14:38.954 [Forwarding screenshot on session 62cbf3bca7140f0f3d88bfc52c1e871d to remote] DEBUG org.asynchttpclient.netty.request.NettyRequestSender - Using open Channel [id: 0x25914afc, L:/127.0.0.1:52530 - R:localhost/127.0.0.1:55442] for GET '/session/62cbf3bca7140f0f3d88bfc52c1e871d/screenshot'
11:14:39.092 [AsyncHttpClient-1-2] DEBUG org.asynchttpclient.netty.handler.HttpHandler - 

Request DefaultFullHttpRequest(decodeResult: success, version: HTTP/1.1, content: EmptyByteBufBE)
GET /session/62cbf3bca7140f0f3d88bfc52c1e871d/screenshot HTTP/1.1
User-Agent: selenium/4.4.0 (java windows)
Cache-Control: no-cache
Content-Type: application/json; charset=utf-8
host: localhost:55442
accept: */*

Response DefaultHttpResponse(decodeResult: success, version: HTTP/1.1)
HTTP/1.1 200 OK
Content-Type: application/json; charset=utf-8
cache-control: no-cache
content-length: 326128

11:14:39.093 [AsyncHttpClient-1-2] DEBUG org.asynchttpclient.netty.channel.ChannelManager - Adding key: http://localhost:55442 for channel [id: 0x25914afc, L:/127.0.0.1:52530 - R:localhost/127.0.0.1:55442]
11:14:39.098 [main] DEBUG net.serenitybdd.core.photography.Darkroom - Send negative for processing for target\site\serenity\66d44f150dce8b70d5e66e0f0740f08a0b0874bcb50e8ff15e8786ab0af6884e.png
11:14:39.098 [main] DEBUG net.thucydides.core.steps.StepInterceptor - STEP DONE: Comprueba que el dispositivo añadido este en la cesta
11:14:39.098 [Darkroom Processing Line] DEBUG net.serenitybdd.core.photography.DarkroomProcessingLine - Processing screenshot image in /var/screenshots/screenshot-3470741839769288272
11:14:39.098 [Darkroom Processing Line] DEBUG net.serenitybdd.core.photography.DarkroomProcessingLine - Saving screenshot to target\site\serenity\66d44f150dce8b70d5e66e0f0740f08a0b0874bcb50e8ff15e8786ab0af6884e.png
11:14:39.103 [main] DEBUG net.thucydides.core.steps.StepInterceptor - STARTING STEP: ComprarDispositivosElectronicosStep.el_usuario_verifica_que_el_dispositivo_con_el_se_ha_añadido_y_que_los_datos_son_correctos - Verifica que los datos son correctos
11:14:39.105 [Forwarding findElement on session 62cbf3bca7140f0f3d88bfc52c1e871d to remote] DEBUG org.asynchttpclient.netty.request.NettyRequestSender - Using pooled Channel '[id: 0x25914afc, L:/127.0.0.1:52530 - R:localhost/127.0.0.1:55442]' for 'POST' to 'http://localhost:55442/session/62cbf3bca7140f0f3d88bfc52c1e871d/element'
11:14:39.105 [Forwarding findElement on session 62cbf3bca7140f0f3d88bfc52c1e871d to remote] DEBUG org.asynchttpclient.netty.request.NettyRequestSender - Using open Channel [id: 0x25914afc, L:/127.0.0.1:52530 - R:localhost/127.0.0.1:55442] for POST '/session/62cbf3bca7140f0f3d88bfc52c1e871d/element'
11:14:39.114 [AsyncHttpClient-1-2] DEBUG org.asynchttpclient.netty.handler.HttpHandler - 

Request DefaultHttpRequest(decodeResult: success, version: HTTP/1.1)
POST /session/62cbf3bca7140f0f3d88bfc52c1e871d/element HTTP/1.1
User-Agent: selenium/4.4.0 (java windows)
Content-Length: 54
Content-Type: application/json; charset=utf-8
host: localhost:55442
accept: */*

Response DefaultHttpResponse(decodeResult: success, version: HTTP/1.1)
HTTP/1.1 200 OK
Content-Type: application/json; charset=utf-8
cache-control: no-cache
content-length: 96

11:14:39.114 [AsyncHttpClient-1-2] DEBUG org.asynchttpclient.netty.channel.ChannelManager - Adding key: http://localhost:55442 for channel [id: 0x25914afc, L:/127.0.0.1:52530 - R:localhost/127.0.0.1:55442]
11:14:39.116 [Forwarding isElementDisplayed on session 62cbf3bca7140f0f3d88bfc52c1e871d to remote] DEBUG org.asynchttpclient.netty.request.NettyRequestSender - Using pooled Channel '[id: 0x25914afc, L:/127.0.0.1:52530 - R:localhost/127.0.0.1:55442]' for 'POST' to 'http://localhost:55442/session/62cbf3bca7140f0f3d88bfc52c1e871d/execute/sync'
11:14:39.116 [Forwarding isElementDisplayed on session 62cbf3bca7140f0f3d88bfc52c1e871d to remote] DEBUG org.asynchttpclient.netty.request.NettyRequestSender - Using open Channel [id: 0x25914afc, L:/127.0.0.1:52530 - R:localhost/127.0.0.1:55442] for POST '/session/62cbf3bca7140f0f3d88bfc52c1e871d/execute/sync'
11:14:39.122 [AsyncHttpClient-1-2] DEBUG org.asynchttpclient.netty.handler.HttpHandler - 

Request DefaultHttpRequest(decodeResult: success, version: HTTP/1.1)
POST /session/62cbf3bca7140f0f3d88bfc52c1e871d/execute/sync HTTP/1.1
User-Agent: selenium/4.4.0 (java windows)
Content-Length: 48788
Content-Type: application/json; charset=utf-8
host: localhost:55442
accept: */*

Response DefaultHttpResponse(decodeResult: success, version: HTTP/1.1)
HTTP/1.1 200 OK
Content-Type: application/json; charset=utf-8
cache-control: no-cache
content-length: 14

11:14:39.123 [AsyncHttpClient-1-2] DEBUG org.asynchttpclient.netty.channel.ChannelManager - Adding key: http://localhost:55442 for channel [id: 0x25914afc, L:/127.0.0.1:52530 - R:localhost/127.0.0.1:55442]
11:14:39.125 [Forwarding isElementDisplayed on session 62cbf3bca7140f0f3d88bfc52c1e871d to remote] DEBUG org.asynchttpclient.netty.request.NettyRequestSender - Using pooled Channel '[id: 0x25914afc, L:/127.0.0.1:52530 - R:localhost/127.0.0.1:55442]' for 'POST' to 'http://localhost:55442/session/62cbf3bca7140f0f3d88bfc52c1e871d/execute/sync'
11:14:39.125 [Forwarding isElementDisplayed on session 62cbf3bca7140f0f3d88bfc52c1e871d to remote] DEBUG org.asynchttpclient.netty.request.NettyRequestSender - Using open Channel [id: 0x25914afc, L:/127.0.0.1:52530 - R:localhost/127.0.0.1:55442] for POST '/session/62cbf3bca7140f0f3d88bfc52c1e871d/execute/sync'
11:14:39.130 [AsyncHttpClient-1-2] DEBUG org.asynchttpclient.netty.handler.HttpHandler - 

Request DefaultHttpRequest(decodeResult: success, version: HTTP/1.1)
POST /session/62cbf3bca7140f0f3d88bfc52c1e871d/execute/sync HTTP/1.1
User-Agent: selenium/4.4.0 (java windows)
Content-Length: 48788
Content-Type: application/json; charset=utf-8
host: localhost:55442
accept: */*

Response DefaultHttpResponse(decodeResult: success, version: HTTP/1.1)
HTTP/1.1 200 OK
Content-Type: application/json; charset=utf-8
cache-control: no-cache
content-length: 14

11:14:39.130 [AsyncHttpClient-1-2] DEBUG org.asynchttpclient.netty.channel.ChannelManager - Adding key: http://localhost:55442 for channel [id: 0x25914afc, L:/127.0.0.1:52530 - R:localhost/127.0.0.1:55442]
11:14:39.132 [Forwarding findElement on session 62cbf3bca7140f0f3d88bfc52c1e871d to remote] DEBUG org.asynchttpclient.netty.request.NettyRequestSender - Using pooled Channel '[id: 0x25914afc, L:/127.0.0.1:52530 - R:localhost/127.0.0.1:55442]' for 'POST' to 'http://localhost:55442/session/62cbf3bca7140f0f3d88bfc52c1e871d/element'
11:14:39.132 [Forwarding findElement on session 62cbf3bca7140f0f3d88bfc52c1e871d to remote] DEBUG org.asynchttpclient.netty.request.NettyRequestSender - Using open Channel [id: 0x25914afc, L:/127.0.0.1:52530 - R:localhost/127.0.0.1:55442] for POST '/session/62cbf3bca7140f0f3d88bfc52c1e871d/element'
11:14:39.137 [AsyncHttpClient-1-2] DEBUG org.asynchttpclient.netty.handler.HttpHandler - 

Request DefaultHttpRequest(decodeResult: success, version: HTTP/1.1)
POST /session/62cbf3bca7140f0f3d88bfc52c1e871d/element HTTP/1.1
User-Agent: selenium/4.4.0 (java windows)
Content-Length: 54
Content-Type: application/json; charset=utf-8
host: localhost:55442
accept: */*

Response DefaultHttpResponse(decodeResult: success, version: HTTP/1.1)
HTTP/1.1 200 OK
Content-Type: application/json; charset=utf-8
cache-control: no-cache
content-length: 96

11:14:39.137 [AsyncHttpClient-1-2] DEBUG org.asynchttpclient.netty.channel.ChannelManager - Adding key: http://localhost:55442 for channel [id: 0x25914afc, L:/127.0.0.1:52530 - R:localhost/127.0.0.1:55442]
11:14:39.139 [Forwarding isElementDisplayed on session 62cbf3bca7140f0f3d88bfc52c1e871d to remote] DEBUG org.asynchttpclient.netty.request.NettyRequestSender - Using pooled Channel '[id: 0x25914afc, L:/127.0.0.1:52530 - R:localhost/127.0.0.1:55442]' for 'POST' to 'http://localhost:55442/session/62cbf3bca7140f0f3d88bfc52c1e871d/execute/sync'
11:14:39.139 [Forwarding isElementDisplayed on session 62cbf3bca7140f0f3d88bfc52c1e871d to remote] DEBUG org.asynchttpclient.netty.request.NettyRequestSender - Using open Channel [id: 0x25914afc, L:/127.0.0.1:52530 - R:localhost/127.0.0.1:55442] for POST '/session/62cbf3bca7140f0f3d88bfc52c1e871d/execute/sync'
11:14:39.144 [AsyncHttpClient-1-2] DEBUG org.asynchttpclient.netty.handler.HttpHandler - 

Request DefaultHttpRequest(decodeResult: success, version: HTTP/1.1)
POST /session/62cbf3bca7140f0f3d88bfc52c1e871d/execute/sync HTTP/1.1
User-Agent: selenium/4.4.0 (java windows)
Content-Length: 48788
Content-Type: application/json; charset=utf-8
host: localhost:55442
accept: */*

Response DefaultHttpResponse(decodeResult: success, version: HTTP/1.1)
HTTP/1.1 200 OK
Content-Type: application/json; charset=utf-8
cache-control: no-cache
content-length: 14

11:14:39.144 [AsyncHttpClient-1-2] DEBUG org.asynchttpclient.netty.channel.ChannelManager - Adding key: http://localhost:55442 for channel [id: 0x25914afc, L:/127.0.0.1:52530 - R:localhost/127.0.0.1:55442]
11:14:39.144 [Forwarding isElementEnabled on session 62cbf3bca7140f0f3d88bfc52c1e871d to remote] DEBUG org.asynchttpclient.netty.request.NettyRequestSender - Using pooled Channel '[id: 0x25914afc, L:/127.0.0.1:52530 - R:localhost/127.0.0.1:55442]' for 'GET' to 'http://localhost:55442/session/62cbf3bca7140f0f3d88bfc52c1e871d/element/76313967C7444AE568C0EC4C45F3738D_element_139/enabled'
11:14:39.144 [Forwarding isElementEnabled on session 62cbf3bca7140f0f3d88bfc52c1e871d to remote] DEBUG org.asynchttpclient.netty.request.NettyRequestSender - Using open Channel [id: 0x25914afc, L:/127.0.0.1:52530 - R:localhost/127.0.0.1:55442] for GET '/session/62cbf3bca7140f0f3d88bfc52c1e871d/element/76313967C7444AE568C0EC4C45F3738D_element_139/enabled'
11:14:39.148 [AsyncHttpClient-1-2] DEBUG org.asynchttpclient.netty.handler.HttpHandler - 

Request DefaultFullHttpRequest(decodeResult: success, version: HTTP/1.1, content: EmptyByteBufBE)
GET /session/62cbf3bca7140f0f3d88bfc52c1e871d/element/76313967C7444AE568C0EC4C45F3738D_element_139/enabled HTTP/1.1
User-Agent: selenium/4.4.0 (java windows)
Cache-Control: no-cache
Content-Type: application/json; charset=utf-8
host: localhost:55442
accept: */*

Response DefaultHttpResponse(decodeResult: success, version: HTTP/1.1)
HTTP/1.1 200 OK
Content-Type: application/json; charset=utf-8
cache-control: no-cache
content-length: 14

11:14:39.148 [AsyncHttpClient-1-2] DEBUG org.asynchttpclient.netty.channel.ChannelManager - Adding key: http://localhost:55442 for channel [id: 0x25914afc, L:/127.0.0.1:52530 - R:localhost/127.0.0.1:55442]
11:14:39.150 [Forwarding findElement on session 62cbf3bca7140f0f3d88bfc52c1e871d to remote] DEBUG org.asynchttpclient.netty.request.NettyRequestSender - Using pooled Channel '[id: 0x25914afc, L:/127.0.0.1:52530 - R:localhost/127.0.0.1:55442]' for 'POST' to 'http://localhost:55442/session/62cbf3bca7140f0f3d88bfc52c1e871d/element'
11:14:39.150 [Forwarding findElement on session 62cbf3bca7140f0f3d88bfc52c1e871d to remote] DEBUG org.asynchttpclient.netty.request.NettyRequestSender - Using open Channel [id: 0x25914afc, L:/127.0.0.1:52530 - R:localhost/127.0.0.1:55442] for POST '/session/62cbf3bca7140f0f3d88bfc52c1e871d/element'
11:14:39.154 [AsyncHttpClient-1-2] DEBUG org.asynchttpclient.netty.handler.HttpHandler - 

Request DefaultHttpRequest(decodeResult: success, version: HTTP/1.1)
POST /session/62cbf3bca7140f0f3d88bfc52c1e871d/element HTTP/1.1
User-Agent: selenium/4.4.0 (java windows)
Content-Length: 54
Content-Type: application/json; charset=utf-8
host: localhost:55442
accept: */*

Response DefaultHttpResponse(decodeResult: success, version: HTTP/1.1)
HTTP/1.1 200 OK
Content-Type: application/json; charset=utf-8
cache-control: no-cache
content-length: 96

11:14:39.154 [AsyncHttpClient-1-2] DEBUG org.asynchttpclient.netty.channel.ChannelManager - Adding key: http://localhost:55442 for channel [id: 0x25914afc, L:/127.0.0.1:52530 - R:localhost/127.0.0.1:55442]
11:14:39.156 [Forwarding isElementDisplayed on session 62cbf3bca7140f0f3d88bfc52c1e871d to remote] DEBUG org.asynchttpclient.netty.request.NettyRequestSender - Using pooled Channel '[id: 0x25914afc, L:/127.0.0.1:52530 - R:localhost/127.0.0.1:55442]' for 'POST' to 'http://localhost:55442/session/62cbf3bca7140f0f3d88bfc52c1e871d/execute/sync'
11:14:39.156 [Forwarding isElementDisplayed on session 62cbf3bca7140f0f3d88bfc52c1e871d to remote] DEBUG org.asynchttpclient.netty.request.NettyRequestSender - Using open Channel [id: 0x25914afc, L:/127.0.0.1:52530 - R:localhost/127.0.0.1:55442] for POST '/session/62cbf3bca7140f0f3d88bfc52c1e871d/execute/sync'
11:14:39.162 [AsyncHttpClient-1-2] DEBUG org.asynchttpclient.netty.handler.HttpHandler - 

Request DefaultHttpRequest(decodeResult: success, version: HTTP/1.1)
POST /session/62cbf3bca7140f0f3d88bfc52c1e871d/execute/sync HTTP/1.1
User-Agent: selenium/4.4.0 (java windows)
Content-Length: 48788
Content-Type: application/json; charset=utf-8
host: localhost:55442
accept: */*

Response DefaultHttpResponse(decodeResult: success, version: HTTP/1.1)
HTTP/1.1 200 OK
Content-Type: application/json; charset=utf-8
cache-control: no-cache
content-length: 14

11:14:39.162 [AsyncHttpClient-1-2] DEBUG org.asynchttpclient.netty.channel.ChannelManager - Adding key: http://localhost:55442 for channel [id: 0x25914afc, L:/127.0.0.1:52530 - R:localhost/127.0.0.1:55442]
11:14:39.163 [Forwarding findChildElements on session 62cbf3bca7140f0f3d88bfc52c1e871d to remote] DEBUG org.asynchttpclient.netty.request.NettyRequestSender - Using pooled Channel '[id: 0x25914afc, L:/127.0.0.1:52530 - R:localhost/127.0.0.1:55442]' for 'POST' to 'http://localhost:55442/session/62cbf3bca7140f0f3d88bfc52c1e871d/element/76313967C7444AE568C0EC4C45F3738D_element_139/elements'
11:14:39.163 [Forwarding findChildElements on session 62cbf3bca7140f0f3d88bfc52c1e871d to remote] DEBUG org.asynchttpclient.netty.request.NettyRequestSender - Using open Channel [id: 0x25914afc, L:/127.0.0.1:52530 - R:localhost/127.0.0.1:55442] for POST '/session/62cbf3bca7140f0f3d88bfc52c1e871d/element/76313967C7444AE568C0EC4C45F3738D_element_139/elements'
11:14:39.168 [AsyncHttpClient-1-2] DEBUG org.asynchttpclient.netty.handler.HttpHandler - 

Request DefaultHttpRequest(decodeResult: success, version: HTTP/1.1)
POST /session/62cbf3bca7140f0f3d88bfc52c1e871d/element/76313967C7444AE568C0EC4C45F3738D_element_139/elements HTTP/1.1
User-Agent: selenium/4.4.0 (java windows)
Content-Length: 118
Content-Type: application/json; charset=utf-8
host: localhost:55442
accept: */*

Response DefaultHttpResponse(decodeResult: success, version: HTTP/1.1)
HTTP/1.1 200 OK
Content-Type: application/json; charset=utf-8
cache-control: no-cache
content-length: 98

11:14:39.168 [AsyncHttpClient-1-2] DEBUG org.asynchttpclient.netty.channel.ChannelManager - Adding key: http://localhost:55442 for channel [id: 0x25914afc, L:/127.0.0.1:52530 - R:localhost/127.0.0.1:55442]
11:14:39.168 [Forwarding getElementText on session 62cbf3bca7140f0f3d88bfc52c1e871d to remote] DEBUG org.asynchttpclient.netty.request.NettyRequestSender - Using pooled Channel '[id: 0x25914afc, L:/127.0.0.1:52530 - R:localhost/127.0.0.1:55442]' for 'GET' to 'http://localhost:55442/session/62cbf3bca7140f0f3d88bfc52c1e871d/element/76313967C7444AE568C0EC4C45F3738D_element_144/text'
11:14:39.168 [Forwarding getElementText on session 62cbf3bca7140f0f3d88bfc52c1e871d to remote] DEBUG org.asynchttpclient.netty.request.NettyRequestSender - Using open Channel [id: 0x25914afc, L:/127.0.0.1:52530 - R:localhost/127.0.0.1:55442] for GET '/session/62cbf3bca7140f0f3d88bfc52c1e871d/element/76313967C7444AE568C0EC4C45F3738D_element_144/text'
11:14:39.174 [AsyncHttpClient-1-2] DEBUG org.asynchttpclient.netty.handler.HttpHandler - 

Request DefaultFullHttpRequest(decodeResult: success, version: HTTP/1.1, content: EmptyByteBufBE)
GET /session/62cbf3bca7140f0f3d88bfc52c1e871d/element/76313967C7444AE568C0EC4C45F3738D_element_144/text HTTP/1.1
User-Agent: selenium/4.4.0 (java windows)
Cache-Control: no-cache
Content-Type: application/json; charset=utf-8
host: localhost:55442
accept: */*

Response DefaultHttpResponse(decodeResult: success, version: HTTP/1.1)
HTTP/1.1 200 OK
Content-Type: application/json; charset=utf-8
cache-control: no-cache
content-length: 24

11:14:39.174 [AsyncHttpClient-1-2] DEBUG org.asynchttpclient.netty.channel.ChannelManager - Adding key: http://localhost:55442 for channel [id: 0x25914afc, L:/127.0.0.1:52530 - R:localhost/127.0.0.1:55442]
11:14:39.175 [Forwarding findElement on session 62cbf3bca7140f0f3d88bfc52c1e871d to remote] DEBUG org.asynchttpclient.netty.request.NettyRequestSender - Using pooled Channel '[id: 0x25914afc, L:/127.0.0.1:52530 - R:localhost/127.0.0.1:55442]' for 'POST' to 'http://localhost:55442/session/62cbf3bca7140f0f3d88bfc52c1e871d/element'
11:14:39.175 [Forwarding findElement on session 62cbf3bca7140f0f3d88bfc52c1e871d to remote] DEBUG org.asynchttpclient.netty.request.NettyRequestSender - Using open Channel [id: 0x25914afc, L:/127.0.0.1:52530 - R:localhost/127.0.0.1:55442] for POST '/session/62cbf3bca7140f0f3d88bfc52c1e871d/element'
11:14:39.180 [AsyncHttpClient-1-2] DEBUG org.asynchttpclient.netty.handler.HttpHandler - 

Request DefaultHttpRequest(decodeResult: success, version: HTTP/1.1)
POST /session/62cbf3bca7140f0f3d88bfc52c1e871d/element HTTP/1.1
User-Agent: selenium/4.4.0 (java windows)
Content-Length: 54
Content-Type: application/json; charset=utf-8
host: localhost:55442
accept: */*

Response DefaultHttpResponse(decodeResult: success, version: HTTP/1.1)
HTTP/1.1 200 OK
Content-Type: application/json; charset=utf-8
cache-control: no-cache
content-length: 96

11:14:39.180 [AsyncHttpClient-1-2] DEBUG org.asynchttpclient.netty.channel.ChannelManager - Adding key: http://localhost:55442 for channel [id: 0x25914afc, L:/127.0.0.1:52530 - R:localhost/127.0.0.1:55442]
11:14:39.182 [Forwarding isElementDisplayed on session 62cbf3bca7140f0f3d88bfc52c1e871d to remote] DEBUG org.asynchttpclient.netty.request.NettyRequestSender - Using pooled Channel '[id: 0x25914afc, L:/127.0.0.1:52530 - R:localhost/127.0.0.1:55442]' for 'POST' to 'http://localhost:55442/session/62cbf3bca7140f0f3d88bfc52c1e871d/execute/sync'
11:14:39.182 [Forwarding isElementDisplayed on session 62cbf3bca7140f0f3d88bfc52c1e871d to remote] DEBUG org.asynchttpclient.netty.request.NettyRequestSender - Using open Channel [id: 0x25914afc, L:/127.0.0.1:52530 - R:localhost/127.0.0.1:55442] for POST '/session/62cbf3bca7140f0f3d88bfc52c1e871d/execute/sync'
11:14:39.187 [AsyncHttpClient-1-2] DEBUG org.asynchttpclient.netty.handler.HttpHandler - 

Request DefaultHttpRequest(decodeResult: success, version: HTTP/1.1)
POST /session/62cbf3bca7140f0f3d88bfc52c1e871d/execute/sync HTTP/1.1
User-Agent: selenium/4.4.0 (java windows)
Content-Length: 48788
Content-Type: application/json; charset=utf-8
host: localhost:55442
accept: */*

Response DefaultHttpResponse(decodeResult: success, version: HTTP/1.1)
HTTP/1.1 200 OK
Content-Type: application/json; charset=utf-8
cache-control: no-cache
content-length: 14

11:14:39.187 [AsyncHttpClient-1-2] DEBUG org.asynchttpclient.netty.channel.ChannelManager - Adding key: http://localhost:55442 for channel [id: 0x25914afc, L:/127.0.0.1:52530 - R:localhost/127.0.0.1:55442]
11:14:39.188 [Forwarding findChildElement on session 62cbf3bca7140f0f3d88bfc52c1e871d to remote] DEBUG org.asynchttpclient.netty.request.NettyRequestSender - Using pooled Channel '[id: 0x25914afc, L:/127.0.0.1:52530 - R:localhost/127.0.0.1:55442]' for 'POST' to 'http://localhost:55442/session/62cbf3bca7140f0f3d88bfc52c1e871d/element/76313967C7444AE568C0EC4C45F3738D_element_139/element'
11:14:39.188 [Forwarding findChildElement on session 62cbf3bca7140f0f3d88bfc52c1e871d to remote] DEBUG org.asynchttpclient.netty.request.NettyRequestSender - Using open Channel [id: 0x25914afc, L:/127.0.0.1:52530 - R:localhost/127.0.0.1:55442] for POST '/session/62cbf3bca7140f0f3d88bfc52c1e871d/element/76313967C7444AE568C0EC4C45F3738D_element_139/element'
11:14:39.196 [AsyncHttpClient-1-2] DEBUG org.asynchttpclient.netty.handler.HttpHandler - 

Request DefaultHttpRequest(decodeResult: success, version: HTTP/1.1)
POST /session/62cbf3bca7140f0f3d88bfc52c1e871d/element/76313967C7444AE568C0EC4C45F3738D_element_139/element HTTP/1.1
User-Agent: selenium/4.4.0 (java windows)
Content-Length: 121
Content-Type: application/json; charset=utf-8
host: localhost:55442
accept: */*

Response DefaultHttpResponse(decodeResult: success, version: HTTP/1.1)
HTTP/1.1 200 OK
Content-Type: application/json; charset=utf-8
cache-control: no-cache
content-length: 96

11:14:39.196 [AsyncHttpClient-1-2] DEBUG org.asynchttpclient.netty.channel.ChannelManager - Adding key: http://localhost:55442 for channel [id: 0x25914afc, L:/127.0.0.1:52530 - R:localhost/127.0.0.1:55442]
11:14:39.197 [Forwarding getElementText on session 62cbf3bca7140f0f3d88bfc52c1e871d to remote] DEBUG org.asynchttpclient.netty.request.NettyRequestSender - Using pooled Channel '[id: 0x25914afc, L:/127.0.0.1:52530 - R:localhost/127.0.0.1:55442]' for 'GET' to 'http://localhost:55442/session/62cbf3bca7140f0f3d88bfc52c1e871d/element/76313967C7444AE568C0EC4C45F3738D_element_145/text'
11:14:39.197 [Forwarding getElementText on session 62cbf3bca7140f0f3d88bfc52c1e871d to remote] DEBUG org.asynchttpclient.netty.request.NettyRequestSender - Using open Channel [id: 0x25914afc, L:/127.0.0.1:52530 - R:localhost/127.0.0.1:55442] for GET '/session/62cbf3bca7140f0f3d88bfc52c1e871d/element/76313967C7444AE568C0EC4C45F3738D_element_145/text'
11:14:39.201 [AsyncHttpClient-1-2] DEBUG org.asynchttpclient.netty.handler.HttpHandler - 

Request DefaultFullHttpRequest(decodeResult: success, version: HTTP/1.1, content: EmptyByteBufBE)
GET /session/62cbf3bca7140f0f3d88bfc52c1e871d/element/76313967C7444AE568C0EC4C45F3738D_element_145/text HTTP/1.1
User-Agent: selenium/4.4.0 (java windows)
Cache-Control: no-cache
Content-Type: application/json; charset=utf-8
host: localhost:55442
accept: */*

Response DefaultHttpResponse(decodeResult: success, version: HTTP/1.1)
HTTP/1.1 200 OK
Content-Type: application/json; charset=utf-8
cache-control: no-cache
content-length: 15

11:14:39.201 [AsyncHttpClient-1-2] DEBUG org.asynchttpclient.netty.channel.ChannelManager - Adding key: http://localhost:55442 for channel [id: 0x25914afc, L:/127.0.0.1:52530 - R:localhost/127.0.0.1:55442]
11:14:39.204 [Forwarding getCurrentWindowHandle on session 62cbf3bca7140f0f3d88bfc52c1e871d to remote] DEBUG org.asynchttpclient.netty.request.NettyRequestSender - Using pooled Channel '[id: 0x25914afc, L:/127.0.0.1:52530 - R:localhost/127.0.0.1:55442]' for 'GET' to 'http://localhost:55442/session/62cbf3bca7140f0f3d88bfc52c1e871d/window'
11:14:39.204 [Forwarding getCurrentWindowHandle on session 62cbf3bca7140f0f3d88bfc52c1e871d to remote] DEBUG org.asynchttpclient.netty.request.NettyRequestSender - Using open Channel [id: 0x25914afc, L:/127.0.0.1:52530 - R:localhost/127.0.0.1:55442] for GET '/session/62cbf3bca7140f0f3d88bfc52c1e871d/window'
11:14:39.205 [AsyncHttpClient-1-2] DEBUG org.asynchttpclient.netty.handler.HttpHandler - 

Request DefaultFullHttpRequest(decodeResult: success, version: HTTP/1.1, content: EmptyByteBufBE)
GET /session/62cbf3bca7140f0f3d88bfc52c1e871d/window HTTP/1.1
User-Agent: selenium/4.4.0 (java windows)
Cache-Control: no-cache
Content-Type: application/json; charset=utf-8
host: localhost:55442
accept: */*

Response DefaultHttpResponse(decodeResult: success, version: HTTP/1.1)
HTTP/1.1 200 OK
Content-Type: application/json; charset=utf-8
cache-control: no-cache
content-length: 44

11:14:39.205 [AsyncHttpClient-1-2] DEBUG org.asynchttpclient.netty.channel.ChannelManager - Adding key: http://localhost:55442 for channel [id: 0x25914afc, L:/127.0.0.1:52530 - R:localhost/127.0.0.1:55442]
11:14:39.206 [Forwarding getAlertText on session 62cbf3bca7140f0f3d88bfc52c1e871d to remote] DEBUG org.asynchttpclient.netty.request.NettyRequestSender - Using pooled Channel '[id: 0x25914afc, L:/127.0.0.1:52530 - R:localhost/127.0.0.1:55442]' for 'GET' to 'http://localhost:55442/session/62cbf3bca7140f0f3d88bfc52c1e871d/alert/text'
11:14:39.206 [Forwarding getAlertText on session 62cbf3bca7140f0f3d88bfc52c1e871d to remote] DEBUG org.asynchttpclient.netty.request.NettyRequestSender - Using open Channel [id: 0x25914afc, L:/127.0.0.1:52530 - R:localhost/127.0.0.1:55442] for GET '/session/62cbf3bca7140f0f3d88bfc52c1e871d/alert/text'
11:14:39.207 [AsyncHttpClient-1-2] DEBUG org.asynchttpclient.netty.handler.HttpHandler - 

Request DefaultFullHttpRequest(decodeResult: success, version: HTTP/1.1, content: EmptyByteBufBE)
GET /session/62cbf3bca7140f0f3d88bfc52c1e871d/alert/text HTTP/1.1
User-Agent: selenium/4.4.0 (java windows)
Cache-Control: no-cache
Content-Type: application/json; charset=utf-8
host: localhost:55442
accept: */*

Response DefaultHttpResponse(decodeResult: success, version: HTTP/1.1)
HTTP/1.1 404 Not Found
Content-Type: application/json; charset=utf-8
cache-control: no-cache
content-length: 848

11:14:39.207 [AsyncHttpClient-1-2] DEBUG org.asynchttpclient.netty.channel.ChannelManager - Adding key: http://localhost:55442 for channel [id: 0x25914afc, L:/127.0.0.1:52530 - R:localhost/127.0.0.1:55442]
11:14:39.208 [Forwarding switchToWindow on session 62cbf3bca7140f0f3d88bfc52c1e871d to remote] DEBUG org.asynchttpclient.netty.request.NettyRequestSender - Using pooled Channel '[id: 0x25914afc, L:/127.0.0.1:52530 - R:localhost/127.0.0.1:55442]' for 'POST' to 'http://localhost:55442/session/62cbf3bca7140f0f3d88bfc52c1e871d/window'
11:14:39.208 [Forwarding switchToWindow on session 62cbf3bca7140f0f3d88bfc52c1e871d to remote] DEBUG org.asynchttpclient.netty.request.NettyRequestSender - Using open Channel [id: 0x25914afc, L:/127.0.0.1:52530 - R:localhost/127.0.0.1:55442] for POST '/session/62cbf3bca7140f0f3d88bfc52c1e871d/window'
11:14:39.209 [AsyncHttpClient-1-2] DEBUG org.asynchttpclient.netty.handler.HttpHandler - 

Request DefaultHttpRequest(decodeResult: success, version: HTTP/1.1)
POST /session/62cbf3bca7140f0f3d88bfc52c1e871d/window HTTP/1.1
User-Agent: selenium/4.4.0 (java windows)
Content-Length: 50
Content-Type: application/json; charset=utf-8
host: localhost:55442
accept: */*

Response DefaultHttpResponse(decodeResult: success, version: HTTP/1.1)
HTTP/1.1 200 OK
Content-Type: application/json; charset=utf-8
cache-control: no-cache
content-length: 14

11:14:39.209 [AsyncHttpClient-1-2] DEBUG org.asynchttpclient.netty.channel.ChannelManager - Adding key: http://localhost:55442 for channel [id: 0x25914afc, L:/127.0.0.1:52530 - R:localhost/127.0.0.1:55442]
11:14:39.210 [Forwarding getCurrentUrl on session 62cbf3bca7140f0f3d88bfc52c1e871d to remote] DEBUG org.asynchttpclient.netty.request.NettyRequestSender - Using pooled Channel '[id: 0x25914afc, L:/127.0.0.1:52530 - R:localhost/127.0.0.1:55442]' for 'GET' to 'http://localhost:55442/session/62cbf3bca7140f0f3d88bfc52c1e871d/url'
11:14:39.210 [Forwarding getCurrentUrl on session 62cbf3bca7140f0f3d88bfc52c1e871d to remote] DEBUG org.asynchttpclient.netty.request.NettyRequestSender - Using open Channel [id: 0x25914afc, L:/127.0.0.1:52530 - R:localhost/127.0.0.1:55442] for GET '/session/62cbf3bca7140f0f3d88bfc52c1e871d/url'
11:14:39.213 [AsyncHttpClient-1-2] DEBUG org.asynchttpclient.netty.handler.HttpHandler - 

Request DefaultFullHttpRequest(decodeResult: success, version: HTTP/1.1, content: EmptyByteBufBE)
GET /session/62cbf3bca7140f0f3d88bfc52c1e871d/url HTTP/1.1
User-Agent: selenium/4.4.0 (java windows)
Cache-Control: no-cache
Content-Type: application/json; charset=utf-8
host: localhost:55442
accept: */*

Response DefaultHttpResponse(decodeResult: success, version: HTTP/1.1)
HTTP/1.1 200 OK
Content-Type: application/json; charset=utf-8
cache-control: no-cache
content-length: 47

11:14:39.213 [AsyncHttpClient-1-2] DEBUG org.asynchttpclient.netty.channel.ChannelManager - Adding key: http://localhost:55442 for channel [id: 0x25914afc, L:/127.0.0.1:52530 - R:localhost/127.0.0.1:55442]
11:14:39.214 [Forwarding screenshot on session 62cbf3bca7140f0f3d88bfc52c1e871d to remote] DEBUG org.asynchttpclient.netty.request.NettyRequestSender - Using pooled Channel '[id: 0x25914afc, L:/127.0.0.1:52530 - R:localhost/127.0.0.1:55442]' for 'GET' to 'http://localhost:55442/session/62cbf3bca7140f0f3d88bfc52c1e871d/screenshot'
11:14:39.214 [Forwarding screenshot on session 62cbf3bca7140f0f3d88bfc52c1e871d to remote] DEBUG org.asynchttpclient.netty.request.NettyRequestSender - Using open Channel [id: 0x25914afc, L:/127.0.0.1:52530 - R:localhost/127.0.0.1:55442] for GET '/session/62cbf3bca7140f0f3d88bfc52c1e871d/screenshot'
11:14:39.363 [AsyncHttpClient-1-2] DEBUG org.asynchttpclient.netty.handler.HttpHandler - 

Request DefaultFullHttpRequest(decodeResult: success, version: HTTP/1.1, content: EmptyByteBufBE)
GET /session/62cbf3bca7140f0f3d88bfc52c1e871d/screenshot HTTP/1.1
User-Agent: selenium/4.4.0 (java windows)
Cache-Control: no-cache
Content-Type: application/json; charset=utf-8
host: localhost:55442
accept: */*

Response DefaultHttpResponse(decodeResult: success, version: HTTP/1.1)
HTTP/1.1 200 OK
Content-Type: application/json; charset=utf-8
cache-control: no-cache
content-length: 326128

11:14:39.364 [AsyncHttpClient-1-2] DEBUG org.asynchttpclient.netty.channel.ChannelManager - Adding key: http://localhost:55442 for channel [id: 0x25914afc, L:/127.0.0.1:52530 - R:localhost/127.0.0.1:55442]
11:14:39.368 [main] DEBUG net.serenitybdd.core.photography.Darkroom - Send negative for processing for target\site\serenity\66d44f150dce8b70d5e66e0f0740f08a0b0874bcb50e8ff15e8786ab0af6884e.png
11:14:39.368 [main] DEBUG net.thucydides.core.steps.StepInterceptor - STEP DONE: Verifica que los datos son correctos
  &amp#27;[32mThen &amp#27;[0m&amp#27;[32mel usuario verifica que el ordenador con el &amp#27;[0m&amp#27;[32m&amp#27;[1m"Sony vaio i5"&amp#27;[0m&amp#27;[32m se ha añadido y que los datos son correctos&amp#27;[0m &amp#27;[90m# Step.ComprarDispositivosElectronicosStep.el_usuario_verifica_que_el_dispositivo_con_el_se_ha_añadido_y_que_los_datos_son_correctos(java.lang.String)&amp#27;[0m
crear ruta ./Docu/@CompraOrdenadores/@CompraOrdenadores1.pdf
HA SIDO CREADA? false
vuelta 1 ./Docu/@CompraOrdenadores/@CompraOrdenadores
11:14:39.612 [main] WARN com.itextpdf.layout.renderer.RootRenderer - Element does not fit current area. 
11:14:39.642 [main] WARN com.itextpdf.layout.renderer.RootRenderer - Element does not fit current area. 
11:14:39.674 [main] WARN com.itextpdf.layout.renderer.RootRenderer - Element does not fit current area. 
11:14:39.698 [main] WARN com.itextpdf.layout.renderer.RootRenderer - Element does not fit current area. 
11:14:39.719 [main] WARN com.itextpdf.layout.renderer.RootRenderer - Element does not fit current area. 
11:14:39.749 [main] WARN com.itextpdf.layout.renderer.RootRenderer - Element does not fit current area. 
11:14:39.777 [main] WARN com.itextpdf.layout.renderer.RootRenderer - Element does not fit current area. 
11:14:39.799 [main] WARN com.itextpdf.layout.renderer.RootRenderer - Element does not fit current area. 
11:14:39.826 [main] WARN com.itextpdf.layout.renderer.RootRenderer - Element does not fit current area. 
11:14:39.842 [AsyncHttpClient-1-1] DEBUG org.asynchttpclient.netty.channel.DefaultChannelPool - Entry count for : http://localhost:55442 : 1
11:14:39.842 [AsyncHttpClient-1-1] DEBUG org.asynchttpclient.netty.channel.DefaultChannelPool - Entry count for : http://localhost:52531 : 1
11:14:39.849 [main] WARN com.itextpdf.layout.renderer.RootRenderer - Element does not fit current area. 
11:14:40.127 [Forwarding getCurrentWindowHandle on session 62cbf3bca7140f0f3d88bfc52c1e871d to remote] DEBUG org.asynchttpclient.netty.request.NettyRequestSender - Using pooled Channel '[id: 0x25914afc, L:/127.0.0.1:52530 - R:localhost/127.0.0.1:55442]' for 'GET' to 'http://localhost:55442/session/62cbf3bca7140f0f3d88bfc52c1e871d/window'
11:14:40.128 [Forwarding getCurrentWindowHandle on session 62cbf3bca7140f0f3d88bfc52c1e871d to remote] DEBUG org.asynchttpclient.netty.request.NettyRequestSender - Using open Channel [id: 0x25914afc, L:/127.0.0.1:52530 - R:localhost/127.0.0.1:55442] for GET '/session/62cbf3bca7140f0f3d88bfc52c1e871d/window'
11:14:40.128 [AsyncHttpClient-1-2] DEBUG org.asynchttpclient.netty.handler.HttpHandler - 

Request DefaultFullHttpRequest(decodeResult: success, version: HTTP/1.1, content: EmptyByteBufBE)
GET /session/62cbf3bca7140f0f3d88bfc52c1e871d/window HTTP/1.1
User-Agent: selenium/4.4.0 (java windows)
Cache-Control: no-cache
Content-Type: application/json; charset=utf-8
host: localhost:55442
accept: */*

Response DefaultHttpResponse(decodeResult: success, version: HTTP/1.1)
HTTP/1.1 200 OK
Content-Type: application/json; charset=utf-8
cache-control: no-cache
content-length: 44

11:14:40.128 [AsyncHttpClient-1-2] DEBUG org.asynchttpclient.netty.channel.ChannelManager - Adding key: http://localhost:55442 for channel [id: 0x25914afc, L:/127.0.0.1:52530 - R:localhost/127.0.0.1:55442]
11:14:40.129 [Forwarding getAlertText on session 62cbf3bca7140f0f3d88bfc52c1e871d to remote] DEBUG org.asynchttpclient.netty.request.NettyRequestSender - Using pooled Channel '[id: 0x25914afc, L:/127.0.0.1:52530 - R:localhost/127.0.0.1:55442]' for 'GET' to 'http://localhost:55442/session/62cbf3bca7140f0f3d88bfc52c1e871d/alert/text'
11:14:40.129 [Forwarding getAlertText on session 62cbf3bca7140f0f3d88bfc52c1e871d to remote] DEBUG org.asynchttpclient.netty.request.NettyRequestSender - Using open Channel [id: 0x25914afc, L:/127.0.0.1:52530 - R:localhost/127.0.0.1:55442] for GET '/session/62cbf3bca7140f0f3d88bfc52c1e871d/alert/text'
11:14:40.131 [AsyncHttpClient-1-2] DEBUG org.asynchttpclient.netty.handler.HttpHandler - 

Request DefaultFullHttpRequest(decodeResult: success, version: HTTP/1.1, content: EmptyByteBufBE)
GET /session/62cbf3bca7140f0f3d88bfc52c1e871d/alert/text HTTP/1.1
User-Agent: selenium/4.4.0 (java windows)
Cache-Control: no-cache
Content-Type: application/json; charset=utf-8
host: localhost:55442
accept: */*

Response DefaultHttpResponse(decodeResult: success, version: HTTP/1.1)
HTTP/1.1 404 Not Found
Content-Type: application/json; charset=utf-8
cache-control: no-cache
content-length: 848

11:14:40.131 [AsyncHttpClient-1-2] DEBUG org.asynchttpclient.netty.channel.ChannelManager - Adding key: http://localhost:55442 for channel [id: 0x25914afc, L:/127.0.0.1:52530 - R:localhost/127.0.0.1:55442]
11:14:40.132 [Forwarding switchToWindow on session 62cbf3bca7140f0f3d88bfc52c1e871d to remote] DEBUG org.asynchttpclient.netty.request.NettyRequestSender - Using pooled Channel '[id: 0x25914afc, L:/127.0.0.1:52530 - R:localhost/127.0.0.1:55442]' for 'POST' to 'http://localhost:55442/session/62cbf3bca7140f0f3d88bfc52c1e871d/window'
11:14:40.132 [Forwarding switchToWindow on session 62cbf3bca7140f0f3d88bfc52c1e871d to remote] DEBUG org.asynchttpclient.netty.request.NettyRequestSender - Using open Channel [id: 0x25914afc, L:/127.0.0.1:52530 - R:localhost/127.0.0.1:55442] for POST '/session/62cbf3bca7140f0f3d88bfc52c1e871d/window'
11:14:40.134 [AsyncHttpClient-1-2] DEBUG org.asynchttpclient.netty.handler.HttpHandler - 

Request DefaultHttpRequest(decodeResult: success, version: HTTP/1.1)
POST /session/62cbf3bca7140f0f3d88bfc52c1e871d/window HTTP/1.1
User-Agent: selenium/4.4.0 (java windows)
Content-Length: 50
Content-Type: application/json; charset=utf-8
host: localhost:55442
accept: */*

Response DefaultHttpResponse(decodeResult: success, version: HTTP/1.1)
HTTP/1.1 200 OK
Content-Type: application/json; charset=utf-8
cache-control: no-cache
content-length: 14

11:14:40.134 [AsyncHttpClient-1-2] DEBUG org.asynchttpclient.netty.channel.ChannelManager - Adding key: http://localhost:55442 for channel [id: 0x25914afc, L:/127.0.0.1:52530 - R:localhost/127.0.0.1:55442]
11:14:40.135 [Forwarding getCurrentUrl on session 62cbf3bca7140f0f3d88bfc52c1e871d to remote] DEBUG org.asynchttpclient.netty.request.NettyRequestSender - Using pooled Channel '[id: 0x25914afc, L:/127.0.0.1:52530 - R:localhost/127.0.0.1:55442]' for 'GET' to 'http://localhost:55442/session/62cbf3bca7140f0f3d88bfc52c1e871d/url'
11:14:40.135 [Forwarding getCurrentUrl on session 62cbf3bca7140f0f3d88bfc52c1e871d to remote] DEBUG org.asynchttpclient.netty.request.NettyRequestSender - Using open Channel [id: 0x25914afc, L:/127.0.0.1:52530 - R:localhost/127.0.0.1:55442] for GET '/session/62cbf3bca7140f0f3d88bfc52c1e871d/url'
11:14:40.139 [AsyncHttpClient-1-2] DEBUG org.asynchttpclient.netty.handler.HttpHandler - 

Request DefaultFullHttpRequest(decodeResult: success, version: HTTP/1.1, content: EmptyByteBufBE)
GET /session/62cbf3bca7140f0f3d88bfc52c1e871d/url HTTP/1.1
User-Agent: selenium/4.4.0 (java windows)
Cache-Control: no-cache
Content-Type: application/json; charset=utf-8
host: localhost:55442
accept: */*

Response DefaultHttpResponse(decodeResult: success, version: HTTP/1.1)
HTTP/1.1 200 OK
Content-Type: application/json; charset=utf-8
cache-control: no-cache
content-length: 47

11:14:40.139 [AsyncHttpClient-1-2] DEBUG org.asynchttpclient.netty.channel.ChannelManager - Adding key: http://localhost:55442 for channel [id: 0x25914afc, L:/127.0.0.1:52530 - R:localhost/127.0.0.1:55442]
11:14:40.139 [Forwarding screenshot on session 62cbf3bca7140f0f3d88bfc52c1e871d to remote] DEBUG org.asynchttpclient.netty.request.NettyRequestSender - Using pooled Channel '[id: 0x25914afc, L:/127.0.0.1:52530 - R:localhost/127.0.0.1:55442]' for 'GET' to 'http://localhost:55442/session/62cbf3bca7140f0f3d88bfc52c1e871d/screenshot'
11:14:40.139 [Forwarding screenshot on session 62cbf3bca7140f0f3d88bfc52c1e871d to remote] DEBUG org.asynchttpclient.netty.request.NettyRequestSender - Using open Channel [id: 0x25914afc, L:/127.0.0.1:52530 - R:localhost/127.0.0.1:55442] for GET '/session/62cbf3bca7140f0f3d88bfc52c1e871d/screenshot'
11:14:40.293 [AsyncHttpClient-1-2] DEBUG org.asynchttpclient.netty.handler.HttpHandler - 

Request DefaultFullHttpRequest(decodeResult: success, version: HTTP/1.1, content: EmptyByteBufBE)
GET /session/62cbf3bca7140f0f3d88bfc52c1e871d/screenshot HTTP/1.1
User-Agent: selenium/4.4.0 (java windows)
Cache-Control: no-cache
Content-Type: application/json; charset=utf-8
host: localhost:55442
accept: */*

Response DefaultHttpResponse(decodeResult: success, version: HTTP/1.1)
HTTP/1.1 200 OK
Content-Type: application/json; charset=utf-8
cache-control: no-cache
content-length: 326128

11:14:40.293 [AsyncHttpClient-1-2] DEBUG org.asynchttpclient.netty.channel.ChannelManager - Adding key: http://localhost:55442 for channel [id: 0x25914afc, L:/127.0.0.1:52530 - R:localhost/127.0.0.1:55442]
11:14:40.299 [main] DEBUG net.serenitybdd.core.photography.Darkroom - Send negative for processing for target\site\serenity\66d44f150dce8b70d5e66e0f0740f08a0b0874bcb50e8ff15e8786ab0af6884e.png
11:14:40.332 [Driver Command Executor] DEBUG org.asynchttpclient.netty.request.NettyRequestSender - Using pooled Channel '[id: 0x25914afc, L:/127.0.0.1:52530 - R:localhost/127.0.0.1:55442]' for 'DELETE' to 'http://localhost:55442/session/62cbf3bca7140f0f3d88bfc52c1e871d'
11:14:40.332 [Driver Command Executor] DEBUG org.asynchttpclient.netty.request.NettyRequestSender - Using open Channel [id: 0x25914afc, L:/127.0.0.1:52530 - R:localhost/127.0.0.1:55442] for DELETE '/session/62cbf3bca7140f0f3d88bfc52c1e871d'
11:14:40.333 [AsyncHttpClient-1-4] DEBUG org.asynchttpclient.netty.handler.WebSocketHandler - Channel Closed: [id: 0xf1133cd2, L:/127.0.0.1:52538 ! R:localhost/127.0.0.1:52531] with attribute NettyResponseFuture{currentRetry=0,
	isDone=1,
	isCancelled=0,
	asyncHandler=org.asynchttpclient.ws.WebSocketUpgradeHandler@44f1ae01,
	nettyRequest=org.asynchttpclient.netty.request.NettyRequest@67fcc217,
	future=java.util.concurrent.CompletableFuture@5cb0dfd9[Completed normally],
	uri=ws://localhost:52531/devtools/browser/df41b09d-9ad1-4403-8a61-3dfa56a3d70e,
	keepAlive=true,
	redirectCount=0,
	timeoutsHolder=null,
	inAuth=0,
	touch=1684574056767}
11:14:40.334 [AsyncHttpClient-1-4] DEBUG org.asynchttpclient.netty.channel.ChannelManager - Closing Channel [id: 0xf1133cd2, L:/127.0.0.1:52538 ! R:localhost/127.0.0.1:52531] 
11:14:40.499 [AsyncHttpClient-1-3] DEBUG org.asynchttpclient.netty.handler.HttpHandler - Unexpected I/O exception on channel [id: 0x2b90894a, L:/127.0.0.1:52537 - R:localhost/127.0.0.1:52531]
java.net.SocketException: Connection reset
	at java.base/sun.nio.ch.SocketChannelImpl.throwConnectionReset(SocketChannelImpl.java:401)
	at java.base/sun.nio.ch.SocketChannelImpl.read(SocketChannelImpl.java:434)
	at io.netty.buffer.PooledByteBuf.setBytes(PooledByteBuf.java:258)
	at io.netty.buffer.AbstractByteBuf.writeBytes(AbstractByteBuf.java:1132)
	at io.netty.channel.socket.nio.NioSocketChannel.doReadBytes(NioSocketChannel.java:357)
	at io.netty.channel.nio.AbstractNioByteChannel$NioByteUnsafe.read(AbstractNioByteChannel.java:151)
	at io.netty.channel.nio.NioEventLoop.processSelectedKey(NioEventLoop.java:722)
	at io.netty.channel.nio.NioEventLoop.processSelectedKeysOptimized(NioEventLoop.java:658)
	at io.netty.channel.nio.NioEventLoop.processSelectedKeys(NioEventLoop.java:584)
	at io.netty.channel.nio.NioEventLoop.run(NioEventLoop.java:496)
	at io.netty.util.concurrent.SingleThreadEventExecutor$4.run(SingleThreadEventExecutor.java:997)
	at io.netty.util.internal.ThreadExecutorMap$2.run(ThreadExecutorMap.java:74)
	at io.netty.util.concurrent.FastThreadLocalRunnable.run(FastThreadLocalRunnable.java:30)
	at java.base/java.lang.Thread.run(Thread.java:1589)
11:14:40.499 [AsyncHttpClient-1-3] DEBUG org.asynchttpclient.netty.channel.ChannelManager - Closing Channel [id: 0x2b90894a, L:/127.0.0.1:52537 - R:localhost/127.0.0.1:52531] 
11:14:40.500 [AsyncHttpClient-1-3] DEBUG org.asynchttpclient.netty.handler.HttpHandler - Channel Closed: [id: 0x2b90894a, L:/127.0.0.1:52537 ! R:localhost/127.0.0.1:52531] with attribute DISCARD
11:14:40.526 [AsyncHttpClient-1-2] DEBUG org.asynchttpclient.netty.handler.HttpHandler - 

Request DefaultFullHttpRequest(decodeResult: success, version: HTTP/1.1, content: EmptyByteBufBE)
DELETE /session/62cbf3bca7140f0f3d88bfc52c1e871d HTTP/1.1
User-Agent: selenium/4.4.0 (java windows)
Content-Type: application/json; charset=utf-8
host: localhost:55442
accept: */*

Response DefaultHttpResponse(decodeResult: success, version: HTTP/1.1)
HTTP/1.1 200 OK
Content-Type: application/json; charset=utf-8
cache-control: no-cache
content-length: 14

11:14:40.526 [AsyncHttpClient-1-2] DEBUG org.asynchttpclient.netty.channel.ChannelManager - Adding key: http://localhost:55442 for channel [id: 0x25914afc, L:/127.0.0.1:52530 - R:localhost/127.0.0.1:55442]
11:14:40.633 [AsyncHttpClient-1-2] DEBUG org.asynchttpclient.netty.handler.HttpHandler - Channel Closed: [id: 0x25914afc, L:/127.0.0.1:52530 ! R:localhost/127.0.0.1:55442] with attribute DISCARD
11:14:40.691 [main] INFO  - 
  _____   ___   ___   _____     ___     _     ___   ___   ___   ___  
 |_   _| | __| / __| |_   _|   | _ \   /_\   / __| / __| | __| |   \ 
   | |   | _|  \__ \   | |     |  _/  / _ \  \__ \ \__ \ | _|  | |) |
   |_|   |___| |___/   |_|     |_|   /_/ \_\ |___/ |___/ |___| |___/ 

Compra de ordenadores
----------------------------------------------------------------------
]]></system-out>
    <system-err><![CDATA[Starting ChromeDriver 113.0.5672.63 (0e1a4471d5ae5bf128b1bd8f4d627c8cbd55f70c-refs/branch-heads/5672@{#912}) on port 55442
Only local connections are allowed.
Please see https://chromedriver.chromium.org/security-considerations for suggestions on keeping ChromeDriver safe.
ChromeDriver was started successfully.
may 20, 2023 11:14:16 A. M. org.openqa.selenium.remote.ProtocolHandshake createSession
INFO: Detected upstream dialect: W3C
may 20, 2023 11:14:16 A. M. org.openqa.selenium.devtools.CdpVersionFinder findNearestMatch
WARNING: Unable to find an exact match for CDP version 113, so returning the closest version found: a no-op implementation
may 20, 2023 11:14:16 A. M. org.openqa.selenium.devtools.CdpVersionFinder findNearestMatch
INFO: Unable to find CDP implementation matching 113.
may 20, 2023 11:14:16 A. M. org.openqa.selenium.chromium.ChromiumDriver lambda$new$3
WARNING: Unable to find version of CDP to use for . You may need to include a dependency on a specific version of the CDP using something similar to `org.seleniumhq.selenium:selenium-devtools-v86:4.4.0` where the version ("v86") matches the version of the chromium-based browser you're using and the version number of the artifact is the same as Selenium's.
]]></system-err>
  </testcase>
  <testcase name="Compra de ordenadores #2" classname="Compras" time="19.002">
    <system-out><![CDATA[
@CompraOrdenadores
Scenario Outline: Compra de ordenadores                                                                       &amp#27;[90m# src/test/resources/features/compras.feature:49&amp#27;[0m
11:14:40.702 [main] INFO io.cucumber.core.plugin.SerenityReporter - Running feature from file:///C:/Users/doprsama/eclipse-workspace/PracticaGradoSerenity/src/test/resources/features/compras.feature
11:14:40.758 [main] DEBUG net.thucydides.core.steps.StepInterceptor - STARTING STEP: ComprarDispositivosElectronicosStep.el_usuario_ingresa_en_demoblaze - Abrir Pagina
11:14:40.795 [main] INFO net.serenitybdd.core.webdriver.driverproviders.ChromeDriverProvider - Starting Chrome driver instance with capabilities:
11:14:40.795 [main] INFO net.serenitybdd.core.webdriver.driverproviders.ChromeDriverProvider - Capabilities {acceptInsecureCerts: false, browserName: chrome, goog:chromeOptions: {args: [--no-first-run, --ignore-certificate-errors, --disable-blink-features=Au..., --remote-allow-origins=*, --start-maximized], extensions: []}}
11:14:40.892 [AsyncHttpClient-1-5] DEBUG org.asynchttpclient.netty.channel.NettyConnectListener - Using new Channel '[id: 0x08c5325b, L:/127.0.0.1:52553 - R:localhost/127.0.0.1:52230]' for 'POST' to '/session'
11:14:40.942 [AsyncHttpClient-1-1] DEBUG org.asynchttpclient.netty.channel.DefaultChannelPool - Entry count for : http://localhost:55442 : 1
11:14:40.942 [AsyncHttpClient-1-1] DEBUG org.asynchttpclient.netty.channel.DefaultChannelPool - Entry count for : http://localhost:52531 : 1
11:14:40.942 [AsyncHttpClient-1-1] DEBUG org.asynchttpclient.netty.channel.DefaultChannelPool - Adding Candidate expired Channel [id: 0x25914afc, L:/127.0.0.1:52530 ! R:localhost/127.0.0.1:55442] isIdleTimeoutExpired=false isRemotelyClosed=true isTtlExpired=false
11:14:40.942 [AsyncHttpClient-1-1] DEBUG org.asynchttpclient.netty.channel.DefaultChannelPool - Closing Idle Channel [id: 0x25914afc, L:/127.0.0.1:52530 ! R:localhost/127.0.0.1:55442]
11:14:40.942 [AsyncHttpClient-1-1] DEBUG org.asynchttpclient.netty.channel.DefaultChannelPool - Adding Candidate expired Channel [id: 0x2b90894a, L:/127.0.0.1:52537 ! R:localhost/127.0.0.1:52531] isIdleTimeoutExpired=false isRemotelyClosed=true isTtlExpired=false
11:14:40.942 [AsyncHttpClient-1-1] DEBUG org.asynchttpclient.netty.channel.DefaultChannelPool - Closing Idle Channel [id: 0x2b90894a, L:/127.0.0.1:52537 ! R:localhost/127.0.0.1:52531]
11:14:40.942 [AsyncHttpClient-1-1] DEBUG org.asynchttpclient.netty.channel.DefaultChannelPool - Closed 2 connections out of 2 in 0 ms
11:14:41.422 [AsyncHttpClient-1-5] DEBUG org.asynchttpclient.netty.handler.HttpHandler - 

Request DefaultHttpRequest(decodeResult: success, version: HTTP/1.1)
POST /session HTTP/1.1
User-Agent: selenium/4.4.0 (java windows)
Content-Length: 829
Content-Type: application/json; charset=utf-8
host: localhost:52230
accept: */*

Response DefaultHttpResponse(decodeResult: success, version: HTTP/1.1)
HTTP/1.1 200 OK
Content-Type: application/json; charset=utf-8
cache-control: no-cache
content-length: 861

11:14:41.422 [AsyncHttpClient-1-5] DEBUG org.asynchttpclient.netty.channel.ChannelManager - Adding key: http://localhost:52230 for channel [id: 0x08c5325b, L:/127.0.0.1:52553 - R:localhost/127.0.0.1:52230]
11:14:41.430 [AsyncHttpClient-1-6] DEBUG org.asynchttpclient.netty.channel.NettyConnectListener - Using new Channel '[id: 0x4146a1ae, L:/127.0.0.1:52560 - R:localhost/127.0.0.1:52554]' for 'GET' to '/json/version'
11:14:41.431 [AsyncHttpClient-1-6] DEBUG org.asynchttpclient.netty.handler.HttpHandler - 

Request DefaultFullHttpRequest(decodeResult: success, version: HTTP/1.1, content: EmptyByteBufBE)
GET /json/version HTTP/1.1
User-Agent: selenium/4.4.0 (java windows)
host: localhost:52554
accept: */*

Response DefaultHttpResponse(decodeResult: success, version: HTTP/1.1)
HTTP/1.1 200 OK
Content-Security-Policy: frame-ancestors 'none'
Content-Type: application/json; charset=UTF-8
content-length: 424

11:14:41.432 [AsyncHttpClient-1-6] DEBUG org.asynchttpclient.netty.channel.ChannelManager - Adding key: http://localhost:52554 for channel [id: 0x4146a1ae, L:/127.0.0.1:52560 - R:localhost/127.0.0.1:52554]
11:14:41.434 [AsyncHttpClient-1-7] DEBUG org.asynchttpclient.netty.channel.NettyConnectListener - Using new Channel '[id: 0xd8808ce7, L:/127.0.0.1:52561 - R:localhost/127.0.0.1:52554]' for 'GET' to '/devtools/browser/9ff28c41-aa68-4389-93ff-e48de08c4003'
11:14:41.435 [AsyncHttpClient-1-7] DEBUG org.asynchttpclient.netty.handler.WebSocketHandler - 

Request DefaultFullHttpRequest(decodeResult: success, version: HTTP/1.1, content: EmptyByteBufBE)
GET /devtools/browser/9ff28c41-aa68-4389-93ff-e48de08c4003 HTTP/1.1
upgrade: websocket
connection: upgrade
sec-websocket-key: Yhwps5bkg8nZQJydhDwMMg==
sec-websocket-version: 13
origin: http://localhost:52554
host: localhost:52554
accept: */*
user-agent: AHC/2.1

Response DefaultHttpResponse(decodeResult: success, version: HTTP/1.1)
HTTP/1.1 101 WebSocket Protocol Handshake
Upgrade: WebSocket
Connection: Upgrade
Sec-WebSocket-Accept: 9b0ul2wjzJZNx8fKJMelxfVPmtU=

11:14:41.438 [Forwarding setTimeout on session 8e2d7d43ff9c4efac8a67d5853272167 to remote] DEBUG org.asynchttpclient.netty.request.NettyRequestSender - Using pooled Channel '[id: 0x08c5325b, L:/127.0.0.1:52553 - R:localhost/127.0.0.1:52230]' for 'POST' to 'http://localhost:52230/session/8e2d7d43ff9c4efac8a67d5853272167/timeouts'
11:14:41.438 [Forwarding setTimeout on session 8e2d7d43ff9c4efac8a67d5853272167 to remote] DEBUG org.asynchttpclient.netty.request.NettyRequestSender - Using open Channel [id: 0x08c5325b, L:/127.0.0.1:52553 - R:localhost/127.0.0.1:52230] for POST '/session/8e2d7d43ff9c4efac8a67d5853272167/timeouts'
11:14:41.439 [AsyncHttpClient-1-5] DEBUG org.asynchttpclient.netty.handler.HttpHandler - 

Request DefaultHttpRequest(decodeResult: success, version: HTTP/1.1)
POST /session/8e2d7d43ff9c4efac8a67d5853272167/timeouts HTTP/1.1
User-Agent: selenium/4.4.0 (java windows)
Content-Length: 23
Content-Type: application/json; charset=utf-8
host: localhost:52230
accept: */*

Response DefaultHttpResponse(decodeResult: success, version: HTTP/1.1)
HTTP/1.1 200 OK
Content-Type: application/json; charset=utf-8
cache-control: no-cache
content-length: 14

11:14:41.439 [AsyncHttpClient-1-5] DEBUG org.asynchttpclient.netty.channel.ChannelManager - Adding key: http://localhost:52230 for channel [id: 0x08c5325b, L:/127.0.0.1:52553 - R:localhost/127.0.0.1:52230]
11:14:41.441 [Forwarding get on session 8e2d7d43ff9c4efac8a67d5853272167 to remote] DEBUG org.asynchttpclient.netty.request.NettyRequestSender - Using pooled Channel '[id: 0x08c5325b, L:/127.0.0.1:52553 - R:localhost/127.0.0.1:52230]' for 'POST' to 'http://localhost:52230/session/8e2d7d43ff9c4efac8a67d5853272167/url'
11:14:41.441 [Forwarding get on session 8e2d7d43ff9c4efac8a67d5853272167 to remote] DEBUG org.asynchttpclient.netty.request.NettyRequestSender - Using open Channel [id: 0x08c5325b, L:/127.0.0.1:52553 - R:localhost/127.0.0.1:52230] for POST '/session/8e2d7d43ff9c4efac8a67d5853272167/url'
11:14:42.047 [AsyncHttpClient-1-1] DEBUG org.asynchttpclient.netty.channel.DefaultChannelPool - Entry count for : http://localhost:52554 : 1
11:14:42.498 [AsyncHttpClient-1-5] DEBUG org.asynchttpclient.netty.handler.HttpHandler - 

Request DefaultHttpRequest(decodeResult: success, version: HTTP/1.1)
POST /session/8e2d7d43ff9c4efac8a67d5853272167/url HTTP/1.1
User-Agent: selenium/4.4.0 (java windows)
Content-Length: 66
Content-Type: application/json; charset=utf-8
host: localhost:52230
accept: */*

Response DefaultHttpResponse(decodeResult: success, version: HTTP/1.1)
HTTP/1.1 200 OK
Content-Type: application/json; charset=utf-8
cache-control: no-cache
content-length: 14

11:14:42.498 [AsyncHttpClient-1-5] DEBUG org.asynchttpclient.netty.channel.ChannelManager - Adding key: http://localhost:52230 for channel [id: 0x08c5325b, L:/127.0.0.1:52553 - R:localhost/127.0.0.1:52230]
11:14:42.499 [Forwarding setTimeout on session 8e2d7d43ff9c4efac8a67d5853272167 to remote] DEBUG org.asynchttpclient.netty.request.NettyRequestSender - Using pooled Channel '[id: 0x08c5325b, L:/127.0.0.1:52553 - R:localhost/127.0.0.1:52230]' for 'POST' to 'http://localhost:52230/session/8e2d7d43ff9c4efac8a67d5853272167/timeouts'
11:14:42.499 [Forwarding setTimeout on session 8e2d7d43ff9c4efac8a67d5853272167 to remote] DEBUG org.asynchttpclient.netty.request.NettyRequestSender - Using open Channel [id: 0x08c5325b, L:/127.0.0.1:52553 - R:localhost/127.0.0.1:52230] for POST '/session/8e2d7d43ff9c4efac8a67d5853272167/timeouts'
11:14:42.500 [AsyncHttpClient-1-5] DEBUG org.asynchttpclient.netty.handler.HttpHandler - 

Request DefaultHttpRequest(decodeResult: success, version: HTTP/1.1)
POST /session/8e2d7d43ff9c4efac8a67d5853272167/timeouts HTTP/1.1
User-Agent: selenium/4.4.0 (java windows)
Content-Length: 23
Content-Type: application/json; charset=utf-8
host: localhost:52230
accept: */*

Response DefaultHttpResponse(decodeResult: success, version: HTTP/1.1)
HTTP/1.1 200 OK
Content-Type: application/json; charset=utf-8
cache-control: no-cache
content-length: 14

11:14:42.500 [AsyncHttpClient-1-5] DEBUG org.asynchttpclient.netty.channel.ChannelManager - Adding key: http://localhost:52230 for channel [id: 0x08c5325b, L:/127.0.0.1:52553 - R:localhost/127.0.0.1:52230]
11:14:42.502 [Forwarding getCurrentUrl on session 8e2d7d43ff9c4efac8a67d5853272167 to remote] DEBUG org.asynchttpclient.netty.request.NettyRequestSender - Using pooled Channel '[id: 0x08c5325b, L:/127.0.0.1:52553 - R:localhost/127.0.0.1:52230]' for 'GET' to 'http://localhost:52230/session/8e2d7d43ff9c4efac8a67d5853272167/url'
11:14:42.502 [Forwarding getCurrentUrl on session 8e2d7d43ff9c4efac8a67d5853272167 to remote] DEBUG org.asynchttpclient.netty.request.NettyRequestSender - Using open Channel [id: 0x08c5325b, L:/127.0.0.1:52553 - R:localhost/127.0.0.1:52230] for GET '/session/8e2d7d43ff9c4efac8a67d5853272167/url'
11:14:42.507 [AsyncHttpClient-1-5] DEBUG org.asynchttpclient.netty.handler.HttpHandler - 

Request DefaultFullHttpRequest(decodeResult: success, version: HTTP/1.1, content: EmptyByteBufBE)
GET /session/8e2d7d43ff9c4efac8a67d5853272167/url HTTP/1.1
User-Agent: selenium/4.4.0 (java windows)
Cache-Control: no-cache
Content-Type: application/json; charset=utf-8
host: localhost:52230
accept: */*

Response DefaultHttpResponse(decodeResult: success, version: HTTP/1.1)
HTTP/1.1 200 OK
Content-Type: application/json; charset=utf-8
cache-control: no-cache
content-length: 48

11:14:42.507 [AsyncHttpClient-1-5] DEBUG org.asynchttpclient.netty.channel.ChannelManager - Adding key: http://localhost:52230 for channel [id: 0x08c5325b, L:/127.0.0.1:52553 - R:localhost/127.0.0.1:52230]
11:14:42.508 [Forwarding getCurrentUrl on session 8e2d7d43ff9c4efac8a67d5853272167 to remote] DEBUG org.asynchttpclient.netty.request.NettyRequestSender - Using pooled Channel '[id: 0x08c5325b, L:/127.0.0.1:52553 - R:localhost/127.0.0.1:52230]' for 'GET' to 'http://localhost:52230/session/8e2d7d43ff9c4efac8a67d5853272167/url'
11:14:42.508 [Forwarding getCurrentUrl on session 8e2d7d43ff9c4efac8a67d5853272167 to remote] DEBUG org.asynchttpclient.netty.request.NettyRequestSender - Using open Channel [id: 0x08c5325b, L:/127.0.0.1:52553 - R:localhost/127.0.0.1:52230] for GET '/session/8e2d7d43ff9c4efac8a67d5853272167/url'
11:14:42.513 [AsyncHttpClient-1-5] DEBUG org.asynchttpclient.netty.handler.HttpHandler - 

Request DefaultFullHttpRequest(decodeResult: success, version: HTTP/1.1, content: EmptyByteBufBE)
GET /session/8e2d7d43ff9c4efac8a67d5853272167/url HTTP/1.1
User-Agent: selenium/4.4.0 (java windows)
Cache-Control: no-cache
Content-Type: application/json; charset=utf-8
host: localhost:52230
accept: */*

Response DefaultHttpResponse(decodeResult: success, version: HTTP/1.1)
HTTP/1.1 200 OK
Content-Type: application/json; charset=utf-8
cache-control: no-cache
content-length: 48

11:14:42.513 [AsyncHttpClient-1-5] DEBUG org.asynchttpclient.netty.channel.ChannelManager - Adding key: http://localhost:52230 for channel [id: 0x08c5325b, L:/127.0.0.1:52553 - R:localhost/127.0.0.1:52230]
11:14:43.144 [AsyncHttpClient-1-1] DEBUG org.asynchttpclient.netty.channel.DefaultChannelPool - Entry count for : http://localhost:52230 : 1
11:14:43.144 [AsyncHttpClient-1-1] DEBUG org.asynchttpclient.netty.channel.DefaultChannelPool - Entry count for : http://localhost:52554 : 1
11:14:43.518 [Forwarding screenshot on session 8e2d7d43ff9c4efac8a67d5853272167 to remote] DEBUG org.asynchttpclient.netty.request.NettyRequestSender - Using pooled Channel '[id: 0x08c5325b, L:/127.0.0.1:52553 - R:localhost/127.0.0.1:52230]' for 'GET' to 'http://localhost:52230/session/8e2d7d43ff9c4efac8a67d5853272167/screenshot'
11:14:43.518 [Forwarding screenshot on session 8e2d7d43ff9c4efac8a67d5853272167 to remote] DEBUG org.asynchttpclient.netty.request.NettyRequestSender - Using open Channel [id: 0x08c5325b, L:/127.0.0.1:52553 - R:localhost/127.0.0.1:52230] for GET '/session/8e2d7d43ff9c4efac8a67d5853272167/screenshot'
11:14:43.677 [AsyncHttpClient-1-5] DEBUG org.asynchttpclient.netty.handler.HttpHandler - 

Request DefaultFullHttpRequest(decodeResult: success, version: HTTP/1.1, content: EmptyByteBufBE)
GET /session/8e2d7d43ff9c4efac8a67d5853272167/screenshot HTTP/1.1
User-Agent: selenium/4.4.0 (java windows)
Cache-Control: no-cache
Content-Type: application/json; charset=utf-8
host: localhost:52230
accept: */*

Response DefaultHttpResponse(decodeResult: success, version: HTTP/1.1)
HTTP/1.1 200 OK
Content-Type: application/json; charset=utf-8
cache-control: no-cache
content-length: 454716

11:14:43.678 [AsyncHttpClient-1-5] DEBUG org.asynchttpclient.netty.channel.ChannelManager - Adding key: http://localhost:52230 for channel [id: 0x08c5325b, L:/127.0.0.1:52553 - R:localhost/127.0.0.1:52230]
11:14:43.693 [Forwarding getCurrentWindowHandle on session 8e2d7d43ff9c4efac8a67d5853272167 to remote] DEBUG org.asynchttpclient.netty.request.NettyRequestSender - Using pooled Channel '[id: 0x08c5325b, L:/127.0.0.1:52553 - R:localhost/127.0.0.1:52230]' for 'GET' to 'http://localhost:52230/session/8e2d7d43ff9c4efac8a67d5853272167/window'
11:14:43.693 [Forwarding getCurrentWindowHandle on session 8e2d7d43ff9c4efac8a67d5853272167 to remote] DEBUG org.asynchttpclient.netty.request.NettyRequestSender - Using open Channel [id: 0x08c5325b, L:/127.0.0.1:52553 - R:localhost/127.0.0.1:52230] for GET '/session/8e2d7d43ff9c4efac8a67d5853272167/window'
11:14:43.694 [AsyncHttpClient-1-5] DEBUG org.asynchttpclient.netty.handler.HttpHandler - 

Request DefaultFullHttpRequest(decodeResult: success, version: HTTP/1.1, content: EmptyByteBufBE)
GET /session/8e2d7d43ff9c4efac8a67d5853272167/window HTTP/1.1
User-Agent: selenium/4.4.0 (java windows)
Cache-Control: no-cache
Content-Type: application/json; charset=utf-8
host: localhost:52230
accept: */*

Response DefaultHttpResponse(decodeResult: success, version: HTTP/1.1)
HTTP/1.1 200 OK
Content-Type: application/json; charset=utf-8
cache-control: no-cache
content-length: 44

11:14:43.694 [AsyncHttpClient-1-5] DEBUG org.asynchttpclient.netty.channel.ChannelManager - Adding key: http://localhost:52230 for channel [id: 0x08c5325b, L:/127.0.0.1:52553 - R:localhost/127.0.0.1:52230]
11:14:43.695 [Forwarding getAlertText on session 8e2d7d43ff9c4efac8a67d5853272167 to remote] DEBUG org.asynchttpclient.netty.request.NettyRequestSender - Using pooled Channel '[id: 0x08c5325b, L:/127.0.0.1:52553 - R:localhost/127.0.0.1:52230]' for 'GET' to 'http://localhost:52230/session/8e2d7d43ff9c4efac8a67d5853272167/alert/text'
11:14:43.695 [Forwarding getAlertText on session 8e2d7d43ff9c4efac8a67d5853272167 to remote] DEBUG org.asynchttpclient.netty.request.NettyRequestSender - Using open Channel [id: 0x08c5325b, L:/127.0.0.1:52553 - R:localhost/127.0.0.1:52230] for GET '/session/8e2d7d43ff9c4efac8a67d5853272167/alert/text'
11:14:43.697 [AsyncHttpClient-1-5] DEBUG org.asynchttpclient.netty.handler.HttpHandler - 

Request DefaultFullHttpRequest(decodeResult: success, version: HTTP/1.1, content: EmptyByteBufBE)
GET /session/8e2d7d43ff9c4efac8a67d5853272167/alert/text HTTP/1.1
User-Agent: selenium/4.4.0 (java windows)
Cache-Control: no-cache
Content-Type: application/json; charset=utf-8
host: localhost:52230
accept: */*

Response DefaultHttpResponse(decodeResult: success, version: HTTP/1.1)
HTTP/1.1 404 Not Found
Content-Type: application/json; charset=utf-8
cache-control: no-cache
content-length: 848

11:14:43.697 [AsyncHttpClient-1-5] DEBUG org.asynchttpclient.netty.channel.ChannelManager - Adding key: http://localhost:52230 for channel [id: 0x08c5325b, L:/127.0.0.1:52553 - R:localhost/127.0.0.1:52230]
11:14:43.699 [Forwarding switchToWindow on session 8e2d7d43ff9c4efac8a67d5853272167 to remote] DEBUG org.asynchttpclient.netty.request.NettyRequestSender - Using pooled Channel '[id: 0x08c5325b, L:/127.0.0.1:52553 - R:localhost/127.0.0.1:52230]' for 'POST' to 'http://localhost:52230/session/8e2d7d43ff9c4efac8a67d5853272167/window'
11:14:43.699 [Forwarding switchToWindow on session 8e2d7d43ff9c4efac8a67d5853272167 to remote] DEBUG org.asynchttpclient.netty.request.NettyRequestSender - Using open Channel [id: 0x08c5325b, L:/127.0.0.1:52553 - R:localhost/127.0.0.1:52230] for POST '/session/8e2d7d43ff9c4efac8a67d5853272167/window'
11:14:43.700 [AsyncHttpClient-1-5] DEBUG org.asynchttpclient.netty.handler.HttpHandler - 

Request DefaultHttpRequest(decodeResult: success, version: HTTP/1.1)
POST /session/8e2d7d43ff9c4efac8a67d5853272167/window HTTP/1.1
User-Agent: selenium/4.4.0 (java windows)
Content-Length: 50
Content-Type: application/json; charset=utf-8
host: localhost:52230
accept: */*

Response DefaultHttpResponse(decodeResult: success, version: HTTP/1.1)
HTTP/1.1 200 OK
Content-Type: application/json; charset=utf-8
cache-control: no-cache
content-length: 14

11:14:43.700 [AsyncHttpClient-1-5] DEBUG org.asynchttpclient.netty.channel.ChannelManager - Adding key: http://localhost:52230 for channel [id: 0x08c5325b, L:/127.0.0.1:52553 - R:localhost/127.0.0.1:52230]
11:14:43.701 [Forwarding getCurrentUrl on session 8e2d7d43ff9c4efac8a67d5853272167 to remote] DEBUG org.asynchttpclient.netty.request.NettyRequestSender - Using pooled Channel '[id: 0x08c5325b, L:/127.0.0.1:52553 - R:localhost/127.0.0.1:52230]' for 'GET' to 'http://localhost:52230/session/8e2d7d43ff9c4efac8a67d5853272167/url'
11:14:43.701 [Forwarding getCurrentUrl on session 8e2d7d43ff9c4efac8a67d5853272167 to remote] DEBUG org.asynchttpclient.netty.request.NettyRequestSender - Using open Channel [id: 0x08c5325b, L:/127.0.0.1:52553 - R:localhost/127.0.0.1:52230] for GET '/session/8e2d7d43ff9c4efac8a67d5853272167/url'
11:14:43.704 [AsyncHttpClient-1-5] DEBUG org.asynchttpclient.netty.handler.HttpHandler - 

Request DefaultFullHttpRequest(decodeResult: success, version: HTTP/1.1, content: EmptyByteBufBE)
GET /session/8e2d7d43ff9c4efac8a67d5853272167/url HTTP/1.1
User-Agent: selenium/4.4.0 (java windows)
Cache-Control: no-cache
Content-Type: application/json; charset=utf-8
host: localhost:52230
accept: */*

Response DefaultHttpResponse(decodeResult: success, version: HTTP/1.1)
HTTP/1.1 200 OK
Content-Type: application/json; charset=utf-8
cache-control: no-cache
content-length: 48

11:14:43.704 [AsyncHttpClient-1-5] DEBUG org.asynchttpclient.netty.channel.ChannelManager - Adding key: http://localhost:52230 for channel [id: 0x08c5325b, L:/127.0.0.1:52553 - R:localhost/127.0.0.1:52230]
11:14:43.705 [Forwarding screenshot on session 8e2d7d43ff9c4efac8a67d5853272167 to remote] DEBUG org.asynchttpclient.netty.request.NettyRequestSender - Using pooled Channel '[id: 0x08c5325b, L:/127.0.0.1:52553 - R:localhost/127.0.0.1:52230]' for 'GET' to 'http://localhost:52230/session/8e2d7d43ff9c4efac8a67d5853272167/screenshot'
11:14:43.705 [Forwarding screenshot on session 8e2d7d43ff9c4efac8a67d5853272167 to remote] DEBUG org.asynchttpclient.netty.request.NettyRequestSender - Using open Channel [id: 0x08c5325b, L:/127.0.0.1:52553 - R:localhost/127.0.0.1:52230] for GET '/session/8e2d7d43ff9c4efac8a67d5853272167/screenshot'
11:14:43.859 [AsyncHttpClient-1-5] DEBUG org.asynchttpclient.netty.handler.HttpHandler - 

Request DefaultFullHttpRequest(decodeResult: success, version: HTTP/1.1, content: EmptyByteBufBE)
GET /session/8e2d7d43ff9c4efac8a67d5853272167/screenshot HTTP/1.1
User-Agent: selenium/4.4.0 (java windows)
Cache-Control: no-cache
Content-Type: application/json; charset=utf-8
host: localhost:52230
accept: */*

Response DefaultHttpResponse(decodeResult: success, version: HTTP/1.1)
HTTP/1.1 200 OK
Content-Type: application/json; charset=utf-8
cache-control: no-cache
content-length: 454716

11:14:43.860 [AsyncHttpClient-1-5] DEBUG org.asynchttpclient.netty.channel.ChannelManager - Adding key: http://localhost:52230 for channel [id: 0x08c5325b, L:/127.0.0.1:52553 - R:localhost/127.0.0.1:52230]
11:14:43.867 [main] DEBUG net.serenitybdd.core.photography.Darkroom - Send negative for processing for target\site\serenity\98baa90166e772d4f3e3f5b8446a574d72ac8e9e65ea384dad05c67152019a4c.png
11:14:43.867 [main] DEBUG net.thucydides.core.steps.StepInterceptor - STEP DONE: Abrir Pagina
  &amp#27;[32mGiven &amp#27;[0m&amp#27;[32mel usuario ingresa en DEMOBLAZE&amp#27;[0m                                                                       &amp#27;[90m# Step.ComprarDispositivosElectronicosStep.el_usuario_ingresa_en_demoblaze()&amp#27;[0m
11:14:43.867 [Darkroom Processing Line] DEBUG net.serenitybdd.core.photography.DarkroomProcessingLine - Processing screenshot image in /var/screenshots/screenshot-4550165298576151710
11:14:43.868 [Darkroom Processing Line] DEBUG net.serenitybdd.core.photography.DarkroomProcessingLine - Saving screenshot to target\site\serenity\98baa90166e772d4f3e3f5b8446a574d72ac8e9e65ea384dad05c67152019a4c.png
11:14:43.874 [main] DEBUG net.thucydides.core.steps.StepInterceptor - STARTING STEP: ComprarDispositivosElectronicosStep.el_usuario_se_direge_a_la_pestaña_login - Navega a la pestaña login
11:14:43.875 [Forwarding findElement on session 8e2d7d43ff9c4efac8a67d5853272167 to remote] DEBUG org.asynchttpclient.netty.request.NettyRequestSender - Using pooled Channel '[id: 0x08c5325b, L:/127.0.0.1:52553 - R:localhost/127.0.0.1:52230]' for 'POST' to 'http://localhost:52230/session/8e2d7d43ff9c4efac8a67d5853272167/element'
11:14:43.875 [Forwarding findElement on session 8e2d7d43ff9c4efac8a67d5853272167 to remote] DEBUG org.asynchttpclient.netty.request.NettyRequestSender - Using open Channel [id: 0x08c5325b, L:/127.0.0.1:52553 - R:localhost/127.0.0.1:52230] for POST '/session/8e2d7d43ff9c4efac8a67d5853272167/element'
11:14:43.888 [AsyncHttpClient-1-5] DEBUG org.asynchttpclient.netty.handler.HttpHandler - 

Request DefaultHttpRequest(decodeResult: success, version: HTTP/1.1)
POST /session/8e2d7d43ff9c4efac8a67d5853272167/element HTTP/1.1
User-Agent: selenium/4.4.0 (java windows)
Content-Length: 77
Content-Type: application/json; charset=utf-8
host: localhost:52230
accept: */*

Response DefaultHttpResponse(decodeResult: success, version: HTTP/1.1)
HTTP/1.1 200 OK
Content-Type: application/json; charset=utf-8
cache-control: no-cache
content-length: 95

11:14:43.888 [AsyncHttpClient-1-5] DEBUG org.asynchttpclient.netty.channel.ChannelManager - Adding key: http://localhost:52230 for channel [id: 0x08c5325b, L:/127.0.0.1:52553 - R:localhost/127.0.0.1:52230]
11:14:43.890 [Forwarding isElementDisplayed on session 8e2d7d43ff9c4efac8a67d5853272167 to remote] DEBUG org.asynchttpclient.netty.request.NettyRequestSender - Using pooled Channel '[id: 0x08c5325b, L:/127.0.0.1:52553 - R:localhost/127.0.0.1:52230]' for 'POST' to 'http://localhost:52230/session/8e2d7d43ff9c4efac8a67d5853272167/execute/sync'
11:14:43.890 [Forwarding isElementDisplayed on session 8e2d7d43ff9c4efac8a67d5853272167 to remote] DEBUG org.asynchttpclient.netty.request.NettyRequestSender - Using open Channel [id: 0x08c5325b, L:/127.0.0.1:52553 - R:localhost/127.0.0.1:52230] for POST '/session/8e2d7d43ff9c4efac8a67d5853272167/execute/sync'
11:14:43.902 [AsyncHttpClient-1-5] DEBUG org.asynchttpclient.netty.handler.HttpHandler - 

Request DefaultHttpRequest(decodeResult: success, version: HTTP/1.1)
POST /session/8e2d7d43ff9c4efac8a67d5853272167/execute/sync HTTP/1.1
User-Agent: selenium/4.4.0 (java windows)
Content-Length: 48787
Content-Type: application/json; charset=utf-8
host: localhost:52230
accept: */*

Response DefaultHttpResponse(decodeResult: success, version: HTTP/1.1)
HTTP/1.1 200 OK
Content-Type: application/json; charset=utf-8
cache-control: no-cache
content-length: 14

11:14:43.902 [AsyncHttpClient-1-5] DEBUG org.asynchttpclient.netty.channel.ChannelManager - Adding key: http://localhost:52230 for channel [id: 0x08c5325b, L:/127.0.0.1:52553 - R:localhost/127.0.0.1:52230]
11:14:43.904 [Forwarding isElementDisplayed on session 8e2d7d43ff9c4efac8a67d5853272167 to remote] DEBUG org.asynchttpclient.netty.request.NettyRequestSender - Using pooled Channel '[id: 0x08c5325b, L:/127.0.0.1:52553 - R:localhost/127.0.0.1:52230]' for 'POST' to 'http://localhost:52230/session/8e2d7d43ff9c4efac8a67d5853272167/execute/sync'
11:14:43.905 [Forwarding isElementDisplayed on session 8e2d7d43ff9c4efac8a67d5853272167 to remote] DEBUG org.asynchttpclient.netty.request.NettyRequestSender - Using open Channel [id: 0x08c5325b, L:/127.0.0.1:52553 - R:localhost/127.0.0.1:52230] for POST '/session/8e2d7d43ff9c4efac8a67d5853272167/execute/sync'
11:14:43.915 [AsyncHttpClient-1-5] DEBUG org.asynchttpclient.netty.handler.HttpHandler - 

Request DefaultHttpRequest(decodeResult: success, version: HTTP/1.1)
POST /session/8e2d7d43ff9c4efac8a67d5853272167/execute/sync HTTP/1.1
User-Agent: selenium/4.4.0 (java windows)
Content-Length: 48787
Content-Type: application/json; charset=utf-8
host: localhost:52230
accept: */*

Response DefaultHttpResponse(decodeResult: success, version: HTTP/1.1)
HTTP/1.1 200 OK
Content-Type: application/json; charset=utf-8
cache-control: no-cache
content-length: 14

11:14:43.916 [AsyncHttpClient-1-5] DEBUG org.asynchttpclient.netty.channel.ChannelManager - Adding key: http://localhost:52230 for channel [id: 0x08c5325b, L:/127.0.0.1:52553 - R:localhost/127.0.0.1:52230]
11:14:43.917 [Forwarding findElement on session 8e2d7d43ff9c4efac8a67d5853272167 to remote] DEBUG org.asynchttpclient.netty.request.NettyRequestSender - Using pooled Channel '[id: 0x08c5325b, L:/127.0.0.1:52553 - R:localhost/127.0.0.1:52230]' for 'POST' to 'http://localhost:52230/session/8e2d7d43ff9c4efac8a67d5853272167/element'
11:14:43.917 [Forwarding findElement on session 8e2d7d43ff9c4efac8a67d5853272167 to remote] DEBUG org.asynchttpclient.netty.request.NettyRequestSender - Using open Channel [id: 0x08c5325b, L:/127.0.0.1:52553 - R:localhost/127.0.0.1:52230] for POST '/session/8e2d7d43ff9c4efac8a67d5853272167/element'
11:14:43.922 [AsyncHttpClient-1-5] DEBUG org.asynchttpclient.netty.handler.HttpHandler - 

Request DefaultHttpRequest(decodeResult: success, version: HTTP/1.1)
POST /session/8e2d7d43ff9c4efac8a67d5853272167/element HTTP/1.1
User-Agent: selenium/4.4.0 (java windows)
Content-Length: 77
Content-Type: application/json; charset=utf-8
host: localhost:52230
accept: */*

Response DefaultHttpResponse(decodeResult: success, version: HTTP/1.1)
HTTP/1.1 200 OK
Content-Type: application/json; charset=utf-8
cache-control: no-cache
content-length: 95

11:14:43.922 [AsyncHttpClient-1-5] DEBUG org.asynchttpclient.netty.channel.ChannelManager - Adding key: http://localhost:52230 for channel [id: 0x08c5325b, L:/127.0.0.1:52553 - R:localhost/127.0.0.1:52230]
11:14:43.924 [Forwarding isElementDisplayed on session 8e2d7d43ff9c4efac8a67d5853272167 to remote] DEBUG org.asynchttpclient.netty.request.NettyRequestSender - Using pooled Channel '[id: 0x08c5325b, L:/127.0.0.1:52553 - R:localhost/127.0.0.1:52230]' for 'POST' to 'http://localhost:52230/session/8e2d7d43ff9c4efac8a67d5853272167/execute/sync'
11:14:43.924 [Forwarding isElementDisplayed on session 8e2d7d43ff9c4efac8a67d5853272167 to remote] DEBUG org.asynchttpclient.netty.request.NettyRequestSender - Using open Channel [id: 0x08c5325b, L:/127.0.0.1:52553 - R:localhost/127.0.0.1:52230] for POST '/session/8e2d7d43ff9c4efac8a67d5853272167/execute/sync'
11:14:43.931 [AsyncHttpClient-1-5] DEBUG org.asynchttpclient.netty.handler.HttpHandler - 

Request DefaultHttpRequest(decodeResult: success, version: HTTP/1.1)
POST /session/8e2d7d43ff9c4efac8a67d5853272167/execute/sync HTTP/1.1
User-Agent: selenium/4.4.0 (java windows)
Content-Length: 48787
Content-Type: application/json; charset=utf-8
host: localhost:52230
accept: */*

Response DefaultHttpResponse(decodeResult: success, version: HTTP/1.1)
HTTP/1.1 200 OK
Content-Type: application/json; charset=utf-8
cache-control: no-cache
content-length: 14

11:14:43.931 [AsyncHttpClient-1-5] DEBUG org.asynchttpclient.netty.channel.ChannelManager - Adding key: http://localhost:52230 for channel [id: 0x08c5325b, L:/127.0.0.1:52553 - R:localhost/127.0.0.1:52230]
11:14:43.932 [Forwarding isElementEnabled on session 8e2d7d43ff9c4efac8a67d5853272167 to remote] DEBUG org.asynchttpclient.netty.request.NettyRequestSender - Using pooled Channel '[id: 0x08c5325b, L:/127.0.0.1:52553 - R:localhost/127.0.0.1:52230]' for 'GET' to 'http://localhost:52230/session/8e2d7d43ff9c4efac8a67d5853272167/element/D0CFA8BDFAD9D5C5060B2709895552D9_element_35/enabled'
11:14:43.932 [Forwarding isElementEnabled on session 8e2d7d43ff9c4efac8a67d5853272167 to remote] DEBUG org.asynchttpclient.netty.request.NettyRequestSender - Using open Channel [id: 0x08c5325b, L:/127.0.0.1:52553 - R:localhost/127.0.0.1:52230] for GET '/session/8e2d7d43ff9c4efac8a67d5853272167/element/D0CFA8BDFAD9D5C5060B2709895552D9_element_35/enabled'
11:14:43.938 [AsyncHttpClient-1-5] DEBUG org.asynchttpclient.netty.handler.HttpHandler - 

Request DefaultFullHttpRequest(decodeResult: success, version: HTTP/1.1, content: EmptyByteBufBE)
GET /session/8e2d7d43ff9c4efac8a67d5853272167/element/D0CFA8BDFAD9D5C5060B2709895552D9_element_35/enabled HTTP/1.1
User-Agent: selenium/4.4.0 (java windows)
Cache-Control: no-cache
Content-Type: application/json; charset=utf-8
host: localhost:52230
accept: */*

Response DefaultHttpResponse(decodeResult: success, version: HTTP/1.1)
HTTP/1.1 200 OK
Content-Type: application/json; charset=utf-8
cache-control: no-cache
content-length: 14

11:14:43.938 [AsyncHttpClient-1-5] DEBUG org.asynchttpclient.netty.channel.ChannelManager - Adding key: http://localhost:52230 for channel [id: 0x08c5325b, L:/127.0.0.1:52553 - R:localhost/127.0.0.1:52230]
11:14:43.940 [Forwarding findElement on session 8e2d7d43ff9c4efac8a67d5853272167 to remote] DEBUG org.asynchttpclient.netty.request.NettyRequestSender - Using pooled Channel '[id: 0x08c5325b, L:/127.0.0.1:52553 - R:localhost/127.0.0.1:52230]' for 'POST' to 'http://localhost:52230/session/8e2d7d43ff9c4efac8a67d5853272167/element'
11:14:43.940 [Forwarding findElement on session 8e2d7d43ff9c4efac8a67d5853272167 to remote] DEBUG org.asynchttpclient.netty.request.NettyRequestSender - Using open Channel [id: 0x08c5325b, L:/127.0.0.1:52553 - R:localhost/127.0.0.1:52230] for POST '/session/8e2d7d43ff9c4efac8a67d5853272167/element'
11:14:43.949 [AsyncHttpClient-1-5] DEBUG org.asynchttpclient.netty.handler.HttpHandler - 

Request DefaultHttpRequest(decodeResult: success, version: HTTP/1.1)
POST /session/8e2d7d43ff9c4efac8a67d5853272167/element HTTP/1.1
User-Agent: selenium/4.4.0 (java windows)
Content-Length: 70
Content-Type: application/json; charset=utf-8
host: localhost:52230
accept: */*

Response DefaultHttpResponse(decodeResult: success, version: HTTP/1.1)
HTTP/1.1 200 OK
Content-Type: application/json; charset=utf-8
cache-control: no-cache
content-length: 95

11:14:43.949 [AsyncHttpClient-1-5] DEBUG org.asynchttpclient.netty.channel.ChannelManager - Adding key: http://localhost:52230 for channel [id: 0x08c5325b, L:/127.0.0.1:52553 - R:localhost/127.0.0.1:52230]
11:14:43.953 [Forwarding isElementDisplayed on session 8e2d7d43ff9c4efac8a67d5853272167 to remote] DEBUG org.asynchttpclient.netty.request.NettyRequestSender - Using pooled Channel '[id: 0x08c5325b, L:/127.0.0.1:52553 - R:localhost/127.0.0.1:52230]' for 'POST' to 'http://localhost:52230/session/8e2d7d43ff9c4efac8a67d5853272167/execute/sync'
11:14:43.953 [Forwarding isElementDisplayed on session 8e2d7d43ff9c4efac8a67d5853272167 to remote] DEBUG org.asynchttpclient.netty.request.NettyRequestSender - Using open Channel [id: 0x08c5325b, L:/127.0.0.1:52553 - R:localhost/127.0.0.1:52230] for POST '/session/8e2d7d43ff9c4efac8a67d5853272167/execute/sync'
11:14:43.961 [AsyncHttpClient-1-5] DEBUG org.asynchttpclient.netty.handler.HttpHandler - 

Request DefaultHttpRequest(decodeResult: success, version: HTTP/1.1)
POST /session/8e2d7d43ff9c4efac8a67d5853272167/execute/sync HTTP/1.1
User-Agent: selenium/4.4.0 (java windows)
Content-Length: 48787
Content-Type: application/json; charset=utf-8
host: localhost:52230
accept: */*

Response DefaultHttpResponse(decodeResult: success, version: HTTP/1.1)
HTTP/1.1 200 OK
Content-Type: application/json; charset=utf-8
cache-control: no-cache
content-length: 14

11:14:43.961 [AsyncHttpClient-1-5] DEBUG org.asynchttpclient.netty.channel.ChannelManager - Adding key: http://localhost:52230 for channel [id: 0x08c5325b, L:/127.0.0.1:52553 - R:localhost/127.0.0.1:52230]
11:14:43.962 [Forwarding findElement on session 8e2d7d43ff9c4efac8a67d5853272167 to remote] DEBUG org.asynchttpclient.netty.request.NettyRequestSender - Using pooled Channel '[id: 0x08c5325b, L:/127.0.0.1:52553 - R:localhost/127.0.0.1:52230]' for 'POST' to 'http://localhost:52230/session/8e2d7d43ff9c4efac8a67d5853272167/element'
11:14:43.963 [Forwarding findElement on session 8e2d7d43ff9c4efac8a67d5853272167 to remote] DEBUG org.asynchttpclient.netty.request.NettyRequestSender - Using open Channel [id: 0x08c5325b, L:/127.0.0.1:52553 - R:localhost/127.0.0.1:52230] for POST '/session/8e2d7d43ff9c4efac8a67d5853272167/element'
11:14:43.968 [AsyncHttpClient-1-5] DEBUG org.asynchttpclient.netty.handler.HttpHandler - 

Request DefaultHttpRequest(decodeResult: success, version: HTTP/1.1)
POST /session/8e2d7d43ff9c4efac8a67d5853272167/element HTTP/1.1
User-Agent: selenium/4.4.0 (java windows)
Content-Length: 77
Content-Type: application/json; charset=utf-8
host: localhost:52230
accept: */*

Response DefaultHttpResponse(decodeResult: success, version: HTTP/1.1)
HTTP/1.1 200 OK
Content-Type: application/json; charset=utf-8
cache-control: no-cache
content-length: 95

11:14:43.968 [AsyncHttpClient-1-5] DEBUG org.asynchttpclient.netty.channel.ChannelManager - Adding key: http://localhost:52230 for channel [id: 0x08c5325b, L:/127.0.0.1:52553 - R:localhost/127.0.0.1:52230]
11:14:43.971 [Forwarding isElementDisplayed on session 8e2d7d43ff9c4efac8a67d5853272167 to remote] DEBUG org.asynchttpclient.netty.request.NettyRequestSender - Using pooled Channel '[id: 0x08c5325b, L:/127.0.0.1:52553 - R:localhost/127.0.0.1:52230]' for 'POST' to 'http://localhost:52230/session/8e2d7d43ff9c4efac8a67d5853272167/execute/sync'
11:14:43.971 [Forwarding isElementDisplayed on session 8e2d7d43ff9c4efac8a67d5853272167 to remote] DEBUG org.asynchttpclient.netty.request.NettyRequestSender - Using open Channel [id: 0x08c5325b, L:/127.0.0.1:52553 - R:localhost/127.0.0.1:52230] for POST '/session/8e2d7d43ff9c4efac8a67d5853272167/execute/sync'
11:14:43.978 [AsyncHttpClient-1-5] DEBUG org.asynchttpclient.netty.handler.HttpHandler - 

Request DefaultHttpRequest(decodeResult: success, version: HTTP/1.1)
POST /session/8e2d7d43ff9c4efac8a67d5853272167/execute/sync HTTP/1.1
User-Agent: selenium/4.4.0 (java windows)
Content-Length: 48787
Content-Type: application/json; charset=utf-8
host: localhost:52230
accept: */*

Response DefaultHttpResponse(decodeResult: success, version: HTTP/1.1)
HTTP/1.1 200 OK
Content-Type: application/json; charset=utf-8
cache-control: no-cache
content-length: 14

11:14:43.978 [AsyncHttpClient-1-5] DEBUG org.asynchttpclient.netty.channel.ChannelManager - Adding key: http://localhost:52230 for channel [id: 0x08c5325b, L:/127.0.0.1:52553 - R:localhost/127.0.0.1:52230]
11:14:43.980 [Forwarding findElement on session 8e2d7d43ff9c4efac8a67d5853272167 to remote] DEBUG org.asynchttpclient.netty.request.NettyRequestSender - Using pooled Channel '[id: 0x08c5325b, L:/127.0.0.1:52553 - R:localhost/127.0.0.1:52230]' for 'POST' to 'http://localhost:52230/session/8e2d7d43ff9c4efac8a67d5853272167/element'
11:14:43.980 [Forwarding findElement on session 8e2d7d43ff9c4efac8a67d5853272167 to remote] DEBUG org.asynchttpclient.netty.request.NettyRequestSender - Using open Channel [id: 0x08c5325b, L:/127.0.0.1:52553 - R:localhost/127.0.0.1:52230] for POST '/session/8e2d7d43ff9c4efac8a67d5853272167/element'
11:14:43.987 [AsyncHttpClient-1-5] DEBUG org.asynchttpclient.netty.handler.HttpHandler - 

Request DefaultHttpRequest(decodeResult: success, version: HTTP/1.1)
POST /session/8e2d7d43ff9c4efac8a67d5853272167/element HTTP/1.1
User-Agent: selenium/4.4.0 (java windows)
Content-Length: 77
Content-Type: application/json; charset=utf-8
host: localhost:52230
accept: */*

Response DefaultHttpResponse(decodeResult: success, version: HTTP/1.1)
HTTP/1.1 200 OK
Content-Type: application/json; charset=utf-8
cache-control: no-cache
content-length: 95

11:14:43.987 [AsyncHttpClient-1-5] DEBUG org.asynchttpclient.netty.channel.ChannelManager - Adding key: http://localhost:52230 for channel [id: 0x08c5325b, L:/127.0.0.1:52553 - R:localhost/127.0.0.1:52230]
11:14:43.990 [Forwarding isElementDisplayed on session 8e2d7d43ff9c4efac8a67d5853272167 to remote] DEBUG org.asynchttpclient.netty.request.NettyRequestSender - Using pooled Channel '[id: 0x08c5325b, L:/127.0.0.1:52553 - R:localhost/127.0.0.1:52230]' for 'POST' to 'http://localhost:52230/session/8e2d7d43ff9c4efac8a67d5853272167/execute/sync'
11:14:43.990 [Forwarding isElementDisplayed on session 8e2d7d43ff9c4efac8a67d5853272167 to remote] DEBUG org.asynchttpclient.netty.request.NettyRequestSender - Using open Channel [id: 0x08c5325b, L:/127.0.0.1:52553 - R:localhost/127.0.0.1:52230] for POST '/session/8e2d7d43ff9c4efac8a67d5853272167/execute/sync'
11:14:43.996 [AsyncHttpClient-1-5] DEBUG org.asynchttpclient.netty.handler.HttpHandler - 

Request DefaultHttpRequest(decodeResult: success, version: HTTP/1.1)
POST /session/8e2d7d43ff9c4efac8a67d5853272167/execute/sync HTTP/1.1
User-Agent: selenium/4.4.0 (java windows)
Content-Length: 48787
Content-Type: application/json; charset=utf-8
host: localhost:52230
accept: */*

Response DefaultHttpResponse(decodeResult: success, version: HTTP/1.1)
HTTP/1.1 200 OK
Content-Type: application/json; charset=utf-8
cache-control: no-cache
content-length: 14

11:14:43.997 [AsyncHttpClient-1-5] DEBUG org.asynchttpclient.netty.channel.ChannelManager - Adding key: http://localhost:52230 for channel [id: 0x08c5325b, L:/127.0.0.1:52553 - R:localhost/127.0.0.1:52230]
11:14:43.999 [Forwarding isElementDisplayed on session 8e2d7d43ff9c4efac8a67d5853272167 to remote] DEBUG org.asynchttpclient.netty.request.NettyRequestSender - Using pooled Channel '[id: 0x08c5325b, L:/127.0.0.1:52553 - R:localhost/127.0.0.1:52230]' for 'POST' to 'http://localhost:52230/session/8e2d7d43ff9c4efac8a67d5853272167/execute/sync'
11:14:43.999 [Forwarding isElementDisplayed on session 8e2d7d43ff9c4efac8a67d5853272167 to remote] DEBUG org.asynchttpclient.netty.request.NettyRequestSender - Using open Channel [id: 0x08c5325b, L:/127.0.0.1:52553 - R:localhost/127.0.0.1:52230] for POST '/session/8e2d7d43ff9c4efac8a67d5853272167/execute/sync'
11:14:44.005 [AsyncHttpClient-1-5] DEBUG org.asynchttpclient.netty.handler.HttpHandler - 

Request DefaultHttpRequest(decodeResult: success, version: HTTP/1.1)
POST /session/8e2d7d43ff9c4efac8a67d5853272167/execute/sync HTTP/1.1
User-Agent: selenium/4.4.0 (java windows)
Content-Length: 48787
Content-Type: application/json; charset=utf-8
host: localhost:52230
accept: */*

Response DefaultHttpResponse(decodeResult: success, version: HTTP/1.1)
HTTP/1.1 200 OK
Content-Type: application/json; charset=utf-8
cache-control: no-cache
content-length: 14

11:14:44.005 [AsyncHttpClient-1-5] DEBUG org.asynchttpclient.netty.channel.ChannelManager - Adding key: http://localhost:52230 for channel [id: 0x08c5325b, L:/127.0.0.1:52553 - R:localhost/127.0.0.1:52230]
11:14:44.006 [Forwarding findElement on session 8e2d7d43ff9c4efac8a67d5853272167 to remote] DEBUG org.asynchttpclient.netty.request.NettyRequestSender - Using pooled Channel '[id: 0x08c5325b, L:/127.0.0.1:52553 - R:localhost/127.0.0.1:52230]' for 'POST' to 'http://localhost:52230/session/8e2d7d43ff9c4efac8a67d5853272167/element'
11:14:44.006 [Forwarding findElement on session 8e2d7d43ff9c4efac8a67d5853272167 to remote] DEBUG org.asynchttpclient.netty.request.NettyRequestSender - Using open Channel [id: 0x08c5325b, L:/127.0.0.1:52553 - R:localhost/127.0.0.1:52230] for POST '/session/8e2d7d43ff9c4efac8a67d5853272167/element'
11:14:44.012 [AsyncHttpClient-1-5] DEBUG org.asynchttpclient.netty.handler.HttpHandler - 

Request DefaultHttpRequest(decodeResult: success, version: HTTP/1.1)
POST /session/8e2d7d43ff9c4efac8a67d5853272167/element HTTP/1.1
User-Agent: selenium/4.4.0 (java windows)
Content-Length: 77
Content-Type: application/json; charset=utf-8
host: localhost:52230
accept: */*

Response DefaultHttpResponse(decodeResult: success, version: HTTP/1.1)
HTTP/1.1 200 OK
Content-Type: application/json; charset=utf-8
cache-control: no-cache
content-length: 95

11:14:44.012 [AsyncHttpClient-1-5] DEBUG org.asynchttpclient.netty.channel.ChannelManager - Adding key: http://localhost:52230 for channel [id: 0x08c5325b, L:/127.0.0.1:52553 - R:localhost/127.0.0.1:52230]
11:14:44.014 [Forwarding isElementDisplayed on session 8e2d7d43ff9c4efac8a67d5853272167 to remote] DEBUG org.asynchttpclient.netty.request.NettyRequestSender - Using pooled Channel '[id: 0x08c5325b, L:/127.0.0.1:52553 - R:localhost/127.0.0.1:52230]' for 'POST' to 'http://localhost:52230/session/8e2d7d43ff9c4efac8a67d5853272167/execute/sync'
11:14:44.014 [Forwarding isElementDisplayed on session 8e2d7d43ff9c4efac8a67d5853272167 to remote] DEBUG org.asynchttpclient.netty.request.NettyRequestSender - Using open Channel [id: 0x08c5325b, L:/127.0.0.1:52553 - R:localhost/127.0.0.1:52230] for POST '/session/8e2d7d43ff9c4efac8a67d5853272167/execute/sync'
11:14:44.021 [AsyncHttpClient-1-5] DEBUG org.asynchttpclient.netty.handler.HttpHandler - 

Request DefaultHttpRequest(decodeResult: success, version: HTTP/1.1)
POST /session/8e2d7d43ff9c4efac8a67d5853272167/execute/sync HTTP/1.1
User-Agent: selenium/4.4.0 (java windows)
Content-Length: 48787
Content-Type: application/json; charset=utf-8
host: localhost:52230
accept: */*

Response DefaultHttpResponse(decodeResult: success, version: HTTP/1.1)
HTTP/1.1 200 OK
Content-Type: application/json; charset=utf-8
cache-control: no-cache
content-length: 14

11:14:44.021 [AsyncHttpClient-1-5] DEBUG org.asynchttpclient.netty.channel.ChannelManager - Adding key: http://localhost:52230 for channel [id: 0x08c5325b, L:/127.0.0.1:52553 - R:localhost/127.0.0.1:52230]
11:14:44.022 [Forwarding isElementEnabled on session 8e2d7d43ff9c4efac8a67d5853272167 to remote] DEBUG org.asynchttpclient.netty.request.NettyRequestSender - Using pooled Channel '[id: 0x08c5325b, L:/127.0.0.1:52553 - R:localhost/127.0.0.1:52230]' for 'GET' to 'http://localhost:52230/session/8e2d7d43ff9c4efac8a67d5853272167/element/D0CFA8BDFAD9D5C5060B2709895552D9_element_35/enabled'
11:14:44.022 [Forwarding isElementEnabled on session 8e2d7d43ff9c4efac8a67d5853272167 to remote] DEBUG org.asynchttpclient.netty.request.NettyRequestSender - Using open Channel [id: 0x08c5325b, L:/127.0.0.1:52553 - R:localhost/127.0.0.1:52230] for GET '/session/8e2d7d43ff9c4efac8a67d5853272167/element/D0CFA8BDFAD9D5C5060B2709895552D9_element_35/enabled'
11:14:44.026 [AsyncHttpClient-1-5] DEBUG org.asynchttpclient.netty.handler.HttpHandler - 

Request DefaultFullHttpRequest(decodeResult: success, version: HTTP/1.1, content: EmptyByteBufBE)
GET /session/8e2d7d43ff9c4efac8a67d5853272167/element/D0CFA8BDFAD9D5C5060B2709895552D9_element_35/enabled HTTP/1.1
User-Agent: selenium/4.4.0 (java windows)
Cache-Control: no-cache
Content-Type: application/json; charset=utf-8
host: localhost:52230
accept: */*

Response DefaultHttpResponse(decodeResult: success, version: HTTP/1.1)
HTTP/1.1 200 OK
Content-Type: application/json; charset=utf-8
cache-control: no-cache
content-length: 14

11:14:44.026 [AsyncHttpClient-1-5] DEBUG org.asynchttpclient.netty.channel.ChannelManager - Adding key: http://localhost:52230 for channel [id: 0x08c5325b, L:/127.0.0.1:52553 - R:localhost/127.0.0.1:52230]
11:14:44.028 [Forwarding findElement on session 8e2d7d43ff9c4efac8a67d5853272167 to remote] DEBUG org.asynchttpclient.netty.request.NettyRequestSender - Using pooled Channel '[id: 0x08c5325b, L:/127.0.0.1:52553 - R:localhost/127.0.0.1:52230]' for 'POST' to 'http://localhost:52230/session/8e2d7d43ff9c4efac8a67d5853272167/element'
11:14:44.028 [Forwarding findElement on session 8e2d7d43ff9c4efac8a67d5853272167 to remote] DEBUG org.asynchttpclient.netty.request.NettyRequestSender - Using open Channel [id: 0x08c5325b, L:/127.0.0.1:52553 - R:localhost/127.0.0.1:52230] for POST '/session/8e2d7d43ff9c4efac8a67d5853272167/element'
11:14:44.033 [AsyncHttpClient-1-5] DEBUG org.asynchttpclient.netty.handler.HttpHandler - 

Request DefaultHttpRequest(decodeResult: success, version: HTTP/1.1)
POST /session/8e2d7d43ff9c4efac8a67d5853272167/element HTTP/1.1
User-Agent: selenium/4.4.0 (java windows)
Content-Length: 77
Content-Type: application/json; charset=utf-8
host: localhost:52230
accept: */*

Response DefaultHttpResponse(decodeResult: success, version: HTTP/1.1)
HTTP/1.1 200 OK
Content-Type: application/json; charset=utf-8
cache-control: no-cache
content-length: 95

11:14:44.034 [AsyncHttpClient-1-5] DEBUG org.asynchttpclient.netty.channel.ChannelManager - Adding key: http://localhost:52230 for channel [id: 0x08c5325b, L:/127.0.0.1:52553 - R:localhost/127.0.0.1:52230]
11:14:44.036 [Forwarding isElementDisplayed on session 8e2d7d43ff9c4efac8a67d5853272167 to remote] DEBUG org.asynchttpclient.netty.request.NettyRequestSender - Using pooled Channel '[id: 0x08c5325b, L:/127.0.0.1:52553 - R:localhost/127.0.0.1:52230]' for 'POST' to 'http://localhost:52230/session/8e2d7d43ff9c4efac8a67d5853272167/execute/sync'
11:14:44.036 [Forwarding isElementDisplayed on session 8e2d7d43ff9c4efac8a67d5853272167 to remote] DEBUG org.asynchttpclient.netty.request.NettyRequestSender - Using open Channel [id: 0x08c5325b, L:/127.0.0.1:52553 - R:localhost/127.0.0.1:52230] for POST '/session/8e2d7d43ff9c4efac8a67d5853272167/execute/sync'
11:14:44.042 [AsyncHttpClient-1-5] DEBUG org.asynchttpclient.netty.handler.HttpHandler - 

Request DefaultHttpRequest(decodeResult: success, version: HTTP/1.1)
POST /session/8e2d7d43ff9c4efac8a67d5853272167/execute/sync HTTP/1.1
User-Agent: selenium/4.4.0 (java windows)
Content-Length: 48787
Content-Type: application/json; charset=utf-8
host: localhost:52230
accept: */*

Response DefaultHttpResponse(decodeResult: success, version: HTTP/1.1)
HTTP/1.1 200 OK
Content-Type: application/json; charset=utf-8
cache-control: no-cache
content-length: 14

11:14:44.042 [AsyncHttpClient-1-5] DEBUG org.asynchttpclient.netty.channel.ChannelManager - Adding key: http://localhost:52230 for channel [id: 0x08c5325b, L:/127.0.0.1:52553 - R:localhost/127.0.0.1:52230]
11:14:44.043 [Forwarding findElement on session 8e2d7d43ff9c4efac8a67d5853272167 to remote] DEBUG org.asynchttpclient.netty.request.NettyRequestSender - Using pooled Channel '[id: 0x08c5325b, L:/127.0.0.1:52553 - R:localhost/127.0.0.1:52230]' for 'POST' to 'http://localhost:52230/session/8e2d7d43ff9c4efac8a67d5853272167/element'
11:14:44.043 [Forwarding findElement on session 8e2d7d43ff9c4efac8a67d5853272167 to remote] DEBUG org.asynchttpclient.netty.request.NettyRequestSender - Using open Channel [id: 0x08c5325b, L:/127.0.0.1:52553 - R:localhost/127.0.0.1:52230] for POST '/session/8e2d7d43ff9c4efac8a67d5853272167/element'
11:14:44.049 [AsyncHttpClient-1-5] DEBUG org.asynchttpclient.netty.handler.HttpHandler - 

Request DefaultHttpRequest(decodeResult: success, version: HTTP/1.1)
POST /session/8e2d7d43ff9c4efac8a67d5853272167/element HTTP/1.1
User-Agent: selenium/4.4.0 (java windows)
Content-Length: 77
Content-Type: application/json; charset=utf-8
host: localhost:52230
accept: */*

Response DefaultHttpResponse(decodeResult: success, version: HTTP/1.1)
HTTP/1.1 200 OK
Content-Type: application/json; charset=utf-8
cache-control: no-cache
content-length: 95

11:14:44.049 [AsyncHttpClient-1-5] DEBUG org.asynchttpclient.netty.channel.ChannelManager - Adding key: http://localhost:52230 for channel [id: 0x08c5325b, L:/127.0.0.1:52553 - R:localhost/127.0.0.1:52230]
11:14:44.051 [Forwarding isElementDisplayed on session 8e2d7d43ff9c4efac8a67d5853272167 to remote] DEBUG org.asynchttpclient.netty.request.NettyRequestSender - Using pooled Channel '[id: 0x08c5325b, L:/127.0.0.1:52553 - R:localhost/127.0.0.1:52230]' for 'POST' to 'http://localhost:52230/session/8e2d7d43ff9c4efac8a67d5853272167/execute/sync'
11:14:44.051 [Forwarding isElementDisplayed on session 8e2d7d43ff9c4efac8a67d5853272167 to remote] DEBUG org.asynchttpclient.netty.request.NettyRequestSender - Using open Channel [id: 0x08c5325b, L:/127.0.0.1:52553 - R:localhost/127.0.0.1:52230] for POST '/session/8e2d7d43ff9c4efac8a67d5853272167/execute/sync'
11:14:44.056 [AsyncHttpClient-1-5] DEBUG org.asynchttpclient.netty.handler.HttpHandler - 

Request DefaultHttpRequest(decodeResult: success, version: HTTP/1.1)
POST /session/8e2d7d43ff9c4efac8a67d5853272167/execute/sync HTTP/1.1
User-Agent: selenium/4.4.0 (java windows)
Content-Length: 48787
Content-Type: application/json; charset=utf-8
host: localhost:52230
accept: */*

Response DefaultHttpResponse(decodeResult: success, version: HTTP/1.1)
HTTP/1.1 200 OK
Content-Type: application/json; charset=utf-8
cache-control: no-cache
content-length: 14

11:14:44.056 [AsyncHttpClient-1-5] DEBUG org.asynchttpclient.netty.channel.ChannelManager - Adding key: http://localhost:52230 for channel [id: 0x08c5325b, L:/127.0.0.1:52553 - R:localhost/127.0.0.1:52230]
11:14:44.243 [AsyncHttpClient-1-1] DEBUG org.asynchttpclient.netty.channel.DefaultChannelPool - Entry count for : http://localhost:52230 : 1
11:14:44.243 [AsyncHttpClient-1-1] DEBUG org.asynchttpclient.netty.channel.DefaultChannelPool - Entry count for : http://localhost:52554 : 1
11:14:45.067 [Forwarding screenshot on session 8e2d7d43ff9c4efac8a67d5853272167 to remote] DEBUG org.asynchttpclient.netty.request.NettyRequestSender - Using pooled Channel '[id: 0x08c5325b, L:/127.0.0.1:52553 - R:localhost/127.0.0.1:52230]' for 'GET' to 'http://localhost:52230/session/8e2d7d43ff9c4efac8a67d5853272167/screenshot'
11:14:45.067 [Forwarding screenshot on session 8e2d7d43ff9c4efac8a67d5853272167 to remote] DEBUG org.asynchttpclient.netty.request.NettyRequestSender - Using open Channel [id: 0x08c5325b, L:/127.0.0.1:52553 - R:localhost/127.0.0.1:52230] for GET '/session/8e2d7d43ff9c4efac8a67d5853272167/screenshot'
11:14:45.205 [AsyncHttpClient-1-5] DEBUG org.asynchttpclient.netty.handler.HttpHandler - 

Request DefaultFullHttpRequest(decodeResult: success, version: HTTP/1.1, content: EmptyByteBufBE)
GET /session/8e2d7d43ff9c4efac8a67d5853272167/screenshot HTTP/1.1
User-Agent: selenium/4.4.0 (java windows)
Cache-Control: no-cache
Content-Type: application/json; charset=utf-8
host: localhost:52230
accept: */*

Response DefaultHttpResponse(decodeResult: success, version: HTTP/1.1)
HTTP/1.1 200 OK
Content-Type: application/json; charset=utf-8
cache-control: no-cache
content-length: 454716

11:14:45.206 [AsyncHttpClient-1-5] DEBUG org.asynchttpclient.netty.channel.ChannelManager - Adding key: http://localhost:52230 for channel [id: 0x08c5325b, L:/127.0.0.1:52553 - R:localhost/127.0.0.1:52230]
11:14:45.219 [Forwarding findElement on session 8e2d7d43ff9c4efac8a67d5853272167 to remote] DEBUG org.asynchttpclient.netty.request.NettyRequestSender - Using pooled Channel '[id: 0x08c5325b, L:/127.0.0.1:52553 - R:localhost/127.0.0.1:52230]' for 'POST' to 'http://localhost:52230/session/8e2d7d43ff9c4efac8a67d5853272167/element'
11:14:45.219 [Forwarding findElement on session 8e2d7d43ff9c4efac8a67d5853272167 to remote] DEBUG org.asynchttpclient.netty.request.NettyRequestSender - Using open Channel [id: 0x08c5325b, L:/127.0.0.1:52553 - R:localhost/127.0.0.1:52230] for POST '/session/8e2d7d43ff9c4efac8a67d5853272167/element'
11:14:45.227 [AsyncHttpClient-1-5] DEBUG org.asynchttpclient.netty.handler.HttpHandler - 

Request DefaultHttpRequest(decodeResult: success, version: HTTP/1.1)
POST /session/8e2d7d43ff9c4efac8a67d5853272167/element HTTP/1.1
User-Agent: selenium/4.4.0 (java windows)
Content-Length: 77
Content-Type: application/json; charset=utf-8
host: localhost:52230
accept: */*

Response DefaultHttpResponse(decodeResult: success, version: HTTP/1.1)
HTTP/1.1 200 OK
Content-Type: application/json; charset=utf-8
cache-control: no-cache
content-length: 95

11:14:45.227 [AsyncHttpClient-1-5] DEBUG org.asynchttpclient.netty.channel.ChannelManager - Adding key: http://localhost:52230 for channel [id: 0x08c5325b, L:/127.0.0.1:52553 - R:localhost/127.0.0.1:52230]
11:14:45.230 [Forwarding isElementDisplayed on session 8e2d7d43ff9c4efac8a67d5853272167 to remote] DEBUG org.asynchttpclient.netty.request.NettyRequestSender - Using pooled Channel '[id: 0x08c5325b, L:/127.0.0.1:52553 - R:localhost/127.0.0.1:52230]' for 'POST' to 'http://localhost:52230/session/8e2d7d43ff9c4efac8a67d5853272167/execute/sync'
11:14:45.230 [Forwarding isElementDisplayed on session 8e2d7d43ff9c4efac8a67d5853272167 to remote] DEBUG org.asynchttpclient.netty.request.NettyRequestSender - Using open Channel [id: 0x08c5325b, L:/127.0.0.1:52553 - R:localhost/127.0.0.1:52230] for POST '/session/8e2d7d43ff9c4efac8a67d5853272167/execute/sync'
11:14:45.237 [AsyncHttpClient-1-5] DEBUG org.asynchttpclient.netty.handler.HttpHandler - 

Request DefaultHttpRequest(decodeResult: success, version: HTTP/1.1)
POST /session/8e2d7d43ff9c4efac8a67d5853272167/execute/sync HTTP/1.1
User-Agent: selenium/4.4.0 (java windows)
Content-Length: 48787
Content-Type: application/json; charset=utf-8
host: localhost:52230
accept: */*

Response DefaultHttpResponse(decodeResult: success, version: HTTP/1.1)
HTTP/1.1 200 OK
Content-Type: application/json; charset=utf-8
cache-control: no-cache
content-length: 14

11:14:45.238 [AsyncHttpClient-1-5] DEBUG org.asynchttpclient.netty.channel.ChannelManager - Adding key: http://localhost:52230 for channel [id: 0x08c5325b, L:/127.0.0.1:52553 - R:localhost/127.0.0.1:52230]
11:14:45.239 [Forwarding clickElement on session 8e2d7d43ff9c4efac8a67d5853272167 to remote] DEBUG org.asynchttpclient.netty.request.NettyRequestSender - Using pooled Channel '[id: 0x08c5325b, L:/127.0.0.1:52553 - R:localhost/127.0.0.1:52230]' for 'POST' to 'http://localhost:52230/session/8e2d7d43ff9c4efac8a67d5853272167/element/D0CFA8BDFAD9D5C5060B2709895552D9_element_35/click'
11:14:45.239 [Forwarding clickElement on session 8e2d7d43ff9c4efac8a67d5853272167 to remote] DEBUG org.asynchttpclient.netty.request.NettyRequestSender - Using open Channel [id: 0x08c5325b, L:/127.0.0.1:52553 - R:localhost/127.0.0.1:52230] for POST '/session/8e2d7d43ff9c4efac8a67d5853272167/element/D0CFA8BDFAD9D5C5060B2709895552D9_element_35/click'
11:14:45.278 [AsyncHttpClient-1-5] DEBUG org.asynchttpclient.netty.handler.HttpHandler - 

Request DefaultHttpRequest(decodeResult: success, version: HTTP/1.1)
POST /session/8e2d7d43ff9c4efac8a67d5853272167/element/D0CFA8BDFAD9D5C5060B2709895552D9_element_35/click HTTP/1.1
User-Agent: selenium/4.4.0 (java windows)
Content-Length: 57
Content-Type: application/json; charset=utf-8
host: localhost:52230
accept: */*

Response DefaultHttpResponse(decodeResult: success, version: HTTP/1.1)
HTTP/1.1 200 OK
Content-Type: application/json; charset=utf-8
cache-control: no-cache
content-length: 14

11:14:45.278 [AsyncHttpClient-1-5] DEBUG org.asynchttpclient.netty.channel.ChannelManager - Adding key: http://localhost:52230 for channel [id: 0x08c5325b, L:/127.0.0.1:52553 - R:localhost/127.0.0.1:52230]
11:14:45.283 [Forwarding getCurrentWindowHandle on session 8e2d7d43ff9c4efac8a67d5853272167 to remote] DEBUG org.asynchttpclient.netty.request.NettyRequestSender - Using pooled Channel '[id: 0x08c5325b, L:/127.0.0.1:52553 - R:localhost/127.0.0.1:52230]' for 'GET' to 'http://localhost:52230/session/8e2d7d43ff9c4efac8a67d5853272167/window'
11:14:45.283 [Forwarding getCurrentWindowHandle on session 8e2d7d43ff9c4efac8a67d5853272167 to remote] DEBUG org.asynchttpclient.netty.request.NettyRequestSender - Using open Channel [id: 0x08c5325b, L:/127.0.0.1:52553 - R:localhost/127.0.0.1:52230] for GET '/session/8e2d7d43ff9c4efac8a67d5853272167/window'
11:14:45.283 [AsyncHttpClient-1-5] DEBUG org.asynchttpclient.netty.handler.HttpHandler - 

Request DefaultFullHttpRequest(decodeResult: success, version: HTTP/1.1, content: EmptyByteBufBE)
GET /session/8e2d7d43ff9c4efac8a67d5853272167/window HTTP/1.1
User-Agent: selenium/4.4.0 (java windows)
Cache-Control: no-cache
Content-Type: application/json; charset=utf-8
host: localhost:52230
accept: */*

Response DefaultHttpResponse(decodeResult: success, version: HTTP/1.1)
HTTP/1.1 200 OK
Content-Type: application/json; charset=utf-8
cache-control: no-cache
content-length: 44

11:14:45.283 [AsyncHttpClient-1-5] DEBUG org.asynchttpclient.netty.channel.ChannelManager - Adding key: http://localhost:52230 for channel [id: 0x08c5325b, L:/127.0.0.1:52553 - R:localhost/127.0.0.1:52230]
11:14:45.285 [Forwarding getAlertText on session 8e2d7d43ff9c4efac8a67d5853272167 to remote] DEBUG org.asynchttpclient.netty.request.NettyRequestSender - Using pooled Channel '[id: 0x08c5325b, L:/127.0.0.1:52553 - R:localhost/127.0.0.1:52230]' for 'GET' to 'http://localhost:52230/session/8e2d7d43ff9c4efac8a67d5853272167/alert/text'
11:14:45.285 [Forwarding getAlertText on session 8e2d7d43ff9c4efac8a67d5853272167 to remote] DEBUG org.asynchttpclient.netty.request.NettyRequestSender - Using open Channel [id: 0x08c5325b, L:/127.0.0.1:52553 - R:localhost/127.0.0.1:52230] for GET '/session/8e2d7d43ff9c4efac8a67d5853272167/alert/text'
11:14:45.286 [AsyncHttpClient-1-5] DEBUG org.asynchttpclient.netty.handler.HttpHandler - 

Request DefaultFullHttpRequest(decodeResult: success, version: HTTP/1.1, content: EmptyByteBufBE)
GET /session/8e2d7d43ff9c4efac8a67d5853272167/alert/text HTTP/1.1
User-Agent: selenium/4.4.0 (java windows)
Cache-Control: no-cache
Content-Type: application/json; charset=utf-8
host: localhost:52230
accept: */*

Response DefaultHttpResponse(decodeResult: success, version: HTTP/1.1)
HTTP/1.1 404 Not Found
Content-Type: application/json; charset=utf-8
cache-control: no-cache
content-length: 848

11:14:45.286 [AsyncHttpClient-1-5] DEBUG org.asynchttpclient.netty.channel.ChannelManager - Adding key: http://localhost:52230 for channel [id: 0x08c5325b, L:/127.0.0.1:52553 - R:localhost/127.0.0.1:52230]
11:14:45.289 [Forwarding switchToWindow on session 8e2d7d43ff9c4efac8a67d5853272167 to remote] DEBUG org.asynchttpclient.netty.request.NettyRequestSender - Using pooled Channel '[id: 0x08c5325b, L:/127.0.0.1:52553 - R:localhost/127.0.0.1:52230]' for 'POST' to 'http://localhost:52230/session/8e2d7d43ff9c4efac8a67d5853272167/window'
11:14:45.290 [Forwarding switchToWindow on session 8e2d7d43ff9c4efac8a67d5853272167 to remote] DEBUG org.asynchttpclient.netty.request.NettyRequestSender - Using open Channel [id: 0x08c5325b, L:/127.0.0.1:52553 - R:localhost/127.0.0.1:52230] for POST '/session/8e2d7d43ff9c4efac8a67d5853272167/window'
11:14:45.291 [AsyncHttpClient-1-5] DEBUG org.asynchttpclient.netty.handler.HttpHandler - 

Request DefaultHttpRequest(decodeResult: success, version: HTTP/1.1)
POST /session/8e2d7d43ff9c4efac8a67d5853272167/window HTTP/1.1
User-Agent: selenium/4.4.0 (java windows)
Content-Length: 50
Content-Type: application/json; charset=utf-8
host: localhost:52230
accept: */*

Response DefaultHttpResponse(decodeResult: success, version: HTTP/1.1)
HTTP/1.1 200 OK
Content-Type: application/json; charset=utf-8
cache-control: no-cache
content-length: 14

11:14:45.292 [AsyncHttpClient-1-5] DEBUG org.asynchttpclient.netty.channel.ChannelManager - Adding key: http://localhost:52230 for channel [id: 0x08c5325b, L:/127.0.0.1:52553 - R:localhost/127.0.0.1:52230]
11:14:45.294 [Forwarding getCurrentUrl on session 8e2d7d43ff9c4efac8a67d5853272167 to remote] DEBUG org.asynchttpclient.netty.request.NettyRequestSender - Using pooled Channel '[id: 0x08c5325b, L:/127.0.0.1:52553 - R:localhost/127.0.0.1:52230]' for 'GET' to 'http://localhost:52230/session/8e2d7d43ff9c4efac8a67d5853272167/url'
11:14:45.294 [Forwarding getCurrentUrl on session 8e2d7d43ff9c4efac8a67d5853272167 to remote] DEBUG org.asynchttpclient.netty.request.NettyRequestSender - Using open Channel [id: 0x08c5325b, L:/127.0.0.1:52553 - R:localhost/127.0.0.1:52230] for GET '/session/8e2d7d43ff9c4efac8a67d5853272167/url'
11:14:45.298 [AsyncHttpClient-1-5] DEBUG org.asynchttpclient.netty.handler.HttpHandler - 

Request DefaultFullHttpRequest(decodeResult: success, version: HTTP/1.1, content: EmptyByteBufBE)
GET /session/8e2d7d43ff9c4efac8a67d5853272167/url HTTP/1.1
User-Agent: selenium/4.4.0 (java windows)
Cache-Control: no-cache
Content-Type: application/json; charset=utf-8
host: localhost:52230
accept: */*

Response DefaultHttpResponse(decodeResult: success, version: HTTP/1.1)
HTTP/1.1 200 OK
Content-Type: application/json; charset=utf-8
cache-control: no-cache
content-length: 48

11:14:45.298 [AsyncHttpClient-1-5] DEBUG org.asynchttpclient.netty.channel.ChannelManager - Adding key: http://localhost:52230 for channel [id: 0x08c5325b, L:/127.0.0.1:52553 - R:localhost/127.0.0.1:52230]
11:14:45.299 [Forwarding screenshot on session 8e2d7d43ff9c4efac8a67d5853272167 to remote] DEBUG org.asynchttpclient.netty.request.NettyRequestSender - Using pooled Channel '[id: 0x08c5325b, L:/127.0.0.1:52553 - R:localhost/127.0.0.1:52230]' for 'GET' to 'http://localhost:52230/session/8e2d7d43ff9c4efac8a67d5853272167/screenshot'
11:14:45.299 [Forwarding screenshot on session 8e2d7d43ff9c4efac8a67d5853272167 to remote] DEBUG org.asynchttpclient.netty.request.NettyRequestSender - Using open Channel [id: 0x08c5325b, L:/127.0.0.1:52553 - R:localhost/127.0.0.1:52230] for GET '/session/8e2d7d43ff9c4efac8a67d5853272167/screenshot'
11:14:45.346 [AsyncHttpClient-1-1] DEBUG org.asynchttpclient.netty.channel.DefaultChannelPool - Entry count for : http://localhost:52554 : 1
11:14:45.464 [AsyncHttpClient-1-5] DEBUG org.asynchttpclient.netty.handler.HttpHandler - 

Request DefaultFullHttpRequest(decodeResult: success, version: HTTP/1.1, content: EmptyByteBufBE)
GET /session/8e2d7d43ff9c4efac8a67d5853272167/screenshot HTTP/1.1
User-Agent: selenium/4.4.0 (java windows)
Cache-Control: no-cache
Content-Type: application/json; charset=utf-8
host: localhost:52230
accept: */*

Response DefaultHttpResponse(decodeResult: success, version: HTTP/1.1)
HTTP/1.1 200 OK
Content-Type: application/json; charset=utf-8
cache-control: no-cache
content-length: 420408

11:14:45.465 [AsyncHttpClient-1-5] DEBUG org.asynchttpclient.netty.channel.ChannelManager - Adding key: http://localhost:52230 for channel [id: 0x08c5325b, L:/127.0.0.1:52553 - R:localhost/127.0.0.1:52230]
11:14:45.473 [main] DEBUG net.serenitybdd.core.photography.Darkroom - Send negative for processing for target\site\serenity\360a26e9d4335e01067fd3cf2cc93ee53c453f103b25be563ffe1c0030c339c5.png
11:14:45.473 [main] DEBUG net.thucydides.core.steps.StepInterceptor - STEP DONE: Navega a la pestaña login
11:14:45.473 [Darkroom Processing Line] DEBUG net.serenitybdd.core.photography.DarkroomProcessingLine - Processing screenshot image in /var/screenshots/screenshot-6600089257957421877
  &amp#27;[32mAnd &amp#27;[0m&amp#27;[32mel usuario se direge a la pestaña login&amp#27;[0m                                                                 &amp#27;[90m# Step.ComprarDispositivosElectronicosStep.el_usuario_se_direge_a_la_pestaña_login()&amp#27;[0m
11:14:45.473 [Darkroom Processing Line] DEBUG net.serenitybdd.core.photography.DarkroomProcessingLine - Saving screenshot to target\site\serenity\360a26e9d4335e01067fd3cf2cc93ee53c453f103b25be563ffe1c0030c339c5.png
11:14:45.485 [main] DEBUG net.thucydides.core.steps.StepInterceptor - STARTING STEP: ComprarDispositivosElectronicosStep.el_usuario_se_logea_correctamente - el usuario escribe su usuario {usuario}, su password {password} y pulsa el boton Login
11:14:45.486 [Forwarding findElement on session 8e2d7d43ff9c4efac8a67d5853272167 to remote] DEBUG org.asynchttpclient.netty.request.NettyRequestSender - Using pooled Channel '[id: 0x08c5325b, L:/127.0.0.1:52553 - R:localhost/127.0.0.1:52230]' for 'POST' to 'http://localhost:52230/session/8e2d7d43ff9c4efac8a67d5853272167/element'
11:14:45.486 [Forwarding findElement on session 8e2d7d43ff9c4efac8a67d5853272167 to remote] DEBUG org.asynchttpclient.netty.request.NettyRequestSender - Using open Channel [id: 0x08c5325b, L:/127.0.0.1:52553 - R:localhost/127.0.0.1:52230] for POST '/session/8e2d7d43ff9c4efac8a67d5853272167/element'
11:14:45.498 [AsyncHttpClient-1-5] DEBUG org.asynchttpclient.netty.handler.HttpHandler - 

Request DefaultHttpRequest(decodeResult: success, version: HTTP/1.1)
POST /session/8e2d7d43ff9c4efac8a67d5853272167/element HTTP/1.1
User-Agent: selenium/4.4.0 (java windows)
Content-Length: 75
Content-Type: application/json; charset=utf-8
host: localhost:52230
accept: */*

Response DefaultHttpResponse(decodeResult: success, version: HTTP/1.1)
HTTP/1.1 200 OK
Content-Type: application/json; charset=utf-8
cache-control: no-cache
content-length: 95

11:14:45.498 [AsyncHttpClient-1-5] DEBUG org.asynchttpclient.netty.channel.ChannelManager - Adding key: http://localhost:52230 for channel [id: 0x08c5325b, L:/127.0.0.1:52553 - R:localhost/127.0.0.1:52230]
11:14:45.500 [Forwarding isElementDisplayed on session 8e2d7d43ff9c4efac8a67d5853272167 to remote] DEBUG org.asynchttpclient.netty.request.NettyRequestSender - Using pooled Channel '[id: 0x08c5325b, L:/127.0.0.1:52553 - R:localhost/127.0.0.1:52230]' for 'POST' to 'http://localhost:52230/session/8e2d7d43ff9c4efac8a67d5853272167/execute/sync'
11:14:45.500 [Forwarding isElementDisplayed on session 8e2d7d43ff9c4efac8a67d5853272167 to remote] DEBUG org.asynchttpclient.netty.request.NettyRequestSender - Using open Channel [id: 0x08c5325b, L:/127.0.0.1:52553 - R:localhost/127.0.0.1:52230] for POST '/session/8e2d7d43ff9c4efac8a67d5853272167/execute/sync'
11:14:45.509 [AsyncHttpClient-1-5] DEBUG org.asynchttpclient.netty.handler.HttpHandler - 

Request DefaultHttpRequest(decodeResult: success, version: HTTP/1.1)
POST /session/8e2d7d43ff9c4efac8a67d5853272167/execute/sync HTTP/1.1
User-Agent: selenium/4.4.0 (java windows)
Content-Length: 48787
Content-Type: application/json; charset=utf-8
host: localhost:52230
accept: */*

Response DefaultHttpResponse(decodeResult: success, version: HTTP/1.1)
HTTP/1.1 200 OK
Content-Type: application/json; charset=utf-8
cache-control: no-cache
content-length: 14

11:14:45.509 [AsyncHttpClient-1-5] DEBUG org.asynchttpclient.netty.channel.ChannelManager - Adding key: http://localhost:52230 for channel [id: 0x08c5325b, L:/127.0.0.1:52553 - R:localhost/127.0.0.1:52230]
11:14:45.512 [Forwarding isElementDisplayed on session 8e2d7d43ff9c4efac8a67d5853272167 to remote] DEBUG org.asynchttpclient.netty.request.NettyRequestSender - Using pooled Channel '[id: 0x08c5325b, L:/127.0.0.1:52553 - R:localhost/127.0.0.1:52230]' for 'POST' to 'http://localhost:52230/session/8e2d7d43ff9c4efac8a67d5853272167/execute/sync'
11:14:45.512 [Forwarding isElementDisplayed on session 8e2d7d43ff9c4efac8a67d5853272167 to remote] DEBUG org.asynchttpclient.netty.request.NettyRequestSender - Using open Channel [id: 0x08c5325b, L:/127.0.0.1:52553 - R:localhost/127.0.0.1:52230] for POST '/session/8e2d7d43ff9c4efac8a67d5853272167/execute/sync'
11:14:45.519 [AsyncHttpClient-1-5] DEBUG org.asynchttpclient.netty.handler.HttpHandler - 

Request DefaultHttpRequest(decodeResult: success, version: HTTP/1.1)
POST /session/8e2d7d43ff9c4efac8a67d5853272167/execute/sync HTTP/1.1
User-Agent: selenium/4.4.0 (java windows)
Content-Length: 48787
Content-Type: application/json; charset=utf-8
host: localhost:52230
accept: */*

Response DefaultHttpResponse(decodeResult: success, version: HTTP/1.1)
HTTP/1.1 200 OK
Content-Type: application/json; charset=utf-8
cache-control: no-cache
content-length: 14

11:14:45.519 [AsyncHttpClient-1-5] DEBUG org.asynchttpclient.netty.channel.ChannelManager - Adding key: http://localhost:52230 for channel [id: 0x08c5325b, L:/127.0.0.1:52553 - R:localhost/127.0.0.1:52230]
11:14:45.522 [Forwarding findElement on session 8e2d7d43ff9c4efac8a67d5853272167 to remote] DEBUG org.asynchttpclient.netty.request.NettyRequestSender - Using pooled Channel '[id: 0x08c5325b, L:/127.0.0.1:52553 - R:localhost/127.0.0.1:52230]' for 'POST' to 'http://localhost:52230/session/8e2d7d43ff9c4efac8a67d5853272167/element'
11:14:45.522 [Forwarding findElement on session 8e2d7d43ff9c4efac8a67d5853272167 to remote] DEBUG org.asynchttpclient.netty.request.NettyRequestSender - Using open Channel [id: 0x08c5325b, L:/127.0.0.1:52553 - R:localhost/127.0.0.1:52230] for POST '/session/8e2d7d43ff9c4efac8a67d5853272167/element'
11:14:45.528 [AsyncHttpClient-1-5] DEBUG org.asynchttpclient.netty.handler.HttpHandler - 

Request DefaultHttpRequest(decodeResult: success, version: HTTP/1.1)
POST /session/8e2d7d43ff9c4efac8a67d5853272167/element HTTP/1.1
User-Agent: selenium/4.4.0 (java windows)
Content-Length: 75
Content-Type: application/json; charset=utf-8
host: localhost:52230
accept: */*

Response DefaultHttpResponse(decodeResult: success, version: HTTP/1.1)
HTTP/1.1 200 OK
Content-Type: application/json; charset=utf-8
cache-control: no-cache
content-length: 95

11:14:45.528 [AsyncHttpClient-1-5] DEBUG org.asynchttpclient.netty.channel.ChannelManager - Adding key: http://localhost:52230 for channel [id: 0x08c5325b, L:/127.0.0.1:52553 - R:localhost/127.0.0.1:52230]
11:14:45.531 [Forwarding isElementDisplayed on session 8e2d7d43ff9c4efac8a67d5853272167 to remote] DEBUG org.asynchttpclient.netty.request.NettyRequestSender - Using pooled Channel '[id: 0x08c5325b, L:/127.0.0.1:52553 - R:localhost/127.0.0.1:52230]' for 'POST' to 'http://localhost:52230/session/8e2d7d43ff9c4efac8a67d5853272167/execute/sync'
11:14:45.531 [Forwarding isElementDisplayed on session 8e2d7d43ff9c4efac8a67d5853272167 to remote] DEBUG org.asynchttpclient.netty.request.NettyRequestSender - Using open Channel [id: 0x08c5325b, L:/127.0.0.1:52553 - R:localhost/127.0.0.1:52230] for POST '/session/8e2d7d43ff9c4efac8a67d5853272167/execute/sync'
11:14:45.537 [AsyncHttpClient-1-5] DEBUG org.asynchttpclient.netty.handler.HttpHandler - 

Request DefaultHttpRequest(decodeResult: success, version: HTTP/1.1)
POST /session/8e2d7d43ff9c4efac8a67d5853272167/execute/sync HTTP/1.1
User-Agent: selenium/4.4.0 (java windows)
Content-Length: 48787
Content-Type: application/json; charset=utf-8
host: localhost:52230
accept: */*

Response DefaultHttpResponse(decodeResult: success, version: HTTP/1.1)
HTTP/1.1 200 OK
Content-Type: application/json; charset=utf-8
cache-control: no-cache
content-length: 14

11:14:45.537 [AsyncHttpClient-1-5] DEBUG org.asynchttpclient.netty.channel.ChannelManager - Adding key: http://localhost:52230 for channel [id: 0x08c5325b, L:/127.0.0.1:52553 - R:localhost/127.0.0.1:52230]
11:14:45.537 [Forwarding isElementEnabled on session 8e2d7d43ff9c4efac8a67d5853272167 to remote] DEBUG org.asynchttpclient.netty.request.NettyRequestSender - Using pooled Channel '[id: 0x08c5325b, L:/127.0.0.1:52553 - R:localhost/127.0.0.1:52230]' for 'GET' to 'http://localhost:52230/session/8e2d7d43ff9c4efac8a67d5853272167/element/D0CFA8BDFAD9D5C5060B2709895552D9_element_37/enabled'
11:14:45.537 [Forwarding isElementEnabled on session 8e2d7d43ff9c4efac8a67d5853272167 to remote] DEBUG org.asynchttpclient.netty.request.NettyRequestSender - Using open Channel [id: 0x08c5325b, L:/127.0.0.1:52553 - R:localhost/127.0.0.1:52230] for GET '/session/8e2d7d43ff9c4efac8a67d5853272167/element/D0CFA8BDFAD9D5C5060B2709895552D9_element_37/enabled'
11:14:45.542 [AsyncHttpClient-1-5] DEBUG org.asynchttpclient.netty.handler.HttpHandler - 

Request DefaultFullHttpRequest(decodeResult: success, version: HTTP/1.1, content: EmptyByteBufBE)
GET /session/8e2d7d43ff9c4efac8a67d5853272167/element/D0CFA8BDFAD9D5C5060B2709895552D9_element_37/enabled HTTP/1.1
User-Agent: selenium/4.4.0 (java windows)
Cache-Control: no-cache
Content-Type: application/json; charset=utf-8
host: localhost:52230
accept: */*

Response DefaultHttpResponse(decodeResult: success, version: HTTP/1.1)
HTTP/1.1 200 OK
Content-Type: application/json; charset=utf-8
cache-control: no-cache
content-length: 14

11:14:45.543 [AsyncHttpClient-1-5] DEBUG org.asynchttpclient.netty.channel.ChannelManager - Adding key: http://localhost:52230 for channel [id: 0x08c5325b, L:/127.0.0.1:52553 - R:localhost/127.0.0.1:52230]
11:14:45.544 [Forwarding findElement on session 8e2d7d43ff9c4efac8a67d5853272167 to remote] DEBUG org.asynchttpclient.netty.request.NettyRequestSender - Using pooled Channel '[id: 0x08c5325b, L:/127.0.0.1:52553 - R:localhost/127.0.0.1:52230]' for 'POST' to 'http://localhost:52230/session/8e2d7d43ff9c4efac8a67d5853272167/element'
11:14:45.545 [Forwarding findElement on session 8e2d7d43ff9c4efac8a67d5853272167 to remote] DEBUG org.asynchttpclient.netty.request.NettyRequestSender - Using open Channel [id: 0x08c5325b, L:/127.0.0.1:52553 - R:localhost/127.0.0.1:52230] for POST '/session/8e2d7d43ff9c4efac8a67d5853272167/element'
11:14:45.550 [AsyncHttpClient-1-5] DEBUG org.asynchttpclient.netty.handler.HttpHandler - 

Request DefaultHttpRequest(decodeResult: success, version: HTTP/1.1)
POST /session/8e2d7d43ff9c4efac8a67d5853272167/element HTTP/1.1
User-Agent: selenium/4.4.0 (java windows)
Content-Length: 75
Content-Type: application/json; charset=utf-8
host: localhost:52230
accept: */*

Response DefaultHttpResponse(decodeResult: success, version: HTTP/1.1)
HTTP/1.1 200 OK
Content-Type: application/json; charset=utf-8
cache-control: no-cache
content-length: 95

11:14:45.550 [AsyncHttpClient-1-5] DEBUG org.asynchttpclient.netty.channel.ChannelManager - Adding key: http://localhost:52230 for channel [id: 0x08c5325b, L:/127.0.0.1:52553 - R:localhost/127.0.0.1:52230]
11:14:45.553 [Forwarding isElementDisplayed on session 8e2d7d43ff9c4efac8a67d5853272167 to remote] DEBUG org.asynchttpclient.netty.request.NettyRequestSender - Using pooled Channel '[id: 0x08c5325b, L:/127.0.0.1:52553 - R:localhost/127.0.0.1:52230]' for 'POST' to 'http://localhost:52230/session/8e2d7d43ff9c4efac8a67d5853272167/execute/sync'
11:14:45.553 [Forwarding isElementDisplayed on session 8e2d7d43ff9c4efac8a67d5853272167 to remote] DEBUG org.asynchttpclient.netty.request.NettyRequestSender - Using open Channel [id: 0x08c5325b, L:/127.0.0.1:52553 - R:localhost/127.0.0.1:52230] for POST '/session/8e2d7d43ff9c4efac8a67d5853272167/execute/sync'
11:14:45.561 [AsyncHttpClient-1-5] DEBUG org.asynchttpclient.netty.handler.HttpHandler - 

Request DefaultHttpRequest(decodeResult: success, version: HTTP/1.1)
POST /session/8e2d7d43ff9c4efac8a67d5853272167/execute/sync HTTP/1.1
User-Agent: selenium/4.4.0 (java windows)
Content-Length: 48787
Content-Type: application/json; charset=utf-8
host: localhost:52230
accept: */*

Response DefaultHttpResponse(decodeResult: success, version: HTTP/1.1)
HTTP/1.1 200 OK
Content-Type: application/json; charset=utf-8
cache-control: no-cache
content-length: 14

11:14:45.561 [AsyncHttpClient-1-5] DEBUG org.asynchttpclient.netty.channel.ChannelManager - Adding key: http://localhost:52230 for channel [id: 0x08c5325b, L:/127.0.0.1:52553 - R:localhost/127.0.0.1:52230]
11:14:45.562 [Forwarding sendKeysToElement on session 8e2d7d43ff9c4efac8a67d5853272167 to remote] DEBUG org.asynchttpclient.netty.request.NettyRequestSender - Using pooled Channel '[id: 0x08c5325b, L:/127.0.0.1:52553 - R:localhost/127.0.0.1:52230]' for 'POST' to 'http://localhost:52230/session/8e2d7d43ff9c4efac8a67d5853272167/element/D0CFA8BDFAD9D5C5060B2709895552D9_element_37/value'
11:14:45.562 [Forwarding sendKeysToElement on session 8e2d7d43ff9c4efac8a67d5853272167 to remote] DEBUG org.asynchttpclient.netty.request.NettyRequestSender - Using open Channel [id: 0x08c5325b, L:/127.0.0.1:52553 - R:localhost/127.0.0.1:52230] for POST '/session/8e2d7d43ff9c4efac8a67d5853272167/element/D0CFA8BDFAD9D5C5060B2709895552D9_element_37/value'
11:14:45.624 [AsyncHttpClient-1-5] DEBUG org.asynchttpclient.netty.handler.HttpHandler - 

Request DefaultHttpRequest(decodeResult: success, version: HTTP/1.1)
POST /session/8e2d7d43ff9c4efac8a67d5853272167/element/D0CFA8BDFAD9D5C5060B2709895552D9_element_37/value HTTP/1.1
User-Agent: selenium/4.4.0 (java windows)
Content-Length: 162
Content-Type: application/json; charset=utf-8
host: localhost:52230
accept: */*

Response DefaultHttpResponse(decodeResult: success, version: HTTP/1.1)
HTTP/1.1 200 OK
Content-Type: application/json; charset=utf-8
cache-control: no-cache
content-length: 14

11:14:45.625 [AsyncHttpClient-1-5] DEBUG org.asynchttpclient.netty.channel.ChannelManager - Adding key: http://localhost:52230 for channel [id: 0x08c5325b, L:/127.0.0.1:52553 - R:localhost/127.0.0.1:52230]
11:14:45.626 [Forwarding screenshot on session 8e2d7d43ff9c4efac8a67d5853272167 to remote] DEBUG org.asynchttpclient.netty.request.NettyRequestSender - Using pooled Channel '[id: 0x08c5325b, L:/127.0.0.1:52553 - R:localhost/127.0.0.1:52230]' for 'GET' to 'http://localhost:52230/session/8e2d7d43ff9c4efac8a67d5853272167/screenshot'
11:14:45.626 [Forwarding screenshot on session 8e2d7d43ff9c4efac8a67d5853272167 to remote] DEBUG org.asynchttpclient.netty.request.NettyRequestSender - Using open Channel [id: 0x08c5325b, L:/127.0.0.1:52553 - R:localhost/127.0.0.1:52230] for GET '/session/8e2d7d43ff9c4efac8a67d5853272167/screenshot'
11:14:45.776 [AsyncHttpClient-1-5] DEBUG org.asynchttpclient.netty.handler.HttpHandler - 

Request DefaultFullHttpRequest(decodeResult: success, version: HTTP/1.1, content: EmptyByteBufBE)
GET /session/8e2d7d43ff9c4efac8a67d5853272167/screenshot HTTP/1.1
User-Agent: selenium/4.4.0 (java windows)
Cache-Control: no-cache
Content-Type: application/json; charset=utf-8
host: localhost:52230
accept: */*

Response DefaultHttpResponse(decodeResult: success, version: HTTP/1.1)
HTTP/1.1 200 OK
Content-Type: application/json; charset=utf-8
cache-control: no-cache
content-length: 245580

11:14:45.777 [AsyncHttpClient-1-5] DEBUG org.asynchttpclient.netty.channel.ChannelManager - Adding key: http://localhost:52230 for channel [id: 0x08c5325b, L:/127.0.0.1:52553 - R:localhost/127.0.0.1:52230]
11:14:45.791 [Forwarding findElement on session 8e2d7d43ff9c4efac8a67d5853272167 to remote] DEBUG org.asynchttpclient.netty.request.NettyRequestSender - Using pooled Channel '[id: 0x08c5325b, L:/127.0.0.1:52553 - R:localhost/127.0.0.1:52230]' for 'POST' to 'http://localhost:52230/session/8e2d7d43ff9c4efac8a67d5853272167/element'
11:14:45.791 [Forwarding findElement on session 8e2d7d43ff9c4efac8a67d5853272167 to remote] DEBUG org.asynchttpclient.netty.request.NettyRequestSender - Using open Channel [id: 0x08c5325b, L:/127.0.0.1:52553 - R:localhost/127.0.0.1:52230] for POST '/session/8e2d7d43ff9c4efac8a67d5853272167/element'
11:14:45.800 [AsyncHttpClient-1-5] DEBUG org.asynchttpclient.netty.handler.HttpHandler - 

Request DefaultHttpRequest(decodeResult: success, version: HTTP/1.1)
POST /session/8e2d7d43ff9c4efac8a67d5853272167/element HTTP/1.1
User-Agent: selenium/4.4.0 (java windows)
Content-Length: 75
Content-Type: application/json; charset=utf-8
host: localhost:52230
accept: */*

Response DefaultHttpResponse(decodeResult: success, version: HTTP/1.1)
HTTP/1.1 200 OK
Content-Type: application/json; charset=utf-8
cache-control: no-cache
content-length: 95

11:14:45.801 [AsyncHttpClient-1-5] DEBUG org.asynchttpclient.netty.channel.ChannelManager - Adding key: http://localhost:52230 for channel [id: 0x08c5325b, L:/127.0.0.1:52553 - R:localhost/127.0.0.1:52230]
11:14:45.803 [Forwarding isElementDisplayed on session 8e2d7d43ff9c4efac8a67d5853272167 to remote] DEBUG org.asynchttpclient.netty.request.NettyRequestSender - Using pooled Channel '[id: 0x08c5325b, L:/127.0.0.1:52553 - R:localhost/127.0.0.1:52230]' for 'POST' to 'http://localhost:52230/session/8e2d7d43ff9c4efac8a67d5853272167/execute/sync'
11:14:45.803 [Forwarding isElementDisplayed on session 8e2d7d43ff9c4efac8a67d5853272167 to remote] DEBUG org.asynchttpclient.netty.request.NettyRequestSender - Using open Channel [id: 0x08c5325b, L:/127.0.0.1:52553 - R:localhost/127.0.0.1:52230] for POST '/session/8e2d7d43ff9c4efac8a67d5853272167/execute/sync'
11:14:45.810 [AsyncHttpClient-1-5] DEBUG org.asynchttpclient.netty.handler.HttpHandler - 

Request DefaultHttpRequest(decodeResult: success, version: HTTP/1.1)
POST /session/8e2d7d43ff9c4efac8a67d5853272167/execute/sync HTTP/1.1
User-Agent: selenium/4.4.0 (java windows)
Content-Length: 48787
Content-Type: application/json; charset=utf-8
host: localhost:52230
accept: */*

Response DefaultHttpResponse(decodeResult: success, version: HTTP/1.1)
HTTP/1.1 200 OK
Content-Type: application/json; charset=utf-8
cache-control: no-cache
content-length: 14

11:14:45.810 [AsyncHttpClient-1-5] DEBUG org.asynchttpclient.netty.channel.ChannelManager - Adding key: http://localhost:52230 for channel [id: 0x08c5325b, L:/127.0.0.1:52553 - R:localhost/127.0.0.1:52230]
11:14:45.812 [Forwarding isElementDisplayed on session 8e2d7d43ff9c4efac8a67d5853272167 to remote] DEBUG org.asynchttpclient.netty.request.NettyRequestSender - Using pooled Channel '[id: 0x08c5325b, L:/127.0.0.1:52553 - R:localhost/127.0.0.1:52230]' for 'POST' to 'http://localhost:52230/session/8e2d7d43ff9c4efac8a67d5853272167/execute/sync'
11:14:45.812 [Forwarding isElementDisplayed on session 8e2d7d43ff9c4efac8a67d5853272167 to remote] DEBUG org.asynchttpclient.netty.request.NettyRequestSender - Using open Channel [id: 0x08c5325b, L:/127.0.0.1:52553 - R:localhost/127.0.0.1:52230] for POST '/session/8e2d7d43ff9c4efac8a67d5853272167/execute/sync'
11:14:45.818 [AsyncHttpClient-1-5] DEBUG org.asynchttpclient.netty.handler.HttpHandler - 

Request DefaultHttpRequest(decodeResult: success, version: HTTP/1.1)
POST /session/8e2d7d43ff9c4efac8a67d5853272167/execute/sync HTTP/1.1
User-Agent: selenium/4.4.0 (java windows)
Content-Length: 48787
Content-Type: application/json; charset=utf-8
host: localhost:52230
accept: */*

Response DefaultHttpResponse(decodeResult: success, version: HTTP/1.1)
HTTP/1.1 200 OK
Content-Type: application/json; charset=utf-8
cache-control: no-cache
content-length: 14

11:14:45.818 [AsyncHttpClient-1-5] DEBUG org.asynchttpclient.netty.channel.ChannelManager - Adding key: http://localhost:52230 for channel [id: 0x08c5325b, L:/127.0.0.1:52553 - R:localhost/127.0.0.1:52230]
11:14:45.819 [Forwarding findElement on session 8e2d7d43ff9c4efac8a67d5853272167 to remote] DEBUG org.asynchttpclient.netty.request.NettyRequestSender - Using pooled Channel '[id: 0x08c5325b, L:/127.0.0.1:52553 - R:localhost/127.0.0.1:52230]' for 'POST' to 'http://localhost:52230/session/8e2d7d43ff9c4efac8a67d5853272167/element'
11:14:45.819 [Forwarding findElement on session 8e2d7d43ff9c4efac8a67d5853272167 to remote] DEBUG org.asynchttpclient.netty.request.NettyRequestSender - Using open Channel [id: 0x08c5325b, L:/127.0.0.1:52553 - R:localhost/127.0.0.1:52230] for POST '/session/8e2d7d43ff9c4efac8a67d5853272167/element'
11:14:45.826 [AsyncHttpClient-1-5] DEBUG org.asynchttpclient.netty.handler.HttpHandler - 

Request DefaultHttpRequest(decodeResult: success, version: HTTP/1.1)
POST /session/8e2d7d43ff9c4efac8a67d5853272167/element HTTP/1.1
User-Agent: selenium/4.4.0 (java windows)
Content-Length: 75
Content-Type: application/json; charset=utf-8
host: localhost:52230
accept: */*

Response DefaultHttpResponse(decodeResult: success, version: HTTP/1.1)
HTTP/1.1 200 OK
Content-Type: application/json; charset=utf-8
cache-control: no-cache
content-length: 95

11:14:45.826 [AsyncHttpClient-1-5] DEBUG org.asynchttpclient.netty.channel.ChannelManager - Adding key: http://localhost:52230 for channel [id: 0x08c5325b, L:/127.0.0.1:52553 - R:localhost/127.0.0.1:52230]
11:14:45.828 [Forwarding isElementDisplayed on session 8e2d7d43ff9c4efac8a67d5853272167 to remote] DEBUG org.asynchttpclient.netty.request.NettyRequestSender - Using pooled Channel '[id: 0x08c5325b, L:/127.0.0.1:52553 - R:localhost/127.0.0.1:52230]' for 'POST' to 'http://localhost:52230/session/8e2d7d43ff9c4efac8a67d5853272167/execute/sync'
11:14:45.828 [Forwarding isElementDisplayed on session 8e2d7d43ff9c4efac8a67d5853272167 to remote] DEBUG org.asynchttpclient.netty.request.NettyRequestSender - Using open Channel [id: 0x08c5325b, L:/127.0.0.1:52553 - R:localhost/127.0.0.1:52230] for POST '/session/8e2d7d43ff9c4efac8a67d5853272167/execute/sync'
11:14:45.834 [AsyncHttpClient-1-5] DEBUG org.asynchttpclient.netty.handler.HttpHandler - 

Request DefaultHttpRequest(decodeResult: success, version: HTTP/1.1)
POST /session/8e2d7d43ff9c4efac8a67d5853272167/execute/sync HTTP/1.1
User-Agent: selenium/4.4.0 (java windows)
Content-Length: 48787
Content-Type: application/json; charset=utf-8
host: localhost:52230
accept: */*

Response DefaultHttpResponse(decodeResult: success, version: HTTP/1.1)
HTTP/1.1 200 OK
Content-Type: application/json; charset=utf-8
cache-control: no-cache
content-length: 14

11:14:45.834 [AsyncHttpClient-1-5] DEBUG org.asynchttpclient.netty.channel.ChannelManager - Adding key: http://localhost:52230 for channel [id: 0x08c5325b, L:/127.0.0.1:52553 - R:localhost/127.0.0.1:52230]
11:14:45.834 [Forwarding isElementEnabled on session 8e2d7d43ff9c4efac8a67d5853272167 to remote] DEBUG org.asynchttpclient.netty.request.NettyRequestSender - Using pooled Channel '[id: 0x08c5325b, L:/127.0.0.1:52553 - R:localhost/127.0.0.1:52230]' for 'GET' to 'http://localhost:52230/session/8e2d7d43ff9c4efac8a67d5853272167/element/D0CFA8BDFAD9D5C5060B2709895552D9_element_20/enabled'
11:14:45.834 [Forwarding isElementEnabled on session 8e2d7d43ff9c4efac8a67d5853272167 to remote] DEBUG org.asynchttpclient.netty.request.NettyRequestSender - Using open Channel [id: 0x08c5325b, L:/127.0.0.1:52553 - R:localhost/127.0.0.1:52230] for GET '/session/8e2d7d43ff9c4efac8a67d5853272167/element/D0CFA8BDFAD9D5C5060B2709895552D9_element_20/enabled'
11:14:45.839 [AsyncHttpClient-1-5] DEBUG org.asynchttpclient.netty.handler.HttpHandler - 

Request DefaultFullHttpRequest(decodeResult: success, version: HTTP/1.1, content: EmptyByteBufBE)
GET /session/8e2d7d43ff9c4efac8a67d5853272167/element/D0CFA8BDFAD9D5C5060B2709895552D9_element_20/enabled HTTP/1.1
User-Agent: selenium/4.4.0 (java windows)
Cache-Control: no-cache
Content-Type: application/json; charset=utf-8
host: localhost:52230
accept: */*

Response DefaultHttpResponse(decodeResult: success, version: HTTP/1.1)
HTTP/1.1 200 OK
Content-Type: application/json; charset=utf-8
cache-control: no-cache
content-length: 14

11:14:45.839 [AsyncHttpClient-1-5] DEBUG org.asynchttpclient.netty.channel.ChannelManager - Adding key: http://localhost:52230 for channel [id: 0x08c5325b, L:/127.0.0.1:52553 - R:localhost/127.0.0.1:52230]
11:14:45.840 [Forwarding findElement on session 8e2d7d43ff9c4efac8a67d5853272167 to remote] DEBUG org.asynchttpclient.netty.request.NettyRequestSender - Using pooled Channel '[id: 0x08c5325b, L:/127.0.0.1:52553 - R:localhost/127.0.0.1:52230]' for 'POST' to 'http://localhost:52230/session/8e2d7d43ff9c4efac8a67d5853272167/element'
11:14:45.841 [Forwarding findElement on session 8e2d7d43ff9c4efac8a67d5853272167 to remote] DEBUG org.asynchttpclient.netty.request.NettyRequestSender - Using open Channel [id: 0x08c5325b, L:/127.0.0.1:52553 - R:localhost/127.0.0.1:52230] for POST '/session/8e2d7d43ff9c4efac8a67d5853272167/element'
11:14:45.848 [AsyncHttpClient-1-5] DEBUG org.asynchttpclient.netty.handler.HttpHandler - 

Request DefaultHttpRequest(decodeResult: success, version: HTTP/1.1)
POST /session/8e2d7d43ff9c4efac8a67d5853272167/element HTTP/1.1
User-Agent: selenium/4.4.0 (java windows)
Content-Length: 75
Content-Type: application/json; charset=utf-8
host: localhost:52230
accept: */*

Response DefaultHttpResponse(decodeResult: success, version: HTTP/1.1)
HTTP/1.1 200 OK
Content-Type: application/json; charset=utf-8
cache-control: no-cache
content-length: 95

11:14:45.848 [AsyncHttpClient-1-5] DEBUG org.asynchttpclient.netty.channel.ChannelManager - Adding key: http://localhost:52230 for channel [id: 0x08c5325b, L:/127.0.0.1:52553 - R:localhost/127.0.0.1:52230]
11:14:45.850 [Forwarding isElementDisplayed on session 8e2d7d43ff9c4efac8a67d5853272167 to remote] DEBUG org.asynchttpclient.netty.request.NettyRequestSender - Using pooled Channel '[id: 0x08c5325b, L:/127.0.0.1:52553 - R:localhost/127.0.0.1:52230]' for 'POST' to 'http://localhost:52230/session/8e2d7d43ff9c4efac8a67d5853272167/execute/sync'
11:14:45.850 [Forwarding isElementDisplayed on session 8e2d7d43ff9c4efac8a67d5853272167 to remote] DEBUG org.asynchttpclient.netty.request.NettyRequestSender - Using open Channel [id: 0x08c5325b, L:/127.0.0.1:52553 - R:localhost/127.0.0.1:52230] for POST '/session/8e2d7d43ff9c4efac8a67d5853272167/execute/sync'
11:14:45.856 [AsyncHttpClient-1-5] DEBUG org.asynchttpclient.netty.handler.HttpHandler - 

Request DefaultHttpRequest(decodeResult: success, version: HTTP/1.1)
POST /session/8e2d7d43ff9c4efac8a67d5853272167/execute/sync HTTP/1.1
User-Agent: selenium/4.4.0 (java windows)
Content-Length: 48787
Content-Type: application/json; charset=utf-8
host: localhost:52230
accept: */*

Response DefaultHttpResponse(decodeResult: success, version: HTTP/1.1)
HTTP/1.1 200 OK
Content-Type: application/json; charset=utf-8
cache-control: no-cache
content-length: 14

11:14:45.857 [AsyncHttpClient-1-5] DEBUG org.asynchttpclient.netty.channel.ChannelManager - Adding key: http://localhost:52230 for channel [id: 0x08c5325b, L:/127.0.0.1:52553 - R:localhost/127.0.0.1:52230]
11:14:45.858 [Forwarding sendKeysToElement on session 8e2d7d43ff9c4efac8a67d5853272167 to remote] DEBUG org.asynchttpclient.netty.request.NettyRequestSender - Using pooled Channel '[id: 0x08c5325b, L:/127.0.0.1:52553 - R:localhost/127.0.0.1:52230]' for 'POST' to 'http://localhost:52230/session/8e2d7d43ff9c4efac8a67d5853272167/element/D0CFA8BDFAD9D5C5060B2709895552D9_element_20/value'
11:14:45.859 [Forwarding sendKeysToElement on session 8e2d7d43ff9c4efac8a67d5853272167 to remote] DEBUG org.asynchttpclient.netty.request.NettyRequestSender - Using open Channel [id: 0x08c5325b, L:/127.0.0.1:52553 - R:localhost/127.0.0.1:52230] for POST '/session/8e2d7d43ff9c4efac8a67d5853272167/element/D0CFA8BDFAD9D5C5060B2709895552D9_element_20/value'
11:14:45.894 [AsyncHttpClient-1-5] DEBUG org.asynchttpclient.netty.handler.HttpHandler - 

Request DefaultHttpRequest(decodeResult: success, version: HTTP/1.1)
POST /session/8e2d7d43ff9c4efac8a67d5853272167/element/D0CFA8BDFAD9D5C5060B2709895552D9_element_20/value HTTP/1.1
User-Agent: selenium/4.4.0 (java windows)
Content-Length: 162
Content-Type: application/json; charset=utf-8
host: localhost:52230
accept: */*

Response DefaultHttpResponse(decodeResult: success, version: HTTP/1.1)
HTTP/1.1 200 OK
Content-Type: application/json; charset=utf-8
cache-control: no-cache
content-length: 14

11:14:45.894 [AsyncHttpClient-1-5] DEBUG org.asynchttpclient.netty.channel.ChannelManager - Adding key: http://localhost:52230 for channel [id: 0x08c5325b, L:/127.0.0.1:52553 - R:localhost/127.0.0.1:52230]
11:14:45.895 [Forwarding screenshot on session 8e2d7d43ff9c4efac8a67d5853272167 to remote] DEBUG org.asynchttpclient.netty.request.NettyRequestSender - Using pooled Channel '[id: 0x08c5325b, L:/127.0.0.1:52553 - R:localhost/127.0.0.1:52230]' for 'GET' to 'http://localhost:52230/session/8e2d7d43ff9c4efac8a67d5853272167/screenshot'
11:14:45.895 [Forwarding screenshot on session 8e2d7d43ff9c4efac8a67d5853272167 to remote] DEBUG org.asynchttpclient.netty.request.NettyRequestSender - Using open Channel [id: 0x08c5325b, L:/127.0.0.1:52553 - R:localhost/127.0.0.1:52230] for GET '/session/8e2d7d43ff9c4efac8a67d5853272167/screenshot'
11:14:46.036 [AsyncHttpClient-1-5] DEBUG org.asynchttpclient.netty.handler.HttpHandler - 

Request DefaultFullHttpRequest(decodeResult: success, version: HTTP/1.1, content: EmptyByteBufBE)
GET /session/8e2d7d43ff9c4efac8a67d5853272167/screenshot HTTP/1.1
User-Agent: selenium/4.4.0 (java windows)
Cache-Control: no-cache
Content-Type: application/json; charset=utf-8
host: localhost:52230
accept: */*

Response DefaultHttpResponse(decodeResult: success, version: HTTP/1.1)
HTTP/1.1 200 OK
Content-Type: application/json; charset=utf-8
cache-control: no-cache
content-length: 243168

11:14:46.036 [AsyncHttpClient-1-5] DEBUG org.asynchttpclient.netty.channel.ChannelManager - Adding key: http://localhost:52230 for channel [id: 0x08c5325b, L:/127.0.0.1:52553 - R:localhost/127.0.0.1:52230]
11:14:46.051 [main] DEBUG net.thucydides.core.steps.StepInterceptor - STARTING STEP: Logearse.conUsuarioYpassword - clikar login
11:14:46.052 [Forwarding findElement on session 8e2d7d43ff9c4efac8a67d5853272167 to remote] DEBUG org.asynchttpclient.netty.request.NettyRequestSender - Using pooled Channel '[id: 0x08c5325b, L:/127.0.0.1:52553 - R:localhost/127.0.0.1:52230]' for 'POST' to 'http://localhost:52230/session/8e2d7d43ff9c4efac8a67d5853272167/element'
11:14:46.052 [Forwarding findElement on session 8e2d7d43ff9c4efac8a67d5853272167 to remote] DEBUG org.asynchttpclient.netty.request.NettyRequestSender - Using open Channel [id: 0x08c5325b, L:/127.0.0.1:52553 - R:localhost/127.0.0.1:52230] for POST '/session/8e2d7d43ff9c4efac8a67d5853272167/element'
11:14:46.063 [AsyncHttpClient-1-5] DEBUG org.asynchttpclient.netty.handler.HttpHandler - 

Request DefaultHttpRequest(decodeResult: success, version: HTTP/1.1)
POST /session/8e2d7d43ff9c4efac8a67d5853272167/element HTTP/1.1
User-Agent: selenium/4.4.0 (java windows)
Content-Length: 83
Content-Type: application/json; charset=utf-8
host: localhost:52230
accept: */*

Response DefaultHttpResponse(decodeResult: success, version: HTTP/1.1)
HTTP/1.1 200 OK
Content-Type: application/json; charset=utf-8
cache-control: no-cache
content-length: 95

11:14:46.063 [AsyncHttpClient-1-5] DEBUG org.asynchttpclient.netty.channel.ChannelManager - Adding key: http://localhost:52230 for channel [id: 0x08c5325b, L:/127.0.0.1:52553 - R:localhost/127.0.0.1:52230]
11:14:46.066 [Forwarding isElementDisplayed on session 8e2d7d43ff9c4efac8a67d5853272167 to remote] DEBUG org.asynchttpclient.netty.request.NettyRequestSender - Using pooled Channel '[id: 0x08c5325b, L:/127.0.0.1:52553 - R:localhost/127.0.0.1:52230]' for 'POST' to 'http://localhost:52230/session/8e2d7d43ff9c4efac8a67d5853272167/execute/sync'
11:14:46.066 [Forwarding isElementDisplayed on session 8e2d7d43ff9c4efac8a67d5853272167 to remote] DEBUG org.asynchttpclient.netty.request.NettyRequestSender - Using open Channel [id: 0x08c5325b, L:/127.0.0.1:52553 - R:localhost/127.0.0.1:52230] for POST '/session/8e2d7d43ff9c4efac8a67d5853272167/execute/sync'
11:14:46.072 [AsyncHttpClient-1-5] DEBUG org.asynchttpclient.netty.handler.HttpHandler - 

Request DefaultHttpRequest(decodeResult: success, version: HTTP/1.1)
POST /session/8e2d7d43ff9c4efac8a67d5853272167/execute/sync HTTP/1.1
User-Agent: selenium/4.4.0 (java windows)
Content-Length: 48787
Content-Type: application/json; charset=utf-8
host: localhost:52230
accept: */*

Response DefaultHttpResponse(decodeResult: success, version: HTTP/1.1)
HTTP/1.1 200 OK
Content-Type: application/json; charset=utf-8
cache-control: no-cache
content-length: 14

11:14:46.072 [AsyncHttpClient-1-5] DEBUG org.asynchttpclient.netty.channel.ChannelManager - Adding key: http://localhost:52230 for channel [id: 0x08c5325b, L:/127.0.0.1:52553 - R:localhost/127.0.0.1:52230]
11:14:46.073 [Forwarding clickElement on session 8e2d7d43ff9c4efac8a67d5853272167 to remote] DEBUG org.asynchttpclient.netty.request.NettyRequestSender - Using pooled Channel '[id: 0x08c5325b, L:/127.0.0.1:52553 - R:localhost/127.0.0.1:52230]' for 'POST' to 'http://localhost:52230/session/8e2d7d43ff9c4efac8a67d5853272167/element/D0CFA8BDFAD9D5C5060B2709895552D9_element_39/click'
11:14:46.073 [Forwarding clickElement on session 8e2d7d43ff9c4efac8a67d5853272167 to remote] DEBUG org.asynchttpclient.netty.request.NettyRequestSender - Using open Channel [id: 0x08c5325b, L:/127.0.0.1:52553 - R:localhost/127.0.0.1:52230] for POST '/session/8e2d7d43ff9c4efac8a67d5853272167/element/D0CFA8BDFAD9D5C5060B2709895552D9_element_39/click'
11:14:46.099 [AsyncHttpClient-1-5] DEBUG org.asynchttpclient.netty.handler.HttpHandler - 

Request DefaultHttpRequest(decodeResult: success, version: HTTP/1.1)
POST /session/8e2d7d43ff9c4efac8a67d5853272167/element/D0CFA8BDFAD9D5C5060B2709895552D9_element_39/click HTTP/1.1
User-Agent: selenium/4.4.0 (java windows)
Content-Length: 57
Content-Type: application/json; charset=utf-8
host: localhost:52230
accept: */*

Response DefaultHttpResponse(decodeResult: success, version: HTTP/1.1)
HTTP/1.1 200 OK
Content-Type: application/json; charset=utf-8
cache-control: no-cache
content-length: 14

11:14:46.099 [AsyncHttpClient-1-5] DEBUG org.asynchttpclient.netty.channel.ChannelManager - Adding key: http://localhost:52230 for channel [id: 0x08c5325b, L:/127.0.0.1:52553 - R:localhost/127.0.0.1:52230]
11:14:46.103 [Forwarding getCurrentWindowHandle on session 8e2d7d43ff9c4efac8a67d5853272167 to remote] DEBUG org.asynchttpclient.netty.request.NettyRequestSender - Using pooled Channel '[id: 0x08c5325b, L:/127.0.0.1:52553 - R:localhost/127.0.0.1:52230]' for 'GET' to 'http://localhost:52230/session/8e2d7d43ff9c4efac8a67d5853272167/window'
11:14:46.103 [Forwarding getCurrentWindowHandle on session 8e2d7d43ff9c4efac8a67d5853272167 to remote] DEBUG org.asynchttpclient.netty.request.NettyRequestSender - Using open Channel [id: 0x08c5325b, L:/127.0.0.1:52553 - R:localhost/127.0.0.1:52230] for GET '/session/8e2d7d43ff9c4efac8a67d5853272167/window'
11:14:46.104 [AsyncHttpClient-1-5] DEBUG org.asynchttpclient.netty.handler.HttpHandler - 

Request DefaultFullHttpRequest(decodeResult: success, version: HTTP/1.1, content: EmptyByteBufBE)
GET /session/8e2d7d43ff9c4efac8a67d5853272167/window HTTP/1.1
User-Agent: selenium/4.4.0 (java windows)
Cache-Control: no-cache
Content-Type: application/json; charset=utf-8
host: localhost:52230
accept: */*

Response DefaultHttpResponse(decodeResult: success, version: HTTP/1.1)
HTTP/1.1 200 OK
Content-Type: application/json; charset=utf-8
cache-control: no-cache
content-length: 44

11:14:46.104 [AsyncHttpClient-1-5] DEBUG org.asynchttpclient.netty.channel.ChannelManager - Adding key: http://localhost:52230 for channel [id: 0x08c5325b, L:/127.0.0.1:52553 - R:localhost/127.0.0.1:52230]
11:14:46.104 [Forwarding getAlertText on session 8e2d7d43ff9c4efac8a67d5853272167 to remote] DEBUG org.asynchttpclient.netty.request.NettyRequestSender - Using pooled Channel '[id: 0x08c5325b, L:/127.0.0.1:52553 - R:localhost/127.0.0.1:52230]' for 'GET' to 'http://localhost:52230/session/8e2d7d43ff9c4efac8a67d5853272167/alert/text'
11:14:46.104 [Forwarding getAlertText on session 8e2d7d43ff9c4efac8a67d5853272167 to remote] DEBUG org.asynchttpclient.netty.request.NettyRequestSender - Using open Channel [id: 0x08c5325b, L:/127.0.0.1:52553 - R:localhost/127.0.0.1:52230] for GET '/session/8e2d7d43ff9c4efac8a67d5853272167/alert/text'
11:14:46.106 [AsyncHttpClient-1-5] DEBUG org.asynchttpclient.netty.handler.HttpHandler - 

Request DefaultFullHttpRequest(decodeResult: success, version: HTTP/1.1, content: EmptyByteBufBE)
GET /session/8e2d7d43ff9c4efac8a67d5853272167/alert/text HTTP/1.1
User-Agent: selenium/4.4.0 (java windows)
Cache-Control: no-cache
Content-Type: application/json; charset=utf-8
host: localhost:52230
accept: */*

Response DefaultHttpResponse(decodeResult: success, version: HTTP/1.1)
HTTP/1.1 404 Not Found
Content-Type: application/json; charset=utf-8
cache-control: no-cache
content-length: 848

11:14:46.106 [AsyncHttpClient-1-5] DEBUG org.asynchttpclient.netty.channel.ChannelManager - Adding key: http://localhost:52230 for channel [id: 0x08c5325b, L:/127.0.0.1:52553 - R:localhost/127.0.0.1:52230]
11:14:46.107 [Forwarding switchToWindow on session 8e2d7d43ff9c4efac8a67d5853272167 to remote] DEBUG org.asynchttpclient.netty.request.NettyRequestSender - Using pooled Channel '[id: 0x08c5325b, L:/127.0.0.1:52553 - R:localhost/127.0.0.1:52230]' for 'POST' to 'http://localhost:52230/session/8e2d7d43ff9c4efac8a67d5853272167/window'
11:14:46.107 [Forwarding switchToWindow on session 8e2d7d43ff9c4efac8a67d5853272167 to remote] DEBUG org.asynchttpclient.netty.request.NettyRequestSender - Using open Channel [id: 0x08c5325b, L:/127.0.0.1:52553 - R:localhost/127.0.0.1:52230] for POST '/session/8e2d7d43ff9c4efac8a67d5853272167/window'
11:14:46.110 [AsyncHttpClient-1-5] DEBUG org.asynchttpclient.netty.handler.HttpHandler - 

Request DefaultHttpRequest(decodeResult: success, version: HTTP/1.1)
POST /session/8e2d7d43ff9c4efac8a67d5853272167/window HTTP/1.1
User-Agent: selenium/4.4.0 (java windows)
Content-Length: 50
Content-Type: application/json; charset=utf-8
host: localhost:52230
accept: */*

Response DefaultHttpResponse(decodeResult: success, version: HTTP/1.1)
HTTP/1.1 200 OK
Content-Type: application/json; charset=utf-8
cache-control: no-cache
content-length: 14

11:14:46.110 [AsyncHttpClient-1-5] DEBUG org.asynchttpclient.netty.channel.ChannelManager - Adding key: http://localhost:52230 for channel [id: 0x08c5325b, L:/127.0.0.1:52553 - R:localhost/127.0.0.1:52230]
11:14:46.110 [Forwarding getCurrentUrl on session 8e2d7d43ff9c4efac8a67d5853272167 to remote] DEBUG org.asynchttpclient.netty.request.NettyRequestSender - Using pooled Channel '[id: 0x08c5325b, L:/127.0.0.1:52553 - R:localhost/127.0.0.1:52230]' for 'GET' to 'http://localhost:52230/session/8e2d7d43ff9c4efac8a67d5853272167/url'
11:14:46.110 [Forwarding getCurrentUrl on session 8e2d7d43ff9c4efac8a67d5853272167 to remote] DEBUG org.asynchttpclient.netty.request.NettyRequestSender - Using open Channel [id: 0x08c5325b, L:/127.0.0.1:52553 - R:localhost/127.0.0.1:52230] for GET '/session/8e2d7d43ff9c4efac8a67d5853272167/url'
11:14:46.114 [AsyncHttpClient-1-5] DEBUG org.asynchttpclient.netty.handler.HttpHandler - 

Request DefaultFullHttpRequest(decodeResult: success, version: HTTP/1.1, content: EmptyByteBufBE)
GET /session/8e2d7d43ff9c4efac8a67d5853272167/url HTTP/1.1
User-Agent: selenium/4.4.0 (java windows)
Cache-Control: no-cache
Content-Type: application/json; charset=utf-8
host: localhost:52230
accept: */*

Response DefaultHttpResponse(decodeResult: success, version: HTTP/1.1)
HTTP/1.1 200 OK
Content-Type: application/json; charset=utf-8
cache-control: no-cache
content-length: 48

11:14:46.114 [AsyncHttpClient-1-5] DEBUG org.asynchttpclient.netty.channel.ChannelManager - Adding key: http://localhost:52230 for channel [id: 0x08c5325b, L:/127.0.0.1:52553 - R:localhost/127.0.0.1:52230]
11:14:46.114 [Forwarding screenshot on session 8e2d7d43ff9c4efac8a67d5853272167 to remote] DEBUG org.asynchttpclient.netty.request.NettyRequestSender - Using pooled Channel '[id: 0x08c5325b, L:/127.0.0.1:52553 - R:localhost/127.0.0.1:52230]' for 'GET' to 'http://localhost:52230/session/8e2d7d43ff9c4efac8a67d5853272167/screenshot'
11:14:46.114 [Forwarding screenshot on session 8e2d7d43ff9c4efac8a67d5853272167 to remote] DEBUG org.asynchttpclient.netty.request.NettyRequestSender - Using open Channel [id: 0x08c5325b, L:/127.0.0.1:52553 - R:localhost/127.0.0.1:52230] for GET '/session/8e2d7d43ff9c4efac8a67d5853272167/screenshot'
11:14:46.240 [AsyncHttpClient-1-5] DEBUG org.asynchttpclient.netty.handler.HttpHandler - 

Request DefaultFullHttpRequest(decodeResult: success, version: HTTP/1.1, content: EmptyByteBufBE)
GET /session/8e2d7d43ff9c4efac8a67d5853272167/screenshot HTTP/1.1
User-Agent: selenium/4.4.0 (java windows)
Cache-Control: no-cache
Content-Type: application/json; charset=utf-8
host: localhost:52230
accept: */*

Response DefaultHttpResponse(decodeResult: success, version: HTTP/1.1)
HTTP/1.1 200 OK
Content-Type: application/json; charset=utf-8
cache-control: no-cache
content-length: 243168

11:14:46.240 [AsyncHttpClient-1-5] DEBUG org.asynchttpclient.netty.channel.ChannelManager - Adding key: http://localhost:52230 for channel [id: 0x08c5325b, L:/127.0.0.1:52553 - R:localhost/127.0.0.1:52230]
11:14:46.245 [main] DEBUG net.serenitybdd.core.photography.Darkroom - Send negative for processing for target\site\serenity\7c63f0b5de53c02719814702caeb4704adfdbf5cfbbcb2aa36c55a5a3d9e96d7.png
11:14:46.246 [main] DEBUG net.thucydides.core.steps.StepInterceptor - STEP DONE: clikar login
11:14:46.246 [Darkroom Processing Line] DEBUG net.serenitybdd.core.photography.DarkroomProcessingLine - Processing screenshot image in /var/screenshots/screenshot-12757978986072869135
11:14:46.246 [Darkroom Processing Line] DEBUG net.serenitybdd.core.photography.DarkroomProcessingLine - Saving screenshot to target\site\serenity\7c63f0b5de53c02719814702caeb4704adfdbf5cfbbcb2aa36c55a5a3d9e96d7.png
11:14:46.443 [AsyncHttpClient-1-1] DEBUG org.asynchttpclient.netty.channel.DefaultChannelPool - Entry count for : http://localhost:52230 : 1
11:14:46.443 [AsyncHttpClient-1-1] DEBUG org.asynchttpclient.netty.channel.DefaultChannelPool - Entry count for : http://localhost:52554 : 1
11:14:47.259 [Forwarding getCurrentWindowHandle on session 8e2d7d43ff9c4efac8a67d5853272167 to remote] DEBUG org.asynchttpclient.netty.request.NettyRequestSender - Using pooled Channel '[id: 0x08c5325b, L:/127.0.0.1:52553 - R:localhost/127.0.0.1:52230]' for 'GET' to 'http://localhost:52230/session/8e2d7d43ff9c4efac8a67d5853272167/window'
11:14:47.259 [Forwarding getCurrentWindowHandle on session 8e2d7d43ff9c4efac8a67d5853272167 to remote] DEBUG org.asynchttpclient.netty.request.NettyRequestSender - Using open Channel [id: 0x08c5325b, L:/127.0.0.1:52553 - R:localhost/127.0.0.1:52230] for GET '/session/8e2d7d43ff9c4efac8a67d5853272167/window'
11:14:47.260 [AsyncHttpClient-1-5] DEBUG org.asynchttpclient.netty.handler.HttpHandler - 

Request DefaultFullHttpRequest(decodeResult: success, version: HTTP/1.1, content: EmptyByteBufBE)
GET /session/8e2d7d43ff9c4efac8a67d5853272167/window HTTP/1.1
User-Agent: selenium/4.4.0 (java windows)
Cache-Control: no-cache
Content-Type: application/json; charset=utf-8
host: localhost:52230
accept: */*

Response DefaultHttpResponse(decodeResult: success, version: HTTP/1.1)
HTTP/1.1 200 OK
Content-Type: application/json; charset=utf-8
cache-control: no-cache
content-length: 44

11:14:47.260 [AsyncHttpClient-1-5] DEBUG org.asynchttpclient.netty.channel.ChannelManager - Adding key: http://localhost:52230 for channel [id: 0x08c5325b, L:/127.0.0.1:52553 - R:localhost/127.0.0.1:52230]
11:14:47.261 [Forwarding getAlertText on session 8e2d7d43ff9c4efac8a67d5853272167 to remote] DEBUG org.asynchttpclient.netty.request.NettyRequestSender - Using pooled Channel '[id: 0x08c5325b, L:/127.0.0.1:52553 - R:localhost/127.0.0.1:52230]' for 'GET' to 'http://localhost:52230/session/8e2d7d43ff9c4efac8a67d5853272167/alert/text'
11:14:47.261 [Forwarding getAlertText on session 8e2d7d43ff9c4efac8a67d5853272167 to remote] DEBUG org.asynchttpclient.netty.request.NettyRequestSender - Using open Channel [id: 0x08c5325b, L:/127.0.0.1:52553 - R:localhost/127.0.0.1:52230] for GET '/session/8e2d7d43ff9c4efac8a67d5853272167/alert/text'
11:14:47.264 [AsyncHttpClient-1-5] DEBUG org.asynchttpclient.netty.handler.HttpHandler - 

Request DefaultFullHttpRequest(decodeResult: success, version: HTTP/1.1, content: EmptyByteBufBE)
GET /session/8e2d7d43ff9c4efac8a67d5853272167/alert/text HTTP/1.1
User-Agent: selenium/4.4.0 (java windows)
Cache-Control: no-cache
Content-Type: application/json; charset=utf-8
host: localhost:52230
accept: */*

Response DefaultHttpResponse(decodeResult: success, version: HTTP/1.1)
HTTP/1.1 404 Not Found
Content-Type: application/json; charset=utf-8
cache-control: no-cache
content-length: 848

11:14:47.264 [AsyncHttpClient-1-5] DEBUG org.asynchttpclient.netty.channel.ChannelManager - Adding key: http://localhost:52230 for channel [id: 0x08c5325b, L:/127.0.0.1:52553 - R:localhost/127.0.0.1:52230]
11:14:47.265 [Forwarding switchToWindow on session 8e2d7d43ff9c4efac8a67d5853272167 to remote] DEBUG org.asynchttpclient.netty.request.NettyRequestSender - Using pooled Channel '[id: 0x08c5325b, L:/127.0.0.1:52553 - R:localhost/127.0.0.1:52230]' for 'POST' to 'http://localhost:52230/session/8e2d7d43ff9c4efac8a67d5853272167/window'
11:14:47.265 [Forwarding switchToWindow on session 8e2d7d43ff9c4efac8a67d5853272167 to remote] DEBUG org.asynchttpclient.netty.request.NettyRequestSender - Using open Channel [id: 0x08c5325b, L:/127.0.0.1:52553 - R:localhost/127.0.0.1:52230] for POST '/session/8e2d7d43ff9c4efac8a67d5853272167/window'
11:14:47.268 [AsyncHttpClient-1-5] DEBUG org.asynchttpclient.netty.handler.HttpHandler - 

Request DefaultHttpRequest(decodeResult: success, version: HTTP/1.1)
POST /session/8e2d7d43ff9c4efac8a67d5853272167/window HTTP/1.1
User-Agent: selenium/4.4.0 (java windows)
Content-Length: 50
Content-Type: application/json; charset=utf-8
host: localhost:52230
accept: */*

Response DefaultHttpResponse(decodeResult: success, version: HTTP/1.1)
HTTP/1.1 200 OK
Content-Type: application/json; charset=utf-8
cache-control: no-cache
content-length: 14

11:14:47.268 [AsyncHttpClient-1-5] DEBUG org.asynchttpclient.netty.channel.ChannelManager - Adding key: http://localhost:52230 for channel [id: 0x08c5325b, L:/127.0.0.1:52553 - R:localhost/127.0.0.1:52230]
11:14:47.268 [Forwarding getCurrentUrl on session 8e2d7d43ff9c4efac8a67d5853272167 to remote] DEBUG org.asynchttpclient.netty.request.NettyRequestSender - Using pooled Channel '[id: 0x08c5325b, L:/127.0.0.1:52553 - R:localhost/127.0.0.1:52230]' for 'GET' to 'http://localhost:52230/session/8e2d7d43ff9c4efac8a67d5853272167/url'
11:14:47.268 [Forwarding getCurrentUrl on session 8e2d7d43ff9c4efac8a67d5853272167 to remote] DEBUG org.asynchttpclient.netty.request.NettyRequestSender - Using open Channel [id: 0x08c5325b, L:/127.0.0.1:52553 - R:localhost/127.0.0.1:52230] for GET '/session/8e2d7d43ff9c4efac8a67d5853272167/url'
11:14:47.272 [AsyncHttpClient-1-5] DEBUG org.asynchttpclient.netty.handler.HttpHandler - 

Request DefaultFullHttpRequest(decodeResult: success, version: HTTP/1.1, content: EmptyByteBufBE)
GET /session/8e2d7d43ff9c4efac8a67d5853272167/url HTTP/1.1
User-Agent: selenium/4.4.0 (java windows)
Cache-Control: no-cache
Content-Type: application/json; charset=utf-8
host: localhost:52230
accept: */*

Response DefaultHttpResponse(decodeResult: success, version: HTTP/1.1)
HTTP/1.1 200 OK
Content-Type: application/json; charset=utf-8
cache-control: no-cache
content-length: 48

11:14:47.273 [AsyncHttpClient-1-5] DEBUG org.asynchttpclient.netty.channel.ChannelManager - Adding key: http://localhost:52230 for channel [id: 0x08c5325b, L:/127.0.0.1:52553 - R:localhost/127.0.0.1:52230]
11:14:47.273 [Forwarding screenshot on session 8e2d7d43ff9c4efac8a67d5853272167 to remote] DEBUG org.asynchttpclient.netty.request.NettyRequestSender - Using pooled Channel '[id: 0x08c5325b, L:/127.0.0.1:52553 - R:localhost/127.0.0.1:52230]' for 'GET' to 'http://localhost:52230/session/8e2d7d43ff9c4efac8a67d5853272167/screenshot'
11:14:47.273 [Forwarding screenshot on session 8e2d7d43ff9c4efac8a67d5853272167 to remote] DEBUG org.asynchttpclient.netty.request.NettyRequestSender - Using open Channel [id: 0x08c5325b, L:/127.0.0.1:52553 - R:localhost/127.0.0.1:52230] for GET '/session/8e2d7d43ff9c4efac8a67d5853272167/screenshot'
11:14:47.430 [AsyncHttpClient-1-5] DEBUG org.asynchttpclient.netty.handler.HttpHandler - 

Request DefaultFullHttpRequest(decodeResult: success, version: HTTP/1.1, content: EmptyByteBufBE)
GET /session/8e2d7d43ff9c4efac8a67d5853272167/screenshot HTTP/1.1
User-Agent: selenium/4.4.0 (java windows)
Cache-Control: no-cache
Content-Type: application/json; charset=utf-8
host: localhost:52230
accept: */*

Response DefaultHttpResponse(decodeResult: success, version: HTTP/1.1)
HTTP/1.1 200 OK
Content-Type: application/json; charset=utf-8
cache-control: no-cache
content-length: 458280

11:14:47.431 [AsyncHttpClient-1-5] DEBUG org.asynchttpclient.netty.channel.ChannelManager - Adding key: http://localhost:52230 for channel [id: 0x08c5325b, L:/127.0.0.1:52553 - R:localhost/127.0.0.1:52230]
11:14:47.439 [main] DEBUG net.serenitybdd.core.photography.Darkroom - Send negative for processing for target\site\serenity\45da4bd57e2da19ca0e49dd6d4a4ac2c6f2201d8ce82fab8d85f8702f5782b46.png
11:14:47.439 [main] DEBUG net.thucydides.core.steps.StepInterceptor - STEP DONE: el usuario escribe su usuario {usuario}, su password {password} y pulsa el boton Login
  &amp#27;[32mAnd &amp#27;[0m&amp#27;[32mel usuario se logea correctamente&amp#27;[0m                                                                       &amp#27;[90m# Step.ComprarDispositivosElectronicosStep.el_usuario_se_logea_correctamente(io.cucumber.datatable.DataTable)&amp#27;[0m
    | nombre | password |
    | Mark26 | Mark26   |
11:14:47.446 [main] DEBUG net.thucydides.core.steps.StepInterceptor - STARTING STEP: ComprarDispositivosElectronicosStep.el_usuario_se_encuentra_en_la_pagina_home - Navega a la pestaña home
11:14:47.447 [Forwarding findElement on session 8e2d7d43ff9c4efac8a67d5853272167 to remote] DEBUG org.asynchttpclient.netty.request.NettyRequestSender - Using pooled Channel '[id: 0x08c5325b, L:/127.0.0.1:52553 - R:localhost/127.0.0.1:52230]' for 'POST' to 'http://localhost:52230/session/8e2d7d43ff9c4efac8a67d5853272167/element'
11:14:47.447 [Forwarding findElement on session 8e2d7d43ff9c4efac8a67d5853272167 to remote] DEBUG org.asynchttpclient.netty.request.NettyRequestSender - Using open Channel [id: 0x08c5325b, L:/127.0.0.1:52553 - R:localhost/127.0.0.1:52230] for POST '/session/8e2d7d43ff9c4efac8a67d5853272167/element'
11:14:47.455 [AsyncHttpClient-1-5] DEBUG org.asynchttpclient.netty.handler.HttpHandler - 

Request DefaultHttpRequest(decodeResult: success, version: HTTP/1.1)
POST /session/8e2d7d43ff9c4efac8a67d5853272167/element HTTP/1.1
User-Agent: selenium/4.4.0 (java windows)
Content-Length: 70
Content-Type: application/json; charset=utf-8
host: localhost:52230
accept: */*

Response DefaultHttpResponse(decodeResult: success, version: HTTP/1.1)
HTTP/1.1 200 OK
Content-Type: application/json; charset=utf-8
cache-control: no-cache
content-length: 95

11:14:47.455 [AsyncHttpClient-1-5] DEBUG org.asynchttpclient.netty.channel.ChannelManager - Adding key: http://localhost:52230 for channel [id: 0x08c5325b, L:/127.0.0.1:52553 - R:localhost/127.0.0.1:52230]
11:14:47.458 [Forwarding isElementDisplayed on session 8e2d7d43ff9c4efac8a67d5853272167 to remote] DEBUG org.asynchttpclient.netty.request.NettyRequestSender - Using pooled Channel '[id: 0x08c5325b, L:/127.0.0.1:52553 - R:localhost/127.0.0.1:52230]' for 'POST' to 'http://localhost:52230/session/8e2d7d43ff9c4efac8a67d5853272167/execute/sync'
11:14:47.458 [Forwarding isElementDisplayed on session 8e2d7d43ff9c4efac8a67d5853272167 to remote] DEBUG org.asynchttpclient.netty.request.NettyRequestSender - Using open Channel [id: 0x08c5325b, L:/127.0.0.1:52553 - R:localhost/127.0.0.1:52230] for POST '/session/8e2d7d43ff9c4efac8a67d5853272167/execute/sync'
11:14:47.467 [AsyncHttpClient-1-5] DEBUG org.asynchttpclient.netty.handler.HttpHandler - 

Request DefaultHttpRequest(decodeResult: success, version: HTTP/1.1)
POST /session/8e2d7d43ff9c4efac8a67d5853272167/execute/sync HTTP/1.1
User-Agent: selenium/4.4.0 (java windows)
Content-Length: 48787
Content-Type: application/json; charset=utf-8
host: localhost:52230
accept: */*

Response DefaultHttpResponse(decodeResult: success, version: HTTP/1.1)
HTTP/1.1 200 OK
Content-Type: application/json; charset=utf-8
cache-control: no-cache
content-length: 14

11:14:47.467 [AsyncHttpClient-1-5] DEBUG org.asynchttpclient.netty.channel.ChannelManager - Adding key: http://localhost:52230 for channel [id: 0x08c5325b, L:/127.0.0.1:52553 - R:localhost/127.0.0.1:52230]
11:14:47.470 [Forwarding isElementDisplayed on session 8e2d7d43ff9c4efac8a67d5853272167 to remote] DEBUG org.asynchttpclient.netty.request.NettyRequestSender - Using pooled Channel '[id: 0x08c5325b, L:/127.0.0.1:52553 - R:localhost/127.0.0.1:52230]' for 'POST' to 'http://localhost:52230/session/8e2d7d43ff9c4efac8a67d5853272167/execute/sync'
11:14:47.470 [Forwarding isElementDisplayed on session 8e2d7d43ff9c4efac8a67d5853272167 to remote] DEBUG org.asynchttpclient.netty.request.NettyRequestSender - Using open Channel [id: 0x08c5325b, L:/127.0.0.1:52553 - R:localhost/127.0.0.1:52230] for POST '/session/8e2d7d43ff9c4efac8a67d5853272167/execute/sync'
11:14:47.478 [AsyncHttpClient-1-5] DEBUG org.asynchttpclient.netty.handler.HttpHandler - 

Request DefaultHttpRequest(decodeResult: success, version: HTTP/1.1)
POST /session/8e2d7d43ff9c4efac8a67d5853272167/execute/sync HTTP/1.1
User-Agent: selenium/4.4.0 (java windows)
Content-Length: 48787
Content-Type: application/json; charset=utf-8
host: localhost:52230
accept: */*

Response DefaultHttpResponse(decodeResult: success, version: HTTP/1.1)
HTTP/1.1 200 OK
Content-Type: application/json; charset=utf-8
cache-control: no-cache
content-length: 14

11:14:47.478 [AsyncHttpClient-1-5] DEBUG org.asynchttpclient.netty.channel.ChannelManager - Adding key: http://localhost:52230 for channel [id: 0x08c5325b, L:/127.0.0.1:52553 - R:localhost/127.0.0.1:52230]
11:14:47.480 [Forwarding findElement on session 8e2d7d43ff9c4efac8a67d5853272167 to remote] DEBUG org.asynchttpclient.netty.request.NettyRequestSender - Using pooled Channel '[id: 0x08c5325b, L:/127.0.0.1:52553 - R:localhost/127.0.0.1:52230]' for 'POST' to 'http://localhost:52230/session/8e2d7d43ff9c4efac8a67d5853272167/element'
11:14:47.480 [Forwarding findElement on session 8e2d7d43ff9c4efac8a67d5853272167 to remote] DEBUG org.asynchttpclient.netty.request.NettyRequestSender - Using open Channel [id: 0x08c5325b, L:/127.0.0.1:52553 - R:localhost/127.0.0.1:52230] for POST '/session/8e2d7d43ff9c4efac8a67d5853272167/element'
11:14:47.486 [AsyncHttpClient-1-5] DEBUG org.asynchttpclient.netty.handler.HttpHandler - 

Request DefaultHttpRequest(decodeResult: success, version: HTTP/1.1)
POST /session/8e2d7d43ff9c4efac8a67d5853272167/element HTTP/1.1
User-Agent: selenium/4.4.0 (java windows)
Content-Length: 70
Content-Type: application/json; charset=utf-8
host: localhost:52230
accept: */*

Response DefaultHttpResponse(decodeResult: success, version: HTTP/1.1)
HTTP/1.1 200 OK
Content-Type: application/json; charset=utf-8
cache-control: no-cache
content-length: 95

11:14:47.486 [AsyncHttpClient-1-5] DEBUG org.asynchttpclient.netty.channel.ChannelManager - Adding key: http://localhost:52230 for channel [id: 0x08c5325b, L:/127.0.0.1:52553 - R:localhost/127.0.0.1:52230]
11:14:47.488 [Forwarding isElementDisplayed on session 8e2d7d43ff9c4efac8a67d5853272167 to remote] DEBUG org.asynchttpclient.netty.request.NettyRequestSender - Using pooled Channel '[id: 0x08c5325b, L:/127.0.0.1:52553 - R:localhost/127.0.0.1:52230]' for 'POST' to 'http://localhost:52230/session/8e2d7d43ff9c4efac8a67d5853272167/execute/sync'
11:14:47.489 [Forwarding isElementDisplayed on session 8e2d7d43ff9c4efac8a67d5853272167 to remote] DEBUG org.asynchttpclient.netty.request.NettyRequestSender - Using open Channel [id: 0x08c5325b, L:/127.0.0.1:52553 - R:localhost/127.0.0.1:52230] for POST '/session/8e2d7d43ff9c4efac8a67d5853272167/execute/sync'
11:14:47.496 [AsyncHttpClient-1-5] DEBUG org.asynchttpclient.netty.handler.HttpHandler - 

Request DefaultHttpRequest(decodeResult: success, version: HTTP/1.1)
POST /session/8e2d7d43ff9c4efac8a67d5853272167/execute/sync HTTP/1.1
User-Agent: selenium/4.4.0 (java windows)
Content-Length: 48787
Content-Type: application/json; charset=utf-8
host: localhost:52230
accept: */*

Response DefaultHttpResponse(decodeResult: success, version: HTTP/1.1)
HTTP/1.1 200 OK
Content-Type: application/json; charset=utf-8
cache-control: no-cache
content-length: 14

11:14:47.496 [AsyncHttpClient-1-5] DEBUG org.asynchttpclient.netty.channel.ChannelManager - Adding key: http://localhost:52230 for channel [id: 0x08c5325b, L:/127.0.0.1:52553 - R:localhost/127.0.0.1:52230]
11:14:47.497 [Forwarding isElementEnabled on session 8e2d7d43ff9c4efac8a67d5853272167 to remote] DEBUG org.asynchttpclient.netty.request.NettyRequestSender - Using pooled Channel '[id: 0x08c5325b, L:/127.0.0.1:52553 - R:localhost/127.0.0.1:52230]' for 'GET' to 'http://localhost:52230/session/8e2d7d43ff9c4efac8a67d5853272167/element/6FB5941ACB3CA552D98039ACA7237681_element_54/enabled'
11:14:47.497 [Forwarding isElementEnabled on session 8e2d7d43ff9c4efac8a67d5853272167 to remote] DEBUG org.asynchttpclient.netty.request.NettyRequestSender - Using open Channel [id: 0x08c5325b, L:/127.0.0.1:52553 - R:localhost/127.0.0.1:52230] for GET '/session/8e2d7d43ff9c4efac8a67d5853272167/element/6FB5941ACB3CA552D98039ACA7237681_element_54/enabled'
11:14:47.502 [AsyncHttpClient-1-5] DEBUG org.asynchttpclient.netty.handler.HttpHandler - 

Request DefaultFullHttpRequest(decodeResult: success, version: HTTP/1.1, content: EmptyByteBufBE)
GET /session/8e2d7d43ff9c4efac8a67d5853272167/element/6FB5941ACB3CA552D98039ACA7237681_element_54/enabled HTTP/1.1
User-Agent: selenium/4.4.0 (java windows)
Cache-Control: no-cache
Content-Type: application/json; charset=utf-8
host: localhost:52230
accept: */*

Response DefaultHttpResponse(decodeResult: success, version: HTTP/1.1)
HTTP/1.1 200 OK
Content-Type: application/json; charset=utf-8
cache-control: no-cache
content-length: 14

11:14:47.502 [AsyncHttpClient-1-5] DEBUG org.asynchttpclient.netty.channel.ChannelManager - Adding key: http://localhost:52230 for channel [id: 0x08c5325b, L:/127.0.0.1:52553 - R:localhost/127.0.0.1:52230]
11:14:47.504 [Forwarding findElement on session 8e2d7d43ff9c4efac8a67d5853272167 to remote] DEBUG org.asynchttpclient.netty.request.NettyRequestSender - Using pooled Channel '[id: 0x08c5325b, L:/127.0.0.1:52553 - R:localhost/127.0.0.1:52230]' for 'POST' to 'http://localhost:52230/session/8e2d7d43ff9c4efac8a67d5853272167/element'
11:14:47.504 [Forwarding findElement on session 8e2d7d43ff9c4efac8a67d5853272167 to remote] DEBUG org.asynchttpclient.netty.request.NettyRequestSender - Using open Channel [id: 0x08c5325b, L:/127.0.0.1:52553 - R:localhost/127.0.0.1:52230] for POST '/session/8e2d7d43ff9c4efac8a67d5853272167/element'
11:14:47.510 [AsyncHttpClient-1-5] DEBUG org.asynchttpclient.netty.handler.HttpHandler - 

Request DefaultHttpRequest(decodeResult: success, version: HTTP/1.1)
POST /session/8e2d7d43ff9c4efac8a67d5853272167/element HTTP/1.1
User-Agent: selenium/4.4.0 (java windows)
Content-Length: 70
Content-Type: application/json; charset=utf-8
host: localhost:52230
accept: */*

Response DefaultHttpResponse(decodeResult: success, version: HTTP/1.1)
HTTP/1.1 200 OK
Content-Type: application/json; charset=utf-8
cache-control: no-cache
content-length: 95

11:14:47.510 [AsyncHttpClient-1-5] DEBUG org.asynchttpclient.netty.channel.ChannelManager - Adding key: http://localhost:52230 for channel [id: 0x08c5325b, L:/127.0.0.1:52553 - R:localhost/127.0.0.1:52230]
11:14:47.513 [Forwarding isElementDisplayed on session 8e2d7d43ff9c4efac8a67d5853272167 to remote] DEBUG org.asynchttpclient.netty.request.NettyRequestSender - Using pooled Channel '[id: 0x08c5325b, L:/127.0.0.1:52553 - R:localhost/127.0.0.1:52230]' for 'POST' to 'http://localhost:52230/session/8e2d7d43ff9c4efac8a67d5853272167/execute/sync'
11:14:47.513 [Forwarding isElementDisplayed on session 8e2d7d43ff9c4efac8a67d5853272167 to remote] DEBUG org.asynchttpclient.netty.request.NettyRequestSender - Using open Channel [id: 0x08c5325b, L:/127.0.0.1:52553 - R:localhost/127.0.0.1:52230] for POST '/session/8e2d7d43ff9c4efac8a67d5853272167/execute/sync'
11:14:47.520 [AsyncHttpClient-1-5] DEBUG org.asynchttpclient.netty.handler.HttpHandler - 

Request DefaultHttpRequest(decodeResult: success, version: HTTP/1.1)
POST /session/8e2d7d43ff9c4efac8a67d5853272167/execute/sync HTTP/1.1
User-Agent: selenium/4.4.0 (java windows)
Content-Length: 48787
Content-Type: application/json; charset=utf-8
host: localhost:52230
accept: */*

Response DefaultHttpResponse(decodeResult: success, version: HTTP/1.1)
HTTP/1.1 200 OK
Content-Type: application/json; charset=utf-8
cache-control: no-cache
content-length: 14

11:14:47.520 [AsyncHttpClient-1-5] DEBUG org.asynchttpclient.netty.channel.ChannelManager - Adding key: http://localhost:52230 for channel [id: 0x08c5325b, L:/127.0.0.1:52553 - R:localhost/127.0.0.1:52230]
11:14:47.521 [Forwarding findElement on session 8e2d7d43ff9c4efac8a67d5853272167 to remote] DEBUG org.asynchttpclient.netty.request.NettyRequestSender - Using pooled Channel '[id: 0x08c5325b, L:/127.0.0.1:52553 - R:localhost/127.0.0.1:52230]' for 'POST' to 'http://localhost:52230/session/8e2d7d43ff9c4efac8a67d5853272167/element'
11:14:47.522 [Forwarding findElement on session 8e2d7d43ff9c4efac8a67d5853272167 to remote] DEBUG org.asynchttpclient.netty.request.NettyRequestSender - Using open Channel [id: 0x08c5325b, L:/127.0.0.1:52553 - R:localhost/127.0.0.1:52230] for POST '/session/8e2d7d43ff9c4efac8a67d5853272167/element'
11:14:47.528 [AsyncHttpClient-1-5] DEBUG org.asynchttpclient.netty.handler.HttpHandler - 

Request DefaultHttpRequest(decodeResult: success, version: HTTP/1.1)
POST /session/8e2d7d43ff9c4efac8a67d5853272167/element HTTP/1.1
User-Agent: selenium/4.4.0 (java windows)
Content-Length: 70
Content-Type: application/json; charset=utf-8
host: localhost:52230
accept: */*

Response DefaultHttpResponse(decodeResult: success, version: HTTP/1.1)
HTTP/1.1 200 OK
Content-Type: application/json; charset=utf-8
cache-control: no-cache
content-length: 95

11:14:47.528 [AsyncHttpClient-1-5] DEBUG org.asynchttpclient.netty.channel.ChannelManager - Adding key: http://localhost:52230 for channel [id: 0x08c5325b, L:/127.0.0.1:52553 - R:localhost/127.0.0.1:52230]
11:14:47.530 [Forwarding isElementDisplayed on session 8e2d7d43ff9c4efac8a67d5853272167 to remote] DEBUG org.asynchttpclient.netty.request.NettyRequestSender - Using pooled Channel '[id: 0x08c5325b, L:/127.0.0.1:52553 - R:localhost/127.0.0.1:52230]' for 'POST' to 'http://localhost:52230/session/8e2d7d43ff9c4efac8a67d5853272167/execute/sync'
11:14:47.530 [Forwarding isElementDisplayed on session 8e2d7d43ff9c4efac8a67d5853272167 to remote] DEBUG org.asynchttpclient.netty.request.NettyRequestSender - Using open Channel [id: 0x08c5325b, L:/127.0.0.1:52553 - R:localhost/127.0.0.1:52230] for POST '/session/8e2d7d43ff9c4efac8a67d5853272167/execute/sync'
11:14:47.536 [AsyncHttpClient-1-5] DEBUG org.asynchttpclient.netty.handler.HttpHandler - 

Request DefaultHttpRequest(decodeResult: success, version: HTTP/1.1)
POST /session/8e2d7d43ff9c4efac8a67d5853272167/execute/sync HTTP/1.1
User-Agent: selenium/4.4.0 (java windows)
Content-Length: 48787
Content-Type: application/json; charset=utf-8
host: localhost:52230
accept: */*

Response DefaultHttpResponse(decodeResult: success, version: HTTP/1.1)
HTTP/1.1 200 OK
Content-Type: application/json; charset=utf-8
cache-control: no-cache
content-length: 14

11:14:47.536 [AsyncHttpClient-1-5] DEBUG org.asynchttpclient.netty.channel.ChannelManager - Adding key: http://localhost:52230 for channel [id: 0x08c5325b, L:/127.0.0.1:52553 - R:localhost/127.0.0.1:52230]
11:14:47.542 [AsyncHttpClient-1-1] DEBUG org.asynchttpclient.netty.channel.DefaultChannelPool - Entry count for : http://localhost:52230 : 1
11:14:47.542 [AsyncHttpClient-1-1] DEBUG org.asynchttpclient.netty.channel.DefaultChannelPool - Entry count for : http://localhost:52554 : 1
11:14:48.539 [Forwarding screenshot on session 8e2d7d43ff9c4efac8a67d5853272167 to remote] DEBUG org.asynchttpclient.netty.request.NettyRequestSender - Using pooled Channel '[id: 0x08c5325b, L:/127.0.0.1:52553 - R:localhost/127.0.0.1:52230]' for 'GET' to 'http://localhost:52230/session/8e2d7d43ff9c4efac8a67d5853272167/screenshot'
11:14:48.539 [Forwarding screenshot on session 8e2d7d43ff9c4efac8a67d5853272167 to remote] DEBUG org.asynchttpclient.netty.request.NettyRequestSender - Using open Channel [id: 0x08c5325b, L:/127.0.0.1:52553 - R:localhost/127.0.0.1:52230] for GET '/session/8e2d7d43ff9c4efac8a67d5853272167/screenshot'
11:14:48.643 [AsyncHttpClient-1-1] DEBUG org.asynchttpclient.netty.channel.DefaultChannelPool - Entry count for : http://localhost:52554 : 1
11:14:48.685 [AsyncHttpClient-1-5] DEBUG org.asynchttpclient.netty.handler.HttpHandler - 

Request DefaultFullHttpRequest(decodeResult: success, version: HTTP/1.1, content: EmptyByteBufBE)
GET /session/8e2d7d43ff9c4efac8a67d5853272167/screenshot HTTP/1.1
User-Agent: selenium/4.4.0 (java windows)
Cache-Control: no-cache
Content-Type: application/json; charset=utf-8
host: localhost:52230
accept: */*

Response DefaultHttpResponse(decodeResult: success, version: HTTP/1.1)
HTTP/1.1 200 OK
Content-Type: application/json; charset=utf-8
cache-control: no-cache
content-length: 458280

11:14:48.686 [AsyncHttpClient-1-5] DEBUG org.asynchttpclient.netty.channel.ChannelManager - Adding key: http://localhost:52230 for channel [id: 0x08c5325b, L:/127.0.0.1:52553 - R:localhost/127.0.0.1:52230]
11:14:48.700 [Forwarding findElement on session 8e2d7d43ff9c4efac8a67d5853272167 to remote] DEBUG org.asynchttpclient.netty.request.NettyRequestSender - Using pooled Channel '[id: 0x08c5325b, L:/127.0.0.1:52553 - R:localhost/127.0.0.1:52230]' for 'POST' to 'http://localhost:52230/session/8e2d7d43ff9c4efac8a67d5853272167/element'
11:14:48.700 [Forwarding findElement on session 8e2d7d43ff9c4efac8a67d5853272167 to remote] DEBUG org.asynchttpclient.netty.request.NettyRequestSender - Using open Channel [id: 0x08c5325b, L:/127.0.0.1:52553 - R:localhost/127.0.0.1:52230] for POST '/session/8e2d7d43ff9c4efac8a67d5853272167/element'
11:14:48.708 [AsyncHttpClient-1-5] DEBUG org.asynchttpclient.netty.handler.HttpHandler - 

Request DefaultHttpRequest(decodeResult: success, version: HTTP/1.1)
POST /session/8e2d7d43ff9c4efac8a67d5853272167/element HTTP/1.1
User-Agent: selenium/4.4.0 (java windows)
Content-Length: 70
Content-Type: application/json; charset=utf-8
host: localhost:52230
accept: */*

Response DefaultHttpResponse(decodeResult: success, version: HTTP/1.1)
HTTP/1.1 200 OK
Content-Type: application/json; charset=utf-8
cache-control: no-cache
content-length: 95

11:14:48.708 [AsyncHttpClient-1-5] DEBUG org.asynchttpclient.netty.channel.ChannelManager - Adding key: http://localhost:52230 for channel [id: 0x08c5325b, L:/127.0.0.1:52553 - R:localhost/127.0.0.1:52230]
11:14:48.710 [Forwarding isElementDisplayed on session 8e2d7d43ff9c4efac8a67d5853272167 to remote] DEBUG org.asynchttpclient.netty.request.NettyRequestSender - Using pooled Channel '[id: 0x08c5325b, L:/127.0.0.1:52553 - R:localhost/127.0.0.1:52230]' for 'POST' to 'http://localhost:52230/session/8e2d7d43ff9c4efac8a67d5853272167/execute/sync'
11:14:48.710 [Forwarding isElementDisplayed on session 8e2d7d43ff9c4efac8a67d5853272167 to remote] DEBUG org.asynchttpclient.netty.request.NettyRequestSender - Using open Channel [id: 0x08c5325b, L:/127.0.0.1:52553 - R:localhost/127.0.0.1:52230] for POST '/session/8e2d7d43ff9c4efac8a67d5853272167/execute/sync'
11:14:48.719 [AsyncHttpClient-1-5] DEBUG org.asynchttpclient.netty.handler.HttpHandler - 

Request DefaultHttpRequest(decodeResult: success, version: HTTP/1.1)
POST /session/8e2d7d43ff9c4efac8a67d5853272167/execute/sync HTTP/1.1
User-Agent: selenium/4.4.0 (java windows)
Content-Length: 48787
Content-Type: application/json; charset=utf-8
host: localhost:52230
accept: */*

Response DefaultHttpResponse(decodeResult: success, version: HTTP/1.1)
HTTP/1.1 200 OK
Content-Type: application/json; charset=utf-8
cache-control: no-cache
content-length: 14

11:14:48.719 [AsyncHttpClient-1-5] DEBUG org.asynchttpclient.netty.channel.ChannelManager - Adding key: http://localhost:52230 for channel [id: 0x08c5325b, L:/127.0.0.1:52553 - R:localhost/127.0.0.1:52230]
11:14:48.720 [Forwarding clickElement on session 8e2d7d43ff9c4efac8a67d5853272167 to remote] DEBUG org.asynchttpclient.netty.request.NettyRequestSender - Using pooled Channel '[id: 0x08c5325b, L:/127.0.0.1:52553 - R:localhost/127.0.0.1:52230]' for 'POST' to 'http://localhost:52230/session/8e2d7d43ff9c4efac8a67d5853272167/element/6FB5941ACB3CA552D98039ACA7237681_element_54/click'
11:14:48.720 [Forwarding clickElement on session 8e2d7d43ff9c4efac8a67d5853272167 to remote] DEBUG org.asynchttpclient.netty.request.NettyRequestSender - Using open Channel [id: 0x08c5325b, L:/127.0.0.1:52553 - R:localhost/127.0.0.1:52230] for POST '/session/8e2d7d43ff9c4efac8a67d5853272167/element/6FB5941ACB3CA552D98039ACA7237681_element_54/click'
11:14:48.793 [AsyncHttpClient-1-5] DEBUG org.asynchttpclient.netty.handler.HttpHandler - 

Request DefaultHttpRequest(decodeResult: success, version: HTTP/1.1)
POST /session/8e2d7d43ff9c4efac8a67d5853272167/element/6FB5941ACB3CA552D98039ACA7237681_element_54/click HTTP/1.1
User-Agent: selenium/4.4.0 (java windows)
Content-Length: 57
Content-Type: application/json; charset=utf-8
host: localhost:52230
accept: */*

Response DefaultHttpResponse(decodeResult: success, version: HTTP/1.1)
HTTP/1.1 200 OK
Content-Type: application/json; charset=utf-8
cache-control: no-cache
content-length: 14

11:14:48.793 [AsyncHttpClient-1-5] DEBUG org.asynchttpclient.netty.channel.ChannelManager - Adding key: http://localhost:52230 for channel [id: 0x08c5325b, L:/127.0.0.1:52553 - R:localhost/127.0.0.1:52230]
11:14:48.796 [Forwarding getCurrentWindowHandle on session 8e2d7d43ff9c4efac8a67d5853272167 to remote] DEBUG org.asynchttpclient.netty.request.NettyRequestSender - Using pooled Channel '[id: 0x08c5325b, L:/127.0.0.1:52553 - R:localhost/127.0.0.1:52230]' for 'GET' to 'http://localhost:52230/session/8e2d7d43ff9c4efac8a67d5853272167/window'
11:14:48.796 [Forwarding getCurrentWindowHandle on session 8e2d7d43ff9c4efac8a67d5853272167 to remote] DEBUG org.asynchttpclient.netty.request.NettyRequestSender - Using open Channel [id: 0x08c5325b, L:/127.0.0.1:52553 - R:localhost/127.0.0.1:52230] for GET '/session/8e2d7d43ff9c4efac8a67d5853272167/window'
11:14:48.797 [AsyncHttpClient-1-5] DEBUG org.asynchttpclient.netty.handler.HttpHandler - 

Request DefaultFullHttpRequest(decodeResult: success, version: HTTP/1.1, content: EmptyByteBufBE)
GET /session/8e2d7d43ff9c4efac8a67d5853272167/window HTTP/1.1
User-Agent: selenium/4.4.0 (java windows)
Cache-Control: no-cache
Content-Type: application/json; charset=utf-8
host: localhost:52230
accept: */*

Response DefaultHttpResponse(decodeResult: success, version: HTTP/1.1)
HTTP/1.1 200 OK
Content-Type: application/json; charset=utf-8
cache-control: no-cache
content-length: 44

11:14:48.797 [AsyncHttpClient-1-5] DEBUG org.asynchttpclient.netty.channel.ChannelManager - Adding key: http://localhost:52230 for channel [id: 0x08c5325b, L:/127.0.0.1:52553 - R:localhost/127.0.0.1:52230]
11:14:48.798 [Forwarding getAlertText on session 8e2d7d43ff9c4efac8a67d5853272167 to remote] DEBUG org.asynchttpclient.netty.request.NettyRequestSender - Using pooled Channel '[id: 0x08c5325b, L:/127.0.0.1:52553 - R:localhost/127.0.0.1:52230]' for 'GET' to 'http://localhost:52230/session/8e2d7d43ff9c4efac8a67d5853272167/alert/text'
11:14:48.798 [Forwarding getAlertText on session 8e2d7d43ff9c4efac8a67d5853272167 to remote] DEBUG org.asynchttpclient.netty.request.NettyRequestSender - Using open Channel [id: 0x08c5325b, L:/127.0.0.1:52553 - R:localhost/127.0.0.1:52230] for GET '/session/8e2d7d43ff9c4efac8a67d5853272167/alert/text'
11:14:48.801 [AsyncHttpClient-1-5] DEBUG org.asynchttpclient.netty.handler.HttpHandler - 

Request DefaultFullHttpRequest(decodeResult: success, version: HTTP/1.1, content: EmptyByteBufBE)
GET /session/8e2d7d43ff9c4efac8a67d5853272167/alert/text HTTP/1.1
User-Agent: selenium/4.4.0 (java windows)
Cache-Control: no-cache
Content-Type: application/json; charset=utf-8
host: localhost:52230
accept: */*

Response DefaultHttpResponse(decodeResult: success, version: HTTP/1.1)
HTTP/1.1 404 Not Found
Content-Type: application/json; charset=utf-8
cache-control: no-cache
content-length: 848

11:14:48.801 [AsyncHttpClient-1-5] DEBUG org.asynchttpclient.netty.channel.ChannelManager - Adding key: http://localhost:52230 for channel [id: 0x08c5325b, L:/127.0.0.1:52553 - R:localhost/127.0.0.1:52230]
11:14:48.803 [Forwarding switchToWindow on session 8e2d7d43ff9c4efac8a67d5853272167 to remote] DEBUG org.asynchttpclient.netty.request.NettyRequestSender - Using pooled Channel '[id: 0x08c5325b, L:/127.0.0.1:52553 - R:localhost/127.0.0.1:52230]' for 'POST' to 'http://localhost:52230/session/8e2d7d43ff9c4efac8a67d5853272167/window'
11:14:48.803 [Forwarding switchToWindow on session 8e2d7d43ff9c4efac8a67d5853272167 to remote] DEBUG org.asynchttpclient.netty.request.NettyRequestSender - Using open Channel [id: 0x08c5325b, L:/127.0.0.1:52553 - R:localhost/127.0.0.1:52230] for POST '/session/8e2d7d43ff9c4efac8a67d5853272167/window'
11:14:48.804 [AsyncHttpClient-1-5] DEBUG org.asynchttpclient.netty.handler.HttpHandler - 

Request DefaultHttpRequest(decodeResult: success, version: HTTP/1.1)
POST /session/8e2d7d43ff9c4efac8a67d5853272167/window HTTP/1.1
User-Agent: selenium/4.4.0 (java windows)
Content-Length: 50
Content-Type: application/json; charset=utf-8
host: localhost:52230
accept: */*

Response DefaultHttpResponse(decodeResult: success, version: HTTP/1.1)
HTTP/1.1 200 OK
Content-Type: application/json; charset=utf-8
cache-control: no-cache
content-length: 14

11:14:48.805 [AsyncHttpClient-1-5] DEBUG org.asynchttpclient.netty.channel.ChannelManager - Adding key: http://localhost:52230 for channel [id: 0x08c5325b, L:/127.0.0.1:52553 - R:localhost/127.0.0.1:52230]
11:14:48.806 [Forwarding getCurrentUrl on session 8e2d7d43ff9c4efac8a67d5853272167 to remote] DEBUG org.asynchttpclient.netty.request.NettyRequestSender - Using pooled Channel '[id: 0x08c5325b, L:/127.0.0.1:52553 - R:localhost/127.0.0.1:52230]' for 'GET' to 'http://localhost:52230/session/8e2d7d43ff9c4efac8a67d5853272167/url'
11:14:48.806 [Forwarding getCurrentUrl on session 8e2d7d43ff9c4efac8a67d5853272167 to remote] DEBUG org.asynchttpclient.netty.request.NettyRequestSender - Using open Channel [id: 0x08c5325b, L:/127.0.0.1:52553 - R:localhost/127.0.0.1:52230] for GET '/session/8e2d7d43ff9c4efac8a67d5853272167/url'
11:14:48.817 [AsyncHttpClient-1-5] DEBUG org.asynchttpclient.netty.handler.HttpHandler - 

Request DefaultFullHttpRequest(decodeResult: success, version: HTTP/1.1, content: EmptyByteBufBE)
GET /session/8e2d7d43ff9c4efac8a67d5853272167/url HTTP/1.1
User-Agent: selenium/4.4.0 (java windows)
Cache-Control: no-cache
Content-Type: application/json; charset=utf-8
host: localhost:52230
accept: */*

Response DefaultHttpResponse(decodeResult: success, version: HTTP/1.1)
HTTP/1.1 200 OK
Content-Type: application/json; charset=utf-8
cache-control: no-cache
content-length: 48

11:14:48.817 [AsyncHttpClient-1-5] DEBUG org.asynchttpclient.netty.channel.ChannelManager - Adding key: http://localhost:52230 for channel [id: 0x08c5325b, L:/127.0.0.1:52553 - R:localhost/127.0.0.1:52230]
11:14:48.817 [Forwarding screenshot on session 8e2d7d43ff9c4efac8a67d5853272167 to remote] DEBUG org.asynchttpclient.netty.request.NettyRequestSender - Using pooled Channel '[id: 0x08c5325b, L:/127.0.0.1:52553 - R:localhost/127.0.0.1:52230]' for 'GET' to 'http://localhost:52230/session/8e2d7d43ff9c4efac8a67d5853272167/screenshot'
11:14:48.818 [Forwarding screenshot on session 8e2d7d43ff9c4efac8a67d5853272167 to remote] DEBUG org.asynchttpclient.netty.request.NettyRequestSender - Using open Channel [id: 0x08c5325b, L:/127.0.0.1:52553 - R:localhost/127.0.0.1:52230] for GET '/session/8e2d7d43ff9c4efac8a67d5853272167/screenshot'
11:14:48.958 [AsyncHttpClient-1-5] DEBUG org.asynchttpclient.netty.handler.HttpHandler - 

Request DefaultFullHttpRequest(decodeResult: success, version: HTTP/1.1, content: EmptyByteBufBE)
GET /session/8e2d7d43ff9c4efac8a67d5853272167/screenshot HTTP/1.1
User-Agent: selenium/4.4.0 (java windows)
Cache-Control: no-cache
Content-Type: application/json; charset=utf-8
host: localhost:52230
accept: */*

Response DefaultHttpResponse(decodeResult: success, version: HTTP/1.1)
HTTP/1.1 200 OK
Content-Type: application/json; charset=utf-8
cache-control: no-cache
content-length: 292404

11:14:48.959 [AsyncHttpClient-1-5] DEBUG org.asynchttpclient.netty.channel.ChannelManager - Adding key: http://localhost:52230 for channel [id: 0x08c5325b, L:/127.0.0.1:52553 - R:localhost/127.0.0.1:52230]
11:14:48.964 [main] DEBUG net.serenitybdd.core.photography.Darkroom - Send negative for processing for target\site\serenity\703ad106087763c34746c8a16e2c98c0bcd0e45371f249d16f6d507da6509af7.png
11:14:48.965 [main] DEBUG net.thucydides.core.steps.StepInterceptor - STEP DONE: Navega a la pestaña home
  &amp#27;[32mWhen &amp#27;[0m&amp#27;[32mel usuario se encuentra en la pagina home&amp#27;[0m                                                              &amp#27;[90m# Step.ComprarDispositivosElectronicosStep.el_usuario_se_encuentra_en_la_pagina_home()&amp#27;[0m
11:14:48.971 [main] DEBUG net.thucydides.core.steps.StepInterceptor - STARTING STEP: ComprarDispositivosElectronicosStep.el_usuario_se_dirige_a_la_categoria_de_ordenadores - Navega a la pestaña LAPTOPS
11:14:49.749 [AsyncHttpClient-1-1] DEBUG org.asynchttpclient.netty.channel.DefaultChannelPool - Entry count for : http://localhost:52230 : 1
11:14:49.749 [AsyncHttpClient-1-1] DEBUG org.asynchttpclient.netty.channel.DefaultChannelPool - Entry count for : http://localhost:52554 : 1
11:14:49.981 [Forwarding screenshot on session 8e2d7d43ff9c4efac8a67d5853272167 to remote] DEBUG org.asynchttpclient.netty.request.NettyRequestSender - Using pooled Channel '[id: 0x08c5325b, L:/127.0.0.1:52553 - R:localhost/127.0.0.1:52230]' for 'GET' to 'http://localhost:52230/session/8e2d7d43ff9c4efac8a67d5853272167/screenshot'
11:14:49.981 [Forwarding screenshot on session 8e2d7d43ff9c4efac8a67d5853272167 to remote] DEBUG org.asynchttpclient.netty.request.NettyRequestSender - Using open Channel [id: 0x08c5325b, L:/127.0.0.1:52553 - R:localhost/127.0.0.1:52230] for GET '/session/8e2d7d43ff9c4efac8a67d5853272167/screenshot'
11:14:50.134 [AsyncHttpClient-1-5] DEBUG org.asynchttpclient.netty.handler.HttpHandler - 

Request DefaultFullHttpRequest(decodeResult: success, version: HTTP/1.1, content: EmptyByteBufBE)
GET /session/8e2d7d43ff9c4efac8a67d5853272167/screenshot HTTP/1.1
User-Agent: selenium/4.4.0 (java windows)
Cache-Control: no-cache
Content-Type: application/json; charset=utf-8
host: localhost:52230
accept: */*

Response DefaultHttpResponse(decodeResult: success, version: HTTP/1.1)
HTTP/1.1 200 OK
Content-Type: application/json; charset=utf-8
cache-control: no-cache
content-length: 458280

11:14:50.135 [AsyncHttpClient-1-5] DEBUG org.asynchttpclient.netty.channel.ChannelManager - Adding key: http://localhost:52230 for channel [id: 0x08c5325b, L:/127.0.0.1:52553 - R:localhost/127.0.0.1:52230]
11:14:50.149 [Forwarding findElement on session 8e2d7d43ff9c4efac8a67d5853272167 to remote] DEBUG org.asynchttpclient.netty.request.NettyRequestSender - Using pooled Channel '[id: 0x08c5325b, L:/127.0.0.1:52553 - R:localhost/127.0.0.1:52230]' for 'POST' to 'http://localhost:52230/session/8e2d7d43ff9c4efac8a67d5853272167/element'
11:14:50.149 [Forwarding findElement on session 8e2d7d43ff9c4efac8a67d5853272167 to remote] DEBUG org.asynchttpclient.netty.request.NettyRequestSender - Using open Channel [id: 0x08c5325b, L:/127.0.0.1:52553 - R:localhost/127.0.0.1:52230] for POST '/session/8e2d7d43ff9c4efac8a67d5853272167/element'
11:14:50.160 [AsyncHttpClient-1-5] DEBUG org.asynchttpclient.netty.handler.HttpHandler - 

Request DefaultHttpRequest(decodeResult: success, version: HTTP/1.1)
POST /session/8e2d7d43ff9c4efac8a67d5853272167/element HTTP/1.1
User-Agent: selenium/4.4.0 (java windows)
Content-Length: 78
Content-Type: application/json; charset=utf-8
host: localhost:52230
accept: */*

Response DefaultHttpResponse(decodeResult: success, version: HTTP/1.1)
HTTP/1.1 200 OK
Content-Type: application/json; charset=utf-8
cache-control: no-cache
content-length: 95

11:14:50.160 [AsyncHttpClient-1-5] DEBUG org.asynchttpclient.netty.channel.ChannelManager - Adding key: http://localhost:52230 for channel [id: 0x08c5325b, L:/127.0.0.1:52553 - R:localhost/127.0.0.1:52230]
11:14:50.162 [Forwarding isElementDisplayed on session 8e2d7d43ff9c4efac8a67d5853272167 to remote] DEBUG org.asynchttpclient.netty.request.NettyRequestSender - Using pooled Channel '[id: 0x08c5325b, L:/127.0.0.1:52553 - R:localhost/127.0.0.1:52230]' for 'POST' to 'http://localhost:52230/session/8e2d7d43ff9c4efac8a67d5853272167/execute/sync'
11:14:50.162 [Forwarding isElementDisplayed on session 8e2d7d43ff9c4efac8a67d5853272167 to remote] DEBUG org.asynchttpclient.netty.request.NettyRequestSender - Using open Channel [id: 0x08c5325b, L:/127.0.0.1:52553 - R:localhost/127.0.0.1:52230] for POST '/session/8e2d7d43ff9c4efac8a67d5853272167/execute/sync'
11:14:50.168 [AsyncHttpClient-1-5] DEBUG org.asynchttpclient.netty.handler.HttpHandler - 

Request DefaultHttpRequest(decodeResult: success, version: HTTP/1.1)
POST /session/8e2d7d43ff9c4efac8a67d5853272167/execute/sync HTTP/1.1
User-Agent: selenium/4.4.0 (java windows)
Content-Length: 48787
Content-Type: application/json; charset=utf-8
host: localhost:52230
accept: */*

Response DefaultHttpResponse(decodeResult: success, version: HTTP/1.1)
HTTP/1.1 200 OK
Content-Type: application/json; charset=utf-8
cache-control: no-cache
content-length: 14

11:14:50.169 [AsyncHttpClient-1-5] DEBUG org.asynchttpclient.netty.channel.ChannelManager - Adding key: http://localhost:52230 for channel [id: 0x08c5325b, L:/127.0.0.1:52553 - R:localhost/127.0.0.1:52230]
11:14:50.171 [Forwarding isElementDisplayed on session 8e2d7d43ff9c4efac8a67d5853272167 to remote] DEBUG org.asynchttpclient.netty.request.NettyRequestSender - Using pooled Channel '[id: 0x08c5325b, L:/127.0.0.1:52553 - R:localhost/127.0.0.1:52230]' for 'POST' to 'http://localhost:52230/session/8e2d7d43ff9c4efac8a67d5853272167/execute/sync'
11:14:50.171 [Forwarding isElementDisplayed on session 8e2d7d43ff9c4efac8a67d5853272167 to remote] DEBUG org.asynchttpclient.netty.request.NettyRequestSender - Using open Channel [id: 0x08c5325b, L:/127.0.0.1:52553 - R:localhost/127.0.0.1:52230] for POST '/session/8e2d7d43ff9c4efac8a67d5853272167/execute/sync'
11:14:50.178 [AsyncHttpClient-1-5] DEBUG org.asynchttpclient.netty.handler.HttpHandler - 

Request DefaultHttpRequest(decodeResult: success, version: HTTP/1.1)
POST /session/8e2d7d43ff9c4efac8a67d5853272167/execute/sync HTTP/1.1
User-Agent: selenium/4.4.0 (java windows)
Content-Length: 48787
Content-Type: application/json; charset=utf-8
host: localhost:52230
accept: */*

Response DefaultHttpResponse(decodeResult: success, version: HTTP/1.1)
HTTP/1.1 200 OK
Content-Type: application/json; charset=utf-8
cache-control: no-cache
content-length: 14

11:14:50.178 [AsyncHttpClient-1-5] DEBUG org.asynchttpclient.netty.channel.ChannelManager - Adding key: http://localhost:52230 for channel [id: 0x08c5325b, L:/127.0.0.1:52553 - R:localhost/127.0.0.1:52230]
11:14:50.179 [Forwarding findElement on session 8e2d7d43ff9c4efac8a67d5853272167 to remote] DEBUG org.asynchttpclient.netty.request.NettyRequestSender - Using pooled Channel '[id: 0x08c5325b, L:/127.0.0.1:52553 - R:localhost/127.0.0.1:52230]' for 'POST' to 'http://localhost:52230/session/8e2d7d43ff9c4efac8a67d5853272167/element'
11:14:50.179 [Forwarding findElement on session 8e2d7d43ff9c4efac8a67d5853272167 to remote] DEBUG org.asynchttpclient.netty.request.NettyRequestSender - Using open Channel [id: 0x08c5325b, L:/127.0.0.1:52553 - R:localhost/127.0.0.1:52230] for POST '/session/8e2d7d43ff9c4efac8a67d5853272167/element'
11:14:50.184 [AsyncHttpClient-1-5] DEBUG org.asynchttpclient.netty.handler.HttpHandler - 

Request DefaultHttpRequest(decodeResult: success, version: HTTP/1.1)
POST /session/8e2d7d43ff9c4efac8a67d5853272167/element HTTP/1.1
User-Agent: selenium/4.4.0 (java windows)
Content-Length: 78
Content-Type: application/json; charset=utf-8
host: localhost:52230
accept: */*

Response DefaultHttpResponse(decodeResult: success, version: HTTP/1.1)
HTTP/1.1 200 OK
Content-Type: application/json; charset=utf-8
cache-control: no-cache
content-length: 95

11:14:50.184 [AsyncHttpClient-1-5] DEBUG org.asynchttpclient.netty.channel.ChannelManager - Adding key: http://localhost:52230 for channel [id: 0x08c5325b, L:/127.0.0.1:52553 - R:localhost/127.0.0.1:52230]
11:14:50.186 [Forwarding isElementDisplayed on session 8e2d7d43ff9c4efac8a67d5853272167 to remote] DEBUG org.asynchttpclient.netty.request.NettyRequestSender - Using pooled Channel '[id: 0x08c5325b, L:/127.0.0.1:52553 - R:localhost/127.0.0.1:52230]' for 'POST' to 'http://localhost:52230/session/8e2d7d43ff9c4efac8a67d5853272167/execute/sync'
11:14:50.186 [Forwarding isElementDisplayed on session 8e2d7d43ff9c4efac8a67d5853272167 to remote] DEBUG org.asynchttpclient.netty.request.NettyRequestSender - Using open Channel [id: 0x08c5325b, L:/127.0.0.1:52553 - R:localhost/127.0.0.1:52230] for POST '/session/8e2d7d43ff9c4efac8a67d5853272167/execute/sync'
11:14:50.192 [AsyncHttpClient-1-5] DEBUG org.asynchttpclient.netty.handler.HttpHandler - 

Request DefaultHttpRequest(decodeResult: success, version: HTTP/1.1)
POST /session/8e2d7d43ff9c4efac8a67d5853272167/execute/sync HTTP/1.1
User-Agent: selenium/4.4.0 (java windows)
Content-Length: 48787
Content-Type: application/json; charset=utf-8
host: localhost:52230
accept: */*

Response DefaultHttpResponse(decodeResult: success, version: HTTP/1.1)
HTTP/1.1 200 OK
Content-Type: application/json; charset=utf-8
cache-control: no-cache
content-length: 14

11:14:50.192 [AsyncHttpClient-1-5] DEBUG org.asynchttpclient.netty.channel.ChannelManager - Adding key: http://localhost:52230 for channel [id: 0x08c5325b, L:/127.0.0.1:52553 - R:localhost/127.0.0.1:52230]
11:14:50.192 [Forwarding isElementEnabled on session 8e2d7d43ff9c4efac8a67d5853272167 to remote] DEBUG org.asynchttpclient.netty.request.NettyRequestSender - Using pooled Channel '[id: 0x08c5325b, L:/127.0.0.1:52553 - R:localhost/127.0.0.1:52230]' for 'GET' to 'http://localhost:52230/session/8e2d7d43ff9c4efac8a67d5853272167/element/225E507DC3B19D273C6910C2653A82F5_element_69/enabled'
11:14:50.192 [Forwarding isElementEnabled on session 8e2d7d43ff9c4efac8a67d5853272167 to remote] DEBUG org.asynchttpclient.netty.request.NettyRequestSender - Using open Channel [id: 0x08c5325b, L:/127.0.0.1:52553 - R:localhost/127.0.0.1:52230] for GET '/session/8e2d7d43ff9c4efac8a67d5853272167/element/225E507DC3B19D273C6910C2653A82F5_element_69/enabled'
11:14:50.196 [AsyncHttpClient-1-5] DEBUG org.asynchttpclient.netty.handler.HttpHandler - 

Request DefaultFullHttpRequest(decodeResult: success, version: HTTP/1.1, content: EmptyByteBufBE)
GET /session/8e2d7d43ff9c4efac8a67d5853272167/element/225E507DC3B19D273C6910C2653A82F5_element_69/enabled HTTP/1.1
User-Agent: selenium/4.4.0 (java windows)
Cache-Control: no-cache
Content-Type: application/json; charset=utf-8
host: localhost:52230
accept: */*

Response DefaultHttpResponse(decodeResult: success, version: HTTP/1.1)
HTTP/1.1 200 OK
Content-Type: application/json; charset=utf-8
cache-control: no-cache
content-length: 14

11:14:50.197 [AsyncHttpClient-1-5] DEBUG org.asynchttpclient.netty.channel.ChannelManager - Adding key: http://localhost:52230 for channel [id: 0x08c5325b, L:/127.0.0.1:52553 - R:localhost/127.0.0.1:52230]
11:14:50.198 [Forwarding findElement on session 8e2d7d43ff9c4efac8a67d5853272167 to remote] DEBUG org.asynchttpclient.netty.request.NettyRequestSender - Using pooled Channel '[id: 0x08c5325b, L:/127.0.0.1:52553 - R:localhost/127.0.0.1:52230]' for 'POST' to 'http://localhost:52230/session/8e2d7d43ff9c4efac8a67d5853272167/element'
11:14:50.198 [Forwarding findElement on session 8e2d7d43ff9c4efac8a67d5853272167 to remote] DEBUG org.asynchttpclient.netty.request.NettyRequestSender - Using open Channel [id: 0x08c5325b, L:/127.0.0.1:52553 - R:localhost/127.0.0.1:52230] for POST '/session/8e2d7d43ff9c4efac8a67d5853272167/element'
11:14:50.203 [AsyncHttpClient-1-5] DEBUG org.asynchttpclient.netty.handler.HttpHandler - 

Request DefaultHttpRequest(decodeResult: success, version: HTTP/1.1)
POST /session/8e2d7d43ff9c4efac8a67d5853272167/element HTTP/1.1
User-Agent: selenium/4.4.0 (java windows)
Content-Length: 78
Content-Type: application/json; charset=utf-8
host: localhost:52230
accept: */*

Response DefaultHttpResponse(decodeResult: success, version: HTTP/1.1)
HTTP/1.1 200 OK
Content-Type: application/json; charset=utf-8
cache-control: no-cache
content-length: 95

11:14:50.204 [AsyncHttpClient-1-5] DEBUG org.asynchttpclient.netty.channel.ChannelManager - Adding key: http://localhost:52230 for channel [id: 0x08c5325b, L:/127.0.0.1:52553 - R:localhost/127.0.0.1:52230]
11:14:50.206 [Forwarding isElementDisplayed on session 8e2d7d43ff9c4efac8a67d5853272167 to remote] DEBUG org.asynchttpclient.netty.request.NettyRequestSender - Using pooled Channel '[id: 0x08c5325b, L:/127.0.0.1:52553 - R:localhost/127.0.0.1:52230]' for 'POST' to 'http://localhost:52230/session/8e2d7d43ff9c4efac8a67d5853272167/execute/sync'
11:14:50.206 [Forwarding isElementDisplayed on session 8e2d7d43ff9c4efac8a67d5853272167 to remote] DEBUG org.asynchttpclient.netty.request.NettyRequestSender - Using open Channel [id: 0x08c5325b, L:/127.0.0.1:52553 - R:localhost/127.0.0.1:52230] for POST '/session/8e2d7d43ff9c4efac8a67d5853272167/execute/sync'
11:14:50.211 [AsyncHttpClient-1-5] DEBUG org.asynchttpclient.netty.handler.HttpHandler - 

Request DefaultHttpRequest(decodeResult: success, version: HTTP/1.1)
POST /session/8e2d7d43ff9c4efac8a67d5853272167/execute/sync HTTP/1.1
User-Agent: selenium/4.4.0 (java windows)
Content-Length: 48787
Content-Type: application/json; charset=utf-8
host: localhost:52230
accept: */*

Response DefaultHttpResponse(decodeResult: success, version: HTTP/1.1)
HTTP/1.1 200 OK
Content-Type: application/json; charset=utf-8
cache-control: no-cache
content-length: 14

11:14:50.212 [AsyncHttpClient-1-5] DEBUG org.asynchttpclient.netty.channel.ChannelManager - Adding key: http://localhost:52230 for channel [id: 0x08c5325b, L:/127.0.0.1:52553 - R:localhost/127.0.0.1:52230]
11:14:50.212 [Forwarding clickElement on session 8e2d7d43ff9c4efac8a67d5853272167 to remote] DEBUG org.asynchttpclient.netty.request.NettyRequestSender - Using pooled Channel '[id: 0x08c5325b, L:/127.0.0.1:52553 - R:localhost/127.0.0.1:52230]' for 'POST' to 'http://localhost:52230/session/8e2d7d43ff9c4efac8a67d5853272167/element/225E507DC3B19D273C6910C2653A82F5_element_69/click'
11:14:50.212 [Forwarding clickElement on session 8e2d7d43ff9c4efac8a67d5853272167 to remote] DEBUG org.asynchttpclient.netty.request.NettyRequestSender - Using open Channel [id: 0x08c5325b, L:/127.0.0.1:52553 - R:localhost/127.0.0.1:52230] for POST '/session/8e2d7d43ff9c4efac8a67d5853272167/element/225E507DC3B19D273C6910C2653A82F5_element_69/click'
11:14:50.236 [AsyncHttpClient-1-5] DEBUG org.asynchttpclient.netty.handler.HttpHandler - 

Request DefaultHttpRequest(decodeResult: success, version: HTTP/1.1)
POST /session/8e2d7d43ff9c4efac8a67d5853272167/element/225E507DC3B19D273C6910C2653A82F5_element_69/click HTTP/1.1
User-Agent: selenium/4.4.0 (java windows)
Content-Length: 57
Content-Type: application/json; charset=utf-8
host: localhost:52230
accept: */*

Response DefaultHttpResponse(decodeResult: success, version: HTTP/1.1)
HTTP/1.1 200 OK
Content-Type: application/json; charset=utf-8
cache-control: no-cache
content-length: 14

11:14:50.236 [AsyncHttpClient-1-5] DEBUG org.asynchttpclient.netty.channel.ChannelManager - Adding key: http://localhost:52230 for channel [id: 0x08c5325b, L:/127.0.0.1:52553 - R:localhost/127.0.0.1:52230]
11:14:50.241 [Forwarding getCurrentWindowHandle on session 8e2d7d43ff9c4efac8a67d5853272167 to remote] DEBUG org.asynchttpclient.netty.request.NettyRequestSender - Using pooled Channel '[id: 0x08c5325b, L:/127.0.0.1:52553 - R:localhost/127.0.0.1:52230]' for 'GET' to 'http://localhost:52230/session/8e2d7d43ff9c4efac8a67d5853272167/window'
11:14:50.241 [Forwarding getCurrentWindowHandle on session 8e2d7d43ff9c4efac8a67d5853272167 to remote] DEBUG org.asynchttpclient.netty.request.NettyRequestSender - Using open Channel [id: 0x08c5325b, L:/127.0.0.1:52553 - R:localhost/127.0.0.1:52230] for GET '/session/8e2d7d43ff9c4efac8a67d5853272167/window'
11:14:50.242 [AsyncHttpClient-1-5] DEBUG org.asynchttpclient.netty.handler.HttpHandler - 

Request DefaultFullHttpRequest(decodeResult: success, version: HTTP/1.1, content: EmptyByteBufBE)
GET /session/8e2d7d43ff9c4efac8a67d5853272167/window HTTP/1.1
User-Agent: selenium/4.4.0 (java windows)
Cache-Control: no-cache
Content-Type: application/json; charset=utf-8
host: localhost:52230
accept: */*

Response DefaultHttpResponse(decodeResult: success, version: HTTP/1.1)
HTTP/1.1 200 OK
Content-Type: application/json; charset=utf-8
cache-control: no-cache
content-length: 44

11:14:50.242 [AsyncHttpClient-1-5] DEBUG org.asynchttpclient.netty.channel.ChannelManager - Adding key: http://localhost:52230 for channel [id: 0x08c5325b, L:/127.0.0.1:52553 - R:localhost/127.0.0.1:52230]
11:14:50.242 [Forwarding getAlertText on session 8e2d7d43ff9c4efac8a67d5853272167 to remote] DEBUG org.asynchttpclient.netty.request.NettyRequestSender - Using pooled Channel '[id: 0x08c5325b, L:/127.0.0.1:52553 - R:localhost/127.0.0.1:52230]' for 'GET' to 'http://localhost:52230/session/8e2d7d43ff9c4efac8a67d5853272167/alert/text'
11:14:50.242 [Forwarding getAlertText on session 8e2d7d43ff9c4efac8a67d5853272167 to remote] DEBUG org.asynchttpclient.netty.request.NettyRequestSender - Using open Channel [id: 0x08c5325b, L:/127.0.0.1:52553 - R:localhost/127.0.0.1:52230] for GET '/session/8e2d7d43ff9c4efac8a67d5853272167/alert/text'
11:14:50.243 [AsyncHttpClient-1-5] DEBUG org.asynchttpclient.netty.handler.HttpHandler - 

Request DefaultFullHttpRequest(decodeResult: success, version: HTTP/1.1, content: EmptyByteBufBE)
GET /session/8e2d7d43ff9c4efac8a67d5853272167/alert/text HTTP/1.1
User-Agent: selenium/4.4.0 (java windows)
Cache-Control: no-cache
Content-Type: application/json; charset=utf-8
host: localhost:52230
accept: */*

Response DefaultHttpResponse(decodeResult: success, version: HTTP/1.1)
HTTP/1.1 404 Not Found
Content-Type: application/json; charset=utf-8
cache-control: no-cache
content-length: 848

11:14:50.243 [AsyncHttpClient-1-5] DEBUG org.asynchttpclient.netty.channel.ChannelManager - Adding key: http://localhost:52230 for channel [id: 0x08c5325b, L:/127.0.0.1:52553 - R:localhost/127.0.0.1:52230]
11:14:50.245 [Forwarding switchToWindow on session 8e2d7d43ff9c4efac8a67d5853272167 to remote] DEBUG org.asynchttpclient.netty.request.NettyRequestSender - Using pooled Channel '[id: 0x08c5325b, L:/127.0.0.1:52553 - R:localhost/127.0.0.1:52230]' for 'POST' to 'http://localhost:52230/session/8e2d7d43ff9c4efac8a67d5853272167/window'
11:14:50.245 [Forwarding switchToWindow on session 8e2d7d43ff9c4efac8a67d5853272167 to remote] DEBUG org.asynchttpclient.netty.request.NettyRequestSender - Using open Channel [id: 0x08c5325b, L:/127.0.0.1:52553 - R:localhost/127.0.0.1:52230] for POST '/session/8e2d7d43ff9c4efac8a67d5853272167/window'
11:14:50.246 [AsyncHttpClient-1-5] DEBUG org.asynchttpclient.netty.handler.HttpHandler - 

Request DefaultHttpRequest(decodeResult: success, version: HTTP/1.1)
POST /session/8e2d7d43ff9c4efac8a67d5853272167/window HTTP/1.1
User-Agent: selenium/4.4.0 (java windows)
Content-Length: 50
Content-Type: application/json; charset=utf-8
host: localhost:52230
accept: */*

Response DefaultHttpResponse(decodeResult: success, version: HTTP/1.1)
HTTP/1.1 200 OK
Content-Type: application/json; charset=utf-8
cache-control: no-cache
content-length: 14

11:14:50.246 [AsyncHttpClient-1-5] DEBUG org.asynchttpclient.netty.channel.ChannelManager - Adding key: http://localhost:52230 for channel [id: 0x08c5325b, L:/127.0.0.1:52553 - R:localhost/127.0.0.1:52230]
11:14:50.247 [Forwarding getCurrentUrl on session 8e2d7d43ff9c4efac8a67d5853272167 to remote] DEBUG org.asynchttpclient.netty.request.NettyRequestSender - Using pooled Channel '[id: 0x08c5325b, L:/127.0.0.1:52553 - R:localhost/127.0.0.1:52230]' for 'GET' to 'http://localhost:52230/session/8e2d7d43ff9c4efac8a67d5853272167/url'
11:14:50.247 [Forwarding getCurrentUrl on session 8e2d7d43ff9c4efac8a67d5853272167 to remote] DEBUG org.asynchttpclient.netty.request.NettyRequestSender - Using open Channel [id: 0x08c5325b, L:/127.0.0.1:52553 - R:localhost/127.0.0.1:52230] for GET '/session/8e2d7d43ff9c4efac8a67d5853272167/url'
11:14:50.251 [AsyncHttpClient-1-5] DEBUG org.asynchttpclient.netty.handler.HttpHandler - 

Request DefaultFullHttpRequest(decodeResult: success, version: HTTP/1.1, content: EmptyByteBufBE)
GET /session/8e2d7d43ff9c4efac8a67d5853272167/url HTTP/1.1
User-Agent: selenium/4.4.0 (java windows)
Cache-Control: no-cache
Content-Type: application/json; charset=utf-8
host: localhost:52230
accept: */*

Response DefaultHttpResponse(decodeResult: success, version: HTTP/1.1)
HTTP/1.1 200 OK
Content-Type: application/json; charset=utf-8
cache-control: no-cache
content-length: 49

11:14:50.251 [AsyncHttpClient-1-5] DEBUG org.asynchttpclient.netty.channel.ChannelManager - Adding key: http://localhost:52230 for channel [id: 0x08c5325b, L:/127.0.0.1:52553 - R:localhost/127.0.0.1:52230]
11:14:50.251 [Forwarding screenshot on session 8e2d7d43ff9c4efac8a67d5853272167 to remote] DEBUG org.asynchttpclient.netty.request.NettyRequestSender - Using pooled Channel '[id: 0x08c5325b, L:/127.0.0.1:52553 - R:localhost/127.0.0.1:52230]' for 'GET' to 'http://localhost:52230/session/8e2d7d43ff9c4efac8a67d5853272167/screenshot'
11:14:50.252 [Forwarding screenshot on session 8e2d7d43ff9c4efac8a67d5853272167 to remote] DEBUG org.asynchttpclient.netty.request.NettyRequestSender - Using open Channel [id: 0x08c5325b, L:/127.0.0.1:52553 - R:localhost/127.0.0.1:52230] for GET '/session/8e2d7d43ff9c4efac8a67d5853272167/screenshot'
11:14:50.404 [AsyncHttpClient-1-5] DEBUG org.asynchttpclient.netty.handler.HttpHandler - 

Request DefaultFullHttpRequest(decodeResult: success, version: HTTP/1.1, content: EmptyByteBufBE)
GET /session/8e2d7d43ff9c4efac8a67d5853272167/screenshot HTTP/1.1
User-Agent: selenium/4.4.0 (java windows)
Cache-Control: no-cache
Content-Type: application/json; charset=utf-8
host: localhost:52230
accept: */*

Response DefaultHttpResponse(decodeResult: success, version: HTTP/1.1)
HTTP/1.1 200 OK
Content-Type: application/json; charset=utf-8
cache-control: no-cache
content-length: 458280

11:14:50.405 [AsyncHttpClient-1-5] DEBUG org.asynchttpclient.netty.channel.ChannelManager - Adding key: http://localhost:52230 for channel [id: 0x08c5325b, L:/127.0.0.1:52553 - R:localhost/127.0.0.1:52230]
11:14:50.415 [main] DEBUG net.serenitybdd.core.photography.Darkroom - Send negative for processing for target\site\serenity\45da4bd57e2da19ca0e49dd6d4a4ac2c6f2201d8ce82fab8d85f8702f5782b46.png
11:14:50.415 [main] DEBUG net.thucydides.core.steps.StepInterceptor - STEP DONE: Navega a la pestaña LAPTOPS
  &amp#27;[32mAnd &amp#27;[0m&amp#27;[32mel usuario se dirige a la categoria de ordenadores&amp#27;[0m                                                      &amp#27;[90m# Step.ComprarDispositivosElectronicosStep.el_usuario_se_dirige_a_la_categoria_de_ordenadores()&amp#27;[0m
11:14:50.422 [main] DEBUG net.thucydides.core.steps.StepInterceptor - STARTING STEP: ComprarDispositivosElectronicosStep.el_usuario_clika_en_el_dispositivo - El usuario selecciona un ordenador
11:14:50.424 [Forwarding setTimeout on session 8e2d7d43ff9c4efac8a67d5853272167 to remote] DEBUG org.asynchttpclient.netty.request.NettyRequestSender - Using pooled Channel '[id: 0x08c5325b, L:/127.0.0.1:52553 - R:localhost/127.0.0.1:52230]' for 'POST' to 'http://localhost:52230/session/8e2d7d43ff9c4efac8a67d5853272167/timeouts'
11:14:50.424 [Forwarding setTimeout on session 8e2d7d43ff9c4efac8a67d5853272167 to remote] DEBUG org.asynchttpclient.netty.request.NettyRequestSender - Using open Channel [id: 0x08c5325b, L:/127.0.0.1:52553 - R:localhost/127.0.0.1:52230] for POST '/session/8e2d7d43ff9c4efac8a67d5853272167/timeouts'
11:14:50.425 [AsyncHttpClient-1-5] DEBUG org.asynchttpclient.netty.handler.HttpHandler - 

Request DefaultHttpRequest(decodeResult: success, version: HTTP/1.1)
POST /session/8e2d7d43ff9c4efac8a67d5853272167/timeouts HTTP/1.1
User-Agent: selenium/4.4.0 (java windows)
Content-Length: 23
Content-Type: application/json; charset=utf-8
host: localhost:52230
accept: */*

Response DefaultHttpResponse(decodeResult: success, version: HTTP/1.1)
HTTP/1.1 200 OK
Content-Type: application/json; charset=utf-8
cache-control: no-cache
content-length: 14

11:14:50.426 [AsyncHttpClient-1-5] DEBUG org.asynchttpclient.netty.channel.ChannelManager - Adding key: http://localhost:52230 for channel [id: 0x08c5325b, L:/127.0.0.1:52553 - R:localhost/127.0.0.1:52230]
11:14:50.842 [AsyncHttpClient-1-1] DEBUG org.asynchttpclient.netty.channel.DefaultChannelPool - Entry count for : http://localhost:52230 : 1
11:14:50.842 [AsyncHttpClient-1-1] DEBUG org.asynchttpclient.netty.channel.DefaultChannelPool - Entry count for : http://localhost:52554 : 1
11:14:51.431 [Forwarding screenshot on session 8e2d7d43ff9c4efac8a67d5853272167 to remote] DEBUG org.asynchttpclient.netty.request.NettyRequestSender - Using pooled Channel '[id: 0x08c5325b, L:/127.0.0.1:52553 - R:localhost/127.0.0.1:52230]' for 'GET' to 'http://localhost:52230/session/8e2d7d43ff9c4efac8a67d5853272167/screenshot'
11:14:51.431 [Forwarding screenshot on session 8e2d7d43ff9c4efac8a67d5853272167 to remote] DEBUG org.asynchttpclient.netty.request.NettyRequestSender - Using open Channel [id: 0x08c5325b, L:/127.0.0.1:52553 - R:localhost/127.0.0.1:52230] for GET '/session/8e2d7d43ff9c4efac8a67d5853272167/screenshot'
11:14:51.574 [AsyncHttpClient-1-5] DEBUG org.asynchttpclient.netty.handler.HttpHandler - 

Request DefaultFullHttpRequest(decodeResult: success, version: HTTP/1.1, content: EmptyByteBufBE)
GET /session/8e2d7d43ff9c4efac8a67d5853272167/screenshot HTTP/1.1
User-Agent: selenium/4.4.0 (java windows)
Cache-Control: no-cache
Content-Type: application/json; charset=utf-8
host: localhost:52230
accept: */*

Response DefaultHttpResponse(decodeResult: success, version: HTTP/1.1)
HTTP/1.1 200 OK
Content-Type: application/json; charset=utf-8
cache-control: no-cache
content-length: 364748

11:14:51.575 [AsyncHttpClient-1-5] DEBUG org.asynchttpclient.netty.channel.ChannelManager - Adding key: http://localhost:52230 for channel [id: 0x08c5325b, L:/127.0.0.1:52553 - R:localhost/127.0.0.1:52230]
11:14:51.588 [Forwarding findElement on session 8e2d7d43ff9c4efac8a67d5853272167 to remote] DEBUG org.asynchttpclient.netty.request.NettyRequestSender - Using pooled Channel '[id: 0x08c5325b, L:/127.0.0.1:52553 - R:localhost/127.0.0.1:52230]' for 'POST' to 'http://localhost:52230/session/8e2d7d43ff9c4efac8a67d5853272167/element'
11:14:51.588 [Forwarding findElement on session 8e2d7d43ff9c4efac8a67d5853272167 to remote] DEBUG org.asynchttpclient.netty.request.NettyRequestSender - Using open Channel [id: 0x08c5325b, L:/127.0.0.1:52553 - R:localhost/127.0.0.1:52230] for POST '/session/8e2d7d43ff9c4efac8a67d5853272167/element'
11:14:51.600 [AsyncHttpClient-1-5] DEBUG org.asynchttpclient.netty.handler.HttpHandler - 

Request DefaultHttpRequest(decodeResult: success, version: HTTP/1.1)
POST /session/8e2d7d43ff9c4efac8a67d5853272167/element HTTP/1.1
User-Agent: selenium/4.4.0 (java windows)
Content-Length: 83
Content-Type: application/json; charset=utf-8
host: localhost:52230
accept: */*

Response DefaultHttpResponse(decodeResult: success, version: HTTP/1.1)
HTTP/1.1 200 OK
Content-Type: application/json; charset=utf-8
cache-control: no-cache
content-length: 95

11:14:51.600 [AsyncHttpClient-1-5] DEBUG org.asynchttpclient.netty.channel.ChannelManager - Adding key: http://localhost:52230 for channel [id: 0x08c5325b, L:/127.0.0.1:52553 - R:localhost/127.0.0.1:52230]
11:14:51.601 [Forwarding isElementDisplayed on session 8e2d7d43ff9c4efac8a67d5853272167 to remote] DEBUG org.asynchttpclient.netty.request.NettyRequestSender - Using pooled Channel '[id: 0x08c5325b, L:/127.0.0.1:52553 - R:localhost/127.0.0.1:52230]' for 'POST' to 'http://localhost:52230/session/8e2d7d43ff9c4efac8a67d5853272167/execute/sync'
11:14:51.601 [Forwarding isElementDisplayed on session 8e2d7d43ff9c4efac8a67d5853272167 to remote] DEBUG org.asynchttpclient.netty.request.NettyRequestSender - Using open Channel [id: 0x08c5325b, L:/127.0.0.1:52553 - R:localhost/127.0.0.1:52230] for POST '/session/8e2d7d43ff9c4efac8a67d5853272167/execute/sync'
11:14:51.610 [AsyncHttpClient-1-5] DEBUG org.asynchttpclient.netty.handler.HttpHandler - 

Request DefaultHttpRequest(decodeResult: success, version: HTTP/1.1)
POST /session/8e2d7d43ff9c4efac8a67d5853272167/execute/sync HTTP/1.1
User-Agent: selenium/4.4.0 (java windows)
Content-Length: 48787
Content-Type: application/json; charset=utf-8
host: localhost:52230
accept: */*

Response DefaultHttpResponse(decodeResult: success, version: HTTP/1.1)
HTTP/1.1 200 OK
Content-Type: application/json; charset=utf-8
cache-control: no-cache
content-length: 14

11:14:51.610 [AsyncHttpClient-1-5] DEBUG org.asynchttpclient.netty.channel.ChannelManager - Adding key: http://localhost:52230 for channel [id: 0x08c5325b, L:/127.0.0.1:52553 - R:localhost/127.0.0.1:52230]
11:14:51.612 [Forwarding isElementDisplayed on session 8e2d7d43ff9c4efac8a67d5853272167 to remote] DEBUG org.asynchttpclient.netty.request.NettyRequestSender - Using pooled Channel '[id: 0x08c5325b, L:/127.0.0.1:52553 - R:localhost/127.0.0.1:52230]' for 'POST' to 'http://localhost:52230/session/8e2d7d43ff9c4efac8a67d5853272167/execute/sync'
11:14:51.612 [Forwarding isElementDisplayed on session 8e2d7d43ff9c4efac8a67d5853272167 to remote] DEBUG org.asynchttpclient.netty.request.NettyRequestSender - Using open Channel [id: 0x08c5325b, L:/127.0.0.1:52553 - R:localhost/127.0.0.1:52230] for POST '/session/8e2d7d43ff9c4efac8a67d5853272167/execute/sync'
11:14:51.618 [AsyncHttpClient-1-5] DEBUG org.asynchttpclient.netty.handler.HttpHandler - 

Request DefaultHttpRequest(decodeResult: success, version: HTTP/1.1)
POST /session/8e2d7d43ff9c4efac8a67d5853272167/execute/sync HTTP/1.1
User-Agent: selenium/4.4.0 (java windows)
Content-Length: 48787
Content-Type: application/json; charset=utf-8
host: localhost:52230
accept: */*

Response DefaultHttpResponse(decodeResult: success, version: HTTP/1.1)
HTTP/1.1 200 OK
Content-Type: application/json; charset=utf-8
cache-control: no-cache
content-length: 14

11:14:51.618 [AsyncHttpClient-1-5] DEBUG org.asynchttpclient.netty.channel.ChannelManager - Adding key: http://localhost:52230 for channel [id: 0x08c5325b, L:/127.0.0.1:52553 - R:localhost/127.0.0.1:52230]
11:14:51.619 [Forwarding isElementEnabled on session 8e2d7d43ff9c4efac8a67d5853272167 to remote] DEBUG org.asynchttpclient.netty.request.NettyRequestSender - Using pooled Channel '[id: 0x08c5325b, L:/127.0.0.1:52553 - R:localhost/127.0.0.1:52230]' for 'GET' to 'http://localhost:52230/session/8e2d7d43ff9c4efac8a67d5853272167/element/225E507DC3B19D273C6910C2653A82F5_element_72/enabled'
11:14:51.619 [Forwarding isElementEnabled on session 8e2d7d43ff9c4efac8a67d5853272167 to remote] DEBUG org.asynchttpclient.netty.request.NettyRequestSender - Using open Channel [id: 0x08c5325b, L:/127.0.0.1:52553 - R:localhost/127.0.0.1:52230] for GET '/session/8e2d7d43ff9c4efac8a67d5853272167/element/225E507DC3B19D273C6910C2653A82F5_element_72/enabled'
11:14:51.624 [AsyncHttpClient-1-5] DEBUG org.asynchttpclient.netty.handler.HttpHandler - 

Request DefaultFullHttpRequest(decodeResult: success, version: HTTP/1.1, content: EmptyByteBufBE)
GET /session/8e2d7d43ff9c4efac8a67d5853272167/element/225E507DC3B19D273C6910C2653A82F5_element_72/enabled HTTP/1.1
User-Agent: selenium/4.4.0 (java windows)
Cache-Control: no-cache
Content-Type: application/json; charset=utf-8
host: localhost:52230
accept: */*

Response DefaultHttpResponse(decodeResult: success, version: HTTP/1.1)
HTTP/1.1 200 OK
Content-Type: application/json; charset=utf-8
cache-control: no-cache
content-length: 14

11:14:51.624 [AsyncHttpClient-1-5] DEBUG org.asynchttpclient.netty.channel.ChannelManager - Adding key: http://localhost:52230 for channel [id: 0x08c5325b, L:/127.0.0.1:52553 - R:localhost/127.0.0.1:52230]
11:14:51.624 [Forwarding isElementEnabled on session 8e2d7d43ff9c4efac8a67d5853272167 to remote] DEBUG org.asynchttpclient.netty.request.NettyRequestSender - Using pooled Channel '[id: 0x08c5325b, L:/127.0.0.1:52553 - R:localhost/127.0.0.1:52230]' for 'GET' to 'http://localhost:52230/session/8e2d7d43ff9c4efac8a67d5853272167/element/225E507DC3B19D273C6910C2653A82F5_element_72/enabled'
11:14:51.624 [Forwarding isElementEnabled on session 8e2d7d43ff9c4efac8a67d5853272167 to remote] DEBUG org.asynchttpclient.netty.request.NettyRequestSender - Using open Channel [id: 0x08c5325b, L:/127.0.0.1:52553 - R:localhost/127.0.0.1:52230] for GET '/session/8e2d7d43ff9c4efac8a67d5853272167/element/225E507DC3B19D273C6910C2653A82F5_element_72/enabled'
11:14:51.629 [AsyncHttpClient-1-5] DEBUG org.asynchttpclient.netty.handler.HttpHandler - 

Request DefaultFullHttpRequest(decodeResult: success, version: HTTP/1.1, content: EmptyByteBufBE)
GET /session/8e2d7d43ff9c4efac8a67d5853272167/element/225E507DC3B19D273C6910C2653A82F5_element_72/enabled HTTP/1.1
User-Agent: selenium/4.4.0 (java windows)
Cache-Control: no-cache
Content-Type: application/json; charset=utf-8
host: localhost:52230
accept: */*

Response DefaultHttpResponse(decodeResult: success, version: HTTP/1.1)
HTTP/1.1 200 OK
Content-Type: application/json; charset=utf-8
cache-control: no-cache
content-length: 14

11:14:51.629 [AsyncHttpClient-1-5] DEBUG org.asynchttpclient.netty.channel.ChannelManager - Adding key: http://localhost:52230 for channel [id: 0x08c5325b, L:/127.0.0.1:52553 - R:localhost/127.0.0.1:52230]
11:14:51.630 [Forwarding getElementTagName on session 8e2d7d43ff9c4efac8a67d5853272167 to remote] DEBUG org.asynchttpclient.netty.request.NettyRequestSender - Using pooled Channel '[id: 0x08c5325b, L:/127.0.0.1:52553 - R:localhost/127.0.0.1:52230]' for 'GET' to 'http://localhost:52230/session/8e2d7d43ff9c4efac8a67d5853272167/element/225E507DC3B19D273C6910C2653A82F5_element_72/name'
11:14:51.630 [Forwarding getElementTagName on session 8e2d7d43ff9c4efac8a67d5853272167 to remote] DEBUG org.asynchttpclient.netty.request.NettyRequestSender - Using open Channel [id: 0x08c5325b, L:/127.0.0.1:52553 - R:localhost/127.0.0.1:52230] for GET '/session/8e2d7d43ff9c4efac8a67d5853272167/element/225E507DC3B19D273C6910C2653A82F5_element_72/name'
11:14:51.633 [AsyncHttpClient-1-5] DEBUG org.asynchttpclient.netty.handler.HttpHandler - 

Request DefaultFullHttpRequest(decodeResult: success, version: HTTP/1.1, content: EmptyByteBufBE)
GET /session/8e2d7d43ff9c4efac8a67d5853272167/element/225E507DC3B19D273C6910C2653A82F5_element_72/name HTTP/1.1
User-Agent: selenium/4.4.0 (java windows)
Cache-Control: no-cache
Content-Type: application/json; charset=utf-8
host: localhost:52230
accept: */*

Response DefaultHttpResponse(decodeResult: success, version: HTTP/1.1)
HTTP/1.1 200 OK
Content-Type: application/json; charset=utf-8
cache-control: no-cache
content-length: 13

11:14:51.633 [AsyncHttpClient-1-5] DEBUG org.asynchttpclient.netty.channel.ChannelManager - Adding key: http://localhost:52230 for channel [id: 0x08c5325b, L:/127.0.0.1:52553 - R:localhost/127.0.0.1:52230]
11:14:51.634 [Forwarding getElementTagName on session 8e2d7d43ff9c4efac8a67d5853272167 to remote] DEBUG org.asynchttpclient.netty.request.NettyRequestSender - Using pooled Channel '[id: 0x08c5325b, L:/127.0.0.1:52553 - R:localhost/127.0.0.1:52230]' for 'GET' to 'http://localhost:52230/session/8e2d7d43ff9c4efac8a67d5853272167/element/225E507DC3B19D273C6910C2653A82F5_element_72/name'
11:14:51.634 [Forwarding getElementTagName on session 8e2d7d43ff9c4efac8a67d5853272167 to remote] DEBUG org.asynchttpclient.netty.request.NettyRequestSender - Using open Channel [id: 0x08c5325b, L:/127.0.0.1:52553 - R:localhost/127.0.0.1:52230] for GET '/session/8e2d7d43ff9c4efac8a67d5853272167/element/225E507DC3B19D273C6910C2653A82F5_element_72/name'
11:14:51.637 [AsyncHttpClient-1-5] DEBUG org.asynchttpclient.netty.handler.HttpHandler - 

Request DefaultFullHttpRequest(decodeResult: success, version: HTTP/1.1, content: EmptyByteBufBE)
GET /session/8e2d7d43ff9c4efac8a67d5853272167/element/225E507DC3B19D273C6910C2653A82F5_element_72/name HTTP/1.1
User-Agent: selenium/4.4.0 (java windows)
Cache-Control: no-cache
Content-Type: application/json; charset=utf-8
host: localhost:52230
accept: */*

Response DefaultHttpResponse(decodeResult: success, version: HTTP/1.1)
HTTP/1.1 200 OK
Content-Type: application/json; charset=utf-8
cache-control: no-cache
content-length: 13

11:14:51.637 [AsyncHttpClient-1-5] DEBUG org.asynchttpclient.netty.channel.ChannelManager - Adding key: http://localhost:52230 for channel [id: 0x08c5325b, L:/127.0.0.1:52553 - R:localhost/127.0.0.1:52230]
11:14:51.638 [Forwarding clickElement on session 8e2d7d43ff9c4efac8a67d5853272167 to remote] DEBUG org.asynchttpclient.netty.request.NettyRequestSender - Using pooled Channel '[id: 0x08c5325b, L:/127.0.0.1:52553 - R:localhost/127.0.0.1:52230]' for 'POST' to 'http://localhost:52230/session/8e2d7d43ff9c4efac8a67d5853272167/element/225E507DC3B19D273C6910C2653A82F5_element_72/click'
11:14:51.638 [Forwarding clickElement on session 8e2d7d43ff9c4efac8a67d5853272167 to remote] DEBUG org.asynchttpclient.netty.request.NettyRequestSender - Using open Channel [id: 0x08c5325b, L:/127.0.0.1:52553 - R:localhost/127.0.0.1:52230] for POST '/session/8e2d7d43ff9c4efac8a67d5853272167/element/225E507DC3B19D273C6910C2653A82F5_element_72/click'
11:14:51.944 [AsyncHttpClient-1-1] DEBUG org.asynchttpclient.netty.channel.DefaultChannelPool - Entry count for : http://localhost:52554 : 1
11:14:52.047 [AsyncHttpClient-1-5] DEBUG org.asynchttpclient.netty.handler.HttpHandler - 

Request DefaultHttpRequest(decodeResult: success, version: HTTP/1.1)
POST /session/8e2d7d43ff9c4efac8a67d5853272167/element/225E507DC3B19D273C6910C2653A82F5_element_72/click HTTP/1.1
User-Agent: selenium/4.4.0 (java windows)
Content-Length: 57
Content-Type: application/json; charset=utf-8
host: localhost:52230
accept: */*

Response DefaultHttpResponse(decodeResult: success, version: HTTP/1.1)
HTTP/1.1 200 OK
Content-Type: application/json; charset=utf-8
cache-control: no-cache
content-length: 14

11:14:52.048 [AsyncHttpClient-1-5] DEBUG org.asynchttpclient.netty.channel.ChannelManager - Adding key: http://localhost:52230 for channel [id: 0x08c5325b, L:/127.0.0.1:52553 - R:localhost/127.0.0.1:52230]
11:14:52.052 [Forwarding getCurrentWindowHandle on session 8e2d7d43ff9c4efac8a67d5853272167 to remote] DEBUG org.asynchttpclient.netty.request.NettyRequestSender - Using pooled Channel '[id: 0x08c5325b, L:/127.0.0.1:52553 - R:localhost/127.0.0.1:52230]' for 'GET' to 'http://localhost:52230/session/8e2d7d43ff9c4efac8a67d5853272167/window'
11:14:52.052 [Forwarding getCurrentWindowHandle on session 8e2d7d43ff9c4efac8a67d5853272167 to remote] DEBUG org.asynchttpclient.netty.request.NettyRequestSender - Using open Channel [id: 0x08c5325b, L:/127.0.0.1:52553 - R:localhost/127.0.0.1:52230] for GET '/session/8e2d7d43ff9c4efac8a67d5853272167/window'
11:14:52.053 [AsyncHttpClient-1-5] DEBUG org.asynchttpclient.netty.handler.HttpHandler - 

Request DefaultFullHttpRequest(decodeResult: success, version: HTTP/1.1, content: EmptyByteBufBE)
GET /session/8e2d7d43ff9c4efac8a67d5853272167/window HTTP/1.1
User-Agent: selenium/4.4.0 (java windows)
Cache-Control: no-cache
Content-Type: application/json; charset=utf-8
host: localhost:52230
accept: */*

Response DefaultHttpResponse(decodeResult: success, version: HTTP/1.1)
HTTP/1.1 200 OK
Content-Type: application/json; charset=utf-8
cache-control: no-cache
content-length: 44

11:14:52.053 [AsyncHttpClient-1-5] DEBUG org.asynchttpclient.netty.channel.ChannelManager - Adding key: http://localhost:52230 for channel [id: 0x08c5325b, L:/127.0.0.1:52553 - R:localhost/127.0.0.1:52230]
11:14:52.055 [Forwarding getAlertText on session 8e2d7d43ff9c4efac8a67d5853272167 to remote] DEBUG org.asynchttpclient.netty.request.NettyRequestSender - Using pooled Channel '[id: 0x08c5325b, L:/127.0.0.1:52553 - R:localhost/127.0.0.1:52230]' for 'GET' to 'http://localhost:52230/session/8e2d7d43ff9c4efac8a67d5853272167/alert/text'
11:14:52.055 [Forwarding getAlertText on session 8e2d7d43ff9c4efac8a67d5853272167 to remote] DEBUG org.asynchttpclient.netty.request.NettyRequestSender - Using open Channel [id: 0x08c5325b, L:/127.0.0.1:52553 - R:localhost/127.0.0.1:52230] for GET '/session/8e2d7d43ff9c4efac8a67d5853272167/alert/text'
11:14:52.057 [AsyncHttpClient-1-5] DEBUG org.asynchttpclient.netty.handler.HttpHandler - 

Request DefaultFullHttpRequest(decodeResult: success, version: HTTP/1.1, content: EmptyByteBufBE)
GET /session/8e2d7d43ff9c4efac8a67d5853272167/alert/text HTTP/1.1
User-Agent: selenium/4.4.0 (java windows)
Cache-Control: no-cache
Content-Type: application/json; charset=utf-8
host: localhost:52230
accept: */*

Response DefaultHttpResponse(decodeResult: success, version: HTTP/1.1)
HTTP/1.1 404 Not Found
Content-Type: application/json; charset=utf-8
cache-control: no-cache
content-length: 848

11:14:52.058 [AsyncHttpClient-1-5] DEBUG org.asynchttpclient.netty.channel.ChannelManager - Adding key: http://localhost:52230 for channel [id: 0x08c5325b, L:/127.0.0.1:52553 - R:localhost/127.0.0.1:52230]
11:14:52.059 [Forwarding switchToWindow on session 8e2d7d43ff9c4efac8a67d5853272167 to remote] DEBUG org.asynchttpclient.netty.request.NettyRequestSender - Using pooled Channel '[id: 0x08c5325b, L:/127.0.0.1:52553 - R:localhost/127.0.0.1:52230]' for 'POST' to 'http://localhost:52230/session/8e2d7d43ff9c4efac8a67d5853272167/window'
11:14:52.059 [Forwarding switchToWindow on session 8e2d7d43ff9c4efac8a67d5853272167 to remote] DEBUG org.asynchttpclient.netty.request.NettyRequestSender - Using open Channel [id: 0x08c5325b, L:/127.0.0.1:52553 - R:localhost/127.0.0.1:52230] for POST '/session/8e2d7d43ff9c4efac8a67d5853272167/window'
11:14:52.061 [AsyncHttpClient-1-5] DEBUG org.asynchttpclient.netty.handler.HttpHandler - 

Request DefaultHttpRequest(decodeResult: success, version: HTTP/1.1)
POST /session/8e2d7d43ff9c4efac8a67d5853272167/window HTTP/1.1
User-Agent: selenium/4.4.0 (java windows)
Content-Length: 50
Content-Type: application/json; charset=utf-8
host: localhost:52230
accept: */*

Response DefaultHttpResponse(decodeResult: success, version: HTTP/1.1)
HTTP/1.1 200 OK
Content-Type: application/json; charset=utf-8
cache-control: no-cache
content-length: 14

11:14:52.061 [AsyncHttpClient-1-5] DEBUG org.asynchttpclient.netty.channel.ChannelManager - Adding key: http://localhost:52230 for channel [id: 0x08c5325b, L:/127.0.0.1:52553 - R:localhost/127.0.0.1:52230]
11:14:52.062 [Forwarding getCurrentUrl on session 8e2d7d43ff9c4efac8a67d5853272167 to remote] DEBUG org.asynchttpclient.netty.request.NettyRequestSender - Using pooled Channel '[id: 0x08c5325b, L:/127.0.0.1:52553 - R:localhost/127.0.0.1:52230]' for 'GET' to 'http://localhost:52230/session/8e2d7d43ff9c4efac8a67d5853272167/url'
11:14:52.062 [Forwarding getCurrentUrl on session 8e2d7d43ff9c4efac8a67d5853272167 to remote] DEBUG org.asynchttpclient.netty.request.NettyRequestSender - Using open Channel [id: 0x08c5325b, L:/127.0.0.1:52553 - R:localhost/127.0.0.1:52230] for GET '/session/8e2d7d43ff9c4efac8a67d5853272167/url'
11:14:52.075 [AsyncHttpClient-1-5] DEBUG org.asynchttpclient.netty.handler.HttpHandler - 

Request DefaultFullHttpRequest(decodeResult: success, version: HTTP/1.1, content: EmptyByteBufBE)
GET /session/8e2d7d43ff9c4efac8a67d5853272167/url HTTP/1.1
User-Agent: selenium/4.4.0 (java windows)
Cache-Control: no-cache
Content-Type: application/json; charset=utf-8
host: localhost:52230
accept: */*

Response DefaultHttpResponse(decodeResult: success, version: HTTP/1.1)
HTTP/1.1 200 OK
Content-Type: application/json; charset=utf-8
cache-control: no-cache
content-length: 54

11:14:52.076 [AsyncHttpClient-1-5] DEBUG org.asynchttpclient.netty.channel.ChannelManager - Adding key: http://localhost:52230 for channel [id: 0x08c5325b, L:/127.0.0.1:52553 - R:localhost/127.0.0.1:52230]
11:14:52.076 [Forwarding screenshot on session 8e2d7d43ff9c4efac8a67d5853272167 to remote] DEBUG org.asynchttpclient.netty.request.NettyRequestSender - Using pooled Channel '[id: 0x08c5325b, L:/127.0.0.1:52553 - R:localhost/127.0.0.1:52230]' for 'GET' to 'http://localhost:52230/session/8e2d7d43ff9c4efac8a67d5853272167/screenshot'
11:14:52.076 [Forwarding screenshot on session 8e2d7d43ff9c4efac8a67d5853272167 to remote] DEBUG org.asynchttpclient.netty.request.NettyRequestSender - Using open Channel [id: 0x08c5325b, L:/127.0.0.1:52553 - R:localhost/127.0.0.1:52230] for GET '/session/8e2d7d43ff9c4efac8a67d5853272167/screenshot'
11:14:52.234 [AsyncHttpClient-1-5] DEBUG org.asynchttpclient.netty.handler.HttpHandler - 

Request DefaultFullHttpRequest(decodeResult: success, version: HTTP/1.1, content: EmptyByteBufBE)
GET /session/8e2d7d43ff9c4efac8a67d5853272167/screenshot HTTP/1.1
User-Agent: selenium/4.4.0 (java windows)
Cache-Control: no-cache
Content-Type: application/json; charset=utf-8
host: localhost:52230
accept: */*

Response DefaultHttpResponse(decodeResult: success, version: HTTP/1.1)
HTTP/1.1 200 OK
Content-Type: application/json; charset=utf-8
cache-control: no-cache
content-length: 263316

11:14:52.234 [AsyncHttpClient-1-5] DEBUG org.asynchttpclient.netty.channel.ChannelManager - Adding key: http://localhost:52230 for channel [id: 0x08c5325b, L:/127.0.0.1:52553 - R:localhost/127.0.0.1:52230]
11:14:52.238 [main] DEBUG net.serenitybdd.core.photography.Darkroom - Send negative for processing for target\site\serenity\277e1adcccc6d4db5e198a47ac23141aaaacbe8c286af14213e073e3d7e774a8.png
11:14:52.238 [main] DEBUG net.thucydides.core.steps.StepInterceptor - STEP DONE: El usuario selecciona un ordenador
  &amp#27;[32mAnd &amp#27;[0m&amp#27;[32mel usuario clika en el ordenador&amp#27;[0m                                                                        &amp#27;[90m# Step.ComprarDispositivosElectronicosStep.el_usuario_clika_en_el_dispositivo(io.cucumber.datatable.DataTable)&amp#27;[0m
    | Ordenador    |
    | Sony vaio i5 |
    | Sony vaio i7 |
    | MacBook air  |
11:14:52.243 [Forwarding findElement on session 8e2d7d43ff9c4efac8a67d5853272167 to remote] DEBUG org.asynchttpclient.netty.request.NettyRequestSender - Using pooled Channel '[id: 0x08c5325b, L:/127.0.0.1:52553 - R:localhost/127.0.0.1:52230]' for 'POST' to 'http://localhost:52230/session/8e2d7d43ff9c4efac8a67d5853272167/element'
11:14:52.243 [Forwarding findElement on session 8e2d7d43ff9c4efac8a67d5853272167 to remote] DEBUG org.asynchttpclient.netty.request.NettyRequestSender - Using open Channel [id: 0x08c5325b, L:/127.0.0.1:52553 - R:localhost/127.0.0.1:52230] for POST '/session/8e2d7d43ff9c4efac8a67d5853272167/element'
11:14:52.391 [AsyncHttpClient-1-5] DEBUG org.asynchttpclient.netty.handler.HttpHandler - 

Request DefaultHttpRequest(decodeResult: success, version: HTTP/1.1)
POST /session/8e2d7d43ff9c4efac8a67d5853272167/element HTTP/1.1
User-Agent: selenium/4.4.0 (java windows)
Content-Length: 62
Content-Type: application/json; charset=utf-8
host: localhost:52230
accept: */*

Response DefaultHttpResponse(decodeResult: success, version: HTTP/1.1)
HTTP/1.1 200 OK
Content-Type: application/json; charset=utf-8
cache-control: no-cache
content-length: 95

11:14:52.392 [AsyncHttpClient-1-5] DEBUG org.asynchttpclient.netty.channel.ChannelManager - Adding key: http://localhost:52230 for channel [id: 0x08c5325b, L:/127.0.0.1:52553 - R:localhost/127.0.0.1:52230]
11:14:52.393 [Forwarding isElementDisplayed on session 8e2d7d43ff9c4efac8a67d5853272167 to remote] DEBUG org.asynchttpclient.netty.request.NettyRequestSender - Using pooled Channel '[id: 0x08c5325b, L:/127.0.0.1:52553 - R:localhost/127.0.0.1:52230]' for 'POST' to 'http://localhost:52230/session/8e2d7d43ff9c4efac8a67d5853272167/execute/sync'
11:14:52.393 [Forwarding isElementDisplayed on session 8e2d7d43ff9c4efac8a67d5853272167 to remote] DEBUG org.asynchttpclient.netty.request.NettyRequestSender - Using open Channel [id: 0x08c5325b, L:/127.0.0.1:52553 - R:localhost/127.0.0.1:52230] for POST '/session/8e2d7d43ff9c4efac8a67d5853272167/execute/sync'
11:14:52.400 [AsyncHttpClient-1-5] DEBUG org.asynchttpclient.netty.handler.HttpHandler - 

Request DefaultHttpRequest(decodeResult: success, version: HTTP/1.1)
POST /session/8e2d7d43ff9c4efac8a67d5853272167/execute/sync HTTP/1.1
User-Agent: selenium/4.4.0 (java windows)
Content-Length: 48787
Content-Type: application/json; charset=utf-8
host: localhost:52230
accept: */*

Response DefaultHttpResponse(decodeResult: success, version: HTTP/1.1)
HTTP/1.1 200 OK
Content-Type: application/json; charset=utf-8
cache-control: no-cache
content-length: 14

11:14:52.400 [AsyncHttpClient-1-5] DEBUG org.asynchttpclient.netty.channel.ChannelManager - Adding key: http://localhost:52230 for channel [id: 0x08c5325b, L:/127.0.0.1:52553 - R:localhost/127.0.0.1:52230]
11:14:52.401 [Forwarding getElementText on session 8e2d7d43ff9c4efac8a67d5853272167 to remote] DEBUG org.asynchttpclient.netty.request.NettyRequestSender - Using pooled Channel '[id: 0x08c5325b, L:/127.0.0.1:52553 - R:localhost/127.0.0.1:52230]' for 'GET' to 'http://localhost:52230/session/8e2d7d43ff9c4efac8a67d5853272167/element/FA8EC84488BA38D93EE1F48C04E2E586_element_81/text'
11:14:52.401 [Forwarding getElementText on session 8e2d7d43ff9c4efac8a67d5853272167 to remote] DEBUG org.asynchttpclient.netty.request.NettyRequestSender - Using open Channel [id: 0x08c5325b, L:/127.0.0.1:52553 - R:localhost/127.0.0.1:52230] for GET '/session/8e2d7d43ff9c4efac8a67d5853272167/element/FA8EC84488BA38D93EE1F48C04E2E586_element_81/text'
11:14:52.412 [AsyncHttpClient-1-5] DEBUG org.asynchttpclient.netty.handler.HttpHandler - 

Request DefaultFullHttpRequest(decodeResult: success, version: HTTP/1.1, content: EmptyByteBufBE)
GET /session/8e2d7d43ff9c4efac8a67d5853272167/element/FA8EC84488BA38D93EE1F48C04E2E586_element_81/text HTTP/1.1
User-Agent: selenium/4.4.0 (java windows)
Cache-Control: no-cache
Content-Type: application/json; charset=utf-8
host: localhost:52230
accept: */*

Response DefaultHttpResponse(decodeResult: success, version: HTTP/1.1)
HTTP/1.1 200 OK
Content-Type: application/json; charset=utf-8
cache-control: no-cache
content-length: 30

11:14:52.412 [AsyncHttpClient-1-5] DEBUG org.asynchttpclient.netty.channel.ChannelManager - Adding key: http://localhost:52230 for channel [id: 0x08c5325b, L:/127.0.0.1:52553 - R:localhost/127.0.0.1:52230]
11:14:52.415 [main] DEBUG net.thucydides.core.steps.StepInterceptor - STARTING STEP: ComprarDispositivosElectronicosStep.el_usuario_añade_a_la_cesta_el_dispositivo - Añadir a la cesta
11:14:53.045 [AsyncHttpClient-1-1] DEBUG org.asynchttpclient.netty.channel.DefaultChannelPool - Entry count for : http://localhost:52230 : 1
11:14:53.045 [AsyncHttpClient-1-1] DEBUG org.asynchttpclient.netty.channel.DefaultChannelPool - Entry count for : http://localhost:52554 : 1
11:14:53.418 [Forwarding screenshot on session 8e2d7d43ff9c4efac8a67d5853272167 to remote] DEBUG org.asynchttpclient.netty.request.NettyRequestSender - Using pooled Channel '[id: 0x08c5325b, L:/127.0.0.1:52553 - R:localhost/127.0.0.1:52230]' for 'GET' to 'http://localhost:52230/session/8e2d7d43ff9c4efac8a67d5853272167/screenshot'
11:14:53.418 [Forwarding screenshot on session 8e2d7d43ff9c4efac8a67d5853272167 to remote] DEBUG org.asynchttpclient.netty.request.NettyRequestSender - Using open Channel [id: 0x08c5325b, L:/127.0.0.1:52553 - R:localhost/127.0.0.1:52230] for GET '/session/8e2d7d43ff9c4efac8a67d5853272167/screenshot'
11:14:53.530 [AsyncHttpClient-1-5] DEBUG org.asynchttpclient.netty.handler.HttpHandler - 

Request DefaultFullHttpRequest(decodeResult: success, version: HTTP/1.1, content: EmptyByteBufBE)
GET /session/8e2d7d43ff9c4efac8a67d5853272167/screenshot HTTP/1.1
User-Agent: selenium/4.4.0 (java windows)
Cache-Control: no-cache
Content-Type: application/json; charset=utf-8
host: localhost:52230
accept: */*

Response DefaultHttpResponse(decodeResult: success, version: HTTP/1.1)
HTTP/1.1 200 OK
Content-Type: application/json; charset=utf-8
cache-control: no-cache
content-length: 218516

11:14:53.530 [AsyncHttpClient-1-5] DEBUG org.asynchttpclient.netty.channel.ChannelManager - Adding key: http://localhost:52230 for channel [id: 0x08c5325b, L:/127.0.0.1:52553 - R:localhost/127.0.0.1:52230]
11:14:53.540 [Forwarding findElement on session 8e2d7d43ff9c4efac8a67d5853272167 to remote] DEBUG org.asynchttpclient.netty.request.NettyRequestSender - Using pooled Channel '[id: 0x08c5325b, L:/127.0.0.1:52553 - R:localhost/127.0.0.1:52230]' for 'POST' to 'http://localhost:52230/session/8e2d7d43ff9c4efac8a67d5853272167/element'
11:14:53.540 [Forwarding findElement on session 8e2d7d43ff9c4efac8a67d5853272167 to remote] DEBUG org.asynchttpclient.netty.request.NettyRequestSender - Using open Channel [id: 0x08c5325b, L:/127.0.0.1:52553 - R:localhost/127.0.0.1:52230] for POST '/session/8e2d7d43ff9c4efac8a67d5853272167/element'
11:14:53.551 [AsyncHttpClient-1-5] DEBUG org.asynchttpclient.netty.handler.HttpHandler - 

Request DefaultHttpRequest(decodeResult: success, version: HTTP/1.1)
POST /session/8e2d7d43ff9c4efac8a67d5853272167/element HTTP/1.1
User-Agent: selenium/4.4.0 (java windows)
Content-Length: 83
Content-Type: application/json; charset=utf-8
host: localhost:52230
accept: */*

Response DefaultHttpResponse(decodeResult: success, version: HTTP/1.1)
HTTP/1.1 200 OK
Content-Type: application/json; charset=utf-8
cache-control: no-cache
content-length: 96

11:14:53.551 [AsyncHttpClient-1-5] DEBUG org.asynchttpclient.netty.channel.ChannelManager - Adding key: http://localhost:52230 for channel [id: 0x08c5325b, L:/127.0.0.1:52553 - R:localhost/127.0.0.1:52230]
11:14:53.553 [Forwarding isElementDisplayed on session 8e2d7d43ff9c4efac8a67d5853272167 to remote] DEBUG org.asynchttpclient.netty.request.NettyRequestSender - Using pooled Channel '[id: 0x08c5325b, L:/127.0.0.1:52553 - R:localhost/127.0.0.1:52230]' for 'POST' to 'http://localhost:52230/session/8e2d7d43ff9c4efac8a67d5853272167/execute/sync'
11:14:53.553 [Forwarding isElementDisplayed on session 8e2d7d43ff9c4efac8a67d5853272167 to remote] DEBUG org.asynchttpclient.netty.request.NettyRequestSender - Using open Channel [id: 0x08c5325b, L:/127.0.0.1:52553 - R:localhost/127.0.0.1:52230] for POST '/session/8e2d7d43ff9c4efac8a67d5853272167/execute/sync'
11:14:53.562 [AsyncHttpClient-1-5] DEBUG org.asynchttpclient.netty.handler.HttpHandler - 

Request DefaultHttpRequest(decodeResult: success, version: HTTP/1.1)
POST /session/8e2d7d43ff9c4efac8a67d5853272167/execute/sync HTTP/1.1
User-Agent: selenium/4.4.0 (java windows)
Content-Length: 48788
Content-Type: application/json; charset=utf-8
host: localhost:52230
accept: */*

Response DefaultHttpResponse(decodeResult: success, version: HTTP/1.1)
HTTP/1.1 200 OK
Content-Type: application/json; charset=utf-8
cache-control: no-cache
content-length: 14

11:14:53.562 [AsyncHttpClient-1-5] DEBUG org.asynchttpclient.netty.channel.ChannelManager - Adding key: http://localhost:52230 for channel [id: 0x08c5325b, L:/127.0.0.1:52553 - R:localhost/127.0.0.1:52230]
11:14:53.563 [Forwarding clickElement on session 8e2d7d43ff9c4efac8a67d5853272167 to remote] DEBUG org.asynchttpclient.netty.request.NettyRequestSender - Using pooled Channel '[id: 0x08c5325b, L:/127.0.0.1:52553 - R:localhost/127.0.0.1:52230]' for 'POST' to 'http://localhost:52230/session/8e2d7d43ff9c4efac8a67d5853272167/element/FA8EC84488BA38D93EE1F48C04E2E586_element_100/click'
11:14:53.563 [Forwarding clickElement on session 8e2d7d43ff9c4efac8a67d5853272167 to remote] DEBUG org.asynchttpclient.netty.request.NettyRequestSender - Using open Channel [id: 0x08c5325b, L:/127.0.0.1:52553 - R:localhost/127.0.0.1:52230] for POST '/session/8e2d7d43ff9c4efac8a67d5853272167/element/FA8EC84488BA38D93EE1F48C04E2E586_element_100/click'
11:14:53.590 [AsyncHttpClient-1-5] DEBUG org.asynchttpclient.netty.handler.HttpHandler - 

Request DefaultHttpRequest(decodeResult: success, version: HTTP/1.1)
POST /session/8e2d7d43ff9c4efac8a67d5853272167/element/FA8EC84488BA38D93EE1F48C04E2E586_element_100/click HTTP/1.1
User-Agent: selenium/4.4.0 (java windows)
Content-Length: 58
Content-Type: application/json; charset=utf-8
host: localhost:52230
accept: */*

Response DefaultHttpResponse(decodeResult: success, version: HTTP/1.1)
HTTP/1.1 200 OK
Content-Type: application/json; charset=utf-8
cache-control: no-cache
content-length: 14

11:14:53.590 [AsyncHttpClient-1-5] DEBUG org.asynchttpclient.netty.channel.ChannelManager - Adding key: http://localhost:52230 for channel [id: 0x08c5325b, L:/127.0.0.1:52553 - R:localhost/127.0.0.1:52230]
11:14:53.591 [Forwarding getAlertText on session 8e2d7d43ff9c4efac8a67d5853272167 to remote] DEBUG org.asynchttpclient.netty.request.NettyRequestSender - Using pooled Channel '[id: 0x08c5325b, L:/127.0.0.1:52553 - R:localhost/127.0.0.1:52230]' for 'GET' to 'http://localhost:52230/session/8e2d7d43ff9c4efac8a67d5853272167/alert/text'
11:14:53.591 [Forwarding getAlertText on session 8e2d7d43ff9c4efac8a67d5853272167 to remote] DEBUG org.asynchttpclient.netty.request.NettyRequestSender - Using open Channel [id: 0x08c5325b, L:/127.0.0.1:52553 - R:localhost/127.0.0.1:52230] for GET '/session/8e2d7d43ff9c4efac8a67d5853272167/alert/text'
11:14:53.592 [AsyncHttpClient-1-5] DEBUG org.asynchttpclient.netty.handler.HttpHandler - 

Request DefaultFullHttpRequest(decodeResult: success, version: HTTP/1.1, content: EmptyByteBufBE)
GET /session/8e2d7d43ff9c4efac8a67d5853272167/alert/text HTTP/1.1
User-Agent: selenium/4.4.0 (java windows)
Cache-Control: no-cache
Content-Type: application/json; charset=utf-8
host: localhost:52230
accept: */*

Response DefaultHttpResponse(decodeResult: success, version: HTTP/1.1)
HTTP/1.1 404 Not Found
Content-Type: application/json; charset=utf-8
cache-control: no-cache
content-length: 848

11:14:53.593 [AsyncHttpClient-1-5] DEBUG org.asynchttpclient.netty.channel.ChannelManager - Adding key: http://localhost:52230 for channel [id: 0x08c5325b, L:/127.0.0.1:52553 - R:localhost/127.0.0.1:52230]
11:14:54.107 [Forwarding getAlertText on session 8e2d7d43ff9c4efac8a67d5853272167 to remote] DEBUG org.asynchttpclient.netty.request.NettyRequestSender - Using pooled Channel '[id: 0x08c5325b, L:/127.0.0.1:52553 - R:localhost/127.0.0.1:52230]' for 'GET' to 'http://localhost:52230/session/8e2d7d43ff9c4efac8a67d5853272167/alert/text'
11:14:54.107 [Forwarding getAlertText on session 8e2d7d43ff9c4efac8a67d5853272167 to remote] DEBUG org.asynchttpclient.netty.request.NettyRequestSender - Using open Channel [id: 0x08c5325b, L:/127.0.0.1:52553 - R:localhost/127.0.0.1:52230] for GET '/session/8e2d7d43ff9c4efac8a67d5853272167/alert/text'
11:14:54.108 [AsyncHttpClient-1-5] DEBUG org.asynchttpclient.netty.handler.HttpHandler - 

Request DefaultFullHttpRequest(decodeResult: success, version: HTTP/1.1, content: EmptyByteBufBE)
GET /session/8e2d7d43ff9c4efac8a67d5853272167/alert/text HTTP/1.1
User-Agent: selenium/4.4.0 (java windows)
Cache-Control: no-cache
Content-Type: application/json; charset=utf-8
host: localhost:52230
accept: */*

Response DefaultHttpResponse(decodeResult: success, version: HTTP/1.1)
HTTP/1.1 200 OK
Content-Type: application/json; charset=utf-8
cache-control: no-cache
content-length: 26

11:14:54.108 [AsyncHttpClient-1-5] DEBUG org.asynchttpclient.netty.channel.ChannelManager - Adding key: http://localhost:52230 for channel [id: 0x08c5325b, L:/127.0.0.1:52553 - R:localhost/127.0.0.1:52230]
11:14:54.109 [Forwarding getAlertText on session 8e2d7d43ff9c4efac8a67d5853272167 to remote] DEBUG org.asynchttpclient.netty.request.NettyRequestSender - Using pooled Channel '[id: 0x08c5325b, L:/127.0.0.1:52553 - R:localhost/127.0.0.1:52230]' for 'GET' to 'http://localhost:52230/session/8e2d7d43ff9c4efac8a67d5853272167/alert/text'
11:14:54.109 [Forwarding getAlertText on session 8e2d7d43ff9c4efac8a67d5853272167 to remote] DEBUG org.asynchttpclient.netty.request.NettyRequestSender - Using open Channel [id: 0x08c5325b, L:/127.0.0.1:52553 - R:localhost/127.0.0.1:52230] for GET '/session/8e2d7d43ff9c4efac8a67d5853272167/alert/text'
11:14:54.110 [AsyncHttpClient-1-5] DEBUG org.asynchttpclient.netty.handler.HttpHandler - 

Request DefaultFullHttpRequest(decodeResult: success, version: HTTP/1.1, content: EmptyByteBufBE)
GET /session/8e2d7d43ff9c4efac8a67d5853272167/alert/text HTTP/1.1
User-Agent: selenium/4.4.0 (java windows)
Cache-Control: no-cache
Content-Type: application/json; charset=utf-8
host: localhost:52230
accept: */*

Response DefaultHttpResponse(decodeResult: success, version: HTTP/1.1)
HTTP/1.1 200 OK
Content-Type: application/json; charset=utf-8
cache-control: no-cache
content-length: 26

11:14:54.110 [AsyncHttpClient-1-5] DEBUG org.asynchttpclient.netty.channel.ChannelManager - Adding key: http://localhost:52230 for channel [id: 0x08c5325b, L:/127.0.0.1:52553 - R:localhost/127.0.0.1:52230]
11:14:54.111 [Forwarding acceptAlert on session 8e2d7d43ff9c4efac8a67d5853272167 to remote] DEBUG org.asynchttpclient.netty.request.NettyRequestSender - Using pooled Channel '[id: 0x08c5325b, L:/127.0.0.1:52553 - R:localhost/127.0.0.1:52230]' for 'POST' to 'http://localhost:52230/session/8e2d7d43ff9c4efac8a67d5853272167/alert/accept'
11:14:54.111 [Forwarding acceptAlert on session 8e2d7d43ff9c4efac8a67d5853272167 to remote] DEBUG org.asynchttpclient.netty.request.NettyRequestSender - Using open Channel [id: 0x08c5325b, L:/127.0.0.1:52553 - R:localhost/127.0.0.1:52230] for POST '/session/8e2d7d43ff9c4efac8a67d5853272167/alert/accept'
11:14:54.113 [AsyncHttpClient-1-5] DEBUG org.asynchttpclient.netty.handler.HttpHandler - 

Request DefaultHttpRequest(decodeResult: success, version: HTTP/1.1)
POST /session/8e2d7d43ff9c4efac8a67d5853272167/alert/accept HTTP/1.1
User-Agent: selenium/4.4.0 (java windows)
Content-Length: 3
Content-Type: application/json; charset=utf-8
host: localhost:52230
accept: */*

Response DefaultHttpResponse(decodeResult: success, version: HTTP/1.1)
HTTP/1.1 200 OK
Content-Type: application/json; charset=utf-8
cache-control: no-cache
content-length: 14

11:14:54.113 [AsyncHttpClient-1-5] DEBUG org.asynchttpclient.netty.channel.ChannelManager - Adding key: http://localhost:52230 for channel [id: 0x08c5325b, L:/127.0.0.1:52553 - R:localhost/127.0.0.1:52230]
11:14:54.116 [Forwarding getCurrentWindowHandle on session 8e2d7d43ff9c4efac8a67d5853272167 to remote] DEBUG org.asynchttpclient.netty.request.NettyRequestSender - Using pooled Channel '[id: 0x08c5325b, L:/127.0.0.1:52553 - R:localhost/127.0.0.1:52230]' for 'GET' to 'http://localhost:52230/session/8e2d7d43ff9c4efac8a67d5853272167/window'
11:14:54.116 [Forwarding getCurrentWindowHandle on session 8e2d7d43ff9c4efac8a67d5853272167 to remote] DEBUG org.asynchttpclient.netty.request.NettyRequestSender - Using open Channel [id: 0x08c5325b, L:/127.0.0.1:52553 - R:localhost/127.0.0.1:52230] for GET '/session/8e2d7d43ff9c4efac8a67d5853272167/window'
11:14:54.117 [AsyncHttpClient-1-5] DEBUG org.asynchttpclient.netty.handler.HttpHandler - 

Request DefaultFullHttpRequest(decodeResult: success, version: HTTP/1.1, content: EmptyByteBufBE)
GET /session/8e2d7d43ff9c4efac8a67d5853272167/window HTTP/1.1
User-Agent: selenium/4.4.0 (java windows)
Cache-Control: no-cache
Content-Type: application/json; charset=utf-8
host: localhost:52230
accept: */*

Response DefaultHttpResponse(decodeResult: success, version: HTTP/1.1)
HTTP/1.1 200 OK
Content-Type: application/json; charset=utf-8
cache-control: no-cache
content-length: 44

11:14:54.117 [AsyncHttpClient-1-5] DEBUG org.asynchttpclient.netty.channel.ChannelManager - Adding key: http://localhost:52230 for channel [id: 0x08c5325b, L:/127.0.0.1:52553 - R:localhost/127.0.0.1:52230]
11:14:54.118 [Forwarding getAlertText on session 8e2d7d43ff9c4efac8a67d5853272167 to remote] DEBUG org.asynchttpclient.netty.request.NettyRequestSender - Using pooled Channel '[id: 0x08c5325b, L:/127.0.0.1:52553 - R:localhost/127.0.0.1:52230]' for 'GET' to 'http://localhost:52230/session/8e2d7d43ff9c4efac8a67d5853272167/alert/text'
11:14:54.118 [Forwarding getAlertText on session 8e2d7d43ff9c4efac8a67d5853272167 to remote] DEBUG org.asynchttpclient.netty.request.NettyRequestSender - Using open Channel [id: 0x08c5325b, L:/127.0.0.1:52553 - R:localhost/127.0.0.1:52230] for GET '/session/8e2d7d43ff9c4efac8a67d5853272167/alert/text'
11:14:54.119 [AsyncHttpClient-1-5] DEBUG org.asynchttpclient.netty.handler.HttpHandler - 

Request DefaultFullHttpRequest(decodeResult: success, version: HTTP/1.1, content: EmptyByteBufBE)
GET /session/8e2d7d43ff9c4efac8a67d5853272167/alert/text HTTP/1.1
User-Agent: selenium/4.4.0 (java windows)
Cache-Control: no-cache
Content-Type: application/json; charset=utf-8
host: localhost:52230
accept: */*

Response DefaultHttpResponse(decodeResult: success, version: HTTP/1.1)
HTTP/1.1 404 Not Found
Content-Type: application/json; charset=utf-8
cache-control: no-cache
content-length: 848

11:14:54.120 [AsyncHttpClient-1-5] DEBUG org.asynchttpclient.netty.channel.ChannelManager - Adding key: http://localhost:52230 for channel [id: 0x08c5325b, L:/127.0.0.1:52553 - R:localhost/127.0.0.1:52230]
11:14:54.122 [Forwarding switchToWindow on session 8e2d7d43ff9c4efac8a67d5853272167 to remote] DEBUG org.asynchttpclient.netty.request.NettyRequestSender - Using pooled Channel '[id: 0x08c5325b, L:/127.0.0.1:52553 - R:localhost/127.0.0.1:52230]' for 'POST' to 'http://localhost:52230/session/8e2d7d43ff9c4efac8a67d5853272167/window'
11:14:54.122 [Forwarding switchToWindow on session 8e2d7d43ff9c4efac8a67d5853272167 to remote] DEBUG org.asynchttpclient.netty.request.NettyRequestSender - Using open Channel [id: 0x08c5325b, L:/127.0.0.1:52553 - R:localhost/127.0.0.1:52230] for POST '/session/8e2d7d43ff9c4efac8a67d5853272167/window'
11:14:54.123 [AsyncHttpClient-1-5] DEBUG org.asynchttpclient.netty.handler.HttpHandler - 

Request DefaultHttpRequest(decodeResult: success, version: HTTP/1.1)
POST /session/8e2d7d43ff9c4efac8a67d5853272167/window HTTP/1.1
User-Agent: selenium/4.4.0 (java windows)
Content-Length: 50
Content-Type: application/json; charset=utf-8
host: localhost:52230
accept: */*

Response DefaultHttpResponse(decodeResult: success, version: HTTP/1.1)
HTTP/1.1 200 OK
Content-Type: application/json; charset=utf-8
cache-control: no-cache
content-length: 14

11:14:54.123 [AsyncHttpClient-1-5] DEBUG org.asynchttpclient.netty.channel.ChannelManager - Adding key: http://localhost:52230 for channel [id: 0x08c5325b, L:/127.0.0.1:52553 - R:localhost/127.0.0.1:52230]
11:14:54.124 [Forwarding getCurrentUrl on session 8e2d7d43ff9c4efac8a67d5853272167 to remote] DEBUG org.asynchttpclient.netty.request.NettyRequestSender - Using pooled Channel '[id: 0x08c5325b, L:/127.0.0.1:52553 - R:localhost/127.0.0.1:52230]' for 'GET' to 'http://localhost:52230/session/8e2d7d43ff9c4efac8a67d5853272167/url'
11:14:54.124 [Forwarding getCurrentUrl on session 8e2d7d43ff9c4efac8a67d5853272167 to remote] DEBUG org.asynchttpclient.netty.request.NettyRequestSender - Using open Channel [id: 0x08c5325b, L:/127.0.0.1:52553 - R:localhost/127.0.0.1:52230] for GET '/session/8e2d7d43ff9c4efac8a67d5853272167/url'
11:14:54.127 [AsyncHttpClient-1-5] DEBUG org.asynchttpclient.netty.handler.HttpHandler - 

Request DefaultFullHttpRequest(decodeResult: success, version: HTTP/1.1, content: EmptyByteBufBE)
GET /session/8e2d7d43ff9c4efac8a67d5853272167/url HTTP/1.1
User-Agent: selenium/4.4.0 (java windows)
Cache-Control: no-cache
Content-Type: application/json; charset=utf-8
host: localhost:52230
accept: */*

Response DefaultHttpResponse(decodeResult: success, version: HTTP/1.1)
HTTP/1.1 200 OK
Content-Type: application/json; charset=utf-8
cache-control: no-cache
content-length: 55

11:14:54.127 [AsyncHttpClient-1-5] DEBUG org.asynchttpclient.netty.channel.ChannelManager - Adding key: http://localhost:52230 for channel [id: 0x08c5325b, L:/127.0.0.1:52553 - R:localhost/127.0.0.1:52230]
11:14:54.128 [Forwarding screenshot on session 8e2d7d43ff9c4efac8a67d5853272167 to remote] DEBUG org.asynchttpclient.netty.request.NettyRequestSender - Using pooled Channel '[id: 0x08c5325b, L:/127.0.0.1:52553 - R:localhost/127.0.0.1:52230]' for 'GET' to 'http://localhost:52230/session/8e2d7d43ff9c4efac8a67d5853272167/screenshot'
11:14:54.128 [Forwarding screenshot on session 8e2d7d43ff9c4efac8a67d5853272167 to remote] DEBUG org.asynchttpclient.netty.request.NettyRequestSender - Using open Channel [id: 0x08c5325b, L:/127.0.0.1:52553 - R:localhost/127.0.0.1:52230] for GET '/session/8e2d7d43ff9c4efac8a67d5853272167/screenshot'
11:14:54.142 [AsyncHttpClient-1-1] DEBUG org.asynchttpclient.netty.channel.DefaultChannelPool - Entry count for : http://localhost:52554 : 1
11:14:54.264 [AsyncHttpClient-1-5] DEBUG org.asynchttpclient.netty.handler.HttpHandler - 

Request DefaultFullHttpRequest(decodeResult: success, version: HTTP/1.1, content: EmptyByteBufBE)
GET /session/8e2d7d43ff9c4efac8a67d5853272167/screenshot HTTP/1.1
User-Agent: selenium/4.4.0 (java windows)
Cache-Control: no-cache
Content-Type: application/json; charset=utf-8
host: localhost:52230
accept: */*

Response DefaultHttpResponse(decodeResult: success, version: HTTP/1.1)
HTTP/1.1 200 OK
Content-Type: application/json; charset=utf-8
cache-control: no-cache
content-length: 218924

11:14:54.264 [AsyncHttpClient-1-5] DEBUG org.asynchttpclient.netty.channel.ChannelManager - Adding key: http://localhost:52230 for channel [id: 0x08c5325b, L:/127.0.0.1:52553 - R:localhost/127.0.0.1:52230]
11:14:54.267 [main] DEBUG net.serenitybdd.core.photography.Darkroom - Send negative for processing for target\site\serenity\95702192f27df23062bc95653d18d488d668b0f7102e02e4a0907e9c8bf04f56.png
11:14:54.268 [main] DEBUG net.thucydides.core.steps.StepInterceptor - STEP DONE: Añadir a la cesta
  &amp#27;[32mAnd &amp#27;[0m&amp#27;[32mel usuario añade a la cesta el ordenador&amp#27;[0m                                                                &amp#27;[90m# Step.ComprarDispositivosElectronicosStep.el_usuario_añade_a_la_cesta_el_dispositivo()&amp#27;[0m
11:14:54.268 [Darkroom Processing Line] DEBUG net.serenitybdd.core.photography.DarkroomProcessingLine - Processing screenshot image in /var/screenshots/screenshot-14624764613139035574
11:14:54.268 [Darkroom Processing Line] DEBUG net.serenitybdd.core.photography.DarkroomProcessingLine - Saving screenshot to target\site\serenity\95702192f27df23062bc95653d18d488d668b0f7102e02e4a0907e9c8bf04f56.png
11:14:54.274 [main] DEBUG net.thucydides.core.steps.StepInterceptor - STARTING STEP: ComprarDispositivosElectronicosStep.el_usuario_se_dirige_a_la_cesta_de_la_compra - Navega a la pestaña home
11:14:54.275 [Forwarding findElement on session 8e2d7d43ff9c4efac8a67d5853272167 to remote] DEBUG org.asynchttpclient.netty.request.NettyRequestSender - Using pooled Channel '[id: 0x08c5325b, L:/127.0.0.1:52553 - R:localhost/127.0.0.1:52230]' for 'POST' to 'http://localhost:52230/session/8e2d7d43ff9c4efac8a67d5853272167/element'
11:14:54.275 [Forwarding findElement on session 8e2d7d43ff9c4efac8a67d5853272167 to remote] DEBUG org.asynchttpclient.netty.request.NettyRequestSender - Using open Channel [id: 0x08c5325b, L:/127.0.0.1:52553 - R:localhost/127.0.0.1:52230] for POST '/session/8e2d7d43ff9c4efac8a67d5853272167/element'
11:14:54.284 [AsyncHttpClient-1-5] DEBUG org.asynchttpclient.netty.handler.HttpHandler - 

Request DefaultHttpRequest(decodeResult: success, version: HTTP/1.1)
POST /session/8e2d7d43ff9c4efac8a67d5853272167/element HTTP/1.1
User-Agent: selenium/4.4.0 (java windows)
Content-Length: 70
Content-Type: application/json; charset=utf-8
host: localhost:52230
accept: */*

Response DefaultHttpResponse(decodeResult: success, version: HTTP/1.1)
HTTP/1.1 200 OK
Content-Type: application/json; charset=utf-8
cache-control: no-cache
content-length: 96

11:14:54.284 [AsyncHttpClient-1-5] DEBUG org.asynchttpclient.netty.channel.ChannelManager - Adding key: http://localhost:52230 for channel [id: 0x08c5325b, L:/127.0.0.1:52553 - R:localhost/127.0.0.1:52230]
11:14:54.286 [Forwarding isElementDisplayed on session 8e2d7d43ff9c4efac8a67d5853272167 to remote] DEBUG org.asynchttpclient.netty.request.NettyRequestSender - Using pooled Channel '[id: 0x08c5325b, L:/127.0.0.1:52553 - R:localhost/127.0.0.1:52230]' for 'POST' to 'http://localhost:52230/session/8e2d7d43ff9c4efac8a67d5853272167/execute/sync'
11:14:54.286 [Forwarding isElementDisplayed on session 8e2d7d43ff9c4efac8a67d5853272167 to remote] DEBUG org.asynchttpclient.netty.request.NettyRequestSender - Using open Channel [id: 0x08c5325b, L:/127.0.0.1:52553 - R:localhost/127.0.0.1:52230] for POST '/session/8e2d7d43ff9c4efac8a67d5853272167/execute/sync'
11:14:54.293 [AsyncHttpClient-1-5] DEBUG org.asynchttpclient.netty.handler.HttpHandler - 

Request DefaultHttpRequest(decodeResult: success, version: HTTP/1.1)
POST /session/8e2d7d43ff9c4efac8a67d5853272167/execute/sync HTTP/1.1
User-Agent: selenium/4.4.0 (java windows)
Content-Length: 48788
Content-Type: application/json; charset=utf-8
host: localhost:52230
accept: */*

Response DefaultHttpResponse(decodeResult: success, version: HTTP/1.1)
HTTP/1.1 200 OK
Content-Type: application/json; charset=utf-8
cache-control: no-cache
content-length: 14

11:14:54.294 [AsyncHttpClient-1-5] DEBUG org.asynchttpclient.netty.channel.ChannelManager - Adding key: http://localhost:52230 for channel [id: 0x08c5325b, L:/127.0.0.1:52553 - R:localhost/127.0.0.1:52230]
11:14:54.295 [Forwarding isElementDisplayed on session 8e2d7d43ff9c4efac8a67d5853272167 to remote] DEBUG org.asynchttpclient.netty.request.NettyRequestSender - Using pooled Channel '[id: 0x08c5325b, L:/127.0.0.1:52553 - R:localhost/127.0.0.1:52230]' for 'POST' to 'http://localhost:52230/session/8e2d7d43ff9c4efac8a67d5853272167/execute/sync'
11:14:54.295 [Forwarding isElementDisplayed on session 8e2d7d43ff9c4efac8a67d5853272167 to remote] DEBUG org.asynchttpclient.netty.request.NettyRequestSender - Using open Channel [id: 0x08c5325b, L:/127.0.0.1:52553 - R:localhost/127.0.0.1:52230] for POST '/session/8e2d7d43ff9c4efac8a67d5853272167/execute/sync'
11:14:54.301 [AsyncHttpClient-1-5] DEBUG org.asynchttpclient.netty.handler.HttpHandler - 

Request DefaultHttpRequest(decodeResult: success, version: HTTP/1.1)
POST /session/8e2d7d43ff9c4efac8a67d5853272167/execute/sync HTTP/1.1
User-Agent: selenium/4.4.0 (java windows)
Content-Length: 48788
Content-Type: application/json; charset=utf-8
host: localhost:52230
accept: */*

Response DefaultHttpResponse(decodeResult: success, version: HTTP/1.1)
HTTP/1.1 200 OK
Content-Type: application/json; charset=utf-8
cache-control: no-cache
content-length: 14

11:14:54.301 [AsyncHttpClient-1-5] DEBUG org.asynchttpclient.netty.channel.ChannelManager - Adding key: http://localhost:52230 for channel [id: 0x08c5325b, L:/127.0.0.1:52553 - R:localhost/127.0.0.1:52230]
11:14:54.303 [Forwarding findElement on session 8e2d7d43ff9c4efac8a67d5853272167 to remote] DEBUG org.asynchttpclient.netty.request.NettyRequestSender - Using pooled Channel '[id: 0x08c5325b, L:/127.0.0.1:52553 - R:localhost/127.0.0.1:52230]' for 'POST' to 'http://localhost:52230/session/8e2d7d43ff9c4efac8a67d5853272167/element'
11:14:54.303 [Forwarding findElement on session 8e2d7d43ff9c4efac8a67d5853272167 to remote] DEBUG org.asynchttpclient.netty.request.NettyRequestSender - Using open Channel [id: 0x08c5325b, L:/127.0.0.1:52553 - R:localhost/127.0.0.1:52230] for POST '/session/8e2d7d43ff9c4efac8a67d5853272167/element'
11:14:54.308 [AsyncHttpClient-1-5] DEBUG org.asynchttpclient.netty.handler.HttpHandler - 

Request DefaultHttpRequest(decodeResult: success, version: HTTP/1.1)
POST /session/8e2d7d43ff9c4efac8a67d5853272167/element HTTP/1.1
User-Agent: selenium/4.4.0 (java windows)
Content-Length: 70
Content-Type: application/json; charset=utf-8
host: localhost:52230
accept: */*

Response DefaultHttpResponse(decodeResult: success, version: HTTP/1.1)
HTTP/1.1 200 OK
Content-Type: application/json; charset=utf-8
cache-control: no-cache
content-length: 96

11:14:54.308 [AsyncHttpClient-1-5] DEBUG org.asynchttpclient.netty.channel.ChannelManager - Adding key: http://localhost:52230 for channel [id: 0x08c5325b, L:/127.0.0.1:52553 - R:localhost/127.0.0.1:52230]
11:14:54.310 [Forwarding isElementDisplayed on session 8e2d7d43ff9c4efac8a67d5853272167 to remote] DEBUG org.asynchttpclient.netty.request.NettyRequestSender - Using pooled Channel '[id: 0x08c5325b, L:/127.0.0.1:52553 - R:localhost/127.0.0.1:52230]' for 'POST' to 'http://localhost:52230/session/8e2d7d43ff9c4efac8a67d5853272167/execute/sync'
11:14:54.310 [Forwarding isElementDisplayed on session 8e2d7d43ff9c4efac8a67d5853272167 to remote] DEBUG org.asynchttpclient.netty.request.NettyRequestSender - Using open Channel [id: 0x08c5325b, L:/127.0.0.1:52553 - R:localhost/127.0.0.1:52230] for POST '/session/8e2d7d43ff9c4efac8a67d5853272167/execute/sync'
11:14:54.316 [AsyncHttpClient-1-5] DEBUG org.asynchttpclient.netty.handler.HttpHandler - 

Request DefaultHttpRequest(decodeResult: success, version: HTTP/1.1)
POST /session/8e2d7d43ff9c4efac8a67d5853272167/execute/sync HTTP/1.1
User-Agent: selenium/4.4.0 (java windows)
Content-Length: 48788
Content-Type: application/json; charset=utf-8
host: localhost:52230
accept: */*

Response DefaultHttpResponse(decodeResult: success, version: HTTP/1.1)
HTTP/1.1 200 OK
Content-Type: application/json; charset=utf-8
cache-control: no-cache
content-length: 14

11:14:54.316 [AsyncHttpClient-1-5] DEBUG org.asynchttpclient.netty.channel.ChannelManager - Adding key: http://localhost:52230 for channel [id: 0x08c5325b, L:/127.0.0.1:52553 - R:localhost/127.0.0.1:52230]
11:14:54.316 [Forwarding isElementEnabled on session 8e2d7d43ff9c4efac8a67d5853272167 to remote] DEBUG org.asynchttpclient.netty.request.NettyRequestSender - Using pooled Channel '[id: 0x08c5325b, L:/127.0.0.1:52553 - R:localhost/127.0.0.1:52230]' for 'GET' to 'http://localhost:52230/session/8e2d7d43ff9c4efac8a67d5853272167/element/FA8EC84488BA38D93EE1F48C04E2E586_element_101/enabled'
11:14:54.316 [Forwarding isElementEnabled on session 8e2d7d43ff9c4efac8a67d5853272167 to remote] DEBUG org.asynchttpclient.netty.request.NettyRequestSender - Using open Channel [id: 0x08c5325b, L:/127.0.0.1:52553 - R:localhost/127.0.0.1:52230] for GET '/session/8e2d7d43ff9c4efac8a67d5853272167/element/FA8EC84488BA38D93EE1F48C04E2E586_element_101/enabled'
11:14:54.322 [AsyncHttpClient-1-5] DEBUG org.asynchttpclient.netty.handler.HttpHandler - 

Request DefaultFullHttpRequest(decodeResult: success, version: HTTP/1.1, content: EmptyByteBufBE)
GET /session/8e2d7d43ff9c4efac8a67d5853272167/element/FA8EC84488BA38D93EE1F48C04E2E586_element_101/enabled HTTP/1.1
User-Agent: selenium/4.4.0 (java windows)
Cache-Control: no-cache
Content-Type: application/json; charset=utf-8
host: localhost:52230
accept: */*

Response DefaultHttpResponse(decodeResult: success, version: HTTP/1.1)
HTTP/1.1 200 OK
Content-Type: application/json; charset=utf-8
cache-control: no-cache
content-length: 14

11:14:54.322 [AsyncHttpClient-1-5] DEBUG org.asynchttpclient.netty.channel.ChannelManager - Adding key: http://localhost:52230 for channel [id: 0x08c5325b, L:/127.0.0.1:52553 - R:localhost/127.0.0.1:52230]
11:14:54.323 [Forwarding findElement on session 8e2d7d43ff9c4efac8a67d5853272167 to remote] DEBUG org.asynchttpclient.netty.request.NettyRequestSender - Using pooled Channel '[id: 0x08c5325b, L:/127.0.0.1:52553 - R:localhost/127.0.0.1:52230]' for 'POST' to 'http://localhost:52230/session/8e2d7d43ff9c4efac8a67d5853272167/element'
11:14:54.323 [Forwarding findElement on session 8e2d7d43ff9c4efac8a67d5853272167 to remote] DEBUG org.asynchttpclient.netty.request.NettyRequestSender - Using open Channel [id: 0x08c5325b, L:/127.0.0.1:52553 - R:localhost/127.0.0.1:52230] for POST '/session/8e2d7d43ff9c4efac8a67d5853272167/element'
11:14:54.329 [AsyncHttpClient-1-5] DEBUG org.asynchttpclient.netty.handler.HttpHandler - 

Request DefaultHttpRequest(decodeResult: success, version: HTTP/1.1)
POST /session/8e2d7d43ff9c4efac8a67d5853272167/element HTTP/1.1
User-Agent: selenium/4.4.0 (java windows)
Content-Length: 70
Content-Type: application/json; charset=utf-8
host: localhost:52230
accept: */*

Response DefaultHttpResponse(decodeResult: success, version: HTTP/1.1)
HTTP/1.1 200 OK
Content-Type: application/json; charset=utf-8
cache-control: no-cache
content-length: 96

11:14:54.329 [AsyncHttpClient-1-5] DEBUG org.asynchttpclient.netty.channel.ChannelManager - Adding key: http://localhost:52230 for channel [id: 0x08c5325b, L:/127.0.0.1:52553 - R:localhost/127.0.0.1:52230]
11:14:54.331 [Forwarding isElementDisplayed on session 8e2d7d43ff9c4efac8a67d5853272167 to remote] DEBUG org.asynchttpclient.netty.request.NettyRequestSender - Using pooled Channel '[id: 0x08c5325b, L:/127.0.0.1:52553 - R:localhost/127.0.0.1:52230]' for 'POST' to 'http://localhost:52230/session/8e2d7d43ff9c4efac8a67d5853272167/execute/sync'
11:14:54.331 [Forwarding isElementDisplayed on session 8e2d7d43ff9c4efac8a67d5853272167 to remote] DEBUG org.asynchttpclient.netty.request.NettyRequestSender - Using open Channel [id: 0x08c5325b, L:/127.0.0.1:52553 - R:localhost/127.0.0.1:52230] for POST '/session/8e2d7d43ff9c4efac8a67d5853272167/execute/sync'
11:14:54.339 [AsyncHttpClient-1-5] DEBUG org.asynchttpclient.netty.handler.HttpHandler - 

Request DefaultHttpRequest(decodeResult: success, version: HTTP/1.1)
POST /session/8e2d7d43ff9c4efac8a67d5853272167/execute/sync HTTP/1.1
User-Agent: selenium/4.4.0 (java windows)
Content-Length: 48788
Content-Type: application/json; charset=utf-8
host: localhost:52230
accept: */*

Response DefaultHttpResponse(decodeResult: success, version: HTTP/1.1)
HTTP/1.1 200 OK
Content-Type: application/json; charset=utf-8
cache-control: no-cache
content-length: 14

11:14:54.339 [AsyncHttpClient-1-5] DEBUG org.asynchttpclient.netty.channel.ChannelManager - Adding key: http://localhost:52230 for channel [id: 0x08c5325b, L:/127.0.0.1:52553 - R:localhost/127.0.0.1:52230]
11:14:54.340 [Forwarding findElement on session 8e2d7d43ff9c4efac8a67d5853272167 to remote] DEBUG org.asynchttpclient.netty.request.NettyRequestSender - Using pooled Channel '[id: 0x08c5325b, L:/127.0.0.1:52553 - R:localhost/127.0.0.1:52230]' for 'POST' to 'http://localhost:52230/session/8e2d7d43ff9c4efac8a67d5853272167/element'
11:14:54.340 [Forwarding findElement on session 8e2d7d43ff9c4efac8a67d5853272167 to remote] DEBUG org.asynchttpclient.netty.request.NettyRequestSender - Using open Channel [id: 0x08c5325b, L:/127.0.0.1:52553 - R:localhost/127.0.0.1:52230] for POST '/session/8e2d7d43ff9c4efac8a67d5853272167/element'
11:14:54.345 [AsyncHttpClient-1-5] DEBUG org.asynchttpclient.netty.handler.HttpHandler - 

Request DefaultHttpRequest(decodeResult: success, version: HTTP/1.1)
POST /session/8e2d7d43ff9c4efac8a67d5853272167/element HTTP/1.1
User-Agent: selenium/4.4.0 (java windows)
Content-Length: 70
Content-Type: application/json; charset=utf-8
host: localhost:52230
accept: */*

Response DefaultHttpResponse(decodeResult: success, version: HTTP/1.1)
HTTP/1.1 200 OK
Content-Type: application/json; charset=utf-8
cache-control: no-cache
content-length: 96

11:14:54.345 [AsyncHttpClient-1-5] DEBUG org.asynchttpclient.netty.channel.ChannelManager - Adding key: http://localhost:52230 for channel [id: 0x08c5325b, L:/127.0.0.1:52553 - R:localhost/127.0.0.1:52230]
11:14:54.347 [Forwarding isElementDisplayed on session 8e2d7d43ff9c4efac8a67d5853272167 to remote] DEBUG org.asynchttpclient.netty.request.NettyRequestSender - Using pooled Channel '[id: 0x08c5325b, L:/127.0.0.1:52553 - R:localhost/127.0.0.1:52230]' for 'POST' to 'http://localhost:52230/session/8e2d7d43ff9c4efac8a67d5853272167/execute/sync'
11:14:54.347 [Forwarding isElementDisplayed on session 8e2d7d43ff9c4efac8a67d5853272167 to remote] DEBUG org.asynchttpclient.netty.request.NettyRequestSender - Using open Channel [id: 0x08c5325b, L:/127.0.0.1:52553 - R:localhost/127.0.0.1:52230] for POST '/session/8e2d7d43ff9c4efac8a67d5853272167/execute/sync'
11:14:54.354 [AsyncHttpClient-1-5] DEBUG org.asynchttpclient.netty.handler.HttpHandler - 

Request DefaultHttpRequest(decodeResult: success, version: HTTP/1.1)
POST /session/8e2d7d43ff9c4efac8a67d5853272167/execute/sync HTTP/1.1
User-Agent: selenium/4.4.0 (java windows)
Content-Length: 48788
Content-Type: application/json; charset=utf-8
host: localhost:52230
accept: */*

Response DefaultHttpResponse(decodeResult: success, version: HTTP/1.1)
HTTP/1.1 200 OK
Content-Type: application/json; charset=utf-8
cache-control: no-cache
content-length: 14

11:14:54.354 [AsyncHttpClient-1-5] DEBUG org.asynchttpclient.netty.channel.ChannelManager - Adding key: http://localhost:52230 for channel [id: 0x08c5325b, L:/127.0.0.1:52553 - R:localhost/127.0.0.1:52230]
11:14:55.244 [AsyncHttpClient-1-1] DEBUG org.asynchttpclient.netty.channel.DefaultChannelPool - Entry count for : http://localhost:52230 : 1
11:14:55.244 [AsyncHttpClient-1-1] DEBUG org.asynchttpclient.netty.channel.DefaultChannelPool - Entry count for : http://localhost:52554 : 1
11:14:55.360 [Forwarding screenshot on session 8e2d7d43ff9c4efac8a67d5853272167 to remote] DEBUG org.asynchttpclient.netty.request.NettyRequestSender - Using pooled Channel '[id: 0x08c5325b, L:/127.0.0.1:52553 - R:localhost/127.0.0.1:52230]' for 'GET' to 'http://localhost:52230/session/8e2d7d43ff9c4efac8a67d5853272167/screenshot'
11:14:55.360 [Forwarding screenshot on session 8e2d7d43ff9c4efac8a67d5853272167 to remote] DEBUG org.asynchttpclient.netty.request.NettyRequestSender - Using open Channel [id: 0x08c5325b, L:/127.0.0.1:52553 - R:localhost/127.0.0.1:52230] for GET '/session/8e2d7d43ff9c4efac8a67d5853272167/screenshot'
11:14:55.464 [AsyncHttpClient-1-5] DEBUG org.asynchttpclient.netty.handler.HttpHandler - 

Request DefaultFullHttpRequest(decodeResult: success, version: HTTP/1.1, content: EmptyByteBufBE)
GET /session/8e2d7d43ff9c4efac8a67d5853272167/screenshot HTTP/1.1
User-Agent: selenium/4.4.0 (java windows)
Cache-Control: no-cache
Content-Type: application/json; charset=utf-8
host: localhost:52230
accept: */*

Response DefaultHttpResponse(decodeResult: success, version: HTTP/1.1)
HTTP/1.1 200 OK
Content-Type: application/json; charset=utf-8
cache-control: no-cache
content-length: 218924

11:14:55.464 [AsyncHttpClient-1-5] DEBUG org.asynchttpclient.netty.channel.ChannelManager - Adding key: http://localhost:52230 for channel [id: 0x08c5325b, L:/127.0.0.1:52553 - R:localhost/127.0.0.1:52230]
11:14:55.474 [Forwarding findElement on session 8e2d7d43ff9c4efac8a67d5853272167 to remote] DEBUG org.asynchttpclient.netty.request.NettyRequestSender - Using pooled Channel '[id: 0x08c5325b, L:/127.0.0.1:52553 - R:localhost/127.0.0.1:52230]' for 'POST' to 'http://localhost:52230/session/8e2d7d43ff9c4efac8a67d5853272167/element'
11:14:55.474 [Forwarding findElement on session 8e2d7d43ff9c4efac8a67d5853272167 to remote] DEBUG org.asynchttpclient.netty.request.NettyRequestSender - Using open Channel [id: 0x08c5325b, L:/127.0.0.1:52553 - R:localhost/127.0.0.1:52230] for POST '/session/8e2d7d43ff9c4efac8a67d5853272167/element'
11:14:55.482 [AsyncHttpClient-1-5] DEBUG org.asynchttpclient.netty.handler.HttpHandler - 

Request DefaultHttpRequest(decodeResult: success, version: HTTP/1.1)
POST /session/8e2d7d43ff9c4efac8a67d5853272167/element HTTP/1.1
User-Agent: selenium/4.4.0 (java windows)
Content-Length: 70
Content-Type: application/json; charset=utf-8
host: localhost:52230
accept: */*

Response DefaultHttpResponse(decodeResult: success, version: HTTP/1.1)
HTTP/1.1 200 OK
Content-Type: application/json; charset=utf-8
cache-control: no-cache
content-length: 96

11:14:55.482 [AsyncHttpClient-1-5] DEBUG org.asynchttpclient.netty.channel.ChannelManager - Adding key: http://localhost:52230 for channel [id: 0x08c5325b, L:/127.0.0.1:52553 - R:localhost/127.0.0.1:52230]
11:14:55.484 [Forwarding isElementDisplayed on session 8e2d7d43ff9c4efac8a67d5853272167 to remote] DEBUG org.asynchttpclient.netty.request.NettyRequestSender - Using pooled Channel '[id: 0x08c5325b, L:/127.0.0.1:52553 - R:localhost/127.0.0.1:52230]' for 'POST' to 'http://localhost:52230/session/8e2d7d43ff9c4efac8a67d5853272167/execute/sync'
11:14:55.484 [Forwarding isElementDisplayed on session 8e2d7d43ff9c4efac8a67d5853272167 to remote] DEBUG org.asynchttpclient.netty.request.NettyRequestSender - Using open Channel [id: 0x08c5325b, L:/127.0.0.1:52553 - R:localhost/127.0.0.1:52230] for POST '/session/8e2d7d43ff9c4efac8a67d5853272167/execute/sync'
11:14:55.491 [AsyncHttpClient-1-5] DEBUG org.asynchttpclient.netty.handler.HttpHandler - 

Request DefaultHttpRequest(decodeResult: success, version: HTTP/1.1)
POST /session/8e2d7d43ff9c4efac8a67d5853272167/execute/sync HTTP/1.1
User-Agent: selenium/4.4.0 (java windows)
Content-Length: 48788
Content-Type: application/json; charset=utf-8
host: localhost:52230
accept: */*

Response DefaultHttpResponse(decodeResult: success, version: HTTP/1.1)
HTTP/1.1 200 OK
Content-Type: application/json; charset=utf-8
cache-control: no-cache
content-length: 14

11:14:55.491 [AsyncHttpClient-1-5] DEBUG org.asynchttpclient.netty.channel.ChannelManager - Adding key: http://localhost:52230 for channel [id: 0x08c5325b, L:/127.0.0.1:52553 - R:localhost/127.0.0.1:52230]
11:14:55.492 [Forwarding clickElement on session 8e2d7d43ff9c4efac8a67d5853272167 to remote] DEBUG org.asynchttpclient.netty.request.NettyRequestSender - Using pooled Channel '[id: 0x08c5325b, L:/127.0.0.1:52553 - R:localhost/127.0.0.1:52230]' for 'POST' to 'http://localhost:52230/session/8e2d7d43ff9c4efac8a67d5853272167/element/FA8EC84488BA38D93EE1F48C04E2E586_element_101/click'
11:14:55.492 [Forwarding clickElement on session 8e2d7d43ff9c4efac8a67d5853272167 to remote] DEBUG org.asynchttpclient.netty.request.NettyRequestSender - Using open Channel [id: 0x08c5325b, L:/127.0.0.1:52553 - R:localhost/127.0.0.1:52230] for POST '/session/8e2d7d43ff9c4efac8a67d5853272167/element/FA8EC84488BA38D93EE1F48C04E2E586_element_101/click'
11:14:55.707 [AsyncHttpClient-1-5] DEBUG org.asynchttpclient.netty.handler.HttpHandler - 

Request DefaultHttpRequest(decodeResult: success, version: HTTP/1.1)
POST /session/8e2d7d43ff9c4efac8a67d5853272167/element/FA8EC84488BA38D93EE1F48C04E2E586_element_101/click HTTP/1.1
User-Agent: selenium/4.4.0 (java windows)
Content-Length: 58
Content-Type: application/json; charset=utf-8
host: localhost:52230
accept: */*

Response DefaultHttpResponse(decodeResult: success, version: HTTP/1.1)
HTTP/1.1 200 OK
Content-Type: application/json; charset=utf-8
cache-control: no-cache
content-length: 14

11:14:55.707 [AsyncHttpClient-1-5] DEBUG org.asynchttpclient.netty.channel.ChannelManager - Adding key: http://localhost:52230 for channel [id: 0x08c5325b, L:/127.0.0.1:52553 - R:localhost/127.0.0.1:52230]
11:14:55.711 [Forwarding getCurrentWindowHandle on session 8e2d7d43ff9c4efac8a67d5853272167 to remote] DEBUG org.asynchttpclient.netty.request.NettyRequestSender - Using pooled Channel '[id: 0x08c5325b, L:/127.0.0.1:52553 - R:localhost/127.0.0.1:52230]' for 'GET' to 'http://localhost:52230/session/8e2d7d43ff9c4efac8a67d5853272167/window'
11:14:55.711 [Forwarding getCurrentWindowHandle on session 8e2d7d43ff9c4efac8a67d5853272167 to remote] DEBUG org.asynchttpclient.netty.request.NettyRequestSender - Using open Channel [id: 0x08c5325b, L:/127.0.0.1:52553 - R:localhost/127.0.0.1:52230] for GET '/session/8e2d7d43ff9c4efac8a67d5853272167/window'
11:14:55.712 [AsyncHttpClient-1-5] DEBUG org.asynchttpclient.netty.handler.HttpHandler - 

Request DefaultFullHttpRequest(decodeResult: success, version: HTTP/1.1, content: EmptyByteBufBE)
GET /session/8e2d7d43ff9c4efac8a67d5853272167/window HTTP/1.1
User-Agent: selenium/4.4.0 (java windows)
Cache-Control: no-cache
Content-Type: application/json; charset=utf-8
host: localhost:52230
accept: */*

Response DefaultHttpResponse(decodeResult: success, version: HTTP/1.1)
HTTP/1.1 200 OK
Content-Type: application/json; charset=utf-8
cache-control: no-cache
content-length: 44

11:14:55.712 [AsyncHttpClient-1-5] DEBUG org.asynchttpclient.netty.channel.ChannelManager - Adding key: http://localhost:52230 for channel [id: 0x08c5325b, L:/127.0.0.1:52553 - R:localhost/127.0.0.1:52230]
11:14:55.712 [Forwarding getAlertText on session 8e2d7d43ff9c4efac8a67d5853272167 to remote] DEBUG org.asynchttpclient.netty.request.NettyRequestSender - Using pooled Channel '[id: 0x08c5325b, L:/127.0.0.1:52553 - R:localhost/127.0.0.1:52230]' for 'GET' to 'http://localhost:52230/session/8e2d7d43ff9c4efac8a67d5853272167/alert/text'
11:14:55.712 [Forwarding getAlertText on session 8e2d7d43ff9c4efac8a67d5853272167 to remote] DEBUG org.asynchttpclient.netty.request.NettyRequestSender - Using open Channel [id: 0x08c5325b, L:/127.0.0.1:52553 - R:localhost/127.0.0.1:52230] for GET '/session/8e2d7d43ff9c4efac8a67d5853272167/alert/text'
11:14:55.715 [AsyncHttpClient-1-5] DEBUG org.asynchttpclient.netty.handler.HttpHandler - 

Request DefaultFullHttpRequest(decodeResult: success, version: HTTP/1.1, content: EmptyByteBufBE)
GET /session/8e2d7d43ff9c4efac8a67d5853272167/alert/text HTTP/1.1
User-Agent: selenium/4.4.0 (java windows)
Cache-Control: no-cache
Content-Type: application/json; charset=utf-8
host: localhost:52230
accept: */*

Response DefaultHttpResponse(decodeResult: success, version: HTTP/1.1)
HTTP/1.1 404 Not Found
Content-Type: application/json; charset=utf-8
cache-control: no-cache
content-length: 848

11:14:55.715 [AsyncHttpClient-1-5] DEBUG org.asynchttpclient.netty.channel.ChannelManager - Adding key: http://localhost:52230 for channel [id: 0x08c5325b, L:/127.0.0.1:52553 - R:localhost/127.0.0.1:52230]
11:14:55.716 [Forwarding switchToWindow on session 8e2d7d43ff9c4efac8a67d5853272167 to remote] DEBUG org.asynchttpclient.netty.request.NettyRequestSender - Using pooled Channel '[id: 0x08c5325b, L:/127.0.0.1:52553 - R:localhost/127.0.0.1:52230]' for 'POST' to 'http://localhost:52230/session/8e2d7d43ff9c4efac8a67d5853272167/window'
11:14:55.716 [Forwarding switchToWindow on session 8e2d7d43ff9c4efac8a67d5853272167 to remote] DEBUG org.asynchttpclient.netty.request.NettyRequestSender - Using open Channel [id: 0x08c5325b, L:/127.0.0.1:52553 - R:localhost/127.0.0.1:52230] for POST '/session/8e2d7d43ff9c4efac8a67d5853272167/window'
11:14:55.718 [AsyncHttpClient-1-5] DEBUG org.asynchttpclient.netty.handler.HttpHandler - 

Request DefaultHttpRequest(decodeResult: success, version: HTTP/1.1)
POST /session/8e2d7d43ff9c4efac8a67d5853272167/window HTTP/1.1
User-Agent: selenium/4.4.0 (java windows)
Content-Length: 50
Content-Type: application/json; charset=utf-8
host: localhost:52230
accept: */*

Response DefaultHttpResponse(decodeResult: success, version: HTTP/1.1)
HTTP/1.1 200 OK
Content-Type: application/json; charset=utf-8
cache-control: no-cache
content-length: 14

11:14:55.718 [AsyncHttpClient-1-5] DEBUG org.asynchttpclient.netty.channel.ChannelManager - Adding key: http://localhost:52230 for channel [id: 0x08c5325b, L:/127.0.0.1:52553 - R:localhost/127.0.0.1:52230]
11:14:55.719 [Forwarding getCurrentUrl on session 8e2d7d43ff9c4efac8a67d5853272167 to remote] DEBUG org.asynchttpclient.netty.request.NettyRequestSender - Using pooled Channel '[id: 0x08c5325b, L:/127.0.0.1:52553 - R:localhost/127.0.0.1:52230]' for 'GET' to 'http://localhost:52230/session/8e2d7d43ff9c4efac8a67d5853272167/url'
11:14:55.719 [Forwarding getCurrentUrl on session 8e2d7d43ff9c4efac8a67d5853272167 to remote] DEBUG org.asynchttpclient.netty.request.NettyRequestSender - Using open Channel [id: 0x08c5325b, L:/127.0.0.1:52553 - R:localhost/127.0.0.1:52230] for GET '/session/8e2d7d43ff9c4efac8a67d5853272167/url'
11:14:55.722 [AsyncHttpClient-1-5] DEBUG org.asynchttpclient.netty.handler.HttpHandler - 

Request DefaultFullHttpRequest(decodeResult: success, version: HTTP/1.1, content: EmptyByteBufBE)
GET /session/8e2d7d43ff9c4efac8a67d5853272167/url HTTP/1.1
User-Agent: selenium/4.4.0 (java windows)
Cache-Control: no-cache
Content-Type: application/json; charset=utf-8
host: localhost:52230
accept: */*

Response DefaultHttpResponse(decodeResult: success, version: HTTP/1.1)
HTTP/1.1 200 OK
Content-Type: application/json; charset=utf-8
cache-control: no-cache
content-length: 48

11:14:55.722 [AsyncHttpClient-1-5] DEBUG org.asynchttpclient.netty.channel.ChannelManager - Adding key: http://localhost:52230 for channel [id: 0x08c5325b, L:/127.0.0.1:52553 - R:localhost/127.0.0.1:52230]
11:14:55.723 [Forwarding screenshot on session 8e2d7d43ff9c4efac8a67d5853272167 to remote] DEBUG org.asynchttpclient.netty.request.NettyRequestSender - Using pooled Channel '[id: 0x08c5325b, L:/127.0.0.1:52553 - R:localhost/127.0.0.1:52230]' for 'GET' to 'http://localhost:52230/session/8e2d7d43ff9c4efac8a67d5853272167/screenshot'
11:14:55.723 [Forwarding screenshot on session 8e2d7d43ff9c4efac8a67d5853272167 to remote] DEBUG org.asynchttpclient.netty.request.NettyRequestSender - Using open Channel [id: 0x08c5325b, L:/127.0.0.1:52553 - R:localhost/127.0.0.1:52230] for GET '/session/8e2d7d43ff9c4efac8a67d5853272167/screenshot'
11:14:55.867 [AsyncHttpClient-1-5] DEBUG org.asynchttpclient.netty.handler.HttpHandler - 

Request DefaultFullHttpRequest(decodeResult: success, version: HTTP/1.1, content: EmptyByteBufBE)
GET /session/8e2d7d43ff9c4efac8a67d5853272167/screenshot HTTP/1.1
User-Agent: selenium/4.4.0 (java windows)
Cache-Control: no-cache
Content-Type: application/json; charset=utf-8
host: localhost:52230
accept: */*

Response DefaultHttpResponse(decodeResult: success, version: HTTP/1.1)
HTTP/1.1 200 OK
Content-Type: application/json; charset=utf-8
cache-control: no-cache
content-length: 292404

11:14:55.868 [AsyncHttpClient-1-5] DEBUG org.asynchttpclient.netty.channel.ChannelManager - Adding key: http://localhost:52230 for channel [id: 0x08c5325b, L:/127.0.0.1:52553 - R:localhost/127.0.0.1:52230]
11:14:55.873 [main] DEBUG net.serenitybdd.core.photography.Darkroom - Send negative for processing for target\site\serenity\a31a15dc0d9f74152c152c093157a4176e9a0db3baab4db597e952db049510e2.png
11:14:55.873 [main] DEBUG net.thucydides.core.steps.StepInterceptor - STEP DONE: Navega a la pestaña home
11:14:55.876 [main] DEBUG net.thucydides.core.steps.StepInterceptor - STARTING STEP: ComprarDispositivosElectronicosStep.el_usuario_se_dirige_a_la_cesta_de_la_compra - Navega a la pestaña cesta
11:14:56.342 [AsyncHttpClient-1-1] DEBUG org.asynchttpclient.netty.channel.DefaultChannelPool - Entry count for : http://localhost:52230 : 1
11:14:56.342 [AsyncHttpClient-1-1] DEBUG org.asynchttpclient.netty.channel.DefaultChannelPool - Entry count for : http://localhost:52554 : 1
11:14:56.881 [Forwarding screenshot on session 8e2d7d43ff9c4efac8a67d5853272167 to remote] DEBUG org.asynchttpclient.netty.request.NettyRequestSender - Using pooled Channel '[id: 0x08c5325b, L:/127.0.0.1:52553 - R:localhost/127.0.0.1:52230]' for 'GET' to 'http://localhost:52230/session/8e2d7d43ff9c4efac8a67d5853272167/screenshot'
11:14:56.881 [Forwarding screenshot on session 8e2d7d43ff9c4efac8a67d5853272167 to remote] DEBUG org.asynchttpclient.netty.request.NettyRequestSender - Using open Channel [id: 0x08c5325b, L:/127.0.0.1:52553 - R:localhost/127.0.0.1:52230] for GET '/session/8e2d7d43ff9c4efac8a67d5853272167/screenshot'
11:14:57.031 [AsyncHttpClient-1-5] DEBUG org.asynchttpclient.netty.handler.HttpHandler - 

Request DefaultFullHttpRequest(decodeResult: success, version: HTTP/1.1, content: EmptyByteBufBE)
GET /session/8e2d7d43ff9c4efac8a67d5853272167/screenshot HTTP/1.1
User-Agent: selenium/4.4.0 (java windows)
Cache-Control: no-cache
Content-Type: application/json; charset=utf-8
host: localhost:52230
accept: */*

Response DefaultHttpResponse(decodeResult: success, version: HTTP/1.1)
HTTP/1.1 200 OK
Content-Type: application/json; charset=utf-8
cache-control: no-cache
content-length: 458292

11:14:57.031 [AsyncHttpClient-1-5] DEBUG org.asynchttpclient.netty.channel.ChannelManager - Adding key: http://localhost:52230 for channel [id: 0x08c5325b, L:/127.0.0.1:52553 - R:localhost/127.0.0.1:52230]
11:14:57.044 [Forwarding findElement on session 8e2d7d43ff9c4efac8a67d5853272167 to remote] DEBUG org.asynchttpclient.netty.request.NettyRequestSender - Using pooled Channel '[id: 0x08c5325b, L:/127.0.0.1:52553 - R:localhost/127.0.0.1:52230]' for 'POST' to 'http://localhost:52230/session/8e2d7d43ff9c4efac8a67d5853272167/element'
11:14:57.044 [Forwarding findElement on session 8e2d7d43ff9c4efac8a67d5853272167 to remote] DEBUG org.asynchttpclient.netty.request.NettyRequestSender - Using open Channel [id: 0x08c5325b, L:/127.0.0.1:52553 - R:localhost/127.0.0.1:52230] for POST '/session/8e2d7d43ff9c4efac8a67d5853272167/element'
11:14:57.052 [AsyncHttpClient-1-5] DEBUG org.asynchttpclient.netty.handler.HttpHandler - 

Request DefaultHttpRequest(decodeResult: success, version: HTTP/1.1)
POST /session/8e2d7d43ff9c4efac8a67d5853272167/element HTTP/1.1
User-Agent: selenium/4.4.0 (java windows)
Content-Length: 64
Content-Type: application/json; charset=utf-8
host: localhost:52230
accept: */*

Response DefaultHttpResponse(decodeResult: success, version: HTTP/1.1)
HTTP/1.1 200 OK
Content-Type: application/json; charset=utf-8
cache-control: no-cache
content-length: 96

11:14:57.052 [AsyncHttpClient-1-5] DEBUG org.asynchttpclient.netty.channel.ChannelManager - Adding key: http://localhost:52230 for channel [id: 0x08c5325b, L:/127.0.0.1:52553 - R:localhost/127.0.0.1:52230]
11:14:57.054 [Forwarding isElementDisplayed on session 8e2d7d43ff9c4efac8a67d5853272167 to remote] DEBUG org.asynchttpclient.netty.request.NettyRequestSender - Using pooled Channel '[id: 0x08c5325b, L:/127.0.0.1:52553 - R:localhost/127.0.0.1:52230]' for 'POST' to 'http://localhost:52230/session/8e2d7d43ff9c4efac8a67d5853272167/execute/sync'
11:14:57.054 [Forwarding isElementDisplayed on session 8e2d7d43ff9c4efac8a67d5853272167 to remote] DEBUG org.asynchttpclient.netty.request.NettyRequestSender - Using open Channel [id: 0x08c5325b, L:/127.0.0.1:52553 - R:localhost/127.0.0.1:52230] for POST '/session/8e2d7d43ff9c4efac8a67d5853272167/execute/sync'
11:14:57.061 [AsyncHttpClient-1-5] DEBUG org.asynchttpclient.netty.handler.HttpHandler - 

Request DefaultHttpRequest(decodeResult: success, version: HTTP/1.1)
POST /session/8e2d7d43ff9c4efac8a67d5853272167/execute/sync HTTP/1.1
User-Agent: selenium/4.4.0 (java windows)
Content-Length: 48788
Content-Type: application/json; charset=utf-8
host: localhost:52230
accept: */*

Response DefaultHttpResponse(decodeResult: success, version: HTTP/1.1)
HTTP/1.1 200 OK
Content-Type: application/json; charset=utf-8
cache-control: no-cache
content-length: 14

11:14:57.061 [AsyncHttpClient-1-5] DEBUG org.asynchttpclient.netty.channel.ChannelManager - Adding key: http://localhost:52230 for channel [id: 0x08c5325b, L:/127.0.0.1:52553 - R:localhost/127.0.0.1:52230]
11:14:57.063 [Forwarding isElementDisplayed on session 8e2d7d43ff9c4efac8a67d5853272167 to remote] DEBUG org.asynchttpclient.netty.request.NettyRequestSender - Using pooled Channel '[id: 0x08c5325b, L:/127.0.0.1:52553 - R:localhost/127.0.0.1:52230]' for 'POST' to 'http://localhost:52230/session/8e2d7d43ff9c4efac8a67d5853272167/execute/sync'
11:14:57.063 [Forwarding isElementDisplayed on session 8e2d7d43ff9c4efac8a67d5853272167 to remote] DEBUG org.asynchttpclient.netty.request.NettyRequestSender - Using open Channel [id: 0x08c5325b, L:/127.0.0.1:52553 - R:localhost/127.0.0.1:52230] for POST '/session/8e2d7d43ff9c4efac8a67d5853272167/execute/sync'
11:14:57.069 [AsyncHttpClient-1-5] DEBUG org.asynchttpclient.netty.handler.HttpHandler - 

Request DefaultHttpRequest(decodeResult: success, version: HTTP/1.1)
POST /session/8e2d7d43ff9c4efac8a67d5853272167/execute/sync HTTP/1.1
User-Agent: selenium/4.4.0 (java windows)
Content-Length: 48788
Content-Type: application/json; charset=utf-8
host: localhost:52230
accept: */*

Response DefaultHttpResponse(decodeResult: success, version: HTTP/1.1)
HTTP/1.1 200 OK
Content-Type: application/json; charset=utf-8
cache-control: no-cache
content-length: 14

11:14:57.069 [AsyncHttpClient-1-5] DEBUG org.asynchttpclient.netty.channel.ChannelManager - Adding key: http://localhost:52230 for channel [id: 0x08c5325b, L:/127.0.0.1:52553 - R:localhost/127.0.0.1:52230]
11:14:57.071 [Forwarding findElement on session 8e2d7d43ff9c4efac8a67d5853272167 to remote] DEBUG org.asynchttpclient.netty.request.NettyRequestSender - Using pooled Channel '[id: 0x08c5325b, L:/127.0.0.1:52553 - R:localhost/127.0.0.1:52230]' for 'POST' to 'http://localhost:52230/session/8e2d7d43ff9c4efac8a67d5853272167/element'
11:14:57.071 [Forwarding findElement on session 8e2d7d43ff9c4efac8a67d5853272167 to remote] DEBUG org.asynchttpclient.netty.request.NettyRequestSender - Using open Channel [id: 0x08c5325b, L:/127.0.0.1:52553 - R:localhost/127.0.0.1:52230] for POST '/session/8e2d7d43ff9c4efac8a67d5853272167/element'
11:14:57.076 [AsyncHttpClient-1-5] DEBUG org.asynchttpclient.netty.handler.HttpHandler - 

Request DefaultHttpRequest(decodeResult: success, version: HTTP/1.1)
POST /session/8e2d7d43ff9c4efac8a67d5853272167/element HTTP/1.1
User-Agent: selenium/4.4.0 (java windows)
Content-Length: 64
Content-Type: application/json; charset=utf-8
host: localhost:52230
accept: */*

Response DefaultHttpResponse(decodeResult: success, version: HTTP/1.1)
HTTP/1.1 200 OK
Content-Type: application/json; charset=utf-8
cache-control: no-cache
content-length: 96

11:14:57.076 [AsyncHttpClient-1-5] DEBUG org.asynchttpclient.netty.channel.ChannelManager - Adding key: http://localhost:52230 for channel [id: 0x08c5325b, L:/127.0.0.1:52553 - R:localhost/127.0.0.1:52230]
11:14:57.078 [Forwarding isElementDisplayed on session 8e2d7d43ff9c4efac8a67d5853272167 to remote] DEBUG org.asynchttpclient.netty.request.NettyRequestSender - Using pooled Channel '[id: 0x08c5325b, L:/127.0.0.1:52553 - R:localhost/127.0.0.1:52230]' for 'POST' to 'http://localhost:52230/session/8e2d7d43ff9c4efac8a67d5853272167/execute/sync'
11:14:57.078 [Forwarding isElementDisplayed on session 8e2d7d43ff9c4efac8a67d5853272167 to remote] DEBUG org.asynchttpclient.netty.request.NettyRequestSender - Using open Channel [id: 0x08c5325b, L:/127.0.0.1:52553 - R:localhost/127.0.0.1:52230] for POST '/session/8e2d7d43ff9c4efac8a67d5853272167/execute/sync'
11:14:57.084 [AsyncHttpClient-1-5] DEBUG org.asynchttpclient.netty.handler.HttpHandler - 

Request DefaultHttpRequest(decodeResult: success, version: HTTP/1.1)
POST /session/8e2d7d43ff9c4efac8a67d5853272167/execute/sync HTTP/1.1
User-Agent: selenium/4.4.0 (java windows)
Content-Length: 48788
Content-Type: application/json; charset=utf-8
host: localhost:52230
accept: */*

Response DefaultHttpResponse(decodeResult: success, version: HTTP/1.1)
HTTP/1.1 200 OK
Content-Type: application/json; charset=utf-8
cache-control: no-cache
content-length: 14

11:14:57.084 [AsyncHttpClient-1-5] DEBUG org.asynchttpclient.netty.channel.ChannelManager - Adding key: http://localhost:52230 for channel [id: 0x08c5325b, L:/127.0.0.1:52553 - R:localhost/127.0.0.1:52230]
11:14:57.085 [Forwarding isElementEnabled on session 8e2d7d43ff9c4efac8a67d5853272167 to remote] DEBUG org.asynchttpclient.netty.request.NettyRequestSender - Using pooled Channel '[id: 0x08c5325b, L:/127.0.0.1:52553 - R:localhost/127.0.0.1:52230]' for 'GET' to 'http://localhost:52230/session/8e2d7d43ff9c4efac8a67d5853272167/element/B990BCD3A5FEBD4084BBDA9C0900D746_element_127/enabled'
11:14:57.085 [Forwarding isElementEnabled on session 8e2d7d43ff9c4efac8a67d5853272167 to remote] DEBUG org.asynchttpclient.netty.request.NettyRequestSender - Using open Channel [id: 0x08c5325b, L:/127.0.0.1:52553 - R:localhost/127.0.0.1:52230] for GET '/session/8e2d7d43ff9c4efac8a67d5853272167/element/B990BCD3A5FEBD4084BBDA9C0900D746_element_127/enabled'
11:14:57.089 [AsyncHttpClient-1-5] DEBUG org.asynchttpclient.netty.handler.HttpHandler - 

Request DefaultFullHttpRequest(decodeResult: success, version: HTTP/1.1, content: EmptyByteBufBE)
GET /session/8e2d7d43ff9c4efac8a67d5853272167/element/B990BCD3A5FEBD4084BBDA9C0900D746_element_127/enabled HTTP/1.1
User-Agent: selenium/4.4.0 (java windows)
Cache-Control: no-cache
Content-Type: application/json; charset=utf-8
host: localhost:52230
accept: */*

Response DefaultHttpResponse(decodeResult: success, version: HTTP/1.1)
HTTP/1.1 200 OK
Content-Type: application/json; charset=utf-8
cache-control: no-cache
content-length: 14

11:14:57.089 [AsyncHttpClient-1-5] DEBUG org.asynchttpclient.netty.channel.ChannelManager - Adding key: http://localhost:52230 for channel [id: 0x08c5325b, L:/127.0.0.1:52553 - R:localhost/127.0.0.1:52230]
11:14:57.091 [Forwarding findElement on session 8e2d7d43ff9c4efac8a67d5853272167 to remote] DEBUG org.asynchttpclient.netty.request.NettyRequestSender - Using pooled Channel '[id: 0x08c5325b, L:/127.0.0.1:52553 - R:localhost/127.0.0.1:52230]' for 'POST' to 'http://localhost:52230/session/8e2d7d43ff9c4efac8a67d5853272167/element'
11:14:57.091 [Forwarding findElement on session 8e2d7d43ff9c4efac8a67d5853272167 to remote] DEBUG org.asynchttpclient.netty.request.NettyRequestSender - Using open Channel [id: 0x08c5325b, L:/127.0.0.1:52553 - R:localhost/127.0.0.1:52230] for POST '/session/8e2d7d43ff9c4efac8a67d5853272167/element'
11:14:57.096 [AsyncHttpClient-1-5] DEBUG org.asynchttpclient.netty.handler.HttpHandler - 

Request DefaultHttpRequest(decodeResult: success, version: HTTP/1.1)
POST /session/8e2d7d43ff9c4efac8a67d5853272167/element HTTP/1.1
User-Agent: selenium/4.4.0 (java windows)
Content-Length: 64
Content-Type: application/json; charset=utf-8
host: localhost:52230
accept: */*

Response DefaultHttpResponse(decodeResult: success, version: HTTP/1.1)
HTTP/1.1 200 OK
Content-Type: application/json; charset=utf-8
cache-control: no-cache
content-length: 96

11:14:57.096 [AsyncHttpClient-1-5] DEBUG org.asynchttpclient.netty.channel.ChannelManager - Adding key: http://localhost:52230 for channel [id: 0x08c5325b, L:/127.0.0.1:52553 - R:localhost/127.0.0.1:52230]
11:14:57.098 [Forwarding isElementDisplayed on session 8e2d7d43ff9c4efac8a67d5853272167 to remote] DEBUG org.asynchttpclient.netty.request.NettyRequestSender - Using pooled Channel '[id: 0x08c5325b, L:/127.0.0.1:52553 - R:localhost/127.0.0.1:52230]' for 'POST' to 'http://localhost:52230/session/8e2d7d43ff9c4efac8a67d5853272167/execute/sync'
11:14:57.098 [Forwarding isElementDisplayed on session 8e2d7d43ff9c4efac8a67d5853272167 to remote] DEBUG org.asynchttpclient.netty.request.NettyRequestSender - Using open Channel [id: 0x08c5325b, L:/127.0.0.1:52553 - R:localhost/127.0.0.1:52230] for POST '/session/8e2d7d43ff9c4efac8a67d5853272167/execute/sync'
11:14:57.104 [AsyncHttpClient-1-5] DEBUG org.asynchttpclient.netty.handler.HttpHandler - 

Request DefaultHttpRequest(decodeResult: success, version: HTTP/1.1)
POST /session/8e2d7d43ff9c4efac8a67d5853272167/execute/sync HTTP/1.1
User-Agent: selenium/4.4.0 (java windows)
Content-Length: 48788
Content-Type: application/json; charset=utf-8
host: localhost:52230
accept: */*

Response DefaultHttpResponse(decodeResult: success, version: HTTP/1.1)
HTTP/1.1 200 OK
Content-Type: application/json; charset=utf-8
cache-control: no-cache
content-length: 14

11:14:57.104 [AsyncHttpClient-1-5] DEBUG org.asynchttpclient.netty.channel.ChannelManager - Adding key: http://localhost:52230 for channel [id: 0x08c5325b, L:/127.0.0.1:52553 - R:localhost/127.0.0.1:52230]
11:14:57.105 [Forwarding clickElement on session 8e2d7d43ff9c4efac8a67d5853272167 to remote] DEBUG org.asynchttpclient.netty.request.NettyRequestSender - Using pooled Channel '[id: 0x08c5325b, L:/127.0.0.1:52553 - R:localhost/127.0.0.1:52230]' for 'POST' to 'http://localhost:52230/session/8e2d7d43ff9c4efac8a67d5853272167/element/B990BCD3A5FEBD4084BBDA9C0900D746_element_127/click'
11:14:57.105 [Forwarding clickElement on session 8e2d7d43ff9c4efac8a67d5853272167 to remote] DEBUG org.asynchttpclient.netty.request.NettyRequestSender - Using open Channel [id: 0x08c5325b, L:/127.0.0.1:52553 - R:localhost/127.0.0.1:52230] for POST '/session/8e2d7d43ff9c4efac8a67d5853272167/element/B990BCD3A5FEBD4084BBDA9C0900D746_element_127/click'
11:14:57.443 [AsyncHttpClient-1-1] DEBUG org.asynchttpclient.netty.channel.DefaultChannelPool - Entry count for : http://localhost:52554 : 1
11:14:57.457 [AsyncHttpClient-1-5] DEBUG org.asynchttpclient.netty.handler.HttpHandler - 

Request DefaultHttpRequest(decodeResult: success, version: HTTP/1.1)
POST /session/8e2d7d43ff9c4efac8a67d5853272167/element/B990BCD3A5FEBD4084BBDA9C0900D746_element_127/click HTTP/1.1
User-Agent: selenium/4.4.0 (java windows)
Content-Length: 58
Content-Type: application/json; charset=utf-8
host: localhost:52230
accept: */*

Response DefaultHttpResponse(decodeResult: success, version: HTTP/1.1)
HTTP/1.1 200 OK
Content-Type: application/json; charset=utf-8
cache-control: no-cache
content-length: 14

11:14:57.457 [AsyncHttpClient-1-5] DEBUG org.asynchttpclient.netty.channel.ChannelManager - Adding key: http://localhost:52230 for channel [id: 0x08c5325b, L:/127.0.0.1:52553 - R:localhost/127.0.0.1:52230]
11:14:57.463 [Forwarding getCurrentWindowHandle on session 8e2d7d43ff9c4efac8a67d5853272167 to remote] DEBUG org.asynchttpclient.netty.request.NettyRequestSender - Using pooled Channel '[id: 0x08c5325b, L:/127.0.0.1:52553 - R:localhost/127.0.0.1:52230]' for 'GET' to 'http://localhost:52230/session/8e2d7d43ff9c4efac8a67d5853272167/window'
11:14:57.463 [Forwarding getCurrentWindowHandle on session 8e2d7d43ff9c4efac8a67d5853272167 to remote] DEBUG org.asynchttpclient.netty.request.NettyRequestSender - Using open Channel [id: 0x08c5325b, L:/127.0.0.1:52553 - R:localhost/127.0.0.1:52230] for GET '/session/8e2d7d43ff9c4efac8a67d5853272167/window'
11:14:57.464 [AsyncHttpClient-1-5] DEBUG org.asynchttpclient.netty.handler.HttpHandler - 

Request DefaultFullHttpRequest(decodeResult: success, version: HTTP/1.1, content: EmptyByteBufBE)
GET /session/8e2d7d43ff9c4efac8a67d5853272167/window HTTP/1.1
User-Agent: selenium/4.4.0 (java windows)
Cache-Control: no-cache
Content-Type: application/json; charset=utf-8
host: localhost:52230
accept: */*

Response DefaultHttpResponse(decodeResult: success, version: HTTP/1.1)
HTTP/1.1 200 OK
Content-Type: application/json; charset=utf-8
cache-control: no-cache
content-length: 44

11:14:57.464 [AsyncHttpClient-1-5] DEBUG org.asynchttpclient.netty.channel.ChannelManager - Adding key: http://localhost:52230 for channel [id: 0x08c5325b, L:/127.0.0.1:52553 - R:localhost/127.0.0.1:52230]
11:14:57.465 [Forwarding getAlertText on session 8e2d7d43ff9c4efac8a67d5853272167 to remote] DEBUG org.asynchttpclient.netty.request.NettyRequestSender - Using pooled Channel '[id: 0x08c5325b, L:/127.0.0.1:52553 - R:localhost/127.0.0.1:52230]' for 'GET' to 'http://localhost:52230/session/8e2d7d43ff9c4efac8a67d5853272167/alert/text'
11:14:57.465 [Forwarding getAlertText on session 8e2d7d43ff9c4efac8a67d5853272167 to remote] DEBUG org.asynchttpclient.netty.request.NettyRequestSender - Using open Channel [id: 0x08c5325b, L:/127.0.0.1:52553 - R:localhost/127.0.0.1:52230] for GET '/session/8e2d7d43ff9c4efac8a67d5853272167/alert/text'
11:14:57.471 [AsyncHttpClient-1-5] DEBUG org.asynchttpclient.netty.handler.HttpHandler - 

Request DefaultFullHttpRequest(decodeResult: success, version: HTTP/1.1, content: EmptyByteBufBE)
GET /session/8e2d7d43ff9c4efac8a67d5853272167/alert/text HTTP/1.1
User-Agent: selenium/4.4.0 (java windows)
Cache-Control: no-cache
Content-Type: application/json; charset=utf-8
host: localhost:52230
accept: */*

Response DefaultHttpResponse(decodeResult: success, version: HTTP/1.1)
HTTP/1.1 404 Not Found
Content-Type: application/json; charset=utf-8
cache-control: no-cache
content-length: 848

11:14:57.471 [AsyncHttpClient-1-5] DEBUG org.asynchttpclient.netty.channel.ChannelManager - Adding key: http://localhost:52230 for channel [id: 0x08c5325b, L:/127.0.0.1:52553 - R:localhost/127.0.0.1:52230]
11:14:57.473 [Forwarding switchToWindow on session 8e2d7d43ff9c4efac8a67d5853272167 to remote] DEBUG org.asynchttpclient.netty.request.NettyRequestSender - Using pooled Channel '[id: 0x08c5325b, L:/127.0.0.1:52553 - R:localhost/127.0.0.1:52230]' for 'POST' to 'http://localhost:52230/session/8e2d7d43ff9c4efac8a67d5853272167/window'
11:14:57.473 [Forwarding switchToWindow on session 8e2d7d43ff9c4efac8a67d5853272167 to remote] DEBUG org.asynchttpclient.netty.request.NettyRequestSender - Using open Channel [id: 0x08c5325b, L:/127.0.0.1:52553 - R:localhost/127.0.0.1:52230] for POST '/session/8e2d7d43ff9c4efac8a67d5853272167/window'
11:14:57.474 [AsyncHttpClient-1-5] DEBUG org.asynchttpclient.netty.handler.HttpHandler - 

Request DefaultHttpRequest(decodeResult: success, version: HTTP/1.1)
POST /session/8e2d7d43ff9c4efac8a67d5853272167/window HTTP/1.1
User-Agent: selenium/4.4.0 (java windows)
Content-Length: 50
Content-Type: application/json; charset=utf-8
host: localhost:52230
accept: */*

Response DefaultHttpResponse(decodeResult: success, version: HTTP/1.1)
HTTP/1.1 200 OK
Content-Type: application/json; charset=utf-8
cache-control: no-cache
content-length: 14

11:14:57.474 [AsyncHttpClient-1-5] DEBUG org.asynchttpclient.netty.channel.ChannelManager - Adding key: http://localhost:52230 for channel [id: 0x08c5325b, L:/127.0.0.1:52553 - R:localhost/127.0.0.1:52230]
11:14:57.475 [Forwarding getCurrentUrl on session 8e2d7d43ff9c4efac8a67d5853272167 to remote] DEBUG org.asynchttpclient.netty.request.NettyRequestSender - Using pooled Channel '[id: 0x08c5325b, L:/127.0.0.1:52553 - R:localhost/127.0.0.1:52230]' for 'GET' to 'http://localhost:52230/session/8e2d7d43ff9c4efac8a67d5853272167/url'
11:14:57.475 [Forwarding getCurrentUrl on session 8e2d7d43ff9c4efac8a67d5853272167 to remote] DEBUG org.asynchttpclient.netty.request.NettyRequestSender - Using open Channel [id: 0x08c5325b, L:/127.0.0.1:52553 - R:localhost/127.0.0.1:52230] for GET '/session/8e2d7d43ff9c4efac8a67d5853272167/url'
11:14:57.489 [AsyncHttpClient-1-5] DEBUG org.asynchttpclient.netty.handler.HttpHandler - 

Request DefaultFullHttpRequest(decodeResult: success, version: HTTP/1.1, content: EmptyByteBufBE)
GET /session/8e2d7d43ff9c4efac8a67d5853272167/url HTTP/1.1
User-Agent: selenium/4.4.0 (java windows)
Cache-Control: no-cache
Content-Type: application/json; charset=utf-8
host: localhost:52230
accept: */*

Response DefaultHttpResponse(decodeResult: success, version: HTTP/1.1)
HTTP/1.1 200 OK
Content-Type: application/json; charset=utf-8
cache-control: no-cache
content-length: 47

11:14:57.489 [AsyncHttpClient-1-5] DEBUG org.asynchttpclient.netty.channel.ChannelManager - Adding key: http://localhost:52230 for channel [id: 0x08c5325b, L:/127.0.0.1:52553 - R:localhost/127.0.0.1:52230]
11:14:57.490 [Forwarding screenshot on session 8e2d7d43ff9c4efac8a67d5853272167 to remote] DEBUG org.asynchttpclient.netty.request.NettyRequestSender - Using pooled Channel '[id: 0x08c5325b, L:/127.0.0.1:52553 - R:localhost/127.0.0.1:52230]' for 'GET' to 'http://localhost:52230/session/8e2d7d43ff9c4efac8a67d5853272167/screenshot'
11:14:57.490 [Forwarding screenshot on session 8e2d7d43ff9c4efac8a67d5853272167 to remote] DEBUG org.asynchttpclient.netty.request.NettyRequestSender - Using open Channel [id: 0x08c5325b, L:/127.0.0.1:52553 - R:localhost/127.0.0.1:52230] for GET '/session/8e2d7d43ff9c4efac8a67d5853272167/screenshot'
11:14:57.665 [AsyncHttpClient-1-5] DEBUG org.asynchttpclient.netty.handler.HttpHandler - 

Request DefaultFullHttpRequest(decodeResult: success, version: HTTP/1.1, content: EmptyByteBufBE)
GET /session/8e2d7d43ff9c4efac8a67d5853272167/screenshot HTTP/1.1
User-Agent: selenium/4.4.0 (java windows)
Cache-Control: no-cache
Content-Type: application/json; charset=utf-8
host: localhost:52230
accept: */*

Response DefaultHttpResponse(decodeResult: success, version: HTTP/1.1)
HTTP/1.1 200 OK
Content-Type: application/json; charset=utf-8
cache-control: no-cache
content-length: 307104

11:14:57.665 [AsyncHttpClient-1-5] DEBUG org.asynchttpclient.netty.channel.ChannelManager - Adding key: http://localhost:52230 for channel [id: 0x08c5325b, L:/127.0.0.1:52553 - R:localhost/127.0.0.1:52230]
11:14:57.670 [main] DEBUG net.serenitybdd.core.photography.Darkroom - Send negative for processing for target\site\serenity\8365f24e90d55b462e9fc1f3fb5e5dec7033eca0e769be332ddd588bd92f12e5.png
11:14:57.670 [main] DEBUG net.thucydides.core.steps.StepInterceptor - STEP DONE: Navega a la pestaña cesta
  &amp#27;[32mWhen &amp#27;[0m&amp#27;[32mel usuario se dirige a la cesta de la compra&amp#27;[0m                                                           &amp#27;[90m# Step.ComprarDispositivosElectronicosStep.el_usuario_se_dirige_a_la_cesta_de_la_compra()&amp#27;[0m
11:14:57.676 [main] DEBUG net.thucydides.core.steps.StepInterceptor - STARTING STEP: ComprarDispositivosElectronicosStep.el_usuario_verifica_que_el_dispositivo_con_el_se_ha_añadido_y_que_los_datos_son_correctos - Comprueba que el dispositivo añadido este en la cesta
11:14:57.677 [Forwarding findElement on session 8e2d7d43ff9c4efac8a67d5853272167 to remote] DEBUG org.asynchttpclient.netty.request.NettyRequestSender - Using pooled Channel '[id: 0x08c5325b, L:/127.0.0.1:52553 - R:localhost/127.0.0.1:52230]' for 'POST' to 'http://localhost:52230/session/8e2d7d43ff9c4efac8a67d5853272167/element'
11:14:57.677 [Forwarding findElement on session 8e2d7d43ff9c4efac8a67d5853272167 to remote] DEBUG org.asynchttpclient.netty.request.NettyRequestSender - Using open Channel [id: 0x08c5325b, L:/127.0.0.1:52553 - R:localhost/127.0.0.1:52230] for POST '/session/8e2d7d43ff9c4efac8a67d5853272167/element'
11:14:57.686 [AsyncHttpClient-1-5] DEBUG org.asynchttpclient.netty.handler.HttpHandler - 

Request DefaultHttpRequest(decodeResult: success, version: HTTP/1.1)
POST /session/8e2d7d43ff9c4efac8a67d5853272167/element HTTP/1.1
User-Agent: selenium/4.4.0 (java windows)
Content-Length: 54
Content-Type: application/json; charset=utf-8
host: localhost:52230
accept: */*

Response DefaultHttpResponse(decodeResult: success, version: HTTP/1.1)
HTTP/1.1 200 OK
Content-Type: application/json; charset=utf-8
cache-control: no-cache
content-length: 96

11:14:57.686 [AsyncHttpClient-1-5] DEBUG org.asynchttpclient.netty.channel.ChannelManager - Adding key: http://localhost:52230 for channel [id: 0x08c5325b, L:/127.0.0.1:52553 - R:localhost/127.0.0.1:52230]
11:14:57.688 [Forwarding isElementDisplayed on session 8e2d7d43ff9c4efac8a67d5853272167 to remote] DEBUG org.asynchttpclient.netty.request.NettyRequestSender - Using pooled Channel '[id: 0x08c5325b, L:/127.0.0.1:52553 - R:localhost/127.0.0.1:52230]' for 'POST' to 'http://localhost:52230/session/8e2d7d43ff9c4efac8a67d5853272167/execute/sync'
11:14:57.688 [Forwarding isElementDisplayed on session 8e2d7d43ff9c4efac8a67d5853272167 to remote] DEBUG org.asynchttpclient.netty.request.NettyRequestSender - Using open Channel [id: 0x08c5325b, L:/127.0.0.1:52553 - R:localhost/127.0.0.1:52230] for POST '/session/8e2d7d43ff9c4efac8a67d5853272167/execute/sync'
11:14:57.695 [AsyncHttpClient-1-5] DEBUG org.asynchttpclient.netty.handler.HttpHandler - 

Request DefaultHttpRequest(decodeResult: success, version: HTTP/1.1)
POST /session/8e2d7d43ff9c4efac8a67d5853272167/execute/sync HTTP/1.1
User-Agent: selenium/4.4.0 (java windows)
Content-Length: 48788
Content-Type: application/json; charset=utf-8
host: localhost:52230
accept: */*

Response DefaultHttpResponse(decodeResult: success, version: HTTP/1.1)
HTTP/1.1 200 OK
Content-Type: application/json; charset=utf-8
cache-control: no-cache
content-length: 14

11:14:57.695 [AsyncHttpClient-1-5] DEBUG org.asynchttpclient.netty.channel.ChannelManager - Adding key: http://localhost:52230 for channel [id: 0x08c5325b, L:/127.0.0.1:52553 - R:localhost/127.0.0.1:52230]
11:14:57.697 [Forwarding isElementDisplayed on session 8e2d7d43ff9c4efac8a67d5853272167 to remote] DEBUG org.asynchttpclient.netty.request.NettyRequestSender - Using pooled Channel '[id: 0x08c5325b, L:/127.0.0.1:52553 - R:localhost/127.0.0.1:52230]' for 'POST' to 'http://localhost:52230/session/8e2d7d43ff9c4efac8a67d5853272167/execute/sync'
11:14:57.697 [Forwarding isElementDisplayed on session 8e2d7d43ff9c4efac8a67d5853272167 to remote] DEBUG org.asynchttpclient.netty.request.NettyRequestSender - Using open Channel [id: 0x08c5325b, L:/127.0.0.1:52553 - R:localhost/127.0.0.1:52230] for POST '/session/8e2d7d43ff9c4efac8a67d5853272167/execute/sync'
11:14:57.703 [AsyncHttpClient-1-5] DEBUG org.asynchttpclient.netty.handler.HttpHandler - 

Request DefaultHttpRequest(decodeResult: success, version: HTTP/1.1)
POST /session/8e2d7d43ff9c4efac8a67d5853272167/execute/sync HTTP/1.1
User-Agent: selenium/4.4.0 (java windows)
Content-Length: 48788
Content-Type: application/json; charset=utf-8
host: localhost:52230
accept: */*

Response DefaultHttpResponse(decodeResult: success, version: HTTP/1.1)
HTTP/1.1 200 OK
Content-Type: application/json; charset=utf-8
cache-control: no-cache
content-length: 14

11:14:57.704 [AsyncHttpClient-1-5] DEBUG org.asynchttpclient.netty.channel.ChannelManager - Adding key: http://localhost:52230 for channel [id: 0x08c5325b, L:/127.0.0.1:52553 - R:localhost/127.0.0.1:52230]
11:14:57.705 [Forwarding findElement on session 8e2d7d43ff9c4efac8a67d5853272167 to remote] DEBUG org.asynchttpclient.netty.request.NettyRequestSender - Using pooled Channel '[id: 0x08c5325b, L:/127.0.0.1:52553 - R:localhost/127.0.0.1:52230]' for 'POST' to 'http://localhost:52230/session/8e2d7d43ff9c4efac8a67d5853272167/element'
11:14:57.705 [Forwarding findElement on session 8e2d7d43ff9c4efac8a67d5853272167 to remote] DEBUG org.asynchttpclient.netty.request.NettyRequestSender - Using open Channel [id: 0x08c5325b, L:/127.0.0.1:52553 - R:localhost/127.0.0.1:52230] for POST '/session/8e2d7d43ff9c4efac8a67d5853272167/element'
11:14:57.712 [AsyncHttpClient-1-5] DEBUG org.asynchttpclient.netty.handler.HttpHandler - 

Request DefaultHttpRequest(decodeResult: success, version: HTTP/1.1)
POST /session/8e2d7d43ff9c4efac8a67d5853272167/element HTTP/1.1
User-Agent: selenium/4.4.0 (java windows)
Content-Length: 54
Content-Type: application/json; charset=utf-8
host: localhost:52230
accept: */*

Response DefaultHttpResponse(decodeResult: success, version: HTTP/1.1)
HTTP/1.1 200 OK
Content-Type: application/json; charset=utf-8
cache-control: no-cache
content-length: 96

11:14:57.712 [AsyncHttpClient-1-5] DEBUG org.asynchttpclient.netty.channel.ChannelManager - Adding key: http://localhost:52230 for channel [id: 0x08c5325b, L:/127.0.0.1:52553 - R:localhost/127.0.0.1:52230]
11:14:57.715 [Forwarding isElementDisplayed on session 8e2d7d43ff9c4efac8a67d5853272167 to remote] DEBUG org.asynchttpclient.netty.request.NettyRequestSender - Using pooled Channel '[id: 0x08c5325b, L:/127.0.0.1:52553 - R:localhost/127.0.0.1:52230]' for 'POST' to 'http://localhost:52230/session/8e2d7d43ff9c4efac8a67d5853272167/execute/sync'
11:14:57.715 [Forwarding isElementDisplayed on session 8e2d7d43ff9c4efac8a67d5853272167 to remote] DEBUG org.asynchttpclient.netty.request.NettyRequestSender - Using open Channel [id: 0x08c5325b, L:/127.0.0.1:52553 - R:localhost/127.0.0.1:52230] for POST '/session/8e2d7d43ff9c4efac8a67d5853272167/execute/sync'
11:14:57.722 [AsyncHttpClient-1-5] DEBUG org.asynchttpclient.netty.handler.HttpHandler - 

Request DefaultHttpRequest(decodeResult: success, version: HTTP/1.1)
POST /session/8e2d7d43ff9c4efac8a67d5853272167/execute/sync HTTP/1.1
User-Agent: selenium/4.4.0 (java windows)
Content-Length: 48788
Content-Type: application/json; charset=utf-8
host: localhost:52230
accept: */*

Response DefaultHttpResponse(decodeResult: success, version: HTTP/1.1)
HTTP/1.1 200 OK
Content-Type: application/json; charset=utf-8
cache-control: no-cache
content-length: 14

11:14:57.722 [AsyncHttpClient-1-5] DEBUG org.asynchttpclient.netty.channel.ChannelManager - Adding key: http://localhost:52230 for channel [id: 0x08c5325b, L:/127.0.0.1:52553 - R:localhost/127.0.0.1:52230]
11:14:57.723 [Forwarding isElementEnabled on session 8e2d7d43ff9c4efac8a67d5853272167 to remote] DEBUG org.asynchttpclient.netty.request.NettyRequestSender - Using pooled Channel '[id: 0x08c5325b, L:/127.0.0.1:52553 - R:localhost/127.0.0.1:52230]' for 'GET' to 'http://localhost:52230/session/8e2d7d43ff9c4efac8a67d5853272167/element/98EB55345BCD5D6724B0A87B1E796C72_element_140/enabled'
11:14:57.723 [Forwarding isElementEnabled on session 8e2d7d43ff9c4efac8a67d5853272167 to remote] DEBUG org.asynchttpclient.netty.request.NettyRequestSender - Using open Channel [id: 0x08c5325b, L:/127.0.0.1:52553 - R:localhost/127.0.0.1:52230] for GET '/session/8e2d7d43ff9c4efac8a67d5853272167/element/98EB55345BCD5D6724B0A87B1E796C72_element_140/enabled'
11:14:57.729 [AsyncHttpClient-1-5] DEBUG org.asynchttpclient.netty.handler.HttpHandler - 

Request DefaultFullHttpRequest(decodeResult: success, version: HTTP/1.1, content: EmptyByteBufBE)
GET /session/8e2d7d43ff9c4efac8a67d5853272167/element/98EB55345BCD5D6724B0A87B1E796C72_element_140/enabled HTTP/1.1
User-Agent: selenium/4.4.0 (java windows)
Cache-Control: no-cache
Content-Type: application/json; charset=utf-8
host: localhost:52230
accept: */*

Response DefaultHttpResponse(decodeResult: success, version: HTTP/1.1)
HTTP/1.1 200 OK
Content-Type: application/json; charset=utf-8
cache-control: no-cache
content-length: 14

11:14:57.729 [AsyncHttpClient-1-5] DEBUG org.asynchttpclient.netty.channel.ChannelManager - Adding key: http://localhost:52230 for channel [id: 0x08c5325b, L:/127.0.0.1:52553 - R:localhost/127.0.0.1:52230]
11:14:58.553 [AsyncHttpClient-1-1] DEBUG org.asynchttpclient.netty.channel.DefaultChannelPool - Entry count for : http://localhost:52230 : 1
11:14:58.553 [AsyncHttpClient-1-1] DEBUG org.asynchttpclient.netty.channel.DefaultChannelPool - Entry count for : http://localhost:52554 : 1
11:14:58.740 [Forwarding screenshot on session 8e2d7d43ff9c4efac8a67d5853272167 to remote] DEBUG org.asynchttpclient.netty.request.NettyRequestSender - Using pooled Channel '[id: 0x08c5325b, L:/127.0.0.1:52553 - R:localhost/127.0.0.1:52230]' for 'GET' to 'http://localhost:52230/session/8e2d7d43ff9c4efac8a67d5853272167/screenshot'
11:14:58.740 [Forwarding screenshot on session 8e2d7d43ff9c4efac8a67d5853272167 to remote] DEBUG org.asynchttpclient.netty.request.NettyRequestSender - Using open Channel [id: 0x08c5325b, L:/127.0.0.1:52553 - R:localhost/127.0.0.1:52230] for GET '/session/8e2d7d43ff9c4efac8a67d5853272167/screenshot'
11:14:58.877 [AsyncHttpClient-1-5] DEBUG org.asynchttpclient.netty.handler.HttpHandler - 

Request DefaultFullHttpRequest(decodeResult: success, version: HTTP/1.1, content: EmptyByteBufBE)
GET /session/8e2d7d43ff9c4efac8a67d5853272167/screenshot HTTP/1.1
User-Agent: selenium/4.4.0 (java windows)
Cache-Control: no-cache
Content-Type: application/json; charset=utf-8
host: localhost:52230
accept: */*

Response DefaultHttpResponse(decodeResult: success, version: HTTP/1.1)
HTTP/1.1 200 OK
Content-Type: application/json; charset=utf-8
cache-control: no-cache
content-length: 297068

11:14:58.877 [AsyncHttpClient-1-5] DEBUG org.asynchttpclient.netty.channel.ChannelManager - Adding key: http://localhost:52230 for channel [id: 0x08c5325b, L:/127.0.0.1:52553 - R:localhost/127.0.0.1:52230]
11:14:58.891 [Forwarding findElement on session 8e2d7d43ff9c4efac8a67d5853272167 to remote] DEBUG org.asynchttpclient.netty.request.NettyRequestSender - Using pooled Channel '[id: 0x08c5325b, L:/127.0.0.1:52553 - R:localhost/127.0.0.1:52230]' for 'POST' to 'http://localhost:52230/session/8e2d7d43ff9c4efac8a67d5853272167/element'
11:14:58.891 [Forwarding findElement on session 8e2d7d43ff9c4efac8a67d5853272167 to remote] DEBUG org.asynchttpclient.netty.request.NettyRequestSender - Using open Channel [id: 0x08c5325b, L:/127.0.0.1:52553 - R:localhost/127.0.0.1:52230] for POST '/session/8e2d7d43ff9c4efac8a67d5853272167/element'
11:14:58.897 [AsyncHttpClient-1-5] DEBUG org.asynchttpclient.netty.handler.HttpHandler - 

Request DefaultHttpRequest(decodeResult: success, version: HTTP/1.1)
POST /session/8e2d7d43ff9c4efac8a67d5853272167/element HTTP/1.1
User-Agent: selenium/4.4.0 (java windows)
Content-Length: 54
Content-Type: application/json; charset=utf-8
host: localhost:52230
accept: */*

Response DefaultHttpResponse(decodeResult: success, version: HTTP/1.1)
HTTP/1.1 200 OK
Content-Type: application/json; charset=utf-8
cache-control: no-cache
content-length: 96

11:14:58.897 [AsyncHttpClient-1-5] DEBUG org.asynchttpclient.netty.channel.ChannelManager - Adding key: http://localhost:52230 for channel [id: 0x08c5325b, L:/127.0.0.1:52553 - R:localhost/127.0.0.1:52230]
11:14:58.899 [Forwarding isElementDisplayed on session 8e2d7d43ff9c4efac8a67d5853272167 to remote] DEBUG org.asynchttpclient.netty.request.NettyRequestSender - Using pooled Channel '[id: 0x08c5325b, L:/127.0.0.1:52553 - R:localhost/127.0.0.1:52230]' for 'POST' to 'http://localhost:52230/session/8e2d7d43ff9c4efac8a67d5853272167/execute/sync'
11:14:58.899 [Forwarding isElementDisplayed on session 8e2d7d43ff9c4efac8a67d5853272167 to remote] DEBUG org.asynchttpclient.netty.request.NettyRequestSender - Using open Channel [id: 0x08c5325b, L:/127.0.0.1:52553 - R:localhost/127.0.0.1:52230] for POST '/session/8e2d7d43ff9c4efac8a67d5853272167/execute/sync'
11:14:58.906 [AsyncHttpClient-1-5] DEBUG org.asynchttpclient.netty.handler.HttpHandler - 

Request DefaultHttpRequest(decodeResult: success, version: HTTP/1.1)
POST /session/8e2d7d43ff9c4efac8a67d5853272167/execute/sync HTTP/1.1
User-Agent: selenium/4.4.0 (java windows)
Content-Length: 48788
Content-Type: application/json; charset=utf-8
host: localhost:52230
accept: */*

Response DefaultHttpResponse(decodeResult: success, version: HTTP/1.1)
HTTP/1.1 200 OK
Content-Type: application/json; charset=utf-8
cache-control: no-cache
content-length: 14

11:14:58.906 [AsyncHttpClient-1-5] DEBUG org.asynchttpclient.netty.channel.ChannelManager - Adding key: http://localhost:52230 for channel [id: 0x08c5325b, L:/127.0.0.1:52553 - R:localhost/127.0.0.1:52230]
11:14:58.907 [Forwarding findChildElements on session 8e2d7d43ff9c4efac8a67d5853272167 to remote] DEBUG org.asynchttpclient.netty.request.NettyRequestSender - Using pooled Channel '[id: 0x08c5325b, L:/127.0.0.1:52553 - R:localhost/127.0.0.1:52230]' for 'POST' to 'http://localhost:52230/session/8e2d7d43ff9c4efac8a67d5853272167/element/98EB55345BCD5D6724B0A87B1E796C72_element_140/elements'
11:14:58.907 [Forwarding findChildElements on session 8e2d7d43ff9c4efac8a67d5853272167 to remote] DEBUG org.asynchttpclient.netty.request.NettyRequestSender - Using open Channel [id: 0x08c5325b, L:/127.0.0.1:52553 - R:localhost/127.0.0.1:52230] for POST '/session/8e2d7d43ff9c4efac8a67d5853272167/element/98EB55345BCD5D6724B0A87B1E796C72_element_140/elements'
11:14:58.915 [AsyncHttpClient-1-5] DEBUG org.asynchttpclient.netty.handler.HttpHandler - 

Request DefaultHttpRequest(decodeResult: success, version: HTTP/1.1)
POST /session/8e2d7d43ff9c4efac8a67d5853272167/element/98EB55345BCD5D6724B0A87B1E796C72_element_140/elements HTTP/1.1
User-Agent: selenium/4.4.0 (java windows)
Content-Length: 118
Content-Type: application/json; charset=utf-8
host: localhost:52230
accept: */*

Response DefaultHttpResponse(decodeResult: success, version: HTTP/1.1)
HTTP/1.1 200 OK
Content-Type: application/json; charset=utf-8
cache-control: no-cache
content-length: 185

11:14:58.915 [AsyncHttpClient-1-5] DEBUG org.asynchttpclient.netty.channel.ChannelManager - Adding key: http://localhost:52230 for channel [id: 0x08c5325b, L:/127.0.0.1:52553 - R:localhost/127.0.0.1:52230]
11:14:58.916 [Forwarding getElementText on session 8e2d7d43ff9c4efac8a67d5853272167 to remote] DEBUG org.asynchttpclient.netty.request.NettyRequestSender - Using pooled Channel '[id: 0x08c5325b, L:/127.0.0.1:52553 - R:localhost/127.0.0.1:52230]' for 'GET' to 'http://localhost:52230/session/8e2d7d43ff9c4efac8a67d5853272167/element/98EB55345BCD5D6724B0A87B1E796C72_element_151/text'
11:14:58.916 [Forwarding getElementText on session 8e2d7d43ff9c4efac8a67d5853272167 to remote] DEBUG org.asynchttpclient.netty.request.NettyRequestSender - Using open Channel [id: 0x08c5325b, L:/127.0.0.1:52553 - R:localhost/127.0.0.1:52230] for GET '/session/8e2d7d43ff9c4efac8a67d5853272167/element/98EB55345BCD5D6724B0A87B1E796C72_element_151/text'
11:14:58.922 [AsyncHttpClient-1-5] DEBUG org.asynchttpclient.netty.handler.HttpHandler - 

Request DefaultFullHttpRequest(decodeResult: success, version: HTTP/1.1, content: EmptyByteBufBE)
GET /session/8e2d7d43ff9c4efac8a67d5853272167/element/98EB55345BCD5D6724B0A87B1E796C72_element_151/text HTTP/1.1
User-Agent: selenium/4.4.0 (java windows)
Cache-Control: no-cache
Content-Type: application/json; charset=utf-8
host: localhost:52230
accept: */*

Response DefaultHttpResponse(decodeResult: success, version: HTTP/1.1)
HTTP/1.1 200 OK
Content-Type: application/json; charset=utf-8
cache-control: no-cache
content-length: 24

11:14:58.922 [AsyncHttpClient-1-5] DEBUG org.asynchttpclient.netty.channel.ChannelManager - Adding key: http://localhost:52230 for channel [id: 0x08c5325b, L:/127.0.0.1:52553 - R:localhost/127.0.0.1:52230]
11:14:58.925 [Forwarding getCurrentWindowHandle on session 8e2d7d43ff9c4efac8a67d5853272167 to remote] DEBUG org.asynchttpclient.netty.request.NettyRequestSender - Using pooled Channel '[id: 0x08c5325b, L:/127.0.0.1:52553 - R:localhost/127.0.0.1:52230]' for 'GET' to 'http://localhost:52230/session/8e2d7d43ff9c4efac8a67d5853272167/window'
11:14:58.925 [Forwarding getCurrentWindowHandle on session 8e2d7d43ff9c4efac8a67d5853272167 to remote] DEBUG org.asynchttpclient.netty.request.NettyRequestSender - Using open Channel [id: 0x08c5325b, L:/127.0.0.1:52553 - R:localhost/127.0.0.1:52230] for GET '/session/8e2d7d43ff9c4efac8a67d5853272167/window'
11:14:58.925 [AsyncHttpClient-1-5] DEBUG org.asynchttpclient.netty.handler.HttpHandler - 

Request DefaultFullHttpRequest(decodeResult: success, version: HTTP/1.1, content: EmptyByteBufBE)
GET /session/8e2d7d43ff9c4efac8a67d5853272167/window HTTP/1.1
User-Agent: selenium/4.4.0 (java windows)
Cache-Control: no-cache
Content-Type: application/json; charset=utf-8
host: localhost:52230
accept: */*

Response DefaultHttpResponse(decodeResult: success, version: HTTP/1.1)
HTTP/1.1 200 OK
Content-Type: application/json; charset=utf-8
cache-control: no-cache
content-length: 44

11:14:58.925 [AsyncHttpClient-1-5] DEBUG org.asynchttpclient.netty.channel.ChannelManager - Adding key: http://localhost:52230 for channel [id: 0x08c5325b, L:/127.0.0.1:52553 - R:localhost/127.0.0.1:52230]
11:14:58.926 [Forwarding getAlertText on session 8e2d7d43ff9c4efac8a67d5853272167 to remote] DEBUG org.asynchttpclient.netty.request.NettyRequestSender - Using pooled Channel '[id: 0x08c5325b, L:/127.0.0.1:52553 - R:localhost/127.0.0.1:52230]' for 'GET' to 'http://localhost:52230/session/8e2d7d43ff9c4efac8a67d5853272167/alert/text'
11:14:58.926 [Forwarding getAlertText on session 8e2d7d43ff9c4efac8a67d5853272167 to remote] DEBUG org.asynchttpclient.netty.request.NettyRequestSender - Using open Channel [id: 0x08c5325b, L:/127.0.0.1:52553 - R:localhost/127.0.0.1:52230] for GET '/session/8e2d7d43ff9c4efac8a67d5853272167/alert/text'
11:14:58.927 [AsyncHttpClient-1-5] DEBUG org.asynchttpclient.netty.handler.HttpHandler - 

Request DefaultFullHttpRequest(decodeResult: success, version: HTTP/1.1, content: EmptyByteBufBE)
GET /session/8e2d7d43ff9c4efac8a67d5853272167/alert/text HTTP/1.1
User-Agent: selenium/4.4.0 (java windows)
Cache-Control: no-cache
Content-Type: application/json; charset=utf-8
host: localhost:52230
accept: */*

Response DefaultHttpResponse(decodeResult: success, version: HTTP/1.1)
HTTP/1.1 404 Not Found
Content-Type: application/json; charset=utf-8
cache-control: no-cache
content-length: 848

11:14:58.927 [AsyncHttpClient-1-5] DEBUG org.asynchttpclient.netty.channel.ChannelManager - Adding key: http://localhost:52230 for channel [id: 0x08c5325b, L:/127.0.0.1:52553 - R:localhost/127.0.0.1:52230]
11:14:58.928 [Forwarding switchToWindow on session 8e2d7d43ff9c4efac8a67d5853272167 to remote] DEBUG org.asynchttpclient.netty.request.NettyRequestSender - Using pooled Channel '[id: 0x08c5325b, L:/127.0.0.1:52553 - R:localhost/127.0.0.1:52230]' for 'POST' to 'http://localhost:52230/session/8e2d7d43ff9c4efac8a67d5853272167/window'
11:14:58.928 [Forwarding switchToWindow on session 8e2d7d43ff9c4efac8a67d5853272167 to remote] DEBUG org.asynchttpclient.netty.request.NettyRequestSender - Using open Channel [id: 0x08c5325b, L:/127.0.0.1:52553 - R:localhost/127.0.0.1:52230] for POST '/session/8e2d7d43ff9c4efac8a67d5853272167/window'
11:14:58.929 [AsyncHttpClient-1-5] DEBUG org.asynchttpclient.netty.handler.HttpHandler - 

Request DefaultHttpRequest(decodeResult: success, version: HTTP/1.1)
POST /session/8e2d7d43ff9c4efac8a67d5853272167/window HTTP/1.1
User-Agent: selenium/4.4.0 (java windows)
Content-Length: 50
Content-Type: application/json; charset=utf-8
host: localhost:52230
accept: */*

Response DefaultHttpResponse(decodeResult: success, version: HTTP/1.1)
HTTP/1.1 200 OK
Content-Type: application/json; charset=utf-8
cache-control: no-cache
content-length: 14

11:14:58.929 [AsyncHttpClient-1-5] DEBUG org.asynchttpclient.netty.channel.ChannelManager - Adding key: http://localhost:52230 for channel [id: 0x08c5325b, L:/127.0.0.1:52553 - R:localhost/127.0.0.1:52230]
11:14:58.930 [Forwarding getCurrentUrl on session 8e2d7d43ff9c4efac8a67d5853272167 to remote] DEBUG org.asynchttpclient.netty.request.NettyRequestSender - Using pooled Channel '[id: 0x08c5325b, L:/127.0.0.1:52553 - R:localhost/127.0.0.1:52230]' for 'GET' to 'http://localhost:52230/session/8e2d7d43ff9c4efac8a67d5853272167/url'
11:14:58.930 [Forwarding getCurrentUrl on session 8e2d7d43ff9c4efac8a67d5853272167 to remote] DEBUG org.asynchttpclient.netty.request.NettyRequestSender - Using open Channel [id: 0x08c5325b, L:/127.0.0.1:52553 - R:localhost/127.0.0.1:52230] for GET '/session/8e2d7d43ff9c4efac8a67d5853272167/url'
11:14:58.933 [AsyncHttpClient-1-5] DEBUG org.asynchttpclient.netty.handler.HttpHandler - 

Request DefaultFullHttpRequest(decodeResult: success, version: HTTP/1.1, content: EmptyByteBufBE)
GET /session/8e2d7d43ff9c4efac8a67d5853272167/url HTTP/1.1
User-Agent: selenium/4.4.0 (java windows)
Cache-Control: no-cache
Content-Type: application/json; charset=utf-8
host: localhost:52230
accept: */*

Response DefaultHttpResponse(decodeResult: success, version: HTTP/1.1)
HTTP/1.1 200 OK
Content-Type: application/json; charset=utf-8
cache-control: no-cache
content-length: 47

11:14:58.933 [AsyncHttpClient-1-5] DEBUG org.asynchttpclient.netty.channel.ChannelManager - Adding key: http://localhost:52230 for channel [id: 0x08c5325b, L:/127.0.0.1:52553 - R:localhost/127.0.0.1:52230]
11:14:58.933 [Forwarding screenshot on session 8e2d7d43ff9c4efac8a67d5853272167 to remote] DEBUG org.asynchttpclient.netty.request.NettyRequestSender - Using pooled Channel '[id: 0x08c5325b, L:/127.0.0.1:52553 - R:localhost/127.0.0.1:52230]' for 'GET' to 'http://localhost:52230/session/8e2d7d43ff9c4efac8a67d5853272167/screenshot'
11:14:58.933 [Forwarding screenshot on session 8e2d7d43ff9c4efac8a67d5853272167 to remote] DEBUG org.asynchttpclient.netty.request.NettyRequestSender - Using open Channel [id: 0x08c5325b, L:/127.0.0.1:52553 - R:localhost/127.0.0.1:52230] for GET '/session/8e2d7d43ff9c4efac8a67d5853272167/screenshot'
11:14:59.073 [AsyncHttpClient-1-5] DEBUG org.asynchttpclient.netty.handler.HttpHandler - 

Request DefaultFullHttpRequest(decodeResult: success, version: HTTP/1.1, content: EmptyByteBufBE)
GET /session/8e2d7d43ff9c4efac8a67d5853272167/screenshot HTTP/1.1
User-Agent: selenium/4.4.0 (java windows)
Cache-Control: no-cache
Content-Type: application/json; charset=utf-8
host: localhost:52230
accept: */*

Response DefaultHttpResponse(decodeResult: success, version: HTTP/1.1)
HTTP/1.1 200 OK
Content-Type: application/json; charset=utf-8
cache-control: no-cache
content-length: 297068

11:14:59.074 [AsyncHttpClient-1-5] DEBUG org.asynchttpclient.netty.channel.ChannelManager - Adding key: http://localhost:52230 for channel [id: 0x08c5325b, L:/127.0.0.1:52553 - R:localhost/127.0.0.1:52230]
11:14:59.078 [main] DEBUG net.serenitybdd.core.photography.Darkroom - Send negative for processing for target\site\serenity\3b7d9dec3a0d8f97bcec22b8fa249f10754a726f872703599524594c908a0c43.png
11:14:59.078 [main] DEBUG net.thucydides.core.steps.StepInterceptor - STEP DONE: Comprueba que el dispositivo añadido este en la cesta
11:14:59.078 [Darkroom Processing Line] DEBUG net.serenitybdd.core.photography.DarkroomProcessingLine - Processing screenshot image in /var/screenshots/screenshot-380805400800449749
11:14:59.078 [Darkroom Processing Line] DEBUG net.serenitybdd.core.photography.DarkroomProcessingLine - Saving screenshot to target\site\serenity\3b7d9dec3a0d8f97bcec22b8fa249f10754a726f872703599524594c908a0c43.png
11:14:59.080 [main] DEBUG net.thucydides.core.steps.StepInterceptor - STARTING STEP: ComprarDispositivosElectronicosStep.el_usuario_verifica_que_el_dispositivo_con_el_se_ha_añadido_y_que_los_datos_son_correctos - Verifica que los datos son correctos
11:14:59.081 [Forwarding findElement on session 8e2d7d43ff9c4efac8a67d5853272167 to remote] DEBUG org.asynchttpclient.netty.request.NettyRequestSender - Using pooled Channel '[id: 0x08c5325b, L:/127.0.0.1:52553 - R:localhost/127.0.0.1:52230]' for 'POST' to 'http://localhost:52230/session/8e2d7d43ff9c4efac8a67d5853272167/element'
11:14:59.081 [Forwarding findElement on session 8e2d7d43ff9c4efac8a67d5853272167 to remote] DEBUG org.asynchttpclient.netty.request.NettyRequestSender - Using open Channel [id: 0x08c5325b, L:/127.0.0.1:52553 - R:localhost/127.0.0.1:52230] for POST '/session/8e2d7d43ff9c4efac8a67d5853272167/element'
11:14:59.087 [AsyncHttpClient-1-5] DEBUG org.asynchttpclient.netty.handler.HttpHandler - 

Request DefaultHttpRequest(decodeResult: success, version: HTTP/1.1)
POST /session/8e2d7d43ff9c4efac8a67d5853272167/element HTTP/1.1
User-Agent: selenium/4.4.0 (java windows)
Content-Length: 54
Content-Type: application/json; charset=utf-8
host: localhost:52230
accept: */*

Response DefaultHttpResponse(decodeResult: success, version: HTTP/1.1)
HTTP/1.1 200 OK
Content-Type: application/json; charset=utf-8
cache-control: no-cache
content-length: 96

11:14:59.087 [AsyncHttpClient-1-5] DEBUG org.asynchttpclient.netty.channel.ChannelManager - Adding key: http://localhost:52230 for channel [id: 0x08c5325b, L:/127.0.0.1:52553 - R:localhost/127.0.0.1:52230]
11:14:59.089 [Forwarding isElementDisplayed on session 8e2d7d43ff9c4efac8a67d5853272167 to remote] DEBUG org.asynchttpclient.netty.request.NettyRequestSender - Using pooled Channel '[id: 0x08c5325b, L:/127.0.0.1:52553 - R:localhost/127.0.0.1:52230]' for 'POST' to 'http://localhost:52230/session/8e2d7d43ff9c4efac8a67d5853272167/execute/sync'
11:14:59.089 [Forwarding isElementDisplayed on session 8e2d7d43ff9c4efac8a67d5853272167 to remote] DEBUG org.asynchttpclient.netty.request.NettyRequestSender - Using open Channel [id: 0x08c5325b, L:/127.0.0.1:52553 - R:localhost/127.0.0.1:52230] for POST '/session/8e2d7d43ff9c4efac8a67d5853272167/execute/sync'
11:14:59.096 [AsyncHttpClient-1-5] DEBUG org.asynchttpclient.netty.handler.HttpHandler - 

Request DefaultHttpRequest(decodeResult: success, version: HTTP/1.1)
POST /session/8e2d7d43ff9c4efac8a67d5853272167/execute/sync HTTP/1.1
User-Agent: selenium/4.4.0 (java windows)
Content-Length: 48788
Content-Type: application/json; charset=utf-8
host: localhost:52230
accept: */*

Response DefaultHttpResponse(decodeResult: success, version: HTTP/1.1)
HTTP/1.1 200 OK
Content-Type: application/json; charset=utf-8
cache-control: no-cache
content-length: 14

11:14:59.096 [AsyncHttpClient-1-5] DEBUG org.asynchttpclient.netty.channel.ChannelManager - Adding key: http://localhost:52230 for channel [id: 0x08c5325b, L:/127.0.0.1:52553 - R:localhost/127.0.0.1:52230]
11:14:59.098 [Forwarding isElementDisplayed on session 8e2d7d43ff9c4efac8a67d5853272167 to remote] DEBUG org.asynchttpclient.netty.request.NettyRequestSender - Using pooled Channel '[id: 0x08c5325b, L:/127.0.0.1:52553 - R:localhost/127.0.0.1:52230]' for 'POST' to 'http://localhost:52230/session/8e2d7d43ff9c4efac8a67d5853272167/execute/sync'
11:14:59.098 [Forwarding isElementDisplayed on session 8e2d7d43ff9c4efac8a67d5853272167 to remote] DEBUG org.asynchttpclient.netty.request.NettyRequestSender - Using open Channel [id: 0x08c5325b, L:/127.0.0.1:52553 - R:localhost/127.0.0.1:52230] for POST '/session/8e2d7d43ff9c4efac8a67d5853272167/execute/sync'
11:14:59.104 [AsyncHttpClient-1-5] DEBUG org.asynchttpclient.netty.handler.HttpHandler - 

Request DefaultHttpRequest(decodeResult: success, version: HTTP/1.1)
POST /session/8e2d7d43ff9c4efac8a67d5853272167/execute/sync HTTP/1.1
User-Agent: selenium/4.4.0 (java windows)
Content-Length: 48788
Content-Type: application/json; charset=utf-8
host: localhost:52230
accept: */*

Response DefaultHttpResponse(decodeResult: success, version: HTTP/1.1)
HTTP/1.1 200 OK
Content-Type: application/json; charset=utf-8
cache-control: no-cache
content-length: 14

11:14:59.104 [AsyncHttpClient-1-5] DEBUG org.asynchttpclient.netty.channel.ChannelManager - Adding key: http://localhost:52230 for channel [id: 0x08c5325b, L:/127.0.0.1:52553 - R:localhost/127.0.0.1:52230]
11:14:59.105 [Forwarding findElement on session 8e2d7d43ff9c4efac8a67d5853272167 to remote] DEBUG org.asynchttpclient.netty.request.NettyRequestSender - Using pooled Channel '[id: 0x08c5325b, L:/127.0.0.1:52553 - R:localhost/127.0.0.1:52230]' for 'POST' to 'http://localhost:52230/session/8e2d7d43ff9c4efac8a67d5853272167/element'
11:14:59.105 [Forwarding findElement on session 8e2d7d43ff9c4efac8a67d5853272167 to remote] DEBUG org.asynchttpclient.netty.request.NettyRequestSender - Using open Channel [id: 0x08c5325b, L:/127.0.0.1:52553 - R:localhost/127.0.0.1:52230] for POST '/session/8e2d7d43ff9c4efac8a67d5853272167/element'
11:14:59.110 [AsyncHttpClient-1-5] DEBUG org.asynchttpclient.netty.handler.HttpHandler - 

Request DefaultHttpRequest(decodeResult: success, version: HTTP/1.1)
POST /session/8e2d7d43ff9c4efac8a67d5853272167/element HTTP/1.1
User-Agent: selenium/4.4.0 (java windows)
Content-Length: 54
Content-Type: application/json; charset=utf-8
host: localhost:52230
accept: */*

Response DefaultHttpResponse(decodeResult: success, version: HTTP/1.1)
HTTP/1.1 200 OK
Content-Type: application/json; charset=utf-8
cache-control: no-cache
content-length: 96

11:14:59.110 [AsyncHttpClient-1-5] DEBUG org.asynchttpclient.netty.channel.ChannelManager - Adding key: http://localhost:52230 for channel [id: 0x08c5325b, L:/127.0.0.1:52553 - R:localhost/127.0.0.1:52230]
11:14:59.112 [Forwarding isElementDisplayed on session 8e2d7d43ff9c4efac8a67d5853272167 to remote] DEBUG org.asynchttpclient.netty.request.NettyRequestSender - Using pooled Channel '[id: 0x08c5325b, L:/127.0.0.1:52553 - R:localhost/127.0.0.1:52230]' for 'POST' to 'http://localhost:52230/session/8e2d7d43ff9c4efac8a67d5853272167/execute/sync'
11:14:59.112 [Forwarding isElementDisplayed on session 8e2d7d43ff9c4efac8a67d5853272167 to remote] DEBUG org.asynchttpclient.netty.request.NettyRequestSender - Using open Channel [id: 0x08c5325b, L:/127.0.0.1:52553 - R:localhost/127.0.0.1:52230] for POST '/session/8e2d7d43ff9c4efac8a67d5853272167/execute/sync'
11:14:59.118 [AsyncHttpClient-1-5] DEBUG org.asynchttpclient.netty.handler.HttpHandler - 

Request DefaultHttpRequest(decodeResult: success, version: HTTP/1.1)
POST /session/8e2d7d43ff9c4efac8a67d5853272167/execute/sync HTTP/1.1
User-Agent: selenium/4.4.0 (java windows)
Content-Length: 48788
Content-Type: application/json; charset=utf-8
host: localhost:52230
accept: */*

Response DefaultHttpResponse(decodeResult: success, version: HTTP/1.1)
HTTP/1.1 200 OK
Content-Type: application/json; charset=utf-8
cache-control: no-cache
content-length: 14

11:14:59.118 [AsyncHttpClient-1-5] DEBUG org.asynchttpclient.netty.channel.ChannelManager - Adding key: http://localhost:52230 for channel [id: 0x08c5325b, L:/127.0.0.1:52553 - R:localhost/127.0.0.1:52230]
11:14:59.118 [Forwarding isElementEnabled on session 8e2d7d43ff9c4efac8a67d5853272167 to remote] DEBUG org.asynchttpclient.netty.request.NettyRequestSender - Using pooled Channel '[id: 0x08c5325b, L:/127.0.0.1:52553 - R:localhost/127.0.0.1:52230]' for 'GET' to 'http://localhost:52230/session/8e2d7d43ff9c4efac8a67d5853272167/element/98EB55345BCD5D6724B0A87B1E796C72_element_140/enabled'
11:14:59.119 [Forwarding isElementEnabled on session 8e2d7d43ff9c4efac8a67d5853272167 to remote] DEBUG org.asynchttpclient.netty.request.NettyRequestSender - Using open Channel [id: 0x08c5325b, L:/127.0.0.1:52553 - R:localhost/127.0.0.1:52230] for GET '/session/8e2d7d43ff9c4efac8a67d5853272167/element/98EB55345BCD5D6724B0A87B1E796C72_element_140/enabled'
11:14:59.123 [AsyncHttpClient-1-5] DEBUG org.asynchttpclient.netty.handler.HttpHandler - 

Request DefaultFullHttpRequest(decodeResult: success, version: HTTP/1.1, content: EmptyByteBufBE)
GET /session/8e2d7d43ff9c4efac8a67d5853272167/element/98EB55345BCD5D6724B0A87B1E796C72_element_140/enabled HTTP/1.1
User-Agent: selenium/4.4.0 (java windows)
Cache-Control: no-cache
Content-Type: application/json; charset=utf-8
host: localhost:52230
accept: */*

Response DefaultHttpResponse(decodeResult: success, version: HTTP/1.1)
HTTP/1.1 200 OK
Content-Type: application/json; charset=utf-8
cache-control: no-cache
content-length: 14

11:14:59.123 [AsyncHttpClient-1-5] DEBUG org.asynchttpclient.netty.channel.ChannelManager - Adding key: http://localhost:52230 for channel [id: 0x08c5325b, L:/127.0.0.1:52553 - R:localhost/127.0.0.1:52230]
11:14:59.124 [Forwarding findElement on session 8e2d7d43ff9c4efac8a67d5853272167 to remote] DEBUG org.asynchttpclient.netty.request.NettyRequestSender - Using pooled Channel '[id: 0x08c5325b, L:/127.0.0.1:52553 - R:localhost/127.0.0.1:52230]' for 'POST' to 'http://localhost:52230/session/8e2d7d43ff9c4efac8a67d5853272167/element'
11:14:59.124 [Forwarding findElement on session 8e2d7d43ff9c4efac8a67d5853272167 to remote] DEBUG org.asynchttpclient.netty.request.NettyRequestSender - Using open Channel [id: 0x08c5325b, L:/127.0.0.1:52553 - R:localhost/127.0.0.1:52230] for POST '/session/8e2d7d43ff9c4efac8a67d5853272167/element'
11:14:59.129 [AsyncHttpClient-1-5] DEBUG org.asynchttpclient.netty.handler.HttpHandler - 

Request DefaultHttpRequest(decodeResult: success, version: HTTP/1.1)
POST /session/8e2d7d43ff9c4efac8a67d5853272167/element HTTP/1.1
User-Agent: selenium/4.4.0 (java windows)
Content-Length: 54
Content-Type: application/json; charset=utf-8
host: localhost:52230
accept: */*

Response DefaultHttpResponse(decodeResult: success, version: HTTP/1.1)
HTTP/1.1 200 OK
Content-Type: application/json; charset=utf-8
cache-control: no-cache
content-length: 96

11:14:59.129 [AsyncHttpClient-1-5] DEBUG org.asynchttpclient.netty.channel.ChannelManager - Adding key: http://localhost:52230 for channel [id: 0x08c5325b, L:/127.0.0.1:52553 - R:localhost/127.0.0.1:52230]
11:14:59.131 [Forwarding isElementDisplayed on session 8e2d7d43ff9c4efac8a67d5853272167 to remote] DEBUG org.asynchttpclient.netty.request.NettyRequestSender - Using pooled Channel '[id: 0x08c5325b, L:/127.0.0.1:52553 - R:localhost/127.0.0.1:52230]' for 'POST' to 'http://localhost:52230/session/8e2d7d43ff9c4efac8a67d5853272167/execute/sync'
11:14:59.131 [Forwarding isElementDisplayed on session 8e2d7d43ff9c4efac8a67d5853272167 to remote] DEBUG org.asynchttpclient.netty.request.NettyRequestSender - Using open Channel [id: 0x08c5325b, L:/127.0.0.1:52553 - R:localhost/127.0.0.1:52230] for POST '/session/8e2d7d43ff9c4efac8a67d5853272167/execute/sync'
11:14:59.137 [AsyncHttpClient-1-5] DEBUG org.asynchttpclient.netty.handler.HttpHandler - 

Request DefaultHttpRequest(decodeResult: success, version: HTTP/1.1)
POST /session/8e2d7d43ff9c4efac8a67d5853272167/execute/sync HTTP/1.1
User-Agent: selenium/4.4.0 (java windows)
Content-Length: 48788
Content-Type: application/json; charset=utf-8
host: localhost:52230
accept: */*

Response DefaultHttpResponse(decodeResult: success, version: HTTP/1.1)
HTTP/1.1 200 OK
Content-Type: application/json; charset=utf-8
cache-control: no-cache
content-length: 14

11:14:59.138 [AsyncHttpClient-1-5] DEBUG org.asynchttpclient.netty.channel.ChannelManager - Adding key: http://localhost:52230 for channel [id: 0x08c5325b, L:/127.0.0.1:52553 - R:localhost/127.0.0.1:52230]
11:14:59.138 [Forwarding findChildElements on session 8e2d7d43ff9c4efac8a67d5853272167 to remote] DEBUG org.asynchttpclient.netty.request.NettyRequestSender - Using pooled Channel '[id: 0x08c5325b, L:/127.0.0.1:52553 - R:localhost/127.0.0.1:52230]' for 'POST' to 'http://localhost:52230/session/8e2d7d43ff9c4efac8a67d5853272167/element/98EB55345BCD5D6724B0A87B1E796C72_element_140/elements'
11:14:59.138 [Forwarding findChildElements on session 8e2d7d43ff9c4efac8a67d5853272167 to remote] DEBUG org.asynchttpclient.netty.request.NettyRequestSender - Using open Channel [id: 0x08c5325b, L:/127.0.0.1:52553 - R:localhost/127.0.0.1:52230] for POST '/session/8e2d7d43ff9c4efac8a67d5853272167/element/98EB55345BCD5D6724B0A87B1E796C72_element_140/elements'
11:14:59.143 [AsyncHttpClient-1-5] DEBUG org.asynchttpclient.netty.handler.HttpHandler - 

Request DefaultHttpRequest(decodeResult: success, version: HTTP/1.1)
POST /session/8e2d7d43ff9c4efac8a67d5853272167/element/98EB55345BCD5D6724B0A87B1E796C72_element_140/elements HTTP/1.1
User-Agent: selenium/4.4.0 (java windows)
Content-Length: 118
Content-Type: application/json; charset=utf-8
host: localhost:52230
accept: */*

Response DefaultHttpResponse(decodeResult: success, version: HTTP/1.1)
HTTP/1.1 200 OK
Content-Type: application/json; charset=utf-8
cache-control: no-cache
content-length: 185

11:14:59.143 [AsyncHttpClient-1-5] DEBUG org.asynchttpclient.netty.channel.ChannelManager - Adding key: http://localhost:52230 for channel [id: 0x08c5325b, L:/127.0.0.1:52553 - R:localhost/127.0.0.1:52230]
11:14:59.144 [Forwarding getElementText on session 8e2d7d43ff9c4efac8a67d5853272167 to remote] DEBUG org.asynchttpclient.netty.request.NettyRequestSender - Using pooled Channel '[id: 0x08c5325b, L:/127.0.0.1:52553 - R:localhost/127.0.0.1:52230]' for 'GET' to 'http://localhost:52230/session/8e2d7d43ff9c4efac8a67d5853272167/element/98EB55345BCD5D6724B0A87B1E796C72_element_151/text'
11:14:59.144 [Forwarding getElementText on session 8e2d7d43ff9c4efac8a67d5853272167 to remote] DEBUG org.asynchttpclient.netty.request.NettyRequestSender - Using open Channel [id: 0x08c5325b, L:/127.0.0.1:52553 - R:localhost/127.0.0.1:52230] for GET '/session/8e2d7d43ff9c4efac8a67d5853272167/element/98EB55345BCD5D6724B0A87B1E796C72_element_151/text'
11:14:59.150 [AsyncHttpClient-1-5] DEBUG org.asynchttpclient.netty.handler.HttpHandler - 

Request DefaultFullHttpRequest(decodeResult: success, version: HTTP/1.1, content: EmptyByteBufBE)
GET /session/8e2d7d43ff9c4efac8a67d5853272167/element/98EB55345BCD5D6724B0A87B1E796C72_element_151/text HTTP/1.1
User-Agent: selenium/4.4.0 (java windows)
Cache-Control: no-cache
Content-Type: application/json; charset=utf-8
host: localhost:52230
accept: */*

Response DefaultHttpResponse(decodeResult: success, version: HTTP/1.1)
HTTP/1.1 200 OK
Content-Type: application/json; charset=utf-8
cache-control: no-cache
content-length: 24

11:14:59.150 [AsyncHttpClient-1-5] DEBUG org.asynchttpclient.netty.channel.ChannelManager - Adding key: http://localhost:52230 for channel [id: 0x08c5325b, L:/127.0.0.1:52553 - R:localhost/127.0.0.1:52230]
11:14:59.151 [Forwarding findElement on session 8e2d7d43ff9c4efac8a67d5853272167 to remote] DEBUG org.asynchttpclient.netty.request.NettyRequestSender - Using pooled Channel '[id: 0x08c5325b, L:/127.0.0.1:52553 - R:localhost/127.0.0.1:52230]' for 'POST' to 'http://localhost:52230/session/8e2d7d43ff9c4efac8a67d5853272167/element'
11:14:59.151 [Forwarding findElement on session 8e2d7d43ff9c4efac8a67d5853272167 to remote] DEBUG org.asynchttpclient.netty.request.NettyRequestSender - Using open Channel [id: 0x08c5325b, L:/127.0.0.1:52553 - R:localhost/127.0.0.1:52230] for POST '/session/8e2d7d43ff9c4efac8a67d5853272167/element'
11:14:59.156 [AsyncHttpClient-1-5] DEBUG org.asynchttpclient.netty.handler.HttpHandler - 

Request DefaultHttpRequest(decodeResult: success, version: HTTP/1.1)
POST /session/8e2d7d43ff9c4efac8a67d5853272167/element HTTP/1.1
User-Agent: selenium/4.4.0 (java windows)
Content-Length: 54
Content-Type: application/json; charset=utf-8
host: localhost:52230
accept: */*

Response DefaultHttpResponse(decodeResult: success, version: HTTP/1.1)
HTTP/1.1 200 OK
Content-Type: application/json; charset=utf-8
cache-control: no-cache
content-length: 96

11:14:59.156 [AsyncHttpClient-1-5] DEBUG org.asynchttpclient.netty.channel.ChannelManager - Adding key: http://localhost:52230 for channel [id: 0x08c5325b, L:/127.0.0.1:52553 - R:localhost/127.0.0.1:52230]
11:14:59.158 [Forwarding isElementDisplayed on session 8e2d7d43ff9c4efac8a67d5853272167 to remote] DEBUG org.asynchttpclient.netty.request.NettyRequestSender - Using pooled Channel '[id: 0x08c5325b, L:/127.0.0.1:52553 - R:localhost/127.0.0.1:52230]' for 'POST' to 'http://localhost:52230/session/8e2d7d43ff9c4efac8a67d5853272167/execute/sync'
11:14:59.158 [Forwarding isElementDisplayed on session 8e2d7d43ff9c4efac8a67d5853272167 to remote] DEBUG org.asynchttpclient.netty.request.NettyRequestSender - Using open Channel [id: 0x08c5325b, L:/127.0.0.1:52553 - R:localhost/127.0.0.1:52230] for POST '/session/8e2d7d43ff9c4efac8a67d5853272167/execute/sync'
11:14:59.163 [AsyncHttpClient-1-5] DEBUG org.asynchttpclient.netty.handler.HttpHandler - 

Request DefaultHttpRequest(decodeResult: success, version: HTTP/1.1)
POST /session/8e2d7d43ff9c4efac8a67d5853272167/execute/sync HTTP/1.1
User-Agent: selenium/4.4.0 (java windows)
Content-Length: 48788
Content-Type: application/json; charset=utf-8
host: localhost:52230
accept: */*

Response DefaultHttpResponse(decodeResult: success, version: HTTP/1.1)
HTTP/1.1 200 OK
Content-Type: application/json; charset=utf-8
cache-control: no-cache
content-length: 14

11:14:59.163 [AsyncHttpClient-1-5] DEBUG org.asynchttpclient.netty.channel.ChannelManager - Adding key: http://localhost:52230 for channel [id: 0x08c5325b, L:/127.0.0.1:52553 - R:localhost/127.0.0.1:52230]
11:14:59.164 [Forwarding findChildElement on session 8e2d7d43ff9c4efac8a67d5853272167 to remote] DEBUG org.asynchttpclient.netty.request.NettyRequestSender - Using pooled Channel '[id: 0x08c5325b, L:/127.0.0.1:52553 - R:localhost/127.0.0.1:52230]' for 'POST' to 'http://localhost:52230/session/8e2d7d43ff9c4efac8a67d5853272167/element/98EB55345BCD5D6724B0A87B1E796C72_element_140/element'
11:14:59.164 [Forwarding findChildElement on session 8e2d7d43ff9c4efac8a67d5853272167 to remote] DEBUG org.asynchttpclient.netty.request.NettyRequestSender - Using open Channel [id: 0x08c5325b, L:/127.0.0.1:52553 - R:localhost/127.0.0.1:52230] for POST '/session/8e2d7d43ff9c4efac8a67d5853272167/element/98EB55345BCD5D6724B0A87B1E796C72_element_140/element'
11:14:59.173 [AsyncHttpClient-1-5] DEBUG org.asynchttpclient.netty.handler.HttpHandler - 

Request DefaultHttpRequest(decodeResult: success, version: HTTP/1.1)
POST /session/8e2d7d43ff9c4efac8a67d5853272167/element/98EB55345BCD5D6724B0A87B1E796C72_element_140/element HTTP/1.1
User-Agent: selenium/4.4.0 (java windows)
Content-Length: 121
Content-Type: application/json; charset=utf-8
host: localhost:52230
accept: */*

Response DefaultHttpResponse(decodeResult: success, version: HTTP/1.1)
HTTP/1.1 200 OK
Content-Type: application/json; charset=utf-8
cache-control: no-cache
content-length: 96

11:14:59.173 [AsyncHttpClient-1-5] DEBUG org.asynchttpclient.netty.channel.ChannelManager - Adding key: http://localhost:52230 for channel [id: 0x08c5325b, L:/127.0.0.1:52553 - R:localhost/127.0.0.1:52230]
11:14:59.174 [Forwarding getElementText on session 8e2d7d43ff9c4efac8a67d5853272167 to remote] DEBUG org.asynchttpclient.netty.request.NettyRequestSender - Using pooled Channel '[id: 0x08c5325b, L:/127.0.0.1:52553 - R:localhost/127.0.0.1:52230]' for 'GET' to 'http://localhost:52230/session/8e2d7d43ff9c4efac8a67d5853272167/element/98EB55345BCD5D6724B0A87B1E796C72_element_153/text'
11:14:59.174 [Forwarding getElementText on session 8e2d7d43ff9c4efac8a67d5853272167 to remote] DEBUG org.asynchttpclient.netty.request.NettyRequestSender - Using open Channel [id: 0x08c5325b, L:/127.0.0.1:52553 - R:localhost/127.0.0.1:52230] for GET '/session/8e2d7d43ff9c4efac8a67d5853272167/element/98EB55345BCD5D6724B0A87B1E796C72_element_153/text'
11:14:59.179 [AsyncHttpClient-1-5] DEBUG org.asynchttpclient.netty.handler.HttpHandler - 

Request DefaultFullHttpRequest(decodeResult: success, version: HTTP/1.1, content: EmptyByteBufBE)
GET /session/8e2d7d43ff9c4efac8a67d5853272167/element/98EB55345BCD5D6724B0A87B1E796C72_element_153/text HTTP/1.1
User-Agent: selenium/4.4.0 (java windows)
Cache-Control: no-cache
Content-Type: application/json; charset=utf-8
host: localhost:52230
accept: */*

Response DefaultHttpResponse(decodeResult: success, version: HTTP/1.1)
HTTP/1.1 200 OK
Content-Type: application/json; charset=utf-8
cache-control: no-cache
content-length: 15

11:14:59.180 [AsyncHttpClient-1-5] DEBUG org.asynchttpclient.netty.channel.ChannelManager - Adding key: http://localhost:52230 for channel [id: 0x08c5325b, L:/127.0.0.1:52553 - R:localhost/127.0.0.1:52230]
11:14:59.182 [Forwarding getCurrentWindowHandle on session 8e2d7d43ff9c4efac8a67d5853272167 to remote] DEBUG org.asynchttpclient.netty.request.NettyRequestSender - Using pooled Channel '[id: 0x08c5325b, L:/127.0.0.1:52553 - R:localhost/127.0.0.1:52230]' for 'GET' to 'http://localhost:52230/session/8e2d7d43ff9c4efac8a67d5853272167/window'
11:14:59.182 [Forwarding getCurrentWindowHandle on session 8e2d7d43ff9c4efac8a67d5853272167 to remote] DEBUG org.asynchttpclient.netty.request.NettyRequestSender - Using open Channel [id: 0x08c5325b, L:/127.0.0.1:52553 - R:localhost/127.0.0.1:52230] for GET '/session/8e2d7d43ff9c4efac8a67d5853272167/window'
11:14:59.182 [AsyncHttpClient-1-5] DEBUG org.asynchttpclient.netty.handler.HttpHandler - 

Request DefaultFullHttpRequest(decodeResult: success, version: HTTP/1.1, content: EmptyByteBufBE)
GET /session/8e2d7d43ff9c4efac8a67d5853272167/window HTTP/1.1
User-Agent: selenium/4.4.0 (java windows)
Cache-Control: no-cache
Content-Type: application/json; charset=utf-8
host: localhost:52230
accept: */*

Response DefaultHttpResponse(decodeResult: success, version: HTTP/1.1)
HTTP/1.1 200 OK
Content-Type: application/json; charset=utf-8
cache-control: no-cache
content-length: 44

11:14:59.182 [AsyncHttpClient-1-5] DEBUG org.asynchttpclient.netty.channel.ChannelManager - Adding key: http://localhost:52230 for channel [id: 0x08c5325b, L:/127.0.0.1:52553 - R:localhost/127.0.0.1:52230]
11:14:59.183 [Forwarding getAlertText on session 8e2d7d43ff9c4efac8a67d5853272167 to remote] DEBUG org.asynchttpclient.netty.request.NettyRequestSender - Using pooled Channel '[id: 0x08c5325b, L:/127.0.0.1:52553 - R:localhost/127.0.0.1:52230]' for 'GET' to 'http://localhost:52230/session/8e2d7d43ff9c4efac8a67d5853272167/alert/text'
11:14:59.183 [Forwarding getAlertText on session 8e2d7d43ff9c4efac8a67d5853272167 to remote] DEBUG org.asynchttpclient.netty.request.NettyRequestSender - Using open Channel [id: 0x08c5325b, L:/127.0.0.1:52553 - R:localhost/127.0.0.1:52230] for GET '/session/8e2d7d43ff9c4efac8a67d5853272167/alert/text'
11:14:59.184 [AsyncHttpClient-1-5] DEBUG org.asynchttpclient.netty.handler.HttpHandler - 

Request DefaultFullHttpRequest(decodeResult: success, version: HTTP/1.1, content: EmptyByteBufBE)
GET /session/8e2d7d43ff9c4efac8a67d5853272167/alert/text HTTP/1.1
User-Agent: selenium/4.4.0 (java windows)
Cache-Control: no-cache
Content-Type: application/json; charset=utf-8
host: localhost:52230
accept: */*

Response DefaultHttpResponse(decodeResult: success, version: HTTP/1.1)
HTTP/1.1 404 Not Found
Content-Type: application/json; charset=utf-8
cache-control: no-cache
content-length: 848

11:14:59.184 [AsyncHttpClient-1-5] DEBUG org.asynchttpclient.netty.channel.ChannelManager - Adding key: http://localhost:52230 for channel [id: 0x08c5325b, L:/127.0.0.1:52553 - R:localhost/127.0.0.1:52230]
11:14:59.185 [Forwarding switchToWindow on session 8e2d7d43ff9c4efac8a67d5853272167 to remote] DEBUG org.asynchttpclient.netty.request.NettyRequestSender - Using pooled Channel '[id: 0x08c5325b, L:/127.0.0.1:52553 - R:localhost/127.0.0.1:52230]' for 'POST' to 'http://localhost:52230/session/8e2d7d43ff9c4efac8a67d5853272167/window'
11:14:59.185 [Forwarding switchToWindow on session 8e2d7d43ff9c4efac8a67d5853272167 to remote] DEBUG org.asynchttpclient.netty.request.NettyRequestSender - Using open Channel [id: 0x08c5325b, L:/127.0.0.1:52553 - R:localhost/127.0.0.1:52230] for POST '/session/8e2d7d43ff9c4efac8a67d5853272167/window'
11:14:59.186 [AsyncHttpClient-1-5] DEBUG org.asynchttpclient.netty.handler.HttpHandler - 

Request DefaultHttpRequest(decodeResult: success, version: HTTP/1.1)
POST /session/8e2d7d43ff9c4efac8a67d5853272167/window HTTP/1.1
User-Agent: selenium/4.4.0 (java windows)
Content-Length: 50
Content-Type: application/json; charset=utf-8
host: localhost:52230
accept: */*

Response DefaultHttpResponse(decodeResult: success, version: HTTP/1.1)
HTTP/1.1 200 OK
Content-Type: application/json; charset=utf-8
cache-control: no-cache
content-length: 14

11:14:59.186 [AsyncHttpClient-1-5] DEBUG org.asynchttpclient.netty.channel.ChannelManager - Adding key: http://localhost:52230 for channel [id: 0x08c5325b, L:/127.0.0.1:52553 - R:localhost/127.0.0.1:52230]
11:14:59.187 [Forwarding getCurrentUrl on session 8e2d7d43ff9c4efac8a67d5853272167 to remote] DEBUG org.asynchttpclient.netty.request.NettyRequestSender - Using pooled Channel '[id: 0x08c5325b, L:/127.0.0.1:52553 - R:localhost/127.0.0.1:52230]' for 'GET' to 'http://localhost:52230/session/8e2d7d43ff9c4efac8a67d5853272167/url'
11:14:59.187 [Forwarding getCurrentUrl on session 8e2d7d43ff9c4efac8a67d5853272167 to remote] DEBUG org.asynchttpclient.netty.request.NettyRequestSender - Using open Channel [id: 0x08c5325b, L:/127.0.0.1:52553 - R:localhost/127.0.0.1:52230] for GET '/session/8e2d7d43ff9c4efac8a67d5853272167/url'
11:14:59.189 [AsyncHttpClient-1-5] DEBUG org.asynchttpclient.netty.handler.HttpHandler - 

Request DefaultFullHttpRequest(decodeResult: success, version: HTTP/1.1, content: EmptyByteBufBE)
GET /session/8e2d7d43ff9c4efac8a67d5853272167/url HTTP/1.1
User-Agent: selenium/4.4.0 (java windows)
Cache-Control: no-cache
Content-Type: application/json; charset=utf-8
host: localhost:52230
accept: */*

Response DefaultHttpResponse(decodeResult: success, version: HTTP/1.1)
HTTP/1.1 200 OK
Content-Type: application/json; charset=utf-8
cache-control: no-cache
content-length: 47

11:14:59.189 [AsyncHttpClient-1-5] DEBUG org.asynchttpclient.netty.channel.ChannelManager - Adding key: http://localhost:52230 for channel [id: 0x08c5325b, L:/127.0.0.1:52553 - R:localhost/127.0.0.1:52230]
11:14:59.190 [Forwarding screenshot on session 8e2d7d43ff9c4efac8a67d5853272167 to remote] DEBUG org.asynchttpclient.netty.request.NettyRequestSender - Using pooled Channel '[id: 0x08c5325b, L:/127.0.0.1:52553 - R:localhost/127.0.0.1:52230]' for 'GET' to 'http://localhost:52230/session/8e2d7d43ff9c4efac8a67d5853272167/screenshot'
11:14:59.190 [Forwarding screenshot on session 8e2d7d43ff9c4efac8a67d5853272167 to remote] DEBUG org.asynchttpclient.netty.request.NettyRequestSender - Using open Channel [id: 0x08c5325b, L:/127.0.0.1:52553 - R:localhost/127.0.0.1:52230] for GET '/session/8e2d7d43ff9c4efac8a67d5853272167/screenshot'
11:14:59.321 [AsyncHttpClient-1-5] DEBUG org.asynchttpclient.netty.handler.HttpHandler - 

Request DefaultFullHttpRequest(decodeResult: success, version: HTTP/1.1, content: EmptyByteBufBE)
GET /session/8e2d7d43ff9c4efac8a67d5853272167/screenshot HTTP/1.1
User-Agent: selenium/4.4.0 (java windows)
Cache-Control: no-cache
Content-Type: application/json; charset=utf-8
host: localhost:52230
accept: */*

Response DefaultHttpResponse(decodeResult: success, version: HTTP/1.1)
HTTP/1.1 200 OK
Content-Type: application/json; charset=utf-8
cache-control: no-cache
content-length: 297068

11:14:59.321 [AsyncHttpClient-1-5] DEBUG org.asynchttpclient.netty.channel.ChannelManager - Adding key: http://localhost:52230 for channel [id: 0x08c5325b, L:/127.0.0.1:52553 - R:localhost/127.0.0.1:52230]
11:14:59.326 [main] DEBUG net.serenitybdd.core.photography.Darkroom - Send negative for processing for target\site\serenity\3b7d9dec3a0d8f97bcec22b8fa249f10754a726f872703599524594c908a0c43.png
11:14:59.326 [main] DEBUG net.thucydides.core.steps.StepInterceptor - STEP DONE: Verifica que los datos son correctos
  &amp#27;[32mThen &amp#27;[0m&amp#27;[32mel usuario verifica que el ordenador con el &amp#27;[0m&amp#27;[32m&amp#27;[1m"Sony vaio i7"&amp#27;[0m&amp#27;[32m se ha añadido y que los datos son correctos&amp#27;[0m &amp#27;[90m# Step.ComprarDispositivosElectronicosStep.el_usuario_verifica_que_el_dispositivo_con_el_se_ha_añadido_y_que_los_datos_son_correctos(java.lang.String)&amp#27;[0m
11:14:59.331 [AsyncHttpClient-1-7] DEBUG org.asynchttpclient.netty.handler.WebSocketHandler - Channel Closed: [id: 0xd8808ce7, L:/127.0.0.1:52561 ! R:localhost/127.0.0.1:52554] with attribute NettyResponseFuture{currentRetry=0,
	isDone=1,
	isCancelled=0,
	asyncHandler=org.asynchttpclient.ws.WebSocketUpgradeHandler@7165b857,
	nettyRequest=org.asynchttpclient.netty.request.NettyRequest@3467381f,
	future=java.util.concurrent.CompletableFuture@2176d15f[Completed normally],
	uri=ws://localhost:52554/devtools/browser/9ff28c41-aa68-4389-93ff-e48de08c4003,
	keepAlive=true,
	redirectCount=0,
	timeoutsHolder=null,
	inAuth=0,
	touch=1684574081436}
11:14:59.332 [AsyncHttpClient-1-7] DEBUG org.asynchttpclient.netty.channel.ChannelManager - Closing Channel [id: 0xd8808ce7, L:/127.0.0.1:52561 ! R:localhost/127.0.0.1:52554] 
11:14:59.332 [Driver Command Executor] DEBUG org.asynchttpclient.netty.request.NettyRequestSender - Using pooled Channel '[id: 0x08c5325b, L:/127.0.0.1:52553 - R:localhost/127.0.0.1:52230]' for 'DELETE' to 'http://localhost:52230/session/8e2d7d43ff9c4efac8a67d5853272167'
11:14:59.332 [Driver Command Executor] DEBUG org.asynchttpclient.netty.request.NettyRequestSender - Using open Channel [id: 0x08c5325b, L:/127.0.0.1:52553 - R:localhost/127.0.0.1:52230] for DELETE '/session/8e2d7d43ff9c4efac8a67d5853272167'
11:14:59.500 [AsyncHttpClient-1-6] DEBUG org.asynchttpclient.netty.handler.HttpHandler - Unexpected I/O exception on channel [id: 0x4146a1ae, L:/127.0.0.1:52560 - R:localhost/127.0.0.1:52554]
java.net.SocketException: Connection reset
	at java.base/sun.nio.ch.SocketChannelImpl.throwConnectionReset(SocketChannelImpl.java:401)
	at java.base/sun.nio.ch.SocketChannelImpl.read(SocketChannelImpl.java:434)
	at io.netty.buffer.PooledByteBuf.setBytes(PooledByteBuf.java:258)
	at io.netty.buffer.AbstractByteBuf.writeBytes(AbstractByteBuf.java:1132)
	at io.netty.channel.socket.nio.NioSocketChannel.doReadBytes(NioSocketChannel.java:357)
	at io.netty.channel.nio.AbstractNioByteChannel$NioByteUnsafe.read(AbstractNioByteChannel.java:151)
	at io.netty.channel.nio.NioEventLoop.processSelectedKey(NioEventLoop.java:722)
	at io.netty.channel.nio.NioEventLoop.processSelectedKeysOptimized(NioEventLoop.java:658)
	at io.netty.channel.nio.NioEventLoop.processSelectedKeys(NioEventLoop.java:584)
	at io.netty.channel.nio.NioEventLoop.run(NioEventLoop.java:496)
	at io.netty.util.concurrent.SingleThreadEventExecutor$4.run(SingleThreadEventExecutor.java:997)
	at io.netty.util.internal.ThreadExecutorMap$2.run(ThreadExecutorMap.java:74)
	at io.netty.util.concurrent.FastThreadLocalRunnable.run(FastThreadLocalRunnable.java:30)
	at java.base/java.lang.Thread.run(Thread.java:1589)
11:14:59.501 [AsyncHttpClient-1-6] DEBUG org.asynchttpclient.netty.channel.ChannelManager - Closing Channel [id: 0x4146a1ae, L:/127.0.0.1:52560 - R:localhost/127.0.0.1:52554] 
11:14:59.501 [AsyncHttpClient-1-6] DEBUG org.asynchttpclient.netty.handler.HttpHandler - Channel Closed: [id: 0x4146a1ae, L:/127.0.0.1:52560 ! R:localhost/127.0.0.1:52554] with attribute DISCARD
11:14:59.529 [AsyncHttpClient-1-5] DEBUG org.asynchttpclient.netty.handler.HttpHandler - 

Request DefaultFullHttpRequest(decodeResult: success, version: HTTP/1.1, content: EmptyByteBufBE)
DELETE /session/8e2d7d43ff9c4efac8a67d5853272167 HTTP/1.1
User-Agent: selenium/4.4.0 (java windows)
Content-Type: application/json; charset=utf-8
host: localhost:52230
accept: */*

Response DefaultHttpResponse(decodeResult: success, version: HTTP/1.1)
HTTP/1.1 200 OK
Content-Type: application/json; charset=utf-8
cache-control: no-cache
content-length: 14

11:14:59.529 [AsyncHttpClient-1-5] DEBUG org.asynchttpclient.netty.channel.ChannelManager - Adding key: http://localhost:52230 for channel [id: 0x08c5325b, L:/127.0.0.1:52553 - R:localhost/127.0.0.1:52230]
11:14:59.634 [AsyncHttpClient-1-5] DEBUG org.asynchttpclient.netty.handler.HttpHandler - Channel Closed: [id: 0x08c5325b, L:/127.0.0.1:52553 ! R:localhost/127.0.0.1:52230] with attribute DISCARD
11:14:59.649 [AsyncHttpClient-1-1] DEBUG org.asynchttpclient.netty.channel.DefaultChannelPool - Entry count for : http://localhost:52230 : 1
11:14:59.649 [AsyncHttpClient-1-1] DEBUG org.asynchttpclient.netty.channel.DefaultChannelPool - Entry count for : http://localhost:52554 : 1
11:14:59.649 [AsyncHttpClient-1-1] DEBUG org.asynchttpclient.netty.channel.DefaultChannelPool - Adding Candidate expired Channel [id: 0x08c5325b, L:/127.0.0.1:52553 ! R:localhost/127.0.0.1:52230] isIdleTimeoutExpired=false isRemotelyClosed=true isTtlExpired=false
11:14:59.649 [AsyncHttpClient-1-1] DEBUG org.asynchttpclient.netty.channel.DefaultChannelPool - Closing Idle Channel [id: 0x08c5325b, L:/127.0.0.1:52553 ! R:localhost/127.0.0.1:52230]
11:14:59.649 [AsyncHttpClient-1-1] DEBUG org.asynchttpclient.netty.channel.DefaultChannelPool - Adding Candidate expired Channel [id: 0x4146a1ae, L:/127.0.0.1:52560 ! R:localhost/127.0.0.1:52554] isIdleTimeoutExpired=false isRemotelyClosed=true isTtlExpired=false
11:14:59.649 [AsyncHttpClient-1-1] DEBUG org.asynchttpclient.netty.channel.DefaultChannelPool - Closing Idle Channel [id: 0x4146a1ae, L:/127.0.0.1:52560 ! R:localhost/127.0.0.1:52554]
11:14:59.649 [AsyncHttpClient-1-1] DEBUG org.asynchttpclient.netty.channel.DefaultChannelPool - Closed 2 connections out of 2 in 0 ms
11:14:59.696 [main] INFO  - 
  _____   ___   ___   _____     ___     _     ___   ___   ___   ___  
 |_   _| | __| / __| |_   _|   | _ \   /_\   / __| / __| | __| |   \ 
   | |   | _|  \__ \   | |     |  _/  / _ \  \__ \ \__ \ | _|  | |) |
   |_|   |___| |___/   |_|     |_|   /_/ \_\ |___/ |___/ |___| |___/ 

Compra de ordenadores
----------------------------------------------------------------------
]]></system-out>
    <system-err><![CDATA[Starting ChromeDriver 113.0.5672.63 (0e1a4471d5ae5bf128b1bd8f4d627c8cbd55f70c-refs/branch-heads/5672@{#912}) on port 52230
Only local connections are allowed.
Please see https://chromedriver.chromium.org/security-considerations for suggestions on keeping ChromeDriver safe.
ChromeDriver was started successfully.
may 20, 2023 11:14:41 A. M. org.openqa.selenium.remote.ProtocolHandshake createSession
INFO: Detected upstream dialect: W3C
may 20, 2023 11:14:41 A. M. org.openqa.selenium.devtools.CdpVersionFinder findNearestMatch
WARNING: Unable to find an exact match for CDP version 113, so returning the closest version found: a no-op implementation
may 20, 2023 11:14:41 A. M. org.openqa.selenium.devtools.CdpVersionFinder findNearestMatch
INFO: Unable to find CDP implementation matching 113.
may 20, 2023 11:14:41 A. M. org.openqa.selenium.chromium.ChromiumDriver lambda$new$3
WARNING: Unable to find version of CDP to use for . You may need to include a dependency on a specific version of the CDP using something similar to `org.seleniumhq.selenium:selenium-devtools-v86:4.4.0` where the version ("v86") matches the version of the chromium-based browser you're using and the version number of the artifact is the same as Selenium's.
]]></system-err>
  </testcase>
  <testcase name="Compra de ordenadores #3" classname="Compras" time="19.302">
    <system-out><![CDATA[
@CompraOrdenadores
Scenario Outline: Compra de ordenadores                                                                      &amp#27;[90m# src/test/resources/features/compras.feature:50&amp#27;[0m
11:14:59.701 [main] INFO io.cucumber.core.plugin.SerenityReporter - Running feature from file:///C:/Users/doprsama/eclipse-workspace/PracticaGradoSerenity/src/test/resources/features/compras.feature
11:14:59.739 [main] DEBUG net.thucydides.core.steps.StepInterceptor - STARTING STEP: ComprarDispositivosElectronicosStep.el_usuario_ingresa_en_demoblaze - Abrir Pagina
11:14:59.771 [main] INFO net.serenitybdd.core.webdriver.driverproviders.ChromeDriverProvider - Starting Chrome driver instance with capabilities:
11:14:59.771 [main] INFO net.serenitybdd.core.webdriver.driverproviders.ChromeDriverProvider - Capabilities {acceptInsecureCerts: false, browserName: chrome, goog:chromeOptions: {args: [--no-first-run, --ignore-certificate-errors, --disable-blink-features=Au..., --remote-allow-origins=*, --start-maximized], extensions: []}}
11:14:59.869 [AsyncHttpClient-1-8] DEBUG org.asynchttpclient.netty.channel.NettyConnectListener - Using new Channel '[id: 0x03a68c1f, L:/127.0.0.1:52576 - R:localhost/127.0.0.1:58191]' for 'POST' to '/session'
11:15:00.456 [AsyncHttpClient-1-8] DEBUG org.asynchttpclient.netty.handler.HttpHandler - 

Request DefaultHttpRequest(decodeResult: success, version: HTTP/1.1)
POST /session HTTP/1.1
User-Agent: selenium/4.4.0 (java windows)
Content-Length: 829
Content-Type: application/json; charset=utf-8
host: localhost:58191
accept: */*

Response DefaultHttpResponse(decodeResult: success, version: HTTP/1.1)
HTTP/1.1 200 OK
Content-Type: application/json; charset=utf-8
cache-control: no-cache
content-length: 863

11:15:00.456 [AsyncHttpClient-1-8] DEBUG org.asynchttpclient.netty.channel.ChannelManager - Adding key: http://localhost:58191 for channel [id: 0x03a68c1f, L:/127.0.0.1:52576 - R:localhost/127.0.0.1:58191]
11:15:00.462 [AsyncHttpClient-1-9] DEBUG org.asynchttpclient.netty.channel.NettyConnectListener - Using new Channel '[id: 0xe229ceb1, L:/127.0.0.1:52583 - R:localhost/127.0.0.1:52577]' for 'GET' to '/json/version'
11:15:00.463 [AsyncHttpClient-1-9] DEBUG org.asynchttpclient.netty.handler.HttpHandler - 

Request DefaultFullHttpRequest(decodeResult: success, version: HTTP/1.1, content: EmptyByteBufBE)
GET /json/version HTTP/1.1
User-Agent: selenium/4.4.0 (java windows)
host: localhost:52577
accept: */*

Response DefaultHttpResponse(decodeResult: success, version: HTTP/1.1)
HTTP/1.1 200 OK
Content-Security-Policy: frame-ancestors 'none'
Content-Type: application/json; charset=UTF-8
content-length: 424

11:15:00.463 [AsyncHttpClient-1-9] DEBUG org.asynchttpclient.netty.channel.ChannelManager - Adding key: http://localhost:52577 for channel [id: 0xe229ceb1, L:/127.0.0.1:52583 - R:localhost/127.0.0.1:52577]
11:15:00.465 [AsyncHttpClient-1-10] DEBUG org.asynchttpclient.netty.channel.NettyConnectListener - Using new Channel '[id: 0x733ff52f, L:/127.0.0.1:52584 - R:localhost/127.0.0.1:52577]' for 'GET' to '/devtools/browser/47880eea-f9be-43f2-9cc2-d5a75485e754'
11:15:00.466 [AsyncHttpClient-1-10] DEBUG org.asynchttpclient.netty.handler.WebSocketHandler - 

Request DefaultFullHttpRequest(decodeResult: success, version: HTTP/1.1, content: EmptyByteBufBE)
GET /devtools/browser/47880eea-f9be-43f2-9cc2-d5a75485e754 HTTP/1.1
upgrade: websocket
connection: upgrade
sec-websocket-key: IAyOl7dhNnNxjhO3OXqlEQ==
sec-websocket-version: 13
origin: http://localhost:52577
host: localhost:52577
accept: */*
user-agent: AHC/2.1

Response DefaultHttpResponse(decodeResult: success, version: HTTP/1.1)
HTTP/1.1 101 WebSocket Protocol Handshake
Upgrade: WebSocket
Connection: Upgrade
Sec-WebSocket-Accept: LnQ2AznNl+/MB38iv6G3MWZAoiA=

11:15:00.469 [Forwarding setTimeout on session c3aa3fcf09320f3793c832f62b1d83a9 to remote] DEBUG org.asynchttpclient.netty.request.NettyRequestSender - Using pooled Channel '[id: 0x03a68c1f, L:/127.0.0.1:52576 - R:localhost/127.0.0.1:58191]' for 'POST' to 'http://localhost:58191/session/c3aa3fcf09320f3793c832f62b1d83a9/timeouts'
11:15:00.469 [Forwarding setTimeout on session c3aa3fcf09320f3793c832f62b1d83a9 to remote] DEBUG org.asynchttpclient.netty.request.NettyRequestSender - Using open Channel [id: 0x03a68c1f, L:/127.0.0.1:52576 - R:localhost/127.0.0.1:58191] for POST '/session/c3aa3fcf09320f3793c832f62b1d83a9/timeouts'
11:15:00.469 [AsyncHttpClient-1-8] DEBUG org.asynchttpclient.netty.handler.HttpHandler - 

Request DefaultHttpRequest(decodeResult: success, version: HTTP/1.1)
POST /session/c3aa3fcf09320f3793c832f62b1d83a9/timeouts HTTP/1.1
User-Agent: selenium/4.4.0 (java windows)
Content-Length: 23
Content-Type: application/json; charset=utf-8
host: localhost:58191
accept: */*

Response DefaultHttpResponse(decodeResult: success, version: HTTP/1.1)
HTTP/1.1 200 OK
Content-Type: application/json; charset=utf-8
cache-control: no-cache
content-length: 14

11:15:00.469 [AsyncHttpClient-1-8] DEBUG org.asynchttpclient.netty.channel.ChannelManager - Adding key: http://localhost:58191 for channel [id: 0x03a68c1f, L:/127.0.0.1:52576 - R:localhost/127.0.0.1:58191]
11:15:00.470 [Forwarding get on session c3aa3fcf09320f3793c832f62b1d83a9 to remote] DEBUG org.asynchttpclient.netty.request.NettyRequestSender - Using pooled Channel '[id: 0x03a68c1f, L:/127.0.0.1:52576 - R:localhost/127.0.0.1:58191]' for 'POST' to 'http://localhost:58191/session/c3aa3fcf09320f3793c832f62b1d83a9/url'
11:15:00.470 [Forwarding get on session c3aa3fcf09320f3793c832f62b1d83a9 to remote] DEBUG org.asynchttpclient.netty.request.NettyRequestSender - Using open Channel [id: 0x03a68c1f, L:/127.0.0.1:52576 - R:localhost/127.0.0.1:58191] for POST '/session/c3aa3fcf09320f3793c832f62b1d83a9/url'
11:15:00.748 [AsyncHttpClient-1-1] DEBUG org.asynchttpclient.netty.channel.DefaultChannelPool - Entry count for : http://localhost:52577 : 1
11:15:01.255 [AsyncHttpClient-1-8] DEBUG org.asynchttpclient.netty.handler.HttpHandler - 

Request DefaultHttpRequest(decodeResult: success, version: HTTP/1.1)
POST /session/c3aa3fcf09320f3793c832f62b1d83a9/url HTTP/1.1
User-Agent: selenium/4.4.0 (java windows)
Content-Length: 66
Content-Type: application/json; charset=utf-8
host: localhost:58191
accept: */*

Response DefaultHttpResponse(decodeResult: success, version: HTTP/1.1)
HTTP/1.1 200 OK
Content-Type: application/json; charset=utf-8
cache-control: no-cache
content-length: 14

11:15:01.255 [AsyncHttpClient-1-8] DEBUG org.asynchttpclient.netty.channel.ChannelManager - Adding key: http://localhost:58191 for channel [id: 0x03a68c1f, L:/127.0.0.1:52576 - R:localhost/127.0.0.1:58191]
11:15:01.256 [Forwarding setTimeout on session c3aa3fcf09320f3793c832f62b1d83a9 to remote] DEBUG org.asynchttpclient.netty.request.NettyRequestSender - Using pooled Channel '[id: 0x03a68c1f, L:/127.0.0.1:52576 - R:localhost/127.0.0.1:58191]' for 'POST' to 'http://localhost:58191/session/c3aa3fcf09320f3793c832f62b1d83a9/timeouts'
11:15:01.256 [Forwarding setTimeout on session c3aa3fcf09320f3793c832f62b1d83a9 to remote] DEBUG org.asynchttpclient.netty.request.NettyRequestSender - Using open Channel [id: 0x03a68c1f, L:/127.0.0.1:52576 - R:localhost/127.0.0.1:58191] for POST '/session/c3aa3fcf09320f3793c832f62b1d83a9/timeouts'
11:15:01.257 [AsyncHttpClient-1-8] DEBUG org.asynchttpclient.netty.handler.HttpHandler - 

Request DefaultHttpRequest(decodeResult: success, version: HTTP/1.1)
POST /session/c3aa3fcf09320f3793c832f62b1d83a9/timeouts HTTP/1.1
User-Agent: selenium/4.4.0 (java windows)
Content-Length: 23
Content-Type: application/json; charset=utf-8
host: localhost:58191
accept: */*

Response DefaultHttpResponse(decodeResult: success, version: HTTP/1.1)
HTTP/1.1 200 OK
Content-Type: application/json; charset=utf-8
cache-control: no-cache
content-length: 14

11:15:01.257 [AsyncHttpClient-1-8] DEBUG org.asynchttpclient.netty.channel.ChannelManager - Adding key: http://localhost:58191 for channel [id: 0x03a68c1f, L:/127.0.0.1:52576 - R:localhost/127.0.0.1:58191]
11:15:01.258 [Forwarding getCurrentUrl on session c3aa3fcf09320f3793c832f62b1d83a9 to remote] DEBUG org.asynchttpclient.netty.request.NettyRequestSender - Using pooled Channel '[id: 0x03a68c1f, L:/127.0.0.1:52576 - R:localhost/127.0.0.1:58191]' for 'GET' to 'http://localhost:58191/session/c3aa3fcf09320f3793c832f62b1d83a9/url'
11:15:01.258 [Forwarding getCurrentUrl on session c3aa3fcf09320f3793c832f62b1d83a9 to remote] DEBUG org.asynchttpclient.netty.request.NettyRequestSender - Using open Channel [id: 0x03a68c1f, L:/127.0.0.1:52576 - R:localhost/127.0.0.1:58191] for GET '/session/c3aa3fcf09320f3793c832f62b1d83a9/url'
11:15:01.265 [AsyncHttpClient-1-8] DEBUG org.asynchttpclient.netty.handler.HttpHandler - 

Request DefaultFullHttpRequest(decodeResult: success, version: HTTP/1.1, content: EmptyByteBufBE)
GET /session/c3aa3fcf09320f3793c832f62b1d83a9/url HTTP/1.1
User-Agent: selenium/4.4.0 (java windows)
Cache-Control: no-cache
Content-Type: application/json; charset=utf-8
host: localhost:58191
accept: */*

Response DefaultHttpResponse(decodeResult: success, version: HTTP/1.1)
HTTP/1.1 200 OK
Content-Type: application/json; charset=utf-8
cache-control: no-cache
content-length: 48

11:15:01.265 [AsyncHttpClient-1-8] DEBUG org.asynchttpclient.netty.channel.ChannelManager - Adding key: http://localhost:58191 for channel [id: 0x03a68c1f, L:/127.0.0.1:52576 - R:localhost/127.0.0.1:58191]
11:15:01.266 [Forwarding getCurrentUrl on session c3aa3fcf09320f3793c832f62b1d83a9 to remote] DEBUG org.asynchttpclient.netty.request.NettyRequestSender - Using pooled Channel '[id: 0x03a68c1f, L:/127.0.0.1:52576 - R:localhost/127.0.0.1:58191]' for 'GET' to 'http://localhost:58191/session/c3aa3fcf09320f3793c832f62b1d83a9/url'
11:15:01.266 [Forwarding getCurrentUrl on session c3aa3fcf09320f3793c832f62b1d83a9 to remote] DEBUG org.asynchttpclient.netty.request.NettyRequestSender - Using open Channel [id: 0x03a68c1f, L:/127.0.0.1:52576 - R:localhost/127.0.0.1:58191] for GET '/session/c3aa3fcf09320f3793c832f62b1d83a9/url'
11:15:01.270 [AsyncHttpClient-1-8] DEBUG org.asynchttpclient.netty.handler.HttpHandler - 

Request DefaultFullHttpRequest(decodeResult: success, version: HTTP/1.1, content: EmptyByteBufBE)
GET /session/c3aa3fcf09320f3793c832f62b1d83a9/url HTTP/1.1
User-Agent: selenium/4.4.0 (java windows)
Cache-Control: no-cache
Content-Type: application/json; charset=utf-8
host: localhost:58191
accept: */*

Response DefaultHttpResponse(decodeResult: success, version: HTTP/1.1)
HTTP/1.1 200 OK
Content-Type: application/json; charset=utf-8
cache-control: no-cache
content-length: 48

11:15:01.270 [AsyncHttpClient-1-8] DEBUG org.asynchttpclient.netty.channel.ChannelManager - Adding key: http://localhost:58191 for channel [id: 0x03a68c1f, L:/127.0.0.1:52576 - R:localhost/127.0.0.1:58191]
11:15:01.858 [AsyncHttpClient-1-1] DEBUG org.asynchttpclient.netty.channel.DefaultChannelPool - Entry count for : http://localhost:58191 : 1
11:15:01.858 [AsyncHttpClient-1-1] DEBUG org.asynchttpclient.netty.channel.DefaultChannelPool - Entry count for : http://localhost:52577 : 1
11:15:02.274 [Forwarding screenshot on session c3aa3fcf09320f3793c832f62b1d83a9 to remote] DEBUG org.asynchttpclient.netty.request.NettyRequestSender - Using pooled Channel '[id: 0x03a68c1f, L:/127.0.0.1:52576 - R:localhost/127.0.0.1:58191]' for 'GET' to 'http://localhost:58191/session/c3aa3fcf09320f3793c832f62b1d83a9/screenshot'
11:15:02.274 [Forwarding screenshot on session c3aa3fcf09320f3793c832f62b1d83a9 to remote] DEBUG org.asynchttpclient.netty.request.NettyRequestSender - Using open Channel [id: 0x03a68c1f, L:/127.0.0.1:52576 - R:localhost/127.0.0.1:58191] for GET '/session/c3aa3fcf09320f3793c832f62b1d83a9/screenshot'
11:15:02.432 [AsyncHttpClient-1-8] DEBUG org.asynchttpclient.netty.handler.HttpHandler - 

Request DefaultFullHttpRequest(decodeResult: success, version: HTTP/1.1, content: EmptyByteBufBE)
GET /session/c3aa3fcf09320f3793c832f62b1d83a9/screenshot HTTP/1.1
User-Agent: selenium/4.4.0 (java windows)
Cache-Control: no-cache
Content-Type: application/json; charset=utf-8
host: localhost:58191
accept: */*

Response DefaultHttpResponse(decodeResult: success, version: HTTP/1.1)
HTTP/1.1 200 OK
Content-Type: application/json; charset=utf-8
cache-control: no-cache
content-length: 454716

11:15:02.432 [AsyncHttpClient-1-8] DEBUG org.asynchttpclient.netty.channel.ChannelManager - Adding key: http://localhost:58191 for channel [id: 0x03a68c1f, L:/127.0.0.1:52576 - R:localhost/127.0.0.1:58191]
11:15:02.446 [Forwarding getCurrentWindowHandle on session c3aa3fcf09320f3793c832f62b1d83a9 to remote] DEBUG org.asynchttpclient.netty.request.NettyRequestSender - Using pooled Channel '[id: 0x03a68c1f, L:/127.0.0.1:52576 - R:localhost/127.0.0.1:58191]' for 'GET' to 'http://localhost:58191/session/c3aa3fcf09320f3793c832f62b1d83a9/window'
11:15:02.446 [Forwarding getCurrentWindowHandle on session c3aa3fcf09320f3793c832f62b1d83a9 to remote] DEBUG org.asynchttpclient.netty.request.NettyRequestSender - Using open Channel [id: 0x03a68c1f, L:/127.0.0.1:52576 - R:localhost/127.0.0.1:58191] for GET '/session/c3aa3fcf09320f3793c832f62b1d83a9/window'
11:15:02.446 [AsyncHttpClient-1-8] DEBUG org.asynchttpclient.netty.handler.HttpHandler - 

Request DefaultFullHttpRequest(decodeResult: success, version: HTTP/1.1, content: EmptyByteBufBE)
GET /session/c3aa3fcf09320f3793c832f62b1d83a9/window HTTP/1.1
User-Agent: selenium/4.4.0 (java windows)
Cache-Control: no-cache
Content-Type: application/json; charset=utf-8
host: localhost:58191
accept: */*

Response DefaultHttpResponse(decodeResult: success, version: HTTP/1.1)
HTTP/1.1 200 OK
Content-Type: application/json; charset=utf-8
cache-control: no-cache
content-length: 44

11:15:02.446 [AsyncHttpClient-1-8] DEBUG org.asynchttpclient.netty.channel.ChannelManager - Adding key: http://localhost:58191 for channel [id: 0x03a68c1f, L:/127.0.0.1:52576 - R:localhost/127.0.0.1:58191]
11:15:02.447 [Forwarding getAlertText on session c3aa3fcf09320f3793c832f62b1d83a9 to remote] DEBUG org.asynchttpclient.netty.request.NettyRequestSender - Using pooled Channel '[id: 0x03a68c1f, L:/127.0.0.1:52576 - R:localhost/127.0.0.1:58191]' for 'GET' to 'http://localhost:58191/session/c3aa3fcf09320f3793c832f62b1d83a9/alert/text'
11:15:02.447 [Forwarding getAlertText on session c3aa3fcf09320f3793c832f62b1d83a9 to remote] DEBUG org.asynchttpclient.netty.request.NettyRequestSender - Using open Channel [id: 0x03a68c1f, L:/127.0.0.1:52576 - R:localhost/127.0.0.1:58191] for GET '/session/c3aa3fcf09320f3793c832f62b1d83a9/alert/text'
11:15:02.449 [AsyncHttpClient-1-8] DEBUG org.asynchttpclient.netty.handler.HttpHandler - 

Request DefaultFullHttpRequest(decodeResult: success, version: HTTP/1.1, content: EmptyByteBufBE)
GET /session/c3aa3fcf09320f3793c832f62b1d83a9/alert/text HTTP/1.1
User-Agent: selenium/4.4.0 (java windows)
Cache-Control: no-cache
Content-Type: application/json; charset=utf-8
host: localhost:58191
accept: */*

Response DefaultHttpResponse(decodeResult: success, version: HTTP/1.1)
HTTP/1.1 404 Not Found
Content-Type: application/json; charset=utf-8
cache-control: no-cache
content-length: 848

11:15:02.449 [AsyncHttpClient-1-8] DEBUG org.asynchttpclient.netty.channel.ChannelManager - Adding key: http://localhost:58191 for channel [id: 0x03a68c1f, L:/127.0.0.1:52576 - R:localhost/127.0.0.1:58191]
11:15:02.450 [Forwarding switchToWindow on session c3aa3fcf09320f3793c832f62b1d83a9 to remote] DEBUG org.asynchttpclient.netty.request.NettyRequestSender - Using pooled Channel '[id: 0x03a68c1f, L:/127.0.0.1:52576 - R:localhost/127.0.0.1:58191]' for 'POST' to 'http://localhost:58191/session/c3aa3fcf09320f3793c832f62b1d83a9/window'
11:15:02.450 [Forwarding switchToWindow on session c3aa3fcf09320f3793c832f62b1d83a9 to remote] DEBUG org.asynchttpclient.netty.request.NettyRequestSender - Using open Channel [id: 0x03a68c1f, L:/127.0.0.1:52576 - R:localhost/127.0.0.1:58191] for POST '/session/c3aa3fcf09320f3793c832f62b1d83a9/window'
11:15:02.452 [AsyncHttpClient-1-8] DEBUG org.asynchttpclient.netty.handler.HttpHandler - 

Request DefaultHttpRequest(decodeResult: success, version: HTTP/1.1)
POST /session/c3aa3fcf09320f3793c832f62b1d83a9/window HTTP/1.1
User-Agent: selenium/4.4.0 (java windows)
Content-Length: 50
Content-Type: application/json; charset=utf-8
host: localhost:58191
accept: */*

Response DefaultHttpResponse(decodeResult: success, version: HTTP/1.1)
HTTP/1.1 200 OK
Content-Type: application/json; charset=utf-8
cache-control: no-cache
content-length: 14

11:15:02.452 [AsyncHttpClient-1-8] DEBUG org.asynchttpclient.netty.channel.ChannelManager - Adding key: http://localhost:58191 for channel [id: 0x03a68c1f, L:/127.0.0.1:52576 - R:localhost/127.0.0.1:58191]
11:15:02.453 [Forwarding getCurrentUrl on session c3aa3fcf09320f3793c832f62b1d83a9 to remote] DEBUG org.asynchttpclient.netty.request.NettyRequestSender - Using pooled Channel '[id: 0x03a68c1f, L:/127.0.0.1:52576 - R:localhost/127.0.0.1:58191]' for 'GET' to 'http://localhost:58191/session/c3aa3fcf09320f3793c832f62b1d83a9/url'
11:15:02.453 [Forwarding getCurrentUrl on session c3aa3fcf09320f3793c832f62b1d83a9 to remote] DEBUG org.asynchttpclient.netty.request.NettyRequestSender - Using open Channel [id: 0x03a68c1f, L:/127.0.0.1:52576 - R:localhost/127.0.0.1:58191] for GET '/session/c3aa3fcf09320f3793c832f62b1d83a9/url'
11:15:02.456 [AsyncHttpClient-1-8] DEBUG org.asynchttpclient.netty.handler.HttpHandler - 

Request DefaultFullHttpRequest(decodeResult: success, version: HTTP/1.1, content: EmptyByteBufBE)
GET /session/c3aa3fcf09320f3793c832f62b1d83a9/url HTTP/1.1
User-Agent: selenium/4.4.0 (java windows)
Cache-Control: no-cache
Content-Type: application/json; charset=utf-8
host: localhost:58191
accept: */*

Response DefaultHttpResponse(decodeResult: success, version: HTTP/1.1)
HTTP/1.1 200 OK
Content-Type: application/json; charset=utf-8
cache-control: no-cache
content-length: 48

11:15:02.456 [AsyncHttpClient-1-8] DEBUG org.asynchttpclient.netty.channel.ChannelManager - Adding key: http://localhost:58191 for channel [id: 0x03a68c1f, L:/127.0.0.1:52576 - R:localhost/127.0.0.1:58191]
11:15:02.456 [Forwarding screenshot on session c3aa3fcf09320f3793c832f62b1d83a9 to remote] DEBUG org.asynchttpclient.netty.request.NettyRequestSender - Using pooled Channel '[id: 0x03a68c1f, L:/127.0.0.1:52576 - R:localhost/127.0.0.1:58191]' for 'GET' to 'http://localhost:58191/session/c3aa3fcf09320f3793c832f62b1d83a9/screenshot'
11:15:02.456 [Forwarding screenshot on session c3aa3fcf09320f3793c832f62b1d83a9 to remote] DEBUG org.asynchttpclient.netty.request.NettyRequestSender - Using open Channel [id: 0x03a68c1f, L:/127.0.0.1:52576 - R:localhost/127.0.0.1:58191] for GET '/session/c3aa3fcf09320f3793c832f62b1d83a9/screenshot'
11:15:02.592 [AsyncHttpClient-1-8] DEBUG org.asynchttpclient.netty.handler.HttpHandler - 

Request DefaultFullHttpRequest(decodeResult: success, version: HTTP/1.1, content: EmptyByteBufBE)
GET /session/c3aa3fcf09320f3793c832f62b1d83a9/screenshot HTTP/1.1
User-Agent: selenium/4.4.0 (java windows)
Cache-Control: no-cache
Content-Type: application/json; charset=utf-8
host: localhost:58191
accept: */*

Response DefaultHttpResponse(decodeResult: success, version: HTTP/1.1)
HTTP/1.1 200 OK
Content-Type: application/json; charset=utf-8
cache-control: no-cache
content-length: 454716

11:15:02.593 [AsyncHttpClient-1-8] DEBUG org.asynchttpclient.netty.channel.ChannelManager - Adding key: http://localhost:58191 for channel [id: 0x03a68c1f, L:/127.0.0.1:52576 - R:localhost/127.0.0.1:58191]
11:15:02.599 [main] DEBUG net.serenitybdd.core.photography.Darkroom - Send negative for processing for target\site\serenity\98baa90166e772d4f3e3f5b8446a574d72ac8e9e65ea384dad05c67152019a4c.png
11:15:02.599 [main] DEBUG net.thucydides.core.steps.StepInterceptor - STEP DONE: Abrir Pagina
  &amp#27;[32mGiven &amp#27;[0m&amp#27;[32mel usuario ingresa en DEMOBLAZE&amp#27;[0m                                                                      &amp#27;[90m# Step.ComprarDispositivosElectronicosStep.el_usuario_ingresa_en_demoblaze()&amp#27;[0m
11:15:02.604 [main] DEBUG net.thucydides.core.steps.StepInterceptor - STARTING STEP: ComprarDispositivosElectronicosStep.el_usuario_se_direge_a_la_pestaña_login - Navega a la pestaña login
11:15:02.604 [Forwarding findElement on session c3aa3fcf09320f3793c832f62b1d83a9 to remote] DEBUG org.asynchttpclient.netty.request.NettyRequestSender - Using pooled Channel '[id: 0x03a68c1f, L:/127.0.0.1:52576 - R:localhost/127.0.0.1:58191]' for 'POST' to 'http://localhost:58191/session/c3aa3fcf09320f3793c832f62b1d83a9/element'
11:15:02.604 [Forwarding findElement on session c3aa3fcf09320f3793c832f62b1d83a9 to remote] DEBUG org.asynchttpclient.netty.request.NettyRequestSender - Using open Channel [id: 0x03a68c1f, L:/127.0.0.1:52576 - R:localhost/127.0.0.1:58191] for POST '/session/c3aa3fcf09320f3793c832f62b1d83a9/element'
11:15:02.614 [AsyncHttpClient-1-8] DEBUG org.asynchttpclient.netty.handler.HttpHandler - 

Request DefaultHttpRequest(decodeResult: success, version: HTTP/1.1)
POST /session/c3aa3fcf09320f3793c832f62b1d83a9/element HTTP/1.1
User-Agent: selenium/4.4.0 (java windows)
Content-Length: 77
Content-Type: application/json; charset=utf-8
host: localhost:58191
accept: */*

Response DefaultHttpResponse(decodeResult: success, version: HTTP/1.1)
HTTP/1.1 200 OK
Content-Type: application/json; charset=utf-8
cache-control: no-cache
content-length: 95

11:15:02.614 [AsyncHttpClient-1-8] DEBUG org.asynchttpclient.netty.channel.ChannelManager - Adding key: http://localhost:58191 for channel [id: 0x03a68c1f, L:/127.0.0.1:52576 - R:localhost/127.0.0.1:58191]
11:15:02.616 [Forwarding isElementDisplayed on session c3aa3fcf09320f3793c832f62b1d83a9 to remote] DEBUG org.asynchttpclient.netty.request.NettyRequestSender - Using pooled Channel '[id: 0x03a68c1f, L:/127.0.0.1:52576 - R:localhost/127.0.0.1:58191]' for 'POST' to 'http://localhost:58191/session/c3aa3fcf09320f3793c832f62b1d83a9/execute/sync'
11:15:02.616 [Forwarding isElementDisplayed on session c3aa3fcf09320f3793c832f62b1d83a9 to remote] DEBUG org.asynchttpclient.netty.request.NettyRequestSender - Using open Channel [id: 0x03a68c1f, L:/127.0.0.1:52576 - R:localhost/127.0.0.1:58191] for POST '/session/c3aa3fcf09320f3793c832f62b1d83a9/execute/sync'
11:15:02.628 [AsyncHttpClient-1-8] DEBUG org.asynchttpclient.netty.handler.HttpHandler - 

Request DefaultHttpRequest(decodeResult: success, version: HTTP/1.1)
POST /session/c3aa3fcf09320f3793c832f62b1d83a9/execute/sync HTTP/1.1
User-Agent: selenium/4.4.0 (java windows)
Content-Length: 48787
Content-Type: application/json; charset=utf-8
host: localhost:58191
accept: */*

Response DefaultHttpResponse(decodeResult: success, version: HTTP/1.1)
HTTP/1.1 200 OK
Content-Type: application/json; charset=utf-8
cache-control: no-cache
content-length: 14

11:15:02.628 [AsyncHttpClient-1-8] DEBUG org.asynchttpclient.netty.channel.ChannelManager - Adding key: http://localhost:58191 for channel [id: 0x03a68c1f, L:/127.0.0.1:52576 - R:localhost/127.0.0.1:58191]
11:15:02.630 [Forwarding isElementDisplayed on session c3aa3fcf09320f3793c832f62b1d83a9 to remote] DEBUG org.asynchttpclient.netty.request.NettyRequestSender - Using pooled Channel '[id: 0x03a68c1f, L:/127.0.0.1:52576 - R:localhost/127.0.0.1:58191]' for 'POST' to 'http://localhost:58191/session/c3aa3fcf09320f3793c832f62b1d83a9/execute/sync'
11:15:02.630 [Forwarding isElementDisplayed on session c3aa3fcf09320f3793c832f62b1d83a9 to remote] DEBUG org.asynchttpclient.netty.request.NettyRequestSender - Using open Channel [id: 0x03a68c1f, L:/127.0.0.1:52576 - R:localhost/127.0.0.1:58191] for POST '/session/c3aa3fcf09320f3793c832f62b1d83a9/execute/sync'
11:15:02.640 [AsyncHttpClient-1-8] DEBUG org.asynchttpclient.netty.handler.HttpHandler - 

Request DefaultHttpRequest(decodeResult: success, version: HTTP/1.1)
POST /session/c3aa3fcf09320f3793c832f62b1d83a9/execute/sync HTTP/1.1
User-Agent: selenium/4.4.0 (java windows)
Content-Length: 48787
Content-Type: application/json; charset=utf-8
host: localhost:58191
accept: */*

Response DefaultHttpResponse(decodeResult: success, version: HTTP/1.1)
HTTP/1.1 200 OK
Content-Type: application/json; charset=utf-8
cache-control: no-cache
content-length: 14

11:15:02.640 [AsyncHttpClient-1-8] DEBUG org.asynchttpclient.netty.channel.ChannelManager - Adding key: http://localhost:58191 for channel [id: 0x03a68c1f, L:/127.0.0.1:52576 - R:localhost/127.0.0.1:58191]
11:15:02.641 [Forwarding findElement on session c3aa3fcf09320f3793c832f62b1d83a9 to remote] DEBUG org.asynchttpclient.netty.request.NettyRequestSender - Using pooled Channel '[id: 0x03a68c1f, L:/127.0.0.1:52576 - R:localhost/127.0.0.1:58191]' for 'POST' to 'http://localhost:58191/session/c3aa3fcf09320f3793c832f62b1d83a9/element'
11:15:02.641 [Forwarding findElement on session c3aa3fcf09320f3793c832f62b1d83a9 to remote] DEBUG org.asynchttpclient.netty.request.NettyRequestSender - Using open Channel [id: 0x03a68c1f, L:/127.0.0.1:52576 - R:localhost/127.0.0.1:58191] for POST '/session/c3aa3fcf09320f3793c832f62b1d83a9/element'
11:15:02.647 [AsyncHttpClient-1-8] DEBUG org.asynchttpclient.netty.handler.HttpHandler - 

Request DefaultHttpRequest(decodeResult: success, version: HTTP/1.1)
POST /session/c3aa3fcf09320f3793c832f62b1d83a9/element HTTP/1.1
User-Agent: selenium/4.4.0 (java windows)
Content-Length: 77
Content-Type: application/json; charset=utf-8
host: localhost:58191
accept: */*

Response DefaultHttpResponse(decodeResult: success, version: HTTP/1.1)
HTTP/1.1 200 OK
Content-Type: application/json; charset=utf-8
cache-control: no-cache
content-length: 95

11:15:02.647 [AsyncHttpClient-1-8] DEBUG org.asynchttpclient.netty.channel.ChannelManager - Adding key: http://localhost:58191 for channel [id: 0x03a68c1f, L:/127.0.0.1:52576 - R:localhost/127.0.0.1:58191]
11:15:02.649 [Forwarding isElementDisplayed on session c3aa3fcf09320f3793c832f62b1d83a9 to remote] DEBUG org.asynchttpclient.netty.request.NettyRequestSender - Using pooled Channel '[id: 0x03a68c1f, L:/127.0.0.1:52576 - R:localhost/127.0.0.1:58191]' for 'POST' to 'http://localhost:58191/session/c3aa3fcf09320f3793c832f62b1d83a9/execute/sync'
11:15:02.649 [Forwarding isElementDisplayed on session c3aa3fcf09320f3793c832f62b1d83a9 to remote] DEBUG org.asynchttpclient.netty.request.NettyRequestSender - Using open Channel [id: 0x03a68c1f, L:/127.0.0.1:52576 - R:localhost/127.0.0.1:58191] for POST '/session/c3aa3fcf09320f3793c832f62b1d83a9/execute/sync'
11:15:02.655 [AsyncHttpClient-1-8] DEBUG org.asynchttpclient.netty.handler.HttpHandler - 

Request DefaultHttpRequest(decodeResult: success, version: HTTP/1.1)
POST /session/c3aa3fcf09320f3793c832f62b1d83a9/execute/sync HTTP/1.1
User-Agent: selenium/4.4.0 (java windows)
Content-Length: 48787
Content-Type: application/json; charset=utf-8
host: localhost:58191
accept: */*

Response DefaultHttpResponse(decodeResult: success, version: HTTP/1.1)
HTTP/1.1 200 OK
Content-Type: application/json; charset=utf-8
cache-control: no-cache
content-length: 14

11:15:02.655 [AsyncHttpClient-1-8] DEBUG org.asynchttpclient.netty.channel.ChannelManager - Adding key: http://localhost:58191 for channel [id: 0x03a68c1f, L:/127.0.0.1:52576 - R:localhost/127.0.0.1:58191]
11:15:02.656 [Forwarding isElementEnabled on session c3aa3fcf09320f3793c832f62b1d83a9 to remote] DEBUG org.asynchttpclient.netty.request.NettyRequestSender - Using pooled Channel '[id: 0x03a68c1f, L:/127.0.0.1:52576 - R:localhost/127.0.0.1:58191]' for 'GET' to 'http://localhost:58191/session/c3aa3fcf09320f3793c832f62b1d83a9/element/0B6304C2ED5C0CF6E891278996F43BF8_element_35/enabled'
11:15:02.656 [Forwarding isElementEnabled on session c3aa3fcf09320f3793c832f62b1d83a9 to remote] DEBUG org.asynchttpclient.netty.request.NettyRequestSender - Using open Channel [id: 0x03a68c1f, L:/127.0.0.1:52576 - R:localhost/127.0.0.1:58191] for GET '/session/c3aa3fcf09320f3793c832f62b1d83a9/element/0B6304C2ED5C0CF6E891278996F43BF8_element_35/enabled'
11:15:02.661 [AsyncHttpClient-1-8] DEBUG org.asynchttpclient.netty.handler.HttpHandler - 

Request DefaultFullHttpRequest(decodeResult: success, version: HTTP/1.1, content: EmptyByteBufBE)
GET /session/c3aa3fcf09320f3793c832f62b1d83a9/element/0B6304C2ED5C0CF6E891278996F43BF8_element_35/enabled HTTP/1.1
User-Agent: selenium/4.4.0 (java windows)
Cache-Control: no-cache
Content-Type: application/json; charset=utf-8
host: localhost:58191
accept: */*

Response DefaultHttpResponse(decodeResult: success, version: HTTP/1.1)
HTTP/1.1 200 OK
Content-Type: application/json; charset=utf-8
cache-control: no-cache
content-length: 14

11:15:02.661 [AsyncHttpClient-1-8] DEBUG org.asynchttpclient.netty.channel.ChannelManager - Adding key: http://localhost:58191 for channel [id: 0x03a68c1f, L:/127.0.0.1:52576 - R:localhost/127.0.0.1:58191]
11:15:02.662 [Forwarding findElement on session c3aa3fcf09320f3793c832f62b1d83a9 to remote] DEBUG org.asynchttpclient.netty.request.NettyRequestSender - Using pooled Channel '[id: 0x03a68c1f, L:/127.0.0.1:52576 - R:localhost/127.0.0.1:58191]' for 'POST' to 'http://localhost:58191/session/c3aa3fcf09320f3793c832f62b1d83a9/element'
11:15:02.662 [Forwarding findElement on session c3aa3fcf09320f3793c832f62b1d83a9 to remote] DEBUG org.asynchttpclient.netty.request.NettyRequestSender - Using open Channel [id: 0x03a68c1f, L:/127.0.0.1:52576 - R:localhost/127.0.0.1:58191] for POST '/session/c3aa3fcf09320f3793c832f62b1d83a9/element'
11:15:02.669 [AsyncHttpClient-1-8] DEBUG org.asynchttpclient.netty.handler.HttpHandler - 

Request DefaultHttpRequest(decodeResult: success, version: HTTP/1.1)
POST /session/c3aa3fcf09320f3793c832f62b1d83a9/element HTTP/1.1
User-Agent: selenium/4.4.0 (java windows)
Content-Length: 70
Content-Type: application/json; charset=utf-8
host: localhost:58191
accept: */*

Response DefaultHttpResponse(decodeResult: success, version: HTTP/1.1)
HTTP/1.1 200 OK
Content-Type: application/json; charset=utf-8
cache-control: no-cache
content-length: 95

11:15:02.669 [AsyncHttpClient-1-8] DEBUG org.asynchttpclient.netty.channel.ChannelManager - Adding key: http://localhost:58191 for channel [id: 0x03a68c1f, L:/127.0.0.1:52576 - R:localhost/127.0.0.1:58191]
11:15:02.671 [Forwarding isElementDisplayed on session c3aa3fcf09320f3793c832f62b1d83a9 to remote] DEBUG org.asynchttpclient.netty.request.NettyRequestSender - Using pooled Channel '[id: 0x03a68c1f, L:/127.0.0.1:52576 - R:localhost/127.0.0.1:58191]' for 'POST' to 'http://localhost:58191/session/c3aa3fcf09320f3793c832f62b1d83a9/execute/sync'
11:15:02.671 [Forwarding isElementDisplayed on session c3aa3fcf09320f3793c832f62b1d83a9 to remote] DEBUG org.asynchttpclient.netty.request.NettyRequestSender - Using open Channel [id: 0x03a68c1f, L:/127.0.0.1:52576 - R:localhost/127.0.0.1:58191] for POST '/session/c3aa3fcf09320f3793c832f62b1d83a9/execute/sync'
11:15:02.677 [AsyncHttpClient-1-8] DEBUG org.asynchttpclient.netty.handler.HttpHandler - 

Request DefaultHttpRequest(decodeResult: success, version: HTTP/1.1)
POST /session/c3aa3fcf09320f3793c832f62b1d83a9/execute/sync HTTP/1.1
User-Agent: selenium/4.4.0 (java windows)
Content-Length: 48787
Content-Type: application/json; charset=utf-8
host: localhost:58191
accept: */*

Response DefaultHttpResponse(decodeResult: success, version: HTTP/1.1)
HTTP/1.1 200 OK
Content-Type: application/json; charset=utf-8
cache-control: no-cache
content-length: 14

11:15:02.677 [AsyncHttpClient-1-8] DEBUG org.asynchttpclient.netty.channel.ChannelManager - Adding key: http://localhost:58191 for channel [id: 0x03a68c1f, L:/127.0.0.1:52576 - R:localhost/127.0.0.1:58191]
11:15:02.678 [Forwarding findElement on session c3aa3fcf09320f3793c832f62b1d83a9 to remote] DEBUG org.asynchttpclient.netty.request.NettyRequestSender - Using pooled Channel '[id: 0x03a68c1f, L:/127.0.0.1:52576 - R:localhost/127.0.0.1:58191]' for 'POST' to 'http://localhost:58191/session/c3aa3fcf09320f3793c832f62b1d83a9/element'
11:15:02.678 [Forwarding findElement on session c3aa3fcf09320f3793c832f62b1d83a9 to remote] DEBUG org.asynchttpclient.netty.request.NettyRequestSender - Using open Channel [id: 0x03a68c1f, L:/127.0.0.1:52576 - R:localhost/127.0.0.1:58191] for POST '/session/c3aa3fcf09320f3793c832f62b1d83a9/element'
11:15:02.683 [AsyncHttpClient-1-8] DEBUG org.asynchttpclient.netty.handler.HttpHandler - 

Request DefaultHttpRequest(decodeResult: success, version: HTTP/1.1)
POST /session/c3aa3fcf09320f3793c832f62b1d83a9/element HTTP/1.1
User-Agent: selenium/4.4.0 (java windows)
Content-Length: 77
Content-Type: application/json; charset=utf-8
host: localhost:58191
accept: */*

Response DefaultHttpResponse(decodeResult: success, version: HTTP/1.1)
HTTP/1.1 200 OK
Content-Type: application/json; charset=utf-8
cache-control: no-cache
content-length: 95

11:15:02.683 [AsyncHttpClient-1-8] DEBUG org.asynchttpclient.netty.channel.ChannelManager - Adding key: http://localhost:58191 for channel [id: 0x03a68c1f, L:/127.0.0.1:52576 - R:localhost/127.0.0.1:58191]
11:15:02.685 [Forwarding isElementDisplayed on session c3aa3fcf09320f3793c832f62b1d83a9 to remote] DEBUG org.asynchttpclient.netty.request.NettyRequestSender - Using pooled Channel '[id: 0x03a68c1f, L:/127.0.0.1:52576 - R:localhost/127.0.0.1:58191]' for 'POST' to 'http://localhost:58191/session/c3aa3fcf09320f3793c832f62b1d83a9/execute/sync'
11:15:02.685 [Forwarding isElementDisplayed on session c3aa3fcf09320f3793c832f62b1d83a9 to remote] DEBUG org.asynchttpclient.netty.request.NettyRequestSender - Using open Channel [id: 0x03a68c1f, L:/127.0.0.1:52576 - R:localhost/127.0.0.1:58191] for POST '/session/c3aa3fcf09320f3793c832f62b1d83a9/execute/sync'
11:15:02.690 [AsyncHttpClient-1-8] DEBUG org.asynchttpclient.netty.handler.HttpHandler - 

Request DefaultHttpRequest(decodeResult: success, version: HTTP/1.1)
POST /session/c3aa3fcf09320f3793c832f62b1d83a9/execute/sync HTTP/1.1
User-Agent: selenium/4.4.0 (java windows)
Content-Length: 48787
Content-Type: application/json; charset=utf-8
host: localhost:58191
accept: */*

Response DefaultHttpResponse(decodeResult: success, version: HTTP/1.1)
HTTP/1.1 200 OK
Content-Type: application/json; charset=utf-8
cache-control: no-cache
content-length: 14

11:15:02.690 [AsyncHttpClient-1-8] DEBUG org.asynchttpclient.netty.channel.ChannelManager - Adding key: http://localhost:58191 for channel [id: 0x03a68c1f, L:/127.0.0.1:52576 - R:localhost/127.0.0.1:58191]
11:15:02.691 [Forwarding findElement on session c3aa3fcf09320f3793c832f62b1d83a9 to remote] DEBUG org.asynchttpclient.netty.request.NettyRequestSender - Using pooled Channel '[id: 0x03a68c1f, L:/127.0.0.1:52576 - R:localhost/127.0.0.1:58191]' for 'POST' to 'http://localhost:58191/session/c3aa3fcf09320f3793c832f62b1d83a9/element'
11:15:02.691 [Forwarding findElement on session c3aa3fcf09320f3793c832f62b1d83a9 to remote] DEBUG org.asynchttpclient.netty.request.NettyRequestSender - Using open Channel [id: 0x03a68c1f, L:/127.0.0.1:52576 - R:localhost/127.0.0.1:58191] for POST '/session/c3aa3fcf09320f3793c832f62b1d83a9/element'
11:15:02.696 [AsyncHttpClient-1-8] DEBUG org.asynchttpclient.netty.handler.HttpHandler - 

Request DefaultHttpRequest(decodeResult: success, version: HTTP/1.1)
POST /session/c3aa3fcf09320f3793c832f62b1d83a9/element HTTP/1.1
User-Agent: selenium/4.4.0 (java windows)
Content-Length: 77
Content-Type: application/json; charset=utf-8
host: localhost:58191
accept: */*

Response DefaultHttpResponse(decodeResult: success, version: HTTP/1.1)
HTTP/1.1 200 OK
Content-Type: application/json; charset=utf-8
cache-control: no-cache
content-length: 95

11:15:02.696 [AsyncHttpClient-1-8] DEBUG org.asynchttpclient.netty.channel.ChannelManager - Adding key: http://localhost:58191 for channel [id: 0x03a68c1f, L:/127.0.0.1:52576 - R:localhost/127.0.0.1:58191]
11:15:02.698 [Forwarding isElementDisplayed on session c3aa3fcf09320f3793c832f62b1d83a9 to remote] DEBUG org.asynchttpclient.netty.request.NettyRequestSender - Using pooled Channel '[id: 0x03a68c1f, L:/127.0.0.1:52576 - R:localhost/127.0.0.1:58191]' for 'POST' to 'http://localhost:58191/session/c3aa3fcf09320f3793c832f62b1d83a9/execute/sync'
11:15:02.698 [Forwarding isElementDisplayed on session c3aa3fcf09320f3793c832f62b1d83a9 to remote] DEBUG org.asynchttpclient.netty.request.NettyRequestSender - Using open Channel [id: 0x03a68c1f, L:/127.0.0.1:52576 - R:localhost/127.0.0.1:58191] for POST '/session/c3aa3fcf09320f3793c832f62b1d83a9/execute/sync'
11:15:02.704 [AsyncHttpClient-1-8] DEBUG org.asynchttpclient.netty.handler.HttpHandler - 

Request DefaultHttpRequest(decodeResult: success, version: HTTP/1.1)
POST /session/c3aa3fcf09320f3793c832f62b1d83a9/execute/sync HTTP/1.1
User-Agent: selenium/4.4.0 (java windows)
Content-Length: 48787
Content-Type: application/json; charset=utf-8
host: localhost:58191
accept: */*

Response DefaultHttpResponse(decodeResult: success, version: HTTP/1.1)
HTTP/1.1 200 OK
Content-Type: application/json; charset=utf-8
cache-control: no-cache
content-length: 14

11:15:02.704 [AsyncHttpClient-1-8] DEBUG org.asynchttpclient.netty.channel.ChannelManager - Adding key: http://localhost:58191 for channel [id: 0x03a68c1f, L:/127.0.0.1:52576 - R:localhost/127.0.0.1:58191]
11:15:02.706 [Forwarding isElementDisplayed on session c3aa3fcf09320f3793c832f62b1d83a9 to remote] DEBUG org.asynchttpclient.netty.request.NettyRequestSender - Using pooled Channel '[id: 0x03a68c1f, L:/127.0.0.1:52576 - R:localhost/127.0.0.1:58191]' for 'POST' to 'http://localhost:58191/session/c3aa3fcf09320f3793c832f62b1d83a9/execute/sync'
11:15:02.706 [Forwarding isElementDisplayed on session c3aa3fcf09320f3793c832f62b1d83a9 to remote] DEBUG org.asynchttpclient.netty.request.NettyRequestSender - Using open Channel [id: 0x03a68c1f, L:/127.0.0.1:52576 - R:localhost/127.0.0.1:58191] for POST '/session/c3aa3fcf09320f3793c832f62b1d83a9/execute/sync'
11:15:02.711 [AsyncHttpClient-1-8] DEBUG org.asynchttpclient.netty.handler.HttpHandler - 

Request DefaultHttpRequest(decodeResult: success, version: HTTP/1.1)
POST /session/c3aa3fcf09320f3793c832f62b1d83a9/execute/sync HTTP/1.1
User-Agent: selenium/4.4.0 (java windows)
Content-Length: 48787
Content-Type: application/json; charset=utf-8
host: localhost:58191
accept: */*

Response DefaultHttpResponse(decodeResult: success, version: HTTP/1.1)
HTTP/1.1 200 OK
Content-Type: application/json; charset=utf-8
cache-control: no-cache
content-length: 14

11:15:02.711 [AsyncHttpClient-1-8] DEBUG org.asynchttpclient.netty.channel.ChannelManager - Adding key: http://localhost:58191 for channel [id: 0x03a68c1f, L:/127.0.0.1:52576 - R:localhost/127.0.0.1:58191]
11:15:02.713 [Forwarding findElement on session c3aa3fcf09320f3793c832f62b1d83a9 to remote] DEBUG org.asynchttpclient.netty.request.NettyRequestSender - Using pooled Channel '[id: 0x03a68c1f, L:/127.0.0.1:52576 - R:localhost/127.0.0.1:58191]' for 'POST' to 'http://localhost:58191/session/c3aa3fcf09320f3793c832f62b1d83a9/element'
11:15:02.713 [Forwarding findElement on session c3aa3fcf09320f3793c832f62b1d83a9 to remote] DEBUG org.asynchttpclient.netty.request.NettyRequestSender - Using open Channel [id: 0x03a68c1f, L:/127.0.0.1:52576 - R:localhost/127.0.0.1:58191] for POST '/session/c3aa3fcf09320f3793c832f62b1d83a9/element'
11:15:02.717 [AsyncHttpClient-1-8] DEBUG org.asynchttpclient.netty.handler.HttpHandler - 

Request DefaultHttpRequest(decodeResult: success, version: HTTP/1.1)
POST /session/c3aa3fcf09320f3793c832f62b1d83a9/element HTTP/1.1
User-Agent: selenium/4.4.0 (java windows)
Content-Length: 77
Content-Type: application/json; charset=utf-8
host: localhost:58191
accept: */*

Response DefaultHttpResponse(decodeResult: success, version: HTTP/1.1)
HTTP/1.1 200 OK
Content-Type: application/json; charset=utf-8
cache-control: no-cache
content-length: 95

11:15:02.717 [AsyncHttpClient-1-8] DEBUG org.asynchttpclient.netty.channel.ChannelManager - Adding key: http://localhost:58191 for channel [id: 0x03a68c1f, L:/127.0.0.1:52576 - R:localhost/127.0.0.1:58191]
11:15:02.718 [Forwarding isElementDisplayed on session c3aa3fcf09320f3793c832f62b1d83a9 to remote] DEBUG org.asynchttpclient.netty.request.NettyRequestSender - Using pooled Channel '[id: 0x03a68c1f, L:/127.0.0.1:52576 - R:localhost/127.0.0.1:58191]' for 'POST' to 'http://localhost:58191/session/c3aa3fcf09320f3793c832f62b1d83a9/execute/sync'
11:15:02.718 [Forwarding isElementDisplayed on session c3aa3fcf09320f3793c832f62b1d83a9 to remote] DEBUG org.asynchttpclient.netty.request.NettyRequestSender - Using open Channel [id: 0x03a68c1f, L:/127.0.0.1:52576 - R:localhost/127.0.0.1:58191] for POST '/session/c3aa3fcf09320f3793c832f62b1d83a9/execute/sync'
11:15:02.724 [AsyncHttpClient-1-8] DEBUG org.asynchttpclient.netty.handler.HttpHandler - 

Request DefaultHttpRequest(decodeResult: success, version: HTTP/1.1)
POST /session/c3aa3fcf09320f3793c832f62b1d83a9/execute/sync HTTP/1.1
User-Agent: selenium/4.4.0 (java windows)
Content-Length: 48787
Content-Type: application/json; charset=utf-8
host: localhost:58191
accept: */*

Response DefaultHttpResponse(decodeResult: success, version: HTTP/1.1)
HTTP/1.1 200 OK
Content-Type: application/json; charset=utf-8
cache-control: no-cache
content-length: 14

11:15:02.724 [AsyncHttpClient-1-8] DEBUG org.asynchttpclient.netty.channel.ChannelManager - Adding key: http://localhost:58191 for channel [id: 0x03a68c1f, L:/127.0.0.1:52576 - R:localhost/127.0.0.1:58191]
11:15:02.724 [Forwarding isElementEnabled on session c3aa3fcf09320f3793c832f62b1d83a9 to remote] DEBUG org.asynchttpclient.netty.request.NettyRequestSender - Using pooled Channel '[id: 0x03a68c1f, L:/127.0.0.1:52576 - R:localhost/127.0.0.1:58191]' for 'GET' to 'http://localhost:58191/session/c3aa3fcf09320f3793c832f62b1d83a9/element/0B6304C2ED5C0CF6E891278996F43BF8_element_35/enabled'
11:15:02.724 [Forwarding isElementEnabled on session c3aa3fcf09320f3793c832f62b1d83a9 to remote] DEBUG org.asynchttpclient.netty.request.NettyRequestSender - Using open Channel [id: 0x03a68c1f, L:/127.0.0.1:52576 - R:localhost/127.0.0.1:58191] for GET '/session/c3aa3fcf09320f3793c832f62b1d83a9/element/0B6304C2ED5C0CF6E891278996F43BF8_element_35/enabled'
11:15:02.728 [AsyncHttpClient-1-8] DEBUG org.asynchttpclient.netty.handler.HttpHandler - 

Request DefaultFullHttpRequest(decodeResult: success, version: HTTP/1.1, content: EmptyByteBufBE)
GET /session/c3aa3fcf09320f3793c832f62b1d83a9/element/0B6304C2ED5C0CF6E891278996F43BF8_element_35/enabled HTTP/1.1
User-Agent: selenium/4.4.0 (java windows)
Cache-Control: no-cache
Content-Type: application/json; charset=utf-8
host: localhost:58191
accept: */*

Response DefaultHttpResponse(decodeResult: success, version: HTTP/1.1)
HTTP/1.1 200 OK
Content-Type: application/json; charset=utf-8
cache-control: no-cache
content-length: 14

11:15:02.728 [AsyncHttpClient-1-8] DEBUG org.asynchttpclient.netty.channel.ChannelManager - Adding key: http://localhost:58191 for channel [id: 0x03a68c1f, L:/127.0.0.1:52576 - R:localhost/127.0.0.1:58191]
11:15:02.729 [Forwarding findElement on session c3aa3fcf09320f3793c832f62b1d83a9 to remote] DEBUG org.asynchttpclient.netty.request.NettyRequestSender - Using pooled Channel '[id: 0x03a68c1f, L:/127.0.0.1:52576 - R:localhost/127.0.0.1:58191]' for 'POST' to 'http://localhost:58191/session/c3aa3fcf09320f3793c832f62b1d83a9/element'
11:15:02.729 [Forwarding findElement on session c3aa3fcf09320f3793c832f62b1d83a9 to remote] DEBUG org.asynchttpclient.netty.request.NettyRequestSender - Using open Channel [id: 0x03a68c1f, L:/127.0.0.1:52576 - R:localhost/127.0.0.1:58191] for POST '/session/c3aa3fcf09320f3793c832f62b1d83a9/element'
11:15:02.734 [AsyncHttpClient-1-8] DEBUG org.asynchttpclient.netty.handler.HttpHandler - 

Request DefaultHttpRequest(decodeResult: success, version: HTTP/1.1)
POST /session/c3aa3fcf09320f3793c832f62b1d83a9/element HTTP/1.1
User-Agent: selenium/4.4.0 (java windows)
Content-Length: 77
Content-Type: application/json; charset=utf-8
host: localhost:58191
accept: */*

Response DefaultHttpResponse(decodeResult: success, version: HTTP/1.1)
HTTP/1.1 200 OK
Content-Type: application/json; charset=utf-8
cache-control: no-cache
content-length: 95

11:15:02.734 [AsyncHttpClient-1-8] DEBUG org.asynchttpclient.netty.channel.ChannelManager - Adding key: http://localhost:58191 for channel [id: 0x03a68c1f, L:/127.0.0.1:52576 - R:localhost/127.0.0.1:58191]
11:15:02.736 [Forwarding isElementDisplayed on session c3aa3fcf09320f3793c832f62b1d83a9 to remote] DEBUG org.asynchttpclient.netty.request.NettyRequestSender - Using pooled Channel '[id: 0x03a68c1f, L:/127.0.0.1:52576 - R:localhost/127.0.0.1:58191]' for 'POST' to 'http://localhost:58191/session/c3aa3fcf09320f3793c832f62b1d83a9/execute/sync'
11:15:02.736 [Forwarding isElementDisplayed on session c3aa3fcf09320f3793c832f62b1d83a9 to remote] DEBUG org.asynchttpclient.netty.request.NettyRequestSender - Using open Channel [id: 0x03a68c1f, L:/127.0.0.1:52576 - R:localhost/127.0.0.1:58191] for POST '/session/c3aa3fcf09320f3793c832f62b1d83a9/execute/sync'
11:15:02.742 [AsyncHttpClient-1-8] DEBUG org.asynchttpclient.netty.handler.HttpHandler - 

Request DefaultHttpRequest(decodeResult: success, version: HTTP/1.1)
POST /session/c3aa3fcf09320f3793c832f62b1d83a9/execute/sync HTTP/1.1
User-Agent: selenium/4.4.0 (java windows)
Content-Length: 48787
Content-Type: application/json; charset=utf-8
host: localhost:58191
accept: */*

Response DefaultHttpResponse(decodeResult: success, version: HTTP/1.1)
HTTP/1.1 200 OK
Content-Type: application/json; charset=utf-8
cache-control: no-cache
content-length: 14

11:15:02.742 [AsyncHttpClient-1-8] DEBUG org.asynchttpclient.netty.channel.ChannelManager - Adding key: http://localhost:58191 for channel [id: 0x03a68c1f, L:/127.0.0.1:52576 - R:localhost/127.0.0.1:58191]
11:15:02.743 [Forwarding findElement on session c3aa3fcf09320f3793c832f62b1d83a9 to remote] DEBUG org.asynchttpclient.netty.request.NettyRequestSender - Using pooled Channel '[id: 0x03a68c1f, L:/127.0.0.1:52576 - R:localhost/127.0.0.1:58191]' for 'POST' to 'http://localhost:58191/session/c3aa3fcf09320f3793c832f62b1d83a9/element'
11:15:02.743 [Forwarding findElement on session c3aa3fcf09320f3793c832f62b1d83a9 to remote] DEBUG org.asynchttpclient.netty.request.NettyRequestSender - Using open Channel [id: 0x03a68c1f, L:/127.0.0.1:52576 - R:localhost/127.0.0.1:58191] for POST '/session/c3aa3fcf09320f3793c832f62b1d83a9/element'
11:15:02.748 [AsyncHttpClient-1-8] DEBUG org.asynchttpclient.netty.handler.HttpHandler - 

Request DefaultHttpRequest(decodeResult: success, version: HTTP/1.1)
POST /session/c3aa3fcf09320f3793c832f62b1d83a9/element HTTP/1.1
User-Agent: selenium/4.4.0 (java windows)
Content-Length: 77
Content-Type: application/json; charset=utf-8
host: localhost:58191
accept: */*

Response DefaultHttpResponse(decodeResult: success, version: HTTP/1.1)
HTTP/1.1 200 OK
Content-Type: application/json; charset=utf-8
cache-control: no-cache
content-length: 95

11:15:02.748 [AsyncHttpClient-1-8] DEBUG org.asynchttpclient.netty.channel.ChannelManager - Adding key: http://localhost:58191 for channel [id: 0x03a68c1f, L:/127.0.0.1:52576 - R:localhost/127.0.0.1:58191]
11:15:02.750 [Forwarding isElementDisplayed on session c3aa3fcf09320f3793c832f62b1d83a9 to remote] DEBUG org.asynchttpclient.netty.request.NettyRequestSender - Using pooled Channel '[id: 0x03a68c1f, L:/127.0.0.1:52576 - R:localhost/127.0.0.1:58191]' for 'POST' to 'http://localhost:58191/session/c3aa3fcf09320f3793c832f62b1d83a9/execute/sync'
11:15:02.750 [Forwarding isElementDisplayed on session c3aa3fcf09320f3793c832f62b1d83a9 to remote] DEBUG org.asynchttpclient.netty.request.NettyRequestSender - Using open Channel [id: 0x03a68c1f, L:/127.0.0.1:52576 - R:localhost/127.0.0.1:58191] for POST '/session/c3aa3fcf09320f3793c832f62b1d83a9/execute/sync'
11:15:02.755 [AsyncHttpClient-1-8] DEBUG org.asynchttpclient.netty.handler.HttpHandler - 

Request DefaultHttpRequest(decodeResult: success, version: HTTP/1.1)
POST /session/c3aa3fcf09320f3793c832f62b1d83a9/execute/sync HTTP/1.1
User-Agent: selenium/4.4.0 (java windows)
Content-Length: 48787
Content-Type: application/json; charset=utf-8
host: localhost:58191
accept: */*

Response DefaultHttpResponse(decodeResult: success, version: HTTP/1.1)
HTTP/1.1 200 OK
Content-Type: application/json; charset=utf-8
cache-control: no-cache
content-length: 14

11:15:02.755 [AsyncHttpClient-1-8] DEBUG org.asynchttpclient.netty.channel.ChannelManager - Adding key: http://localhost:58191 for channel [id: 0x03a68c1f, L:/127.0.0.1:52576 - R:localhost/127.0.0.1:58191]
11:15:02.945 [AsyncHttpClient-1-1] DEBUG org.asynchttpclient.netty.channel.DefaultChannelPool - Entry count for : http://localhost:58191 : 1
11:15:02.945 [AsyncHttpClient-1-1] DEBUG org.asynchttpclient.netty.channel.DefaultChannelPool - Entry count for : http://localhost:52577 : 1
11:15:03.769 [Forwarding screenshot on session c3aa3fcf09320f3793c832f62b1d83a9 to remote] DEBUG org.asynchttpclient.netty.request.NettyRequestSender - Using pooled Channel '[id: 0x03a68c1f, L:/127.0.0.1:52576 - R:localhost/127.0.0.1:58191]' for 'GET' to 'http://localhost:58191/session/c3aa3fcf09320f3793c832f62b1d83a9/screenshot'
11:15:03.769 [Forwarding screenshot on session c3aa3fcf09320f3793c832f62b1d83a9 to remote] DEBUG org.asynchttpclient.netty.request.NettyRequestSender - Using open Channel [id: 0x03a68c1f, L:/127.0.0.1:52576 - R:localhost/127.0.0.1:58191] for GET '/session/c3aa3fcf09320f3793c832f62b1d83a9/screenshot'
11:15:03.914 [AsyncHttpClient-1-8] DEBUG org.asynchttpclient.netty.handler.HttpHandler - 

Request DefaultFullHttpRequest(decodeResult: success, version: HTTP/1.1, content: EmptyByteBufBE)
GET /session/c3aa3fcf09320f3793c832f62b1d83a9/screenshot HTTP/1.1
User-Agent: selenium/4.4.0 (java windows)
Cache-Control: no-cache
Content-Type: application/json; charset=utf-8
host: localhost:58191
accept: */*

Response DefaultHttpResponse(decodeResult: success, version: HTTP/1.1)
HTTP/1.1 200 OK
Content-Type: application/json; charset=utf-8
cache-control: no-cache
content-length: 454716

11:15:03.914 [AsyncHttpClient-1-8] DEBUG org.asynchttpclient.netty.channel.ChannelManager - Adding key: http://localhost:58191 for channel [id: 0x03a68c1f, L:/127.0.0.1:52576 - R:localhost/127.0.0.1:58191]
11:15:03.927 [Forwarding findElement on session c3aa3fcf09320f3793c832f62b1d83a9 to remote] DEBUG org.asynchttpclient.netty.request.NettyRequestSender - Using pooled Channel '[id: 0x03a68c1f, L:/127.0.0.1:52576 - R:localhost/127.0.0.1:58191]' for 'POST' to 'http://localhost:58191/session/c3aa3fcf09320f3793c832f62b1d83a9/element'
11:15:03.927 [Forwarding findElement on session c3aa3fcf09320f3793c832f62b1d83a9 to remote] DEBUG org.asynchttpclient.netty.request.NettyRequestSender - Using open Channel [id: 0x03a68c1f, L:/127.0.0.1:52576 - R:localhost/127.0.0.1:58191] for POST '/session/c3aa3fcf09320f3793c832f62b1d83a9/element'
11:15:03.933 [AsyncHttpClient-1-8] DEBUG org.asynchttpclient.netty.handler.HttpHandler - 

Request DefaultHttpRequest(decodeResult: success, version: HTTP/1.1)
POST /session/c3aa3fcf09320f3793c832f62b1d83a9/element HTTP/1.1
User-Agent: selenium/4.4.0 (java windows)
Content-Length: 77
Content-Type: application/json; charset=utf-8
host: localhost:58191
accept: */*

Response DefaultHttpResponse(decodeResult: success, version: HTTP/1.1)
HTTP/1.1 200 OK
Content-Type: application/json; charset=utf-8
cache-control: no-cache
content-length: 95

11:15:03.934 [AsyncHttpClient-1-8] DEBUG org.asynchttpclient.netty.channel.ChannelManager - Adding key: http://localhost:58191 for channel [id: 0x03a68c1f, L:/127.0.0.1:52576 - R:localhost/127.0.0.1:58191]
11:15:03.935 [Forwarding isElementDisplayed on session c3aa3fcf09320f3793c832f62b1d83a9 to remote] DEBUG org.asynchttpclient.netty.request.NettyRequestSender - Using pooled Channel '[id: 0x03a68c1f, L:/127.0.0.1:52576 - R:localhost/127.0.0.1:58191]' for 'POST' to 'http://localhost:58191/session/c3aa3fcf09320f3793c832f62b1d83a9/execute/sync'
11:15:03.935 [Forwarding isElementDisplayed on session c3aa3fcf09320f3793c832f62b1d83a9 to remote] DEBUG org.asynchttpclient.netty.request.NettyRequestSender - Using open Channel [id: 0x03a68c1f, L:/127.0.0.1:52576 - R:localhost/127.0.0.1:58191] for POST '/session/c3aa3fcf09320f3793c832f62b1d83a9/execute/sync'
11:15:03.941 [AsyncHttpClient-1-8] DEBUG org.asynchttpclient.netty.handler.HttpHandler - 

Request DefaultHttpRequest(decodeResult: success, version: HTTP/1.1)
POST /session/c3aa3fcf09320f3793c832f62b1d83a9/execute/sync HTTP/1.1
User-Agent: selenium/4.4.0 (java windows)
Content-Length: 48787
Content-Type: application/json; charset=utf-8
host: localhost:58191
accept: */*

Response DefaultHttpResponse(decodeResult: success, version: HTTP/1.1)
HTTP/1.1 200 OK
Content-Type: application/json; charset=utf-8
cache-control: no-cache
content-length: 14

11:15:03.941 [AsyncHttpClient-1-8] DEBUG org.asynchttpclient.netty.channel.ChannelManager - Adding key: http://localhost:58191 for channel [id: 0x03a68c1f, L:/127.0.0.1:52576 - R:localhost/127.0.0.1:58191]
11:15:03.942 [Forwarding clickElement on session c3aa3fcf09320f3793c832f62b1d83a9 to remote] DEBUG org.asynchttpclient.netty.request.NettyRequestSender - Using pooled Channel '[id: 0x03a68c1f, L:/127.0.0.1:52576 - R:localhost/127.0.0.1:58191]' for 'POST' to 'http://localhost:58191/session/c3aa3fcf09320f3793c832f62b1d83a9/element/0B6304C2ED5C0CF6E891278996F43BF8_element_35/click'
11:15:03.942 [Forwarding clickElement on session c3aa3fcf09320f3793c832f62b1d83a9 to remote] DEBUG org.asynchttpclient.netty.request.NettyRequestSender - Using open Channel [id: 0x03a68c1f, L:/127.0.0.1:52576 - R:localhost/127.0.0.1:58191] for POST '/session/c3aa3fcf09320f3793c832f62b1d83a9/element/0B6304C2ED5C0CF6E891278996F43BF8_element_35/click'
11:15:03.977 [AsyncHttpClient-1-8] DEBUG org.asynchttpclient.netty.handler.HttpHandler - 

Request DefaultHttpRequest(decodeResult: success, version: HTTP/1.1)
POST /session/c3aa3fcf09320f3793c832f62b1d83a9/element/0B6304C2ED5C0CF6E891278996F43BF8_element_35/click HTTP/1.1
User-Agent: selenium/4.4.0 (java windows)
Content-Length: 57
Content-Type: application/json; charset=utf-8
host: localhost:58191
accept: */*

Response DefaultHttpResponse(decodeResult: success, version: HTTP/1.1)
HTTP/1.1 200 OK
Content-Type: application/json; charset=utf-8
cache-control: no-cache
content-length: 14

11:15:03.977 [AsyncHttpClient-1-8] DEBUG org.asynchttpclient.netty.channel.ChannelManager - Adding key: http://localhost:58191 for channel [id: 0x03a68c1f, L:/127.0.0.1:52576 - R:localhost/127.0.0.1:58191]
11:15:03.982 [Forwarding getCurrentWindowHandle on session c3aa3fcf09320f3793c832f62b1d83a9 to remote] DEBUG org.asynchttpclient.netty.request.NettyRequestSender - Using pooled Channel '[id: 0x03a68c1f, L:/127.0.0.1:52576 - R:localhost/127.0.0.1:58191]' for 'GET' to 'http://localhost:58191/session/c3aa3fcf09320f3793c832f62b1d83a9/window'
11:15:03.982 [Forwarding getCurrentWindowHandle on session c3aa3fcf09320f3793c832f62b1d83a9 to remote] DEBUG org.asynchttpclient.netty.request.NettyRequestSender - Using open Channel [id: 0x03a68c1f, L:/127.0.0.1:52576 - R:localhost/127.0.0.1:58191] for GET '/session/c3aa3fcf09320f3793c832f62b1d83a9/window'
11:15:03.983 [AsyncHttpClient-1-8] DEBUG org.asynchttpclient.netty.handler.HttpHandler - 

Request DefaultFullHttpRequest(decodeResult: success, version: HTTP/1.1, content: EmptyByteBufBE)
GET /session/c3aa3fcf09320f3793c832f62b1d83a9/window HTTP/1.1
User-Agent: selenium/4.4.0 (java windows)
Cache-Control: no-cache
Content-Type: application/json; charset=utf-8
host: localhost:58191
accept: */*

Response DefaultHttpResponse(decodeResult: success, version: HTTP/1.1)
HTTP/1.1 200 OK
Content-Type: application/json; charset=utf-8
cache-control: no-cache
content-length: 44

11:15:03.983 [AsyncHttpClient-1-8] DEBUG org.asynchttpclient.netty.channel.ChannelManager - Adding key: http://localhost:58191 for channel [id: 0x03a68c1f, L:/127.0.0.1:52576 - R:localhost/127.0.0.1:58191]
11:15:03.984 [Forwarding getAlertText on session c3aa3fcf09320f3793c832f62b1d83a9 to remote] DEBUG org.asynchttpclient.netty.request.NettyRequestSender - Using pooled Channel '[id: 0x03a68c1f, L:/127.0.0.1:52576 - R:localhost/127.0.0.1:58191]' for 'GET' to 'http://localhost:58191/session/c3aa3fcf09320f3793c832f62b1d83a9/alert/text'
11:15:03.984 [Forwarding getAlertText on session c3aa3fcf09320f3793c832f62b1d83a9 to remote] DEBUG org.asynchttpclient.netty.request.NettyRequestSender - Using open Channel [id: 0x03a68c1f, L:/127.0.0.1:52576 - R:localhost/127.0.0.1:58191] for GET '/session/c3aa3fcf09320f3793c832f62b1d83a9/alert/text'
11:15:03.985 [AsyncHttpClient-1-8] DEBUG org.asynchttpclient.netty.handler.HttpHandler - 

Request DefaultFullHttpRequest(decodeResult: success, version: HTTP/1.1, content: EmptyByteBufBE)
GET /session/c3aa3fcf09320f3793c832f62b1d83a9/alert/text HTTP/1.1
User-Agent: selenium/4.4.0 (java windows)
Cache-Control: no-cache
Content-Type: application/json; charset=utf-8
host: localhost:58191
accept: */*

Response DefaultHttpResponse(decodeResult: success, version: HTTP/1.1)
HTTP/1.1 404 Not Found
Content-Type: application/json; charset=utf-8
cache-control: no-cache
content-length: 848

11:15:03.985 [AsyncHttpClient-1-8] DEBUG org.asynchttpclient.netty.channel.ChannelManager - Adding key: http://localhost:58191 for channel [id: 0x03a68c1f, L:/127.0.0.1:52576 - R:localhost/127.0.0.1:58191]
11:15:03.987 [Forwarding switchToWindow on session c3aa3fcf09320f3793c832f62b1d83a9 to remote] DEBUG org.asynchttpclient.netty.request.NettyRequestSender - Using pooled Channel '[id: 0x03a68c1f, L:/127.0.0.1:52576 - R:localhost/127.0.0.1:58191]' for 'POST' to 'http://localhost:58191/session/c3aa3fcf09320f3793c832f62b1d83a9/window'
11:15:03.987 [Forwarding switchToWindow on session c3aa3fcf09320f3793c832f62b1d83a9 to remote] DEBUG org.asynchttpclient.netty.request.NettyRequestSender - Using open Channel [id: 0x03a68c1f, L:/127.0.0.1:52576 - R:localhost/127.0.0.1:58191] for POST '/session/c3aa3fcf09320f3793c832f62b1d83a9/window'
11:15:03.988 [AsyncHttpClient-1-8] DEBUG org.asynchttpclient.netty.handler.HttpHandler - 

Request DefaultHttpRequest(decodeResult: success, version: HTTP/1.1)
POST /session/c3aa3fcf09320f3793c832f62b1d83a9/window HTTP/1.1
User-Agent: selenium/4.4.0 (java windows)
Content-Length: 50
Content-Type: application/json; charset=utf-8
host: localhost:58191
accept: */*

Response DefaultHttpResponse(decodeResult: success, version: HTTP/1.1)
HTTP/1.1 200 OK
Content-Type: application/json; charset=utf-8
cache-control: no-cache
content-length: 14

11:15:03.988 [AsyncHttpClient-1-8] DEBUG org.asynchttpclient.netty.channel.ChannelManager - Adding key: http://localhost:58191 for channel [id: 0x03a68c1f, L:/127.0.0.1:52576 - R:localhost/127.0.0.1:58191]
11:15:03.989 [Forwarding getCurrentUrl on session c3aa3fcf09320f3793c832f62b1d83a9 to remote] DEBUG org.asynchttpclient.netty.request.NettyRequestSender - Using pooled Channel '[id: 0x03a68c1f, L:/127.0.0.1:52576 - R:localhost/127.0.0.1:58191]' for 'GET' to 'http://localhost:58191/session/c3aa3fcf09320f3793c832f62b1d83a9/url'
11:15:03.989 [Forwarding getCurrentUrl on session c3aa3fcf09320f3793c832f62b1d83a9 to remote] DEBUG org.asynchttpclient.netty.request.NettyRequestSender - Using open Channel [id: 0x03a68c1f, L:/127.0.0.1:52576 - R:localhost/127.0.0.1:58191] for GET '/session/c3aa3fcf09320f3793c832f62b1d83a9/url'
11:15:03.992 [AsyncHttpClient-1-8] DEBUG org.asynchttpclient.netty.handler.HttpHandler - 

Request DefaultFullHttpRequest(decodeResult: success, version: HTTP/1.1, content: EmptyByteBufBE)
GET /session/c3aa3fcf09320f3793c832f62b1d83a9/url HTTP/1.1
User-Agent: selenium/4.4.0 (java windows)
Cache-Control: no-cache
Content-Type: application/json; charset=utf-8
host: localhost:58191
accept: */*

Response DefaultHttpResponse(decodeResult: success, version: HTTP/1.1)
HTTP/1.1 200 OK
Content-Type: application/json; charset=utf-8
cache-control: no-cache
content-length: 48

11:15:03.992 [AsyncHttpClient-1-8] DEBUG org.asynchttpclient.netty.channel.ChannelManager - Adding key: http://localhost:58191 for channel [id: 0x03a68c1f, L:/127.0.0.1:52576 - R:localhost/127.0.0.1:58191]
11:15:03.993 [Forwarding screenshot on session c3aa3fcf09320f3793c832f62b1d83a9 to remote] DEBUG org.asynchttpclient.netty.request.NettyRequestSender - Using pooled Channel '[id: 0x03a68c1f, L:/127.0.0.1:52576 - R:localhost/127.0.0.1:58191]' for 'GET' to 'http://localhost:58191/session/c3aa3fcf09320f3793c832f62b1d83a9/screenshot'
11:15:03.993 [Forwarding screenshot on session c3aa3fcf09320f3793c832f62b1d83a9 to remote] DEBUG org.asynchttpclient.netty.request.NettyRequestSender - Using open Channel [id: 0x03a68c1f, L:/127.0.0.1:52576 - R:localhost/127.0.0.1:58191] for GET '/session/c3aa3fcf09320f3793c832f62b1d83a9/screenshot'
11:15:04.047 [AsyncHttpClient-1-1] DEBUG org.asynchttpclient.netty.channel.DefaultChannelPool - Entry count for : http://localhost:52577 : 1
11:15:04.168 [AsyncHttpClient-1-8] DEBUG org.asynchttpclient.netty.handler.HttpHandler - 

Request DefaultFullHttpRequest(decodeResult: success, version: HTTP/1.1, content: EmptyByteBufBE)
GET /session/c3aa3fcf09320f3793c832f62b1d83a9/screenshot HTTP/1.1
User-Agent: selenium/4.4.0 (java windows)
Cache-Control: no-cache
Content-Type: application/json; charset=utf-8
host: localhost:58191
accept: */*

Response DefaultHttpResponse(decodeResult: success, version: HTTP/1.1)
HTTP/1.1 200 OK
Content-Type: application/json; charset=utf-8
cache-control: no-cache
content-length: 410352

11:15:04.169 [AsyncHttpClient-1-8] DEBUG org.asynchttpclient.netty.channel.ChannelManager - Adding key: http://localhost:58191 for channel [id: 0x03a68c1f, L:/127.0.0.1:52576 - R:localhost/127.0.0.1:58191]
11:15:04.174 [main] DEBUG net.serenitybdd.core.photography.Darkroom - Send negative for processing for target\site\serenity\052214604ad568dbcc3c34b054b4b3de8564d6e839e2906c4fd282906a363ea7.png
11:15:04.175 [main] DEBUG net.thucydides.core.steps.StepInterceptor - STEP DONE: Navega a la pestaña login
  &amp#27;[32mAnd &amp#27;[0m&amp#27;[32mel usuario se direge a la pestaña login&amp#27;[0m                                                                &amp#27;[90m# Step.ComprarDispositivosElectronicosStep.el_usuario_se_direge_a_la_pestaña_login()&amp#27;[0m
11:15:04.175 [Darkroom Processing Line] DEBUG net.serenitybdd.core.photography.DarkroomProcessingLine - Processing screenshot image in /var/screenshots/screenshot-17070708194168325772
11:15:04.175 [Darkroom Processing Line] DEBUG net.serenitybdd.core.photography.DarkroomProcessingLine - Saving screenshot to target\site\serenity\052214604ad568dbcc3c34b054b4b3de8564d6e839e2906c4fd282906a363ea7.png
11:15:04.182 [main] DEBUG net.thucydides.core.steps.StepInterceptor - STARTING STEP: ComprarDispositivosElectronicosStep.el_usuario_se_logea_correctamente - el usuario escribe su usuario {usuario}, su password {password} y pulsa el boton Login
11:15:04.183 [Forwarding findElement on session c3aa3fcf09320f3793c832f62b1d83a9 to remote] DEBUG org.asynchttpclient.netty.request.NettyRequestSender - Using pooled Channel '[id: 0x03a68c1f, L:/127.0.0.1:52576 - R:localhost/127.0.0.1:58191]' for 'POST' to 'http://localhost:58191/session/c3aa3fcf09320f3793c832f62b1d83a9/element'
11:15:04.183 [Forwarding findElement on session c3aa3fcf09320f3793c832f62b1d83a9 to remote] DEBUG org.asynchttpclient.netty.request.NettyRequestSender - Using open Channel [id: 0x03a68c1f, L:/127.0.0.1:52576 - R:localhost/127.0.0.1:58191] for POST '/session/c3aa3fcf09320f3793c832f62b1d83a9/element'
11:15:04.192 [AsyncHttpClient-1-8] DEBUG org.asynchttpclient.netty.handler.HttpHandler - 

Request DefaultHttpRequest(decodeResult: success, version: HTTP/1.1)
POST /session/c3aa3fcf09320f3793c832f62b1d83a9/element HTTP/1.1
User-Agent: selenium/4.4.0 (java windows)
Content-Length: 75
Content-Type: application/json; charset=utf-8
host: localhost:58191
accept: */*

Response DefaultHttpResponse(decodeResult: success, version: HTTP/1.1)
HTTP/1.1 200 OK
Content-Type: application/json; charset=utf-8
cache-control: no-cache
content-length: 95

11:15:04.193 [AsyncHttpClient-1-8] DEBUG org.asynchttpclient.netty.channel.ChannelManager - Adding key: http://localhost:58191 for channel [id: 0x03a68c1f, L:/127.0.0.1:52576 - R:localhost/127.0.0.1:58191]
11:15:04.195 [Forwarding isElementDisplayed on session c3aa3fcf09320f3793c832f62b1d83a9 to remote] DEBUG org.asynchttpclient.netty.request.NettyRequestSender - Using pooled Channel '[id: 0x03a68c1f, L:/127.0.0.1:52576 - R:localhost/127.0.0.1:58191]' for 'POST' to 'http://localhost:58191/session/c3aa3fcf09320f3793c832f62b1d83a9/execute/sync'
11:15:04.195 [Forwarding isElementDisplayed on session c3aa3fcf09320f3793c832f62b1d83a9 to remote] DEBUG org.asynchttpclient.netty.request.NettyRequestSender - Using open Channel [id: 0x03a68c1f, L:/127.0.0.1:52576 - R:localhost/127.0.0.1:58191] for POST '/session/c3aa3fcf09320f3793c832f62b1d83a9/execute/sync'
11:15:04.202 [AsyncHttpClient-1-8] DEBUG org.asynchttpclient.netty.handler.HttpHandler - 

Request DefaultHttpRequest(decodeResult: success, version: HTTP/1.1)
POST /session/c3aa3fcf09320f3793c832f62b1d83a9/execute/sync HTTP/1.1
User-Agent: selenium/4.4.0 (java windows)
Content-Length: 48787
Content-Type: application/json; charset=utf-8
host: localhost:58191
accept: */*

Response DefaultHttpResponse(decodeResult: success, version: HTTP/1.1)
HTTP/1.1 200 OK
Content-Type: application/json; charset=utf-8
cache-control: no-cache
content-length: 14

11:15:04.203 [AsyncHttpClient-1-8] DEBUG org.asynchttpclient.netty.channel.ChannelManager - Adding key: http://localhost:58191 for channel [id: 0x03a68c1f, L:/127.0.0.1:52576 - R:localhost/127.0.0.1:58191]
11:15:04.205 [Forwarding isElementDisplayed on session c3aa3fcf09320f3793c832f62b1d83a9 to remote] DEBUG org.asynchttpclient.netty.request.NettyRequestSender - Using pooled Channel '[id: 0x03a68c1f, L:/127.0.0.1:52576 - R:localhost/127.0.0.1:58191]' for 'POST' to 'http://localhost:58191/session/c3aa3fcf09320f3793c832f62b1d83a9/execute/sync'
11:15:04.205 [Forwarding isElementDisplayed on session c3aa3fcf09320f3793c832f62b1d83a9 to remote] DEBUG org.asynchttpclient.netty.request.NettyRequestSender - Using open Channel [id: 0x03a68c1f, L:/127.0.0.1:52576 - R:localhost/127.0.0.1:58191] for POST '/session/c3aa3fcf09320f3793c832f62b1d83a9/execute/sync'
11:15:04.211 [AsyncHttpClient-1-8] DEBUG org.asynchttpclient.netty.handler.HttpHandler - 

Request DefaultHttpRequest(decodeResult: success, version: HTTP/1.1)
POST /session/c3aa3fcf09320f3793c832f62b1d83a9/execute/sync HTTP/1.1
User-Agent: selenium/4.4.0 (java windows)
Content-Length: 48787
Content-Type: application/json; charset=utf-8
host: localhost:58191
accept: */*

Response DefaultHttpResponse(decodeResult: success, version: HTTP/1.1)
HTTP/1.1 200 OK
Content-Type: application/json; charset=utf-8
cache-control: no-cache
content-length: 14

11:15:04.212 [AsyncHttpClient-1-8] DEBUG org.asynchttpclient.netty.channel.ChannelManager - Adding key: http://localhost:58191 for channel [id: 0x03a68c1f, L:/127.0.0.1:52576 - R:localhost/127.0.0.1:58191]
11:15:04.214 [Forwarding findElement on session c3aa3fcf09320f3793c832f62b1d83a9 to remote] DEBUG org.asynchttpclient.netty.request.NettyRequestSender - Using pooled Channel '[id: 0x03a68c1f, L:/127.0.0.1:52576 - R:localhost/127.0.0.1:58191]' for 'POST' to 'http://localhost:58191/session/c3aa3fcf09320f3793c832f62b1d83a9/element'
11:15:04.214 [Forwarding findElement on session c3aa3fcf09320f3793c832f62b1d83a9 to remote] DEBUG org.asynchttpclient.netty.request.NettyRequestSender - Using open Channel [id: 0x03a68c1f, L:/127.0.0.1:52576 - R:localhost/127.0.0.1:58191] for POST '/session/c3aa3fcf09320f3793c832f62b1d83a9/element'
11:15:04.219 [AsyncHttpClient-1-8] DEBUG org.asynchttpclient.netty.handler.HttpHandler - 

Request DefaultHttpRequest(decodeResult: success, version: HTTP/1.1)
POST /session/c3aa3fcf09320f3793c832f62b1d83a9/element HTTP/1.1
User-Agent: selenium/4.4.0 (java windows)
Content-Length: 75
Content-Type: application/json; charset=utf-8
host: localhost:58191
accept: */*

Response DefaultHttpResponse(decodeResult: success, version: HTTP/1.1)
HTTP/1.1 200 OK
Content-Type: application/json; charset=utf-8
cache-control: no-cache
content-length: 95

11:15:04.220 [AsyncHttpClient-1-8] DEBUG org.asynchttpclient.netty.channel.ChannelManager - Adding key: http://localhost:58191 for channel [id: 0x03a68c1f, L:/127.0.0.1:52576 - R:localhost/127.0.0.1:58191]
11:15:04.222 [Forwarding isElementDisplayed on session c3aa3fcf09320f3793c832f62b1d83a9 to remote] DEBUG org.asynchttpclient.netty.request.NettyRequestSender - Using pooled Channel '[id: 0x03a68c1f, L:/127.0.0.1:52576 - R:localhost/127.0.0.1:58191]' for 'POST' to 'http://localhost:58191/session/c3aa3fcf09320f3793c832f62b1d83a9/execute/sync'
11:15:04.222 [Forwarding isElementDisplayed on session c3aa3fcf09320f3793c832f62b1d83a9 to remote] DEBUG org.asynchttpclient.netty.request.NettyRequestSender - Using open Channel [id: 0x03a68c1f, L:/127.0.0.1:52576 - R:localhost/127.0.0.1:58191] for POST '/session/c3aa3fcf09320f3793c832f62b1d83a9/execute/sync'
11:15:04.228 [AsyncHttpClient-1-8] DEBUG org.asynchttpclient.netty.handler.HttpHandler - 

Request DefaultHttpRequest(decodeResult: success, version: HTTP/1.1)
POST /session/c3aa3fcf09320f3793c832f62b1d83a9/execute/sync HTTP/1.1
User-Agent: selenium/4.4.0 (java windows)
Content-Length: 48787
Content-Type: application/json; charset=utf-8
host: localhost:58191
accept: */*

Response DefaultHttpResponse(decodeResult: success, version: HTTP/1.1)
HTTP/1.1 200 OK
Content-Type: application/json; charset=utf-8
cache-control: no-cache
content-length: 14

11:15:04.228 [AsyncHttpClient-1-8] DEBUG org.asynchttpclient.netty.channel.ChannelManager - Adding key: http://localhost:58191 for channel [id: 0x03a68c1f, L:/127.0.0.1:52576 - R:localhost/127.0.0.1:58191]
11:15:04.229 [Forwarding isElementEnabled on session c3aa3fcf09320f3793c832f62b1d83a9 to remote] DEBUG org.asynchttpclient.netty.request.NettyRequestSender - Using pooled Channel '[id: 0x03a68c1f, L:/127.0.0.1:52576 - R:localhost/127.0.0.1:58191]' for 'GET' to 'http://localhost:58191/session/c3aa3fcf09320f3793c832f62b1d83a9/element/0B6304C2ED5C0CF6E891278996F43BF8_element_37/enabled'
11:15:04.229 [Forwarding isElementEnabled on session c3aa3fcf09320f3793c832f62b1d83a9 to remote] DEBUG org.asynchttpclient.netty.request.NettyRequestSender - Using open Channel [id: 0x03a68c1f, L:/127.0.0.1:52576 - R:localhost/127.0.0.1:58191] for GET '/session/c3aa3fcf09320f3793c832f62b1d83a9/element/0B6304C2ED5C0CF6E891278996F43BF8_element_37/enabled'
11:15:04.235 [AsyncHttpClient-1-8] DEBUG org.asynchttpclient.netty.handler.HttpHandler - 

Request DefaultFullHttpRequest(decodeResult: success, version: HTTP/1.1, content: EmptyByteBufBE)
GET /session/c3aa3fcf09320f3793c832f62b1d83a9/element/0B6304C2ED5C0CF6E891278996F43BF8_element_37/enabled HTTP/1.1
User-Agent: selenium/4.4.0 (java windows)
Cache-Control: no-cache
Content-Type: application/json; charset=utf-8
host: localhost:58191
accept: */*

Response DefaultHttpResponse(decodeResult: success, version: HTTP/1.1)
HTTP/1.1 200 OK
Content-Type: application/json; charset=utf-8
cache-control: no-cache
content-length: 14

11:15:04.235 [AsyncHttpClient-1-8] DEBUG org.asynchttpclient.netty.channel.ChannelManager - Adding key: http://localhost:58191 for channel [id: 0x03a68c1f, L:/127.0.0.1:52576 - R:localhost/127.0.0.1:58191]
11:15:04.236 [Forwarding findElement on session c3aa3fcf09320f3793c832f62b1d83a9 to remote] DEBUG org.asynchttpclient.netty.request.NettyRequestSender - Using pooled Channel '[id: 0x03a68c1f, L:/127.0.0.1:52576 - R:localhost/127.0.0.1:58191]' for 'POST' to 'http://localhost:58191/session/c3aa3fcf09320f3793c832f62b1d83a9/element'
11:15:04.236 [Forwarding findElement on session c3aa3fcf09320f3793c832f62b1d83a9 to remote] DEBUG org.asynchttpclient.netty.request.NettyRequestSender - Using open Channel [id: 0x03a68c1f, L:/127.0.0.1:52576 - R:localhost/127.0.0.1:58191] for POST '/session/c3aa3fcf09320f3793c832f62b1d83a9/element'
11:15:04.241 [AsyncHttpClient-1-8] DEBUG org.asynchttpclient.netty.handler.HttpHandler - 

Request DefaultHttpRequest(decodeResult: success, version: HTTP/1.1)
POST /session/c3aa3fcf09320f3793c832f62b1d83a9/element HTTP/1.1
User-Agent: selenium/4.4.0 (java windows)
Content-Length: 75
Content-Type: application/json; charset=utf-8
host: localhost:58191
accept: */*

Response DefaultHttpResponse(decodeResult: success, version: HTTP/1.1)
HTTP/1.1 200 OK
Content-Type: application/json; charset=utf-8
cache-control: no-cache
content-length: 95

11:15:04.241 [AsyncHttpClient-1-8] DEBUG org.asynchttpclient.netty.channel.ChannelManager - Adding key: http://localhost:58191 for channel [id: 0x03a68c1f, L:/127.0.0.1:52576 - R:localhost/127.0.0.1:58191]
11:15:04.243 [Forwarding isElementDisplayed on session c3aa3fcf09320f3793c832f62b1d83a9 to remote] DEBUG org.asynchttpclient.netty.request.NettyRequestSender - Using pooled Channel '[id: 0x03a68c1f, L:/127.0.0.1:52576 - R:localhost/127.0.0.1:58191]' for 'POST' to 'http://localhost:58191/session/c3aa3fcf09320f3793c832f62b1d83a9/execute/sync'
11:15:04.243 [Forwarding isElementDisplayed on session c3aa3fcf09320f3793c832f62b1d83a9 to remote] DEBUG org.asynchttpclient.netty.request.NettyRequestSender - Using open Channel [id: 0x03a68c1f, L:/127.0.0.1:52576 - R:localhost/127.0.0.1:58191] for POST '/session/c3aa3fcf09320f3793c832f62b1d83a9/execute/sync'
11:15:04.250 [AsyncHttpClient-1-8] DEBUG org.asynchttpclient.netty.handler.HttpHandler - 

Request DefaultHttpRequest(decodeResult: success, version: HTTP/1.1)
POST /session/c3aa3fcf09320f3793c832f62b1d83a9/execute/sync HTTP/1.1
User-Agent: selenium/4.4.0 (java windows)
Content-Length: 48787
Content-Type: application/json; charset=utf-8
host: localhost:58191
accept: */*

Response DefaultHttpResponse(decodeResult: success, version: HTTP/1.1)
HTTP/1.1 200 OK
Content-Type: application/json; charset=utf-8
cache-control: no-cache
content-length: 14

11:15:04.250 [AsyncHttpClient-1-8] DEBUG org.asynchttpclient.netty.channel.ChannelManager - Adding key: http://localhost:58191 for channel [id: 0x03a68c1f, L:/127.0.0.1:52576 - R:localhost/127.0.0.1:58191]
11:15:04.252 [Forwarding sendKeysToElement on session c3aa3fcf09320f3793c832f62b1d83a9 to remote] DEBUG org.asynchttpclient.netty.request.NettyRequestSender - Using pooled Channel '[id: 0x03a68c1f, L:/127.0.0.1:52576 - R:localhost/127.0.0.1:58191]' for 'POST' to 'http://localhost:58191/session/c3aa3fcf09320f3793c832f62b1d83a9/element/0B6304C2ED5C0CF6E891278996F43BF8_element_37/value'
11:15:04.252 [Forwarding sendKeysToElement on session c3aa3fcf09320f3793c832f62b1d83a9 to remote] DEBUG org.asynchttpclient.netty.request.NettyRequestSender - Using open Channel [id: 0x03a68c1f, L:/127.0.0.1:52576 - R:localhost/127.0.0.1:58191] for POST '/session/c3aa3fcf09320f3793c832f62b1d83a9/element/0B6304C2ED5C0CF6E891278996F43BF8_element_37/value'
11:15:04.309 [AsyncHttpClient-1-8] DEBUG org.asynchttpclient.netty.handler.HttpHandler - 

Request DefaultHttpRequest(decodeResult: success, version: HTTP/1.1)
POST /session/c3aa3fcf09320f3793c832f62b1d83a9/element/0B6304C2ED5C0CF6E891278996F43BF8_element_37/value HTTP/1.1
User-Agent: selenium/4.4.0 (java windows)
Content-Length: 162
Content-Type: application/json; charset=utf-8
host: localhost:58191
accept: */*

Response DefaultHttpResponse(decodeResult: success, version: HTTP/1.1)
HTTP/1.1 200 OK
Content-Type: application/json; charset=utf-8
cache-control: no-cache
content-length: 14

11:15:04.309 [AsyncHttpClient-1-8] DEBUG org.asynchttpclient.netty.channel.ChannelManager - Adding key: http://localhost:58191 for channel [id: 0x03a68c1f, L:/127.0.0.1:52576 - R:localhost/127.0.0.1:58191]
11:15:04.310 [Forwarding screenshot on session c3aa3fcf09320f3793c832f62b1d83a9 to remote] DEBUG org.asynchttpclient.netty.request.NettyRequestSender - Using pooled Channel '[id: 0x03a68c1f, L:/127.0.0.1:52576 - R:localhost/127.0.0.1:58191]' for 'GET' to 'http://localhost:58191/session/c3aa3fcf09320f3793c832f62b1d83a9/screenshot'
11:15:04.310 [Forwarding screenshot on session c3aa3fcf09320f3793c832f62b1d83a9 to remote] DEBUG org.asynchttpclient.netty.request.NettyRequestSender - Using open Channel [id: 0x03a68c1f, L:/127.0.0.1:52576 - R:localhost/127.0.0.1:58191] for GET '/session/c3aa3fcf09320f3793c832f62b1d83a9/screenshot'
11:15:04.426 [AsyncHttpClient-1-8] DEBUG org.asynchttpclient.netty.handler.HttpHandler - 

Request DefaultFullHttpRequest(decodeResult: success, version: HTTP/1.1, content: EmptyByteBufBE)
GET /session/c3aa3fcf09320f3793c832f62b1d83a9/screenshot HTTP/1.1
User-Agent: selenium/4.4.0 (java windows)
Cache-Control: no-cache
Content-Type: application/json; charset=utf-8
host: localhost:58191
accept: */*

Response DefaultHttpResponse(decodeResult: success, version: HTTP/1.1)
HTTP/1.1 200 OK
Content-Type: application/json; charset=utf-8
cache-control: no-cache
content-length: 243272

11:15:04.427 [AsyncHttpClient-1-8] DEBUG org.asynchttpclient.netty.channel.ChannelManager - Adding key: http://localhost:58191 for channel [id: 0x03a68c1f, L:/127.0.0.1:52576 - R:localhost/127.0.0.1:58191]
11:15:04.439 [Forwarding findElement on session c3aa3fcf09320f3793c832f62b1d83a9 to remote] DEBUG org.asynchttpclient.netty.request.NettyRequestSender - Using pooled Channel '[id: 0x03a68c1f, L:/127.0.0.1:52576 - R:localhost/127.0.0.1:58191]' for 'POST' to 'http://localhost:58191/session/c3aa3fcf09320f3793c832f62b1d83a9/element'
11:15:04.439 [Forwarding findElement on session c3aa3fcf09320f3793c832f62b1d83a9 to remote] DEBUG org.asynchttpclient.netty.request.NettyRequestSender - Using open Channel [id: 0x03a68c1f, L:/127.0.0.1:52576 - R:localhost/127.0.0.1:58191] for POST '/session/c3aa3fcf09320f3793c832f62b1d83a9/element'
11:15:04.448 [AsyncHttpClient-1-8] DEBUG org.asynchttpclient.netty.handler.HttpHandler - 

Request DefaultHttpRequest(decodeResult: success, version: HTTP/1.1)
POST /session/c3aa3fcf09320f3793c832f62b1d83a9/element HTTP/1.1
User-Agent: selenium/4.4.0 (java windows)
Content-Length: 75
Content-Type: application/json; charset=utf-8
host: localhost:58191
accept: */*

Response DefaultHttpResponse(decodeResult: success, version: HTTP/1.1)
HTTP/1.1 200 OK
Content-Type: application/json; charset=utf-8
cache-control: no-cache
content-length: 94

11:15:04.448 [AsyncHttpClient-1-8] DEBUG org.asynchttpclient.netty.channel.ChannelManager - Adding key: http://localhost:58191 for channel [id: 0x03a68c1f, L:/127.0.0.1:52576 - R:localhost/127.0.0.1:58191]
11:15:04.450 [Forwarding isElementDisplayed on session c3aa3fcf09320f3793c832f62b1d83a9 to remote] DEBUG org.asynchttpclient.netty.request.NettyRequestSender - Using pooled Channel '[id: 0x03a68c1f, L:/127.0.0.1:52576 - R:localhost/127.0.0.1:58191]' for 'POST' to 'http://localhost:58191/session/c3aa3fcf09320f3793c832f62b1d83a9/execute/sync'
11:15:04.450 [Forwarding isElementDisplayed on session c3aa3fcf09320f3793c832f62b1d83a9 to remote] DEBUG org.asynchttpclient.netty.request.NettyRequestSender - Using open Channel [id: 0x03a68c1f, L:/127.0.0.1:52576 - R:localhost/127.0.0.1:58191] for POST '/session/c3aa3fcf09320f3793c832f62b1d83a9/execute/sync'
11:15:04.458 [AsyncHttpClient-1-8] DEBUG org.asynchttpclient.netty.handler.HttpHandler - 

Request DefaultHttpRequest(decodeResult: success, version: HTTP/1.1)
POST /session/c3aa3fcf09320f3793c832f62b1d83a9/execute/sync HTTP/1.1
User-Agent: selenium/4.4.0 (java windows)
Content-Length: 48786
Content-Type: application/json; charset=utf-8
host: localhost:58191
accept: */*

Response DefaultHttpResponse(decodeResult: success, version: HTTP/1.1)
HTTP/1.1 200 OK
Content-Type: application/json; charset=utf-8
cache-control: no-cache
content-length: 14

11:15:04.458 [AsyncHttpClient-1-8] DEBUG org.asynchttpclient.netty.channel.ChannelManager - Adding key: http://localhost:58191 for channel [id: 0x03a68c1f, L:/127.0.0.1:52576 - R:localhost/127.0.0.1:58191]
11:15:04.459 [Forwarding isElementDisplayed on session c3aa3fcf09320f3793c832f62b1d83a9 to remote] DEBUG org.asynchttpclient.netty.request.NettyRequestSender - Using pooled Channel '[id: 0x03a68c1f, L:/127.0.0.1:52576 - R:localhost/127.0.0.1:58191]' for 'POST' to 'http://localhost:58191/session/c3aa3fcf09320f3793c832f62b1d83a9/execute/sync'
11:15:04.459 [Forwarding isElementDisplayed on session c3aa3fcf09320f3793c832f62b1d83a9 to remote] DEBUG org.asynchttpclient.netty.request.NettyRequestSender - Using open Channel [id: 0x03a68c1f, L:/127.0.0.1:52576 - R:localhost/127.0.0.1:58191] for POST '/session/c3aa3fcf09320f3793c832f62b1d83a9/execute/sync'
11:15:04.467 [AsyncHttpClient-1-8] DEBUG org.asynchttpclient.netty.handler.HttpHandler - 

Request DefaultHttpRequest(decodeResult: success, version: HTTP/1.1)
POST /session/c3aa3fcf09320f3793c832f62b1d83a9/execute/sync HTTP/1.1
User-Agent: selenium/4.4.0 (java windows)
Content-Length: 48786
Content-Type: application/json; charset=utf-8
host: localhost:58191
accept: */*

Response DefaultHttpResponse(decodeResult: success, version: HTTP/1.1)
HTTP/1.1 200 OK
Content-Type: application/json; charset=utf-8
cache-control: no-cache
content-length: 14

11:15:04.467 [AsyncHttpClient-1-8] DEBUG org.asynchttpclient.netty.channel.ChannelManager - Adding key: http://localhost:58191 for channel [id: 0x03a68c1f, L:/127.0.0.1:52576 - R:localhost/127.0.0.1:58191]
11:15:04.469 [Forwarding findElement on session c3aa3fcf09320f3793c832f62b1d83a9 to remote] DEBUG org.asynchttpclient.netty.request.NettyRequestSender - Using pooled Channel '[id: 0x03a68c1f, L:/127.0.0.1:52576 - R:localhost/127.0.0.1:58191]' for 'POST' to 'http://localhost:58191/session/c3aa3fcf09320f3793c832f62b1d83a9/element'
11:15:04.469 [Forwarding findElement on session c3aa3fcf09320f3793c832f62b1d83a9 to remote] DEBUG org.asynchttpclient.netty.request.NettyRequestSender - Using open Channel [id: 0x03a68c1f, L:/127.0.0.1:52576 - R:localhost/127.0.0.1:58191] for POST '/session/c3aa3fcf09320f3793c832f62b1d83a9/element'
11:15:04.474 [AsyncHttpClient-1-8] DEBUG org.asynchttpclient.netty.handler.HttpHandler - 

Request DefaultHttpRequest(decodeResult: success, version: HTTP/1.1)
POST /session/c3aa3fcf09320f3793c832f62b1d83a9/element HTTP/1.1
User-Agent: selenium/4.4.0 (java windows)
Content-Length: 75
Content-Type: application/json; charset=utf-8
host: localhost:58191
accept: */*

Response DefaultHttpResponse(decodeResult: success, version: HTTP/1.1)
HTTP/1.1 200 OK
Content-Type: application/json; charset=utf-8
cache-control: no-cache
content-length: 94

11:15:04.474 [AsyncHttpClient-1-8] DEBUG org.asynchttpclient.netty.channel.ChannelManager - Adding key: http://localhost:58191 for channel [id: 0x03a68c1f, L:/127.0.0.1:52576 - R:localhost/127.0.0.1:58191]
11:15:04.476 [Forwarding isElementDisplayed on session c3aa3fcf09320f3793c832f62b1d83a9 to remote] DEBUG org.asynchttpclient.netty.request.NettyRequestSender - Using pooled Channel '[id: 0x03a68c1f, L:/127.0.0.1:52576 - R:localhost/127.0.0.1:58191]' for 'POST' to 'http://localhost:58191/session/c3aa3fcf09320f3793c832f62b1d83a9/execute/sync'
11:15:04.476 [Forwarding isElementDisplayed on session c3aa3fcf09320f3793c832f62b1d83a9 to remote] DEBUG org.asynchttpclient.netty.request.NettyRequestSender - Using open Channel [id: 0x03a68c1f, L:/127.0.0.1:52576 - R:localhost/127.0.0.1:58191] for POST '/session/c3aa3fcf09320f3793c832f62b1d83a9/execute/sync'
11:15:04.483 [AsyncHttpClient-1-8] DEBUG org.asynchttpclient.netty.handler.HttpHandler - 

Request DefaultHttpRequest(decodeResult: success, version: HTTP/1.1)
POST /session/c3aa3fcf09320f3793c832f62b1d83a9/execute/sync HTTP/1.1
User-Agent: selenium/4.4.0 (java windows)
Content-Length: 48786
Content-Type: application/json; charset=utf-8
host: localhost:58191
accept: */*

Response DefaultHttpResponse(decodeResult: success, version: HTTP/1.1)
HTTP/1.1 200 OK
Content-Type: application/json; charset=utf-8
cache-control: no-cache
content-length: 14

11:15:04.483 [AsyncHttpClient-1-8] DEBUG org.asynchttpclient.netty.channel.ChannelManager - Adding key: http://localhost:58191 for channel [id: 0x03a68c1f, L:/127.0.0.1:52576 - R:localhost/127.0.0.1:58191]
11:15:04.483 [Forwarding isElementEnabled on session c3aa3fcf09320f3793c832f62b1d83a9 to remote] DEBUG org.asynchttpclient.netty.request.NettyRequestSender - Using pooled Channel '[id: 0x03a68c1f, L:/127.0.0.1:52576 - R:localhost/127.0.0.1:58191]' for 'GET' to 'http://localhost:58191/session/c3aa3fcf09320f3793c832f62b1d83a9/element/0B6304C2ED5C0CF6E891278996F43BF8_element_7/enabled'
11:15:04.483 [Forwarding isElementEnabled on session c3aa3fcf09320f3793c832f62b1d83a9 to remote] DEBUG org.asynchttpclient.netty.request.NettyRequestSender - Using open Channel [id: 0x03a68c1f, L:/127.0.0.1:52576 - R:localhost/127.0.0.1:58191] for GET '/session/c3aa3fcf09320f3793c832f62b1d83a9/element/0B6304C2ED5C0CF6E891278996F43BF8_element_7/enabled'
11:15:04.488 [AsyncHttpClient-1-8] DEBUG org.asynchttpclient.netty.handler.HttpHandler - 

Request DefaultFullHttpRequest(decodeResult: success, version: HTTP/1.1, content: EmptyByteBufBE)
GET /session/c3aa3fcf09320f3793c832f62b1d83a9/element/0B6304C2ED5C0CF6E891278996F43BF8_element_7/enabled HTTP/1.1
User-Agent: selenium/4.4.0 (java windows)
Cache-Control: no-cache
Content-Type: application/json; charset=utf-8
host: localhost:58191
accept: */*

Response DefaultHttpResponse(decodeResult: success, version: HTTP/1.1)
HTTP/1.1 200 OK
Content-Type: application/json; charset=utf-8
cache-control: no-cache
content-length: 14

11:15:04.488 [AsyncHttpClient-1-8] DEBUG org.asynchttpclient.netty.channel.ChannelManager - Adding key: http://localhost:58191 for channel [id: 0x03a68c1f, L:/127.0.0.1:52576 - R:localhost/127.0.0.1:58191]
11:15:04.489 [Forwarding findElement on session c3aa3fcf09320f3793c832f62b1d83a9 to remote] DEBUG org.asynchttpclient.netty.request.NettyRequestSender - Using pooled Channel '[id: 0x03a68c1f, L:/127.0.0.1:52576 - R:localhost/127.0.0.1:58191]' for 'POST' to 'http://localhost:58191/session/c3aa3fcf09320f3793c832f62b1d83a9/element'
11:15:04.489 [Forwarding findElement on session c3aa3fcf09320f3793c832f62b1d83a9 to remote] DEBUG org.asynchttpclient.netty.request.NettyRequestSender - Using open Channel [id: 0x03a68c1f, L:/127.0.0.1:52576 - R:localhost/127.0.0.1:58191] for POST '/session/c3aa3fcf09320f3793c832f62b1d83a9/element'
11:15:04.494 [AsyncHttpClient-1-8] DEBUG org.asynchttpclient.netty.handler.HttpHandler - 

Request DefaultHttpRequest(decodeResult: success, version: HTTP/1.1)
POST /session/c3aa3fcf09320f3793c832f62b1d83a9/element HTTP/1.1
User-Agent: selenium/4.4.0 (java windows)
Content-Length: 75
Content-Type: application/json; charset=utf-8
host: localhost:58191
accept: */*

Response DefaultHttpResponse(decodeResult: success, version: HTTP/1.1)
HTTP/1.1 200 OK
Content-Type: application/json; charset=utf-8
cache-control: no-cache
content-length: 94

11:15:04.494 [AsyncHttpClient-1-8] DEBUG org.asynchttpclient.netty.channel.ChannelManager - Adding key: http://localhost:58191 for channel [id: 0x03a68c1f, L:/127.0.0.1:52576 - R:localhost/127.0.0.1:58191]
11:15:04.496 [Forwarding isElementDisplayed on session c3aa3fcf09320f3793c832f62b1d83a9 to remote] DEBUG org.asynchttpclient.netty.request.NettyRequestSender - Using pooled Channel '[id: 0x03a68c1f, L:/127.0.0.1:52576 - R:localhost/127.0.0.1:58191]' for 'POST' to 'http://localhost:58191/session/c3aa3fcf09320f3793c832f62b1d83a9/execute/sync'
11:15:04.496 [Forwarding isElementDisplayed on session c3aa3fcf09320f3793c832f62b1d83a9 to remote] DEBUG org.asynchttpclient.netty.request.NettyRequestSender - Using open Channel [id: 0x03a68c1f, L:/127.0.0.1:52576 - R:localhost/127.0.0.1:58191] for POST '/session/c3aa3fcf09320f3793c832f62b1d83a9/execute/sync'
11:15:04.502 [AsyncHttpClient-1-8] DEBUG org.asynchttpclient.netty.handler.HttpHandler - 

Request DefaultHttpRequest(decodeResult: success, version: HTTP/1.1)
POST /session/c3aa3fcf09320f3793c832f62b1d83a9/execute/sync HTTP/1.1
User-Agent: selenium/4.4.0 (java windows)
Content-Length: 48786
Content-Type: application/json; charset=utf-8
host: localhost:58191
accept: */*

Response DefaultHttpResponse(decodeResult: success, version: HTTP/1.1)
HTTP/1.1 200 OK
Content-Type: application/json; charset=utf-8
cache-control: no-cache
content-length: 14

11:15:04.502 [AsyncHttpClient-1-8] DEBUG org.asynchttpclient.netty.channel.ChannelManager - Adding key: http://localhost:58191 for channel [id: 0x03a68c1f, L:/127.0.0.1:52576 - R:localhost/127.0.0.1:58191]
11:15:04.502 [Forwarding sendKeysToElement on session c3aa3fcf09320f3793c832f62b1d83a9 to remote] DEBUG org.asynchttpclient.netty.request.NettyRequestSender - Using pooled Channel '[id: 0x03a68c1f, L:/127.0.0.1:52576 - R:localhost/127.0.0.1:58191]' for 'POST' to 'http://localhost:58191/session/c3aa3fcf09320f3793c832f62b1d83a9/element/0B6304C2ED5C0CF6E891278996F43BF8_element_7/value'
11:15:04.502 [Forwarding sendKeysToElement on session c3aa3fcf09320f3793c832f62b1d83a9 to remote] DEBUG org.asynchttpclient.netty.request.NettyRequestSender - Using open Channel [id: 0x03a68c1f, L:/127.0.0.1:52576 - R:localhost/127.0.0.1:58191] for POST '/session/c3aa3fcf09320f3793c832f62b1d83a9/element/0B6304C2ED5C0CF6E891278996F43BF8_element_7/value'
11:15:04.538 [AsyncHttpClient-1-8] DEBUG org.asynchttpclient.netty.handler.HttpHandler - 

Request DefaultHttpRequest(decodeResult: success, version: HTTP/1.1)
POST /session/c3aa3fcf09320f3793c832f62b1d83a9/element/0B6304C2ED5C0CF6E891278996F43BF8_element_7/value HTTP/1.1
User-Agent: selenium/4.4.0 (java windows)
Content-Length: 161
Content-Type: application/json; charset=utf-8
host: localhost:58191
accept: */*

Response DefaultHttpResponse(decodeResult: success, version: HTTP/1.1)
HTTP/1.1 200 OK
Content-Type: application/json; charset=utf-8
cache-control: no-cache
content-length: 14

11:15:04.538 [AsyncHttpClient-1-8] DEBUG org.asynchttpclient.netty.channel.ChannelManager - Adding key: http://localhost:58191 for channel [id: 0x03a68c1f, L:/127.0.0.1:52576 - R:localhost/127.0.0.1:58191]
11:15:04.538 [Forwarding screenshot on session c3aa3fcf09320f3793c832f62b1d83a9 to remote] DEBUG org.asynchttpclient.netty.request.NettyRequestSender - Using pooled Channel '[id: 0x03a68c1f, L:/127.0.0.1:52576 - R:localhost/127.0.0.1:58191]' for 'GET' to 'http://localhost:58191/session/c3aa3fcf09320f3793c832f62b1d83a9/screenshot'
11:15:04.538 [Forwarding screenshot on session c3aa3fcf09320f3793c832f62b1d83a9 to remote] DEBUG org.asynchttpclient.netty.request.NettyRequestSender - Using open Channel [id: 0x03a68c1f, L:/127.0.0.1:52576 - R:localhost/127.0.0.1:58191] for GET '/session/c3aa3fcf09320f3793c832f62b1d83a9/screenshot'
11:15:04.660 [AsyncHttpClient-1-8] DEBUG org.asynchttpclient.netty.handler.HttpHandler - 

Request DefaultFullHttpRequest(decodeResult: success, version: HTTP/1.1, content: EmptyByteBufBE)
GET /session/c3aa3fcf09320f3793c832f62b1d83a9/screenshot HTTP/1.1
User-Agent: selenium/4.4.0 (java windows)
Cache-Control: no-cache
Content-Type: application/json; charset=utf-8
host: localhost:58191
accept: */*

Response DefaultHttpResponse(decodeResult: success, version: HTTP/1.1)
HTTP/1.1 200 OK
Content-Type: application/json; charset=utf-8
cache-control: no-cache
content-length: 243172

11:15:04.661 [AsyncHttpClient-1-8] DEBUG org.asynchttpclient.netty.channel.ChannelManager - Adding key: http://localhost:58191 for channel [id: 0x03a68c1f, L:/127.0.0.1:52576 - R:localhost/127.0.0.1:58191]
11:15:04.672 [main] DEBUG net.thucydides.core.steps.StepInterceptor - STARTING STEP: Logearse.conUsuarioYpassword - clikar login
11:15:04.673 [Forwarding findElement on session c3aa3fcf09320f3793c832f62b1d83a9 to remote] DEBUG org.asynchttpclient.netty.request.NettyRequestSender - Using pooled Channel '[id: 0x03a68c1f, L:/127.0.0.1:52576 - R:localhost/127.0.0.1:58191]' for 'POST' to 'http://localhost:58191/session/c3aa3fcf09320f3793c832f62b1d83a9/element'
11:15:04.673 [Forwarding findElement on session c3aa3fcf09320f3793c832f62b1d83a9 to remote] DEBUG org.asynchttpclient.netty.request.NettyRequestSender - Using open Channel [id: 0x03a68c1f, L:/127.0.0.1:52576 - R:localhost/127.0.0.1:58191] for POST '/session/c3aa3fcf09320f3793c832f62b1d83a9/element'
11:15:04.685 [AsyncHttpClient-1-8] DEBUG org.asynchttpclient.netty.handler.HttpHandler - 

Request DefaultHttpRequest(decodeResult: success, version: HTTP/1.1)
POST /session/c3aa3fcf09320f3793c832f62b1d83a9/element HTTP/1.1
User-Agent: selenium/4.4.0 (java windows)
Content-Length: 83
Content-Type: application/json; charset=utf-8
host: localhost:58191
accept: */*

Response DefaultHttpResponse(decodeResult: success, version: HTTP/1.1)
HTTP/1.1 200 OK
Content-Type: application/json; charset=utf-8
cache-control: no-cache
content-length: 95

11:15:04.685 [AsyncHttpClient-1-8] DEBUG org.asynchttpclient.netty.channel.ChannelManager - Adding key: http://localhost:58191 for channel [id: 0x03a68c1f, L:/127.0.0.1:52576 - R:localhost/127.0.0.1:58191]
11:15:04.688 [Forwarding isElementDisplayed on session c3aa3fcf09320f3793c832f62b1d83a9 to remote] DEBUG org.asynchttpclient.netty.request.NettyRequestSender - Using pooled Channel '[id: 0x03a68c1f, L:/127.0.0.1:52576 - R:localhost/127.0.0.1:58191]' for 'POST' to 'http://localhost:58191/session/c3aa3fcf09320f3793c832f62b1d83a9/execute/sync'
11:15:04.688 [Forwarding isElementDisplayed on session c3aa3fcf09320f3793c832f62b1d83a9 to remote] DEBUG org.asynchttpclient.netty.request.NettyRequestSender - Using open Channel [id: 0x03a68c1f, L:/127.0.0.1:52576 - R:localhost/127.0.0.1:58191] for POST '/session/c3aa3fcf09320f3793c832f62b1d83a9/execute/sync'
11:15:04.696 [AsyncHttpClient-1-8] DEBUG org.asynchttpclient.netty.handler.HttpHandler - 

Request DefaultHttpRequest(decodeResult: success, version: HTTP/1.1)
POST /session/c3aa3fcf09320f3793c832f62b1d83a9/execute/sync HTTP/1.1
User-Agent: selenium/4.4.0 (java windows)
Content-Length: 48787
Content-Type: application/json; charset=utf-8
host: localhost:58191
accept: */*

Response DefaultHttpResponse(decodeResult: success, version: HTTP/1.1)
HTTP/1.1 200 OK
Content-Type: application/json; charset=utf-8
cache-control: no-cache
content-length: 14

11:15:04.696 [AsyncHttpClient-1-8] DEBUG org.asynchttpclient.netty.channel.ChannelManager - Adding key: http://localhost:58191 for channel [id: 0x03a68c1f, L:/127.0.0.1:52576 - R:localhost/127.0.0.1:58191]
11:15:04.696 [Forwarding clickElement on session c3aa3fcf09320f3793c832f62b1d83a9 to remote] DEBUG org.asynchttpclient.netty.request.NettyRequestSender - Using pooled Channel '[id: 0x03a68c1f, L:/127.0.0.1:52576 - R:localhost/127.0.0.1:58191]' for 'POST' to 'http://localhost:58191/session/c3aa3fcf09320f3793c832f62b1d83a9/element/0B6304C2ED5C0CF6E891278996F43BF8_element_39/click'
11:15:04.696 [Forwarding clickElement on session c3aa3fcf09320f3793c832f62b1d83a9 to remote] DEBUG org.asynchttpclient.netty.request.NettyRequestSender - Using open Channel [id: 0x03a68c1f, L:/127.0.0.1:52576 - R:localhost/127.0.0.1:58191] for POST '/session/c3aa3fcf09320f3793c832f62b1d83a9/element/0B6304C2ED5C0CF6E891278996F43BF8_element_39/click'
11:15:04.725 [AsyncHttpClient-1-8] DEBUG org.asynchttpclient.netty.handler.HttpHandler - 

Request DefaultHttpRequest(decodeResult: success, version: HTTP/1.1)
POST /session/c3aa3fcf09320f3793c832f62b1d83a9/element/0B6304C2ED5C0CF6E891278996F43BF8_element_39/click HTTP/1.1
User-Agent: selenium/4.4.0 (java windows)
Content-Length: 57
Content-Type: application/json; charset=utf-8
host: localhost:58191
accept: */*

Response DefaultHttpResponse(decodeResult: success, version: HTTP/1.1)
HTTP/1.1 200 OK
Content-Type: application/json; charset=utf-8
cache-control: no-cache
content-length: 14

11:15:04.725 [AsyncHttpClient-1-8] DEBUG org.asynchttpclient.netty.channel.ChannelManager - Adding key: http://localhost:58191 for channel [id: 0x03a68c1f, L:/127.0.0.1:52576 - R:localhost/127.0.0.1:58191]
11:15:04.728 [Forwarding getCurrentWindowHandle on session c3aa3fcf09320f3793c832f62b1d83a9 to remote] DEBUG org.asynchttpclient.netty.request.NettyRequestSender - Using pooled Channel '[id: 0x03a68c1f, L:/127.0.0.1:52576 - R:localhost/127.0.0.1:58191]' for 'GET' to 'http://localhost:58191/session/c3aa3fcf09320f3793c832f62b1d83a9/window'
11:15:04.728 [Forwarding getCurrentWindowHandle on session c3aa3fcf09320f3793c832f62b1d83a9 to remote] DEBUG org.asynchttpclient.netty.request.NettyRequestSender - Using open Channel [id: 0x03a68c1f, L:/127.0.0.1:52576 - R:localhost/127.0.0.1:58191] for GET '/session/c3aa3fcf09320f3793c832f62b1d83a9/window'
11:15:04.729 [AsyncHttpClient-1-8] DEBUG org.asynchttpclient.netty.handler.HttpHandler - 

Request DefaultFullHttpRequest(decodeResult: success, version: HTTP/1.1, content: EmptyByteBufBE)
GET /session/c3aa3fcf09320f3793c832f62b1d83a9/window HTTP/1.1
User-Agent: selenium/4.4.0 (java windows)
Cache-Control: no-cache
Content-Type: application/json; charset=utf-8
host: localhost:58191
accept: */*

Response DefaultHttpResponse(decodeResult: success, version: HTTP/1.1)
HTTP/1.1 200 OK
Content-Type: application/json; charset=utf-8
cache-control: no-cache
content-length: 44

11:15:04.729 [AsyncHttpClient-1-8] DEBUG org.asynchttpclient.netty.channel.ChannelManager - Adding key: http://localhost:58191 for channel [id: 0x03a68c1f, L:/127.0.0.1:52576 - R:localhost/127.0.0.1:58191]
11:15:04.730 [Forwarding getAlertText on session c3aa3fcf09320f3793c832f62b1d83a9 to remote] DEBUG org.asynchttpclient.netty.request.NettyRequestSender - Using pooled Channel '[id: 0x03a68c1f, L:/127.0.0.1:52576 - R:localhost/127.0.0.1:58191]' for 'GET' to 'http://localhost:58191/session/c3aa3fcf09320f3793c832f62b1d83a9/alert/text'
11:15:04.730 [Forwarding getAlertText on session c3aa3fcf09320f3793c832f62b1d83a9 to remote] DEBUG org.asynchttpclient.netty.request.NettyRequestSender - Using open Channel [id: 0x03a68c1f, L:/127.0.0.1:52576 - R:localhost/127.0.0.1:58191] for GET '/session/c3aa3fcf09320f3793c832f62b1d83a9/alert/text'
11:15:04.731 [AsyncHttpClient-1-8] DEBUG org.asynchttpclient.netty.handler.HttpHandler - 

Request DefaultFullHttpRequest(decodeResult: success, version: HTTP/1.1, content: EmptyByteBufBE)
GET /session/c3aa3fcf09320f3793c832f62b1d83a9/alert/text HTTP/1.1
User-Agent: selenium/4.4.0 (java windows)
Cache-Control: no-cache
Content-Type: application/json; charset=utf-8
host: localhost:58191
accept: */*

Response DefaultHttpResponse(decodeResult: success, version: HTTP/1.1)
HTTP/1.1 404 Not Found
Content-Type: application/json; charset=utf-8
cache-control: no-cache
content-length: 848

11:15:04.731 [AsyncHttpClient-1-8] DEBUG org.asynchttpclient.netty.channel.ChannelManager - Adding key: http://localhost:58191 for channel [id: 0x03a68c1f, L:/127.0.0.1:52576 - R:localhost/127.0.0.1:58191]
11:15:04.733 [Forwarding switchToWindow on session c3aa3fcf09320f3793c832f62b1d83a9 to remote] DEBUG org.asynchttpclient.netty.request.NettyRequestSender - Using pooled Channel '[id: 0x03a68c1f, L:/127.0.0.1:52576 - R:localhost/127.0.0.1:58191]' for 'POST' to 'http://localhost:58191/session/c3aa3fcf09320f3793c832f62b1d83a9/window'
11:15:04.733 [Forwarding switchToWindow on session c3aa3fcf09320f3793c832f62b1d83a9 to remote] DEBUG org.asynchttpclient.netty.request.NettyRequestSender - Using open Channel [id: 0x03a68c1f, L:/127.0.0.1:52576 - R:localhost/127.0.0.1:58191] for POST '/session/c3aa3fcf09320f3793c832f62b1d83a9/window'
11:15:04.734 [AsyncHttpClient-1-8] DEBUG org.asynchttpclient.netty.handler.HttpHandler - 

Request DefaultHttpRequest(decodeResult: success, version: HTTP/1.1)
POST /session/c3aa3fcf09320f3793c832f62b1d83a9/window HTTP/1.1
User-Agent: selenium/4.4.0 (java windows)
Content-Length: 50
Content-Type: application/json; charset=utf-8
host: localhost:58191
accept: */*

Response DefaultHttpResponse(decodeResult: success, version: HTTP/1.1)
HTTP/1.1 200 OK
Content-Type: application/json; charset=utf-8
cache-control: no-cache
content-length: 14

11:15:04.734 [AsyncHttpClient-1-8] DEBUG org.asynchttpclient.netty.channel.ChannelManager - Adding key: http://localhost:58191 for channel [id: 0x03a68c1f, L:/127.0.0.1:52576 - R:localhost/127.0.0.1:58191]
11:15:04.735 [Forwarding getCurrentUrl on session c3aa3fcf09320f3793c832f62b1d83a9 to remote] DEBUG org.asynchttpclient.netty.request.NettyRequestSender - Using pooled Channel '[id: 0x03a68c1f, L:/127.0.0.1:52576 - R:localhost/127.0.0.1:58191]' for 'GET' to 'http://localhost:58191/session/c3aa3fcf09320f3793c832f62b1d83a9/url'
11:15:04.735 [Forwarding getCurrentUrl on session c3aa3fcf09320f3793c832f62b1d83a9 to remote] DEBUG org.asynchttpclient.netty.request.NettyRequestSender - Using open Channel [id: 0x03a68c1f, L:/127.0.0.1:52576 - R:localhost/127.0.0.1:58191] for GET '/session/c3aa3fcf09320f3793c832f62b1d83a9/url'
11:15:04.738 [AsyncHttpClient-1-8] DEBUG org.asynchttpclient.netty.handler.HttpHandler - 

Request DefaultFullHttpRequest(decodeResult: success, version: HTTP/1.1, content: EmptyByteBufBE)
GET /session/c3aa3fcf09320f3793c832f62b1d83a9/url HTTP/1.1
User-Agent: selenium/4.4.0 (java windows)
Cache-Control: no-cache
Content-Type: application/json; charset=utf-8
host: localhost:58191
accept: */*

Response DefaultHttpResponse(decodeResult: success, version: HTTP/1.1)
HTTP/1.1 200 OK
Content-Type: application/json; charset=utf-8
cache-control: no-cache
content-length: 48

11:15:04.738 [AsyncHttpClient-1-8] DEBUG org.asynchttpclient.netty.channel.ChannelManager - Adding key: http://localhost:58191 for channel [id: 0x03a68c1f, L:/127.0.0.1:52576 - R:localhost/127.0.0.1:58191]
11:15:04.740 [Forwarding screenshot on session c3aa3fcf09320f3793c832f62b1d83a9 to remote] DEBUG org.asynchttpclient.netty.request.NettyRequestSender - Using pooled Channel '[id: 0x03a68c1f, L:/127.0.0.1:52576 - R:localhost/127.0.0.1:58191]' for 'GET' to 'http://localhost:58191/session/c3aa3fcf09320f3793c832f62b1d83a9/screenshot'
11:15:04.740 [Forwarding screenshot on session c3aa3fcf09320f3793c832f62b1d83a9 to remote] DEBUG org.asynchttpclient.netty.request.NettyRequestSender - Using open Channel [id: 0x03a68c1f, L:/127.0.0.1:52576 - R:localhost/127.0.0.1:58191] for GET '/session/c3aa3fcf09320f3793c832f62b1d83a9/screenshot'
11:15:04.858 [AsyncHttpClient-1-8] DEBUG org.asynchttpclient.netty.handler.HttpHandler - 

Request DefaultFullHttpRequest(decodeResult: success, version: HTTP/1.1, content: EmptyByteBufBE)
GET /session/c3aa3fcf09320f3793c832f62b1d83a9/screenshot HTTP/1.1
User-Agent: selenium/4.4.0 (java windows)
Cache-Control: no-cache
Content-Type: application/json; charset=utf-8
host: localhost:58191
accept: */*

Response DefaultHttpResponse(decodeResult: success, version: HTTP/1.1)
HTTP/1.1 200 OK
Content-Type: application/json; charset=utf-8
cache-control: no-cache
content-length: 243236

11:15:04.858 [AsyncHttpClient-1-8] DEBUG org.asynchttpclient.netty.channel.ChannelManager - Adding key: http://localhost:58191 for channel [id: 0x03a68c1f, L:/127.0.0.1:52576 - R:localhost/127.0.0.1:58191]
11:15:04.862 [main] DEBUG net.serenitybdd.core.photography.Darkroom - Send negative for processing for target\site\serenity\37f658dc86519d34efff4d017bca714429ae88f08fb12a4dd26e90c65e35a064.png
11:15:04.862 [main] DEBUG net.thucydides.core.steps.StepInterceptor - STEP DONE: clikar login
11:15:04.863 [Darkroom Processing Line] DEBUG net.serenitybdd.core.photography.DarkroomProcessingLine - Processing screenshot image in /var/screenshots/screenshot-10752930012546729837
11:15:04.863 [Darkroom Processing Line] DEBUG net.serenitybdd.core.photography.DarkroomProcessingLine - Saving screenshot to target\site\serenity\37f658dc86519d34efff4d017bca714429ae88f08fb12a4dd26e90c65e35a064.png
11:15:05.148 [AsyncHttpClient-1-1] DEBUG org.asynchttpclient.netty.channel.DefaultChannelPool - Entry count for : http://localhost:58191 : 1
11:15:05.148 [AsyncHttpClient-1-1] DEBUG org.asynchttpclient.netty.channel.DefaultChannelPool - Entry count for : http://localhost:52577 : 1
11:15:05.867 [Forwarding getCurrentWindowHandle on session c3aa3fcf09320f3793c832f62b1d83a9 to remote] DEBUG org.asynchttpclient.netty.request.NettyRequestSender - Using pooled Channel '[id: 0x03a68c1f, L:/127.0.0.1:52576 - R:localhost/127.0.0.1:58191]' for 'GET' to 'http://localhost:58191/session/c3aa3fcf09320f3793c832f62b1d83a9/window'
11:15:05.867 [Forwarding getCurrentWindowHandle on session c3aa3fcf09320f3793c832f62b1d83a9 to remote] DEBUG org.asynchttpclient.netty.request.NettyRequestSender - Using open Channel [id: 0x03a68c1f, L:/127.0.0.1:52576 - R:localhost/127.0.0.1:58191] for GET '/session/c3aa3fcf09320f3793c832f62b1d83a9/window'
11:15:05.868 [AsyncHttpClient-1-8] DEBUG org.asynchttpclient.netty.handler.HttpHandler - 

Request DefaultFullHttpRequest(decodeResult: success, version: HTTP/1.1, content: EmptyByteBufBE)
GET /session/c3aa3fcf09320f3793c832f62b1d83a9/window HTTP/1.1
User-Agent: selenium/4.4.0 (java windows)
Cache-Control: no-cache
Content-Type: application/json; charset=utf-8
host: localhost:58191
accept: */*

Response DefaultHttpResponse(decodeResult: success, version: HTTP/1.1)
HTTP/1.1 200 OK
Content-Type: application/json; charset=utf-8
cache-control: no-cache
content-length: 44

11:15:05.868 [AsyncHttpClient-1-8] DEBUG org.asynchttpclient.netty.channel.ChannelManager - Adding key: http://localhost:58191 for channel [id: 0x03a68c1f, L:/127.0.0.1:52576 - R:localhost/127.0.0.1:58191]
11:15:05.869 [Forwarding getAlertText on session c3aa3fcf09320f3793c832f62b1d83a9 to remote] DEBUG org.asynchttpclient.netty.request.NettyRequestSender - Using pooled Channel '[id: 0x03a68c1f, L:/127.0.0.1:52576 - R:localhost/127.0.0.1:58191]' for 'GET' to 'http://localhost:58191/session/c3aa3fcf09320f3793c832f62b1d83a9/alert/text'
11:15:05.869 [Forwarding getAlertText on session c3aa3fcf09320f3793c832f62b1d83a9 to remote] DEBUG org.asynchttpclient.netty.request.NettyRequestSender - Using open Channel [id: 0x03a68c1f, L:/127.0.0.1:52576 - R:localhost/127.0.0.1:58191] for GET '/session/c3aa3fcf09320f3793c832f62b1d83a9/alert/text'
11:15:05.870 [AsyncHttpClient-1-8] DEBUG org.asynchttpclient.netty.handler.HttpHandler - 

Request DefaultFullHttpRequest(decodeResult: success, version: HTTP/1.1, content: EmptyByteBufBE)
GET /session/c3aa3fcf09320f3793c832f62b1d83a9/alert/text HTTP/1.1
User-Agent: selenium/4.4.0 (java windows)
Cache-Control: no-cache
Content-Type: application/json; charset=utf-8
host: localhost:58191
accept: */*

Response DefaultHttpResponse(decodeResult: success, version: HTTP/1.1)
HTTP/1.1 404 Not Found
Content-Type: application/json; charset=utf-8
cache-control: no-cache
content-length: 848

11:15:05.870 [AsyncHttpClient-1-8] DEBUG org.asynchttpclient.netty.channel.ChannelManager - Adding key: http://localhost:58191 for channel [id: 0x03a68c1f, L:/127.0.0.1:52576 - R:localhost/127.0.0.1:58191]
11:15:05.871 [Forwarding switchToWindow on session c3aa3fcf09320f3793c832f62b1d83a9 to remote] DEBUG org.asynchttpclient.netty.request.NettyRequestSender - Using pooled Channel '[id: 0x03a68c1f, L:/127.0.0.1:52576 - R:localhost/127.0.0.1:58191]' for 'POST' to 'http://localhost:58191/session/c3aa3fcf09320f3793c832f62b1d83a9/window'
11:15:05.872 [Forwarding switchToWindow on session c3aa3fcf09320f3793c832f62b1d83a9 to remote] DEBUG org.asynchttpclient.netty.request.NettyRequestSender - Using open Channel [id: 0x03a68c1f, L:/127.0.0.1:52576 - R:localhost/127.0.0.1:58191] for POST '/session/c3aa3fcf09320f3793c832f62b1d83a9/window'
11:15:05.873 [AsyncHttpClient-1-8] DEBUG org.asynchttpclient.netty.handler.HttpHandler - 

Request DefaultHttpRequest(decodeResult: success, version: HTTP/1.1)
POST /session/c3aa3fcf09320f3793c832f62b1d83a9/window HTTP/1.1
User-Agent: selenium/4.4.0 (java windows)
Content-Length: 50
Content-Type: application/json; charset=utf-8
host: localhost:58191
accept: */*

Response DefaultHttpResponse(decodeResult: success, version: HTTP/1.1)
HTTP/1.1 200 OK
Content-Type: application/json; charset=utf-8
cache-control: no-cache
content-length: 14

11:15:05.873 [AsyncHttpClient-1-8] DEBUG org.asynchttpclient.netty.channel.ChannelManager - Adding key: http://localhost:58191 for channel [id: 0x03a68c1f, L:/127.0.0.1:52576 - R:localhost/127.0.0.1:58191]
11:15:05.874 [Forwarding getCurrentUrl on session c3aa3fcf09320f3793c832f62b1d83a9 to remote] DEBUG org.asynchttpclient.netty.request.NettyRequestSender - Using pooled Channel '[id: 0x03a68c1f, L:/127.0.0.1:52576 - R:localhost/127.0.0.1:58191]' for 'GET' to 'http://localhost:58191/session/c3aa3fcf09320f3793c832f62b1d83a9/url'
11:15:05.874 [Forwarding getCurrentUrl on session c3aa3fcf09320f3793c832f62b1d83a9 to remote] DEBUG org.asynchttpclient.netty.request.NettyRequestSender - Using open Channel [id: 0x03a68c1f, L:/127.0.0.1:52576 - R:localhost/127.0.0.1:58191] for GET '/session/c3aa3fcf09320f3793c832f62b1d83a9/url'
11:15:05.878 [AsyncHttpClient-1-8] DEBUG org.asynchttpclient.netty.handler.HttpHandler - 

Request DefaultFullHttpRequest(decodeResult: success, version: HTTP/1.1, content: EmptyByteBufBE)
GET /session/c3aa3fcf09320f3793c832f62b1d83a9/url HTTP/1.1
User-Agent: selenium/4.4.0 (java windows)
Cache-Control: no-cache
Content-Type: application/json; charset=utf-8
host: localhost:58191
accept: */*

Response DefaultHttpResponse(decodeResult: success, version: HTTP/1.1)
HTTP/1.1 200 OK
Content-Type: application/json; charset=utf-8
cache-control: no-cache
content-length: 48

11:15:05.878 [AsyncHttpClient-1-8] DEBUG org.asynchttpclient.netty.channel.ChannelManager - Adding key: http://localhost:58191 for channel [id: 0x03a68c1f, L:/127.0.0.1:52576 - R:localhost/127.0.0.1:58191]
11:15:05.879 [Forwarding screenshot on session c3aa3fcf09320f3793c832f62b1d83a9 to remote] DEBUG org.asynchttpclient.netty.request.NettyRequestSender - Using pooled Channel '[id: 0x03a68c1f, L:/127.0.0.1:52576 - R:localhost/127.0.0.1:58191]' for 'GET' to 'http://localhost:58191/session/c3aa3fcf09320f3793c832f62b1d83a9/screenshot'
11:15:05.879 [Forwarding screenshot on session c3aa3fcf09320f3793c832f62b1d83a9 to remote] DEBUG org.asynchttpclient.netty.request.NettyRequestSender - Using open Channel [id: 0x03a68c1f, L:/127.0.0.1:52576 - R:localhost/127.0.0.1:58191] for GET '/session/c3aa3fcf09320f3793c832f62b1d83a9/screenshot'
11:15:06.051 [AsyncHttpClient-1-8] DEBUG org.asynchttpclient.netty.handler.HttpHandler - 

Request DefaultFullHttpRequest(decodeResult: success, version: HTTP/1.1, content: EmptyByteBufBE)
GET /session/c3aa3fcf09320f3793c832f62b1d83a9/screenshot HTTP/1.1
User-Agent: selenium/4.4.0 (java windows)
Cache-Control: no-cache
Content-Type: application/json; charset=utf-8
host: localhost:58191
accept: */*

Response DefaultHttpResponse(decodeResult: success, version: HTTP/1.1)
HTTP/1.1 200 OK
Content-Type: application/json; charset=utf-8
cache-control: no-cache
content-length: 458280

11:15:06.052 [AsyncHttpClient-1-8] DEBUG org.asynchttpclient.netty.channel.ChannelManager - Adding key: http://localhost:58191 for channel [id: 0x03a68c1f, L:/127.0.0.1:52576 - R:localhost/127.0.0.1:58191]
11:15:06.057 [main] DEBUG net.serenitybdd.core.photography.Darkroom - Send negative for processing for target\site\serenity\45da4bd57e2da19ca0e49dd6d4a4ac2c6f2201d8ce82fab8d85f8702f5782b46.png
11:15:06.058 [main] DEBUG net.thucydides.core.steps.StepInterceptor - STEP DONE: el usuario escribe su usuario {usuario}, su password {password} y pulsa el boton Login
  &amp#27;[32mAnd &amp#27;[0m&amp#27;[32mel usuario se logea correctamente&amp#27;[0m                                                                      &amp#27;[90m# Step.ComprarDispositivosElectronicosStep.el_usuario_se_logea_correctamente(io.cucumber.datatable.DataTable)&amp#27;[0m
    | nombre | password |
    | Mark26 | Mark26   |
11:15:06.063 [main] DEBUG net.thucydides.core.steps.StepInterceptor - STARTING STEP: ComprarDispositivosElectronicosStep.el_usuario_se_encuentra_en_la_pagina_home - Navega a la pestaña home
11:15:06.064 [Forwarding findElement on session c3aa3fcf09320f3793c832f62b1d83a9 to remote] DEBUG org.asynchttpclient.netty.request.NettyRequestSender - Using pooled Channel '[id: 0x03a68c1f, L:/127.0.0.1:52576 - R:localhost/127.0.0.1:58191]' for 'POST' to 'http://localhost:58191/session/c3aa3fcf09320f3793c832f62b1d83a9/element'
11:15:06.064 [Forwarding findElement on session c3aa3fcf09320f3793c832f62b1d83a9 to remote] DEBUG org.asynchttpclient.netty.request.NettyRequestSender - Using open Channel [id: 0x03a68c1f, L:/127.0.0.1:52576 - R:localhost/127.0.0.1:58191] for POST '/session/c3aa3fcf09320f3793c832f62b1d83a9/element'
11:15:06.073 [AsyncHttpClient-1-8] DEBUG org.asynchttpclient.netty.handler.HttpHandler - 

Request DefaultHttpRequest(decodeResult: success, version: HTTP/1.1)
POST /session/c3aa3fcf09320f3793c832f62b1d83a9/element HTTP/1.1
User-Agent: selenium/4.4.0 (java windows)
Content-Length: 70
Content-Type: application/json; charset=utf-8
host: localhost:58191
accept: */*

Response DefaultHttpResponse(decodeResult: success, version: HTTP/1.1)
HTTP/1.1 200 OK
Content-Type: application/json; charset=utf-8
cache-control: no-cache
content-length: 95

11:15:06.073 [AsyncHttpClient-1-8] DEBUG org.asynchttpclient.netty.channel.ChannelManager - Adding key: http://localhost:58191 for channel [id: 0x03a68c1f, L:/127.0.0.1:52576 - R:localhost/127.0.0.1:58191]
11:15:06.075 [Forwarding isElementDisplayed on session c3aa3fcf09320f3793c832f62b1d83a9 to remote] DEBUG org.asynchttpclient.netty.request.NettyRequestSender - Using pooled Channel '[id: 0x03a68c1f, L:/127.0.0.1:52576 - R:localhost/127.0.0.1:58191]' for 'POST' to 'http://localhost:58191/session/c3aa3fcf09320f3793c832f62b1d83a9/execute/sync'
11:15:06.075 [Forwarding isElementDisplayed on session c3aa3fcf09320f3793c832f62b1d83a9 to remote] DEBUG org.asynchttpclient.netty.request.NettyRequestSender - Using open Channel [id: 0x03a68c1f, L:/127.0.0.1:52576 - R:localhost/127.0.0.1:58191] for POST '/session/c3aa3fcf09320f3793c832f62b1d83a9/execute/sync'
11:15:06.083 [AsyncHttpClient-1-8] DEBUG org.asynchttpclient.netty.handler.HttpHandler - 

Request DefaultHttpRequest(decodeResult: success, version: HTTP/1.1)
POST /session/c3aa3fcf09320f3793c832f62b1d83a9/execute/sync HTTP/1.1
User-Agent: selenium/4.4.0 (java windows)
Content-Length: 48787
Content-Type: application/json; charset=utf-8
host: localhost:58191
accept: */*

Response DefaultHttpResponse(decodeResult: success, version: HTTP/1.1)
HTTP/1.1 200 OK
Content-Type: application/json; charset=utf-8
cache-control: no-cache
content-length: 14

11:15:06.084 [AsyncHttpClient-1-8] DEBUG org.asynchttpclient.netty.channel.ChannelManager - Adding key: http://localhost:58191 for channel [id: 0x03a68c1f, L:/127.0.0.1:52576 - R:localhost/127.0.0.1:58191]
11:15:06.086 [Forwarding isElementDisplayed on session c3aa3fcf09320f3793c832f62b1d83a9 to remote] DEBUG org.asynchttpclient.netty.request.NettyRequestSender - Using pooled Channel '[id: 0x03a68c1f, L:/127.0.0.1:52576 - R:localhost/127.0.0.1:58191]' for 'POST' to 'http://localhost:58191/session/c3aa3fcf09320f3793c832f62b1d83a9/execute/sync'
11:15:06.086 [Forwarding isElementDisplayed on session c3aa3fcf09320f3793c832f62b1d83a9 to remote] DEBUG org.asynchttpclient.netty.request.NettyRequestSender - Using open Channel [id: 0x03a68c1f, L:/127.0.0.1:52576 - R:localhost/127.0.0.1:58191] for POST '/session/c3aa3fcf09320f3793c832f62b1d83a9/execute/sync'
11:15:06.093 [AsyncHttpClient-1-8] DEBUG org.asynchttpclient.netty.handler.HttpHandler - 

Request DefaultHttpRequest(decodeResult: success, version: HTTP/1.1)
POST /session/c3aa3fcf09320f3793c832f62b1d83a9/execute/sync HTTP/1.1
User-Agent: selenium/4.4.0 (java windows)
Content-Length: 48787
Content-Type: application/json; charset=utf-8
host: localhost:58191
accept: */*

Response DefaultHttpResponse(decodeResult: success, version: HTTP/1.1)
HTTP/1.1 200 OK
Content-Type: application/json; charset=utf-8
cache-control: no-cache
content-length: 14

11:15:06.093 [AsyncHttpClient-1-8] DEBUG org.asynchttpclient.netty.channel.ChannelManager - Adding key: http://localhost:58191 for channel [id: 0x03a68c1f, L:/127.0.0.1:52576 - R:localhost/127.0.0.1:58191]
11:15:06.095 [Forwarding findElement on session c3aa3fcf09320f3793c832f62b1d83a9 to remote] DEBUG org.asynchttpclient.netty.request.NettyRequestSender - Using pooled Channel '[id: 0x03a68c1f, L:/127.0.0.1:52576 - R:localhost/127.0.0.1:58191]' for 'POST' to 'http://localhost:58191/session/c3aa3fcf09320f3793c832f62b1d83a9/element'
11:15:06.095 [Forwarding findElement on session c3aa3fcf09320f3793c832f62b1d83a9 to remote] DEBUG org.asynchttpclient.netty.request.NettyRequestSender - Using open Channel [id: 0x03a68c1f, L:/127.0.0.1:52576 - R:localhost/127.0.0.1:58191] for POST '/session/c3aa3fcf09320f3793c832f62b1d83a9/element'
11:15:06.100 [AsyncHttpClient-1-8] DEBUG org.asynchttpclient.netty.handler.HttpHandler - 

Request DefaultHttpRequest(decodeResult: success, version: HTTP/1.1)
POST /session/c3aa3fcf09320f3793c832f62b1d83a9/element HTTP/1.1
User-Agent: selenium/4.4.0 (java windows)
Content-Length: 70
Content-Type: application/json; charset=utf-8
host: localhost:58191
accept: */*

Response DefaultHttpResponse(decodeResult: success, version: HTTP/1.1)
HTTP/1.1 200 OK
Content-Type: application/json; charset=utf-8
cache-control: no-cache
content-length: 95

11:15:06.100 [AsyncHttpClient-1-8] DEBUG org.asynchttpclient.netty.channel.ChannelManager - Adding key: http://localhost:58191 for channel [id: 0x03a68c1f, L:/127.0.0.1:52576 - R:localhost/127.0.0.1:58191]
11:15:06.102 [Forwarding isElementDisplayed on session c3aa3fcf09320f3793c832f62b1d83a9 to remote] DEBUG org.asynchttpclient.netty.request.NettyRequestSender - Using pooled Channel '[id: 0x03a68c1f, L:/127.0.0.1:52576 - R:localhost/127.0.0.1:58191]' for 'POST' to 'http://localhost:58191/session/c3aa3fcf09320f3793c832f62b1d83a9/execute/sync'
11:15:06.102 [Forwarding isElementDisplayed on session c3aa3fcf09320f3793c832f62b1d83a9 to remote] DEBUG org.asynchttpclient.netty.request.NettyRequestSender - Using open Channel [id: 0x03a68c1f, L:/127.0.0.1:52576 - R:localhost/127.0.0.1:58191] for POST '/session/c3aa3fcf09320f3793c832f62b1d83a9/execute/sync'
11:15:06.108 [AsyncHttpClient-1-8] DEBUG org.asynchttpclient.netty.handler.HttpHandler - 

Request DefaultHttpRequest(decodeResult: success, version: HTTP/1.1)
POST /session/c3aa3fcf09320f3793c832f62b1d83a9/execute/sync HTTP/1.1
User-Agent: selenium/4.4.0 (java windows)
Content-Length: 48787
Content-Type: application/json; charset=utf-8
host: localhost:58191
accept: */*

Response DefaultHttpResponse(decodeResult: success, version: HTTP/1.1)
HTTP/1.1 200 OK
Content-Type: application/json; charset=utf-8
cache-control: no-cache
content-length: 14

11:15:06.108 [AsyncHttpClient-1-8] DEBUG org.asynchttpclient.netty.channel.ChannelManager - Adding key: http://localhost:58191 for channel [id: 0x03a68c1f, L:/127.0.0.1:52576 - R:localhost/127.0.0.1:58191]
11:15:06.108 [Forwarding isElementEnabled on session c3aa3fcf09320f3793c832f62b1d83a9 to remote] DEBUG org.asynchttpclient.netty.request.NettyRequestSender - Using pooled Channel '[id: 0x03a68c1f, L:/127.0.0.1:52576 - R:localhost/127.0.0.1:58191]' for 'GET' to 'http://localhost:58191/session/c3aa3fcf09320f3793c832f62b1d83a9/element/8081C94543AABF15F39CA960C084018F_element_53/enabled'
11:15:06.108 [Forwarding isElementEnabled on session c3aa3fcf09320f3793c832f62b1d83a9 to remote] DEBUG org.asynchttpclient.netty.request.NettyRequestSender - Using open Channel [id: 0x03a68c1f, L:/127.0.0.1:52576 - R:localhost/127.0.0.1:58191] for GET '/session/c3aa3fcf09320f3793c832f62b1d83a9/element/8081C94543AABF15F39CA960C084018F_element_53/enabled'
11:15:06.112 [AsyncHttpClient-1-8] DEBUG org.asynchttpclient.netty.handler.HttpHandler - 

Request DefaultFullHttpRequest(decodeResult: success, version: HTTP/1.1, content: EmptyByteBufBE)
GET /session/c3aa3fcf09320f3793c832f62b1d83a9/element/8081C94543AABF15F39CA960C084018F_element_53/enabled HTTP/1.1
User-Agent: selenium/4.4.0 (java windows)
Cache-Control: no-cache
Content-Type: application/json; charset=utf-8
host: localhost:58191
accept: */*

Response DefaultHttpResponse(decodeResult: success, version: HTTP/1.1)
HTTP/1.1 200 OK
Content-Type: application/json; charset=utf-8
cache-control: no-cache
content-length: 14

11:15:06.112 [AsyncHttpClient-1-8] DEBUG org.asynchttpclient.netty.channel.ChannelManager - Adding key: http://localhost:58191 for channel [id: 0x03a68c1f, L:/127.0.0.1:52576 - R:localhost/127.0.0.1:58191]
11:15:06.114 [Forwarding findElement on session c3aa3fcf09320f3793c832f62b1d83a9 to remote] DEBUG org.asynchttpclient.netty.request.NettyRequestSender - Using pooled Channel '[id: 0x03a68c1f, L:/127.0.0.1:52576 - R:localhost/127.0.0.1:58191]' for 'POST' to 'http://localhost:58191/session/c3aa3fcf09320f3793c832f62b1d83a9/element'
11:15:06.114 [Forwarding findElement on session c3aa3fcf09320f3793c832f62b1d83a9 to remote] DEBUG org.asynchttpclient.netty.request.NettyRequestSender - Using open Channel [id: 0x03a68c1f, L:/127.0.0.1:52576 - R:localhost/127.0.0.1:58191] for POST '/session/c3aa3fcf09320f3793c832f62b1d83a9/element'
11:15:06.119 [AsyncHttpClient-1-8] DEBUG org.asynchttpclient.netty.handler.HttpHandler - 

Request DefaultHttpRequest(decodeResult: success, version: HTTP/1.1)
POST /session/c3aa3fcf09320f3793c832f62b1d83a9/element HTTP/1.1
User-Agent: selenium/4.4.0 (java windows)
Content-Length: 70
Content-Type: application/json; charset=utf-8
host: localhost:58191
accept: */*

Response DefaultHttpResponse(decodeResult: success, version: HTTP/1.1)
HTTP/1.1 200 OK
Content-Type: application/json; charset=utf-8
cache-control: no-cache
content-length: 95

11:15:06.119 [AsyncHttpClient-1-8] DEBUG org.asynchttpclient.netty.channel.ChannelManager - Adding key: http://localhost:58191 for channel [id: 0x03a68c1f, L:/127.0.0.1:52576 - R:localhost/127.0.0.1:58191]
11:15:06.121 [Forwarding isElementDisplayed on session c3aa3fcf09320f3793c832f62b1d83a9 to remote] DEBUG org.asynchttpclient.netty.request.NettyRequestSender - Using pooled Channel '[id: 0x03a68c1f, L:/127.0.0.1:52576 - R:localhost/127.0.0.1:58191]' for 'POST' to 'http://localhost:58191/session/c3aa3fcf09320f3793c832f62b1d83a9/execute/sync'
11:15:06.122 [Forwarding isElementDisplayed on session c3aa3fcf09320f3793c832f62b1d83a9 to remote] DEBUG org.asynchttpclient.netty.request.NettyRequestSender - Using open Channel [id: 0x03a68c1f, L:/127.0.0.1:52576 - R:localhost/127.0.0.1:58191] for POST '/session/c3aa3fcf09320f3793c832f62b1d83a9/execute/sync'
11:15:06.129 [AsyncHttpClient-1-8] DEBUG org.asynchttpclient.netty.handler.HttpHandler - 

Request DefaultHttpRequest(decodeResult: success, version: HTTP/1.1)
POST /session/c3aa3fcf09320f3793c832f62b1d83a9/execute/sync HTTP/1.1
User-Agent: selenium/4.4.0 (java windows)
Content-Length: 48787
Content-Type: application/json; charset=utf-8
host: localhost:58191
accept: */*

Response DefaultHttpResponse(decodeResult: success, version: HTTP/1.1)
HTTP/1.1 200 OK
Content-Type: application/json; charset=utf-8
cache-control: no-cache
content-length: 14

11:15:06.129 [AsyncHttpClient-1-8] DEBUG org.asynchttpclient.netty.channel.ChannelManager - Adding key: http://localhost:58191 for channel [id: 0x03a68c1f, L:/127.0.0.1:52576 - R:localhost/127.0.0.1:58191]
11:15:06.131 [Forwarding findElement on session c3aa3fcf09320f3793c832f62b1d83a9 to remote] DEBUG org.asynchttpclient.netty.request.NettyRequestSender - Using pooled Channel '[id: 0x03a68c1f, L:/127.0.0.1:52576 - R:localhost/127.0.0.1:58191]' for 'POST' to 'http://localhost:58191/session/c3aa3fcf09320f3793c832f62b1d83a9/element'
11:15:06.131 [Forwarding findElement on session c3aa3fcf09320f3793c832f62b1d83a9 to remote] DEBUG org.asynchttpclient.netty.request.NettyRequestSender - Using open Channel [id: 0x03a68c1f, L:/127.0.0.1:52576 - R:localhost/127.0.0.1:58191] for POST '/session/c3aa3fcf09320f3793c832f62b1d83a9/element'
11:15:06.137 [AsyncHttpClient-1-8] DEBUG org.asynchttpclient.netty.handler.HttpHandler - 

Request DefaultHttpRequest(decodeResult: success, version: HTTP/1.1)
POST /session/c3aa3fcf09320f3793c832f62b1d83a9/element HTTP/1.1
User-Agent: selenium/4.4.0 (java windows)
Content-Length: 70
Content-Type: application/json; charset=utf-8
host: localhost:58191
accept: */*

Response DefaultHttpResponse(decodeResult: success, version: HTTP/1.1)
HTTP/1.1 200 OK
Content-Type: application/json; charset=utf-8
cache-control: no-cache
content-length: 95

11:15:06.137 [AsyncHttpClient-1-8] DEBUG org.asynchttpclient.netty.channel.ChannelManager - Adding key: http://localhost:58191 for channel [id: 0x03a68c1f, L:/127.0.0.1:52576 - R:localhost/127.0.0.1:58191]
11:15:06.139 [Forwarding isElementDisplayed on session c3aa3fcf09320f3793c832f62b1d83a9 to remote] DEBUG org.asynchttpclient.netty.request.NettyRequestSender - Using pooled Channel '[id: 0x03a68c1f, L:/127.0.0.1:52576 - R:localhost/127.0.0.1:58191]' for 'POST' to 'http://localhost:58191/session/c3aa3fcf09320f3793c832f62b1d83a9/execute/sync'
11:15:06.139 [Forwarding isElementDisplayed on session c3aa3fcf09320f3793c832f62b1d83a9 to remote] DEBUG org.asynchttpclient.netty.request.NettyRequestSender - Using open Channel [id: 0x03a68c1f, L:/127.0.0.1:52576 - R:localhost/127.0.0.1:58191] for POST '/session/c3aa3fcf09320f3793c832f62b1d83a9/execute/sync'
11:15:06.146 [AsyncHttpClient-1-8] DEBUG org.asynchttpclient.netty.handler.HttpHandler - 

Request DefaultHttpRequest(decodeResult: success, version: HTTP/1.1)
POST /session/c3aa3fcf09320f3793c832f62b1d83a9/execute/sync HTTP/1.1
User-Agent: selenium/4.4.0 (java windows)
Content-Length: 48787
Content-Type: application/json; charset=utf-8
host: localhost:58191
accept: */*

Response DefaultHttpResponse(decodeResult: success, version: HTTP/1.1)
HTTP/1.1 200 OK
Content-Type: application/json; charset=utf-8
cache-control: no-cache
content-length: 14

11:15:06.146 [AsyncHttpClient-1-8] DEBUG org.asynchttpclient.netty.channel.ChannelManager - Adding key: http://localhost:58191 for channel [id: 0x03a68c1f, L:/127.0.0.1:52576 - R:localhost/127.0.0.1:58191]
11:15:06.244 [AsyncHttpClient-1-1] DEBUG org.asynchttpclient.netty.channel.DefaultChannelPool - Entry count for : http://localhost:58191 : 1
11:15:06.244 [AsyncHttpClient-1-1] DEBUG org.asynchttpclient.netty.channel.DefaultChannelPool - Entry count for : http://localhost:52577 : 1
11:15:07.154 [Forwarding screenshot on session c3aa3fcf09320f3793c832f62b1d83a9 to remote] DEBUG org.asynchttpclient.netty.request.NettyRequestSender - Using pooled Channel '[id: 0x03a68c1f, L:/127.0.0.1:52576 - R:localhost/127.0.0.1:58191]' for 'GET' to 'http://localhost:58191/session/c3aa3fcf09320f3793c832f62b1d83a9/screenshot'
11:15:07.154 [Forwarding screenshot on session c3aa3fcf09320f3793c832f62b1d83a9 to remote] DEBUG org.asynchttpclient.netty.request.NettyRequestSender - Using open Channel [id: 0x03a68c1f, L:/127.0.0.1:52576 - R:localhost/127.0.0.1:58191] for GET '/session/c3aa3fcf09320f3793c832f62b1d83a9/screenshot'
11:15:07.306 [AsyncHttpClient-1-8] DEBUG org.asynchttpclient.netty.handler.HttpHandler - 

Request DefaultFullHttpRequest(decodeResult: success, version: HTTP/1.1, content: EmptyByteBufBE)
GET /session/c3aa3fcf09320f3793c832f62b1d83a9/screenshot HTTP/1.1
User-Agent: selenium/4.4.0 (java windows)
Cache-Control: no-cache
Content-Type: application/json; charset=utf-8
host: localhost:58191
accept: */*

Response DefaultHttpResponse(decodeResult: success, version: HTTP/1.1)
HTTP/1.1 200 OK
Content-Type: application/json; charset=utf-8
cache-control: no-cache
content-length: 458280

11:15:07.306 [AsyncHttpClient-1-8] DEBUG org.asynchttpclient.netty.channel.ChannelManager - Adding key: http://localhost:58191 for channel [id: 0x03a68c1f, L:/127.0.0.1:52576 - R:localhost/127.0.0.1:58191]
11:15:07.318 [Forwarding findElement on session c3aa3fcf09320f3793c832f62b1d83a9 to remote] DEBUG org.asynchttpclient.netty.request.NettyRequestSender - Using pooled Channel '[id: 0x03a68c1f, L:/127.0.0.1:52576 - R:localhost/127.0.0.1:58191]' for 'POST' to 'http://localhost:58191/session/c3aa3fcf09320f3793c832f62b1d83a9/element'
11:15:07.318 [Forwarding findElement on session c3aa3fcf09320f3793c832f62b1d83a9 to remote] DEBUG org.asynchttpclient.netty.request.NettyRequestSender - Using open Channel [id: 0x03a68c1f, L:/127.0.0.1:52576 - R:localhost/127.0.0.1:58191] for POST '/session/c3aa3fcf09320f3793c832f62b1d83a9/element'
11:15:07.327 [AsyncHttpClient-1-8] DEBUG org.asynchttpclient.netty.handler.HttpHandler - 

Request DefaultHttpRequest(decodeResult: success, version: HTTP/1.1)
POST /session/c3aa3fcf09320f3793c832f62b1d83a9/element HTTP/1.1
User-Agent: selenium/4.4.0 (java windows)
Content-Length: 70
Content-Type: application/json; charset=utf-8
host: localhost:58191
accept: */*

Response DefaultHttpResponse(decodeResult: success, version: HTTP/1.1)
HTTP/1.1 200 OK
Content-Type: application/json; charset=utf-8
cache-control: no-cache
content-length: 95

11:15:07.327 [AsyncHttpClient-1-8] DEBUG org.asynchttpclient.netty.channel.ChannelManager - Adding key: http://localhost:58191 for channel [id: 0x03a68c1f, L:/127.0.0.1:52576 - R:localhost/127.0.0.1:58191]
11:15:07.329 [Forwarding isElementDisplayed on session c3aa3fcf09320f3793c832f62b1d83a9 to remote] DEBUG org.asynchttpclient.netty.request.NettyRequestSender - Using pooled Channel '[id: 0x03a68c1f, L:/127.0.0.1:52576 - R:localhost/127.0.0.1:58191]' for 'POST' to 'http://localhost:58191/session/c3aa3fcf09320f3793c832f62b1d83a9/execute/sync'
11:15:07.329 [Forwarding isElementDisplayed on session c3aa3fcf09320f3793c832f62b1d83a9 to remote] DEBUG org.asynchttpclient.netty.request.NettyRequestSender - Using open Channel [id: 0x03a68c1f, L:/127.0.0.1:52576 - R:localhost/127.0.0.1:58191] for POST '/session/c3aa3fcf09320f3793c832f62b1d83a9/execute/sync'
11:15:07.337 [AsyncHttpClient-1-8] DEBUG org.asynchttpclient.netty.handler.HttpHandler - 

Request DefaultHttpRequest(decodeResult: success, version: HTTP/1.1)
POST /session/c3aa3fcf09320f3793c832f62b1d83a9/execute/sync HTTP/1.1
User-Agent: selenium/4.4.0 (java windows)
Content-Length: 48787
Content-Type: application/json; charset=utf-8
host: localhost:58191
accept: */*

Response DefaultHttpResponse(decodeResult: success, version: HTTP/1.1)
HTTP/1.1 200 OK
Content-Type: application/json; charset=utf-8
cache-control: no-cache
content-length: 14

11:15:07.337 [AsyncHttpClient-1-8] DEBUG org.asynchttpclient.netty.channel.ChannelManager - Adding key: http://localhost:58191 for channel [id: 0x03a68c1f, L:/127.0.0.1:52576 - R:localhost/127.0.0.1:58191]
11:15:07.337 [Forwarding clickElement on session c3aa3fcf09320f3793c832f62b1d83a9 to remote] DEBUG org.asynchttpclient.netty.request.NettyRequestSender - Using pooled Channel '[id: 0x03a68c1f, L:/127.0.0.1:52576 - R:localhost/127.0.0.1:58191]' for 'POST' to 'http://localhost:58191/session/c3aa3fcf09320f3793c832f62b1d83a9/element/8081C94543AABF15F39CA960C084018F_element_53/click'
11:15:07.337 [Forwarding clickElement on session c3aa3fcf09320f3793c832f62b1d83a9 to remote] DEBUG org.asynchttpclient.netty.request.NettyRequestSender - Using open Channel [id: 0x03a68c1f, L:/127.0.0.1:52576 - R:localhost/127.0.0.1:58191] for POST '/session/c3aa3fcf09320f3793c832f62b1d83a9/element/8081C94543AABF15F39CA960C084018F_element_53/click'
11:15:07.344 [AsyncHttpClient-1-1] DEBUG org.asynchttpclient.netty.channel.DefaultChannelPool - Entry count for : http://localhost:52577 : 1
11:15:07.410 [AsyncHttpClient-1-8] DEBUG org.asynchttpclient.netty.handler.HttpHandler - 

Request DefaultHttpRequest(decodeResult: success, version: HTTP/1.1)
POST /session/c3aa3fcf09320f3793c832f62b1d83a9/element/8081C94543AABF15F39CA960C084018F_element_53/click HTTP/1.1
User-Agent: selenium/4.4.0 (java windows)
Content-Length: 57
Content-Type: application/json; charset=utf-8
host: localhost:58191
accept: */*

Response DefaultHttpResponse(decodeResult: success, version: HTTP/1.1)
HTTP/1.1 200 OK
Content-Type: application/json; charset=utf-8
cache-control: no-cache
content-length: 14

11:15:07.411 [AsyncHttpClient-1-8] DEBUG org.asynchttpclient.netty.channel.ChannelManager - Adding key: http://localhost:58191 for channel [id: 0x03a68c1f, L:/127.0.0.1:52576 - R:localhost/127.0.0.1:58191]
11:15:07.418 [Forwarding getCurrentWindowHandle on session c3aa3fcf09320f3793c832f62b1d83a9 to remote] DEBUG org.asynchttpclient.netty.request.NettyRequestSender - Using pooled Channel '[id: 0x03a68c1f, L:/127.0.0.1:52576 - R:localhost/127.0.0.1:58191]' for 'GET' to 'http://localhost:58191/session/c3aa3fcf09320f3793c832f62b1d83a9/window'
11:15:07.418 [Forwarding getCurrentWindowHandle on session c3aa3fcf09320f3793c832f62b1d83a9 to remote] DEBUG org.asynchttpclient.netty.request.NettyRequestSender - Using open Channel [id: 0x03a68c1f, L:/127.0.0.1:52576 - R:localhost/127.0.0.1:58191] for GET '/session/c3aa3fcf09320f3793c832f62b1d83a9/window'
11:15:07.419 [AsyncHttpClient-1-8] DEBUG org.asynchttpclient.netty.handler.HttpHandler - 

Request DefaultFullHttpRequest(decodeResult: success, version: HTTP/1.1, content: EmptyByteBufBE)
GET /session/c3aa3fcf09320f3793c832f62b1d83a9/window HTTP/1.1
User-Agent: selenium/4.4.0 (java windows)
Cache-Control: no-cache
Content-Type: application/json; charset=utf-8
host: localhost:58191
accept: */*

Response DefaultHttpResponse(decodeResult: success, version: HTTP/1.1)
HTTP/1.1 200 OK
Content-Type: application/json; charset=utf-8
cache-control: no-cache
content-length: 44

11:15:07.419 [AsyncHttpClient-1-8] DEBUG org.asynchttpclient.netty.channel.ChannelManager - Adding key: http://localhost:58191 for channel [id: 0x03a68c1f, L:/127.0.0.1:52576 - R:localhost/127.0.0.1:58191]
11:15:07.420 [Forwarding getAlertText on session c3aa3fcf09320f3793c832f62b1d83a9 to remote] DEBUG org.asynchttpclient.netty.request.NettyRequestSender - Using pooled Channel '[id: 0x03a68c1f, L:/127.0.0.1:52576 - R:localhost/127.0.0.1:58191]' for 'GET' to 'http://localhost:58191/session/c3aa3fcf09320f3793c832f62b1d83a9/alert/text'
11:15:07.420 [Forwarding getAlertText on session c3aa3fcf09320f3793c832f62b1d83a9 to remote] DEBUG org.asynchttpclient.netty.request.NettyRequestSender - Using open Channel [id: 0x03a68c1f, L:/127.0.0.1:52576 - R:localhost/127.0.0.1:58191] for GET '/session/c3aa3fcf09320f3793c832f62b1d83a9/alert/text'
11:15:07.424 [AsyncHttpClient-1-8] DEBUG org.asynchttpclient.netty.handler.HttpHandler - 

Request DefaultFullHttpRequest(decodeResult: success, version: HTTP/1.1, content: EmptyByteBufBE)
GET /session/c3aa3fcf09320f3793c832f62b1d83a9/alert/text HTTP/1.1
User-Agent: selenium/4.4.0 (java windows)
Cache-Control: no-cache
Content-Type: application/json; charset=utf-8
host: localhost:58191
accept: */*

Response DefaultHttpResponse(decodeResult: success, version: HTTP/1.1)
HTTP/1.1 404 Not Found
Content-Type: application/json; charset=utf-8
cache-control: no-cache
content-length: 848

11:15:07.424 [AsyncHttpClient-1-8] DEBUG org.asynchttpclient.netty.channel.ChannelManager - Adding key: http://localhost:58191 for channel [id: 0x03a68c1f, L:/127.0.0.1:52576 - R:localhost/127.0.0.1:58191]
11:15:07.425 [Forwarding switchToWindow on session c3aa3fcf09320f3793c832f62b1d83a9 to remote] DEBUG org.asynchttpclient.netty.request.NettyRequestSender - Using pooled Channel '[id: 0x03a68c1f, L:/127.0.0.1:52576 - R:localhost/127.0.0.1:58191]' for 'POST' to 'http://localhost:58191/session/c3aa3fcf09320f3793c832f62b1d83a9/window'
11:15:07.425 [Forwarding switchToWindow on session c3aa3fcf09320f3793c832f62b1d83a9 to remote] DEBUG org.asynchttpclient.netty.request.NettyRequestSender - Using open Channel [id: 0x03a68c1f, L:/127.0.0.1:52576 - R:localhost/127.0.0.1:58191] for POST '/session/c3aa3fcf09320f3793c832f62b1d83a9/window'
11:15:07.427 [AsyncHttpClient-1-8] DEBUG org.asynchttpclient.netty.handler.HttpHandler - 

Request DefaultHttpRequest(decodeResult: success, version: HTTP/1.1)
POST /session/c3aa3fcf09320f3793c832f62b1d83a9/window HTTP/1.1
User-Agent: selenium/4.4.0 (java windows)
Content-Length: 50
Content-Type: application/json; charset=utf-8
host: localhost:58191
accept: */*

Response DefaultHttpResponse(decodeResult: success, version: HTTP/1.1)
HTTP/1.1 200 OK
Content-Type: application/json; charset=utf-8
cache-control: no-cache
content-length: 14

11:15:07.427 [AsyncHttpClient-1-8] DEBUG org.asynchttpclient.netty.channel.ChannelManager - Adding key: http://localhost:58191 for channel [id: 0x03a68c1f, L:/127.0.0.1:52576 - R:localhost/127.0.0.1:58191]
11:15:07.427 [Forwarding getCurrentUrl on session c3aa3fcf09320f3793c832f62b1d83a9 to remote] DEBUG org.asynchttpclient.netty.request.NettyRequestSender - Using pooled Channel '[id: 0x03a68c1f, L:/127.0.0.1:52576 - R:localhost/127.0.0.1:58191]' for 'GET' to 'http://localhost:58191/session/c3aa3fcf09320f3793c832f62b1d83a9/url'
11:15:07.428 [Forwarding getCurrentUrl on session c3aa3fcf09320f3793c832f62b1d83a9 to remote] DEBUG org.asynchttpclient.netty.request.NettyRequestSender - Using open Channel [id: 0x03a68c1f, L:/127.0.0.1:52576 - R:localhost/127.0.0.1:58191] for GET '/session/c3aa3fcf09320f3793c832f62b1d83a9/url'
11:15:07.434 [AsyncHttpClient-1-8] DEBUG org.asynchttpclient.netty.handler.HttpHandler - 

Request DefaultFullHttpRequest(decodeResult: success, version: HTTP/1.1, content: EmptyByteBufBE)
GET /session/c3aa3fcf09320f3793c832f62b1d83a9/url HTTP/1.1
User-Agent: selenium/4.4.0 (java windows)
Cache-Control: no-cache
Content-Type: application/json; charset=utf-8
host: localhost:58191
accept: */*

Response DefaultHttpResponse(decodeResult: success, version: HTTP/1.1)
HTTP/1.1 200 OK
Content-Type: application/json; charset=utf-8
cache-control: no-cache
content-length: 48

11:15:07.434 [AsyncHttpClient-1-8] DEBUG org.asynchttpclient.netty.channel.ChannelManager - Adding key: http://localhost:58191 for channel [id: 0x03a68c1f, L:/127.0.0.1:52576 - R:localhost/127.0.0.1:58191]
11:15:07.434 [Forwarding screenshot on session c3aa3fcf09320f3793c832f62b1d83a9 to remote] DEBUG org.asynchttpclient.netty.request.NettyRequestSender - Using pooled Channel '[id: 0x03a68c1f, L:/127.0.0.1:52576 - R:localhost/127.0.0.1:58191]' for 'GET' to 'http://localhost:58191/session/c3aa3fcf09320f3793c832f62b1d83a9/screenshot'
11:15:07.434 [Forwarding screenshot on session c3aa3fcf09320f3793c832f62b1d83a9 to remote] DEBUG org.asynchttpclient.netty.request.NettyRequestSender - Using open Channel [id: 0x03a68c1f, L:/127.0.0.1:52576 - R:localhost/127.0.0.1:58191] for GET '/session/c3aa3fcf09320f3793c832f62b1d83a9/screenshot'
11:15:07.693 [AsyncHttpClient-1-8] DEBUG org.asynchttpclient.netty.handler.HttpHandler - 

Request DefaultFullHttpRequest(decodeResult: success, version: HTTP/1.1, content: EmptyByteBufBE)
GET /session/c3aa3fcf09320f3793c832f62b1d83a9/screenshot HTTP/1.1
User-Agent: selenium/4.4.0 (java windows)
Cache-Control: no-cache
Content-Type: application/json; charset=utf-8
host: localhost:58191
accept: */*

Response DefaultHttpResponse(decodeResult: success, version: HTTP/1.1)
HTTP/1.1 200 OK
Content-Type: application/json; charset=utf-8
cache-control: no-cache
content-length: 292404

11:15:07.693 [AsyncHttpClient-1-8] DEBUG org.asynchttpclient.netty.channel.ChannelManager - Adding key: http://localhost:58191 for channel [id: 0x03a68c1f, L:/127.0.0.1:52576 - R:localhost/127.0.0.1:58191]
11:15:07.698 [main] DEBUG net.serenitybdd.core.photography.Darkroom - Send negative for processing for target\site\serenity\703ad106087763c34746c8a16e2c98c0bcd0e45371f249d16f6d507da6509af7.png
11:15:07.699 [main] DEBUG net.thucydides.core.steps.StepInterceptor - STEP DONE: Navega a la pestaña home
  &amp#27;[32mWhen &amp#27;[0m&amp#27;[32mel usuario se encuentra en la pagina home&amp#27;[0m                                                             &amp#27;[90m# Step.ComprarDispositivosElectronicosStep.el_usuario_se_encuentra_en_la_pagina_home()&amp#27;[0m
11:15:07.703 [main] DEBUG net.thucydides.core.steps.StepInterceptor - STARTING STEP: ComprarDispositivosElectronicosStep.el_usuario_se_dirige_a_la_categoria_de_ordenadores - Navega a la pestaña LAPTOPS
11:15:08.443 [AsyncHttpClient-1-1] DEBUG org.asynchttpclient.netty.channel.DefaultChannelPool - Entry count for : http://localhost:58191 : 1
11:15:08.443 [AsyncHttpClient-1-1] DEBUG org.asynchttpclient.netty.channel.DefaultChannelPool - Entry count for : http://localhost:52577 : 1
11:15:08.705 [Forwarding screenshot on session c3aa3fcf09320f3793c832f62b1d83a9 to remote] DEBUG org.asynchttpclient.netty.request.NettyRequestSender - Using pooled Channel '[id: 0x03a68c1f, L:/127.0.0.1:52576 - R:localhost/127.0.0.1:58191]' for 'GET' to 'http://localhost:58191/session/c3aa3fcf09320f3793c832f62b1d83a9/screenshot'
11:15:08.705 [Forwarding screenshot on session c3aa3fcf09320f3793c832f62b1d83a9 to remote] DEBUG org.asynchttpclient.netty.request.NettyRequestSender - Using open Channel [id: 0x03a68c1f, L:/127.0.0.1:52576 - R:localhost/127.0.0.1:58191] for GET '/session/c3aa3fcf09320f3793c832f62b1d83a9/screenshot'
11:15:08.857 [AsyncHttpClient-1-8] DEBUG org.asynchttpclient.netty.handler.HttpHandler - 

Request DefaultFullHttpRequest(decodeResult: success, version: HTTP/1.1, content: EmptyByteBufBE)
GET /session/c3aa3fcf09320f3793c832f62b1d83a9/screenshot HTTP/1.1
User-Agent: selenium/4.4.0 (java windows)
Cache-Control: no-cache
Content-Type: application/json; charset=utf-8
host: localhost:58191
accept: */*

Response DefaultHttpResponse(decodeResult: success, version: HTTP/1.1)
HTTP/1.1 200 OK
Content-Type: application/json; charset=utf-8
cache-control: no-cache
content-length: 458280

11:15:08.858 [AsyncHttpClient-1-8] DEBUG org.asynchttpclient.netty.channel.ChannelManager - Adding key: http://localhost:58191 for channel [id: 0x03a68c1f, L:/127.0.0.1:52576 - R:localhost/127.0.0.1:58191]
11:15:08.869 [Forwarding findElement on session c3aa3fcf09320f3793c832f62b1d83a9 to remote] DEBUG org.asynchttpclient.netty.request.NettyRequestSender - Using pooled Channel '[id: 0x03a68c1f, L:/127.0.0.1:52576 - R:localhost/127.0.0.1:58191]' for 'POST' to 'http://localhost:58191/session/c3aa3fcf09320f3793c832f62b1d83a9/element'
11:15:08.869 [Forwarding findElement on session c3aa3fcf09320f3793c832f62b1d83a9 to remote] DEBUG org.asynchttpclient.netty.request.NettyRequestSender - Using open Channel [id: 0x03a68c1f, L:/127.0.0.1:52576 - R:localhost/127.0.0.1:58191] for POST '/session/c3aa3fcf09320f3793c832f62b1d83a9/element'
11:15:08.881 [AsyncHttpClient-1-8] DEBUG org.asynchttpclient.netty.handler.HttpHandler - 

Request DefaultHttpRequest(decodeResult: success, version: HTTP/1.1)
POST /session/c3aa3fcf09320f3793c832f62b1d83a9/element HTTP/1.1
User-Agent: selenium/4.4.0 (java windows)
Content-Length: 78
Content-Type: application/json; charset=utf-8
host: localhost:58191
accept: */*

Response DefaultHttpResponse(decodeResult: success, version: HTTP/1.1)
HTTP/1.1 200 OK
Content-Type: application/json; charset=utf-8
cache-control: no-cache
content-length: 95

11:15:08.881 [AsyncHttpClient-1-8] DEBUG org.asynchttpclient.netty.channel.ChannelManager - Adding key: http://localhost:58191 for channel [id: 0x03a68c1f, L:/127.0.0.1:52576 - R:localhost/127.0.0.1:58191]
11:15:08.883 [Forwarding isElementDisplayed on session c3aa3fcf09320f3793c832f62b1d83a9 to remote] DEBUG org.asynchttpclient.netty.request.NettyRequestSender - Using pooled Channel '[id: 0x03a68c1f, L:/127.0.0.1:52576 - R:localhost/127.0.0.1:58191]' for 'POST' to 'http://localhost:58191/session/c3aa3fcf09320f3793c832f62b1d83a9/execute/sync'
11:15:08.883 [Forwarding isElementDisplayed on session c3aa3fcf09320f3793c832f62b1d83a9 to remote] DEBUG org.asynchttpclient.netty.request.NettyRequestSender - Using open Channel [id: 0x03a68c1f, L:/127.0.0.1:52576 - R:localhost/127.0.0.1:58191] for POST '/session/c3aa3fcf09320f3793c832f62b1d83a9/execute/sync'
11:15:08.892 [AsyncHttpClient-1-8] DEBUG org.asynchttpclient.netty.handler.HttpHandler - 

Request DefaultHttpRequest(decodeResult: success, version: HTTP/1.1)
POST /session/c3aa3fcf09320f3793c832f62b1d83a9/execute/sync HTTP/1.1
User-Agent: selenium/4.4.0 (java windows)
Content-Length: 48787
Content-Type: application/json; charset=utf-8
host: localhost:58191
accept: */*

Response DefaultHttpResponse(decodeResult: success, version: HTTP/1.1)
HTTP/1.1 200 OK
Content-Type: application/json; charset=utf-8
cache-control: no-cache
content-length: 14

11:15:08.892 [AsyncHttpClient-1-8] DEBUG org.asynchttpclient.netty.channel.ChannelManager - Adding key: http://localhost:58191 for channel [id: 0x03a68c1f, L:/127.0.0.1:52576 - R:localhost/127.0.0.1:58191]
11:15:08.894 [Forwarding isElementDisplayed on session c3aa3fcf09320f3793c832f62b1d83a9 to remote] DEBUG org.asynchttpclient.netty.request.NettyRequestSender - Using pooled Channel '[id: 0x03a68c1f, L:/127.0.0.1:52576 - R:localhost/127.0.0.1:58191]' for 'POST' to 'http://localhost:58191/session/c3aa3fcf09320f3793c832f62b1d83a9/execute/sync'
11:15:08.894 [Forwarding isElementDisplayed on session c3aa3fcf09320f3793c832f62b1d83a9 to remote] DEBUG org.asynchttpclient.netty.request.NettyRequestSender - Using open Channel [id: 0x03a68c1f, L:/127.0.0.1:52576 - R:localhost/127.0.0.1:58191] for POST '/session/c3aa3fcf09320f3793c832f62b1d83a9/execute/sync'
11:15:08.899 [AsyncHttpClient-1-8] DEBUG org.asynchttpclient.netty.handler.HttpHandler - 

Request DefaultHttpRequest(decodeResult: success, version: HTTP/1.1)
POST /session/c3aa3fcf09320f3793c832f62b1d83a9/execute/sync HTTP/1.1
User-Agent: selenium/4.4.0 (java windows)
Content-Length: 48787
Content-Type: application/json; charset=utf-8
host: localhost:58191
accept: */*

Response DefaultHttpResponse(decodeResult: success, version: HTTP/1.1)
HTTP/1.1 200 OK
Content-Type: application/json; charset=utf-8
cache-control: no-cache
content-length: 14

11:15:08.900 [AsyncHttpClient-1-8] DEBUG org.asynchttpclient.netty.channel.ChannelManager - Adding key: http://localhost:58191 for channel [id: 0x03a68c1f, L:/127.0.0.1:52576 - R:localhost/127.0.0.1:58191]
11:15:08.901 [Forwarding findElement on session c3aa3fcf09320f3793c832f62b1d83a9 to remote] DEBUG org.asynchttpclient.netty.request.NettyRequestSender - Using pooled Channel '[id: 0x03a68c1f, L:/127.0.0.1:52576 - R:localhost/127.0.0.1:58191]' for 'POST' to 'http://localhost:58191/session/c3aa3fcf09320f3793c832f62b1d83a9/element'
11:15:08.901 [Forwarding findElement on session c3aa3fcf09320f3793c832f62b1d83a9 to remote] DEBUG org.asynchttpclient.netty.request.NettyRequestSender - Using open Channel [id: 0x03a68c1f, L:/127.0.0.1:52576 - R:localhost/127.0.0.1:58191] for POST '/session/c3aa3fcf09320f3793c832f62b1d83a9/element'
11:15:08.905 [AsyncHttpClient-1-8] DEBUG org.asynchttpclient.netty.handler.HttpHandler - 

Request DefaultHttpRequest(decodeResult: success, version: HTTP/1.1)
POST /session/c3aa3fcf09320f3793c832f62b1d83a9/element HTTP/1.1
User-Agent: selenium/4.4.0 (java windows)
Content-Length: 78
Content-Type: application/json; charset=utf-8
host: localhost:58191
accept: */*

Response DefaultHttpResponse(decodeResult: success, version: HTTP/1.1)
HTTP/1.1 200 OK
Content-Type: application/json; charset=utf-8
cache-control: no-cache
content-length: 95

11:15:08.905 [AsyncHttpClient-1-8] DEBUG org.asynchttpclient.netty.channel.ChannelManager - Adding key: http://localhost:58191 for channel [id: 0x03a68c1f, L:/127.0.0.1:52576 - R:localhost/127.0.0.1:58191]
11:15:08.906 [Forwarding isElementDisplayed on session c3aa3fcf09320f3793c832f62b1d83a9 to remote] DEBUG org.asynchttpclient.netty.request.NettyRequestSender - Using pooled Channel '[id: 0x03a68c1f, L:/127.0.0.1:52576 - R:localhost/127.0.0.1:58191]' for 'POST' to 'http://localhost:58191/session/c3aa3fcf09320f3793c832f62b1d83a9/execute/sync'
11:15:08.907 [Forwarding isElementDisplayed on session c3aa3fcf09320f3793c832f62b1d83a9 to remote] DEBUG org.asynchttpclient.netty.request.NettyRequestSender - Using open Channel [id: 0x03a68c1f, L:/127.0.0.1:52576 - R:localhost/127.0.0.1:58191] for POST '/session/c3aa3fcf09320f3793c832f62b1d83a9/execute/sync'
11:15:08.911 [AsyncHttpClient-1-8] DEBUG org.asynchttpclient.netty.handler.HttpHandler - 

Request DefaultHttpRequest(decodeResult: success, version: HTTP/1.1)
POST /session/c3aa3fcf09320f3793c832f62b1d83a9/execute/sync HTTP/1.1
User-Agent: selenium/4.4.0 (java windows)
Content-Length: 48787
Content-Type: application/json; charset=utf-8
host: localhost:58191
accept: */*

Response DefaultHttpResponse(decodeResult: success, version: HTTP/1.1)
HTTP/1.1 200 OK
Content-Type: application/json; charset=utf-8
cache-control: no-cache
content-length: 14

11:15:08.911 [AsyncHttpClient-1-8] DEBUG org.asynchttpclient.netty.channel.ChannelManager - Adding key: http://localhost:58191 for channel [id: 0x03a68c1f, L:/127.0.0.1:52576 - R:localhost/127.0.0.1:58191]
11:15:08.912 [Forwarding isElementEnabled on session c3aa3fcf09320f3793c832f62b1d83a9 to remote] DEBUG org.asynchttpclient.netty.request.NettyRequestSender - Using pooled Channel '[id: 0x03a68c1f, L:/127.0.0.1:52576 - R:localhost/127.0.0.1:58191]' for 'GET' to 'http://localhost:58191/session/c3aa3fcf09320f3793c832f62b1d83a9/element/D384594EC72C3DA38420BEF250DD2351_element_68/enabled'
11:15:08.912 [Forwarding isElementEnabled on session c3aa3fcf09320f3793c832f62b1d83a9 to remote] DEBUG org.asynchttpclient.netty.request.NettyRequestSender - Using open Channel [id: 0x03a68c1f, L:/127.0.0.1:52576 - R:localhost/127.0.0.1:58191] for GET '/session/c3aa3fcf09320f3793c832f62b1d83a9/element/D384594EC72C3DA38420BEF250DD2351_element_68/enabled'
11:15:08.916 [AsyncHttpClient-1-8] DEBUG org.asynchttpclient.netty.handler.HttpHandler - 

Request DefaultFullHttpRequest(decodeResult: success, version: HTTP/1.1, content: EmptyByteBufBE)
GET /session/c3aa3fcf09320f3793c832f62b1d83a9/element/D384594EC72C3DA38420BEF250DD2351_element_68/enabled HTTP/1.1
User-Agent: selenium/4.4.0 (java windows)
Cache-Control: no-cache
Content-Type: application/json; charset=utf-8
host: localhost:58191
accept: */*

Response DefaultHttpResponse(decodeResult: success, version: HTTP/1.1)
HTTP/1.1 200 OK
Content-Type: application/json; charset=utf-8
cache-control: no-cache
content-length: 14

11:15:08.916 [AsyncHttpClient-1-8] DEBUG org.asynchttpclient.netty.channel.ChannelManager - Adding key: http://localhost:58191 for channel [id: 0x03a68c1f, L:/127.0.0.1:52576 - R:localhost/127.0.0.1:58191]
11:15:08.917 [Forwarding findElement on session c3aa3fcf09320f3793c832f62b1d83a9 to remote] DEBUG org.asynchttpclient.netty.request.NettyRequestSender - Using pooled Channel '[id: 0x03a68c1f, L:/127.0.0.1:52576 - R:localhost/127.0.0.1:58191]' for 'POST' to 'http://localhost:58191/session/c3aa3fcf09320f3793c832f62b1d83a9/element'
11:15:08.917 [Forwarding findElement on session c3aa3fcf09320f3793c832f62b1d83a9 to remote] DEBUG org.asynchttpclient.netty.request.NettyRequestSender - Using open Channel [id: 0x03a68c1f, L:/127.0.0.1:52576 - R:localhost/127.0.0.1:58191] for POST '/session/c3aa3fcf09320f3793c832f62b1d83a9/element'
11:15:08.922 [AsyncHttpClient-1-8] DEBUG org.asynchttpclient.netty.handler.HttpHandler - 

Request DefaultHttpRequest(decodeResult: success, version: HTTP/1.1)
POST /session/c3aa3fcf09320f3793c832f62b1d83a9/element HTTP/1.1
User-Agent: selenium/4.4.0 (java windows)
Content-Length: 78
Content-Type: application/json; charset=utf-8
host: localhost:58191
accept: */*

Response DefaultHttpResponse(decodeResult: success, version: HTTP/1.1)
HTTP/1.1 200 OK
Content-Type: application/json; charset=utf-8
cache-control: no-cache
content-length: 95

11:15:08.922 [AsyncHttpClient-1-8] DEBUG org.asynchttpclient.netty.channel.ChannelManager - Adding key: http://localhost:58191 for channel [id: 0x03a68c1f, L:/127.0.0.1:52576 - R:localhost/127.0.0.1:58191]
11:15:08.923 [Forwarding isElementDisplayed on session c3aa3fcf09320f3793c832f62b1d83a9 to remote] DEBUG org.asynchttpclient.netty.request.NettyRequestSender - Using pooled Channel '[id: 0x03a68c1f, L:/127.0.0.1:52576 - R:localhost/127.0.0.1:58191]' for 'POST' to 'http://localhost:58191/session/c3aa3fcf09320f3793c832f62b1d83a9/execute/sync'
11:15:08.923 [Forwarding isElementDisplayed on session c3aa3fcf09320f3793c832f62b1d83a9 to remote] DEBUG org.asynchttpclient.netty.request.NettyRequestSender - Using open Channel [id: 0x03a68c1f, L:/127.0.0.1:52576 - R:localhost/127.0.0.1:58191] for POST '/session/c3aa3fcf09320f3793c832f62b1d83a9/execute/sync'
11:15:08.928 [AsyncHttpClient-1-8] DEBUG org.asynchttpclient.netty.handler.HttpHandler - 

Request DefaultHttpRequest(decodeResult: success, version: HTTP/1.1)
POST /session/c3aa3fcf09320f3793c832f62b1d83a9/execute/sync HTTP/1.1
User-Agent: selenium/4.4.0 (java windows)
Content-Length: 48787
Content-Type: application/json; charset=utf-8
host: localhost:58191
accept: */*

Response DefaultHttpResponse(decodeResult: success, version: HTTP/1.1)
HTTP/1.1 200 OK
Content-Type: application/json; charset=utf-8
cache-control: no-cache
content-length: 14

11:15:08.928 [AsyncHttpClient-1-8] DEBUG org.asynchttpclient.netty.channel.ChannelManager - Adding key: http://localhost:58191 for channel [id: 0x03a68c1f, L:/127.0.0.1:52576 - R:localhost/127.0.0.1:58191]
11:15:08.929 [Forwarding clickElement on session c3aa3fcf09320f3793c832f62b1d83a9 to remote] DEBUG org.asynchttpclient.netty.request.NettyRequestSender - Using pooled Channel '[id: 0x03a68c1f, L:/127.0.0.1:52576 - R:localhost/127.0.0.1:58191]' for 'POST' to 'http://localhost:58191/session/c3aa3fcf09320f3793c832f62b1d83a9/element/D384594EC72C3DA38420BEF250DD2351_element_68/click'
11:15:08.929 [Forwarding clickElement on session c3aa3fcf09320f3793c832f62b1d83a9 to remote] DEBUG org.asynchttpclient.netty.request.NettyRequestSender - Using open Channel [id: 0x03a68c1f, L:/127.0.0.1:52576 - R:localhost/127.0.0.1:58191] for POST '/session/c3aa3fcf09320f3793c832f62b1d83a9/element/D384594EC72C3DA38420BEF250DD2351_element_68/click'
11:15:08.951 [AsyncHttpClient-1-8] DEBUG org.asynchttpclient.netty.handler.HttpHandler - 

Request DefaultHttpRequest(decodeResult: success, version: HTTP/1.1)
POST /session/c3aa3fcf09320f3793c832f62b1d83a9/element/D384594EC72C3DA38420BEF250DD2351_element_68/click HTTP/1.1
User-Agent: selenium/4.4.0 (java windows)
Content-Length: 57
Content-Type: application/json; charset=utf-8
host: localhost:58191
accept: */*

Response DefaultHttpResponse(decodeResult: success, version: HTTP/1.1)
HTTP/1.1 200 OK
Content-Type: application/json; charset=utf-8
cache-control: no-cache
content-length: 14

11:15:08.952 [AsyncHttpClient-1-8] DEBUG org.asynchttpclient.netty.channel.ChannelManager - Adding key: http://localhost:58191 for channel [id: 0x03a68c1f, L:/127.0.0.1:52576 - R:localhost/127.0.0.1:58191]
11:15:08.955 [Forwarding getCurrentWindowHandle on session c3aa3fcf09320f3793c832f62b1d83a9 to remote] DEBUG org.asynchttpclient.netty.request.NettyRequestSender - Using pooled Channel '[id: 0x03a68c1f, L:/127.0.0.1:52576 - R:localhost/127.0.0.1:58191]' for 'GET' to 'http://localhost:58191/session/c3aa3fcf09320f3793c832f62b1d83a9/window'
11:15:08.955 [Forwarding getCurrentWindowHandle on session c3aa3fcf09320f3793c832f62b1d83a9 to remote] DEBUG org.asynchttpclient.netty.request.NettyRequestSender - Using open Channel [id: 0x03a68c1f, L:/127.0.0.1:52576 - R:localhost/127.0.0.1:58191] for GET '/session/c3aa3fcf09320f3793c832f62b1d83a9/window'
11:15:08.955 [AsyncHttpClient-1-8] DEBUG org.asynchttpclient.netty.handler.HttpHandler - 

Request DefaultFullHttpRequest(decodeResult: success, version: HTTP/1.1, content: EmptyByteBufBE)
GET /session/c3aa3fcf09320f3793c832f62b1d83a9/window HTTP/1.1
User-Agent: selenium/4.4.0 (java windows)
Cache-Control: no-cache
Content-Type: application/json; charset=utf-8
host: localhost:58191
accept: */*

Response DefaultHttpResponse(decodeResult: success, version: HTTP/1.1)
HTTP/1.1 200 OK
Content-Type: application/json; charset=utf-8
cache-control: no-cache
content-length: 44

11:15:08.955 [AsyncHttpClient-1-8] DEBUG org.asynchttpclient.netty.channel.ChannelManager - Adding key: http://localhost:58191 for channel [id: 0x03a68c1f, L:/127.0.0.1:52576 - R:localhost/127.0.0.1:58191]
11:15:08.956 [Forwarding getAlertText on session c3aa3fcf09320f3793c832f62b1d83a9 to remote] DEBUG org.asynchttpclient.netty.request.NettyRequestSender - Using pooled Channel '[id: 0x03a68c1f, L:/127.0.0.1:52576 - R:localhost/127.0.0.1:58191]' for 'GET' to 'http://localhost:58191/session/c3aa3fcf09320f3793c832f62b1d83a9/alert/text'
11:15:08.956 [Forwarding getAlertText on session c3aa3fcf09320f3793c832f62b1d83a9 to remote] DEBUG org.asynchttpclient.netty.request.NettyRequestSender - Using open Channel [id: 0x03a68c1f, L:/127.0.0.1:52576 - R:localhost/127.0.0.1:58191] for GET '/session/c3aa3fcf09320f3793c832f62b1d83a9/alert/text'
11:15:08.957 [AsyncHttpClient-1-8] DEBUG org.asynchttpclient.netty.handler.HttpHandler - 

Request DefaultFullHttpRequest(decodeResult: success, version: HTTP/1.1, content: EmptyByteBufBE)
GET /session/c3aa3fcf09320f3793c832f62b1d83a9/alert/text HTTP/1.1
User-Agent: selenium/4.4.0 (java windows)
Cache-Control: no-cache
Content-Type: application/json; charset=utf-8
host: localhost:58191
accept: */*

Response DefaultHttpResponse(decodeResult: success, version: HTTP/1.1)
HTTP/1.1 404 Not Found
Content-Type: application/json; charset=utf-8
cache-control: no-cache
content-length: 848

11:15:08.957 [AsyncHttpClient-1-8] DEBUG org.asynchttpclient.netty.channel.ChannelManager - Adding key: http://localhost:58191 for channel [id: 0x03a68c1f, L:/127.0.0.1:52576 - R:localhost/127.0.0.1:58191]
11:15:08.958 [Forwarding switchToWindow on session c3aa3fcf09320f3793c832f62b1d83a9 to remote] DEBUG org.asynchttpclient.netty.request.NettyRequestSender - Using pooled Channel '[id: 0x03a68c1f, L:/127.0.0.1:52576 - R:localhost/127.0.0.1:58191]' for 'POST' to 'http://localhost:58191/session/c3aa3fcf09320f3793c832f62b1d83a9/window'
11:15:08.958 [Forwarding switchToWindow on session c3aa3fcf09320f3793c832f62b1d83a9 to remote] DEBUG org.asynchttpclient.netty.request.NettyRequestSender - Using open Channel [id: 0x03a68c1f, L:/127.0.0.1:52576 - R:localhost/127.0.0.1:58191] for POST '/session/c3aa3fcf09320f3793c832f62b1d83a9/window'
11:15:08.958 [AsyncHttpClient-1-8] DEBUG org.asynchttpclient.netty.handler.HttpHandler - 

Request DefaultHttpRequest(decodeResult: success, version: HTTP/1.1)
POST /session/c3aa3fcf09320f3793c832f62b1d83a9/window HTTP/1.1
User-Agent: selenium/4.4.0 (java windows)
Content-Length: 50
Content-Type: application/json; charset=utf-8
host: localhost:58191
accept: */*

Response DefaultHttpResponse(decodeResult: success, version: HTTP/1.1)
HTTP/1.1 200 OK
Content-Type: application/json; charset=utf-8
cache-control: no-cache
content-length: 14

11:15:08.959 [AsyncHttpClient-1-8] DEBUG org.asynchttpclient.netty.channel.ChannelManager - Adding key: http://localhost:58191 for channel [id: 0x03a68c1f, L:/127.0.0.1:52576 - R:localhost/127.0.0.1:58191]
11:15:08.959 [Forwarding getCurrentUrl on session c3aa3fcf09320f3793c832f62b1d83a9 to remote] DEBUG org.asynchttpclient.netty.request.NettyRequestSender - Using pooled Channel '[id: 0x03a68c1f, L:/127.0.0.1:52576 - R:localhost/127.0.0.1:58191]' for 'GET' to 'http://localhost:58191/session/c3aa3fcf09320f3793c832f62b1d83a9/url'
11:15:08.959 [Forwarding getCurrentUrl on session c3aa3fcf09320f3793c832f62b1d83a9 to remote] DEBUG org.asynchttpclient.netty.request.NettyRequestSender - Using open Channel [id: 0x03a68c1f, L:/127.0.0.1:52576 - R:localhost/127.0.0.1:58191] for GET '/session/c3aa3fcf09320f3793c832f62b1d83a9/url'
11:15:08.962 [AsyncHttpClient-1-8] DEBUG org.asynchttpclient.netty.handler.HttpHandler - 

Request DefaultFullHttpRequest(decodeResult: success, version: HTTP/1.1, content: EmptyByteBufBE)
GET /session/c3aa3fcf09320f3793c832f62b1d83a9/url HTTP/1.1
User-Agent: selenium/4.4.0 (java windows)
Cache-Control: no-cache
Content-Type: application/json; charset=utf-8
host: localhost:58191
accept: */*

Response DefaultHttpResponse(decodeResult: success, version: HTTP/1.1)
HTTP/1.1 200 OK
Content-Type: application/json; charset=utf-8
cache-control: no-cache
content-length: 49

11:15:08.962 [AsyncHttpClient-1-8] DEBUG org.asynchttpclient.netty.channel.ChannelManager - Adding key: http://localhost:58191 for channel [id: 0x03a68c1f, L:/127.0.0.1:52576 - R:localhost/127.0.0.1:58191]
11:15:08.963 [Forwarding screenshot on session c3aa3fcf09320f3793c832f62b1d83a9 to remote] DEBUG org.asynchttpclient.netty.request.NettyRequestSender - Using pooled Channel '[id: 0x03a68c1f, L:/127.0.0.1:52576 - R:localhost/127.0.0.1:58191]' for 'GET' to 'http://localhost:58191/session/c3aa3fcf09320f3793c832f62b1d83a9/screenshot'
11:15:08.963 [Forwarding screenshot on session c3aa3fcf09320f3793c832f62b1d83a9 to remote] DEBUG org.asynchttpclient.netty.request.NettyRequestSender - Using open Channel [id: 0x03a68c1f, L:/127.0.0.1:52576 - R:localhost/127.0.0.1:58191] for GET '/session/c3aa3fcf09320f3793c832f62b1d83a9/screenshot'
11:15:09.104 [AsyncHttpClient-1-8] DEBUG org.asynchttpclient.netty.handler.HttpHandler - 

Request DefaultFullHttpRequest(decodeResult: success, version: HTTP/1.1, content: EmptyByteBufBE)
GET /session/c3aa3fcf09320f3793c832f62b1d83a9/screenshot HTTP/1.1
User-Agent: selenium/4.4.0 (java windows)
Cache-Control: no-cache
Content-Type: application/json; charset=utf-8
host: localhost:58191
accept: */*

Response DefaultHttpResponse(decodeResult: success, version: HTTP/1.1)
HTTP/1.1 200 OK
Content-Type: application/json; charset=utf-8
cache-control: no-cache
content-length: 458280

11:15:09.105 [AsyncHttpClient-1-8] DEBUG org.asynchttpclient.netty.channel.ChannelManager - Adding key: http://localhost:58191 for channel [id: 0x03a68c1f, L:/127.0.0.1:52576 - R:localhost/127.0.0.1:58191]
11:15:09.110 [main] DEBUG net.serenitybdd.core.photography.Darkroom - Send negative for processing for target\site\serenity\45da4bd57e2da19ca0e49dd6d4a4ac2c6f2201d8ce82fab8d85f8702f5782b46.png
11:15:09.111 [main] DEBUG net.thucydides.core.steps.StepInterceptor - STEP DONE: Navega a la pestaña LAPTOPS
  &amp#27;[32mAnd &amp#27;[0m&amp#27;[32mel usuario se dirige a la categoria de ordenadores&amp#27;[0m                                                     &amp#27;[90m# Step.ComprarDispositivosElectronicosStep.el_usuario_se_dirige_a_la_categoria_de_ordenadores()&amp#27;[0m
11:15:09.116 [main] DEBUG net.thucydides.core.steps.StepInterceptor - STARTING STEP: ComprarDispositivosElectronicosStep.el_usuario_clika_en_el_dispositivo - El usuario selecciona un ordenador
11:15:09.116 [Forwarding setTimeout on session c3aa3fcf09320f3793c832f62b1d83a9 to remote] DEBUG org.asynchttpclient.netty.request.NettyRequestSender - Using pooled Channel '[id: 0x03a68c1f, L:/127.0.0.1:52576 - R:localhost/127.0.0.1:58191]' for 'POST' to 'http://localhost:58191/session/c3aa3fcf09320f3793c832f62b1d83a9/timeouts'
11:15:09.116 [Forwarding setTimeout on session c3aa3fcf09320f3793c832f62b1d83a9 to remote] DEBUG org.asynchttpclient.netty.request.NettyRequestSender - Using open Channel [id: 0x03a68c1f, L:/127.0.0.1:52576 - R:localhost/127.0.0.1:58191] for POST '/session/c3aa3fcf09320f3793c832f62b1d83a9/timeouts'
11:15:09.117 [AsyncHttpClient-1-8] DEBUG org.asynchttpclient.netty.handler.HttpHandler - 

Request DefaultHttpRequest(decodeResult: success, version: HTTP/1.1)
POST /session/c3aa3fcf09320f3793c832f62b1d83a9/timeouts HTTP/1.1
User-Agent: selenium/4.4.0 (java windows)
Content-Length: 23
Content-Type: application/json; charset=utf-8
host: localhost:58191
accept: */*

Response DefaultHttpResponse(decodeResult: success, version: HTTP/1.1)
HTTP/1.1 200 OK
Content-Type: application/json; charset=utf-8
cache-control: no-cache
content-length: 14

11:15:09.117 [AsyncHttpClient-1-8] DEBUG org.asynchttpclient.netty.channel.ChannelManager - Adding key: http://localhost:58191 for channel [id: 0x03a68c1f, L:/127.0.0.1:52576 - R:localhost/127.0.0.1:58191]
11:15:09.543 [AsyncHttpClient-1-1] DEBUG org.asynchttpclient.netty.channel.DefaultChannelPool - Entry count for : http://localhost:58191 : 1
11:15:09.543 [AsyncHttpClient-1-1] DEBUG org.asynchttpclient.netty.channel.DefaultChannelPool - Entry count for : http://localhost:52577 : 1
11:15:10.134 [Forwarding screenshot on session c3aa3fcf09320f3793c832f62b1d83a9 to remote] DEBUG org.asynchttpclient.netty.request.NettyRequestSender - Using pooled Channel '[id: 0x03a68c1f, L:/127.0.0.1:52576 - R:localhost/127.0.0.1:58191]' for 'GET' to 'http://localhost:58191/session/c3aa3fcf09320f3793c832f62b1d83a9/screenshot'
11:15:10.134 [Forwarding screenshot on session c3aa3fcf09320f3793c832f62b1d83a9 to remote] DEBUG org.asynchttpclient.netty.request.NettyRequestSender - Using open Channel [id: 0x03a68c1f, L:/127.0.0.1:52576 - R:localhost/127.0.0.1:58191] for GET '/session/c3aa3fcf09320f3793c832f62b1d83a9/screenshot'
11:15:10.262 [AsyncHttpClient-1-8] DEBUG org.asynchttpclient.netty.handler.HttpHandler - 

Request DefaultFullHttpRequest(decodeResult: success, version: HTTP/1.1, content: EmptyByteBufBE)
GET /session/c3aa3fcf09320f3793c832f62b1d83a9/screenshot HTTP/1.1
User-Agent: selenium/4.4.0 (java windows)
Cache-Control: no-cache
Content-Type: application/json; charset=utf-8
host: localhost:58191
accept: */*

Response DefaultHttpResponse(decodeResult: success, version: HTTP/1.1)
HTTP/1.1 200 OK
Content-Type: application/json; charset=utf-8
cache-control: no-cache
content-length: 364748

11:15:10.262 [AsyncHttpClient-1-8] DEBUG org.asynchttpclient.netty.channel.ChannelManager - Adding key: http://localhost:58191 for channel [id: 0x03a68c1f, L:/127.0.0.1:52576 - R:localhost/127.0.0.1:58191]
11:15:10.274 [Forwarding findElement on session c3aa3fcf09320f3793c832f62b1d83a9 to remote] DEBUG org.asynchttpclient.netty.request.NettyRequestSender - Using pooled Channel '[id: 0x03a68c1f, L:/127.0.0.1:52576 - R:localhost/127.0.0.1:58191]' for 'POST' to 'http://localhost:58191/session/c3aa3fcf09320f3793c832f62b1d83a9/element'
11:15:10.274 [Forwarding findElement on session c3aa3fcf09320f3793c832f62b1d83a9 to remote] DEBUG org.asynchttpclient.netty.request.NettyRequestSender - Using open Channel [id: 0x03a68c1f, L:/127.0.0.1:52576 - R:localhost/127.0.0.1:58191] for POST '/session/c3aa3fcf09320f3793c832f62b1d83a9/element'
11:15:10.283 [AsyncHttpClient-1-8] DEBUG org.asynchttpclient.netty.handler.HttpHandler - 

Request DefaultHttpRequest(decodeResult: success, version: HTTP/1.1)
POST /session/c3aa3fcf09320f3793c832f62b1d83a9/element HTTP/1.1
User-Agent: selenium/4.4.0 (java windows)
Content-Length: 82
Content-Type: application/json; charset=utf-8
host: localhost:58191
accept: */*

Response DefaultHttpResponse(decodeResult: success, version: HTTP/1.1)
HTTP/1.1 200 OK
Content-Type: application/json; charset=utf-8
cache-control: no-cache
content-length: 95

11:15:10.283 [AsyncHttpClient-1-8] DEBUG org.asynchttpclient.netty.channel.ChannelManager - Adding key: http://localhost:58191 for channel [id: 0x03a68c1f, L:/127.0.0.1:52576 - R:localhost/127.0.0.1:58191]
11:15:10.285 [Forwarding isElementDisplayed on session c3aa3fcf09320f3793c832f62b1d83a9 to remote] DEBUG org.asynchttpclient.netty.request.NettyRequestSender - Using pooled Channel '[id: 0x03a68c1f, L:/127.0.0.1:52576 - R:localhost/127.0.0.1:58191]' for 'POST' to 'http://localhost:58191/session/c3aa3fcf09320f3793c832f62b1d83a9/execute/sync'
11:15:10.285 [Forwarding isElementDisplayed on session c3aa3fcf09320f3793c832f62b1d83a9 to remote] DEBUG org.asynchttpclient.netty.request.NettyRequestSender - Using open Channel [id: 0x03a68c1f, L:/127.0.0.1:52576 - R:localhost/127.0.0.1:58191] for POST '/session/c3aa3fcf09320f3793c832f62b1d83a9/execute/sync'
11:15:10.292 [AsyncHttpClient-1-8] DEBUG org.asynchttpclient.netty.handler.HttpHandler - 

Request DefaultHttpRequest(decodeResult: success, version: HTTP/1.1)
POST /session/c3aa3fcf09320f3793c832f62b1d83a9/execute/sync HTTP/1.1
User-Agent: selenium/4.4.0 (java windows)
Content-Length: 48787
Content-Type: application/json; charset=utf-8
host: localhost:58191
accept: */*

Response DefaultHttpResponse(decodeResult: success, version: HTTP/1.1)
HTTP/1.1 200 OK
Content-Type: application/json; charset=utf-8
cache-control: no-cache
content-length: 14

11:15:10.293 [AsyncHttpClient-1-8] DEBUG org.asynchttpclient.netty.channel.ChannelManager - Adding key: http://localhost:58191 for channel [id: 0x03a68c1f, L:/127.0.0.1:52576 - R:localhost/127.0.0.1:58191]
11:15:10.295 [Forwarding isElementDisplayed on session c3aa3fcf09320f3793c832f62b1d83a9 to remote] DEBUG org.asynchttpclient.netty.request.NettyRequestSender - Using pooled Channel '[id: 0x03a68c1f, L:/127.0.0.1:52576 - R:localhost/127.0.0.1:58191]' for 'POST' to 'http://localhost:58191/session/c3aa3fcf09320f3793c832f62b1d83a9/execute/sync'
11:15:10.295 [Forwarding isElementDisplayed on session c3aa3fcf09320f3793c832f62b1d83a9 to remote] DEBUG org.asynchttpclient.netty.request.NettyRequestSender - Using open Channel [id: 0x03a68c1f, L:/127.0.0.1:52576 - R:localhost/127.0.0.1:58191] for POST '/session/c3aa3fcf09320f3793c832f62b1d83a9/execute/sync'
11:15:10.302 [AsyncHttpClient-1-8] DEBUG org.asynchttpclient.netty.handler.HttpHandler - 

Request DefaultHttpRequest(decodeResult: success, version: HTTP/1.1)
POST /session/c3aa3fcf09320f3793c832f62b1d83a9/execute/sync HTTP/1.1
User-Agent: selenium/4.4.0 (java windows)
Content-Length: 48787
Content-Type: application/json; charset=utf-8
host: localhost:58191
accept: */*

Response DefaultHttpResponse(decodeResult: success, version: HTTP/1.1)
HTTP/1.1 200 OK
Content-Type: application/json; charset=utf-8
cache-control: no-cache
content-length: 14

11:15:10.302 [AsyncHttpClient-1-8] DEBUG org.asynchttpclient.netty.channel.ChannelManager - Adding key: http://localhost:58191 for channel [id: 0x03a68c1f, L:/127.0.0.1:52576 - R:localhost/127.0.0.1:58191]
11:15:10.303 [Forwarding isElementEnabled on session c3aa3fcf09320f3793c832f62b1d83a9 to remote] DEBUG org.asynchttpclient.netty.request.NettyRequestSender - Using pooled Channel '[id: 0x03a68c1f, L:/127.0.0.1:52576 - R:localhost/127.0.0.1:58191]' for 'GET' to 'http://localhost:58191/session/c3aa3fcf09320f3793c832f62b1d83a9/element/D384594EC72C3DA38420BEF250DD2351_element_71/enabled'
11:15:10.303 [Forwarding isElementEnabled on session c3aa3fcf09320f3793c832f62b1d83a9 to remote] DEBUG org.asynchttpclient.netty.request.NettyRequestSender - Using open Channel [id: 0x03a68c1f, L:/127.0.0.1:52576 - R:localhost/127.0.0.1:58191] for GET '/session/c3aa3fcf09320f3793c832f62b1d83a9/element/D384594EC72C3DA38420BEF250DD2351_element_71/enabled'
11:15:10.307 [AsyncHttpClient-1-8] DEBUG org.asynchttpclient.netty.handler.HttpHandler - 

Request DefaultFullHttpRequest(decodeResult: success, version: HTTP/1.1, content: EmptyByteBufBE)
GET /session/c3aa3fcf09320f3793c832f62b1d83a9/element/D384594EC72C3DA38420BEF250DD2351_element_71/enabled HTTP/1.1
User-Agent: selenium/4.4.0 (java windows)
Cache-Control: no-cache
Content-Type: application/json; charset=utf-8
host: localhost:58191
accept: */*

Response DefaultHttpResponse(decodeResult: success, version: HTTP/1.1)
HTTP/1.1 200 OK
Content-Type: application/json; charset=utf-8
cache-control: no-cache
content-length: 14

11:15:10.308 [AsyncHttpClient-1-8] DEBUG org.asynchttpclient.netty.channel.ChannelManager - Adding key: http://localhost:58191 for channel [id: 0x03a68c1f, L:/127.0.0.1:52576 - R:localhost/127.0.0.1:58191]
11:15:10.308 [Forwarding isElementEnabled on session c3aa3fcf09320f3793c832f62b1d83a9 to remote] DEBUG org.asynchttpclient.netty.request.NettyRequestSender - Using pooled Channel '[id: 0x03a68c1f, L:/127.0.0.1:52576 - R:localhost/127.0.0.1:58191]' for 'GET' to 'http://localhost:58191/session/c3aa3fcf09320f3793c832f62b1d83a9/element/D384594EC72C3DA38420BEF250DD2351_element_71/enabled'
11:15:10.308 [Forwarding isElementEnabled on session c3aa3fcf09320f3793c832f62b1d83a9 to remote] DEBUG org.asynchttpclient.netty.request.NettyRequestSender - Using open Channel [id: 0x03a68c1f, L:/127.0.0.1:52576 - R:localhost/127.0.0.1:58191] for GET '/session/c3aa3fcf09320f3793c832f62b1d83a9/element/D384594EC72C3DA38420BEF250DD2351_element_71/enabled'
11:15:10.312 [AsyncHttpClient-1-8] DEBUG org.asynchttpclient.netty.handler.HttpHandler - 

Request DefaultFullHttpRequest(decodeResult: success, version: HTTP/1.1, content: EmptyByteBufBE)
GET /session/c3aa3fcf09320f3793c832f62b1d83a9/element/D384594EC72C3DA38420BEF250DD2351_element_71/enabled HTTP/1.1
User-Agent: selenium/4.4.0 (java windows)
Cache-Control: no-cache
Content-Type: application/json; charset=utf-8
host: localhost:58191
accept: */*

Response DefaultHttpResponse(decodeResult: success, version: HTTP/1.1)
HTTP/1.1 200 OK
Content-Type: application/json; charset=utf-8
cache-control: no-cache
content-length: 14

11:15:10.312 [AsyncHttpClient-1-8] DEBUG org.asynchttpclient.netty.channel.ChannelManager - Adding key: http://localhost:58191 for channel [id: 0x03a68c1f, L:/127.0.0.1:52576 - R:localhost/127.0.0.1:58191]
11:15:10.313 [Forwarding getElementTagName on session c3aa3fcf09320f3793c832f62b1d83a9 to remote] DEBUG org.asynchttpclient.netty.request.NettyRequestSender - Using pooled Channel '[id: 0x03a68c1f, L:/127.0.0.1:52576 - R:localhost/127.0.0.1:58191]' for 'GET' to 'http://localhost:58191/session/c3aa3fcf09320f3793c832f62b1d83a9/element/D384594EC72C3DA38420BEF250DD2351_element_71/name'
11:15:10.313 [Forwarding getElementTagName on session c3aa3fcf09320f3793c832f62b1d83a9 to remote] DEBUG org.asynchttpclient.netty.request.NettyRequestSender - Using open Channel [id: 0x03a68c1f, L:/127.0.0.1:52576 - R:localhost/127.0.0.1:58191] for GET '/session/c3aa3fcf09320f3793c832f62b1d83a9/element/D384594EC72C3DA38420BEF250DD2351_element_71/name'
11:15:10.316 [AsyncHttpClient-1-8] DEBUG org.asynchttpclient.netty.handler.HttpHandler - 

Request DefaultFullHttpRequest(decodeResult: success, version: HTTP/1.1, content: EmptyByteBufBE)
GET /session/c3aa3fcf09320f3793c832f62b1d83a9/element/D384594EC72C3DA38420BEF250DD2351_element_71/name HTTP/1.1
User-Agent: selenium/4.4.0 (java windows)
Cache-Control: no-cache
Content-Type: application/json; charset=utf-8
host: localhost:58191
accept: */*

Response DefaultHttpResponse(decodeResult: success, version: HTTP/1.1)
HTTP/1.1 200 OK
Content-Type: application/json; charset=utf-8
cache-control: no-cache
content-length: 13

11:15:10.316 [AsyncHttpClient-1-8] DEBUG org.asynchttpclient.netty.channel.ChannelManager - Adding key: http://localhost:58191 for channel [id: 0x03a68c1f, L:/127.0.0.1:52576 - R:localhost/127.0.0.1:58191]
11:15:10.317 [Forwarding getElementTagName on session c3aa3fcf09320f3793c832f62b1d83a9 to remote] DEBUG org.asynchttpclient.netty.request.NettyRequestSender - Using pooled Channel '[id: 0x03a68c1f, L:/127.0.0.1:52576 - R:localhost/127.0.0.1:58191]' for 'GET' to 'http://localhost:58191/session/c3aa3fcf09320f3793c832f62b1d83a9/element/D384594EC72C3DA38420BEF250DD2351_element_71/name'
11:15:10.317 [Forwarding getElementTagName on session c3aa3fcf09320f3793c832f62b1d83a9 to remote] DEBUG org.asynchttpclient.netty.request.NettyRequestSender - Using open Channel [id: 0x03a68c1f, L:/127.0.0.1:52576 - R:localhost/127.0.0.1:58191] for GET '/session/c3aa3fcf09320f3793c832f62b1d83a9/element/D384594EC72C3DA38420BEF250DD2351_element_71/name'
11:15:10.319 [AsyncHttpClient-1-8] DEBUG org.asynchttpclient.netty.handler.HttpHandler - 

Request DefaultFullHttpRequest(decodeResult: success, version: HTTP/1.1, content: EmptyByteBufBE)
GET /session/c3aa3fcf09320f3793c832f62b1d83a9/element/D384594EC72C3DA38420BEF250DD2351_element_71/name HTTP/1.1
User-Agent: selenium/4.4.0 (java windows)
Cache-Control: no-cache
Content-Type: application/json; charset=utf-8
host: localhost:58191
accept: */*

Response DefaultHttpResponse(decodeResult: success, version: HTTP/1.1)
HTTP/1.1 200 OK
Content-Type: application/json; charset=utf-8
cache-control: no-cache
content-length: 13

11:15:10.319 [AsyncHttpClient-1-8] DEBUG org.asynchttpclient.netty.channel.ChannelManager - Adding key: http://localhost:58191 for channel [id: 0x03a68c1f, L:/127.0.0.1:52576 - R:localhost/127.0.0.1:58191]
11:15:10.320 [Forwarding clickElement on session c3aa3fcf09320f3793c832f62b1d83a9 to remote] DEBUG org.asynchttpclient.netty.request.NettyRequestSender - Using pooled Channel '[id: 0x03a68c1f, L:/127.0.0.1:52576 - R:localhost/127.0.0.1:58191]' for 'POST' to 'http://localhost:58191/session/c3aa3fcf09320f3793c832f62b1d83a9/element/D384594EC72C3DA38420BEF250DD2351_element_71/click'
11:15:10.320 [Forwarding clickElement on session c3aa3fcf09320f3793c832f62b1d83a9 to remote] DEBUG org.asynchttpclient.netty.request.NettyRequestSender - Using open Channel [id: 0x03a68c1f, L:/127.0.0.1:52576 - R:localhost/127.0.0.1:58191] for POST '/session/c3aa3fcf09320f3793c832f62b1d83a9/element/D384594EC72C3DA38420BEF250DD2351_element_71/click'
11:15:10.643 [AsyncHttpClient-1-1] DEBUG org.asynchttpclient.netty.channel.DefaultChannelPool - Entry count for : http://localhost:52577 : 1
11:15:10.680 [AsyncHttpClient-1-8] DEBUG org.asynchttpclient.netty.handler.HttpHandler - 

Request DefaultHttpRequest(decodeResult: success, version: HTTP/1.1)
POST /session/c3aa3fcf09320f3793c832f62b1d83a9/element/D384594EC72C3DA38420BEF250DD2351_element_71/click HTTP/1.1
User-Agent: selenium/4.4.0 (java windows)
Content-Length: 57
Content-Type: application/json; charset=utf-8
host: localhost:58191
accept: */*

Response DefaultHttpResponse(decodeResult: success, version: HTTP/1.1)
HTTP/1.1 200 OK
Content-Type: application/json; charset=utf-8
cache-control: no-cache
content-length: 14

11:15:10.680 [AsyncHttpClient-1-8] DEBUG org.asynchttpclient.netty.channel.ChannelManager - Adding key: http://localhost:58191 for channel [id: 0x03a68c1f, L:/127.0.0.1:52576 - R:localhost/127.0.0.1:58191]
11:15:10.684 [Forwarding getCurrentWindowHandle on session c3aa3fcf09320f3793c832f62b1d83a9 to remote] DEBUG org.asynchttpclient.netty.request.NettyRequestSender - Using pooled Channel '[id: 0x03a68c1f, L:/127.0.0.1:52576 - R:localhost/127.0.0.1:58191]' for 'GET' to 'http://localhost:58191/session/c3aa3fcf09320f3793c832f62b1d83a9/window'
11:15:10.684 [Forwarding getCurrentWindowHandle on session c3aa3fcf09320f3793c832f62b1d83a9 to remote] DEBUG org.asynchttpclient.netty.request.NettyRequestSender - Using open Channel [id: 0x03a68c1f, L:/127.0.0.1:52576 - R:localhost/127.0.0.1:58191] for GET '/session/c3aa3fcf09320f3793c832f62b1d83a9/window'
11:15:10.685 [AsyncHttpClient-1-8] DEBUG org.asynchttpclient.netty.handler.HttpHandler - 

Request DefaultFullHttpRequest(decodeResult: success, version: HTTP/1.1, content: EmptyByteBufBE)
GET /session/c3aa3fcf09320f3793c832f62b1d83a9/window HTTP/1.1
User-Agent: selenium/4.4.0 (java windows)
Cache-Control: no-cache
Content-Type: application/json; charset=utf-8
host: localhost:58191
accept: */*

Response DefaultHttpResponse(decodeResult: success, version: HTTP/1.1)
HTTP/1.1 200 OK
Content-Type: application/json; charset=utf-8
cache-control: no-cache
content-length: 44

11:15:10.685 [AsyncHttpClient-1-8] DEBUG org.asynchttpclient.netty.channel.ChannelManager - Adding key: http://localhost:58191 for channel [id: 0x03a68c1f, L:/127.0.0.1:52576 - R:localhost/127.0.0.1:58191]
11:15:10.686 [Forwarding getAlertText on session c3aa3fcf09320f3793c832f62b1d83a9 to remote] DEBUG org.asynchttpclient.netty.request.NettyRequestSender - Using pooled Channel '[id: 0x03a68c1f, L:/127.0.0.1:52576 - R:localhost/127.0.0.1:58191]' for 'GET' to 'http://localhost:58191/session/c3aa3fcf09320f3793c832f62b1d83a9/alert/text'
11:15:10.686 [Forwarding getAlertText on session c3aa3fcf09320f3793c832f62b1d83a9 to remote] DEBUG org.asynchttpclient.netty.request.NettyRequestSender - Using open Channel [id: 0x03a68c1f, L:/127.0.0.1:52576 - R:localhost/127.0.0.1:58191] for GET '/session/c3aa3fcf09320f3793c832f62b1d83a9/alert/text'
11:15:10.689 [AsyncHttpClient-1-8] DEBUG org.asynchttpclient.netty.handler.HttpHandler - 

Request DefaultFullHttpRequest(decodeResult: success, version: HTTP/1.1, content: EmptyByteBufBE)
GET /session/c3aa3fcf09320f3793c832f62b1d83a9/alert/text HTTP/1.1
User-Agent: selenium/4.4.0 (java windows)
Cache-Control: no-cache
Content-Type: application/json; charset=utf-8
host: localhost:58191
accept: */*

Response DefaultHttpResponse(decodeResult: success, version: HTTP/1.1)
HTTP/1.1 404 Not Found
Content-Type: application/json; charset=utf-8
cache-control: no-cache
content-length: 848

11:15:10.689 [AsyncHttpClient-1-8] DEBUG org.asynchttpclient.netty.channel.ChannelManager - Adding key: http://localhost:58191 for channel [id: 0x03a68c1f, L:/127.0.0.1:52576 - R:localhost/127.0.0.1:58191]
11:15:10.690 [Forwarding switchToWindow on session c3aa3fcf09320f3793c832f62b1d83a9 to remote] DEBUG org.asynchttpclient.netty.request.NettyRequestSender - Using pooled Channel '[id: 0x03a68c1f, L:/127.0.0.1:52576 - R:localhost/127.0.0.1:58191]' for 'POST' to 'http://localhost:58191/session/c3aa3fcf09320f3793c832f62b1d83a9/window'
11:15:10.690 [Forwarding switchToWindow on session c3aa3fcf09320f3793c832f62b1d83a9 to remote] DEBUG org.asynchttpclient.netty.request.NettyRequestSender - Using open Channel [id: 0x03a68c1f, L:/127.0.0.1:52576 - R:localhost/127.0.0.1:58191] for POST '/session/c3aa3fcf09320f3793c832f62b1d83a9/window'
11:15:10.691 [AsyncHttpClient-1-8] DEBUG org.asynchttpclient.netty.handler.HttpHandler - 

Request DefaultHttpRequest(decodeResult: success, version: HTTP/1.1)
POST /session/c3aa3fcf09320f3793c832f62b1d83a9/window HTTP/1.1
User-Agent: selenium/4.4.0 (java windows)
Content-Length: 50
Content-Type: application/json; charset=utf-8
host: localhost:58191
accept: */*

Response DefaultHttpResponse(decodeResult: success, version: HTTP/1.1)
HTTP/1.1 200 OK
Content-Type: application/json; charset=utf-8
cache-control: no-cache
content-length: 14

11:15:10.691 [AsyncHttpClient-1-8] DEBUG org.asynchttpclient.netty.channel.ChannelManager - Adding key: http://localhost:58191 for channel [id: 0x03a68c1f, L:/127.0.0.1:52576 - R:localhost/127.0.0.1:58191]
11:15:10.692 [Forwarding getCurrentUrl on session c3aa3fcf09320f3793c832f62b1d83a9 to remote] DEBUG org.asynchttpclient.netty.request.NettyRequestSender - Using pooled Channel '[id: 0x03a68c1f, L:/127.0.0.1:52576 - R:localhost/127.0.0.1:58191]' for 'GET' to 'http://localhost:58191/session/c3aa3fcf09320f3793c832f62b1d83a9/url'
11:15:10.692 [Forwarding getCurrentUrl on session c3aa3fcf09320f3793c832f62b1d83a9 to remote] DEBUG org.asynchttpclient.netty.request.NettyRequestSender - Using open Channel [id: 0x03a68c1f, L:/127.0.0.1:52576 - R:localhost/127.0.0.1:58191] for GET '/session/c3aa3fcf09320f3793c832f62b1d83a9/url'
11:15:10.704 [AsyncHttpClient-1-8] DEBUG org.asynchttpclient.netty.handler.HttpHandler - 

Request DefaultFullHttpRequest(decodeResult: success, version: HTTP/1.1, content: EmptyByteBufBE)
GET /session/c3aa3fcf09320f3793c832f62b1d83a9/url HTTP/1.1
User-Agent: selenium/4.4.0 (java windows)
Cache-Control: no-cache
Content-Type: application/json; charset=utf-8
host: localhost:58191
accept: */*

Response DefaultHttpResponse(decodeResult: success, version: HTTP/1.1)
HTTP/1.1 200 OK
Content-Type: application/json; charset=utf-8
cache-control: no-cache
content-length: 55

11:15:10.704 [AsyncHttpClient-1-8] DEBUG org.asynchttpclient.netty.channel.ChannelManager - Adding key: http://localhost:58191 for channel [id: 0x03a68c1f, L:/127.0.0.1:52576 - R:localhost/127.0.0.1:58191]
11:15:10.705 [Forwarding screenshot on session c3aa3fcf09320f3793c832f62b1d83a9 to remote] DEBUG org.asynchttpclient.netty.request.NettyRequestSender - Using pooled Channel '[id: 0x03a68c1f, L:/127.0.0.1:52576 - R:localhost/127.0.0.1:58191]' for 'GET' to 'http://localhost:58191/session/c3aa3fcf09320f3793c832f62b1d83a9/screenshot'
11:15:10.705 [Forwarding screenshot on session c3aa3fcf09320f3793c832f62b1d83a9 to remote] DEBUG org.asynchttpclient.netty.request.NettyRequestSender - Using open Channel [id: 0x03a68c1f, L:/127.0.0.1:52576 - R:localhost/127.0.0.1:58191] for GET '/session/c3aa3fcf09320f3793c832f62b1d83a9/screenshot'
11:15:10.852 [AsyncHttpClient-1-8] DEBUG org.asynchttpclient.netty.handler.HttpHandler - 

Request DefaultFullHttpRequest(decodeResult: success, version: HTTP/1.1, content: EmptyByteBufBE)
GET /session/c3aa3fcf09320f3793c832f62b1d83a9/screenshot HTTP/1.1
User-Agent: selenium/4.4.0 (java windows)
Cache-Control: no-cache
Content-Type: application/json; charset=utf-8
host: localhost:58191
accept: */*

Response DefaultHttpResponse(decodeResult: success, version: HTTP/1.1)
HTTP/1.1 200 OK
Content-Type: application/json; charset=utf-8
cache-control: no-cache
content-length: 263316

11:15:10.853 [AsyncHttpClient-1-8] DEBUG org.asynchttpclient.netty.channel.ChannelManager - Adding key: http://localhost:58191 for channel [id: 0x03a68c1f, L:/127.0.0.1:52576 - R:localhost/127.0.0.1:58191]
11:15:10.856 [main] DEBUG net.serenitybdd.core.photography.Darkroom - Send negative for processing for target\site\serenity\277e1adcccc6d4db5e198a47ac23141aaaacbe8c286af14213e073e3d7e774a8.png
11:15:10.856 [main] DEBUG net.thucydides.core.steps.StepInterceptor - STEP DONE: El usuario selecciona un ordenador
  &amp#27;[32mAnd &amp#27;[0m&amp#27;[32mel usuario clika en el ordenador&amp#27;[0m                                                                       &amp#27;[90m# Step.ComprarDispositivosElectronicosStep.el_usuario_clika_en_el_dispositivo(io.cucumber.datatable.DataTable)&amp#27;[0m
    | Ordenador    |
    | Sony vaio i5 |
    | Sony vaio i7 |
    | MacBook air  |
11:15:10.861 [Forwarding findElement on session c3aa3fcf09320f3793c832f62b1d83a9 to remote] DEBUG org.asynchttpclient.netty.request.NettyRequestSender - Using pooled Channel '[id: 0x03a68c1f, L:/127.0.0.1:52576 - R:localhost/127.0.0.1:58191]' for 'POST' to 'http://localhost:58191/session/c3aa3fcf09320f3793c832f62b1d83a9/element'
11:15:10.861 [Forwarding findElement on session c3aa3fcf09320f3793c832f62b1d83a9 to remote] DEBUG org.asynchttpclient.netty.request.NettyRequestSender - Using open Channel [id: 0x03a68c1f, L:/127.0.0.1:52576 - R:localhost/127.0.0.1:58191] for POST '/session/c3aa3fcf09320f3793c832f62b1d83a9/element'
11:15:11.059 [AsyncHttpClient-1-8] DEBUG org.asynchttpclient.netty.handler.HttpHandler - 

Request DefaultHttpRequest(decodeResult: success, version: HTTP/1.1)
POST /session/c3aa3fcf09320f3793c832f62b1d83a9/element HTTP/1.1
User-Agent: selenium/4.4.0 (java windows)
Content-Length: 62
Content-Type: application/json; charset=utf-8
host: localhost:58191
accept: */*

Response DefaultHttpResponse(decodeResult: success, version: HTTP/1.1)
HTTP/1.1 200 OK
Content-Type: application/json; charset=utf-8
cache-control: no-cache
content-length: 95

11:15:11.059 [AsyncHttpClient-1-8] DEBUG org.asynchttpclient.netty.channel.ChannelManager - Adding key: http://localhost:58191 for channel [id: 0x03a68c1f, L:/127.0.0.1:52576 - R:localhost/127.0.0.1:58191]
11:15:11.061 [Forwarding isElementDisplayed on session c3aa3fcf09320f3793c832f62b1d83a9 to remote] DEBUG org.asynchttpclient.netty.request.NettyRequestSender - Using pooled Channel '[id: 0x03a68c1f, L:/127.0.0.1:52576 - R:localhost/127.0.0.1:58191]' for 'POST' to 'http://localhost:58191/session/c3aa3fcf09320f3793c832f62b1d83a9/execute/sync'
11:15:11.061 [Forwarding isElementDisplayed on session c3aa3fcf09320f3793c832f62b1d83a9 to remote] DEBUG org.asynchttpclient.netty.request.NettyRequestSender - Using open Channel [id: 0x03a68c1f, L:/127.0.0.1:52576 - R:localhost/127.0.0.1:58191] for POST '/session/c3aa3fcf09320f3793c832f62b1d83a9/execute/sync'
11:15:11.066 [AsyncHttpClient-1-8] DEBUG org.asynchttpclient.netty.handler.HttpHandler - 

Request DefaultHttpRequest(decodeResult: success, version: HTTP/1.1)
POST /session/c3aa3fcf09320f3793c832f62b1d83a9/execute/sync HTTP/1.1
User-Agent: selenium/4.4.0 (java windows)
Content-Length: 48787
Content-Type: application/json; charset=utf-8
host: localhost:58191
accept: */*

Response DefaultHttpResponse(decodeResult: success, version: HTTP/1.1)
HTTP/1.1 200 OK
Content-Type: application/json; charset=utf-8
cache-control: no-cache
content-length: 14

11:15:11.066 [AsyncHttpClient-1-8] DEBUG org.asynchttpclient.netty.channel.ChannelManager - Adding key: http://localhost:58191 for channel [id: 0x03a68c1f, L:/127.0.0.1:52576 - R:localhost/127.0.0.1:58191]
11:15:11.067 [Forwarding getElementText on session c3aa3fcf09320f3793c832f62b1d83a9 to remote] DEBUG org.asynchttpclient.netty.request.NettyRequestSender - Using pooled Channel '[id: 0x03a68c1f, L:/127.0.0.1:52576 - R:localhost/127.0.0.1:58191]' for 'GET' to 'http://localhost:58191/session/c3aa3fcf09320f3793c832f62b1d83a9/element/F0EA4554B41E3A329AD13FBB8539C0E3_element_96/text'
11:15:11.067 [Forwarding getElementText on session c3aa3fcf09320f3793c832f62b1d83a9 to remote] DEBUG org.asynchttpclient.netty.request.NettyRequestSender - Using open Channel [id: 0x03a68c1f, L:/127.0.0.1:52576 - R:localhost/127.0.0.1:58191] for GET '/session/c3aa3fcf09320f3793c832f62b1d83a9/element/F0EA4554B41E3A329AD13FBB8539C0E3_element_96/text'
11:15:11.076 [AsyncHttpClient-1-8] DEBUG org.asynchttpclient.netty.handler.HttpHandler - 

Request DefaultFullHttpRequest(decodeResult: success, version: HTTP/1.1, content: EmptyByteBufBE)
GET /session/c3aa3fcf09320f3793c832f62b1d83a9/element/F0EA4554B41E3A329AD13FBB8539C0E3_element_96/text HTTP/1.1
User-Agent: selenium/4.4.0 (java windows)
Cache-Control: no-cache
Content-Type: application/json; charset=utf-8
host: localhost:58191
accept: */*

Response DefaultHttpResponse(decodeResult: success, version: HTTP/1.1)
HTTP/1.1 200 OK
Content-Type: application/json; charset=utf-8
cache-control: no-cache
content-length: 30

11:15:11.076 [AsyncHttpClient-1-8] DEBUG org.asynchttpclient.netty.channel.ChannelManager - Adding key: http://localhost:58191 for channel [id: 0x03a68c1f, L:/127.0.0.1:52576 - R:localhost/127.0.0.1:58191]
11:15:11.078 [main] DEBUG net.thucydides.core.steps.StepInterceptor - STARTING STEP: ComprarDispositivosElectronicosStep.el_usuario_añade_a_la_cesta_el_dispositivo - Añadir a la cesta
11:15:11.743 [AsyncHttpClient-1-1] DEBUG org.asynchttpclient.netty.channel.DefaultChannelPool - Entry count for : http://localhost:58191 : 1
11:15:11.743 [AsyncHttpClient-1-1] DEBUG org.asynchttpclient.netty.channel.DefaultChannelPool - Entry count for : http://localhost:52577 : 1
11:15:12.091 [Forwarding screenshot on session c3aa3fcf09320f3793c832f62b1d83a9 to remote] DEBUG org.asynchttpclient.netty.request.NettyRequestSender - Using pooled Channel '[id: 0x03a68c1f, L:/127.0.0.1:52576 - R:localhost/127.0.0.1:58191]' for 'GET' to 'http://localhost:58191/session/c3aa3fcf09320f3793c832f62b1d83a9/screenshot'
11:15:12.091 [Forwarding screenshot on session c3aa3fcf09320f3793c832f62b1d83a9 to remote] DEBUG org.asynchttpclient.netty.request.NettyRequestSender - Using open Channel [id: 0x03a68c1f, L:/127.0.0.1:52576 - R:localhost/127.0.0.1:58191] for GET '/session/c3aa3fcf09320f3793c832f62b1d83a9/screenshot'
11:15:12.210 [AsyncHttpClient-1-8] DEBUG org.asynchttpclient.netty.handler.HttpHandler - 

Request DefaultFullHttpRequest(decodeResult: success, version: HTTP/1.1, content: EmptyByteBufBE)
GET /session/c3aa3fcf09320f3793c832f62b1d83a9/screenshot HTTP/1.1
User-Agent: selenium/4.4.0 (java windows)
Cache-Control: no-cache
Content-Type: application/json; charset=utf-8
host: localhost:58191
accept: */*

Response DefaultHttpResponse(decodeResult: success, version: HTTP/1.1)
HTTP/1.1 200 OK
Content-Type: application/json; charset=utf-8
cache-control: no-cache
content-length: 273956

11:15:12.210 [AsyncHttpClient-1-8] DEBUG org.asynchttpclient.netty.channel.ChannelManager - Adding key: http://localhost:58191 for channel [id: 0x03a68c1f, L:/127.0.0.1:52576 - R:localhost/127.0.0.1:58191]
11:15:12.220 [Forwarding findElement on session c3aa3fcf09320f3793c832f62b1d83a9 to remote] DEBUG org.asynchttpclient.netty.request.NettyRequestSender - Using pooled Channel '[id: 0x03a68c1f, L:/127.0.0.1:52576 - R:localhost/127.0.0.1:58191]' for 'POST' to 'http://localhost:58191/session/c3aa3fcf09320f3793c832f62b1d83a9/element'
11:15:12.220 [Forwarding findElement on session c3aa3fcf09320f3793c832f62b1d83a9 to remote] DEBUG org.asynchttpclient.netty.request.NettyRequestSender - Using open Channel [id: 0x03a68c1f, L:/127.0.0.1:52576 - R:localhost/127.0.0.1:58191] for POST '/session/c3aa3fcf09320f3793c832f62b1d83a9/element'
11:15:12.231 [AsyncHttpClient-1-8] DEBUG org.asynchttpclient.netty.handler.HttpHandler - 

Request DefaultHttpRequest(decodeResult: success, version: HTTP/1.1)
POST /session/c3aa3fcf09320f3793c832f62b1d83a9/element HTTP/1.1
User-Agent: selenium/4.4.0 (java windows)
Content-Length: 83
Content-Type: application/json; charset=utf-8
host: localhost:58191
accept: */*

Response DefaultHttpResponse(decodeResult: success, version: HTTP/1.1)
HTTP/1.1 200 OK
Content-Type: application/json; charset=utf-8
cache-control: no-cache
content-length: 95

11:15:12.232 [AsyncHttpClient-1-8] DEBUG org.asynchttpclient.netty.channel.ChannelManager - Adding key: http://localhost:58191 for channel [id: 0x03a68c1f, L:/127.0.0.1:52576 - R:localhost/127.0.0.1:58191]
11:15:12.233 [Forwarding isElementDisplayed on session c3aa3fcf09320f3793c832f62b1d83a9 to remote] DEBUG org.asynchttpclient.netty.request.NettyRequestSender - Using pooled Channel '[id: 0x03a68c1f, L:/127.0.0.1:52576 - R:localhost/127.0.0.1:58191]' for 'POST' to 'http://localhost:58191/session/c3aa3fcf09320f3793c832f62b1d83a9/execute/sync'
11:15:12.233 [Forwarding isElementDisplayed on session c3aa3fcf09320f3793c832f62b1d83a9 to remote] DEBUG org.asynchttpclient.netty.request.NettyRequestSender - Using open Channel [id: 0x03a68c1f, L:/127.0.0.1:52576 - R:localhost/127.0.0.1:58191] for POST '/session/c3aa3fcf09320f3793c832f62b1d83a9/execute/sync'
11:15:12.242 [AsyncHttpClient-1-8] DEBUG org.asynchttpclient.netty.handler.HttpHandler - 

Request DefaultHttpRequest(decodeResult: success, version: HTTP/1.1)
POST /session/c3aa3fcf09320f3793c832f62b1d83a9/execute/sync HTTP/1.1
User-Agent: selenium/4.4.0 (java windows)
Content-Length: 48787
Content-Type: application/json; charset=utf-8
host: localhost:58191
accept: */*

Response DefaultHttpResponse(decodeResult: success, version: HTTP/1.1)
HTTP/1.1 200 OK
Content-Type: application/json; charset=utf-8
cache-control: no-cache
content-length: 14

11:15:12.242 [AsyncHttpClient-1-8] DEBUG org.asynchttpclient.netty.channel.ChannelManager - Adding key: http://localhost:58191 for channel [id: 0x03a68c1f, L:/127.0.0.1:52576 - R:localhost/127.0.0.1:58191]
11:15:12.242 [Forwarding clickElement on session c3aa3fcf09320f3793c832f62b1d83a9 to remote] DEBUG org.asynchttpclient.netty.request.NettyRequestSender - Using pooled Channel '[id: 0x03a68c1f, L:/127.0.0.1:52576 - R:localhost/127.0.0.1:58191]' for 'POST' to 'http://localhost:58191/session/c3aa3fcf09320f3793c832f62b1d83a9/element/F0EA4554B41E3A329AD13FBB8539C0E3_element_98/click'
11:15:12.242 [Forwarding clickElement on session c3aa3fcf09320f3793c832f62b1d83a9 to remote] DEBUG org.asynchttpclient.netty.request.NettyRequestSender - Using open Channel [id: 0x03a68c1f, L:/127.0.0.1:52576 - R:localhost/127.0.0.1:58191] for POST '/session/c3aa3fcf09320f3793c832f62b1d83a9/element/F0EA4554B41E3A329AD13FBB8539C0E3_element_98/click'
11:15:12.271 [AsyncHttpClient-1-8] DEBUG org.asynchttpclient.netty.handler.HttpHandler - 

Request DefaultHttpRequest(decodeResult: success, version: HTTP/1.1)
POST /session/c3aa3fcf09320f3793c832f62b1d83a9/element/F0EA4554B41E3A329AD13FBB8539C0E3_element_98/click HTTP/1.1
User-Agent: selenium/4.4.0 (java windows)
Content-Length: 57
Content-Type: application/json; charset=utf-8
host: localhost:58191
accept: */*

Response DefaultHttpResponse(decodeResult: success, version: HTTP/1.1)
HTTP/1.1 200 OK
Content-Type: application/json; charset=utf-8
cache-control: no-cache
content-length: 14

11:15:12.271 [AsyncHttpClient-1-8] DEBUG org.asynchttpclient.netty.channel.ChannelManager - Adding key: http://localhost:58191 for channel [id: 0x03a68c1f, L:/127.0.0.1:52576 - R:localhost/127.0.0.1:58191]
11:15:12.272 [Forwarding getAlertText on session c3aa3fcf09320f3793c832f62b1d83a9 to remote] DEBUG org.asynchttpclient.netty.request.NettyRequestSender - Using pooled Channel '[id: 0x03a68c1f, L:/127.0.0.1:52576 - R:localhost/127.0.0.1:58191]' for 'GET' to 'http://localhost:58191/session/c3aa3fcf09320f3793c832f62b1d83a9/alert/text'
11:15:12.272 [Forwarding getAlertText on session c3aa3fcf09320f3793c832f62b1d83a9 to remote] DEBUG org.asynchttpclient.netty.request.NettyRequestSender - Using open Channel [id: 0x03a68c1f, L:/127.0.0.1:52576 - R:localhost/127.0.0.1:58191] for GET '/session/c3aa3fcf09320f3793c832f62b1d83a9/alert/text'
11:15:12.273 [AsyncHttpClient-1-8] DEBUG org.asynchttpclient.netty.handler.HttpHandler - 

Request DefaultFullHttpRequest(decodeResult: success, version: HTTP/1.1, content: EmptyByteBufBE)
GET /session/c3aa3fcf09320f3793c832f62b1d83a9/alert/text HTTP/1.1
User-Agent: selenium/4.4.0 (java windows)
Cache-Control: no-cache
Content-Type: application/json; charset=utf-8
host: localhost:58191
accept: */*

Response DefaultHttpResponse(decodeResult: success, version: HTTP/1.1)
HTTP/1.1 404 Not Found
Content-Type: application/json; charset=utf-8
cache-control: no-cache
content-length: 848

11:15:12.273 [AsyncHttpClient-1-8] DEBUG org.asynchttpclient.netty.channel.ChannelManager - Adding key: http://localhost:58191 for channel [id: 0x03a68c1f, L:/127.0.0.1:52576 - R:localhost/127.0.0.1:58191]
11:15:12.780 [Forwarding getAlertText on session c3aa3fcf09320f3793c832f62b1d83a9 to remote] DEBUG org.asynchttpclient.netty.request.NettyRequestSender - Using pooled Channel '[id: 0x03a68c1f, L:/127.0.0.1:52576 - R:localhost/127.0.0.1:58191]' for 'GET' to 'http://localhost:58191/session/c3aa3fcf09320f3793c832f62b1d83a9/alert/text'
11:15:12.780 [Forwarding getAlertText on session c3aa3fcf09320f3793c832f62b1d83a9 to remote] DEBUG org.asynchttpclient.netty.request.NettyRequestSender - Using open Channel [id: 0x03a68c1f, L:/127.0.0.1:52576 - R:localhost/127.0.0.1:58191] for GET '/session/c3aa3fcf09320f3793c832f62b1d83a9/alert/text'
11:15:12.781 [AsyncHttpClient-1-8] DEBUG org.asynchttpclient.netty.handler.HttpHandler - 

Request DefaultFullHttpRequest(decodeResult: success, version: HTTP/1.1, content: EmptyByteBufBE)
GET /session/c3aa3fcf09320f3793c832f62b1d83a9/alert/text HTTP/1.1
User-Agent: selenium/4.4.0 (java windows)
Cache-Control: no-cache
Content-Type: application/json; charset=utf-8
host: localhost:58191
accept: */*

Response DefaultHttpResponse(decodeResult: success, version: HTTP/1.1)
HTTP/1.1 404 Not Found
Content-Type: application/json; charset=utf-8
cache-control: no-cache
content-length: 848

11:15:12.782 [AsyncHttpClient-1-8] DEBUG org.asynchttpclient.netty.channel.ChannelManager - Adding key: http://localhost:58191 for channel [id: 0x03a68c1f, L:/127.0.0.1:52576 - R:localhost/127.0.0.1:58191]
11:15:12.844 [AsyncHttpClient-1-1] DEBUG org.asynchttpclient.netty.channel.DefaultChannelPool - Entry count for : http://localhost:58191 : 1
11:15:12.844 [AsyncHttpClient-1-1] DEBUG org.asynchttpclient.netty.channel.DefaultChannelPool - Entry count for : http://localhost:52577 : 1
11:15:13.292 [Forwarding getAlertText on session c3aa3fcf09320f3793c832f62b1d83a9 to remote] DEBUG org.asynchttpclient.netty.request.NettyRequestSender - Using pooled Channel '[id: 0x03a68c1f, L:/127.0.0.1:52576 - R:localhost/127.0.0.1:58191]' for 'GET' to 'http://localhost:58191/session/c3aa3fcf09320f3793c832f62b1d83a9/alert/text'
11:15:13.292 [Forwarding getAlertText on session c3aa3fcf09320f3793c832f62b1d83a9 to remote] DEBUG org.asynchttpclient.netty.request.NettyRequestSender - Using open Channel [id: 0x03a68c1f, L:/127.0.0.1:52576 - R:localhost/127.0.0.1:58191] for GET '/session/c3aa3fcf09320f3793c832f62b1d83a9/alert/text'
11:15:13.294 [AsyncHttpClient-1-8] DEBUG org.asynchttpclient.netty.handler.HttpHandler - 

Request DefaultFullHttpRequest(decodeResult: success, version: HTTP/1.1, content: EmptyByteBufBE)
GET /session/c3aa3fcf09320f3793c832f62b1d83a9/alert/text HTTP/1.1
User-Agent: selenium/4.4.0 (java windows)
Cache-Control: no-cache
Content-Type: application/json; charset=utf-8
host: localhost:58191
accept: */*

Response DefaultHttpResponse(decodeResult: success, version: HTTP/1.1)
HTTP/1.1 200 OK
Content-Type: application/json; charset=utf-8
cache-control: no-cache
content-length: 26

11:15:13.294 [AsyncHttpClient-1-8] DEBUG org.asynchttpclient.netty.channel.ChannelManager - Adding key: http://localhost:58191 for channel [id: 0x03a68c1f, L:/127.0.0.1:52576 - R:localhost/127.0.0.1:58191]
11:15:13.294 [Forwarding getAlertText on session c3aa3fcf09320f3793c832f62b1d83a9 to remote] DEBUG org.asynchttpclient.netty.request.NettyRequestSender - Using pooled Channel '[id: 0x03a68c1f, L:/127.0.0.1:52576 - R:localhost/127.0.0.1:58191]' for 'GET' to 'http://localhost:58191/session/c3aa3fcf09320f3793c832f62b1d83a9/alert/text'
11:15:13.294 [Forwarding getAlertText on session c3aa3fcf09320f3793c832f62b1d83a9 to remote] DEBUG org.asynchttpclient.netty.request.NettyRequestSender - Using open Channel [id: 0x03a68c1f, L:/127.0.0.1:52576 - R:localhost/127.0.0.1:58191] for GET '/session/c3aa3fcf09320f3793c832f62b1d83a9/alert/text'
11:15:13.295 [AsyncHttpClient-1-8] DEBUG org.asynchttpclient.netty.handler.HttpHandler - 

Request DefaultFullHttpRequest(decodeResult: success, version: HTTP/1.1, content: EmptyByteBufBE)
GET /session/c3aa3fcf09320f3793c832f62b1d83a9/alert/text HTTP/1.1
User-Agent: selenium/4.4.0 (java windows)
Cache-Control: no-cache
Content-Type: application/json; charset=utf-8
host: localhost:58191
accept: */*

Response DefaultHttpResponse(decodeResult: success, version: HTTP/1.1)
HTTP/1.1 200 OK
Content-Type: application/json; charset=utf-8
cache-control: no-cache
content-length: 26

11:15:13.295 [AsyncHttpClient-1-8] DEBUG org.asynchttpclient.netty.channel.ChannelManager - Adding key: http://localhost:58191 for channel [id: 0x03a68c1f, L:/127.0.0.1:52576 - R:localhost/127.0.0.1:58191]
11:15:13.296 [Forwarding acceptAlert on session c3aa3fcf09320f3793c832f62b1d83a9 to remote] DEBUG org.asynchttpclient.netty.request.NettyRequestSender - Using pooled Channel '[id: 0x03a68c1f, L:/127.0.0.1:52576 - R:localhost/127.0.0.1:58191]' for 'POST' to 'http://localhost:58191/session/c3aa3fcf09320f3793c832f62b1d83a9/alert/accept'
11:15:13.296 [Forwarding acceptAlert on session c3aa3fcf09320f3793c832f62b1d83a9 to remote] DEBUG org.asynchttpclient.netty.request.NettyRequestSender - Using open Channel [id: 0x03a68c1f, L:/127.0.0.1:52576 - R:localhost/127.0.0.1:58191] for POST '/session/c3aa3fcf09320f3793c832f62b1d83a9/alert/accept'
11:15:13.298 [AsyncHttpClient-1-8] DEBUG org.asynchttpclient.netty.handler.HttpHandler - 

Request DefaultHttpRequest(decodeResult: success, version: HTTP/1.1)
POST /session/c3aa3fcf09320f3793c832f62b1d83a9/alert/accept HTTP/1.1
User-Agent: selenium/4.4.0 (java windows)
Content-Length: 3
Content-Type: application/json; charset=utf-8
host: localhost:58191
accept: */*

Response DefaultHttpResponse(decodeResult: success, version: HTTP/1.1)
HTTP/1.1 200 OK
Content-Type: application/json; charset=utf-8
cache-control: no-cache
content-length: 14

11:15:13.298 [AsyncHttpClient-1-8] DEBUG org.asynchttpclient.netty.channel.ChannelManager - Adding key: http://localhost:58191 for channel [id: 0x03a68c1f, L:/127.0.0.1:52576 - R:localhost/127.0.0.1:58191]
11:15:13.301 [Forwarding getCurrentWindowHandle on session c3aa3fcf09320f3793c832f62b1d83a9 to remote] DEBUG org.asynchttpclient.netty.request.NettyRequestSender - Using pooled Channel '[id: 0x03a68c1f, L:/127.0.0.1:52576 - R:localhost/127.0.0.1:58191]' for 'GET' to 'http://localhost:58191/session/c3aa3fcf09320f3793c832f62b1d83a9/window'
11:15:13.302 [Forwarding getCurrentWindowHandle on session c3aa3fcf09320f3793c832f62b1d83a9 to remote] DEBUG org.asynchttpclient.netty.request.NettyRequestSender - Using open Channel [id: 0x03a68c1f, L:/127.0.0.1:52576 - R:localhost/127.0.0.1:58191] for GET '/session/c3aa3fcf09320f3793c832f62b1d83a9/window'
11:15:13.302 [AsyncHttpClient-1-8] DEBUG org.asynchttpclient.netty.handler.HttpHandler - 

Request DefaultFullHttpRequest(decodeResult: success, version: HTTP/1.1, content: EmptyByteBufBE)
GET /session/c3aa3fcf09320f3793c832f62b1d83a9/window HTTP/1.1
User-Agent: selenium/4.4.0 (java windows)
Cache-Control: no-cache
Content-Type: application/json; charset=utf-8
host: localhost:58191
accept: */*

Response DefaultHttpResponse(decodeResult: success, version: HTTP/1.1)
HTTP/1.1 200 OK
Content-Type: application/json; charset=utf-8
cache-control: no-cache
content-length: 44

11:15:13.302 [AsyncHttpClient-1-8] DEBUG org.asynchttpclient.netty.channel.ChannelManager - Adding key: http://localhost:58191 for channel [id: 0x03a68c1f, L:/127.0.0.1:52576 - R:localhost/127.0.0.1:58191]
11:15:13.303 [Forwarding getAlertText on session c3aa3fcf09320f3793c832f62b1d83a9 to remote] DEBUG org.asynchttpclient.netty.request.NettyRequestSender - Using pooled Channel '[id: 0x03a68c1f, L:/127.0.0.1:52576 - R:localhost/127.0.0.1:58191]' for 'GET' to 'http://localhost:58191/session/c3aa3fcf09320f3793c832f62b1d83a9/alert/text'
11:15:13.303 [Forwarding getAlertText on session c3aa3fcf09320f3793c832f62b1d83a9 to remote] DEBUG org.asynchttpclient.netty.request.NettyRequestSender - Using open Channel [id: 0x03a68c1f, L:/127.0.0.1:52576 - R:localhost/127.0.0.1:58191] for GET '/session/c3aa3fcf09320f3793c832f62b1d83a9/alert/text'
11:15:13.305 [AsyncHttpClient-1-8] DEBUG org.asynchttpclient.netty.handler.HttpHandler - 

Request DefaultFullHttpRequest(decodeResult: success, version: HTTP/1.1, content: EmptyByteBufBE)
GET /session/c3aa3fcf09320f3793c832f62b1d83a9/alert/text HTTP/1.1
User-Agent: selenium/4.4.0 (java windows)
Cache-Control: no-cache
Content-Type: application/json; charset=utf-8
host: localhost:58191
accept: */*

Response DefaultHttpResponse(decodeResult: success, version: HTTP/1.1)
HTTP/1.1 404 Not Found
Content-Type: application/json; charset=utf-8
cache-control: no-cache
content-length: 848

11:15:13.305 [AsyncHttpClient-1-8] DEBUG org.asynchttpclient.netty.channel.ChannelManager - Adding key: http://localhost:58191 for channel [id: 0x03a68c1f, L:/127.0.0.1:52576 - R:localhost/127.0.0.1:58191]
11:15:13.307 [Forwarding switchToWindow on session c3aa3fcf09320f3793c832f62b1d83a9 to remote] DEBUG org.asynchttpclient.netty.request.NettyRequestSender - Using pooled Channel '[id: 0x03a68c1f, L:/127.0.0.1:52576 - R:localhost/127.0.0.1:58191]' for 'POST' to 'http://localhost:58191/session/c3aa3fcf09320f3793c832f62b1d83a9/window'
11:15:13.307 [Forwarding switchToWindow on session c3aa3fcf09320f3793c832f62b1d83a9 to remote] DEBUG org.asynchttpclient.netty.request.NettyRequestSender - Using open Channel [id: 0x03a68c1f, L:/127.0.0.1:52576 - R:localhost/127.0.0.1:58191] for POST '/session/c3aa3fcf09320f3793c832f62b1d83a9/window'
11:15:13.309 [AsyncHttpClient-1-8] DEBUG org.asynchttpclient.netty.handler.HttpHandler - 

Request DefaultHttpRequest(decodeResult: success, version: HTTP/1.1)
POST /session/c3aa3fcf09320f3793c832f62b1d83a9/window HTTP/1.1
User-Agent: selenium/4.4.0 (java windows)
Content-Length: 50
Content-Type: application/json; charset=utf-8
host: localhost:58191
accept: */*

Response DefaultHttpResponse(decodeResult: success, version: HTTP/1.1)
HTTP/1.1 200 OK
Content-Type: application/json; charset=utf-8
cache-control: no-cache
content-length: 14

11:15:13.309 [AsyncHttpClient-1-8] DEBUG org.asynchttpclient.netty.channel.ChannelManager - Adding key: http://localhost:58191 for channel [id: 0x03a68c1f, L:/127.0.0.1:52576 - R:localhost/127.0.0.1:58191]
11:15:13.310 [Forwarding getCurrentUrl on session c3aa3fcf09320f3793c832f62b1d83a9 to remote] DEBUG org.asynchttpclient.netty.request.NettyRequestSender - Using pooled Channel '[id: 0x03a68c1f, L:/127.0.0.1:52576 - R:localhost/127.0.0.1:58191]' for 'GET' to 'http://localhost:58191/session/c3aa3fcf09320f3793c832f62b1d83a9/url'
11:15:13.310 [Forwarding getCurrentUrl on session c3aa3fcf09320f3793c832f62b1d83a9 to remote] DEBUG org.asynchttpclient.netty.request.NettyRequestSender - Using open Channel [id: 0x03a68c1f, L:/127.0.0.1:52576 - R:localhost/127.0.0.1:58191] for GET '/session/c3aa3fcf09320f3793c832f62b1d83a9/url'
11:15:13.312 [AsyncHttpClient-1-8] DEBUG org.asynchttpclient.netty.handler.HttpHandler - 

Request DefaultFullHttpRequest(decodeResult: success, version: HTTP/1.1, content: EmptyByteBufBE)
GET /session/c3aa3fcf09320f3793c832f62b1d83a9/url HTTP/1.1
User-Agent: selenium/4.4.0 (java windows)
Cache-Control: no-cache
Content-Type: application/json; charset=utf-8
host: localhost:58191
accept: */*

Response DefaultHttpResponse(decodeResult: success, version: HTTP/1.1)
HTTP/1.1 200 OK
Content-Type: application/json; charset=utf-8
cache-control: no-cache
content-length: 56

11:15:13.312 [AsyncHttpClient-1-8] DEBUG org.asynchttpclient.netty.channel.ChannelManager - Adding key: http://localhost:58191 for channel [id: 0x03a68c1f, L:/127.0.0.1:52576 - R:localhost/127.0.0.1:58191]
11:15:13.313 [Forwarding screenshot on session c3aa3fcf09320f3793c832f62b1d83a9 to remote] DEBUG org.asynchttpclient.netty.request.NettyRequestSender - Using pooled Channel '[id: 0x03a68c1f, L:/127.0.0.1:52576 - R:localhost/127.0.0.1:58191]' for 'GET' to 'http://localhost:58191/session/c3aa3fcf09320f3793c832f62b1d83a9/screenshot'
11:15:13.313 [Forwarding screenshot on session c3aa3fcf09320f3793c832f62b1d83a9 to remote] DEBUG org.asynchttpclient.netty.request.NettyRequestSender - Using open Channel [id: 0x03a68c1f, L:/127.0.0.1:52576 - R:localhost/127.0.0.1:58191] for GET '/session/c3aa3fcf09320f3793c832f62b1d83a9/screenshot'
11:15:13.444 [AsyncHttpClient-1-8] DEBUG org.asynchttpclient.netty.handler.HttpHandler - 

Request DefaultFullHttpRequest(decodeResult: success, version: HTTP/1.1, content: EmptyByteBufBE)
GET /session/c3aa3fcf09320f3793c832f62b1d83a9/screenshot HTTP/1.1
User-Agent: selenium/4.4.0 (java windows)
Cache-Control: no-cache
Content-Type: application/json; charset=utf-8
host: localhost:58191
accept: */*

Response DefaultHttpResponse(decodeResult: success, version: HTTP/1.1)
HTTP/1.1 200 OK
Content-Type: application/json; charset=utf-8
cache-control: no-cache
content-length: 274368

11:15:13.444 [AsyncHttpClient-1-8] DEBUG org.asynchttpclient.netty.channel.ChannelManager - Adding key: http://localhost:58191 for channel [id: 0x03a68c1f, L:/127.0.0.1:52576 - R:localhost/127.0.0.1:58191]
11:15:13.448 [main] DEBUG net.serenitybdd.core.photography.Darkroom - Send negative for processing for target\site\serenity\ccf19a5ca933d5f21a2716256ceb5c810b1dc1cc4ead902dae70b5b263196f56.png
11:15:13.448 [main] DEBUG net.thucydides.core.steps.StepInterceptor - STEP DONE: Añadir a la cesta
  &amp#27;[32mAnd &amp#27;[0m&amp#27;[32mel usuario añade a la cesta el ordenador&amp#27;[0m                                                               &amp#27;[90m# Step.ComprarDispositivosElectronicosStep.el_usuario_añade_a_la_cesta_el_dispositivo()&amp#27;[0m
11:15:13.448 [Darkroom Processing Line] DEBUG net.serenitybdd.core.photography.DarkroomProcessingLine - Processing screenshot image in /var/screenshots/screenshot-2460632582386444126
11:15:13.448 [Darkroom Processing Line] DEBUG net.serenitybdd.core.photography.DarkroomProcessingLine - Saving screenshot to target\site\serenity\ccf19a5ca933d5f21a2716256ceb5c810b1dc1cc4ead902dae70b5b263196f56.png
11:15:13.453 [main] DEBUG net.thucydides.core.steps.StepInterceptor - STARTING STEP: ComprarDispositivosElectronicosStep.el_usuario_se_dirige_a_la_cesta_de_la_compra - Navega a la pestaña home
11:15:13.454 [Forwarding findElement on session c3aa3fcf09320f3793c832f62b1d83a9 to remote] DEBUG org.asynchttpclient.netty.request.NettyRequestSender - Using pooled Channel '[id: 0x03a68c1f, L:/127.0.0.1:52576 - R:localhost/127.0.0.1:58191]' for 'POST' to 'http://localhost:58191/session/c3aa3fcf09320f3793c832f62b1d83a9/element'
11:15:13.454 [Forwarding findElement on session c3aa3fcf09320f3793c832f62b1d83a9 to remote] DEBUG org.asynchttpclient.netty.request.NettyRequestSender - Using open Channel [id: 0x03a68c1f, L:/127.0.0.1:52576 - R:localhost/127.0.0.1:58191] for POST '/session/c3aa3fcf09320f3793c832f62b1d83a9/element'
11:15:13.463 [AsyncHttpClient-1-8] DEBUG org.asynchttpclient.netty.handler.HttpHandler - 

Request DefaultHttpRequest(decodeResult: success, version: HTTP/1.1)
POST /session/c3aa3fcf09320f3793c832f62b1d83a9/element HTTP/1.1
User-Agent: selenium/4.4.0 (java windows)
Content-Length: 70
Content-Type: application/json; charset=utf-8
host: localhost:58191
accept: */*

Response DefaultHttpResponse(decodeResult: success, version: HTTP/1.1)
HTTP/1.1 200 OK
Content-Type: application/json; charset=utf-8
cache-control: no-cache
content-length: 95

11:15:13.463 [AsyncHttpClient-1-8] DEBUG org.asynchttpclient.netty.channel.ChannelManager - Adding key: http://localhost:58191 for channel [id: 0x03a68c1f, L:/127.0.0.1:52576 - R:localhost/127.0.0.1:58191]
11:15:13.465 [Forwarding isElementDisplayed on session c3aa3fcf09320f3793c832f62b1d83a9 to remote] DEBUG org.asynchttpclient.netty.request.NettyRequestSender - Using pooled Channel '[id: 0x03a68c1f, L:/127.0.0.1:52576 - R:localhost/127.0.0.1:58191]' for 'POST' to 'http://localhost:58191/session/c3aa3fcf09320f3793c832f62b1d83a9/execute/sync'
11:15:13.465 [Forwarding isElementDisplayed on session c3aa3fcf09320f3793c832f62b1d83a9 to remote] DEBUG org.asynchttpclient.netty.request.NettyRequestSender - Using open Channel [id: 0x03a68c1f, L:/127.0.0.1:52576 - R:localhost/127.0.0.1:58191] for POST '/session/c3aa3fcf09320f3793c832f62b1d83a9/execute/sync'
11:15:13.475 [AsyncHttpClient-1-8] DEBUG org.asynchttpclient.netty.handler.HttpHandler - 

Request DefaultHttpRequest(decodeResult: success, version: HTTP/1.1)
POST /session/c3aa3fcf09320f3793c832f62b1d83a9/execute/sync HTTP/1.1
User-Agent: selenium/4.4.0 (java windows)
Content-Length: 48787
Content-Type: application/json; charset=utf-8
host: localhost:58191
accept: */*

Response DefaultHttpResponse(decodeResult: success, version: HTTP/1.1)
HTTP/1.1 200 OK
Content-Type: application/json; charset=utf-8
cache-control: no-cache
content-length: 14

11:15:13.475 [AsyncHttpClient-1-8] DEBUG org.asynchttpclient.netty.channel.ChannelManager - Adding key: http://localhost:58191 for channel [id: 0x03a68c1f, L:/127.0.0.1:52576 - R:localhost/127.0.0.1:58191]
11:15:13.476 [Forwarding isElementDisplayed on session c3aa3fcf09320f3793c832f62b1d83a9 to remote] DEBUG org.asynchttpclient.netty.request.NettyRequestSender - Using pooled Channel '[id: 0x03a68c1f, L:/127.0.0.1:52576 - R:localhost/127.0.0.1:58191]' for 'POST' to 'http://localhost:58191/session/c3aa3fcf09320f3793c832f62b1d83a9/execute/sync'
11:15:13.476 [Forwarding isElementDisplayed on session c3aa3fcf09320f3793c832f62b1d83a9 to remote] DEBUG org.asynchttpclient.netty.request.NettyRequestSender - Using open Channel [id: 0x03a68c1f, L:/127.0.0.1:52576 - R:localhost/127.0.0.1:58191] for POST '/session/c3aa3fcf09320f3793c832f62b1d83a9/execute/sync'
11:15:13.483 [AsyncHttpClient-1-8] DEBUG org.asynchttpclient.netty.handler.HttpHandler - 

Request DefaultHttpRequest(decodeResult: success, version: HTTP/1.1)
POST /session/c3aa3fcf09320f3793c832f62b1d83a9/execute/sync HTTP/1.1
User-Agent: selenium/4.4.0 (java windows)
Content-Length: 48787
Content-Type: application/json; charset=utf-8
host: localhost:58191
accept: */*

Response DefaultHttpResponse(decodeResult: success, version: HTTP/1.1)
HTTP/1.1 200 OK
Content-Type: application/json; charset=utf-8
cache-control: no-cache
content-length: 14

11:15:13.484 [AsyncHttpClient-1-8] DEBUG org.asynchttpclient.netty.channel.ChannelManager - Adding key: http://localhost:58191 for channel [id: 0x03a68c1f, L:/127.0.0.1:52576 - R:localhost/127.0.0.1:58191]
11:15:13.485 [Forwarding findElement on session c3aa3fcf09320f3793c832f62b1d83a9 to remote] DEBUG org.asynchttpclient.netty.request.NettyRequestSender - Using pooled Channel '[id: 0x03a68c1f, L:/127.0.0.1:52576 - R:localhost/127.0.0.1:58191]' for 'POST' to 'http://localhost:58191/session/c3aa3fcf09320f3793c832f62b1d83a9/element'
11:15:13.485 [Forwarding findElement on session c3aa3fcf09320f3793c832f62b1d83a9 to remote] DEBUG org.asynchttpclient.netty.request.NettyRequestSender - Using open Channel [id: 0x03a68c1f, L:/127.0.0.1:52576 - R:localhost/127.0.0.1:58191] for POST '/session/c3aa3fcf09320f3793c832f62b1d83a9/element'
11:15:13.491 [AsyncHttpClient-1-8] DEBUG org.asynchttpclient.netty.handler.HttpHandler - 

Request DefaultHttpRequest(decodeResult: success, version: HTTP/1.1)
POST /session/c3aa3fcf09320f3793c832f62b1d83a9/element HTTP/1.1
User-Agent: selenium/4.4.0 (java windows)
Content-Length: 70
Content-Type: application/json; charset=utf-8
host: localhost:58191
accept: */*

Response DefaultHttpResponse(decodeResult: success, version: HTTP/1.1)
HTTP/1.1 200 OK
Content-Type: application/json; charset=utf-8
cache-control: no-cache
content-length: 95

11:15:13.491 [AsyncHttpClient-1-8] DEBUG org.asynchttpclient.netty.channel.ChannelManager - Adding key: http://localhost:58191 for channel [id: 0x03a68c1f, L:/127.0.0.1:52576 - R:localhost/127.0.0.1:58191]
11:15:13.492 [Forwarding isElementDisplayed on session c3aa3fcf09320f3793c832f62b1d83a9 to remote] DEBUG org.asynchttpclient.netty.request.NettyRequestSender - Using pooled Channel '[id: 0x03a68c1f, L:/127.0.0.1:52576 - R:localhost/127.0.0.1:58191]' for 'POST' to 'http://localhost:58191/session/c3aa3fcf09320f3793c832f62b1d83a9/execute/sync'
11:15:13.492 [Forwarding isElementDisplayed on session c3aa3fcf09320f3793c832f62b1d83a9 to remote] DEBUG org.asynchttpclient.netty.request.NettyRequestSender - Using open Channel [id: 0x03a68c1f, L:/127.0.0.1:52576 - R:localhost/127.0.0.1:58191] for POST '/session/c3aa3fcf09320f3793c832f62b1d83a9/execute/sync'
11:15:13.498 [AsyncHttpClient-1-8] DEBUG org.asynchttpclient.netty.handler.HttpHandler - 

Request DefaultHttpRequest(decodeResult: success, version: HTTP/1.1)
POST /session/c3aa3fcf09320f3793c832f62b1d83a9/execute/sync HTTP/1.1
User-Agent: selenium/4.4.0 (java windows)
Content-Length: 48787
Content-Type: application/json; charset=utf-8
host: localhost:58191
accept: */*

Response DefaultHttpResponse(decodeResult: success, version: HTTP/1.1)
HTTP/1.1 200 OK
Content-Type: application/json; charset=utf-8
cache-control: no-cache
content-length: 14

11:15:13.498 [AsyncHttpClient-1-8] DEBUG org.asynchttpclient.netty.channel.ChannelManager - Adding key: http://localhost:58191 for channel [id: 0x03a68c1f, L:/127.0.0.1:52576 - R:localhost/127.0.0.1:58191]
11:15:13.499 [Forwarding isElementEnabled on session c3aa3fcf09320f3793c832f62b1d83a9 to remote] DEBUG org.asynchttpclient.netty.request.NettyRequestSender - Using pooled Channel '[id: 0x03a68c1f, L:/127.0.0.1:52576 - R:localhost/127.0.0.1:58191]' for 'GET' to 'http://localhost:58191/session/c3aa3fcf09320f3793c832f62b1d83a9/element/F0EA4554B41E3A329AD13FBB8539C0E3_element_99/enabled'
11:15:13.499 [Forwarding isElementEnabled on session c3aa3fcf09320f3793c832f62b1d83a9 to remote] DEBUG org.asynchttpclient.netty.request.NettyRequestSender - Using open Channel [id: 0x03a68c1f, L:/127.0.0.1:52576 - R:localhost/127.0.0.1:58191] for GET '/session/c3aa3fcf09320f3793c832f62b1d83a9/element/F0EA4554B41E3A329AD13FBB8539C0E3_element_99/enabled'
11:15:13.503 [AsyncHttpClient-1-8] DEBUG org.asynchttpclient.netty.handler.HttpHandler - 

Request DefaultFullHttpRequest(decodeResult: success, version: HTTP/1.1, content: EmptyByteBufBE)
GET /session/c3aa3fcf09320f3793c832f62b1d83a9/element/F0EA4554B41E3A329AD13FBB8539C0E3_element_99/enabled HTTP/1.1
User-Agent: selenium/4.4.0 (java windows)
Cache-Control: no-cache
Content-Type: application/json; charset=utf-8
host: localhost:58191
accept: */*

Response DefaultHttpResponse(decodeResult: success, version: HTTP/1.1)
HTTP/1.1 200 OK
Content-Type: application/json; charset=utf-8
cache-control: no-cache
content-length: 14

11:15:13.504 [AsyncHttpClient-1-8] DEBUG org.asynchttpclient.netty.channel.ChannelManager - Adding key: http://localhost:58191 for channel [id: 0x03a68c1f, L:/127.0.0.1:52576 - R:localhost/127.0.0.1:58191]
11:15:13.505 [Forwarding findElement on session c3aa3fcf09320f3793c832f62b1d83a9 to remote] DEBUG org.asynchttpclient.netty.request.NettyRequestSender - Using pooled Channel '[id: 0x03a68c1f, L:/127.0.0.1:52576 - R:localhost/127.0.0.1:58191]' for 'POST' to 'http://localhost:58191/session/c3aa3fcf09320f3793c832f62b1d83a9/element'
11:15:13.505 [Forwarding findElement on session c3aa3fcf09320f3793c832f62b1d83a9 to remote] DEBUG org.asynchttpclient.netty.request.NettyRequestSender - Using open Channel [id: 0x03a68c1f, L:/127.0.0.1:52576 - R:localhost/127.0.0.1:58191] for POST '/session/c3aa3fcf09320f3793c832f62b1d83a9/element'
11:15:13.512 [AsyncHttpClient-1-8] DEBUG org.asynchttpclient.netty.handler.HttpHandler - 

Request DefaultHttpRequest(decodeResult: success, version: HTTP/1.1)
POST /session/c3aa3fcf09320f3793c832f62b1d83a9/element HTTP/1.1
User-Agent: selenium/4.4.0 (java windows)
Content-Length: 70
Content-Type: application/json; charset=utf-8
host: localhost:58191
accept: */*

Response DefaultHttpResponse(decodeResult: success, version: HTTP/1.1)
HTTP/1.1 200 OK
Content-Type: application/json; charset=utf-8
cache-control: no-cache
content-length: 95

11:15:13.512 [AsyncHttpClient-1-8] DEBUG org.asynchttpclient.netty.channel.ChannelManager - Adding key: http://localhost:58191 for channel [id: 0x03a68c1f, L:/127.0.0.1:52576 - R:localhost/127.0.0.1:58191]
11:15:13.513 [Forwarding isElementDisplayed on session c3aa3fcf09320f3793c832f62b1d83a9 to remote] DEBUG org.asynchttpclient.netty.request.NettyRequestSender - Using pooled Channel '[id: 0x03a68c1f, L:/127.0.0.1:52576 - R:localhost/127.0.0.1:58191]' for 'POST' to 'http://localhost:58191/session/c3aa3fcf09320f3793c832f62b1d83a9/execute/sync'
11:15:13.513 [Forwarding isElementDisplayed on session c3aa3fcf09320f3793c832f62b1d83a9 to remote] DEBUG org.asynchttpclient.netty.request.NettyRequestSender - Using open Channel [id: 0x03a68c1f, L:/127.0.0.1:52576 - R:localhost/127.0.0.1:58191] for POST '/session/c3aa3fcf09320f3793c832f62b1d83a9/execute/sync'
11:15:13.519 [AsyncHttpClient-1-8] DEBUG org.asynchttpclient.netty.handler.HttpHandler - 

Request DefaultHttpRequest(decodeResult: success, version: HTTP/1.1)
POST /session/c3aa3fcf09320f3793c832f62b1d83a9/execute/sync HTTP/1.1
User-Agent: selenium/4.4.0 (java windows)
Content-Length: 48787
Content-Type: application/json; charset=utf-8
host: localhost:58191
accept: */*

Response DefaultHttpResponse(decodeResult: success, version: HTTP/1.1)
HTTP/1.1 200 OK
Content-Type: application/json; charset=utf-8
cache-control: no-cache
content-length: 14

11:15:13.519 [AsyncHttpClient-1-8] DEBUG org.asynchttpclient.netty.channel.ChannelManager - Adding key: http://localhost:58191 for channel [id: 0x03a68c1f, L:/127.0.0.1:52576 - R:localhost/127.0.0.1:58191]
11:15:13.520 [Forwarding findElement on session c3aa3fcf09320f3793c832f62b1d83a9 to remote] DEBUG org.asynchttpclient.netty.request.NettyRequestSender - Using pooled Channel '[id: 0x03a68c1f, L:/127.0.0.1:52576 - R:localhost/127.0.0.1:58191]' for 'POST' to 'http://localhost:58191/session/c3aa3fcf09320f3793c832f62b1d83a9/element'
11:15:13.520 [Forwarding findElement on session c3aa3fcf09320f3793c832f62b1d83a9 to remote] DEBUG org.asynchttpclient.netty.request.NettyRequestSender - Using open Channel [id: 0x03a68c1f, L:/127.0.0.1:52576 - R:localhost/127.0.0.1:58191] for POST '/session/c3aa3fcf09320f3793c832f62b1d83a9/element'
11:15:13.525 [AsyncHttpClient-1-8] DEBUG org.asynchttpclient.netty.handler.HttpHandler - 

Request DefaultHttpRequest(decodeResult: success, version: HTTP/1.1)
POST /session/c3aa3fcf09320f3793c832f62b1d83a9/element HTTP/1.1
User-Agent: selenium/4.4.0 (java windows)
Content-Length: 70
Content-Type: application/json; charset=utf-8
host: localhost:58191
accept: */*

Response DefaultHttpResponse(decodeResult: success, version: HTTP/1.1)
HTTP/1.1 200 OK
Content-Type: application/json; charset=utf-8
cache-control: no-cache
content-length: 95

11:15:13.525 [AsyncHttpClient-1-8] DEBUG org.asynchttpclient.netty.channel.ChannelManager - Adding key: http://localhost:58191 for channel [id: 0x03a68c1f, L:/127.0.0.1:52576 - R:localhost/127.0.0.1:58191]
11:15:13.526 [Forwarding isElementDisplayed on session c3aa3fcf09320f3793c832f62b1d83a9 to remote] DEBUG org.asynchttpclient.netty.request.NettyRequestSender - Using pooled Channel '[id: 0x03a68c1f, L:/127.0.0.1:52576 - R:localhost/127.0.0.1:58191]' for 'POST' to 'http://localhost:58191/session/c3aa3fcf09320f3793c832f62b1d83a9/execute/sync'
11:15:13.526 [Forwarding isElementDisplayed on session c3aa3fcf09320f3793c832f62b1d83a9 to remote] DEBUG org.asynchttpclient.netty.request.NettyRequestSender - Using open Channel [id: 0x03a68c1f, L:/127.0.0.1:52576 - R:localhost/127.0.0.1:58191] for POST '/session/c3aa3fcf09320f3793c832f62b1d83a9/execute/sync'
11:15:13.532 [AsyncHttpClient-1-8] DEBUG org.asynchttpclient.netty.handler.HttpHandler - 

Request DefaultHttpRequest(decodeResult: success, version: HTTP/1.1)
POST /session/c3aa3fcf09320f3793c832f62b1d83a9/execute/sync HTTP/1.1
User-Agent: selenium/4.4.0 (java windows)
Content-Length: 48787
Content-Type: application/json; charset=utf-8
host: localhost:58191
accept: */*

Response DefaultHttpResponse(decodeResult: success, version: HTTP/1.1)
HTTP/1.1 200 OK
Content-Type: application/json; charset=utf-8
cache-control: no-cache
content-length: 14

11:15:13.532 [AsyncHttpClient-1-8] DEBUG org.asynchttpclient.netty.channel.ChannelManager - Adding key: http://localhost:58191 for channel [id: 0x03a68c1f, L:/127.0.0.1:52576 - R:localhost/127.0.0.1:58191]
11:15:13.943 [AsyncHttpClient-1-1] DEBUG org.asynchttpclient.netty.channel.DefaultChannelPool - Entry count for : http://localhost:58191 : 1
11:15:13.943 [AsyncHttpClient-1-1] DEBUG org.asynchttpclient.netty.channel.DefaultChannelPool - Entry count for : http://localhost:52577 : 1
11:15:14.542 [Forwarding screenshot on session c3aa3fcf09320f3793c832f62b1d83a9 to remote] DEBUG org.asynchttpclient.netty.request.NettyRequestSender - Using pooled Channel '[id: 0x03a68c1f, L:/127.0.0.1:52576 - R:localhost/127.0.0.1:58191]' for 'GET' to 'http://localhost:58191/session/c3aa3fcf09320f3793c832f62b1d83a9/screenshot'
11:15:14.542 [Forwarding screenshot on session c3aa3fcf09320f3793c832f62b1d83a9 to remote] DEBUG org.asynchttpclient.netty.request.NettyRequestSender - Using open Channel [id: 0x03a68c1f, L:/127.0.0.1:52576 - R:localhost/127.0.0.1:58191] for GET '/session/c3aa3fcf09320f3793c832f62b1d83a9/screenshot'
11:15:14.666 [AsyncHttpClient-1-8] DEBUG org.asynchttpclient.netty.handler.HttpHandler - 

Request DefaultFullHttpRequest(decodeResult: success, version: HTTP/1.1, content: EmptyByteBufBE)
GET /session/c3aa3fcf09320f3793c832f62b1d83a9/screenshot HTTP/1.1
User-Agent: selenium/4.4.0 (java windows)
Cache-Control: no-cache
Content-Type: application/json; charset=utf-8
host: localhost:58191
accept: */*

Response DefaultHttpResponse(decodeResult: success, version: HTTP/1.1)
HTTP/1.1 200 OK
Content-Type: application/json; charset=utf-8
cache-control: no-cache
content-length: 274368

11:15:14.666 [AsyncHttpClient-1-8] DEBUG org.asynchttpclient.netty.channel.ChannelManager - Adding key: http://localhost:58191 for channel [id: 0x03a68c1f, L:/127.0.0.1:52576 - R:localhost/127.0.0.1:58191]
11:15:14.676 [Forwarding findElement on session c3aa3fcf09320f3793c832f62b1d83a9 to remote] DEBUG org.asynchttpclient.netty.request.NettyRequestSender - Using pooled Channel '[id: 0x03a68c1f, L:/127.0.0.1:52576 - R:localhost/127.0.0.1:58191]' for 'POST' to 'http://localhost:58191/session/c3aa3fcf09320f3793c832f62b1d83a9/element'
11:15:14.676 [Forwarding findElement on session c3aa3fcf09320f3793c832f62b1d83a9 to remote] DEBUG org.asynchttpclient.netty.request.NettyRequestSender - Using open Channel [id: 0x03a68c1f, L:/127.0.0.1:52576 - R:localhost/127.0.0.1:58191] for POST '/session/c3aa3fcf09320f3793c832f62b1d83a9/element'
11:15:14.681 [AsyncHttpClient-1-8] DEBUG org.asynchttpclient.netty.handler.HttpHandler - 

Request DefaultHttpRequest(decodeResult: success, version: HTTP/1.1)
POST /session/c3aa3fcf09320f3793c832f62b1d83a9/element HTTP/1.1
User-Agent: selenium/4.4.0 (java windows)
Content-Length: 70
Content-Type: application/json; charset=utf-8
host: localhost:58191
accept: */*

Response DefaultHttpResponse(decodeResult: success, version: HTTP/1.1)
HTTP/1.1 200 OK
Content-Type: application/json; charset=utf-8
cache-control: no-cache
content-length: 95

11:15:14.681 [AsyncHttpClient-1-8] DEBUG org.asynchttpclient.netty.channel.ChannelManager - Adding key: http://localhost:58191 for channel [id: 0x03a68c1f, L:/127.0.0.1:52576 - R:localhost/127.0.0.1:58191]
11:15:14.683 [Forwarding isElementDisplayed on session c3aa3fcf09320f3793c832f62b1d83a9 to remote] DEBUG org.asynchttpclient.netty.request.NettyRequestSender - Using pooled Channel '[id: 0x03a68c1f, L:/127.0.0.1:52576 - R:localhost/127.0.0.1:58191]' for 'POST' to 'http://localhost:58191/session/c3aa3fcf09320f3793c832f62b1d83a9/execute/sync'
11:15:14.683 [Forwarding isElementDisplayed on session c3aa3fcf09320f3793c832f62b1d83a9 to remote] DEBUG org.asynchttpclient.netty.request.NettyRequestSender - Using open Channel [id: 0x03a68c1f, L:/127.0.0.1:52576 - R:localhost/127.0.0.1:58191] for POST '/session/c3aa3fcf09320f3793c832f62b1d83a9/execute/sync'
11:15:14.690 [AsyncHttpClient-1-8] DEBUG org.asynchttpclient.netty.handler.HttpHandler - 

Request DefaultHttpRequest(decodeResult: success, version: HTTP/1.1)
POST /session/c3aa3fcf09320f3793c832f62b1d83a9/execute/sync HTTP/1.1
User-Agent: selenium/4.4.0 (java windows)
Content-Length: 48787
Content-Type: application/json; charset=utf-8
host: localhost:58191
accept: */*

Response DefaultHttpResponse(decodeResult: success, version: HTTP/1.1)
HTTP/1.1 200 OK
Content-Type: application/json; charset=utf-8
cache-control: no-cache
content-length: 14

11:15:14.690 [AsyncHttpClient-1-8] DEBUG org.asynchttpclient.netty.channel.ChannelManager - Adding key: http://localhost:58191 for channel [id: 0x03a68c1f, L:/127.0.0.1:52576 - R:localhost/127.0.0.1:58191]
11:15:14.690 [Forwarding clickElement on session c3aa3fcf09320f3793c832f62b1d83a9 to remote] DEBUG org.asynchttpclient.netty.request.NettyRequestSender - Using pooled Channel '[id: 0x03a68c1f, L:/127.0.0.1:52576 - R:localhost/127.0.0.1:58191]' for 'POST' to 'http://localhost:58191/session/c3aa3fcf09320f3793c832f62b1d83a9/element/F0EA4554B41E3A329AD13FBB8539C0E3_element_99/click'
11:15:14.690 [Forwarding clickElement on session c3aa3fcf09320f3793c832f62b1d83a9 to remote] DEBUG org.asynchttpclient.netty.request.NettyRequestSender - Using open Channel [id: 0x03a68c1f, L:/127.0.0.1:52576 - R:localhost/127.0.0.1:58191] for POST '/session/c3aa3fcf09320f3793c832f62b1d83a9/element/F0EA4554B41E3A329AD13FBB8539C0E3_element_99/click'
11:15:15.009 [AsyncHttpClient-1-8] DEBUG org.asynchttpclient.netty.handler.HttpHandler - 

Request DefaultHttpRequest(decodeResult: success, version: HTTP/1.1)
POST /session/c3aa3fcf09320f3793c832f62b1d83a9/element/F0EA4554B41E3A329AD13FBB8539C0E3_element_99/click HTTP/1.1
User-Agent: selenium/4.4.0 (java windows)
Content-Length: 57
Content-Type: application/json; charset=utf-8
host: localhost:58191
accept: */*

Response DefaultHttpResponse(decodeResult: success, version: HTTP/1.1)
HTTP/1.1 200 OK
Content-Type: application/json; charset=utf-8
cache-control: no-cache
content-length: 14

11:15:15.009 [AsyncHttpClient-1-8] DEBUG org.asynchttpclient.netty.channel.ChannelManager - Adding key: http://localhost:58191 for channel [id: 0x03a68c1f, L:/127.0.0.1:52576 - R:localhost/127.0.0.1:58191]
11:15:15.013 [Forwarding getCurrentWindowHandle on session c3aa3fcf09320f3793c832f62b1d83a9 to remote] DEBUG org.asynchttpclient.netty.request.NettyRequestSender - Using pooled Channel '[id: 0x03a68c1f, L:/127.0.0.1:52576 - R:localhost/127.0.0.1:58191]' for 'GET' to 'http://localhost:58191/session/c3aa3fcf09320f3793c832f62b1d83a9/window'
11:15:15.013 [Forwarding getCurrentWindowHandle on session c3aa3fcf09320f3793c832f62b1d83a9 to remote] DEBUG org.asynchttpclient.netty.request.NettyRequestSender - Using open Channel [id: 0x03a68c1f, L:/127.0.0.1:52576 - R:localhost/127.0.0.1:58191] for GET '/session/c3aa3fcf09320f3793c832f62b1d83a9/window'
11:15:15.014 [AsyncHttpClient-1-8] DEBUG org.asynchttpclient.netty.handler.HttpHandler - 

Request DefaultFullHttpRequest(decodeResult: success, version: HTTP/1.1, content: EmptyByteBufBE)
GET /session/c3aa3fcf09320f3793c832f62b1d83a9/window HTTP/1.1
User-Agent: selenium/4.4.0 (java windows)
Cache-Control: no-cache
Content-Type: application/json; charset=utf-8
host: localhost:58191
accept: */*

Response DefaultHttpResponse(decodeResult: success, version: HTTP/1.1)
HTTP/1.1 200 OK
Content-Type: application/json; charset=utf-8
cache-control: no-cache
content-length: 44

11:15:15.014 [AsyncHttpClient-1-8] DEBUG org.asynchttpclient.netty.channel.ChannelManager - Adding key: http://localhost:58191 for channel [id: 0x03a68c1f, L:/127.0.0.1:52576 - R:localhost/127.0.0.1:58191]
11:15:15.015 [Forwarding getAlertText on session c3aa3fcf09320f3793c832f62b1d83a9 to remote] DEBUG org.asynchttpclient.netty.request.NettyRequestSender - Using pooled Channel '[id: 0x03a68c1f, L:/127.0.0.1:52576 - R:localhost/127.0.0.1:58191]' for 'GET' to 'http://localhost:58191/session/c3aa3fcf09320f3793c832f62b1d83a9/alert/text'
11:15:15.015 [Forwarding getAlertText on session c3aa3fcf09320f3793c832f62b1d83a9 to remote] DEBUG org.asynchttpclient.netty.request.NettyRequestSender - Using open Channel [id: 0x03a68c1f, L:/127.0.0.1:52576 - R:localhost/127.0.0.1:58191] for GET '/session/c3aa3fcf09320f3793c832f62b1d83a9/alert/text'
11:15:15.016 [AsyncHttpClient-1-8] DEBUG org.asynchttpclient.netty.handler.HttpHandler - 

Request DefaultFullHttpRequest(decodeResult: success, version: HTTP/1.1, content: EmptyByteBufBE)
GET /session/c3aa3fcf09320f3793c832f62b1d83a9/alert/text HTTP/1.1
User-Agent: selenium/4.4.0 (java windows)
Cache-Control: no-cache
Content-Type: application/json; charset=utf-8
host: localhost:58191
accept: */*

Response DefaultHttpResponse(decodeResult: success, version: HTTP/1.1)
HTTP/1.1 404 Not Found
Content-Type: application/json; charset=utf-8
cache-control: no-cache
content-length: 848

11:15:15.016 [AsyncHttpClient-1-8] DEBUG org.asynchttpclient.netty.channel.ChannelManager - Adding key: http://localhost:58191 for channel [id: 0x03a68c1f, L:/127.0.0.1:52576 - R:localhost/127.0.0.1:58191]
11:15:15.017 [Forwarding switchToWindow on session c3aa3fcf09320f3793c832f62b1d83a9 to remote] DEBUG org.asynchttpclient.netty.request.NettyRequestSender - Using pooled Channel '[id: 0x03a68c1f, L:/127.0.0.1:52576 - R:localhost/127.0.0.1:58191]' for 'POST' to 'http://localhost:58191/session/c3aa3fcf09320f3793c832f62b1d83a9/window'
11:15:15.017 [Forwarding switchToWindow on session c3aa3fcf09320f3793c832f62b1d83a9 to remote] DEBUG org.asynchttpclient.netty.request.NettyRequestSender - Using open Channel [id: 0x03a68c1f, L:/127.0.0.1:52576 - R:localhost/127.0.0.1:58191] for POST '/session/c3aa3fcf09320f3793c832f62b1d83a9/window'
11:15:15.017 [AsyncHttpClient-1-8] DEBUG org.asynchttpclient.netty.handler.HttpHandler - 

Request DefaultHttpRequest(decodeResult: success, version: HTTP/1.1)
POST /session/c3aa3fcf09320f3793c832f62b1d83a9/window HTTP/1.1
User-Agent: selenium/4.4.0 (java windows)
Content-Length: 50
Content-Type: application/json; charset=utf-8
host: localhost:58191
accept: */*

Response DefaultHttpResponse(decodeResult: success, version: HTTP/1.1)
HTTP/1.1 200 OK
Content-Type: application/json; charset=utf-8
cache-control: no-cache
content-length: 14

11:15:15.018 [AsyncHttpClient-1-8] DEBUG org.asynchttpclient.netty.channel.ChannelManager - Adding key: http://localhost:58191 for channel [id: 0x03a68c1f, L:/127.0.0.1:52576 - R:localhost/127.0.0.1:58191]
11:15:15.018 [Forwarding getCurrentUrl on session c3aa3fcf09320f3793c832f62b1d83a9 to remote] DEBUG org.asynchttpclient.netty.request.NettyRequestSender - Using pooled Channel '[id: 0x03a68c1f, L:/127.0.0.1:52576 - R:localhost/127.0.0.1:58191]' for 'GET' to 'http://localhost:58191/session/c3aa3fcf09320f3793c832f62b1d83a9/url'
11:15:15.018 [Forwarding getCurrentUrl on session c3aa3fcf09320f3793c832f62b1d83a9 to remote] DEBUG org.asynchttpclient.netty.request.NettyRequestSender - Using open Channel [id: 0x03a68c1f, L:/127.0.0.1:52576 - R:localhost/127.0.0.1:58191] for GET '/session/c3aa3fcf09320f3793c832f62b1d83a9/url'
11:15:15.020 [AsyncHttpClient-1-8] DEBUG org.asynchttpclient.netty.handler.HttpHandler - 

Request DefaultFullHttpRequest(decodeResult: success, version: HTTP/1.1, content: EmptyByteBufBE)
GET /session/c3aa3fcf09320f3793c832f62b1d83a9/url HTTP/1.1
User-Agent: selenium/4.4.0 (java windows)
Cache-Control: no-cache
Content-Type: application/json; charset=utf-8
host: localhost:58191
accept: */*

Response DefaultHttpResponse(decodeResult: success, version: HTTP/1.1)
HTTP/1.1 200 OK
Content-Type: application/json; charset=utf-8
cache-control: no-cache
content-length: 48

11:15:15.020 [AsyncHttpClient-1-8] DEBUG org.asynchttpclient.netty.channel.ChannelManager - Adding key: http://localhost:58191 for channel [id: 0x03a68c1f, L:/127.0.0.1:52576 - R:localhost/127.0.0.1:58191]
11:15:15.020 [Forwarding screenshot on session c3aa3fcf09320f3793c832f62b1d83a9 to remote] DEBUG org.asynchttpclient.netty.request.NettyRequestSender - Using pooled Channel '[id: 0x03a68c1f, L:/127.0.0.1:52576 - R:localhost/127.0.0.1:58191]' for 'GET' to 'http://localhost:58191/session/c3aa3fcf09320f3793c832f62b1d83a9/screenshot'
11:15:15.021 [Forwarding screenshot on session c3aa3fcf09320f3793c832f62b1d83a9 to remote] DEBUG org.asynchttpclient.netty.request.NettyRequestSender - Using open Channel [id: 0x03a68c1f, L:/127.0.0.1:52576 - R:localhost/127.0.0.1:58191] for GET '/session/c3aa3fcf09320f3793c832f62b1d83a9/screenshot'
11:15:15.043 [AsyncHttpClient-1-1] DEBUG org.asynchttpclient.netty.channel.DefaultChannelPool - Entry count for : http://localhost:52577 : 1
11:15:15.149 [AsyncHttpClient-1-8] DEBUG org.asynchttpclient.netty.handler.HttpHandler - 

Request DefaultFullHttpRequest(decodeResult: success, version: HTTP/1.1, content: EmptyByteBufBE)
GET /session/c3aa3fcf09320f3793c832f62b1d83a9/screenshot HTTP/1.1
User-Agent: selenium/4.4.0 (java windows)
Cache-Control: no-cache
Content-Type: application/json; charset=utf-8
host: localhost:58191
accept: */*

Response DefaultHttpResponse(decodeResult: success, version: HTTP/1.1)
HTTP/1.1 200 OK
Content-Type: application/json; charset=utf-8
cache-control: no-cache
content-length: 292404

11:15:15.149 [AsyncHttpClient-1-8] DEBUG org.asynchttpclient.netty.channel.ChannelManager - Adding key: http://localhost:58191 for channel [id: 0x03a68c1f, L:/127.0.0.1:52576 - R:localhost/127.0.0.1:58191]
11:15:15.153 [main] DEBUG net.serenitybdd.core.photography.Darkroom - Send negative for processing for target\site\serenity\a31a15dc0d9f74152c152c093157a4176e9a0db3baab4db597e952db049510e2.png
11:15:15.153 [main] DEBUG net.thucydides.core.steps.StepInterceptor - STEP DONE: Navega a la pestaña home
11:15:15.155 [main] DEBUG net.thucydides.core.steps.StepInterceptor - STARTING STEP: ComprarDispositivosElectronicosStep.el_usuario_se_dirige_a_la_cesta_de_la_compra - Navega a la pestaña cesta
11:15:16.143 [AsyncHttpClient-1-1] DEBUG org.asynchttpclient.netty.channel.DefaultChannelPool - Entry count for : http://localhost:58191 : 1
11:15:16.143 [AsyncHttpClient-1-1] DEBUG org.asynchttpclient.netty.channel.DefaultChannelPool - Entry count for : http://localhost:52577 : 1
11:15:16.167 [Forwarding screenshot on session c3aa3fcf09320f3793c832f62b1d83a9 to remote] DEBUG org.asynchttpclient.netty.request.NettyRequestSender - Using pooled Channel '[id: 0x03a68c1f, L:/127.0.0.1:52576 - R:localhost/127.0.0.1:58191]' for 'GET' to 'http://localhost:58191/session/c3aa3fcf09320f3793c832f62b1d83a9/screenshot'
11:15:16.167 [Forwarding screenshot on session c3aa3fcf09320f3793c832f62b1d83a9 to remote] DEBUG org.asynchttpclient.netty.request.NettyRequestSender - Using open Channel [id: 0x03a68c1f, L:/127.0.0.1:52576 - R:localhost/127.0.0.1:58191] for GET '/session/c3aa3fcf09320f3793c832f62b1d83a9/screenshot'
11:15:16.306 [AsyncHttpClient-1-8] DEBUG org.asynchttpclient.netty.handler.HttpHandler - 

Request DefaultFullHttpRequest(decodeResult: success, version: HTTP/1.1, content: EmptyByteBufBE)
GET /session/c3aa3fcf09320f3793c832f62b1d83a9/screenshot HTTP/1.1
User-Agent: selenium/4.4.0 (java windows)
Cache-Control: no-cache
Content-Type: application/json; charset=utf-8
host: localhost:58191
accept: */*

Response DefaultHttpResponse(decodeResult: success, version: HTTP/1.1)
HTTP/1.1 200 OK
Content-Type: application/json; charset=utf-8
cache-control: no-cache
content-length: 458292

11:15:16.307 [AsyncHttpClient-1-8] DEBUG org.asynchttpclient.netty.channel.ChannelManager - Adding key: http://localhost:58191 for channel [id: 0x03a68c1f, L:/127.0.0.1:52576 - R:localhost/127.0.0.1:58191]
11:15:16.320 [Forwarding findElement on session c3aa3fcf09320f3793c832f62b1d83a9 to remote] DEBUG org.asynchttpclient.netty.request.NettyRequestSender - Using pooled Channel '[id: 0x03a68c1f, L:/127.0.0.1:52576 - R:localhost/127.0.0.1:58191]' for 'POST' to 'http://localhost:58191/session/c3aa3fcf09320f3793c832f62b1d83a9/element'
11:15:16.320 [Forwarding findElement on session c3aa3fcf09320f3793c832f62b1d83a9 to remote] DEBUG org.asynchttpclient.netty.request.NettyRequestSender - Using open Channel [id: 0x03a68c1f, L:/127.0.0.1:52576 - R:localhost/127.0.0.1:58191] for POST '/session/c3aa3fcf09320f3793c832f62b1d83a9/element'
11:15:16.337 [AsyncHttpClient-1-8] DEBUG org.asynchttpclient.netty.handler.HttpHandler - 

Request DefaultHttpRequest(decodeResult: success, version: HTTP/1.1)
POST /session/c3aa3fcf09320f3793c832f62b1d83a9/element HTTP/1.1
User-Agent: selenium/4.4.0 (java windows)
Content-Length: 64
Content-Type: application/json; charset=utf-8
host: localhost:58191
accept: */*

Response DefaultHttpResponse(decodeResult: success, version: HTTP/1.1)
HTTP/1.1 200 OK
Content-Type: application/json; charset=utf-8
cache-control: no-cache
content-length: 96

11:15:16.337 [AsyncHttpClient-1-8] DEBUG org.asynchttpclient.netty.channel.ChannelManager - Adding key: http://localhost:58191 for channel [id: 0x03a68c1f, L:/127.0.0.1:52576 - R:localhost/127.0.0.1:58191]
11:15:16.339 [Forwarding isElementDisplayed on session c3aa3fcf09320f3793c832f62b1d83a9 to remote] DEBUG org.asynchttpclient.netty.request.NettyRequestSender - Using pooled Channel '[id: 0x03a68c1f, L:/127.0.0.1:52576 - R:localhost/127.0.0.1:58191]' for 'POST' to 'http://localhost:58191/session/c3aa3fcf09320f3793c832f62b1d83a9/execute/sync'
11:15:16.339 [Forwarding isElementDisplayed on session c3aa3fcf09320f3793c832f62b1d83a9 to remote] DEBUG org.asynchttpclient.netty.request.NettyRequestSender - Using open Channel [id: 0x03a68c1f, L:/127.0.0.1:52576 - R:localhost/127.0.0.1:58191] for POST '/session/c3aa3fcf09320f3793c832f62b1d83a9/execute/sync'
11:15:16.349 [AsyncHttpClient-1-8] DEBUG org.asynchttpclient.netty.handler.HttpHandler - 

Request DefaultHttpRequest(decodeResult: success, version: HTTP/1.1)
POST /session/c3aa3fcf09320f3793c832f62b1d83a9/execute/sync HTTP/1.1
User-Agent: selenium/4.4.0 (java windows)
Content-Length: 48788
Content-Type: application/json; charset=utf-8
host: localhost:58191
accept: */*

Response DefaultHttpResponse(decodeResult: success, version: HTTP/1.1)
HTTP/1.1 200 OK
Content-Type: application/json; charset=utf-8
cache-control: no-cache
content-length: 14

11:15:16.349 [AsyncHttpClient-1-8] DEBUG org.asynchttpclient.netty.channel.ChannelManager - Adding key: http://localhost:58191 for channel [id: 0x03a68c1f, L:/127.0.0.1:52576 - R:localhost/127.0.0.1:58191]
11:15:16.352 [Forwarding isElementDisplayed on session c3aa3fcf09320f3793c832f62b1d83a9 to remote] DEBUG org.asynchttpclient.netty.request.NettyRequestSender - Using pooled Channel '[id: 0x03a68c1f, L:/127.0.0.1:52576 - R:localhost/127.0.0.1:58191]' for 'POST' to 'http://localhost:58191/session/c3aa3fcf09320f3793c832f62b1d83a9/execute/sync'
11:15:16.352 [Forwarding isElementDisplayed on session c3aa3fcf09320f3793c832f62b1d83a9 to remote] DEBUG org.asynchttpclient.netty.request.NettyRequestSender - Using open Channel [id: 0x03a68c1f, L:/127.0.0.1:52576 - R:localhost/127.0.0.1:58191] for POST '/session/c3aa3fcf09320f3793c832f62b1d83a9/execute/sync'
11:15:16.361 [AsyncHttpClient-1-8] DEBUG org.asynchttpclient.netty.handler.HttpHandler - 

Request DefaultHttpRequest(decodeResult: success, version: HTTP/1.1)
POST /session/c3aa3fcf09320f3793c832f62b1d83a9/execute/sync HTTP/1.1
User-Agent: selenium/4.4.0 (java windows)
Content-Length: 48788
Content-Type: application/json; charset=utf-8
host: localhost:58191
accept: */*

Response DefaultHttpResponse(decodeResult: success, version: HTTP/1.1)
HTTP/1.1 200 OK
Content-Type: application/json; charset=utf-8
cache-control: no-cache
content-length: 14

11:15:16.361 [AsyncHttpClient-1-8] DEBUG org.asynchttpclient.netty.channel.ChannelManager - Adding key: http://localhost:58191 for channel [id: 0x03a68c1f, L:/127.0.0.1:52576 - R:localhost/127.0.0.1:58191]
11:15:16.362 [Forwarding findElement on session c3aa3fcf09320f3793c832f62b1d83a9 to remote] DEBUG org.asynchttpclient.netty.request.NettyRequestSender - Using pooled Channel '[id: 0x03a68c1f, L:/127.0.0.1:52576 - R:localhost/127.0.0.1:58191]' for 'POST' to 'http://localhost:58191/session/c3aa3fcf09320f3793c832f62b1d83a9/element'
11:15:16.362 [Forwarding findElement on session c3aa3fcf09320f3793c832f62b1d83a9 to remote] DEBUG org.asynchttpclient.netty.request.NettyRequestSender - Using open Channel [id: 0x03a68c1f, L:/127.0.0.1:52576 - R:localhost/127.0.0.1:58191] for POST '/session/c3aa3fcf09320f3793c832f62b1d83a9/element'
11:15:16.370 [AsyncHttpClient-1-8] DEBUG org.asynchttpclient.netty.handler.HttpHandler - 

Request DefaultHttpRequest(decodeResult: success, version: HTTP/1.1)
POST /session/c3aa3fcf09320f3793c832f62b1d83a9/element HTTP/1.1
User-Agent: selenium/4.4.0 (java windows)
Content-Length: 64
Content-Type: application/json; charset=utf-8
host: localhost:58191
accept: */*

Response DefaultHttpResponse(decodeResult: success, version: HTTP/1.1)
HTTP/1.1 200 OK
Content-Type: application/json; charset=utf-8
cache-control: no-cache
content-length: 96

11:15:16.370 [AsyncHttpClient-1-8] DEBUG org.asynchttpclient.netty.channel.ChannelManager - Adding key: http://localhost:58191 for channel [id: 0x03a68c1f, L:/127.0.0.1:52576 - R:localhost/127.0.0.1:58191]
11:15:16.372 [Forwarding isElementDisplayed on session c3aa3fcf09320f3793c832f62b1d83a9 to remote] DEBUG org.asynchttpclient.netty.request.NettyRequestSender - Using pooled Channel '[id: 0x03a68c1f, L:/127.0.0.1:52576 - R:localhost/127.0.0.1:58191]' for 'POST' to 'http://localhost:58191/session/c3aa3fcf09320f3793c832f62b1d83a9/execute/sync'
11:15:16.373 [Forwarding isElementDisplayed on session c3aa3fcf09320f3793c832f62b1d83a9 to remote] DEBUG org.asynchttpclient.netty.request.NettyRequestSender - Using open Channel [id: 0x03a68c1f, L:/127.0.0.1:52576 - R:localhost/127.0.0.1:58191] for POST '/session/c3aa3fcf09320f3793c832f62b1d83a9/execute/sync'
11:15:16.381 [AsyncHttpClient-1-8] DEBUG org.asynchttpclient.netty.handler.HttpHandler - 

Request DefaultHttpRequest(decodeResult: success, version: HTTP/1.1)
POST /session/c3aa3fcf09320f3793c832f62b1d83a9/execute/sync HTTP/1.1
User-Agent: selenium/4.4.0 (java windows)
Content-Length: 48788
Content-Type: application/json; charset=utf-8
host: localhost:58191
accept: */*

Response DefaultHttpResponse(decodeResult: success, version: HTTP/1.1)
HTTP/1.1 200 OK
Content-Type: application/json; charset=utf-8
cache-control: no-cache
content-length: 14

11:15:16.381 [AsyncHttpClient-1-8] DEBUG org.asynchttpclient.netty.channel.ChannelManager - Adding key: http://localhost:58191 for channel [id: 0x03a68c1f, L:/127.0.0.1:52576 - R:localhost/127.0.0.1:58191]
11:15:16.381 [Forwarding isElementEnabled on session c3aa3fcf09320f3793c832f62b1d83a9 to remote] DEBUG org.asynchttpclient.netty.request.NettyRequestSender - Using pooled Channel '[id: 0x03a68c1f, L:/127.0.0.1:52576 - R:localhost/127.0.0.1:58191]' for 'GET' to 'http://localhost:58191/session/c3aa3fcf09320f3793c832f62b1d83a9/element/FFF8E8772E2B7E4896EA9127BD9708C6_element_116/enabled'
11:15:16.381 [Forwarding isElementEnabled on session c3aa3fcf09320f3793c832f62b1d83a9 to remote] DEBUG org.asynchttpclient.netty.request.NettyRequestSender - Using open Channel [id: 0x03a68c1f, L:/127.0.0.1:52576 - R:localhost/127.0.0.1:58191] for GET '/session/c3aa3fcf09320f3793c832f62b1d83a9/element/FFF8E8772E2B7E4896EA9127BD9708C6_element_116/enabled'
11:15:16.388 [AsyncHttpClient-1-8] DEBUG org.asynchttpclient.netty.handler.HttpHandler - 

Request DefaultFullHttpRequest(decodeResult: success, version: HTTP/1.1, content: EmptyByteBufBE)
GET /session/c3aa3fcf09320f3793c832f62b1d83a9/element/FFF8E8772E2B7E4896EA9127BD9708C6_element_116/enabled HTTP/1.1
User-Agent: selenium/4.4.0 (java windows)
Cache-Control: no-cache
Content-Type: application/json; charset=utf-8
host: localhost:58191
accept: */*

Response DefaultHttpResponse(decodeResult: success, version: HTTP/1.1)
HTTP/1.1 200 OK
Content-Type: application/json; charset=utf-8
cache-control: no-cache
content-length: 14

11:15:16.388 [AsyncHttpClient-1-8] DEBUG org.asynchttpclient.netty.channel.ChannelManager - Adding key: http://localhost:58191 for channel [id: 0x03a68c1f, L:/127.0.0.1:52576 - R:localhost/127.0.0.1:58191]
11:15:16.389 [Forwarding findElement on session c3aa3fcf09320f3793c832f62b1d83a9 to remote] DEBUG org.asynchttpclient.netty.request.NettyRequestSender - Using pooled Channel '[id: 0x03a68c1f, L:/127.0.0.1:52576 - R:localhost/127.0.0.1:58191]' for 'POST' to 'http://localhost:58191/session/c3aa3fcf09320f3793c832f62b1d83a9/element'
11:15:16.389 [Forwarding findElement on session c3aa3fcf09320f3793c832f62b1d83a9 to remote] DEBUG org.asynchttpclient.netty.request.NettyRequestSender - Using open Channel [id: 0x03a68c1f, L:/127.0.0.1:52576 - R:localhost/127.0.0.1:58191] for POST '/session/c3aa3fcf09320f3793c832f62b1d83a9/element'
11:15:16.396 [AsyncHttpClient-1-8] DEBUG org.asynchttpclient.netty.handler.HttpHandler - 

Request DefaultHttpRequest(decodeResult: success, version: HTTP/1.1)
POST /session/c3aa3fcf09320f3793c832f62b1d83a9/element HTTP/1.1
User-Agent: selenium/4.4.0 (java windows)
Content-Length: 64
Content-Type: application/json; charset=utf-8
host: localhost:58191
accept: */*

Response DefaultHttpResponse(decodeResult: success, version: HTTP/1.1)
HTTP/1.1 200 OK
Content-Type: application/json; charset=utf-8
cache-control: no-cache
content-length: 96

11:15:16.396 [AsyncHttpClient-1-8] DEBUG org.asynchttpclient.netty.channel.ChannelManager - Adding key: http://localhost:58191 for channel [id: 0x03a68c1f, L:/127.0.0.1:52576 - R:localhost/127.0.0.1:58191]
11:15:16.399 [Forwarding isElementDisplayed on session c3aa3fcf09320f3793c832f62b1d83a9 to remote] DEBUG org.asynchttpclient.netty.request.NettyRequestSender - Using pooled Channel '[id: 0x03a68c1f, L:/127.0.0.1:52576 - R:localhost/127.0.0.1:58191]' for 'POST' to 'http://localhost:58191/session/c3aa3fcf09320f3793c832f62b1d83a9/execute/sync'
11:15:16.399 [Forwarding isElementDisplayed on session c3aa3fcf09320f3793c832f62b1d83a9 to remote] DEBUG org.asynchttpclient.netty.request.NettyRequestSender - Using open Channel [id: 0x03a68c1f, L:/127.0.0.1:52576 - R:localhost/127.0.0.1:58191] for POST '/session/c3aa3fcf09320f3793c832f62b1d83a9/execute/sync'
11:15:16.406 [AsyncHttpClient-1-8] DEBUG org.asynchttpclient.netty.handler.HttpHandler - 

Request DefaultHttpRequest(decodeResult: success, version: HTTP/1.1)
POST /session/c3aa3fcf09320f3793c832f62b1d83a9/execute/sync HTTP/1.1
User-Agent: selenium/4.4.0 (java windows)
Content-Length: 48788
Content-Type: application/json; charset=utf-8
host: localhost:58191
accept: */*

Response DefaultHttpResponse(decodeResult: success, version: HTTP/1.1)
HTTP/1.1 200 OK
Content-Type: application/json; charset=utf-8
cache-control: no-cache
content-length: 14

11:15:16.406 [AsyncHttpClient-1-8] DEBUG org.asynchttpclient.netty.channel.ChannelManager - Adding key: http://localhost:58191 for channel [id: 0x03a68c1f, L:/127.0.0.1:52576 - R:localhost/127.0.0.1:58191]
11:15:16.406 [Forwarding clickElement on session c3aa3fcf09320f3793c832f62b1d83a9 to remote] DEBUG org.asynchttpclient.netty.request.NettyRequestSender - Using pooled Channel '[id: 0x03a68c1f, L:/127.0.0.1:52576 - R:localhost/127.0.0.1:58191]' for 'POST' to 'http://localhost:58191/session/c3aa3fcf09320f3793c832f62b1d83a9/element/FFF8E8772E2B7E4896EA9127BD9708C6_element_116/click'
11:15:16.406 [Forwarding clickElement on session c3aa3fcf09320f3793c832f62b1d83a9 to remote] DEBUG org.asynchttpclient.netty.request.NettyRequestSender - Using open Channel [id: 0x03a68c1f, L:/127.0.0.1:52576 - R:localhost/127.0.0.1:58191] for POST '/session/c3aa3fcf09320f3793c832f62b1d83a9/element/FFF8E8772E2B7E4896EA9127BD9708C6_element_116/click'
11:15:16.913 [AsyncHttpClient-1-8] DEBUG org.asynchttpclient.netty.handler.HttpHandler - 

Request DefaultHttpRequest(decodeResult: success, version: HTTP/1.1)
POST /session/c3aa3fcf09320f3793c832f62b1d83a9/element/FFF8E8772E2B7E4896EA9127BD9708C6_element_116/click HTTP/1.1
User-Agent: selenium/4.4.0 (java windows)
Content-Length: 58
Content-Type: application/json; charset=utf-8
host: localhost:58191
accept: */*

Response DefaultHttpResponse(decodeResult: success, version: HTTP/1.1)
HTTP/1.1 200 OK
Content-Type: application/json; charset=utf-8
cache-control: no-cache
content-length: 14

11:15:16.913 [AsyncHttpClient-1-8] DEBUG org.asynchttpclient.netty.channel.ChannelManager - Adding key: http://localhost:58191 for channel [id: 0x03a68c1f, L:/127.0.0.1:52576 - R:localhost/127.0.0.1:58191]
11:15:16.917 [Forwarding getCurrentWindowHandle on session c3aa3fcf09320f3793c832f62b1d83a9 to remote] DEBUG org.asynchttpclient.netty.request.NettyRequestSender - Using pooled Channel '[id: 0x03a68c1f, L:/127.0.0.1:52576 - R:localhost/127.0.0.1:58191]' for 'GET' to 'http://localhost:58191/session/c3aa3fcf09320f3793c832f62b1d83a9/window'
11:15:16.917 [Forwarding getCurrentWindowHandle on session c3aa3fcf09320f3793c832f62b1d83a9 to remote] DEBUG org.asynchttpclient.netty.request.NettyRequestSender - Using open Channel [id: 0x03a68c1f, L:/127.0.0.1:52576 - R:localhost/127.0.0.1:58191] for GET '/session/c3aa3fcf09320f3793c832f62b1d83a9/window'
11:15:16.918 [AsyncHttpClient-1-8] DEBUG org.asynchttpclient.netty.handler.HttpHandler - 

Request DefaultFullHttpRequest(decodeResult: success, version: HTTP/1.1, content: EmptyByteBufBE)
GET /session/c3aa3fcf09320f3793c832f62b1d83a9/window HTTP/1.1
User-Agent: selenium/4.4.0 (java windows)
Cache-Control: no-cache
Content-Type: application/json; charset=utf-8
host: localhost:58191
accept: */*

Response DefaultHttpResponse(decodeResult: success, version: HTTP/1.1)
HTTP/1.1 200 OK
Content-Type: application/json; charset=utf-8
cache-control: no-cache
content-length: 44

11:15:16.918 [AsyncHttpClient-1-8] DEBUG org.asynchttpclient.netty.channel.ChannelManager - Adding key: http://localhost:58191 for channel [id: 0x03a68c1f, L:/127.0.0.1:52576 - R:localhost/127.0.0.1:58191]
11:15:16.918 [Forwarding getAlertText on session c3aa3fcf09320f3793c832f62b1d83a9 to remote] DEBUG org.asynchttpclient.netty.request.NettyRequestSender - Using pooled Channel '[id: 0x03a68c1f, L:/127.0.0.1:52576 - R:localhost/127.0.0.1:58191]' for 'GET' to 'http://localhost:58191/session/c3aa3fcf09320f3793c832f62b1d83a9/alert/text'
11:15:16.918 [Forwarding getAlertText on session c3aa3fcf09320f3793c832f62b1d83a9 to remote] DEBUG org.asynchttpclient.netty.request.NettyRequestSender - Using open Channel [id: 0x03a68c1f, L:/127.0.0.1:52576 - R:localhost/127.0.0.1:58191] for GET '/session/c3aa3fcf09320f3793c832f62b1d83a9/alert/text'
11:15:16.923 [AsyncHttpClient-1-8] DEBUG org.asynchttpclient.netty.handler.HttpHandler - 

Request DefaultFullHttpRequest(decodeResult: success, version: HTTP/1.1, content: EmptyByteBufBE)
GET /session/c3aa3fcf09320f3793c832f62b1d83a9/alert/text HTTP/1.1
User-Agent: selenium/4.4.0 (java windows)
Cache-Control: no-cache
Content-Type: application/json; charset=utf-8
host: localhost:58191
accept: */*

Response DefaultHttpResponse(decodeResult: success, version: HTTP/1.1)
HTTP/1.1 404 Not Found
Content-Type: application/json; charset=utf-8
cache-control: no-cache
content-length: 848

11:15:16.923 [AsyncHttpClient-1-8] DEBUG org.asynchttpclient.netty.channel.ChannelManager - Adding key: http://localhost:58191 for channel [id: 0x03a68c1f, L:/127.0.0.1:52576 - R:localhost/127.0.0.1:58191]
11:15:16.925 [Forwarding switchToWindow on session c3aa3fcf09320f3793c832f62b1d83a9 to remote] DEBUG org.asynchttpclient.netty.request.NettyRequestSender - Using pooled Channel '[id: 0x03a68c1f, L:/127.0.0.1:52576 - R:localhost/127.0.0.1:58191]' for 'POST' to 'http://localhost:58191/session/c3aa3fcf09320f3793c832f62b1d83a9/window'
11:15:16.925 [Forwarding switchToWindow on session c3aa3fcf09320f3793c832f62b1d83a9 to remote] DEBUG org.asynchttpclient.netty.request.NettyRequestSender - Using open Channel [id: 0x03a68c1f, L:/127.0.0.1:52576 - R:localhost/127.0.0.1:58191] for POST '/session/c3aa3fcf09320f3793c832f62b1d83a9/window'
11:15:16.926 [AsyncHttpClient-1-8] DEBUG org.asynchttpclient.netty.handler.HttpHandler - 

Request DefaultHttpRequest(decodeResult: success, version: HTTP/1.1)
POST /session/c3aa3fcf09320f3793c832f62b1d83a9/window HTTP/1.1
User-Agent: selenium/4.4.0 (java windows)
Content-Length: 50
Content-Type: application/json; charset=utf-8
host: localhost:58191
accept: */*

Response DefaultHttpResponse(decodeResult: success, version: HTTP/1.1)
HTTP/1.1 200 OK
Content-Type: application/json; charset=utf-8
cache-control: no-cache
content-length: 14

11:15:16.926 [AsyncHttpClient-1-8] DEBUG org.asynchttpclient.netty.channel.ChannelManager - Adding key: http://localhost:58191 for channel [id: 0x03a68c1f, L:/127.0.0.1:52576 - R:localhost/127.0.0.1:58191]
11:15:16.927 [Forwarding getCurrentUrl on session c3aa3fcf09320f3793c832f62b1d83a9 to remote] DEBUG org.asynchttpclient.netty.request.NettyRequestSender - Using pooled Channel '[id: 0x03a68c1f, L:/127.0.0.1:52576 - R:localhost/127.0.0.1:58191]' for 'GET' to 'http://localhost:58191/session/c3aa3fcf09320f3793c832f62b1d83a9/url'
11:15:16.927 [Forwarding getCurrentUrl on session c3aa3fcf09320f3793c832f62b1d83a9 to remote] DEBUG org.asynchttpclient.netty.request.NettyRequestSender - Using open Channel [id: 0x03a68c1f, L:/127.0.0.1:52576 - R:localhost/127.0.0.1:58191] for GET '/session/c3aa3fcf09320f3793c832f62b1d83a9/url'
11:15:16.941 [AsyncHttpClient-1-8] DEBUG org.asynchttpclient.netty.handler.HttpHandler - 

Request DefaultFullHttpRequest(decodeResult: success, version: HTTP/1.1, content: EmptyByteBufBE)
GET /session/c3aa3fcf09320f3793c832f62b1d83a9/url HTTP/1.1
User-Agent: selenium/4.4.0 (java windows)
Cache-Control: no-cache
Content-Type: application/json; charset=utf-8
host: localhost:58191
accept: */*

Response DefaultHttpResponse(decodeResult: success, version: HTTP/1.1)
HTTP/1.1 200 OK
Content-Type: application/json; charset=utf-8
cache-control: no-cache
content-length: 47

11:15:16.941 [AsyncHttpClient-1-8] DEBUG org.asynchttpclient.netty.channel.ChannelManager - Adding key: http://localhost:58191 for channel [id: 0x03a68c1f, L:/127.0.0.1:52576 - R:localhost/127.0.0.1:58191]
11:15:16.942 [Forwarding screenshot on session c3aa3fcf09320f3793c832f62b1d83a9 to remote] DEBUG org.asynchttpclient.netty.request.NettyRequestSender - Using pooled Channel '[id: 0x03a68c1f, L:/127.0.0.1:52576 - R:localhost/127.0.0.1:58191]' for 'GET' to 'http://localhost:58191/session/c3aa3fcf09320f3793c832f62b1d83a9/screenshot'
11:15:16.942 [Forwarding screenshot on session c3aa3fcf09320f3793c832f62b1d83a9 to remote] DEBUG org.asynchttpclient.netty.request.NettyRequestSender - Using open Channel [id: 0x03a68c1f, L:/127.0.0.1:52576 - R:localhost/127.0.0.1:58191] for GET '/session/c3aa3fcf09320f3793c832f62b1d83a9/screenshot'
11:15:17.108 [AsyncHttpClient-1-8] DEBUG org.asynchttpclient.netty.handler.HttpHandler - 

Request DefaultFullHttpRequest(decodeResult: success, version: HTTP/1.1, content: EmptyByteBufBE)
GET /session/c3aa3fcf09320f3793c832f62b1d83a9/screenshot HTTP/1.1
User-Agent: selenium/4.4.0 (java windows)
Cache-Control: no-cache
Content-Type: application/json; charset=utf-8
host: localhost:58191
accept: */*

Response DefaultHttpResponse(decodeResult: success, version: HTTP/1.1)
HTTP/1.1 200 OK
Content-Type: application/json; charset=utf-8
cache-control: no-cache
content-length: 307104

11:15:17.109 [AsyncHttpClient-1-8] DEBUG org.asynchttpclient.netty.channel.ChannelManager - Adding key: http://localhost:58191 for channel [id: 0x03a68c1f, L:/127.0.0.1:52576 - R:localhost/127.0.0.1:58191]
11:15:17.113 [main] DEBUG net.serenitybdd.core.photography.Darkroom - Send negative for processing for target\site\serenity\8365f24e90d55b462e9fc1f3fb5e5dec7033eca0e769be332ddd588bd92f12e5.png
11:15:17.113 [main] DEBUG net.thucydides.core.steps.StepInterceptor - STEP DONE: Navega a la pestaña cesta
  &amp#27;[32mWhen &amp#27;[0m&amp#27;[32mel usuario se dirige a la cesta de la compra&amp#27;[0m                                                          &amp#27;[90m# Step.ComprarDispositivosElectronicosStep.el_usuario_se_dirige_a_la_cesta_de_la_compra()&amp#27;[0m
11:15:17.118 [main] DEBUG net.thucydides.core.steps.StepInterceptor - STARTING STEP: ComprarDispositivosElectronicosStep.el_usuario_verifica_que_el_dispositivo_con_el_se_ha_añadido_y_que_los_datos_son_correctos - Comprueba que el dispositivo añadido este en la cesta
11:15:17.119 [Forwarding findElement on session c3aa3fcf09320f3793c832f62b1d83a9 to remote] DEBUG org.asynchttpclient.netty.request.NettyRequestSender - Using pooled Channel '[id: 0x03a68c1f, L:/127.0.0.1:52576 - R:localhost/127.0.0.1:58191]' for 'POST' to 'http://localhost:58191/session/c3aa3fcf09320f3793c832f62b1d83a9/element'
11:15:17.119 [Forwarding findElement on session c3aa3fcf09320f3793c832f62b1d83a9 to remote] DEBUG org.asynchttpclient.netty.request.NettyRequestSender - Using open Channel [id: 0x03a68c1f, L:/127.0.0.1:52576 - R:localhost/127.0.0.1:58191] for POST '/session/c3aa3fcf09320f3793c832f62b1d83a9/element'
11:15:17.128 [AsyncHttpClient-1-8] DEBUG org.asynchttpclient.netty.handler.HttpHandler - 

Request DefaultHttpRequest(decodeResult: success, version: HTTP/1.1)
POST /session/c3aa3fcf09320f3793c832f62b1d83a9/element HTTP/1.1
User-Agent: selenium/4.4.0 (java windows)
Content-Length: 54
Content-Type: application/json; charset=utf-8
host: localhost:58191
accept: */*

Response DefaultHttpResponse(decodeResult: success, version: HTTP/1.1)
HTTP/1.1 200 OK
Content-Type: application/json; charset=utf-8
cache-control: no-cache
content-length: 96

11:15:17.128 [AsyncHttpClient-1-8] DEBUG org.asynchttpclient.netty.channel.ChannelManager - Adding key: http://localhost:58191 for channel [id: 0x03a68c1f, L:/127.0.0.1:52576 - R:localhost/127.0.0.1:58191]
11:15:17.130 [Forwarding isElementDisplayed on session c3aa3fcf09320f3793c832f62b1d83a9 to remote] DEBUG org.asynchttpclient.netty.request.NettyRequestSender - Using pooled Channel '[id: 0x03a68c1f, L:/127.0.0.1:52576 - R:localhost/127.0.0.1:58191]' for 'POST' to 'http://localhost:58191/session/c3aa3fcf09320f3793c832f62b1d83a9/execute/sync'
11:15:17.130 [Forwarding isElementDisplayed on session c3aa3fcf09320f3793c832f62b1d83a9 to remote] DEBUG org.asynchttpclient.netty.request.NettyRequestSender - Using open Channel [id: 0x03a68c1f, L:/127.0.0.1:52576 - R:localhost/127.0.0.1:58191] for POST '/session/c3aa3fcf09320f3793c832f62b1d83a9/execute/sync'
11:15:17.136 [AsyncHttpClient-1-8] DEBUG org.asynchttpclient.netty.handler.HttpHandler - 

Request DefaultHttpRequest(decodeResult: success, version: HTTP/1.1)
POST /session/c3aa3fcf09320f3793c832f62b1d83a9/execute/sync HTTP/1.1
User-Agent: selenium/4.4.0 (java windows)
Content-Length: 48788
Content-Type: application/json; charset=utf-8
host: localhost:58191
accept: */*

Response DefaultHttpResponse(decodeResult: success, version: HTTP/1.1)
HTTP/1.1 200 OK
Content-Type: application/json; charset=utf-8
cache-control: no-cache
content-length: 14

11:15:17.136 [AsyncHttpClient-1-8] DEBUG org.asynchttpclient.netty.channel.ChannelManager - Adding key: http://localhost:58191 for channel [id: 0x03a68c1f, L:/127.0.0.1:52576 - R:localhost/127.0.0.1:58191]
11:15:17.138 [Forwarding isElementDisplayed on session c3aa3fcf09320f3793c832f62b1d83a9 to remote] DEBUG org.asynchttpclient.netty.request.NettyRequestSender - Using pooled Channel '[id: 0x03a68c1f, L:/127.0.0.1:52576 - R:localhost/127.0.0.1:58191]' for 'POST' to 'http://localhost:58191/session/c3aa3fcf09320f3793c832f62b1d83a9/execute/sync'
11:15:17.138 [Forwarding isElementDisplayed on session c3aa3fcf09320f3793c832f62b1d83a9 to remote] DEBUG org.asynchttpclient.netty.request.NettyRequestSender - Using open Channel [id: 0x03a68c1f, L:/127.0.0.1:52576 - R:localhost/127.0.0.1:58191] for POST '/session/c3aa3fcf09320f3793c832f62b1d83a9/execute/sync'
11:15:17.143 [AsyncHttpClient-1-8] DEBUG org.asynchttpclient.netty.handler.HttpHandler - 

Request DefaultHttpRequest(decodeResult: success, version: HTTP/1.1)
POST /session/c3aa3fcf09320f3793c832f62b1d83a9/execute/sync HTTP/1.1
User-Agent: selenium/4.4.0 (java windows)
Content-Length: 48788
Content-Type: application/json; charset=utf-8
host: localhost:58191
accept: */*

Response DefaultHttpResponse(decodeResult: success, version: HTTP/1.1)
HTTP/1.1 200 OK
Content-Type: application/json; charset=utf-8
cache-control: no-cache
content-length: 14

11:15:17.143 [AsyncHttpClient-1-8] DEBUG org.asynchttpclient.netty.channel.ChannelManager - Adding key: http://localhost:58191 for channel [id: 0x03a68c1f, L:/127.0.0.1:52576 - R:localhost/127.0.0.1:58191]
11:15:17.144 [Forwarding findElement on session c3aa3fcf09320f3793c832f62b1d83a9 to remote] DEBUG org.asynchttpclient.netty.request.NettyRequestSender - Using pooled Channel '[id: 0x03a68c1f, L:/127.0.0.1:52576 - R:localhost/127.0.0.1:58191]' for 'POST' to 'http://localhost:58191/session/c3aa3fcf09320f3793c832f62b1d83a9/element'
11:15:17.144 [Forwarding findElement on session c3aa3fcf09320f3793c832f62b1d83a9 to remote] DEBUG org.asynchttpclient.netty.request.NettyRequestSender - Using open Channel [id: 0x03a68c1f, L:/127.0.0.1:52576 - R:localhost/127.0.0.1:58191] for POST '/session/c3aa3fcf09320f3793c832f62b1d83a9/element'
11:15:17.149 [AsyncHttpClient-1-8] DEBUG org.asynchttpclient.netty.handler.HttpHandler - 

Request DefaultHttpRequest(decodeResult: success, version: HTTP/1.1)
POST /session/c3aa3fcf09320f3793c832f62b1d83a9/element HTTP/1.1
User-Agent: selenium/4.4.0 (java windows)
Content-Length: 54
Content-Type: application/json; charset=utf-8
host: localhost:58191
accept: */*

Response DefaultHttpResponse(decodeResult: success, version: HTTP/1.1)
HTTP/1.1 200 OK
Content-Type: application/json; charset=utf-8
cache-control: no-cache
content-length: 96

11:15:17.149 [AsyncHttpClient-1-8] DEBUG org.asynchttpclient.netty.channel.ChannelManager - Adding key: http://localhost:58191 for channel [id: 0x03a68c1f, L:/127.0.0.1:52576 - R:localhost/127.0.0.1:58191]
11:15:17.151 [Forwarding isElementDisplayed on session c3aa3fcf09320f3793c832f62b1d83a9 to remote] DEBUG org.asynchttpclient.netty.request.NettyRequestSender - Using pooled Channel '[id: 0x03a68c1f, L:/127.0.0.1:52576 - R:localhost/127.0.0.1:58191]' for 'POST' to 'http://localhost:58191/session/c3aa3fcf09320f3793c832f62b1d83a9/execute/sync'
11:15:17.151 [Forwarding isElementDisplayed on session c3aa3fcf09320f3793c832f62b1d83a9 to remote] DEBUG org.asynchttpclient.netty.request.NettyRequestSender - Using open Channel [id: 0x03a68c1f, L:/127.0.0.1:52576 - R:localhost/127.0.0.1:58191] for POST '/session/c3aa3fcf09320f3793c832f62b1d83a9/execute/sync'
11:15:17.156 [AsyncHttpClient-1-8] DEBUG org.asynchttpclient.netty.handler.HttpHandler - 

Request DefaultHttpRequest(decodeResult: success, version: HTTP/1.1)
POST /session/c3aa3fcf09320f3793c832f62b1d83a9/execute/sync HTTP/1.1
User-Agent: selenium/4.4.0 (java windows)
Content-Length: 48788
Content-Type: application/json; charset=utf-8
host: localhost:58191
accept: */*

Response DefaultHttpResponse(decodeResult: success, version: HTTP/1.1)
HTTP/1.1 200 OK
Content-Type: application/json; charset=utf-8
cache-control: no-cache
content-length: 14

11:15:17.156 [AsyncHttpClient-1-8] DEBUG org.asynchttpclient.netty.channel.ChannelManager - Adding key: http://localhost:58191 for channel [id: 0x03a68c1f, L:/127.0.0.1:52576 - R:localhost/127.0.0.1:58191]
11:15:17.157 [Forwarding isElementEnabled on session c3aa3fcf09320f3793c832f62b1d83a9 to remote] DEBUG org.asynchttpclient.netty.request.NettyRequestSender - Using pooled Channel '[id: 0x03a68c1f, L:/127.0.0.1:52576 - R:localhost/127.0.0.1:58191]' for 'GET' to 'http://localhost:58191/session/c3aa3fcf09320f3793c832f62b1d83a9/element/86BA2F1832AB5D8E2A3EBBE0813FE4AA_element_129/enabled'
11:15:17.157 [Forwarding isElementEnabled on session c3aa3fcf09320f3793c832f62b1d83a9 to remote] DEBUG org.asynchttpclient.netty.request.NettyRequestSender - Using open Channel [id: 0x03a68c1f, L:/127.0.0.1:52576 - R:localhost/127.0.0.1:58191] for GET '/session/c3aa3fcf09320f3793c832f62b1d83a9/element/86BA2F1832AB5D8E2A3EBBE0813FE4AA_element_129/enabled'
11:15:17.160 [AsyncHttpClient-1-8] DEBUG org.asynchttpclient.netty.handler.HttpHandler - 

Request DefaultFullHttpRequest(decodeResult: success, version: HTTP/1.1, content: EmptyByteBufBE)
GET /session/c3aa3fcf09320f3793c832f62b1d83a9/element/86BA2F1832AB5D8E2A3EBBE0813FE4AA_element_129/enabled HTTP/1.1
User-Agent: selenium/4.4.0 (java windows)
Cache-Control: no-cache
Content-Type: application/json; charset=utf-8
host: localhost:58191
accept: */*

Response DefaultHttpResponse(decodeResult: success, version: HTTP/1.1)
HTTP/1.1 200 OK
Content-Type: application/json; charset=utf-8
cache-control: no-cache
content-length: 14

11:15:17.160 [AsyncHttpClient-1-8] DEBUG org.asynchttpclient.netty.channel.ChannelManager - Adding key: http://localhost:58191 for channel [id: 0x03a68c1f, L:/127.0.0.1:52576 - R:localhost/127.0.0.1:58191]
11:15:17.244 [AsyncHttpClient-1-1] DEBUG org.asynchttpclient.netty.channel.DefaultChannelPool - Entry count for : http://localhost:58191 : 1
11:15:17.244 [AsyncHttpClient-1-1] DEBUG org.asynchttpclient.netty.channel.DefaultChannelPool - Entry count for : http://localhost:52577 : 1
11:15:18.175 [Forwarding screenshot on session c3aa3fcf09320f3793c832f62b1d83a9 to remote] DEBUG org.asynchttpclient.netty.request.NettyRequestSender - Using pooled Channel '[id: 0x03a68c1f, L:/127.0.0.1:52576 - R:localhost/127.0.0.1:58191]' for 'GET' to 'http://localhost:58191/session/c3aa3fcf09320f3793c832f62b1d83a9/screenshot'
11:15:18.175 [Forwarding screenshot on session c3aa3fcf09320f3793c832f62b1d83a9 to remote] DEBUG org.asynchttpclient.netty.request.NettyRequestSender - Using open Channel [id: 0x03a68c1f, L:/127.0.0.1:52576 - R:localhost/127.0.0.1:58191] for GET '/session/c3aa3fcf09320f3793c832f62b1d83a9/screenshot'
11:15:18.273 [AsyncHttpClient-1-8] DEBUG org.asynchttpclient.netty.handler.HttpHandler - 

Request DefaultFullHttpRequest(decodeResult: success, version: HTTP/1.1, content: EmptyByteBufBE)
GET /session/c3aa3fcf09320f3793c832f62b1d83a9/screenshot HTTP/1.1
User-Agent: selenium/4.4.0 (java windows)
Cache-Control: no-cache
Content-Type: application/json; charset=utf-8
host: localhost:58191
accept: */*

Response DefaultHttpResponse(decodeResult: success, version: HTTP/1.1)
HTTP/1.1 200 OK
Content-Type: application/json; charset=utf-8
cache-control: no-cache
content-length: 167100

11:15:18.273 [AsyncHttpClient-1-8] DEBUG org.asynchttpclient.netty.channel.ChannelManager - Adding key: http://localhost:58191 for channel [id: 0x03a68c1f, L:/127.0.0.1:52576 - R:localhost/127.0.0.1:58191]
11:15:18.282 [Forwarding findElement on session c3aa3fcf09320f3793c832f62b1d83a9 to remote] DEBUG org.asynchttpclient.netty.request.NettyRequestSender - Using pooled Channel '[id: 0x03a68c1f, L:/127.0.0.1:52576 - R:localhost/127.0.0.1:58191]' for 'POST' to 'http://localhost:58191/session/c3aa3fcf09320f3793c832f62b1d83a9/element'
11:15:18.282 [Forwarding findElement on session c3aa3fcf09320f3793c832f62b1d83a9 to remote] DEBUG org.asynchttpclient.netty.request.NettyRequestSender - Using open Channel [id: 0x03a68c1f, L:/127.0.0.1:52576 - R:localhost/127.0.0.1:58191] for POST '/session/c3aa3fcf09320f3793c832f62b1d83a9/element'
11:15:18.289 [AsyncHttpClient-1-8] DEBUG org.asynchttpclient.netty.handler.HttpHandler - 

Request DefaultHttpRequest(decodeResult: success, version: HTTP/1.1)
POST /session/c3aa3fcf09320f3793c832f62b1d83a9/element HTTP/1.1
User-Agent: selenium/4.4.0 (java windows)
Content-Length: 54
Content-Type: application/json; charset=utf-8
host: localhost:58191
accept: */*

Response DefaultHttpResponse(decodeResult: success, version: HTTP/1.1)
HTTP/1.1 200 OK
Content-Type: application/json; charset=utf-8
cache-control: no-cache
content-length: 96

11:15:18.289 [AsyncHttpClient-1-8] DEBUG org.asynchttpclient.netty.channel.ChannelManager - Adding key: http://localhost:58191 for channel [id: 0x03a68c1f, L:/127.0.0.1:52576 - R:localhost/127.0.0.1:58191]
11:15:18.291 [Forwarding isElementDisplayed on session c3aa3fcf09320f3793c832f62b1d83a9 to remote] DEBUG org.asynchttpclient.netty.request.NettyRequestSender - Using pooled Channel '[id: 0x03a68c1f, L:/127.0.0.1:52576 - R:localhost/127.0.0.1:58191]' for 'POST' to 'http://localhost:58191/session/c3aa3fcf09320f3793c832f62b1d83a9/execute/sync'
11:15:18.291 [Forwarding isElementDisplayed on session c3aa3fcf09320f3793c832f62b1d83a9 to remote] DEBUG org.asynchttpclient.netty.request.NettyRequestSender - Using open Channel [id: 0x03a68c1f, L:/127.0.0.1:52576 - R:localhost/127.0.0.1:58191] for POST '/session/c3aa3fcf09320f3793c832f62b1d83a9/execute/sync'
11:15:18.298 [AsyncHttpClient-1-8] DEBUG org.asynchttpclient.netty.handler.HttpHandler - 

Request DefaultHttpRequest(decodeResult: success, version: HTTP/1.1)
POST /session/c3aa3fcf09320f3793c832f62b1d83a9/execute/sync HTTP/1.1
User-Agent: selenium/4.4.0 (java windows)
Content-Length: 48788
Content-Type: application/json; charset=utf-8
host: localhost:58191
accept: */*

Response DefaultHttpResponse(decodeResult: success, version: HTTP/1.1)
HTTP/1.1 200 OK
Content-Type: application/json; charset=utf-8
cache-control: no-cache
content-length: 14

11:15:18.298 [AsyncHttpClient-1-8] DEBUG org.asynchttpclient.netty.channel.ChannelManager - Adding key: http://localhost:58191 for channel [id: 0x03a68c1f, L:/127.0.0.1:52576 - R:localhost/127.0.0.1:58191]
11:15:18.298 [Forwarding findChildElements on session c3aa3fcf09320f3793c832f62b1d83a9 to remote] DEBUG org.asynchttpclient.netty.request.NettyRequestSender - Using pooled Channel '[id: 0x03a68c1f, L:/127.0.0.1:52576 - R:localhost/127.0.0.1:58191]' for 'POST' to 'http://localhost:58191/session/c3aa3fcf09320f3793c832f62b1d83a9/element/86BA2F1832AB5D8E2A3EBBE0813FE4AA_element_129/elements'
11:15:18.298 [Forwarding findChildElements on session c3aa3fcf09320f3793c832f62b1d83a9 to remote] DEBUG org.asynchttpclient.netty.request.NettyRequestSender - Using open Channel [id: 0x03a68c1f, L:/127.0.0.1:52576 - R:localhost/127.0.0.1:58191] for POST '/session/c3aa3fcf09320f3793c832f62b1d83a9/element/86BA2F1832AB5D8E2A3EBBE0813FE4AA_element_129/elements'
11:15:18.305 [AsyncHttpClient-1-8] DEBUG org.asynchttpclient.netty.handler.HttpHandler - 

Request DefaultHttpRequest(decodeResult: success, version: HTTP/1.1)
POST /session/c3aa3fcf09320f3793c832f62b1d83a9/element/86BA2F1832AB5D8E2A3EBBE0813FE4AA_element_129/elements HTTP/1.1
User-Agent: selenium/4.4.0 (java windows)
Content-Length: 118
Content-Type: application/json; charset=utf-8
host: localhost:58191
accept: */*

Response DefaultHttpResponse(decodeResult: success, version: HTTP/1.1)
HTTP/1.1 200 OK
Content-Type: application/json; charset=utf-8
cache-control: no-cache
content-length: 272

11:15:18.306 [AsyncHttpClient-1-8] DEBUG org.asynchttpclient.netty.channel.ChannelManager - Adding key: http://localhost:58191 for channel [id: 0x03a68c1f, L:/127.0.0.1:52576 - R:localhost/127.0.0.1:58191]
11:15:18.306 [Forwarding getElementText on session c3aa3fcf09320f3793c832f62b1d83a9 to remote] DEBUG org.asynchttpclient.netty.request.NettyRequestSender - Using pooled Channel '[id: 0x03a68c1f, L:/127.0.0.1:52576 - R:localhost/127.0.0.1:58191]' for 'GET' to 'http://localhost:58191/session/c3aa3fcf09320f3793c832f62b1d83a9/element/86BA2F1832AB5D8E2A3EBBE0813FE4AA_element_140/text'
11:15:18.306 [Forwarding getElementText on session c3aa3fcf09320f3793c832f62b1d83a9 to remote] DEBUG org.asynchttpclient.netty.request.NettyRequestSender - Using open Channel [id: 0x03a68c1f, L:/127.0.0.1:52576 - R:localhost/127.0.0.1:58191] for GET '/session/c3aa3fcf09320f3793c832f62b1d83a9/element/86BA2F1832AB5D8E2A3EBBE0813FE4AA_element_140/text'
11:15:18.311 [AsyncHttpClient-1-8] DEBUG org.asynchttpclient.netty.handler.HttpHandler - 

Request DefaultFullHttpRequest(decodeResult: success, version: HTTP/1.1, content: EmptyByteBufBE)
GET /session/c3aa3fcf09320f3793c832f62b1d83a9/element/86BA2F1832AB5D8E2A3EBBE0813FE4AA_element_140/text HTTP/1.1
User-Agent: selenium/4.4.0 (java windows)
Cache-Control: no-cache
Content-Type: application/json; charset=utf-8
host: localhost:58191
accept: */*

Response DefaultHttpResponse(decodeResult: success, version: HTTP/1.1)
HTTP/1.1 200 OK
Content-Type: application/json; charset=utf-8
cache-control: no-cache
content-length: 23

11:15:18.311 [AsyncHttpClient-1-8] DEBUG org.asynchttpclient.netty.channel.ChannelManager - Adding key: http://localhost:58191 for channel [id: 0x03a68c1f, L:/127.0.0.1:52576 - R:localhost/127.0.0.1:58191]
11:15:18.314 [Forwarding getCurrentWindowHandle on session c3aa3fcf09320f3793c832f62b1d83a9 to remote] DEBUG org.asynchttpclient.netty.request.NettyRequestSender - Using pooled Channel '[id: 0x03a68c1f, L:/127.0.0.1:52576 - R:localhost/127.0.0.1:58191]' for 'GET' to 'http://localhost:58191/session/c3aa3fcf09320f3793c832f62b1d83a9/window'
11:15:18.314 [Forwarding getCurrentWindowHandle on session c3aa3fcf09320f3793c832f62b1d83a9 to remote] DEBUG org.asynchttpclient.netty.request.NettyRequestSender - Using open Channel [id: 0x03a68c1f, L:/127.0.0.1:52576 - R:localhost/127.0.0.1:58191] for GET '/session/c3aa3fcf09320f3793c832f62b1d83a9/window'
11:15:18.314 [AsyncHttpClient-1-8] DEBUG org.asynchttpclient.netty.handler.HttpHandler - 

Request DefaultFullHttpRequest(decodeResult: success, version: HTTP/1.1, content: EmptyByteBufBE)
GET /session/c3aa3fcf09320f3793c832f62b1d83a9/window HTTP/1.1
User-Agent: selenium/4.4.0 (java windows)
Cache-Control: no-cache
Content-Type: application/json; charset=utf-8
host: localhost:58191
accept: */*

Response DefaultHttpResponse(decodeResult: success, version: HTTP/1.1)
HTTP/1.1 200 OK
Content-Type: application/json; charset=utf-8
cache-control: no-cache
content-length: 44

11:15:18.314 [AsyncHttpClient-1-8] DEBUG org.asynchttpclient.netty.channel.ChannelManager - Adding key: http://localhost:58191 for channel [id: 0x03a68c1f, L:/127.0.0.1:52576 - R:localhost/127.0.0.1:58191]
11:15:18.315 [Forwarding getAlertText on session c3aa3fcf09320f3793c832f62b1d83a9 to remote] DEBUG org.asynchttpclient.netty.request.NettyRequestSender - Using pooled Channel '[id: 0x03a68c1f, L:/127.0.0.1:52576 - R:localhost/127.0.0.1:58191]' for 'GET' to 'http://localhost:58191/session/c3aa3fcf09320f3793c832f62b1d83a9/alert/text'
11:15:18.315 [Forwarding getAlertText on session c3aa3fcf09320f3793c832f62b1d83a9 to remote] DEBUG org.asynchttpclient.netty.request.NettyRequestSender - Using open Channel [id: 0x03a68c1f, L:/127.0.0.1:52576 - R:localhost/127.0.0.1:58191] for GET '/session/c3aa3fcf09320f3793c832f62b1d83a9/alert/text'
11:15:18.315 [AsyncHttpClient-1-8] DEBUG org.asynchttpclient.netty.handler.HttpHandler - 

Request DefaultFullHttpRequest(decodeResult: success, version: HTTP/1.1, content: EmptyByteBufBE)
GET /session/c3aa3fcf09320f3793c832f62b1d83a9/alert/text HTTP/1.1
User-Agent: selenium/4.4.0 (java windows)
Cache-Control: no-cache
Content-Type: application/json; charset=utf-8
host: localhost:58191
accept: */*

Response DefaultHttpResponse(decodeResult: success, version: HTTP/1.1)
HTTP/1.1 404 Not Found
Content-Type: application/json; charset=utf-8
cache-control: no-cache
content-length: 848

11:15:18.315 [AsyncHttpClient-1-8] DEBUG org.asynchttpclient.netty.channel.ChannelManager - Adding key: http://localhost:58191 for channel [id: 0x03a68c1f, L:/127.0.0.1:52576 - R:localhost/127.0.0.1:58191]
11:15:18.316 [Forwarding switchToWindow on session c3aa3fcf09320f3793c832f62b1d83a9 to remote] DEBUG org.asynchttpclient.netty.request.NettyRequestSender - Using pooled Channel '[id: 0x03a68c1f, L:/127.0.0.1:52576 - R:localhost/127.0.0.1:58191]' for 'POST' to 'http://localhost:58191/session/c3aa3fcf09320f3793c832f62b1d83a9/window'
11:15:18.316 [Forwarding switchToWindow on session c3aa3fcf09320f3793c832f62b1d83a9 to remote] DEBUG org.asynchttpclient.netty.request.NettyRequestSender - Using open Channel [id: 0x03a68c1f, L:/127.0.0.1:52576 - R:localhost/127.0.0.1:58191] for POST '/session/c3aa3fcf09320f3793c832f62b1d83a9/window'
11:15:18.317 [AsyncHttpClient-1-8] DEBUG org.asynchttpclient.netty.handler.HttpHandler - 

Request DefaultHttpRequest(decodeResult: success, version: HTTP/1.1)
POST /session/c3aa3fcf09320f3793c832f62b1d83a9/window HTTP/1.1
User-Agent: selenium/4.4.0 (java windows)
Content-Length: 50
Content-Type: application/json; charset=utf-8
host: localhost:58191
accept: */*

Response DefaultHttpResponse(decodeResult: success, version: HTTP/1.1)
HTTP/1.1 200 OK
Content-Type: application/json; charset=utf-8
cache-control: no-cache
content-length: 14

11:15:18.317 [AsyncHttpClient-1-8] DEBUG org.asynchttpclient.netty.channel.ChannelManager - Adding key: http://localhost:58191 for channel [id: 0x03a68c1f, L:/127.0.0.1:52576 - R:localhost/127.0.0.1:58191]
11:15:18.317 [Forwarding getCurrentUrl on session c3aa3fcf09320f3793c832f62b1d83a9 to remote] DEBUG org.asynchttpclient.netty.request.NettyRequestSender - Using pooled Channel '[id: 0x03a68c1f, L:/127.0.0.1:52576 - R:localhost/127.0.0.1:58191]' for 'GET' to 'http://localhost:58191/session/c3aa3fcf09320f3793c832f62b1d83a9/url'
11:15:18.317 [Forwarding getCurrentUrl on session c3aa3fcf09320f3793c832f62b1d83a9 to remote] DEBUG org.asynchttpclient.netty.request.NettyRequestSender - Using open Channel [id: 0x03a68c1f, L:/127.0.0.1:52576 - R:localhost/127.0.0.1:58191] for GET '/session/c3aa3fcf09320f3793c832f62b1d83a9/url'
11:15:18.320 [AsyncHttpClient-1-8] DEBUG org.asynchttpclient.netty.handler.HttpHandler - 

Request DefaultFullHttpRequest(decodeResult: success, version: HTTP/1.1, content: EmptyByteBufBE)
GET /session/c3aa3fcf09320f3793c832f62b1d83a9/url HTTP/1.1
User-Agent: selenium/4.4.0 (java windows)
Cache-Control: no-cache
Content-Type: application/json; charset=utf-8
host: localhost:58191
accept: */*

Response DefaultHttpResponse(decodeResult: success, version: HTTP/1.1)
HTTP/1.1 200 OK
Content-Type: application/json; charset=utf-8
cache-control: no-cache
content-length: 47

11:15:18.320 [AsyncHttpClient-1-8] DEBUG org.asynchttpclient.netty.channel.ChannelManager - Adding key: http://localhost:58191 for channel [id: 0x03a68c1f, L:/127.0.0.1:52576 - R:localhost/127.0.0.1:58191]
11:15:18.320 [Forwarding screenshot on session c3aa3fcf09320f3793c832f62b1d83a9 to remote] DEBUG org.asynchttpclient.netty.request.NettyRequestSender - Using pooled Channel '[id: 0x03a68c1f, L:/127.0.0.1:52576 - R:localhost/127.0.0.1:58191]' for 'GET' to 'http://localhost:58191/session/c3aa3fcf09320f3793c832f62b1d83a9/screenshot'
11:15:18.320 [Forwarding screenshot on session c3aa3fcf09320f3793c832f62b1d83a9 to remote] DEBUG org.asynchttpclient.netty.request.NettyRequestSender - Using open Channel [id: 0x03a68c1f, L:/127.0.0.1:52576 - R:localhost/127.0.0.1:58191] for GET '/session/c3aa3fcf09320f3793c832f62b1d83a9/screenshot'
11:15:18.344 [AsyncHttpClient-1-1] DEBUG org.asynchttpclient.netty.channel.DefaultChannelPool - Entry count for : http://localhost:52577 : 1
11:15:18.422 [AsyncHttpClient-1-8] DEBUG org.asynchttpclient.netty.handler.HttpHandler - 

Request DefaultFullHttpRequest(decodeResult: success, version: HTTP/1.1, content: EmptyByteBufBE)
GET /session/c3aa3fcf09320f3793c832f62b1d83a9/screenshot HTTP/1.1
User-Agent: selenium/4.4.0 (java windows)
Cache-Control: no-cache
Content-Type: application/json; charset=utf-8
host: localhost:58191
accept: */*

Response DefaultHttpResponse(decodeResult: success, version: HTTP/1.1)
HTTP/1.1 200 OK
Content-Type: application/json; charset=utf-8
cache-control: no-cache
content-length: 167100

11:15:18.422 [AsyncHttpClient-1-8] DEBUG org.asynchttpclient.netty.channel.ChannelManager - Adding key: http://localhost:58191 for channel [id: 0x03a68c1f, L:/127.0.0.1:52576 - R:localhost/127.0.0.1:58191]
11:15:18.425 [main] DEBUG net.serenitybdd.core.photography.Darkroom - Send negative for processing for target\site\serenity\ad8837044330df40ee1d1ac9fc31ecedd262b3f01aa4083d123305f7f8c1ea66.png
11:15:18.425 [main] DEBUG net.thucydides.core.steps.StepInterceptor - STEP DONE: Comprueba que el dispositivo añadido este en la cesta
11:15:18.425 [Darkroom Processing Line] DEBUG net.serenitybdd.core.photography.DarkroomProcessingLine - Processing screenshot image in /var/screenshots/screenshot-3339063471474456054
11:15:18.425 [Darkroom Processing Line] DEBUG net.serenitybdd.core.photography.DarkroomProcessingLine - Saving screenshot to target\site\serenity\ad8837044330df40ee1d1ac9fc31ecedd262b3f01aa4083d123305f7f8c1ea66.png
11:15:18.426 [main] DEBUG net.thucydides.core.steps.StepInterceptor - STARTING STEP: ComprarDispositivosElectronicosStep.el_usuario_verifica_que_el_dispositivo_con_el_se_ha_añadido_y_que_los_datos_son_correctos - Verifica que los datos son correctos
11:15:18.428 [Forwarding findElement on session c3aa3fcf09320f3793c832f62b1d83a9 to remote] DEBUG org.asynchttpclient.netty.request.NettyRequestSender - Using pooled Channel '[id: 0x03a68c1f, L:/127.0.0.1:52576 - R:localhost/127.0.0.1:58191]' for 'POST' to 'http://localhost:58191/session/c3aa3fcf09320f3793c832f62b1d83a9/element'
11:15:18.428 [Forwarding findElement on session c3aa3fcf09320f3793c832f62b1d83a9 to remote] DEBUG org.asynchttpclient.netty.request.NettyRequestSender - Using open Channel [id: 0x03a68c1f, L:/127.0.0.1:52576 - R:localhost/127.0.0.1:58191] for POST '/session/c3aa3fcf09320f3793c832f62b1d83a9/element'
11:15:18.435 [AsyncHttpClient-1-8] DEBUG org.asynchttpclient.netty.handler.HttpHandler - 

Request DefaultHttpRequest(decodeResult: success, version: HTTP/1.1)
POST /session/c3aa3fcf09320f3793c832f62b1d83a9/element HTTP/1.1
User-Agent: selenium/4.4.0 (java windows)
Content-Length: 54
Content-Type: application/json; charset=utf-8
host: localhost:58191
accept: */*

Response DefaultHttpResponse(decodeResult: success, version: HTTP/1.1)
HTTP/1.1 200 OK
Content-Type: application/json; charset=utf-8
cache-control: no-cache
content-length: 96

11:15:18.435 [AsyncHttpClient-1-8] DEBUG org.asynchttpclient.netty.channel.ChannelManager - Adding key: http://localhost:58191 for channel [id: 0x03a68c1f, L:/127.0.0.1:52576 - R:localhost/127.0.0.1:58191]
11:15:18.438 [Forwarding isElementDisplayed on session c3aa3fcf09320f3793c832f62b1d83a9 to remote] DEBUG org.asynchttpclient.netty.request.NettyRequestSender - Using pooled Channel '[id: 0x03a68c1f, L:/127.0.0.1:52576 - R:localhost/127.0.0.1:58191]' for 'POST' to 'http://localhost:58191/session/c3aa3fcf09320f3793c832f62b1d83a9/execute/sync'
11:15:18.438 [Forwarding isElementDisplayed on session c3aa3fcf09320f3793c832f62b1d83a9 to remote] DEBUG org.asynchttpclient.netty.request.NettyRequestSender - Using open Channel [id: 0x03a68c1f, L:/127.0.0.1:52576 - R:localhost/127.0.0.1:58191] for POST '/session/c3aa3fcf09320f3793c832f62b1d83a9/execute/sync'
11:15:18.444 [AsyncHttpClient-1-8] DEBUG org.asynchttpclient.netty.handler.HttpHandler - 

Request DefaultHttpRequest(decodeResult: success, version: HTTP/1.1)
POST /session/c3aa3fcf09320f3793c832f62b1d83a9/execute/sync HTTP/1.1
User-Agent: selenium/4.4.0 (java windows)
Content-Length: 48788
Content-Type: application/json; charset=utf-8
host: localhost:58191
accept: */*

Response DefaultHttpResponse(decodeResult: success, version: HTTP/1.1)
HTTP/1.1 200 OK
Content-Type: application/json; charset=utf-8
cache-control: no-cache
content-length: 14

11:15:18.444 [AsyncHttpClient-1-8] DEBUG org.asynchttpclient.netty.channel.ChannelManager - Adding key: http://localhost:58191 for channel [id: 0x03a68c1f, L:/127.0.0.1:52576 - R:localhost/127.0.0.1:58191]
11:15:18.446 [Forwarding isElementDisplayed on session c3aa3fcf09320f3793c832f62b1d83a9 to remote] DEBUG org.asynchttpclient.netty.request.NettyRequestSender - Using pooled Channel '[id: 0x03a68c1f, L:/127.0.0.1:52576 - R:localhost/127.0.0.1:58191]' for 'POST' to 'http://localhost:58191/session/c3aa3fcf09320f3793c832f62b1d83a9/execute/sync'
11:15:18.446 [Forwarding isElementDisplayed on session c3aa3fcf09320f3793c832f62b1d83a9 to remote] DEBUG org.asynchttpclient.netty.request.NettyRequestSender - Using open Channel [id: 0x03a68c1f, L:/127.0.0.1:52576 - R:localhost/127.0.0.1:58191] for POST '/session/c3aa3fcf09320f3793c832f62b1d83a9/execute/sync'
11:15:18.452 [AsyncHttpClient-1-8] DEBUG org.asynchttpclient.netty.handler.HttpHandler - 

Request DefaultHttpRequest(decodeResult: success, version: HTTP/1.1)
POST /session/c3aa3fcf09320f3793c832f62b1d83a9/execute/sync HTTP/1.1
User-Agent: selenium/4.4.0 (java windows)
Content-Length: 48788
Content-Type: application/json; charset=utf-8
host: localhost:58191
accept: */*

Response DefaultHttpResponse(decodeResult: success, version: HTTP/1.1)
HTTP/1.1 200 OK
Content-Type: application/json; charset=utf-8
cache-control: no-cache
content-length: 14

11:15:18.452 [AsyncHttpClient-1-8] DEBUG org.asynchttpclient.netty.channel.ChannelManager - Adding key: http://localhost:58191 for channel [id: 0x03a68c1f, L:/127.0.0.1:52576 - R:localhost/127.0.0.1:58191]
11:15:18.453 [Forwarding findElement on session c3aa3fcf09320f3793c832f62b1d83a9 to remote] DEBUG org.asynchttpclient.netty.request.NettyRequestSender - Using pooled Channel '[id: 0x03a68c1f, L:/127.0.0.1:52576 - R:localhost/127.0.0.1:58191]' for 'POST' to 'http://localhost:58191/session/c3aa3fcf09320f3793c832f62b1d83a9/element'
11:15:18.453 [Forwarding findElement on session c3aa3fcf09320f3793c832f62b1d83a9 to remote] DEBUG org.asynchttpclient.netty.request.NettyRequestSender - Using open Channel [id: 0x03a68c1f, L:/127.0.0.1:52576 - R:localhost/127.0.0.1:58191] for POST '/session/c3aa3fcf09320f3793c832f62b1d83a9/element'
11:15:18.458 [AsyncHttpClient-1-8] DEBUG org.asynchttpclient.netty.handler.HttpHandler - 

Request DefaultHttpRequest(decodeResult: success, version: HTTP/1.1)
POST /session/c3aa3fcf09320f3793c832f62b1d83a9/element HTTP/1.1
User-Agent: selenium/4.4.0 (java windows)
Content-Length: 54
Content-Type: application/json; charset=utf-8
host: localhost:58191
accept: */*

Response DefaultHttpResponse(decodeResult: success, version: HTTP/1.1)
HTTP/1.1 200 OK
Content-Type: application/json; charset=utf-8
cache-control: no-cache
content-length: 96

11:15:18.458 [AsyncHttpClient-1-8] DEBUG org.asynchttpclient.netty.channel.ChannelManager - Adding key: http://localhost:58191 for channel [id: 0x03a68c1f, L:/127.0.0.1:52576 - R:localhost/127.0.0.1:58191]
11:15:18.460 [Forwarding isElementDisplayed on session c3aa3fcf09320f3793c832f62b1d83a9 to remote] DEBUG org.asynchttpclient.netty.request.NettyRequestSender - Using pooled Channel '[id: 0x03a68c1f, L:/127.0.0.1:52576 - R:localhost/127.0.0.1:58191]' for 'POST' to 'http://localhost:58191/session/c3aa3fcf09320f3793c832f62b1d83a9/execute/sync'
11:15:18.460 [Forwarding isElementDisplayed on session c3aa3fcf09320f3793c832f62b1d83a9 to remote] DEBUG org.asynchttpclient.netty.request.NettyRequestSender - Using open Channel [id: 0x03a68c1f, L:/127.0.0.1:52576 - R:localhost/127.0.0.1:58191] for POST '/session/c3aa3fcf09320f3793c832f62b1d83a9/execute/sync'
11:15:18.465 [AsyncHttpClient-1-8] DEBUG org.asynchttpclient.netty.handler.HttpHandler - 

Request DefaultHttpRequest(decodeResult: success, version: HTTP/1.1)
POST /session/c3aa3fcf09320f3793c832f62b1d83a9/execute/sync HTTP/1.1
User-Agent: selenium/4.4.0 (java windows)
Content-Length: 48788
Content-Type: application/json; charset=utf-8
host: localhost:58191
accept: */*

Response DefaultHttpResponse(decodeResult: success, version: HTTP/1.1)
HTTP/1.1 200 OK
Content-Type: application/json; charset=utf-8
cache-control: no-cache
content-length: 14

11:15:18.465 [AsyncHttpClient-1-8] DEBUG org.asynchttpclient.netty.channel.ChannelManager - Adding key: http://localhost:58191 for channel [id: 0x03a68c1f, L:/127.0.0.1:52576 - R:localhost/127.0.0.1:58191]
11:15:18.466 [Forwarding isElementEnabled on session c3aa3fcf09320f3793c832f62b1d83a9 to remote] DEBUG org.asynchttpclient.netty.request.NettyRequestSender - Using pooled Channel '[id: 0x03a68c1f, L:/127.0.0.1:52576 - R:localhost/127.0.0.1:58191]' for 'GET' to 'http://localhost:58191/session/c3aa3fcf09320f3793c832f62b1d83a9/element/86BA2F1832AB5D8E2A3EBBE0813FE4AA_element_129/enabled'
11:15:18.466 [Forwarding isElementEnabled on session c3aa3fcf09320f3793c832f62b1d83a9 to remote] DEBUG org.asynchttpclient.netty.request.NettyRequestSender - Using open Channel [id: 0x03a68c1f, L:/127.0.0.1:52576 - R:localhost/127.0.0.1:58191] for GET '/session/c3aa3fcf09320f3793c832f62b1d83a9/element/86BA2F1832AB5D8E2A3EBBE0813FE4AA_element_129/enabled'
11:15:18.470 [AsyncHttpClient-1-8] DEBUG org.asynchttpclient.netty.handler.HttpHandler - 

Request DefaultFullHttpRequest(decodeResult: success, version: HTTP/1.1, content: EmptyByteBufBE)
GET /session/c3aa3fcf09320f3793c832f62b1d83a9/element/86BA2F1832AB5D8E2A3EBBE0813FE4AA_element_129/enabled HTTP/1.1
User-Agent: selenium/4.4.0 (java windows)
Cache-Control: no-cache
Content-Type: application/json; charset=utf-8
host: localhost:58191
accept: */*

Response DefaultHttpResponse(decodeResult: success, version: HTTP/1.1)
HTTP/1.1 200 OK
Content-Type: application/json; charset=utf-8
cache-control: no-cache
content-length: 14

11:15:18.470 [AsyncHttpClient-1-8] DEBUG org.asynchttpclient.netty.channel.ChannelManager - Adding key: http://localhost:58191 for channel [id: 0x03a68c1f, L:/127.0.0.1:52576 - R:localhost/127.0.0.1:58191]
11:15:18.471 [Forwarding findElement on session c3aa3fcf09320f3793c832f62b1d83a9 to remote] DEBUG org.asynchttpclient.netty.request.NettyRequestSender - Using pooled Channel '[id: 0x03a68c1f, L:/127.0.0.1:52576 - R:localhost/127.0.0.1:58191]' for 'POST' to 'http://localhost:58191/session/c3aa3fcf09320f3793c832f62b1d83a9/element'
11:15:18.471 [Forwarding findElement on session c3aa3fcf09320f3793c832f62b1d83a9 to remote] DEBUG org.asynchttpclient.netty.request.NettyRequestSender - Using open Channel [id: 0x03a68c1f, L:/127.0.0.1:52576 - R:localhost/127.0.0.1:58191] for POST '/session/c3aa3fcf09320f3793c832f62b1d83a9/element'
11:15:18.476 [AsyncHttpClient-1-8] DEBUG org.asynchttpclient.netty.handler.HttpHandler - 

Request DefaultHttpRequest(decodeResult: success, version: HTTP/1.1)
POST /session/c3aa3fcf09320f3793c832f62b1d83a9/element HTTP/1.1
User-Agent: selenium/4.4.0 (java windows)
Content-Length: 54
Content-Type: application/json; charset=utf-8
host: localhost:58191
accept: */*

Response DefaultHttpResponse(decodeResult: success, version: HTTP/1.1)
HTTP/1.1 200 OK
Content-Type: application/json; charset=utf-8
cache-control: no-cache
content-length: 96

11:15:18.476 [AsyncHttpClient-1-8] DEBUG org.asynchttpclient.netty.channel.ChannelManager - Adding key: http://localhost:58191 for channel [id: 0x03a68c1f, L:/127.0.0.1:52576 - R:localhost/127.0.0.1:58191]
11:15:18.478 [Forwarding isElementDisplayed on session c3aa3fcf09320f3793c832f62b1d83a9 to remote] DEBUG org.asynchttpclient.netty.request.NettyRequestSender - Using pooled Channel '[id: 0x03a68c1f, L:/127.0.0.1:52576 - R:localhost/127.0.0.1:58191]' for 'POST' to 'http://localhost:58191/session/c3aa3fcf09320f3793c832f62b1d83a9/execute/sync'
11:15:18.478 [Forwarding isElementDisplayed on session c3aa3fcf09320f3793c832f62b1d83a9 to remote] DEBUG org.asynchttpclient.netty.request.NettyRequestSender - Using open Channel [id: 0x03a68c1f, L:/127.0.0.1:52576 - R:localhost/127.0.0.1:58191] for POST '/session/c3aa3fcf09320f3793c832f62b1d83a9/execute/sync'
11:15:18.484 [AsyncHttpClient-1-8] DEBUG org.asynchttpclient.netty.handler.HttpHandler - 

Request DefaultHttpRequest(decodeResult: success, version: HTTP/1.1)
POST /session/c3aa3fcf09320f3793c832f62b1d83a9/execute/sync HTTP/1.1
User-Agent: selenium/4.4.0 (java windows)
Content-Length: 48788
Content-Type: application/json; charset=utf-8
host: localhost:58191
accept: */*

Response DefaultHttpResponse(decodeResult: success, version: HTTP/1.1)
HTTP/1.1 200 OK
Content-Type: application/json; charset=utf-8
cache-control: no-cache
content-length: 14

11:15:18.484 [AsyncHttpClient-1-8] DEBUG org.asynchttpclient.netty.channel.ChannelManager - Adding key: http://localhost:58191 for channel [id: 0x03a68c1f, L:/127.0.0.1:52576 - R:localhost/127.0.0.1:58191]
11:15:18.484 [Forwarding findChildElements on session c3aa3fcf09320f3793c832f62b1d83a9 to remote] DEBUG org.asynchttpclient.netty.request.NettyRequestSender - Using pooled Channel '[id: 0x03a68c1f, L:/127.0.0.1:52576 - R:localhost/127.0.0.1:58191]' for 'POST' to 'http://localhost:58191/session/c3aa3fcf09320f3793c832f62b1d83a9/element/86BA2F1832AB5D8E2A3EBBE0813FE4AA_element_129/elements'
11:15:18.484 [Forwarding findChildElements on session c3aa3fcf09320f3793c832f62b1d83a9 to remote] DEBUG org.asynchttpclient.netty.request.NettyRequestSender - Using open Channel [id: 0x03a68c1f, L:/127.0.0.1:52576 - R:localhost/127.0.0.1:58191] for POST '/session/c3aa3fcf09320f3793c832f62b1d83a9/element/86BA2F1832AB5D8E2A3EBBE0813FE4AA_element_129/elements'
11:15:18.489 [AsyncHttpClient-1-8] DEBUG org.asynchttpclient.netty.handler.HttpHandler - 

Request DefaultHttpRequest(decodeResult: success, version: HTTP/1.1)
POST /session/c3aa3fcf09320f3793c832f62b1d83a9/element/86BA2F1832AB5D8E2A3EBBE0813FE4AA_element_129/elements HTTP/1.1
User-Agent: selenium/4.4.0 (java windows)
Content-Length: 118
Content-Type: application/json; charset=utf-8
host: localhost:58191
accept: */*

Response DefaultHttpResponse(decodeResult: success, version: HTTP/1.1)
HTTP/1.1 200 OK
Content-Type: application/json; charset=utf-8
cache-control: no-cache
content-length: 272

11:15:18.489 [AsyncHttpClient-1-8] DEBUG org.asynchttpclient.netty.channel.ChannelManager - Adding key: http://localhost:58191 for channel [id: 0x03a68c1f, L:/127.0.0.1:52576 - R:localhost/127.0.0.1:58191]
11:15:18.490 [Forwarding getElementText on session c3aa3fcf09320f3793c832f62b1d83a9 to remote] DEBUG org.asynchttpclient.netty.request.NettyRequestSender - Using pooled Channel '[id: 0x03a68c1f, L:/127.0.0.1:52576 - R:localhost/127.0.0.1:58191]' for 'GET' to 'http://localhost:58191/session/c3aa3fcf09320f3793c832f62b1d83a9/element/86BA2F1832AB5D8E2A3EBBE0813FE4AA_element_140/text'
11:15:18.490 [Forwarding getElementText on session c3aa3fcf09320f3793c832f62b1d83a9 to remote] DEBUG org.asynchttpclient.netty.request.NettyRequestSender - Using open Channel [id: 0x03a68c1f, L:/127.0.0.1:52576 - R:localhost/127.0.0.1:58191] for GET '/session/c3aa3fcf09320f3793c832f62b1d83a9/element/86BA2F1832AB5D8E2A3EBBE0813FE4AA_element_140/text'
11:15:18.495 [AsyncHttpClient-1-8] DEBUG org.asynchttpclient.netty.handler.HttpHandler - 

Request DefaultFullHttpRequest(decodeResult: success, version: HTTP/1.1, content: EmptyByteBufBE)
GET /session/c3aa3fcf09320f3793c832f62b1d83a9/element/86BA2F1832AB5D8E2A3EBBE0813FE4AA_element_140/text HTTP/1.1
User-Agent: selenium/4.4.0 (java windows)
Cache-Control: no-cache
Content-Type: application/json; charset=utf-8
host: localhost:58191
accept: */*

Response DefaultHttpResponse(decodeResult: success, version: HTTP/1.1)
HTTP/1.1 200 OK
Content-Type: application/json; charset=utf-8
cache-control: no-cache
content-length: 23

11:15:18.496 [AsyncHttpClient-1-8] DEBUG org.asynchttpclient.netty.channel.ChannelManager - Adding key: http://localhost:58191 for channel [id: 0x03a68c1f, L:/127.0.0.1:52576 - R:localhost/127.0.0.1:58191]
11:15:18.497 [Forwarding findElement on session c3aa3fcf09320f3793c832f62b1d83a9 to remote] DEBUG org.asynchttpclient.netty.request.NettyRequestSender - Using pooled Channel '[id: 0x03a68c1f, L:/127.0.0.1:52576 - R:localhost/127.0.0.1:58191]' for 'POST' to 'http://localhost:58191/session/c3aa3fcf09320f3793c832f62b1d83a9/element'
11:15:18.497 [Forwarding findElement on session c3aa3fcf09320f3793c832f62b1d83a9 to remote] DEBUG org.asynchttpclient.netty.request.NettyRequestSender - Using open Channel [id: 0x03a68c1f, L:/127.0.0.1:52576 - R:localhost/127.0.0.1:58191] for POST '/session/c3aa3fcf09320f3793c832f62b1d83a9/element'
11:15:18.502 [AsyncHttpClient-1-8] DEBUG org.asynchttpclient.netty.handler.HttpHandler - 

Request DefaultHttpRequest(decodeResult: success, version: HTTP/1.1)
POST /session/c3aa3fcf09320f3793c832f62b1d83a9/element HTTP/1.1
User-Agent: selenium/4.4.0 (java windows)
Content-Length: 54
Content-Type: application/json; charset=utf-8
host: localhost:58191
accept: */*

Response DefaultHttpResponse(decodeResult: success, version: HTTP/1.1)
HTTP/1.1 200 OK
Content-Type: application/json; charset=utf-8
cache-control: no-cache
content-length: 96

11:15:18.502 [AsyncHttpClient-1-8] DEBUG org.asynchttpclient.netty.channel.ChannelManager - Adding key: http://localhost:58191 for channel [id: 0x03a68c1f, L:/127.0.0.1:52576 - R:localhost/127.0.0.1:58191]
11:15:18.503 [Forwarding isElementDisplayed on session c3aa3fcf09320f3793c832f62b1d83a9 to remote] DEBUG org.asynchttpclient.netty.request.NettyRequestSender - Using pooled Channel '[id: 0x03a68c1f, L:/127.0.0.1:52576 - R:localhost/127.0.0.1:58191]' for 'POST' to 'http://localhost:58191/session/c3aa3fcf09320f3793c832f62b1d83a9/execute/sync'
11:15:18.504 [Forwarding isElementDisplayed on session c3aa3fcf09320f3793c832f62b1d83a9 to remote] DEBUG org.asynchttpclient.netty.request.NettyRequestSender - Using open Channel [id: 0x03a68c1f, L:/127.0.0.1:52576 - R:localhost/127.0.0.1:58191] for POST '/session/c3aa3fcf09320f3793c832f62b1d83a9/execute/sync'
11:15:18.509 [AsyncHttpClient-1-8] DEBUG org.asynchttpclient.netty.handler.HttpHandler - 

Request DefaultHttpRequest(decodeResult: success, version: HTTP/1.1)
POST /session/c3aa3fcf09320f3793c832f62b1d83a9/execute/sync HTTP/1.1
User-Agent: selenium/4.4.0 (java windows)
Content-Length: 48788
Content-Type: application/json; charset=utf-8
host: localhost:58191
accept: */*

Response DefaultHttpResponse(decodeResult: success, version: HTTP/1.1)
HTTP/1.1 200 OK
Content-Type: application/json; charset=utf-8
cache-control: no-cache
content-length: 14

11:15:18.509 [AsyncHttpClient-1-8] DEBUG org.asynchttpclient.netty.channel.ChannelManager - Adding key: http://localhost:58191 for channel [id: 0x03a68c1f, L:/127.0.0.1:52576 - R:localhost/127.0.0.1:58191]
11:15:18.510 [Forwarding findChildElement on session c3aa3fcf09320f3793c832f62b1d83a9 to remote] DEBUG org.asynchttpclient.netty.request.NettyRequestSender - Using pooled Channel '[id: 0x03a68c1f, L:/127.0.0.1:52576 - R:localhost/127.0.0.1:58191]' for 'POST' to 'http://localhost:58191/session/c3aa3fcf09320f3793c832f62b1d83a9/element/86BA2F1832AB5D8E2A3EBBE0813FE4AA_element_129/element'
11:15:18.510 [Forwarding findChildElement on session c3aa3fcf09320f3793c832f62b1d83a9 to remote] DEBUG org.asynchttpclient.netty.request.NettyRequestSender - Using open Channel [id: 0x03a68c1f, L:/127.0.0.1:52576 - R:localhost/127.0.0.1:58191] for POST '/session/c3aa3fcf09320f3793c832f62b1d83a9/element/86BA2F1832AB5D8E2A3EBBE0813FE4AA_element_129/element'
11:15:18.518 [AsyncHttpClient-1-8] DEBUG org.asynchttpclient.netty.handler.HttpHandler - 

Request DefaultHttpRequest(decodeResult: success, version: HTTP/1.1)
POST /session/c3aa3fcf09320f3793c832f62b1d83a9/element/86BA2F1832AB5D8E2A3EBBE0813FE4AA_element_129/element HTTP/1.1
User-Agent: selenium/4.4.0 (java windows)
Content-Length: 121
Content-Type: application/json; charset=utf-8
host: localhost:58191
accept: */*

Response DefaultHttpResponse(decodeResult: success, version: HTTP/1.1)
HTTP/1.1 200 OK
Content-Type: application/json; charset=utf-8
cache-control: no-cache
content-length: 96

11:15:18.518 [AsyncHttpClient-1-8] DEBUG org.asynchttpclient.netty.channel.ChannelManager - Adding key: http://localhost:58191 for channel [id: 0x03a68c1f, L:/127.0.0.1:52576 - R:localhost/127.0.0.1:58191]
11:15:18.518 [Forwarding getElementText on session c3aa3fcf09320f3793c832f62b1d83a9 to remote] DEBUG org.asynchttpclient.netty.request.NettyRequestSender - Using pooled Channel '[id: 0x03a68c1f, L:/127.0.0.1:52576 - R:localhost/127.0.0.1:58191]' for 'GET' to 'http://localhost:58191/session/c3aa3fcf09320f3793c832f62b1d83a9/element/86BA2F1832AB5D8E2A3EBBE0813FE4AA_element_143/text'
11:15:18.518 [Forwarding getElementText on session c3aa3fcf09320f3793c832f62b1d83a9 to remote] DEBUG org.asynchttpclient.netty.request.NettyRequestSender - Using open Channel [id: 0x03a68c1f, L:/127.0.0.1:52576 - R:localhost/127.0.0.1:58191] for GET '/session/c3aa3fcf09320f3793c832f62b1d83a9/element/86BA2F1832AB5D8E2A3EBBE0813FE4AA_element_143/text'
11:15:18.524 [AsyncHttpClient-1-8] DEBUG org.asynchttpclient.netty.handler.HttpHandler - 

Request DefaultFullHttpRequest(decodeResult: success, version: HTTP/1.1, content: EmptyByteBufBE)
GET /session/c3aa3fcf09320f3793c832f62b1d83a9/element/86BA2F1832AB5D8E2A3EBBE0813FE4AA_element_143/text HTTP/1.1
User-Agent: selenium/4.4.0 (java windows)
Cache-Control: no-cache
Content-Type: application/json; charset=utf-8
host: localhost:58191
accept: */*

Response DefaultHttpResponse(decodeResult: success, version: HTTP/1.1)
HTTP/1.1 200 OK
Content-Type: application/json; charset=utf-8
cache-control: no-cache
content-length: 15

11:15:18.524 [AsyncHttpClient-1-8] DEBUG org.asynchttpclient.netty.channel.ChannelManager - Adding key: http://localhost:58191 for channel [id: 0x03a68c1f, L:/127.0.0.1:52576 - R:localhost/127.0.0.1:58191]
11:15:18.526 [Forwarding getCurrentWindowHandle on session c3aa3fcf09320f3793c832f62b1d83a9 to remote] DEBUG org.asynchttpclient.netty.request.NettyRequestSender - Using pooled Channel '[id: 0x03a68c1f, L:/127.0.0.1:52576 - R:localhost/127.0.0.1:58191]' for 'GET' to 'http://localhost:58191/session/c3aa3fcf09320f3793c832f62b1d83a9/window'
11:15:18.526 [Forwarding getCurrentWindowHandle on session c3aa3fcf09320f3793c832f62b1d83a9 to remote] DEBUG org.asynchttpclient.netty.request.NettyRequestSender - Using open Channel [id: 0x03a68c1f, L:/127.0.0.1:52576 - R:localhost/127.0.0.1:58191] for GET '/session/c3aa3fcf09320f3793c832f62b1d83a9/window'
11:15:18.527 [AsyncHttpClient-1-8] DEBUG org.asynchttpclient.netty.handler.HttpHandler - 

Request DefaultFullHttpRequest(decodeResult: success, version: HTTP/1.1, content: EmptyByteBufBE)
GET /session/c3aa3fcf09320f3793c832f62b1d83a9/window HTTP/1.1
User-Agent: selenium/4.4.0 (java windows)
Cache-Control: no-cache
Content-Type: application/json; charset=utf-8
host: localhost:58191
accept: */*

Response DefaultHttpResponse(decodeResult: success, version: HTTP/1.1)
HTTP/1.1 200 OK
Content-Type: application/json; charset=utf-8
cache-control: no-cache
content-length: 44

11:15:18.527 [AsyncHttpClient-1-8] DEBUG org.asynchttpclient.netty.channel.ChannelManager - Adding key: http://localhost:58191 for channel [id: 0x03a68c1f, L:/127.0.0.1:52576 - R:localhost/127.0.0.1:58191]
11:15:18.527 [Forwarding getAlertText on session c3aa3fcf09320f3793c832f62b1d83a9 to remote] DEBUG org.asynchttpclient.netty.request.NettyRequestSender - Using pooled Channel '[id: 0x03a68c1f, L:/127.0.0.1:52576 - R:localhost/127.0.0.1:58191]' for 'GET' to 'http://localhost:58191/session/c3aa3fcf09320f3793c832f62b1d83a9/alert/text'
11:15:18.527 [Forwarding getAlertText on session c3aa3fcf09320f3793c832f62b1d83a9 to remote] DEBUG org.asynchttpclient.netty.request.NettyRequestSender - Using open Channel [id: 0x03a68c1f, L:/127.0.0.1:52576 - R:localhost/127.0.0.1:58191] for GET '/session/c3aa3fcf09320f3793c832f62b1d83a9/alert/text'
11:15:18.528 [AsyncHttpClient-1-8] DEBUG org.asynchttpclient.netty.handler.HttpHandler - 

Request DefaultFullHttpRequest(decodeResult: success, version: HTTP/1.1, content: EmptyByteBufBE)
GET /session/c3aa3fcf09320f3793c832f62b1d83a9/alert/text HTTP/1.1
User-Agent: selenium/4.4.0 (java windows)
Cache-Control: no-cache
Content-Type: application/json; charset=utf-8
host: localhost:58191
accept: */*

Response DefaultHttpResponse(decodeResult: success, version: HTTP/1.1)
HTTP/1.1 404 Not Found
Content-Type: application/json; charset=utf-8
cache-control: no-cache
content-length: 848

11:15:18.528 [AsyncHttpClient-1-8] DEBUG org.asynchttpclient.netty.channel.ChannelManager - Adding key: http://localhost:58191 for channel [id: 0x03a68c1f, L:/127.0.0.1:52576 - R:localhost/127.0.0.1:58191]
11:15:18.529 [Forwarding switchToWindow on session c3aa3fcf09320f3793c832f62b1d83a9 to remote] DEBUG org.asynchttpclient.netty.request.NettyRequestSender - Using pooled Channel '[id: 0x03a68c1f, L:/127.0.0.1:52576 - R:localhost/127.0.0.1:58191]' for 'POST' to 'http://localhost:58191/session/c3aa3fcf09320f3793c832f62b1d83a9/window'
11:15:18.529 [Forwarding switchToWindow on session c3aa3fcf09320f3793c832f62b1d83a9 to remote] DEBUG org.asynchttpclient.netty.request.NettyRequestSender - Using open Channel [id: 0x03a68c1f, L:/127.0.0.1:52576 - R:localhost/127.0.0.1:58191] for POST '/session/c3aa3fcf09320f3793c832f62b1d83a9/window'
11:15:18.530 [AsyncHttpClient-1-8] DEBUG org.asynchttpclient.netty.handler.HttpHandler - 

Request DefaultHttpRequest(decodeResult: success, version: HTTP/1.1)
POST /session/c3aa3fcf09320f3793c832f62b1d83a9/window HTTP/1.1
User-Agent: selenium/4.4.0 (java windows)
Content-Length: 50
Content-Type: application/json; charset=utf-8
host: localhost:58191
accept: */*

Response DefaultHttpResponse(decodeResult: success, version: HTTP/1.1)
HTTP/1.1 200 OK
Content-Type: application/json; charset=utf-8
cache-control: no-cache
content-length: 14

11:15:18.530 [AsyncHttpClient-1-8] DEBUG org.asynchttpclient.netty.channel.ChannelManager - Adding key: http://localhost:58191 for channel [id: 0x03a68c1f, L:/127.0.0.1:52576 - R:localhost/127.0.0.1:58191]
11:15:18.531 [Forwarding getCurrentUrl on session c3aa3fcf09320f3793c832f62b1d83a9 to remote] DEBUG org.asynchttpclient.netty.request.NettyRequestSender - Using pooled Channel '[id: 0x03a68c1f, L:/127.0.0.1:52576 - R:localhost/127.0.0.1:58191]' for 'GET' to 'http://localhost:58191/session/c3aa3fcf09320f3793c832f62b1d83a9/url'
11:15:18.531 [Forwarding getCurrentUrl on session c3aa3fcf09320f3793c832f62b1d83a9 to remote] DEBUG org.asynchttpclient.netty.request.NettyRequestSender - Using open Channel [id: 0x03a68c1f, L:/127.0.0.1:52576 - R:localhost/127.0.0.1:58191] for GET '/session/c3aa3fcf09320f3793c832f62b1d83a9/url'
11:15:18.533 [AsyncHttpClient-1-8] DEBUG org.asynchttpclient.netty.handler.HttpHandler - 

Request DefaultFullHttpRequest(decodeResult: success, version: HTTP/1.1, content: EmptyByteBufBE)
GET /session/c3aa3fcf09320f3793c832f62b1d83a9/url HTTP/1.1
User-Agent: selenium/4.4.0 (java windows)
Cache-Control: no-cache
Content-Type: application/json; charset=utf-8
host: localhost:58191
accept: */*

Response DefaultHttpResponse(decodeResult: success, version: HTTP/1.1)
HTTP/1.1 200 OK
Content-Type: application/json; charset=utf-8
cache-control: no-cache
content-length: 47

11:15:18.534 [AsyncHttpClient-1-8] DEBUG org.asynchttpclient.netty.channel.ChannelManager - Adding key: http://localhost:58191 for channel [id: 0x03a68c1f, L:/127.0.0.1:52576 - R:localhost/127.0.0.1:58191]
11:15:18.534 [Forwarding screenshot on session c3aa3fcf09320f3793c832f62b1d83a9 to remote] DEBUG org.asynchttpclient.netty.request.NettyRequestSender - Using pooled Channel '[id: 0x03a68c1f, L:/127.0.0.1:52576 - R:localhost/127.0.0.1:58191]' for 'GET' to 'http://localhost:58191/session/c3aa3fcf09320f3793c832f62b1d83a9/screenshot'
11:15:18.534 [Forwarding screenshot on session c3aa3fcf09320f3793c832f62b1d83a9 to remote] DEBUG org.asynchttpclient.netty.request.NettyRequestSender - Using open Channel [id: 0x03a68c1f, L:/127.0.0.1:52576 - R:localhost/127.0.0.1:58191] for GET '/session/c3aa3fcf09320f3793c832f62b1d83a9/screenshot'
11:15:18.644 [AsyncHttpClient-1-8] DEBUG org.asynchttpclient.netty.handler.HttpHandler - 

Request DefaultFullHttpRequest(decodeResult: success, version: HTTP/1.1, content: EmptyByteBufBE)
GET /session/c3aa3fcf09320f3793c832f62b1d83a9/screenshot HTTP/1.1
User-Agent: selenium/4.4.0 (java windows)
Cache-Control: no-cache
Content-Type: application/json; charset=utf-8
host: localhost:58191
accept: */*

Response DefaultHttpResponse(decodeResult: success, version: HTTP/1.1)
HTTP/1.1 200 OK
Content-Type: application/json; charset=utf-8
cache-control: no-cache
content-length: 167100

11:15:18.644 [AsyncHttpClient-1-8] DEBUG org.asynchttpclient.netty.channel.ChannelManager - Adding key: http://localhost:58191 for channel [id: 0x03a68c1f, L:/127.0.0.1:52576 - R:localhost/127.0.0.1:58191]
11:15:18.647 [main] DEBUG net.serenitybdd.core.photography.Darkroom - Send negative for processing for target\site\serenity\ad8837044330df40ee1d1ac9fc31ecedd262b3f01aa4083d123305f7f8c1ea66.png
11:15:18.647 [main] DEBUG net.thucydides.core.steps.StepInterceptor - STEP DONE: Verifica que los datos son correctos
  &amp#27;[32mThen &amp#27;[0m&amp#27;[32mel usuario verifica que el ordenador con el &amp#27;[0m&amp#27;[32m&amp#27;[1m"MacBook air"&amp#27;[0m&amp#27;[32m se ha añadido y que los datos son correctos&amp#27;[0m &amp#27;[90m# Step.ComprarDispositivosElectronicosStep.el_usuario_verifica_que_el_dispositivo_con_el_se_ha_añadido_y_que_los_datos_son_correctos(java.lang.String)&amp#27;[0m
11:15:18.652 [Driver Command Executor] DEBUG org.asynchttpclient.netty.request.NettyRequestSender - Using pooled Channel '[id: 0x03a68c1f, L:/127.0.0.1:52576 - R:localhost/127.0.0.1:58191]' for 'DELETE' to 'http://localhost:58191/session/c3aa3fcf09320f3793c832f62b1d83a9'
11:15:18.652 [AsyncHttpClient-1-10] DEBUG org.asynchttpclient.netty.handler.WebSocketHandler - Channel Closed: [id: 0x733ff52f, L:/127.0.0.1:52584 ! R:localhost/127.0.0.1:52577] with attribute NettyResponseFuture{currentRetry=0,
	isDone=1,
	isCancelled=0,
	asyncHandler=org.asynchttpclient.ws.WebSocketUpgradeHandler@152d57f,
	nettyRequest=org.asynchttpclient.netty.request.NettyRequest@44504b31,
	future=java.util.concurrent.CompletableFuture@1a54cf72[Completed normally],
	uri=ws://localhost:52577/devtools/browser/47880eea-f9be-43f2-9cc2-d5a75485e754,
	keepAlive=true,
	redirectCount=0,
	timeoutsHolder=null,
	inAuth=0,
	touch=1684574100467}
11:15:18.652 [Driver Command Executor] DEBUG org.asynchttpclient.netty.request.NettyRequestSender - Using open Channel [id: 0x03a68c1f, L:/127.0.0.1:52576 - R:localhost/127.0.0.1:58191] for DELETE '/session/c3aa3fcf09320f3793c832f62b1d83a9'
11:15:18.652 [AsyncHttpClient-1-10] DEBUG org.asynchttpclient.netty.channel.ChannelManager - Closing Channel [id: 0x733ff52f, L:/127.0.0.1:52584 ! R:localhost/127.0.0.1:52577] 
11:15:18.788 [AsyncHttpClient-1-9] DEBUG org.asynchttpclient.netty.handler.HttpHandler - Unexpected I/O exception on channel [id: 0xe229ceb1, L:/127.0.0.1:52583 - R:localhost/127.0.0.1:52577]
java.net.SocketException: Connection reset
	at java.base/sun.nio.ch.SocketChannelImpl.throwConnectionReset(SocketChannelImpl.java:401)
	at java.base/sun.nio.ch.SocketChannelImpl.read(SocketChannelImpl.java:434)
	at io.netty.buffer.PooledByteBuf.setBytes(PooledByteBuf.java:258)
	at io.netty.buffer.AbstractByteBuf.writeBytes(AbstractByteBuf.java:1132)
	at io.netty.channel.socket.nio.NioSocketChannel.doReadBytes(NioSocketChannel.java:357)
	at io.netty.channel.nio.AbstractNioByteChannel$NioByteUnsafe.read(AbstractNioByteChannel.java:151)
	at io.netty.channel.nio.NioEventLoop.processSelectedKey(NioEventLoop.java:722)
	at io.netty.channel.nio.NioEventLoop.processSelectedKeysOptimized(NioEventLoop.java:658)
	at io.netty.channel.nio.NioEventLoop.processSelectedKeys(NioEventLoop.java:584)
	at io.netty.channel.nio.NioEventLoop.run(NioEventLoop.java:496)
	at io.netty.util.concurrent.SingleThreadEventExecutor$4.run(SingleThreadEventExecutor.java:997)
	at io.netty.util.internal.ThreadExecutorMap$2.run(ThreadExecutorMap.java:74)
	at io.netty.util.concurrent.FastThreadLocalRunnable.run(FastThreadLocalRunnable.java:30)
	at java.base/java.lang.Thread.run(Thread.java:1589)
11:15:18.788 [AsyncHttpClient-1-9] DEBUG org.asynchttpclient.netty.channel.ChannelManager - Closing Channel [id: 0xe229ceb1, L:/127.0.0.1:52583 - R:localhost/127.0.0.1:52577] 
11:15:18.788 [AsyncHttpClient-1-9] DEBUG org.asynchttpclient.netty.handler.HttpHandler - Channel Closed: [id: 0xe229ceb1, L:/127.0.0.1:52583 ! R:localhost/127.0.0.1:52577] with attribute DISCARD
11:15:18.813 [AsyncHttpClient-1-8] DEBUG org.asynchttpclient.netty.handler.HttpHandler - 

Request DefaultFullHttpRequest(decodeResult: success, version: HTTP/1.1, content: EmptyByteBufBE)
DELETE /session/c3aa3fcf09320f3793c832f62b1d83a9 HTTP/1.1
User-Agent: selenium/4.4.0 (java windows)
Content-Type: application/json; charset=utf-8
host: localhost:58191
accept: */*

Response DefaultHttpResponse(decodeResult: success, version: HTTP/1.1)
HTTP/1.1 200 OK
Content-Type: application/json; charset=utf-8
cache-control: no-cache
content-length: 14

11:15:18.813 [AsyncHttpClient-1-8] DEBUG org.asynchttpclient.netty.channel.ChannelManager - Adding key: http://localhost:58191 for channel [id: 0x03a68c1f, L:/127.0.0.1:52576 - R:localhost/127.0.0.1:58191]
11:15:18.929 [AsyncHttpClient-1-8] DEBUG org.asynchttpclient.netty.handler.HttpHandler - Channel Closed: [id: 0x03a68c1f, L:/127.0.0.1:52576 ! R:localhost/127.0.0.1:58191] with attribute DISCARD
]]></system-out>
    <system-err><![CDATA[Starting ChromeDriver 113.0.5672.63 (0e1a4471d5ae5bf128b1bd8f4d627c8cbd55f70c-refs/branch-heads/5672@{#912}) on port 58191
Only local connections are allowed.
Please see https://chromedriver.chromium.org/security-considerations for suggestions on keeping ChromeDriver safe.
ChromeDriver was started successfully.
may 20, 2023 11:15:00 A. M. org.openqa.selenium.remote.ProtocolHandshake createSession
INFO: Detected upstream dialect: W3C
may 20, 2023 11:15:00 A. M. org.openqa.selenium.devtools.CdpVersionFinder findNearestMatch
WARNING: Unable to find an exact match for CDP version 113, so returning the closest version found: a no-op implementation
may 20, 2023 11:15:00 A. M. org.openqa.selenium.devtools.CdpVersionFinder findNearestMatch
INFO: Unable to find CDP implementation matching 113.
may 20, 2023 11:15:00 A. M. org.openqa.selenium.chromium.ChromiumDriver lambda$new$3
WARNING: Unable to find version of CDP to use for . You may need to include a dependency on a specific version of the CDP using something similar to `org.seleniumhq.selenium:selenium-devtools-v86:4.4.0` where the version ("v86") matches the version of the chromium-based browser you're using and the version number of the artifact is the same as Selenium's.
]]></system-err>
  </testcase>
</testsuite>